-----------Model-----------
Model type:
PanguEmbeddedForCausalLM(
  (model): PanguEmbeddedModel(
    (embed_tokens): Embedding(153376, 4096, padding_idx=0)
    (layers): ModuleList(
      (0-33): 34 x PanguEmbeddedDecoderLayer(
        (self_attn): PanguEmbeddedAttention(
          (q_proj): Linear(in_features=4096, out_features=4096, bias=True)
          (k_proj): Linear(in_features=4096, out_features=1024, bias=True)
          (v_proj): Linear(in_features=4096, out_features=1024, bias=True)
          (o_proj): Linear(in_features=4096, out_features=4096, bias=True)
        )
        (mlp): PanguEmbeddedMLP(
          (gate_proj): Linear(in_features=4096, out_features=12800, bias=False)
          (up_proj): Linear(in_features=4096, out_features=12800, bias=False)
          (down_proj): Linear(in_features=12800, out_features=4096, bias=False)
          (act_fn): SiLU()
        )
        (input_layernorm): PanguEmbeddedRMSNorm((4096,), eps=1e-05)
        (post_attention_layernorm): PanguEmbeddedRMSNorm((4096,), eps=1e-05)
      )
    )
    (norm): PanguEmbeddedRMSNorm((4096,), eps=1e-05)
    (rotary_emb): PanguEmbeddedRotaryEmbedding()
  )
  (lm_head): Linear(in_features=4096, out_features=153376, bias=False)
)
Model device:
npu:1
---------------------------
File Path: ../Benchmark/acsl-algorithms/_insertion_sort.c
----------Code----------
/*@
  predicate Sorted(int *t, integer lo, integer hi) =
    \forall integer i, j; lo <= i <= j < hi ==> t[i] <= t[j];
*/

/*@ requires \valid(t+(0..(n - 1)));
    requires n > 0;
    ensures e_1: Sorted(t, 0, n);
    assigns t[0..n-1];
 */
void _insertion_sort(int t[], int n) {
    int i = 1, j = 1;
    int mv;
    
    /*@
        loop assigns i, j, mv, t[0..n-1];
     */
    for (i = 1; i < n; i++) {
        mv = t[i];
        /*@
            loop assigns j, t[0..i];
         */
        for (j = i; j > 0; j--) {
            if (t[j - 1] <= mv) break;
            t[j] = t[j - 1];
        }
        t[j] = mv;
    }
}
------------------------
========== Attempt 1 ==========
----------Prompt----------

/*@
  predicate Sorted(int *t, integer lo, integer hi) =
    \forall integer i, j; lo <= i <= j < hi ==> t[i] <= t[j];
*/

/*@ requires \valid(t+(0..(n - 1)));
    requires n > 0;
    ensures e_1: Sorted(t, 0, n);
    assigns t[0..n-1];
 */
void _insertion_sort(int t[], int n) {
    int i = 1, j = 1;
    int mv;
    
    // Loop A
    /*@
        [Hint] Please infer the loop invariant for the following loop.

        loop assigns i, j, mv, t[0..n-1];
     */
    for (i = 1; i < n; i++) {
        mv = t[i];
        // Loop B
        /*@
            loop assigns j, t[0..i];
         */
        for (j = i; j > 0; j--) {
            if (t[j - 1] <= mv) break;
            t[j] = t[j - 1];
        }
        t[j] = mv;
    }
}
You are an expert in program verification, and please generate loop invariant as C annotation comments at the hint location (annotated by "[Hint] Please infer the loop invariant for the following loop.") using ACSL language.
ACSL is a specification language for C programs that conforms to the design by contract paradigm, utilizing Hoare style pre- and postconditions and invariants. Note that the `loop invariant` clause is a condition that is true at the beginning and end of every loop iteration.
Specifically, for the current verification task:
    - Pre-condition: the function's `requires` clauses
    - Post-condition: 
Please verify that the generated loop invariant is consistent with these constraints. If these specific pre- or post-conditions are not provided or empty, please infer the loop invariant strictly based on the program's execution logic and standard correctness.
In order to get a correct answer, You may want to consider both the situation of not entering the loop and the situation of jumping out of the loop. If some of the pre-conditions are also loop invariant, you need to add them to your answer as well.
Use '&&', '||', '==>', '\forall' or '\exists' if necessary. For instance:
```
loop invariant 1 <= x;
loop invariant x == y;
loop invariant 0 < x ==> y <= z;
loop invariant z % 2 == 1 || x == y;
loop invariant z % 2 == 1 && x <= y;
loop invariant \forall integer k;  0 <= k < i ==> max >=  a[k];
loop invariant \exists integer k;  0 <= k < i &&  max == a[k];
loop invariant \forall integer p; 0 <= p < \at(k, End_l) ==> res[p] == \at(res[p], End_l);
```
Your answer should follow the following format:
```
loop invariant ...;
loop invariant ...;
...
```
No explanation. No commentary. Just show me the loop invariant.
 /no_think
--------------------------
----------Response----------
[unused16][unused17]loop invariant \exists integer k;  0 <= k < i &&  max == t[k];
loop invariant j >= 1 || i == 0;
----------------------------
----------Prompt----------

/*@
  predicate Sorted(int *t, integer lo, integer hi) =
    \forall integer i, j; lo <= i <= j < hi ==> t[i] <= t[j];
*/

/*@ requires \valid(t+(0..(n - 1)));
    requires n > 0;
    ensures e_1: Sorted(t, 0, n);
    assigns t[0..n-1];
 */
void _insertion_sort(int t[], int n) {
    int i = 1, j = 1;
    int mv;
    
    // Loop A
    /*@
        loop invariant i_0: \exists integer k; 0 <= k < i && max == t[k];

        loop invariant i_1: j >= 1 || i == 0;


        loop assigns i, j, mv, t[0..n-1];
     */
    for (i = 1; i < n; i++) {
        mv = t[i];
        // Loop B
        /*@
            [Hint] Please infer the loop invariant for the following loop.

            loop assigns j, t[0..i];
         */
        for (j = i; j > 0; j--) {
            if (t[j - 1] <= mv) break;
            t[j] = t[j - 1];
        }
        t[j] = mv;
    }
}
You are an expert in program verification, and please generate loop invariant as C annotation comments at the hint location (annotated by "[Hint] Please infer the loop invariant for the following loop.") using ACSL language.
ACSL is a specification language for C programs that conforms to the design by contract paradigm, utilizing Hoare style pre- and postconditions and invariants. Note that the `loop invariant` clause is a condition that is true at the beginning and end of every loop iteration.
Specifically, for the current verification task:
    - Pre-condition: i_0:\exists integer k; 0 <= k < i && max == t[k]; i_1:j >= 1 || i == 0; 
    - Post-condition: i_0:\exists integer k; 0 <= k < i && max == t[k]; i_1:j >= 1 || i == 0; 
Please verify that the generated loop invariant is consistent with these constraints. If these specific pre- or post-conditions are not provided or empty, please infer the loop invariant strictly based on the program's execution logic and standard correctness.
In order to get a correct answer, You may want to consider both the situation of not entering the loop and the situation of jumping out of the loop. If some of the pre-conditions are also loop invariant, you need to add them to your answer as well.
Use '&&', '||', '==>', '\forall' or '\exists' if necessary. For instance:
```
loop invariant 1 <= x;
loop invariant x == y;
loop invariant 0 < x ==> y <= z;
loop invariant z % 2 == 1 || x == y;
loop invariant z % 2 == 1 && x <= y;
loop invariant \forall integer k;  0 <= k < i ==> max >=  a[k];
loop invariant \exists integer k;  0 <= k < i &&  max == a[k];
loop invariant \forall integer p; 0 <= p < \at(k, End_l) ==> res[p] == \at(res[p], End_l);
```
Your answer should follow the following format:
```
loop invariant ...;
loop invariant ...;
...
```
No explanation. No commentary. Just show me the loop invariant.
 /no_think
--------------------------
----------Response----------
[unused16][unused17][Loop <Loop B>]
loop invariant j >= 1 || i == 0;

[Loop <Loop A>]
loop invariant i_0: \exists integer k; 0 <= k < i && max == t[k];
loop invariant i_1: j >= 1 || i == 0;
----------------------------
------------Invariant Info-----------
LOOP A:
i_0: \exists integer k; 0 <= k < i && max == t[k]
i_1: j >= 1 || i == 0
LOOP B:
i_2: j >= 1 || i == 0
i_3: \exists integer k; 0 <= k < i && max == t[k]
------------------------------------
---------- Code with Invariants ----------
/*@
  predicate Sorted(int *t, integer lo, integer hi) =
    \forall integer i, j; lo <= i <= j < hi ==> t[i] <= t[j];
*/

/*@ requires \valid(t+(0..(n - 1)));
    requires n > 0;
    ensures e_1: Sorted(t, 0, n);
    assigns t[0..n-1];
 */
void _insertion_sort(int t[], int n) {
    int i = 1, j = 1;
    int mv;
    
    // Loop A
    /*@
        loop invariant i_0: \exists integer k; 0 <= k < i && max == t[k];

        loop invariant i_1: j >= 1 || i == 0;


        loop assigns i, j, mv, t[0..n-1];
     */
    for (i = 1; i < n; i++) {
        mv = t[i];
        // Loop B
        /*@
            loop invariant i_2: j >= 1 || i == 0;

            loop invariant i_3: \exists integer k; 0 <= k < i && max == t[k];


            loop assigns j, t[0..i];
         */
        for (j = i; j > 0; j--) {
            if (t[j - 1] <= mv) break;
            t[j] = t[j - 1];
        }
        t[j] = mv;
    }
}
------------------------------------------
Verification failed (Invalid), removing all invariants and retrying.
========== Attempt 2 ==========
----------Prompt----------

/*@
  predicate Sorted(int *t, integer lo, integer hi) =
    \forall integer i, j; lo <= i <= j < hi ==> t[i] <= t[j];
*/

/*@ requires \valid(t+(0..(n - 1)));
    requires n > 0;
    ensures e_1: Sorted(t, 0, n);
    assigns t[0..n-1];
 */
void _insertion_sort(int t[], int n) {
    int i = 1, j = 1;
    int mv;
    
    // Loop A
    /*@
        [Hint] Please infer the loop invariant for the following loop.

        loop assigns i, j, mv, t[0..n-1];
     */
    for (i = 1; i < n; i++) {
        mv = t[i];
        // Loop B
        /*@
            loop assigns j, t[0..i];
         */
        for (j = i; j > 0; j--) {
            if (t[j - 1] <= mv) break;
            t[j] = t[j - 1];
        }
        t[j] = mv;
    }
}
You are an expert in program verification, and please generate loop invariant as C annotation comments at the hint location (annotated by "[Hint] Please infer the loop invariant for the following loop.") using ACSL language.
ACSL is a specification language for C programs that conforms to the design by contract paradigm, utilizing Hoare style pre- and postconditions and invariants. Note that the `loop invariant` clause is a condition that is true at the beginning and end of every loop iteration.
Specifically, for the current verification task:
    - Pre-condition: the function's `requires` clauses
    - Post-condition: 
Please verify that the generated loop invariant is consistent with these constraints. If these specific pre- or post-conditions are not provided or empty, please infer the loop invariant strictly based on the program's execution logic and standard correctness.
In order to get a correct answer, You may want to consider both the situation of not entering the loop and the situation of jumping out of the loop. If some of the pre-conditions are also loop invariant, you need to add them to your answer as well.
Use '&&', '||', '==>', '\forall' or '\exists' if necessary. For instance:
```
loop invariant 1 <= x;
loop invariant x == y;
loop invariant 0 < x ==> y <= z;
loop invariant z % 2 == 1 || x == y;
loop invariant z % 2 == 1 && x <= y;
loop invariant \forall integer k;  0 <= k < i ==> max >=  a[k];
loop invariant \exists integer k;  0 <= k < i &&  max == a[k];
loop invariant \forall integer p; 0 <= p < \at(k, End_l) ==> res[p] == \at(res[p], End_l);
```
Your answer should follow the following format:
```
loop invariant ...;
loop invariant ...;
...
```
No explanation. No commentary. Just show me the loop invariant.
 /no_think
--------------------------
----------Response----------
[unused16][unused17]loop invariant i >= 1 && i < n;
loop invariant j >= i;
loop invariant \exists integer k;  0 <= k < i && t[k] == mv;
loop invariant t[i] == mv;
----------------------------
----------Prompt----------

/*@
  predicate Sorted(int *t, integer lo, integer hi) =
    \forall integer i, j; lo <= i <= j < hi ==> t[i] <= t[j];
*/

/*@ requires \valid(t+(0..(n - 1)));
    requires n > 0;
    ensures e_1: Sorted(t, 0, n);
    assigns t[0..n-1];
 */
void _insertion_sort(int t[], int n) {
    int i = 1, j = 1;
    int mv;
    
    // Loop A
    /*@
        loop invariant i_4: i >= 1 && i < n;

        loop invariant i_5: j >= i;

        loop invariant i_6: \exists integer k; 0 <= k < i && t[k] == mv;

        loop invariant i_7: t[i] == mv;


        loop assigns i, j, mv, t[0..n-1];
     */
    for (i = 1; i < n; i++) {
        mv = t[i];
        // Loop B
        /*@
            [Hint] Please infer the loop invariant for the following loop.

            loop assigns j, t[0..i];
         */
        for (j = i; j > 0; j--) {
            if (t[j - 1] <= mv) break;
            t[j] = t[j - 1];
        }
        t[j] = mv;
    }
}
You are an expert in program verification, and please generate loop invariant as C annotation comments at the hint location (annotated by "[Hint] Please infer the loop invariant for the following loop.") using ACSL language.
ACSL is a specification language for C programs that conforms to the design by contract paradigm, utilizing Hoare style pre- and postconditions and invariants. Note that the `loop invariant` clause is a condition that is true at the beginning and end of every loop iteration.
Specifically, for the current verification task:
    - Pre-condition: i_4:i >= 1 && i < n; i_5:j >= i; i_6:\exists integer k; 0 <= k < i && t[k] == mv; i_7:t[i] == mv; 
    - Post-condition: i_4:i >= 1 && i < n; i_5:j >= i; i_6:\exists integer k; 0 <= k < i && t[k] == mv; i_7:t[i] == mv; 
Please verify that the generated loop invariant is consistent with these constraints. If these specific pre- or post-conditions are not provided or empty, please infer the loop invariant strictly based on the program's execution logic and standard correctness.
In order to get a correct answer, You may want to consider both the situation of not entering the loop and the situation of jumping out of the loop. If some of the pre-conditions are also loop invariant, you need to add them to your answer as well.
Use '&&', '||', '==>', '\forall' or '\exists' if necessary. For instance:
```
loop invariant 1 <= x;
loop invariant x == y;
loop invariant 0 < x ==> y <= z;
loop invariant z % 2 == 1 || x == y;
loop invariant z % 2 == 1 && x <= y;
loop invariant \forall integer k;  0 <= k < i ==> max >=  a[k];
loop invariant \exists integer k;  0 <= k < i &&  max == a[k];
loop invariant \forall integer p; 0 <= p < \at(k, End_l) ==> res[p] == \at(res[p], End_l);
```
Your answer should follow the following format:
```
loop invariant ...;
loop invariant ...;
...
```
No explanation. No commentary. Just show me the loop invariant.
 /no_think
--------------------------
----------Response----------
[unused16][unused17][Loop <Loop B>]
loop invariant j >= i;

[Loop <Loop A>]
loop invariant i >= 1 && i < n;
loop invariant j >= i;
loop invariant \exists integer k; 0 <= k < i && t[k] == mv;
loop invariant t[i] == mv;
----------------------------
------------Invariant Info-----------
LOOP A:
i_4: i >= 1 && i < n
i_5: j >= i
i_6: \exists integer k; 0 <= k < i && t[k] == mv
i_7: t[i] == mv
LOOP B:
i_8: j >= i
i_9: i >= 1 && i < n
i_10: \exists integer k; 0 <= k < i && t[k] == mv
i_11: t[i] == mv
------------------------------------
---------- Code with Invariants ----------
/*@
  predicate Sorted(int *t, integer lo, integer hi) =
    \forall integer i, j; lo <= i <= j < hi ==> t[i] <= t[j];
*/

/*@ requires \valid(t+(0..(n - 1)));
    requires n > 0;
    ensures e_1: Sorted(t, 0, n);
    assigns t[0..n-1];
 */
void _insertion_sort(int t[], int n) {
    int i = 1, j = 1;
    int mv;
    
    // Loop A
    /*@
        loop invariant i_4: i >= 1 && i < n;

        loop invariant i_5: j >= i;

        loop invariant i_6: \exists integer k; 0 <= k < i && t[k] == mv;

        loop invariant i_7: t[i] == mv;


        loop assigns i, j, mv, t[0..n-1];
     */
    for (i = 1; i < n; i++) {
        mv = t[i];
        // Loop B
        /*@
            loop invariant i_8: j >= i;

            loop invariant i_9: i >= 1 && i < n;

            loop invariant i_10: \exists integer k; 0 <= k < i && t[k] == mv;

            loop invariant i_11: t[i] == mv;


            loop assigns j, t[0..i];
         */
        for (j = i; j > 0; j--) {
            if (t[j - 1] <= mv) break;
            t[j] = t[j - 1];
        }
        t[j] = mv;
    }
}
------------------------------------------
Verification failed (Fail_18_27), removing all invariants and retrying.
========== Attempt 3 ==========
----------Prompt----------

/*@
  predicate Sorted(int *t, integer lo, integer hi) =
    \forall integer i, j; lo <= i <= j < hi ==> t[i] <= t[j];
*/

/*@ requires \valid(t+(0..(n - 1)));
    requires n > 0;
    ensures e_1: Sorted(t, 0, n);
    assigns t[0..n-1];
 */
void _insertion_sort(int t[], int n) {
    int i = 1, j = 1;
    int mv;
    
    // Loop A
    /*@
        [Hint] Please infer the loop invariant for the following loop.

        loop assigns i, j, mv, t[0..n-1];
     */
    for (i = 1; i < n; i++) {
        mv = t[i];
        // Loop B
        /*@
            loop assigns j, t[0..i];
         */
        for (j = i; j > 0; j--) {
            if (t[j - 1] <= mv) break;
            t[j] = t[j - 1];
        }
        t[j] = mv;
    }
}
You are an expert in program verification, and please generate loop invariant as C annotation comments at the hint location (annotated by "[Hint] Please infer the loop invariant for the following loop.") using ACSL language.
ACSL is a specification language for C programs that conforms to the design by contract paradigm, utilizing Hoare style pre- and postconditions and invariants. Note that the `loop invariant` clause is a condition that is true at the beginning and end of every loop iteration.
Specifically, for the current verification task:
    - Pre-condition: the function's `requires` clauses
    - Post-condition: 
Please verify that the generated loop invariant is consistent with these constraints. If these specific pre- or post-conditions are not provided or empty, please infer the loop invariant strictly based on the program's execution logic and standard correctness.
In order to get a correct answer, You may want to consider both the situation of not entering the loop and the situation of jumping out of the loop. If some of the pre-conditions are also loop invariant, you need to add them to your answer as well.
Use '&&', '||', '==>', '\forall' or '\exists' if necessary. For instance:
```
loop invariant 1 <= x;
loop invariant x == y;
loop invariant 0 < x ==> y <= z;
loop invariant z % 2 == 1 || x == y;
loop invariant z % 2 == 1 && x <= y;
loop invariant \forall integer k;  0 <= k < i ==> max >=  a[k];
loop invariant \exists integer k;  0 <= k < i &&  max == a[k];
loop invariant \forall integer p; 0 <= p < \at(k, End_l) ==> res[p] == \at(res[p], End_l);
```
Your answer should follow the following format:
```
loop invariant ...;
loop invariant ...;
...
```
No explanation. No commentary. Just show me the loop invariant.
 /no_think
--------------------------
----------Response----------
[unused16][unused17]loop invariant 1 <= i <= n;
loop invariant \exists integer k;  0 <= k < i &&  \at(t[k], End_l) ==> t[k] == t[i];
loop invariant \forall integer p; 0 <= p < i ==> t[p] <= t[i];
```
----------------------------
----------Prompt----------

/*@
  predicate Sorted(int *t, integer lo, integer hi) =
    \forall integer i, j; lo <= i <= j < hi ==> t[i] <= t[j];
*/

/*@ requires \valid(t+(0..(n - 1)));
    requires n > 0;
    ensures e_1: Sorted(t, 0, n);
    assigns t[0..n-1];
 */
void _insertion_sort(int t[], int n) {
    int i = 1, j = 1;
    int mv;
    
    // Loop A
    /*@
        loop invariant i_12: 1 <= i <= n;

        loop invariant i_13: \exists integer k; 0 <= k < i && \at(t[k], End_l) ==> t[k] == t[i];

        loop invariant i_14: \forall integer p; 0 <= p < i ==> t[p] <= t[i];


        loop assigns i, j, mv, t[0..n-1];
     */
    for (i = 1; i < n; i++) {
        mv = t[i];
        // Loop B
        /*@
            [Hint] Please infer the loop invariant for the following loop.

            loop assigns j, t[0..i];
         */
        for (j = i; j > 0; j--) {
            if (t[j - 1] <= mv) break;
            t[j] = t[j - 1];
        }
        t[j] = mv;
    }
}
You are an expert in program verification, and please generate loop invariant as C annotation comments at the hint location (annotated by "[Hint] Please infer the loop invariant for the following loop.") using ACSL language.
ACSL is a specification language for C programs that conforms to the design by contract paradigm, utilizing Hoare style pre- and postconditions and invariants. Note that the `loop invariant` clause is a condition that is true at the beginning and end of every loop iteration.
Specifically, for the current verification task:
    - Pre-condition: i_12:1 <= i <= n; i_13:\exists integer k; 0 <= k < i && \at(t[k], End_l) ==> t[k] == t[i]; i_14:\forall integer p; 0 <= p < i ==> t[p] <= t[i]; 
    - Post-condition: i_12:1 <= i <= n; i_13:\exists integer k; 0 <= k < i && \at(t[k], End_l) ==> t[k] == t[i]; i_14:\forall integer p; 0 <= p < i ==> t[p] <= t[i]; 
Please verify that the generated loop invariant is consistent with these constraints. If these specific pre- or post-conditions are not provided or empty, please infer the loop invariant strictly based on the program's execution logic and standard correctness.
In order to get a correct answer, You may want to consider both the situation of not entering the loop and the situation of jumping out of the loop. If some of the pre-conditions are also loop invariant, you need to add them to your answer as well.
Use '&&', '||', '==>', '\forall' or '\exists' if necessary. For instance:
```
loop invariant 1 <= x;
loop invariant x == y;
loop invariant 0 < x ==> y <= z;
loop invariant z % 2 == 1 || x == y;
loop invariant z % 2 == 1 && x <= y;
loop invariant \forall integer k;  0 <= k < i ==> max >=  a[k];
loop invariant \exists integer k;  0 <= k < i &&  max == a[k];
loop invariant \forall integer p; 0 <= p < \at(k, End_l) ==> res[p] == \at(res[p], End_l);
```
Your answer should follow the following format:
```
loop invariant ...;
loop invariant ...;
...
```
No explanation. No commentary. Just show me the loop invariant.
 /no_think
--------------------------
----------Response----------
[unused16][unused17][Loop <Loop B>]
loop invariant 1 <= j <= i;

[Loop <Loop A>]
loop invariant 1 <= i <= n;
loop invariant \exists integer k; 0 <= k < i && \at(t[k], End_l) ==> t[k] == t[i];
loop invariant \forall integer p; 0 <= p < i ==> t[p] <= t[i];
----------------------------
------------Invariant Info-----------
LOOP A:
i_12: 1 <= i <= n
i_13: \exists integer k; 0 <= k < i && \at(t[k], End_l) ==> t[k] == t[i]
i_14: \forall integer p; 0 <= p < i ==> t[p] <= t[i]
LOOP B:
i_15: 1 <= j <= i
i_16: 1 <= i <= n
i_17: \exists integer k; 0 <= k < i && \at(t[k], End_l) ==> t[k] == t[i]
i_18: \forall integer p; 0 <= p < i ==> t[p] <= t[i]
------------------------------------
---------- Code with Invariants ----------
/*@
  predicate Sorted(int *t, integer lo, integer hi) =
    \forall integer i, j; lo <= i <= j < hi ==> t[i] <= t[j];
*/

/*@ requires \valid(t+(0..(n - 1)));
    requires n > 0;
    ensures e_1: Sorted(t, 0, n);
    assigns t[0..n-1];
 */
void _insertion_sort(int t[], int n) {
    int i = 1, j = 1;
    int mv;
    
    // Loop A
    /*@
        loop invariant i_12: 1 <= i <= n;

        loop invariant i_13: \exists integer k; 0 <= k < i && \at(t[k], End_l) ==> t[k] == t[i];

        loop invariant i_14: \forall integer p; 0 <= p < i ==> t[p] <= t[i];


        loop assigns i, j, mv, t[0..n-1];
     */
    for (i = 1; i < n; i++) {
        mv = t[i];
        // Loop B
        /*@
            loop invariant i_15: 1 <= j <= i;

            loop invariant i_16: 1 <= i <= n;

            loop invariant i_17: \exists integer k; 0 <= k < i && \at(t[k], End_l) ==> t[k] == t[i];

            loop invariant i_18: \forall integer p; 0 <= p < i ==> t[p] <= t[i];


            loop assigns j, t[0..i];
         */
        for (j = i; j > 0; j--) {
            if (t[j - 1] <= mv) break;
            t[j] = t[j - 1];
        }
        t[j] = mv;
    }
}
------------------------------------------
Verification failed (Invalid), removing all invariants and retrying.
========== Attempt 4 ==========
----------Prompt----------

/*@
  predicate Sorted(int *t, integer lo, integer hi) =
    \forall integer i, j; lo <= i <= j < hi ==> t[i] <= t[j];
*/

/*@ requires \valid(t+(0..(n - 1)));
    requires n > 0;
    ensures e_1: Sorted(t, 0, n);
    assigns t[0..n-1];
 */
void _insertion_sort(int t[], int n) {
    int i = 1, j = 1;
    int mv;
    
    // Loop A
    /*@
        [Hint] Please infer the loop invariant for the following loop.

        loop assigns i, j, mv, t[0..n-1];
     */
    for (i = 1; i < n; i++) {
        mv = t[i];
        // Loop B
        /*@
            loop assigns j, t[0..i];
         */
        for (j = i; j > 0; j--) {
            if (t[j - 1] <= mv) break;
            t[j] = t[j - 1];
        }
        t[j] = mv;
    }
}
You are an expert in program verification, and please generate loop invariant as C annotation comments at the hint location (annotated by "[Hint] Please infer the loop invariant for the following loop.") using ACSL language.
ACSL is a specification language for C programs that conforms to the design by contract paradigm, utilizing Hoare style pre- and postconditions and invariants. Note that the `loop invariant` clause is a condition that is true at the beginning and end of every loop iteration.
Specifically, for the current verification task:
    - Pre-condition: the function's `requires` clauses
    - Post-condition: 
Please verify that the generated loop invariant is consistent with these constraints. If these specific pre- or post-conditions are not provided or empty, please infer the loop invariant strictly based on the program's execution logic and standard correctness.
In order to get a correct answer, You may want to consider both the situation of not entering the loop and the situation of jumping out of the loop. If some of the pre-conditions are also loop invariant, you need to add them to your answer as well.
Use '&&', '||', '==>', '\forall' or '\exists' if necessary. For instance:
```
loop invariant 1 <= x;
loop invariant x == y;
loop invariant 0 < x ==> y <= z;
loop invariant z % 2 == 1 || x == y;
loop invariant z % 2 == 1 && x <= y;
loop invariant \forall integer k;  0 <= k < i ==> max >=  a[k];
loop invariant \exists integer k;  0 <= k < i &&  max == a[k];
loop invariant \forall integer p; 0 <= p < \at(k, End_l) ==> res[p] == \at(res[p], End_l);
```
Your answer should follow the following format:
```
loop invariant ...;
loop invariant ...;
...
```
No explanation. No commentary. Just show me the loop invariant.
 /no_think
--------------------------
----------Response----------
[unused16][unused17]loop invariant 1 <= i <= n;
loop invariant j >= 1;
loop invariant \exists integer k; 0 <= k < i && \max_{p=0}^{i-1} t[p] == t[i];
loop invariant t[0] <= t[i] && t[0] <= t[j] && t[j] == \max_{p=0}^{i-1} t[p];
loop invariant t[0..i-1] is sorted in non-decreasing order;
loop invariant t[i+1..n-1] is sorted in non-decreasing order and all elements are unchanged from the initial state;
loop invariant \forall integer p, i; 0 <= p < j && p >= i ==> t[p] == t[i];
```
----------------------------
----------Prompt----------

/*@
  predicate Sorted(int *t, integer lo, integer hi) =
    \forall integer i, j; lo <= i <= j < hi ==> t[i] <= t[j];
*/

/*@ requires \valid(t+(0..(n - 1)));
    requires n > 0;
    ensures e_1: Sorted(t, 0, n);
    assigns t[0..n-1];
 */
void _insertion_sort(int t[], int n) {
    int i = 1, j = 1;
    int mv;
    
    // Loop A
    /*@
        loop invariant i_19: 1 <= i <= n;

        loop invariant i_20: j >= 1;

        loop invariant i_21: \exists integer k; 0 <= k < i && \max_{p=0}^{i-1} t[p] == t[i];

        loop invariant i_22: t[0] <= t[i] && t[0] <= t[j] && t[j] == \max_{p=0}^{i-1} t[p];

        loop invariant i_23: t[0..i-1] is sorted in non-decreasing order;

        loop invariant i_24: t[i+1..n-1] is sorted in non-decreasing order and all elements are unchanged from the initial state;

        loop invariant i_25: \forall integer p, i; 0 <= p < j && p >= i ==> t[p] == t[i];


        loop assigns i, j, mv, t[0..n-1];
     */
    for (i = 1; i < n; i++) {
        mv = t[i];
        // Loop B
        /*@
            [Hint] Please infer the loop invariant for the following loop.

            loop assigns j, t[0..i];
         */
        for (j = i; j > 0; j--) {
            if (t[j - 1] <= mv) break;
            t[j] = t[j - 1];
        }
        t[j] = mv;
    }
}
You are an expert in program verification, and please generate loop invariant as C annotation comments at the hint location (annotated by "[Hint] Please infer the loop invariant for the following loop.") using ACSL language.
ACSL is a specification language for C programs that conforms to the design by contract paradigm, utilizing Hoare style pre- and postconditions and invariants. Note that the `loop invariant` clause is a condition that is true at the beginning and end of every loop iteration.
Specifically, for the current verification task:
    - Pre-condition: i_19:1 <= i <= n; i_20:j >= 1; i_21:\exists integer k; 0 <= k < i && \max_{p=0}^{i-1} t[p] == t[i]; i_22:t[0] <= t[i] && t[0] <= t[j] && t[j] == \max_{p=0}^{i-1} t[p]; i_23:t[0..i-1] is sorted in non-decreasing order; i_24:t[i+1..n-1] is sorted in non-decreasing order and all elements are unchanged from the initial state; i_25:\forall integer p, i; 0 <= p < j && p >= i ==> t[p] == t[i]; 
    - Post-condition: i_19:1 <= i <= n; i_20:j >= 1; i_21:\exists integer k; 0 <= k < i && \max_{p=0}^{i-1} t[p] == t[i]; i_22:t[0] <= t[i] && t[0] <= t[j] && t[j] == \max_{p=0}^{i-1} t[p]; i_23:t[0..i-1] is sorted in non-decreasing order; i_24:t[i+1..n-1] is sorted in non-decreasing order and all elements are unchanged from the initial state; i_25:\forall integer p, i; 0 <= p < j && p >= i ==> t[p] == t[i]; 
Please verify that the generated loop invariant is consistent with these constraints. If these specific pre- or post-conditions are not provided or empty, please infer the loop invariant strictly based on the program's execution logic and standard correctness.
In order to get a correct answer, You may want to consider both the situation of not entering the loop and the situation of jumping out of the loop. If some of the pre-conditions are also loop invariant, you need to add them to your answer as well.
Use '&&', '||', '==>', '\forall' or '\exists' if necessary. For instance:
```
loop invariant 1 <= x;
loop invariant x == y;
loop invariant 0 < x ==> y <= z;
loop invariant z % 2 == 1 || x == y;
loop invariant z % 2 == 1 && x <= y;
loop invariant \forall integer k;  0 <= k < i ==> max >=  a[k];
loop invariant \exists integer k;  0 <= k < i &&  max == a[k];
loop invariant \forall integer p; 0 <= p < \at(k, End_l) ==> res[p] == \at(res[p], End_l);
```
Your answer should follow the following format:
```
loop invariant ...;
loop invariant ...;
...
```
No explanation. No commentary. Just show me the loop invariant.
 /no_think
--------------------------
----------Response----------
[unused16][unused17]```
loop invariant 1 <= i <= n;
loop invariant j >= 1;
loop invariant \exists integer k; 0 <= k < i && \max_{p=0}^{i-1} t[p] == t[i];
loop invariant t[0] <= t[i] && t[0] <= t[j] && t[j] == \max_{p=0}^{i-1} t[p];
loop invariant t[0..i-1] is sorted in non-decreasing order;
loop invariant t[i+1..n-1] is sorted in non-decreasing order and all elements are unchanged from the initial state;
loop invariant \forall integer p, i; 0 <= p < j && p >= i ==> t[p] == t[i];
```
----------------------------
------------Invariant Info-----------
LOOP A:
i_19: 1 <= i <= n
i_20: j >= 1
i_21: \exists integer k; 0 <= k < i && \max_{p=0}^{i-1} t[p] == t[i]
i_22: t[0] <= t[i] && t[0] <= t[j] && t[j] == \max_{p=0}^{i-1} t[p]
i_23: t[0..i-1] is sorted in non-decreasing order
i_24: t[i+1..n-1] is sorted in non-decreasing order and all elements are unchanged from the initial state
i_25: \forall integer p, i; 0 <= p < j && p >= i ==> t[p] == t[i]
LOOP B:
i_26: 1 <= i <= n
i_27: j >= 1
i_28: \exists integer k; 0 <= k < i && \max_{p=0}^{i-1} t[p] == t[i]
i_29: t[0] <= t[i] && t[0] <= t[j] && t[j] == \max_{p=0}^{i-1} t[p]
i_30: t[0..i-1] is sorted in non-decreasing order
i_31: t[i+1..n-1] is sorted in non-decreasing order and all elements are unchanged from the initial state
i_32: \forall integer p, i; 0 <= p < j && p >= i ==> t[p] == t[i]
------------------------------------
---------- Code with Invariants ----------
/*@
  predicate Sorted(int *t, integer lo, integer hi) =
    \forall integer i, j; lo <= i <= j < hi ==> t[i] <= t[j];
*/

/*@ requires \valid(t+(0..(n - 1)));
    requires n > 0;
    ensures e_1: Sorted(t, 0, n);
    assigns t[0..n-1];
 */
void _insertion_sort(int t[], int n) {
    int i = 1, j = 1;
    int mv;
    
    // Loop A
    /*@
        loop invariant i_19: 1 <= i <= n;

        loop invariant i_20: j >= 1;

        loop invariant i_21: \exists integer k; 0 <= k < i && \max_{p=0}^{i-1} t[p] == t[i];

        loop invariant i_22: t[0] <= t[i] && t[0] <= t[j] && t[j] == \max_{p=0}^{i-1} t[p];

        loop invariant i_23: t[0..i-1] is sorted in non-decreasing order;

        loop invariant i_24: t[i+1..n-1] is sorted in non-decreasing order and all elements are unchanged from the initial state;

        loop invariant i_25: \forall integer p, i; 0 <= p < j && p >= i ==> t[p] == t[i];


        loop assigns i, j, mv, t[0..n-1];
     */
    for (i = 1; i < n; i++) {
        mv = t[i];
        // Loop B
        /*@
            loop invariant i_26: 1 <= i <= n;

            loop invariant i_27: j >= 1;

            loop invariant i_28: \exists integer k; 0 <= k < i && \max_{p=0}^{i-1} t[p] == t[i];

            loop invariant i_29: t[0] <= t[i] && t[0] <= t[j] && t[j] == \max_{p=0}^{i-1} t[p];

            loop invariant i_30: t[0..i-1] is sorted in non-decreasing order;

            loop invariant i_31: t[i+1..n-1] is sorted in non-decreasing order and all elements are unchanged from the initial state;

            loop invariant i_32: \forall integer p, i; 0 <= p < j && p >= i ==> t[p] == t[i];


            loop assigns j, t[0..i];
         */
        for (j = i; j > 0; j--) {
            if (t[j - 1] <= mv) break;
            t[j] = t[j - 1];
        }
        t[j] = mv;
    }
}
------------------------------------------
Verification failed (Invalid), removing all invariants and retrying.
========== Attempt 5 ==========
----------Prompt----------

/*@
  predicate Sorted(int *t, integer lo, integer hi) =
    \forall integer i, j; lo <= i <= j < hi ==> t[i] <= t[j];
*/

/*@ requires \valid(t+(0..(n - 1)));
    requires n > 0;
    ensures e_1: Sorted(t, 0, n);
    assigns t[0..n-1];
 */
void _insertion_sort(int t[], int n) {
    int i = 1, j = 1;
    int mv;
    
    // Loop A
    /*@
        [Hint] Please infer the loop invariant for the following loop.

        loop assigns i, j, mv, t[0..n-1];
     */
    for (i = 1; i < n; i++) {
        mv = t[i];
        // Loop B
        /*@
            loop assigns j, t[0..i];
         */
        for (j = i; j > 0; j--) {
            if (t[j - 1] <= mv) break;
            t[j] = t[j - 1];
        }
        t[j] = mv;
    }
}
You are an expert in program verification, and please generate loop invariant as C annotation comments at the hint location (annotated by "[Hint] Please infer the loop invariant for the following loop.") using ACSL language.
ACSL is a specification language for C programs that conforms to the design by contract paradigm, utilizing Hoare style pre- and postconditions and invariants. Note that the `loop invariant` clause is a condition that is true at the beginning and end of every loop iteration.
Specifically, for the current verification task:
    - Pre-condition: the function's `requires` clauses
    - Post-condition: 
Please verify that the generated loop invariant is consistent with these constraints. If these specific pre- or post-conditions are not provided or empty, please infer the loop invariant strictly based on the program's execution logic and standard correctness.
In order to get a correct answer, You may want to consider both the situation of not entering the loop and the situation of jumping out of the loop. If some of the pre-conditions are also loop invariant, you need to add them to your answer as well.
Use '&&', '||', '==>', '\forall' or '\exists' if necessary. For instance:
```
loop invariant 1 <= x;
loop invariant x == y;
loop invariant 0 < x ==> y <= z;
loop invariant z % 2 == 1 || x == y;
loop invariant z % 2 == 1 && x <= y;
loop invariant \forall integer k;  0 <= k < i ==> max >=  a[k];
loop invariant \exists integer k;  0 <= k < i &&  max == a[k];
loop invariant \forall integer p; 0 <= p < \at(k, End_l) ==> res[p] == \at(res[p], End_l);
```
Your answer should follow the following format:
```
loop invariant ...;
loop invariant ...;
...
```
No explanation. No commentary. Just show me the loop invariant.
 /no_think
--------------------------
----------Response----------
[unused16][unused17]```
loop invariant 1 <= i <= n;
loop invariant 1 <= j <= i;
loop invariant \exists integer mv;  0 <= mv < 1 || i >= 2 && j >= 1;
```
----------------------------
----------Prompt----------

/*@
  predicate Sorted(int *t, integer lo, integer hi) =
    \forall integer i, j; lo <= i <= j < hi ==> t[i] <= t[j];
*/

/*@ requires \valid(t+(0..(n - 1)));
    requires n > 0;
    ensures e_1: Sorted(t, 0, n);
    assigns t[0..n-1];
 */
void _insertion_sort(int t[], int n) {
    int i = 1, j = 1;
    int mv;
    
    // Loop A
    /*@
        loop invariant i_33: 1 <= i <= n;

        loop invariant i_34: 1 <= j <= i;

        loop invariant i_35: \exists integer mv; 0 <= mv < 1 || i >= 2 && j >= 1;


        loop assigns i, j, mv, t[0..n-1];
     */
    for (i = 1; i < n; i++) {
        mv = t[i];
        // Loop B
        /*@
            [Hint] Please infer the loop invariant for the following loop.

            loop assigns j, t[0..i];
         */
        for (j = i; j > 0; j--) {
            if (t[j - 1] <= mv) break;
            t[j] = t[j - 1];
        }
        t[j] = mv;
    }
}
You are an expert in program verification, and please generate loop invariant as C annotation comments at the hint location (annotated by "[Hint] Please infer the loop invariant for the following loop.") using ACSL language.
ACSL is a specification language for C programs that conforms to the design by contract paradigm, utilizing Hoare style pre- and postconditions and invariants. Note that the `loop invariant` clause is a condition that is true at the beginning and end of every loop iteration.
Specifically, for the current verification task:
    - Pre-condition: i_33:1 <= i <= n; i_34:1 <= j <= i; i_35:\exists integer mv; 0 <= mv < 1 || i >= 2 && j >= 1; 
    - Post-condition: i_33:1 <= i <= n; i_34:1 <= j <= i; i_35:\exists integer mv; 0 <= mv < 1 || i >= 2 && j >= 1; 
Please verify that the generated loop invariant is consistent with these constraints. If these specific pre- or post-conditions are not provided or empty, please infer the loop invariant strictly based on the program's execution logic and standard correctness.
In order to get a correct answer, You may want to consider both the situation of not entering the loop and the situation of jumping out of the loop. If some of the pre-conditions are also loop invariant, you need to add them to your answer as well.
Use '&&', '||', '==>', '\forall' or '\exists' if necessary. For instance:
```
loop invariant 1 <= x;
loop invariant x == y;
loop invariant 0 < x ==> y <= z;
loop invariant z % 2 == 1 || x == y;
loop invariant z % 2 == 1 && x <= y;
loop invariant \forall integer k;  0 <= k < i ==> max >=  a[k];
loop invariant \exists integer k;  0 <= k < i &&  max == a[k];
loop invariant \forall integer p; 0 <= p < \at(k, End_l) ==> res[p] == \at(res[p], End_l);
```
Your answer should follow the following format:
```
loop invariant ...;
loop invariant ...;
...
```
No explanation. No commentary. Just show me the loop invariant.
 /no_think
--------------------------
----------Response----------
[unused16][unused17][Loop <Loop A>]
loop invariant 1 <= i <= n;
loop invariant 1 <= j <= i;
loop invariant \exists integer mv; 0 <= mv < 1 || i >= 2 && j >= 1;

[Loop <Loop B>]
loop invariant 1 <= j <= i;
loop invariant \exists integer mv; 0 <= mv < 1 || i >= 2 && j >= 1;
----------------------------
------------Invariant Info-----------
LOOP A:
i_33: 1 <= i <= n
i_34: 1 <= j <= i
i_35: \exists integer mv; 0 <= mv < 1 || i >= 2 && j >= 1
LOOP B:
i_36: 1 <= i <= n
i_37: 1 <= j <= i
i_38: \exists integer mv; 0 <= mv < 1 || i >= 2 && j >= 1
------------------------------------
---------- Code with Invariants ----------
/*@
  predicate Sorted(int *t, integer lo, integer hi) =
    \forall integer i, j; lo <= i <= j < hi ==> t[i] <= t[j];
*/

/*@ requires \valid(t+(0..(n - 1)));
    requires n > 0;
    ensures e_1: Sorted(t, 0, n);
    assigns t[0..n-1];
 */
void _insertion_sort(int t[], int n) {
    int i = 1, j = 1;
    int mv;
    
    // Loop A
    /*@
        loop invariant i_33: 1 <= i <= n;

        loop invariant i_34: 1 <= j <= i;

        loop invariant i_35: \exists integer mv; 0 <= mv < 1 || i >= 2 && j >= 1;


        loop assigns i, j, mv, t[0..n-1];
     */
    for (i = 1; i < n; i++) {
        mv = t[i];
        // Loop B
        /*@
            loop invariant i_36: 1 <= i <= n;

            loop invariant i_37: 1 <= j <= i;

            loop invariant i_38: \exists integer mv; 0 <= mv < 1 || i >= 2 && j >= 1;


            loop assigns j, t[0..i];
         */
        for (j = i; j > 0; j--) {
            if (t[j - 1] <= mv) break;
            t[j] = t[j - 1];
        }
        t[j] = mv;
    }
}
------------------------------------------
Verification failed (Fail_21_23), removing all invariants and retrying.
Verification failed: reached maximum attempts.
---------Result---------
Fail
Model: openPangu-Embedded-7B-V1.1
Running time: 143.12639045715332
Proposal number: 5
Verified code:

------------------------
