-----------Model-----------
Model type:
PanguEmbeddedForCausalLM(
  (model): PanguEmbeddedModel(
    (embed_tokens): Embedding(153376, 4096, padding_idx=0)
    (layers): ModuleList(
      (0-33): 34 x PanguEmbeddedDecoderLayer(
        (self_attn): PanguEmbeddedAttention(
          (q_proj): Linear(in_features=4096, out_features=4096, bias=True)
          (k_proj): Linear(in_features=4096, out_features=1024, bias=True)
          (v_proj): Linear(in_features=4096, out_features=1024, bias=True)
          (o_proj): Linear(in_features=4096, out_features=4096, bias=True)
        )
        (mlp): PanguEmbeddedMLP(
          (gate_proj): Linear(in_features=4096, out_features=12800, bias=False)
          (up_proj): Linear(in_features=4096, out_features=12800, bias=False)
          (down_proj): Linear(in_features=12800, out_features=4096, bias=False)
          (act_fn): SiLU()
        )
        (input_layernorm): PanguEmbeddedRMSNorm((4096,), eps=1e-05)
        (post_attention_layernorm): PanguEmbeddedRMSNorm((4096,), eps=1e-05)
      )
    )
    (norm): PanguEmbeddedRMSNorm((4096,), eps=1e-05)
    (rotary_emb): PanguEmbeddedRotaryEmbedding()
  )
  (lm_head): Linear(in_features=4096, out_features=153376, bias=False)
)
Model device:
npu:1
---------------------------
File Path: ../Benchmark/acsl-algorithms/_prefix_function.c
----------Code----------
/*@
    predicate pre_post(char* s, integer i, integer j) =
        j == 0 || \forall integer k; 0 <= k < j ==> s[k] == s[i - j + 1 + k];
*/

/*@
    predicate pre_post_not(char* s, integer i, integer j) =
        \exists integer k; 0 <= k < j && s[k] != s[i - j + 1 + k];
*/

/*@
    requires \valid_read(s);
    requires \valid(s + (0..i));
    requires 0 < j <= i;
    requires i > 0;
    ensures \result == 1 ==> pre_post(s, i, j);
    ensures \result == 0 ==> pre_post_not(s, i, j);
    assigns \nothing;
*/
int substr(char* s, int i, int j){
    /*@
        loop invariant 0 <= k <= j;
        loop invariant \forall integer p; 0 <= p < k ==> s[p] == s[i - j + 1 + p];
        loop assigns k;
    */
    for(int k = 0; k < j; k++){
        if(s[k] == s[i - j + 1 + k]){
            continue;
        }
        else{
            return 0;
        }
    }
    return 1;
}

/*@
    requires \valid_read(s);
    requires \valid_read(pi);
    requires \valid(s + (0..n - 1));
    requires \valid(pi + (0..n - 1));
    requires \separated(&pi[0..(n - 1)], &s[0..(n - 1)]);
    requires \forall integer k; 0 <= k < n ==> pi[k] == 0;
    requires n > 0;
    assigns pi[0..(n - 1)];
    ensures e_1: \forall integer k; 0 <= k < n ==> pre_post(s, k, pi[k]);
*/
void _prefix_function(char* s, int* pi, int n) {
    /*@
        loop assigns i, pi[1..(n - 1)];
    */
    for (int i = 1; i < n; i++){
        /*@
            loop assigns j, pi[i];
        */
        for (int j = i; j > 0; j--){
            if (substr(s, i, j) == 1) {
                pi[i] = j;
                break;
            }
        }
    }
}
------------------------
----------Prompt----------

/*@
    predicate pre_post(char* s, integer i, integer j) =
        j == 0 || \forall integer k; 0 <= k < j ==> s[k] == s[i - j + 1 + k];
*/

/*@
    predicate pre_post_not(char* s, integer i, integer j) =
        \exists integer k; 0 <= k < j && s[k] != s[i - j + 1 + k];
*/

/*@
    requires \valid_read(s);
    requires \valid(s + (0..i));
    requires 0 < j <= i;
    requires i > 0;
    ensures \result == 1 ==> pre_post(s, i, j);
    ensures \result == 0 ==> pre_post_not(s, i, j);
    assigns \nothing;
*/
int substr(char* s, int i, int j){
    /*@
        loop invariant 0 <= k <= j;
        loop invariant \forall integer p; 0 <= p < k ==> s[p] == s[i - j + 1 + p];
        loop assigns k;
    */
    for(int k = 0; k < j; k++){
        if(s[k] == s[i - j + 1 + k]){
            continue;
        }
        else{
            return 0;
        }
    }
    return 1;
}

/*@
    requires \valid_read(s);
    requires \valid_read(pi);
    requires \valid(s + (0..n - 1));
    requires \valid(pi + (0..n - 1));
    requires \separated(&pi[0..(n - 1)], &s[0..(n - 1)]);
    requires \forall integer k; 0 <= k < n ==> pi[k] == 0;
    requires n > 0;
    assigns pi[0..(n - 1)];
    ensures e_1: \forall integer k; 0 <= k < n ==> pre_post(s, k, pi[k]);
*/
void _prefix_function(char* s, int* pi, int n) {
    // Loop A
    /*@
        [Hint] Please infer the loop invariant for the following loop.

        loop assigns i, pi[1..(n - 1)];
    */
    for (int i = 1; i < n; i++){
        // Loop B
        /*@
            loop assigns j, pi[i];
        */
        for (int j = i; j > 0; j--){
            if (substr(s, i, j) == 1) {
                pi[i] = j;
                break;
            }
        }
    }
}
You are an expert in program verification, and please generate loop invariant as C annotation comments at the hint location (annotated by "[Hint] Please infer the loop invariant for the following loop.") using ACSL language.
ACSL is a specification language for C programs that conforms to the design by contract paradigm, utilizing Hoare style pre- and postconditions and invariants. Note that the `loop invariant` clause is a condition that is true at the beginning and end of every loop iteration.
Specifically, for the current verification task:
    - Pre-condition: the function's `requires` clauses
    - Post-condition: 
Please verify that the generated loop invariant is consistent with these constraints. If these specific pre- or post-conditions are not provided or empty, please infer the loop invariant strictly based on the program's execution logic and standard correctness.
In order to get a correct answer, You may want to consider both the situation of not entering the loop and the situation of jumping out of the loop. If some of the pre-conditions are also loop invariant, you need to add them to your answer as well.
Use '&&', '||', '==>', '\forall' or '\exists' if necessary. For instance:
```
loop invariant 1 <= x;
loop invariant x == y;
loop invariant 0 < x ==> y <= z;
loop invariant z % 2 == 1 || x == y;
loop invariant z % 2 == 1 && x <= y;
loop invariant \forall integer k;  0 <= k < i ==> max >=  a[k];
loop invariant \exists integer k;  0 <= k < i &&  max == a[k];
loop invariant \forall integer p; 0 <= p < \at(k, End_l) ==> res[p] == \at(res[p], End_l);
```
Your answer should follow the following format:
```
loop invariant ...;
loop invariant ...;
...
```
No explanation. No commentary. Just show me the loop invariant.
 /no_think
--------------------------
