-----------Model-----------
Model type:
PanguEmbeddedForCausalLM(
  (model): PanguEmbeddedModel(
    (embed_tokens): Embedding(153376, 4096, padding_idx=0)
    (layers): ModuleList(
      (0-33): 34 x PanguEmbeddedDecoderLayer(
        (self_attn): PanguEmbeddedAttention(
          (q_proj): Linear(in_features=4096, out_features=4096, bias=True)
          (k_proj): Linear(in_features=4096, out_features=1024, bias=True)
          (v_proj): Linear(in_features=4096, out_features=1024, bias=True)
          (o_proj): Linear(in_features=4096, out_features=4096, bias=True)
        )
        (mlp): PanguEmbeddedMLP(
          (gate_proj): Linear(in_features=4096, out_features=12800, bias=False)
          (up_proj): Linear(in_features=4096, out_features=12800, bias=False)
          (down_proj): Linear(in_features=12800, out_features=4096, bias=False)
          (act_fn): SiLU()
        )
        (input_layernorm): PanguEmbeddedRMSNorm((4096,), eps=1e-05)
        (post_attention_layernorm): PanguEmbeddedRMSNorm((4096,), eps=1e-05)
      )
    )
    (norm): PanguEmbeddedRMSNorm((4096,), eps=1e-05)
    (rotary_emb): PanguEmbeddedRotaryEmbedding()
  )
  (lm_head): Linear(in_features=4096, out_features=153376, bias=False)
)
Model device:
npu:1
---------------------------
File Path: ../Benchmark/SVCOMP/svcomp_21.c
----------Code----------
/*@
    requires n > 0;
*/
void svcomp_21(int n) {
    int i = 0;
    int k = 0;
    
    /*@
        loop assigns i, k;
    */
    while( i < n ) {
        i++;
        k++;
    }

    int j = 0;

    /*@
        loop assigns j, k;
    */
    while( j < n ) {
        //@ assert (k > 0);
        j++;
        k--;
    }
}
------------------------
----------Prompt----------

/*@
    requires n > 0;
*/
void svcomp_21(int n) {
    int i = 0;
    int k = 0;
    
    // Loop A
    /*@
        [Hint] Please infer the loop invariant for the following loop.

        loop assigns i, k;
    */
    while( i < n ) {
        i++;
        k++;
    }

    int j = 0;

    // Loop B
    /*@
        loop assigns j, k;
    */
    while( j < n ) {
        //@ assert (k > 0);
        j++;
        k--;
    }
}
You are an expert in program verification, and please generate loop invariant as C annotation comments at the hint location (annotated by "[Hint] Please infer the loop invariant for the following loop.") using ACSL language.
ACSL is a specification language for C programs that conforms to the design by contract paradigm, utilizing Hoare style pre- and postconditions and invariants. Note that the `loop invariant` clause is a condition that is true at the beginning and end of every loop iteration.
Specifically, for the current verification task:
    - Pre-condition: the function's `requires` clauses
    - Post-condition: 
Please verify that the generated loop invariant is consistent with these constraints. If these specific pre- or post-conditions are not provided or empty, please infer the loop invariant strictly based on the program's execution logic and standard correctness.
In order to get a correct answer, You may want to consider both the situation of not entering the loop and the situation of jumping out of the loop. If some of the pre-conditions are also loop invariant, you need to add them to your answer as well.
Use '&&', '||', '==>', '\forall' or '\exists' if necessary. For instance:
```
loop invariant 1 <= x;
loop invariant x == y;
loop invariant 0 < x ==> y <= z;
loop invariant z % 2 == 1 || x == y;
loop invariant z % 2 == 1 && x <= y;
loop invariant \forall integer k;  0 <= k < i ==> max >=  a[k];
loop invariant \exists integer k;  0 <= k < i &&  max == a[k];
loop invariant \forall integer p; 0 <= p < \at(k, End_l) ==> res[p] == \at(res[p], End_l);
```
Your answer should follow the following format:
```
loop invariant ...;
loop invariant ...;
...
```
No explanation. No commentary. Just show me the loop invariant.
 /no_think
--------------------------
----------Response----------
[unused16][unused17]loop invariant i + k == n && i < n;
loop invariant j == n - i - k && j >= 0;
```
----------------------------
----------Prompt----------

/*@
    requires n > 0;
*/
void svcomp_21(int n) {
    int i = 0;
    int k = 0;
    
    // Loop A
    /*@
        loop invariant i_0: i + k == n && i < n;

        loop invariant i_1: j == n - i - k && j >= 0;


        loop assigns i, k;
    */
    while( i < n ) {
        i++;
        k++;
    }

    int j = 0;

    // Loop B
    /*@
        [Hint] Please infer the loop invariant for the following loop.

        loop assigns j, k;
    */
    while( j < n ) {
        //@ assert (k > 0);
        j++;
        k--;
    }
}
You are an expert in program verification, and please generate loop invariant as C annotation comments at the hint location (annotated by "[Hint] Please infer the loop invariant for the following loop.") using ACSL language.
ACSL is a specification language for C programs that conforms to the design by contract paradigm, utilizing Hoare style pre- and postconditions and invariants. Note that the `loop invariant` clause is a condition that is true at the beginning and end of every loop iteration.
Specifically, for the current verification task:
    - Pre-condition: i_0:i + k == n && i < n; i_1:j == n - i - k && j >= 0; 
    - Post-condition: 1:(k > 0); 
Please verify that the generated loop invariant is consistent with these constraints. If these specific pre- or post-conditions are not provided or empty, please infer the loop invariant strictly based on the program's execution logic and standard correctness.
In order to get a correct answer, You may want to consider both the situation of not entering the loop and the situation of jumping out of the loop. If some of the pre-conditions are also loop invariant, you need to add them to your answer as well.
Use '&&', '||', '==>', '\forall' or '\exists' if necessary. For instance:
```
loop invariant 1 <= x;
loop invariant x == y;
loop invariant 0 < x ==> y <= z;
loop invariant z % 2 == 1 || x == y;
loop invariant z % 2 == 1 && x <= y;
loop invariant \forall integer k;  0 <= k < i ==> max >=  a[k];
loop invariant \exists integer k;  0 <= k < i &&  max == a[k];
loop invariant \forall integer p; 0 <= p < \at(k, End_l) ==> res[p] == \at(res[p], End_l);
```
Your answer should follow the following format:
```
loop invariant ...;
loop invariant ...;
...
```
No explanation. No commentary. Just show me the loop invariant.
 /no_think
--------------------------
----------Response----------
[unused16][unused17][Loop <Loop A>]
loop invariant i + k == n && i < n;
loop invariant j == n - i - k && j >= 0;

[Loop <Loop B>]
loop invariant k > 0;
loop invariant j >= 0 && j < n;
loop invariant k >= 0 && k < n;
----------------------------
------------Invariant Info-----------
LOOP A:
i_0: i + k == n && i < n
i_1: j == n - i - k && j >= 0
LOOP B:
i_2: i + k == n && i < n
i_3: j == n - i - k && j >= 0
i_4: k > 0
i_5: j >= 0 && j < n
i_6: k >= 0 && k < n
------------------------------------
----------Code with Invariants----------
/*@
    requires n > 0;
*/
void svcomp_21(int n) {
    int i = 0;
    int k = 0;
    
    // Loop A
    /*@
        loop invariant i_0: i + k == n && i < n;

        loop invariant i_1: j == n - i - k && j >= 0;


        loop assigns i, k;
    */
    while( i < n ) {
        i++;
        k++;
    }

    int j = 0;

    // Loop B
    /*@
        loop invariant i_2: i + k == n && i < n;

        loop invariant i_3: j == n - i - k && j >= 0;

        loop invariant i_4: k > 0;

        loop invariant i_5: j >= 0 && j < n;

        loop invariant i_6: k >= 0 && k < n;


        loop assigns j, k;
    */
    while( j < n ) {
        //@ assert (k > 0);
        j++;
        k--;
    }
}
----------------------------------------
------------Invariant Info-----------
LOOP A:
i_0: i + k == n && i < n
LOOP B:
i_2: i + k == n && i < n
i_3: j == n - i - k && j >= 0
i_4: k > 0
i_5: j >= 0 && j < n
i_6: k >= 0 && k < n
------------------------------------
----------Code with Invariants----------
/*@
    requires n > 0;
*/
void svcomp_21(int n) {
    int i = 0;
    int k = 0;
    
    // Loop A
    /*@
        loop invariant i_0: i + k == n && i < n;


        loop assigns i, k;
    */
    while( i < n ) {
        i++;
        k++;
    }

    int j = 0;

    // Loop B
    /*@
        loop invariant i_2: i + k == n && i < n;

        loop invariant i_3: j == n - i - k && j >= 0;

        loop invariant i_4: k > 0;

        loop invariant i_5: j >= 0 && j < n;

        loop invariant i_6: k >= 0 && k < n;


        loop assigns j, k;
    */
    while( j < n ) {
        //@ assert (k > 0);
        j++;
        k--;
    }
}
----------------------------------------
----------Begin Revise----------
-------------Establishment_requires: i_0: establishment---------------
----------Prompt----------

/*@
    requires n > 0;
*/
void svcomp_21(int n) {
    int i = 0;
    int k = 0;
    
    // Loop A
    /*@
        [Hint] Loop invariant i + k == n && i < n too strong initially. Relax it.

        loop invariant i_0: i + k == n && i < n;


        loop assigns i, k;
    */
    while( i < n ) {
        i++;
        k++;
    }

    int j = 0;

    // Loop B
    /*@
        loop invariant i_2: i + k == n && i < n;

        loop invariant i_3: j == n - i - k && j >= 0;

        loop invariant i_4: k > 0;

        loop invariant i_5: j >= 0 && j < n;

        loop invariant i_6: k >= 0 && k < n;


        loop assigns j, k;
    */
    while( j < n ) {
        //@ assert (k > 0);
        j++;
        k--;
    }
}
You are an expert in deductive program verification using ACSL and Frama-C.
The following loop invariant of the loop labeled "A" cannot be established from the function's `requires` clauses:
[Unprovable Initial Invariant] i + k == n && i < n
This means the loop invariant is too strong at the loop entry, violating the establishment condition of loop correctness.  
Your task is to relax or weaken the loop invariant at the position marked by: "[Hint] Loop invariant too strong initially. Relax it."
IMPORTANT RULES:
1. The relaxed invariants must still hold:
   - Establishment: They must be provable solely from the function's requires clauses and the program state before entering the loop.
   - Preservation: after executing the loop body exactly once, the invariant still holds.
   - Zero-iteration case: the invariant is valid even if the loop never executes.
2. Do NOT restate or print any of the existing loop invariants.  
   Only output the modified (weakened) invariants necessary to make the establishment step succeed.
3. Your answer must be solely in the form:
   ```
   loop invariant ...;
   loop invariant ...;
   ...
   ```
4. All invariants must follow ACSL syntax and be valid loop invariants.
5. No explanation. No commentary. Just show me the loop invariant.
 /no_think
--------------------------
----------Response----------
[unused16][unused17]```
loop invariant i + k == n && i < n;
```
----------------------------
--------------------------------
------------Invariant Info-----------
LOOP A:
i_0: i + k == n && i < n
LOOP B:
i_2: i + k == n && i < n
i_3: j == n - i - k && j >= 0
i_4: k > 0
i_5: j >= 0 && j < n
i_6: k >= 0 && k < n
------------------------------------
----------Code with Invariants----------
/*@
    requires n > 0;
*/
void svcomp_21(int n) {
    int i = 0;
    int k = 0;
    
    // Loop A
    /*@
        loop invariant i_0: i + k == n && i < n;


        loop assigns i, k;
    */
    while( i < n ) {
        i++;
        k++;
    }

    int j = 0;

    // Loop B
    /*@
        loop invariant i_2: i + k == n && i < n;

        loop invariant i_3: j == n - i - k && j >= 0;

        loop invariant i_4: k > 0;

        loop invariant i_5: j >= 0 && j < n;

        loop invariant i_6: k >= 0 && k < n;


        loop assigns j, k;
    */
    while( j < n ) {
        //@ assert (k > 0);
        j++;
        k--;
    }
}
----------------------------------------
----------Begin Revise----------
-------------Establishment_requires: i_0: establishment---------------
----------Prompt----------

/*@
    requires n > 0;
*/
void svcomp_21(int n) {
    int i = 0;
    int k = 0;
    
    // Loop A
    /*@
        [Hint] Loop invariant i + k == n && i < n too strong initially. Relax it.

        loop invariant i_0: i + k == n && i < n;


        loop assigns i, k;
    */
    while( i < n ) {
        i++;
        k++;
    }

    int j = 0;

    // Loop B
    /*@
        loop invariant i_2: i + k == n && i < n;

        loop invariant i_3: j == n - i - k && j >= 0;

        loop invariant i_4: k > 0;

        loop invariant i_5: j >= 0 && j < n;

        loop invariant i_6: k >= 0 && k < n;


        loop assigns j, k;
    */
    while( j < n ) {
        //@ assert (k > 0);
        j++;
        k--;
    }
}
You are an expert in deductive program verification using ACSL and Frama-C.
The following loop invariant of the loop labeled "A" cannot be established from the function's `requires` clauses:
[Unprovable Initial Invariant] i + k == n && i < n
This means the loop invariant is too strong at the loop entry, violating the establishment condition of loop correctness.  
Your task is to relax or weaken the loop invariant at the position marked by: "[Hint] Loop invariant too strong initially. Relax it."
IMPORTANT RULES:
1. The relaxed invariants must still hold:
   - Establishment: They must be provable solely from the function's requires clauses and the program state before entering the loop.
   - Preservation: after executing the loop body exactly once, the invariant still holds.
   - Zero-iteration case: the invariant is valid even if the loop never executes.
2. Do NOT restate or print any of the existing loop invariants.  
   Only output the modified (weakened) invariants necessary to make the establishment step succeed.
3. Your answer must be solely in the form:
   ```
   loop invariant ...;
   loop invariant ...;
   ...
   ```
4. All invariants must follow ACSL syntax and be valid loop invariants.
5. No explanation. No commentary. Just show me the loop invariant.
 /no_think
--------------------------
----------Response----------
[unused16][unused17]```
loop invariant i_0: i < n;
loop invariant k_0: k < n;
```
----------------------------
--------------------------------
------------Invariant Info-----------
LOOP A:
i_0: i + k == n && i < n
i_7: i < n
i_8: k < n
LOOP B:
i_2: i + k == n && i < n
i_3: j == n - i - k && j >= 0
i_4: k > 0
i_5: j >= 0 && j < n
i_6: k >= 0 && k < n
------------------------------------
----------Code with Invariants----------
/*@
    requires n > 0;
*/
void svcomp_21(int n) {
    int i = 0;
    int k = 0;
    
    // Loop A
    /*@
        loop invariant i_0: i + k == n && i < n;

        loop invariant i_7: i < n;

        loop invariant i_8: k < n;


        loop assigns i, k;
    */
    while( i < n ) {
        i++;
        k++;
    }

    int j = 0;

    // Loop B
    /*@
        loop invariant i_2: i + k == n && i < n;

        loop invariant i_3: j == n - i - k && j >= 0;

        loop invariant i_4: k > 0;

        loop invariant i_5: j >= 0 && j < n;

        loop invariant i_6: k >= 0 && k < n;


        loop assigns j, k;
    */
    while( j < n ) {
        //@ assert (k > 0);
        j++;
        k--;
    }
}
----------------------------------------
----------Begin Revise----------
-------------Establishment_requires: i_0: establishment---------------
----------Prompt----------

/*@
    requires n > 0;
*/
void svcomp_21(int n) {
    int i = 0;
    int k = 0;
    
    // Loop A
    /*@
        [Hint] Loop invariant i + k == n && i < n too strong initially. Relax it.

        loop invariant i_0: i + k == n && i < n;

        loop invariant i_7: i < n;

        loop invariant i_8: k < n;


        loop assigns i, k;
    */
    while( i < n ) {
        i++;
        k++;
    }

    int j = 0;

    // Loop B
    /*@
        loop invariant i_2: i + k == n && i < n;

        loop invariant i_3: j == n - i - k && j >= 0;

        loop invariant i_4: k > 0;

        loop invariant i_5: j >= 0 && j < n;

        loop invariant i_6: k >= 0 && k < n;


        loop assigns j, k;
    */
    while( j < n ) {
        //@ assert (k > 0);
        j++;
        k--;
    }
}
You are an expert in deductive program verification using ACSL and Frama-C.
The following loop invariant of the loop labeled "A" cannot be established from the function's `requires` clauses:
[Unprovable Initial Invariant] i + k == n && i < n
This means the loop invariant is too strong at the loop entry, violating the establishment condition of loop correctness.  
Your task is to relax or weaken the loop invariant at the position marked by: "[Hint] Loop invariant too strong initially. Relax it."
IMPORTANT RULES:
1. The relaxed invariants must still hold:
   - Establishment: They must be provable solely from the function's requires clauses and the program state before entering the loop.
   - Preservation: after executing the loop body exactly once, the invariant still holds.
   - Zero-iteration case: the invariant is valid even if the loop never executes.
2. Do NOT restate or print any of the existing loop invariants.  
   Only output the modified (weakened) invariants necessary to make the establishment step succeed.
3. Your answer must be solely in the form:
   ```
   loop invariant ...;
   loop invariant ...;
   ...
   ```
4. All invariants must follow ACSL syntax and be valid loop invariants.
5. No explanation. No commentary. Just show me the loop invariant.
 /no_think
--------------------------
----------Response----------
[unused16][unused17]```
loop invariant i_0: i + k == n;
loop invariant i_1: i < n;
```
----------------------------
--------------------------------
------------Invariant Info-----------
LOOP A:
i_0: i + k == n && i < n
i_7: i < n
i_8: k < n
i_9: i + k == n
LOOP B:
i_2: i + k == n && i < n
i_3: j == n - i - k && j >= 0
i_4: k > 0
i_5: j >= 0 && j < n
i_6: k >= 0 && k < n
------------------------------------
----------Code with Invariants----------
/*@
    requires n > 0;
*/
void svcomp_21(int n) {
    int i = 0;
    int k = 0;
    
    // Loop A
    /*@
        loop invariant i_0: i + k == n && i < n;

        loop invariant i_7: i < n;

        loop invariant i_8: k < n;

        loop invariant i_9: i + k == n;


        loop assigns i, k;
    */
    while( i < n ) {
        i++;
        k++;
    }

    int j = 0;

    // Loop B
    /*@
        loop invariant i_2: i + k == n && i < n;

        loop invariant i_3: j == n - i - k && j >= 0;

        loop invariant i_4: k > 0;

        loop invariant i_5: j >= 0 && j < n;

        loop invariant i_6: k >= 0 && k < n;


        loop assigns j, k;
    */
    while( j < n ) {
        //@ assert (k > 0);
        j++;
        k--;
    }
}
----------------------------------------
----------Begin Revise----------
-------------Establishment_requires: i_0: establishment---------------
----------Prompt----------

/*@
    requires n > 0;
*/
void svcomp_21(int n) {
    int i = 0;
    int k = 0;
    
    // Loop A
    /*@
        [Hint] Loop invariant i + k == n && i < n too strong initially. Relax it.

        loop invariant i_0: i + k == n && i < n;

        loop invariant i_7: i < n;

        loop invariant i_8: k < n;

        loop invariant i_9: i + k == n;


        loop assigns i, k;
    */
    while( i < n ) {
        i++;
        k++;
    }

    int j = 0;

    // Loop B
    /*@
        loop invariant i_2: i + k == n && i < n;

        loop invariant i_3: j == n - i - k && j >= 0;

        loop invariant i_4: k > 0;

        loop invariant i_5: j >= 0 && j < n;

        loop invariant i_6: k >= 0 && k < n;


        loop assigns j, k;
    */
    while( j < n ) {
        //@ assert (k > 0);
        j++;
        k--;
    }
}
You are an expert in deductive program verification using ACSL and Frama-C.
The following loop invariant of the loop labeled "A" cannot be established from the function's `requires` clauses:
[Unprovable Initial Invariant] i + k == n && i < n
This means the loop invariant is too strong at the loop entry, violating the establishment condition of loop correctness.  
Your task is to relax or weaken the loop invariant at the position marked by: "[Hint] Loop invariant too strong initially. Relax it."
IMPORTANT RULES:
1. The relaxed invariants must still hold:
   - Establishment: They must be provable solely from the function's requires clauses and the program state before entering the loop.
   - Preservation: after executing the loop body exactly once, the invariant still holds.
   - Zero-iteration case: the invariant is valid even if the loop never executes.
2. Do NOT restate or print any of the existing loop invariants.  
   Only output the modified (weakened) invariants necessary to make the establishment step succeed.
3. Your answer must be solely in the form:
   ```
   loop invariant ...;
   loop invariant ...;
   ...
   ```
4. All invariants must follow ACSL syntax and be valid loop invariants.
5. No explanation. No commentary. Just show me the loop invariant.
 /no_think
--------------------------
----------Response----------
[unused16][unused17]```
loop invariant i < n;
```
----------------------------
--------------------------------
------------Invariant Info-----------
LOOP A:
i_0: i + k == n && i < n
i_7: i < n
i_8: k < n
i_9: i + k == n
LOOP B:
i_2: i + k == n && i < n
i_3: j == n - i - k && j >= 0
i_4: k > 0
i_5: j >= 0 && j < n
i_6: k >= 0 && k < n
------------------------------------
----------Code with Invariants----------
/*@
    requires n > 0;
*/
void svcomp_21(int n) {
    int i = 0;
    int k = 0;
    
    // Loop A
    /*@
        loop invariant i_0: i + k == n && i < n;

        loop invariant i_7: i < n;

        loop invariant i_8: k < n;

        loop invariant i_9: i + k == n;


        loop assigns i, k;
    */
    while( i < n ) {
        i++;
        k++;
    }

    int j = 0;

    // Loop B
    /*@
        loop invariant i_2: i + k == n && i < n;

        loop invariant i_3: j == n - i - k && j >= 0;

        loop invariant i_4: k > 0;

        loop invariant i_5: j >= 0 && j < n;

        loop invariant i_6: k >= 0 && k < n;


        loop assigns j, k;
    */
    while( j < n ) {
        //@ assert (k > 0);
        j++;
        k--;
    }
}
----------------------------------------
----------Begin Revise----------
-------------Establishment_requires: i_0: establishment---------------
----------Prompt----------

/*@
    requires n > 0;
*/
void svcomp_21(int n) {
    int i = 0;
    int k = 0;
    
    // Loop A
    /*@
        [Hint] Loop invariant i + k == n && i < n too strong initially. Relax it.

        loop invariant i_0: i + k == n && i < n;

        loop invariant i_7: i < n;

        loop invariant i_8: k < n;

        loop invariant i_9: i + k == n;


        loop assigns i, k;
    */
    while( i < n ) {
        i++;
        k++;
    }

    int j = 0;

    // Loop B
    /*@
        loop invariant i_2: i + k == n && i < n;

        loop invariant i_3: j == n - i - k && j >= 0;

        loop invariant i_4: k > 0;

        loop invariant i_5: j >= 0 && j < n;

        loop invariant i_6: k >= 0 && k < n;


        loop assigns j, k;
    */
    while( j < n ) {
        //@ assert (k > 0);
        j++;
        k--;
    }
}
You are an expert in deductive program verification using ACSL and Frama-C.
The following loop invariant of the loop labeled "A" cannot be established from the function's `requires` clauses:
[Unprovable Initial Invariant] i + k == n && i < n
This means the loop invariant is too strong at the loop entry, violating the establishment condition of loop correctness.  
Your task is to relax or weaken the loop invariant at the position marked by: "[Hint] Loop invariant too strong initially. Relax it."
IMPORTANT RULES:
1. The relaxed invariants must still hold:
   - Establishment: They must be provable solely from the function's requires clauses and the program state before entering the loop.
   - Preservation: after executing the loop body exactly once, the invariant still holds.
   - Zero-iteration case: the invariant is valid even if the loop never executes.
2. Do NOT restate or print any of the existing loop invariants.  
   Only output the modified (weakened) invariants necessary to make the establishment step succeed.
3. Your answer must be solely in the form:
   ```
   loop invariant ...;
   loop invariant ...;
   ...
   ```
4. All invariants must follow ACSL syntax and be valid loop invariants.
5. No explanation. No commentary. Just show me the loop invariant.
 /no_think
--------------------------
----------Response----------
[unused16][unused17]```
loop invariant i_0: i < n && k < n;
```
----------------------------
--------------------------------
------------Invariant Info-----------
LOOP A:
i_0: i + k == n && i < n
i_7: i < n
i_8: k < n
i_9: i + k == n
i_10: i < n && k < n
LOOP B:
i_2: i + k == n && i < n
i_3: j == n - i - k && j >= 0
i_4: k > 0
i_5: j >= 0 && j < n
i_6: k >= 0 && k < n
------------------------------------
----------Code with Invariants----------
/*@
    requires n > 0;
*/
void svcomp_21(int n) {
    int i = 0;
    int k = 0;
    
    // Loop A
    /*@
        loop invariant i_0: i + k == n && i < n;

        loop invariant i_7: i < n;

        loop invariant i_8: k < n;

        loop invariant i_9: i + k == n;

        loop invariant i_10: i < n && k < n;


        loop assigns i, k;
    */
    while( i < n ) {
        i++;
        k++;
    }

    int j = 0;

    // Loop B
    /*@
        loop invariant i_2: i + k == n && i < n;

        loop invariant i_3: j == n - i - k && j >= 0;

        loop invariant i_4: k > 0;

        loop invariant i_5: j >= 0 && j < n;

        loop invariant i_6: k >= 0 && k < n;


        loop assigns j, k;
    */
    while( j < n ) {
        //@ assert (k > 0);
        j++;
        k--;
    }
}
----------------------------------------
----------Begin Revise----------
-------------Establishment_requires: i_0: establishment---------------
----------Prompt----------

/*@
    requires n > 0;
*/
void svcomp_21(int n) {
    int i = 0;
    int k = 0;
    
    // Loop A
    /*@
        [Hint] Loop invariant i + k == n && i < n too strong initially. Relax it.

        loop invariant i_0: i + k == n && i < n;

        loop invariant i_7: i < n;

        loop invariant i_8: k < n;

        loop invariant i_9: i + k == n;

        loop invariant i_10: i < n && k < n;


        loop assigns i, k;
    */
    while( i < n ) {
        i++;
        k++;
    }

    int j = 0;

    // Loop B
    /*@
        loop invariant i_2: i + k == n && i < n;

        loop invariant i_3: j == n - i - k && j >= 0;

        loop invariant i_4: k > 0;

        loop invariant i_5: j >= 0 && j < n;

        loop invariant i_6: k >= 0 && k < n;


        loop assigns j, k;
    */
    while( j < n ) {
        //@ assert (k > 0);
        j++;
        k--;
    }
}
You are an expert in deductive program verification using ACSL and Frama-C.
The following loop invariant of the loop labeled "A" cannot be established from the function's `requires` clauses:
[Unprovable Initial Invariant] i + k == n && i < n
This means the loop invariant is too strong at the loop entry, violating the establishment condition of loop correctness.  
Your task is to relax or weaken the loop invariant at the position marked by: "[Hint] Loop invariant too strong initially. Relax it."
IMPORTANT RULES:
1. The relaxed invariants must still hold:
   - Establishment: They must be provable solely from the function's requires clauses and the program state before entering the loop.
   - Preservation: after executing the loop body exactly once, the invariant still holds.
   - Zero-iteration case: the invariant is valid even if the loop never executes.
2. Do NOT restate or print any of the existing loop invariants.  
   Only output the modified (weakened) invariants necessary to make the establishment step succeed.
3. Your answer must be solely in the form:
   ```
   loop invariant ...;
   loop invariant ...;
   ...
   ```
4. All invariants must follow ACSL syntax and be valid loop invariants.
5. No explanation. No commentary. Just show me the loop invariant.
 /no_think
--------------------------
----------Response----------
[unused16][unused17]```
loop invariant i < n;
loop invariant k < n;
```
----------------------------
--------------------------------
------------Invariant Info-----------
LOOP A:
i_0: i + k == n && i < n
i_7: i < n
i_8: k < n
i_9: i + k == n
i_10: i < n && k < n
LOOP B:
i_2: i + k == n && i < n
i_3: j == n - i - k && j >= 0
i_4: k > 0
i_5: j >= 0 && j < n
i_6: k >= 0 && k < n
------------------------------------
----------Code with Invariants----------
/*@
    requires n > 0;
*/
void svcomp_21(int n) {
    int i = 0;
    int k = 0;
    
    // Loop A
    /*@
        loop invariant i_0: i + k == n && i < n;

        loop invariant i_7: i < n;

        loop invariant i_8: k < n;

        loop invariant i_9: i + k == n;

        loop invariant i_10: i < n && k < n;


        loop assigns i, k;
    */
    while( i < n ) {
        i++;
        k++;
    }

    int j = 0;

    // Loop B
    /*@
        loop invariant i_2: i + k == n && i < n;

        loop invariant i_3: j == n - i - k && j >= 0;

        loop invariant i_4: k > 0;

        loop invariant i_5: j >= 0 && j < n;

        loop invariant i_6: k >= 0 && k < n;


        loop assigns j, k;
    */
    while( j < n ) {
        //@ assert (k > 0);
        j++;
        k--;
    }
}
----------------------------------------
----------Begin Revise----------
--------------------------------
------------Invariant Info-----------
LOOP A:
i_7: i < n
i_8: k < n
i_9: i + k == n
i_10: i < n && k < n
LOOP B:
i_2: i + k == n && i < n
i_3: j == n - i - k && j >= 0
i_4: k > 0
i_5: j >= 0 && j < n
i_6: k >= 0 && k < n
------------------------------------
----------Code with Invariants----------
/*@
    requires n > 0;
*/
void svcomp_21(int n) {
    int i = 0;
    int k = 0;
    
    // Loop A
    /*@
        loop invariant i_7: i < n;

        loop invariant i_8: k < n;

        loop invariant i_9: i + k == n;

        loop invariant i_10: i < n && k < n;


        loop assigns i, k;
    */
    while( i < n ) {
        i++;
        k++;
    }

    int j = 0;

    // Loop B
    /*@
        loop invariant i_2: i + k == n && i < n;

        loop invariant i_3: j == n - i - k && j >= 0;

        loop invariant i_4: k > 0;

        loop invariant i_5: j >= 0 && j < n;

        loop invariant i_6: k >= 0 && k < n;


        loop assigns j, k;
    */
    while( j < n ) {
        //@ assert (k > 0);
        j++;
        k--;
    }
}
----------------------------------------
----------Begin Revise----------
-------------Establishment_requires: i_9: establishment---------------
----------Prompt----------

/*@
    requires n > 0;
*/
void svcomp_21(int n) {
    int i = 0;
    int k = 0;
    
    // Loop A
    /*@
        [Hint] Loop invariant i + k == n too strong initially. Relax it.

        loop invariant i_7: i < n;

        loop invariant i_8: k < n;

        loop invariant i_9: i + k == n;

        loop invariant i_10: i < n && k < n;


        loop assigns i, k;
    */
    while( i < n ) {
        i++;
        k++;
    }

    int j = 0;

    // Loop B
    /*@
        loop invariant i_2: i + k == n && i < n;

        loop invariant i_3: j == n - i - k && j >= 0;

        loop invariant i_4: k > 0;

        loop invariant i_5: j >= 0 && j < n;

        loop invariant i_6: k >= 0 && k < n;


        loop assigns j, k;
    */
    while( j < n ) {
        //@ assert (k > 0);
        j++;
        k--;
    }
}
You are an expert in deductive program verification using ACSL and Frama-C.
The following loop invariant of the loop labeled "A" cannot be established from the function's `requires` clauses:
[Unprovable Initial Invariant] i + k == n
This means the loop invariant is too strong at the loop entry, violating the establishment condition of loop correctness.  
Your task is to relax or weaken the loop invariant at the position marked by: "[Hint] Loop invariant too strong initially. Relax it."
IMPORTANT RULES:
1. The relaxed invariants must still hold:
   - Establishment: They must be provable solely from the function's requires clauses and the program state before entering the loop.
   - Preservation: after executing the loop body exactly once, the invariant still holds.
   - Zero-iteration case: the invariant is valid even if the loop never executes.
2. Do NOT restate or print any of the existing loop invariants.  
   Only output the modified (weakened) invariants necessary to make the establishment step succeed.
3. Your answer must be solely in the form:
   ```
   loop invariant ...;
   loop invariant ...;
   ...
   ```
4. All invariants must follow ACSL syntax and be valid loop invariants.
5. No explanation. No commentary. Just show me the loop invariant.
 /no_think
--------------------------
----------Response----------
[unused16][unused17]```
loop invariant i < n;
loop invariant k < n;
```
----------------------------
--------------------------------
------------Invariant Info-----------
LOOP A:
i_7: i < n
i_8: k < n
i_9: i + k == n
i_10: i < n && k < n
LOOP B:
i_2: i + k == n && i < n
i_3: j == n - i - k && j >= 0
i_4: k > 0
i_5: j >= 0 && j < n
i_6: k >= 0 && k < n
------------------------------------
----------Code with Invariants----------
/*@
    requires n > 0;
*/
void svcomp_21(int n) {
    int i = 0;
    int k = 0;
    
    // Loop A
    /*@
        loop invariant i_7: i < n;

        loop invariant i_8: k < n;

        loop invariant i_9: i + k == n;

        loop invariant i_10: i < n && k < n;


        loop assigns i, k;
    */
    while( i < n ) {
        i++;
        k++;
    }

    int j = 0;

    // Loop B
    /*@
        loop invariant i_2: i + k == n && i < n;

        loop invariant i_3: j == n - i - k && j >= 0;

        loop invariant i_4: k > 0;

        loop invariant i_5: j >= 0 && j < n;

        loop invariant i_6: k >= 0 && k < n;


        loop assigns j, k;
    */
    while( j < n ) {
        //@ assert (k > 0);
        j++;
        k--;
    }
}
----------------------------------------
----------Begin Revise----------
-------------Establishment_requires: i_9: establishment---------------
----------Prompt----------

/*@
    requires n > 0;
*/
void svcomp_21(int n) {
    int i = 0;
    int k = 0;
    
    // Loop A
    /*@
        [Hint] Loop invariant i + k == n too strong initially. Relax it.

        loop invariant i_7: i < n;

        loop invariant i_8: k < n;

        loop invariant i_9: i + k == n;

        loop invariant i_10: i < n && k < n;


        loop assigns i, k;
    */
    while( i < n ) {
        i++;
        k++;
    }

    int j = 0;

    // Loop B
    /*@
        loop invariant i_2: i + k == n && i < n;

        loop invariant i_3: j == n - i - k && j >= 0;

        loop invariant i_4: k > 0;

        loop invariant i_5: j >= 0 && j < n;

        loop invariant i_6: k >= 0 && k < n;


        loop assigns j, k;
    */
    while( j < n ) {
        //@ assert (k > 0);
        j++;
        k--;
    }
}
You are an expert in deductive program verification using ACSL and Frama-C.
The following loop invariant of the loop labeled "A" cannot be established from the function's `requires` clauses:
[Unprovable Initial Invariant] i + k == n
This means the loop invariant is too strong at the loop entry, violating the establishment condition of loop correctness.  
Your task is to relax or weaken the loop invariant at the position marked by: "[Hint] Loop invariant too strong initially. Relax it."
IMPORTANT RULES:
1. The relaxed invariants must still hold:
   - Establishment: They must be provable solely from the function's requires clauses and the program state before entering the loop.
   - Preservation: after executing the loop body exactly once, the invariant still holds.
   - Zero-iteration case: the invariant is valid even if the loop never executes.
2. Do NOT restate or print any of the existing loop invariants.  
   Only output the modified (weakened) invariants necessary to make the establishment step succeed.
3. Your answer must be solely in the form:
   ```
   loop invariant ...;
   loop invariant ...;
   ...
   ```
4. All invariants must follow ACSL syntax and be valid loop invariants.
5. No explanation. No commentary. Just show me the loop invariant.
 /no_think
--------------------------
----------Response----------
[unused16][unused17]```
loop invariant i < n;
loop invariant k < n;
```
----------------------------
--------------------------------
------------Invariant Info-----------
LOOP A:
i_7: i < n
i_8: k < n
i_9: i + k == n
i_10: i < n && k < n
LOOP B:
i_2: i + k == n && i < n
i_3: j == n - i - k && j >= 0
i_4: k > 0
i_5: j >= 0 && j < n
i_6: k >= 0 && k < n
------------------------------------
----------Code with Invariants----------
/*@
    requires n > 0;
*/
void svcomp_21(int n) {
    int i = 0;
    int k = 0;
    
    // Loop A
    /*@
        loop invariant i_7: i < n;

        loop invariant i_8: k < n;

        loop invariant i_9: i + k == n;

        loop invariant i_10: i < n && k < n;


        loop assigns i, k;
    */
    while( i < n ) {
        i++;
        k++;
    }

    int j = 0;

    // Loop B
    /*@
        loop invariant i_2: i + k == n && i < n;

        loop invariant i_3: j == n - i - k && j >= 0;

        loop invariant i_4: k > 0;

        loop invariant i_5: j >= 0 && j < n;

        loop invariant i_6: k >= 0 && k < n;


        loop assigns j, k;
    */
    while( j < n ) {
        //@ assert (k > 0);
        j++;
        k--;
    }
}
----------------------------------------
----------Begin Revise----------
-------------Establishment_requires: i_9: establishment---------------
----------Prompt----------

/*@
    requires n > 0;
*/
void svcomp_21(int n) {
    int i = 0;
    int k = 0;
    
    // Loop A
    /*@
        [Hint] Loop invariant i + k == n too strong initially. Relax it.

        loop invariant i_7: i < n;

        loop invariant i_8: k < n;

        loop invariant i_9: i + k == n;

        loop invariant i_10: i < n && k < n;


        loop assigns i, k;
    */
    while( i < n ) {
        i++;
        k++;
    }

    int j = 0;

    // Loop B
    /*@
        loop invariant i_2: i + k == n && i < n;

        loop invariant i_3: j == n - i - k && j >= 0;

        loop invariant i_4: k > 0;

        loop invariant i_5: j >= 0 && j < n;

        loop invariant i_6: k >= 0 && k < n;


        loop assigns j, k;
    */
    while( j < n ) {
        //@ assert (k > 0);
        j++;
        k--;
    }
}
You are an expert in deductive program verification using ACSL and Frama-C.
The following loop invariant of the loop labeled "A" cannot be established from the function's `requires` clauses:
[Unprovable Initial Invariant] i + k == n
This means the loop invariant is too strong at the loop entry, violating the establishment condition of loop correctness.  
Your task is to relax or weaken the loop invariant at the position marked by: "[Hint] Loop invariant too strong initially. Relax it."
IMPORTANT RULES:
1. The relaxed invariants must still hold:
   - Establishment: They must be provable solely from the function's requires clauses and the program state before entering the loop.
   - Preservation: after executing the loop body exactly once, the invariant still holds.
   - Zero-iteration case: the invariant is valid even if the loop never executes.
2. Do NOT restate or print any of the existing loop invariants.  
   Only output the modified (weakened) invariants necessary to make the establishment step succeed.
3. Your answer must be solely in the form:
   ```
   loop invariant ...;
   loop invariant ...;
   ...
   ```
4. All invariants must follow ACSL syntax and be valid loop invariants.
5. No explanation. No commentary. Just show me the loop invariant.
 /no_think
--------------------------
----------Response----------
[unused16][unused17]```
loop invariant i < n;
loop invariant k < n;
```
----------------------------
--------------------------------
------------Invariant Info-----------
LOOP A:
i_7: i < n
i_8: k < n
i_9: i + k == n
i_10: i < n && k < n
LOOP B:
i_2: i + k == n && i < n
i_3: j == n - i - k && j >= 0
i_4: k > 0
i_5: j >= 0 && j < n
i_6: k >= 0 && k < n
------------------------------------
----------Code with Invariants----------
/*@
    requires n > 0;
*/
void svcomp_21(int n) {
    int i = 0;
    int k = 0;
    
    // Loop A
    /*@
        loop invariant i_7: i < n;

        loop invariant i_8: k < n;

        loop invariant i_9: i + k == n;

        loop invariant i_10: i < n && k < n;


        loop assigns i, k;
    */
    while( i < n ) {
        i++;
        k++;
    }

    int j = 0;

    // Loop B
    /*@
        loop invariant i_2: i + k == n && i < n;

        loop invariant i_3: j == n - i - k && j >= 0;

        loop invariant i_4: k > 0;

        loop invariant i_5: j >= 0 && j < n;

        loop invariant i_6: k >= 0 && k < n;


        loop assigns j, k;
    */
    while( j < n ) {
        //@ assert (k > 0);
        j++;
        k--;
    }
}
----------------------------------------
------------Invariant Info-----------
LOOP A:
i_7: i < n
i_8: k < n
i_10: i < n && k < n
LOOP B:
i_2: i + k == n && i < n
i_3: j == n - i - k && j >= 0
i_4: k > 0
i_5: j >= 0 && j < n
i_6: k >= 0 && k < n
------------------------------------
----------Code with Invariants----------
/*@
    requires n > 0;
*/
void svcomp_21(int n) {
    int i = 0;
    int k = 0;
    
    // Loop A
    /*@
        loop invariant i_7: i < n;

        loop invariant i_8: k < n;

        loop invariant i_10: i < n && k < n;


        loop assigns i, k;
    */
    while( i < n ) {
        i++;
        k++;
    }

    int j = 0;

    // Loop B
    /*@
        loop invariant i_2: i + k == n && i < n;

        loop invariant i_3: j == n - i - k && j >= 0;

        loop invariant i_4: k > 0;

        loop invariant i_5: j >= 0 && j < n;

        loop invariant i_6: k >= 0 && k < n;


        loop assigns j, k;
    */
    while( j < n ) {
        //@ assert (k > 0);
        j++;
        k--;
    }
}
----------------------------------------
------------Invariant Info-----------
LOOP A:
i_10: i < n && k < n
LOOP B:
i_2: i + k == n && i < n
i_3: j == n - i - k && j >= 0
i_4: k > 0
i_5: j >= 0 && j < n
i_6: k >= 0 && k < n
------------------------------------
----------Code with Invariants----------
/*@
    requires n > 0;
*/
void svcomp_21(int n) {
    int i = 0;
    int k = 0;
    
    // Loop A
    /*@
        loop invariant i_10: i < n && k < n;


        loop assigns i, k;
    */
    while( i < n ) {
        i++;
        k++;
    }

    int j = 0;

    // Loop B
    /*@
        loop invariant i_2: i + k == n && i < n;

        loop invariant i_3: j == n - i - k && j >= 0;

        loop invariant i_4: k > 0;

        loop invariant i_5: j >= 0 && j < n;

        loop invariant i_6: k >= 0 && k < n;


        loop assigns j, k;
    */
    while( j < n ) {
        //@ assert (k > 0);
        j++;
        k--;
    }
}
----------------------------------------
------------Invariant Info-----------
LOOP A:
LOOP B:
i_2: i + k == n && i < n
i_3: j == n - i - k && j >= 0
i_4: k > 0
i_5: j >= 0 && j < n
i_6: k >= 0 && k < n
------------------------------------
----------Code with Invariants----------
/*@
    requires n > 0;
*/
void svcomp_21(int n) {
    int i = 0;
    int k = 0;
    
    // Loop A
    /*@
        loop assigns i, k;
    */
    while( i < n ) {
        i++;
        k++;
    }

    int j = 0;

    // Loop B
    /*@
        loop invariant i_2: i + k == n && i < n;

        loop invariant i_3: j == n - i - k && j >= 0;

        loop invariant i_4: k > 0;

        loop invariant i_5: j >= 0 && j < n;

        loop invariant i_6: k >= 0 && k < n;


        loop assigns j, k;
    */
    while( j < n ) {
        //@ assert (k > 0);
        j++;
        k--;
    }
}
----------------------------------------
------------Invariant Info-----------
LOOP A:
LOOP B:
i_3: j == n - i - k && j >= 0
i_4: k > 0
i_5: j >= 0 && j < n
i_6: k >= 0 && k < n
------------------------------------
----------Code with Invariants----------
/*@
    requires n > 0;
*/
void svcomp_21(int n) {
    int i = 0;
    int k = 0;
    
    // Loop A
    /*@
        loop assigns i, k;
    */
    while( i < n ) {
        i++;
        k++;
    }

    int j = 0;

    // Loop B
    /*@
        loop invariant i_3: j == n - i - k && j >= 0;

        loop invariant i_4: k > 0;

        loop invariant i_5: j >= 0 && j < n;

        loop invariant i_6: k >= 0 && k < n;


        loop assigns j, k;
    */
    while( j < n ) {
        //@ assert (k > 0);
        j++;
        k--;
    }
}
----------------------------------------
------------Invariant Info-----------
LOOP A:
LOOP B:
i_5: j >= 0 && j < n
i_6: k >= 0 && k < n
------------------------------------
----------Code with Invariants----------
/*@
    requires n > 0;
*/
void svcomp_21(int n) {
    int i = 0;
    int k = 0;
    
    // Loop A
    /*@
        loop assigns i, k;
    */
    while( i < n ) {
        i++;
        k++;
    }

    int j = 0;

    // Loop B
    /*@
        loop invariant i_5: j >= 0 && j < n;

        loop invariant i_6: k >= 0 && k < n;


        loop assigns j, k;
    */
    while( j < n ) {
        //@ assert (k > 0);
        j++;
        k--;
    }
}
----------------------------------------
------------Invariant Info-----------
LOOP A:
LOOP B:
------------------------------------
----------Code with Invariants----------
/*@
    requires n > 0;
*/
void svcomp_21(int n) {
    int i = 0;
    int k = 0;
    
    // Loop A
    /*@
        loop assigns i, k;
    */
    while( i < n ) {
        i++;
        k++;
    }

    int j = 0;

    // Loop B
    /*@
        loop assigns j, k;
    */
    while( j < n ) {
        //@ assert (k > 0);
        j++;
        k--;
    }
}
----------------------------------------
---------Result---------
Fail
Model: openPangu-Embedded-7B-V1.1
Running time: 241.4401307106018
Proposal number: 18
Verified code:

------------------------
