-----------Model-----------
Model type:
PanguEmbeddedForCausalLM(
  (model): PanguEmbeddedModel(
    (embed_tokens): Embedding(153376, 4096, padding_idx=0)
    (layers): ModuleList(
      (0-33): 34 x PanguEmbeddedDecoderLayer(
        (self_attn): PanguEmbeddedAttention(
          (q_proj): Linear(in_features=4096, out_features=4096, bias=True)
          (k_proj): Linear(in_features=4096, out_features=1024, bias=True)
          (v_proj): Linear(in_features=4096, out_features=1024, bias=True)
          (o_proj): Linear(in_features=4096, out_features=4096, bias=True)
        )
        (mlp): PanguEmbeddedMLP(
          (gate_proj): Linear(in_features=4096, out_features=12800, bias=False)
          (up_proj): Linear(in_features=4096, out_features=12800, bias=False)
          (down_proj): Linear(in_features=12800, out_features=4096, bias=False)
          (act_fn): SiLU()
        )
        (input_layernorm): PanguEmbeddedRMSNorm((4096,), eps=1e-05)
        (post_attention_layernorm): PanguEmbeddedRMSNorm((4096,), eps=1e-05)
      )
    )
    (norm): PanguEmbeddedRMSNorm((4096,), eps=1e-05)
    (rotary_emb): PanguEmbeddedRotaryEmbedding()
  )
  (lm_head): Linear(in_features=4096, out_features=153376, bias=False)
)
Model device:
npu:1
---------------------------
File Path: ../Benchmark/SVCOMP/svcomp_18.c
----------Code----------
# define INT_MAX 2147483647
# define INT_MIN -2147483648

/*@
    requires INT_MIN < n0 && n0 < INT_MAX;
    requires INT_MIN < n1 && n1 < INT_MAX;
*/
void svcomp_18(int n0, int n1) {
    int i0 = 0;
    int k = 0;

    /*@
        loop assigns i0, k;
    */
    while( i0 < n0 ) {
        i0++;
        k++;
    }

    int i1 = 0;

    /*@
        loop assigns i1, k;
    */
    while( i1 < n1 ) {
        i1++;
        k++;
    }

    int j1 = 0;

    /*@
        loop assigns j1, k;
    */
    while( j1 < n0 + n1 ) {
        //@ assert(k > 0);
        j1++;
        k--;
    }
}
------------------------
========== Attempt 1 ==========
----------Prompt----------

# define INT_MAX 2147483647
# define INT_MIN -2147483648

/*@
    requires INT_MIN < n0 && n0 < INT_MAX;
    requires INT_MIN < n1 && n1 < INT_MAX;
*/
void svcomp_18(int n0, int n1) {
    int i0 = 0;
    int k = 0;

    // Loop A
    /*@
        [Hint] Please infer the loop invariant for the following loop.

        loop assigns i0, k;
    */
    while( i0 < n0 ) {
        i0++;
        k++;
    }

    int i1 = 0;

    // Loop B
    /*@
        loop assigns i1, k;
    */
    while( i1 < n1 ) {
        i1++;
        k++;
    }

    int j1 = 0;

    // Loop C
    /*@
        loop assigns j1, k;
    */
    while( j1 < n0 + n1 ) {
        //@ assert(k > 0);
        j1++;
        k--;
    }
}
You are an expert in program verification, and please generate loop invariant as C annotation comments at the hint location (annotated by "[Hint] Please infer the loop invariant for the following loop.") using ACSL language.
ACSL is a specification language for C programs that conforms to the design by contract paradigm, utilizing Hoare style pre- and postconditions and invariants. Note that the `loop invariant` clause is a condition that is true at the beginning and end of every loop iteration.
Specifically, for the current verification task:
    - Pre-condition: the function's `requires` clauses
    - Post-condition: 
Please verify that the generated loop invariant is consistent with these constraints. If these specific pre- or post-conditions are not provided or empty, please infer the loop invariant strictly based on the program's execution logic and standard correctness.
In order to get a correct answer, You may want to consider both the situation of not entering the loop and the situation of jumping out of the loop. If some of the pre-conditions are also loop invariant, you need to add them to your answer as well.
Use '&&', '||', '==>', '\forall' or '\exists' if necessary. For instance:
```
loop invariant 1 <= x;
loop invariant x == y;
loop invariant 0 < x ==> y <= z;
loop invariant z % 2 == 1 || x == y;
loop invariant z % 2 == 1 && x <= y;
loop invariant \forall integer k;  0 <= k < i ==> max >=  a[k];
loop invariant \exists integer k;  0 <= k < i &&  max == a[k];
loop invariant \forall integer p; 0 <= p < \at(k, End_l) ==> res[p] == \at(res[p], End_l);
```
Your answer should follow the following format:
```
loop invariant ...;
loop invariant ...;
...
```
No explanation. No commentary. Just show me the loop invariant.
 /no_think
--------------------------
----------Response----------
[unused16][unused17]```
loop invariant i0 <= n0 && k == i0;
loop invariant i1 <= n1 && k == i1;
loop invariant j1 <= n0 + n1 && k >= 0;
```
----------------------------
----------Prompt----------

# define INT_MAX 2147483647
# define INT_MIN -2147483648

/*@
    requires INT_MIN < n0 && n0 < INT_MAX;
    requires INT_MIN < n1 && n1 < INT_MAX;
*/
void svcomp_18(int n0, int n1) {
    int i0 = 0;
    int k = 0;

    // Loop A
    /*@
        loop invariant i_0: i0 <= n0 && k == i0;

        loop invariant i_1: i1 <= n1 && k == i1;

        loop invariant i_2: j1 <= n0 + n1 && k >= 0;


        loop assigns i0, k;
    */
    while( i0 < n0 ) {
        i0++;
        k++;
    }

    int i1 = 0;

    // Loop B
    /*@
        loop assigns i1, k;
    */
    while( i1 < n1 ) {
        i1++;
        k++;
    }

    int j1 = 0;

    // Loop C
    /*@
        [Hint] Please infer the loop invariant for the following loop.

        loop assigns j1, k;
    */
    while( j1 < n0 + n1 ) {
        //@ assert(k > 0);
        j1++;
        k--;
    }
}
You are an expert in program verification, and please generate loop invariant as C annotation comments at the hint location (annotated by "[Hint] Please infer the loop invariant for the following loop.") using ACSL language.
ACSL is a specification language for C programs that conforms to the design by contract paradigm, utilizing Hoare style pre- and postconditions and invariants. Note that the `loop invariant` clause is a condition that is true at the beginning and end of every loop iteration.
Specifically, for the current verification task:
    - Pre-condition: 
    - Post-condition: 1:(k > 0); 
Please verify that the generated loop invariant is consistent with these constraints. If these specific pre- or post-conditions are not provided or empty, please infer the loop invariant strictly based on the program's execution logic and standard correctness.
In order to get a correct answer, You may want to consider both the situation of not entering the loop and the situation of jumping out of the loop. If some of the pre-conditions are also loop invariant, you need to add them to your answer as well.
Use '&&', '||', '==>', '\forall' or '\exists' if necessary. For instance:
```
loop invariant 1 <= x;
loop invariant x == y;
loop invariant 0 < x ==> y <= z;
loop invariant z % 2 == 1 || x == y;
loop invariant z % 2 == 1 && x <= y;
loop invariant \forall integer k;  0 <= k < i ==> max >=  a[k];
loop invariant \exists integer k;  0 <= k < i &&  max == a[k];
loop invariant \forall integer p; 0 <= p < \at(k, End_l) ==> res[p] == \at(res[p], End_l);
```
Your answer should follow the following format:
```
loop invariant ...;
loop invariant ...;
...
```
No explanation. No commentary. Just show me the loop invariant.
 /no_think
--------------------------
----------Response----------
[unused16][unused17]loop invariant k >= 0;
loop invariant j1 <= n0 + n1 && k >= 0;
loop invariant i0 <= n0 && k == i0;
loop invariant i1 <= n1 && k == i1;
----------------------------
----------Prompt----------

# define INT_MAX 2147483647
# define INT_MIN -2147483648

/*@
    requires INT_MIN < n0 && n0 < INT_MAX;
    requires INT_MIN < n1 && n1 < INT_MAX;
*/
void svcomp_18(int n0, int n1) {
    int i0 = 0;
    int k = 0;

    // Loop A
    /*@
        loop invariant i_0: i0 <= n0 && k == i0;

        loop invariant i_1: i1 <= n1 && k == i1;

        loop invariant i_2: j1 <= n0 + n1 && k >= 0;


        loop assigns i0, k;
    */
    while( i0 < n0 ) {
        i0++;
        k++;
    }

    int i1 = 0;

    // Loop B
    /*@
        [Hint] Please infer the loop invariant for the following loop.

        loop assigns i1, k;
    */
    while( i1 < n1 ) {
        i1++;
        k++;
    }

    int j1 = 0;

    // Loop C
    /*@
        loop invariant i_3: k >= 0;

        loop invariant i_4: j1 <= n0 + n1 && k >= 0;

        loop invariant i_5: i0 <= n0 && k == i0;

        loop invariant i_6: i1 <= n1 && k == i1;


        loop assigns j1, k;
    */
    while( j1 < n0 + n1 ) {
        //@ assert(k > 0);
        j1++;
        k--;
    }
}
You are an expert in program verification, and please generate loop invariant as C annotation comments at the hint location (annotated by "[Hint] Please infer the loop invariant for the following loop.") using ACSL language.
ACSL is a specification language for C programs that conforms to the design by contract paradigm, utilizing Hoare style pre- and postconditions and invariants. Note that the `loop invariant` clause is a condition that is true at the beginning and end of every loop iteration.
Specifically, for the current verification task:
    - Pre-condition: i_0:i0 <= n0 && k == i0; i_1:i1 <= n1 && k == i1; i_2:j1 <= n0 + n1 && k >= 0; 
    - Post-condition: i_3:k >= 0; i_4:j1 <= n0 + n1 && k >= 0; i_5:i0 <= n0 && k == i0; i_6:i1 <= n1 && k == i1; 
Please verify that the generated loop invariant is consistent with these constraints. If these specific pre- or post-conditions are not provided or empty, please infer the loop invariant strictly based on the program's execution logic and standard correctness.
In order to get a correct answer, You may want to consider both the situation of not entering the loop and the situation of jumping out of the loop. If some of the pre-conditions are also loop invariant, you need to add them to your answer as well.
Use '&&', '||', '==>', '\forall' or '\exists' if necessary. For instance:
```
loop invariant 1 <= x;
loop invariant x == y;
loop invariant 0 < x ==> y <= z;
loop invariant z % 2 == 1 || x == y;
loop invariant z % 2 == 1 && x <= y;
loop invariant \forall integer k;  0 <= k < i ==> max >=  a[k];
loop invariant \exists integer k;  0 <= k < i &&  max == a[k];
loop invariant \forall integer p; 0 <= p < \at(k, End_l) ==> res[p] == \at(res[p], End_l);
```
Your answer should follow the following format:
```
loop invariant ...;
loop invariant ...;
...
```
No explanation. No commentary. Just show me the loop invariant.
 /no_think
--------------------------
----------Response----------
[unused16][unused17][Loop <Loop C>]
loop invariant k >= 0;

[Loop <Loop C>]
loop invariant j1 <= n0 + n1 && k >= 0;
----------------------------
------------Invariant Info-----------
LOOP A:
i_0: i0 <= n0 && k == i0
i_1: i1 <= n1 && k == i1
i_2: j1 <= n0 + n1 && k >= 0
LOOP B:
i_7: k >= 0
i_8: j1 <= n0 + n1 && k >= 0
LOOP C:
i_3: k >= 0
i_4: j1 <= n0 + n1 && k >= 0
i_5: i0 <= n0 && k == i0
i_6: i1 <= n1 && k == i1
------------------------------------
---------- Code with Invariants ----------
# define INT_MAX 2147483647
# define INT_MIN -2147483648

/*@
    requires INT_MIN < n0 && n0 < INT_MAX;
    requires INT_MIN < n1 && n1 < INT_MAX;
*/
void svcomp_18(int n0, int n1) {
    int i0 = 0;
    int k = 0;

    // Loop A
    /*@
        loop invariant i_0: i0 <= n0 && k == i0;

        loop invariant i_1: i1 <= n1 && k == i1;

        loop invariant i_2: j1 <= n0 + n1 && k >= 0;


        loop assigns i0, k;
    */
    while( i0 < n0 ) {
        i0++;
        k++;
    }

    int i1 = 0;

    // Loop B
    /*@
        loop invariant i_7: k >= 0;

        loop invariant i_8: j1 <= n0 + n1 && k >= 0;


        loop assigns i1, k;
    */
    while( i1 < n1 ) {
        i1++;
        k++;
    }

    int j1 = 0;

    // Loop C
    /*@
        loop invariant i_3: k >= 0;

        loop invariant i_4: j1 <= n0 + n1 && k >= 0;

        loop invariant i_5: i0 <= n0 && k == i0;

        loop invariant i_6: i1 <= n1 && k == i1;


        loop assigns j1, k;
    */
    while( j1 < n0 + n1 ) {
        //@ assert(k > 0);
        j1++;
        k--;
    }
}
------------------------------------------
Verification failed (Invalid), removing all invariants and retrying.
========== Attempt 2 ==========
----------Prompt----------

# define INT_MAX 2147483647
# define INT_MIN -2147483648

/*@
    requires INT_MIN < n0 && n0 < INT_MAX;
    requires INT_MIN < n1 && n1 < INT_MAX;
*/
void svcomp_18(int n0, int n1) {
    int i0 = 0;
    int k = 0;

    // Loop A
    /*@
        [Hint] Please infer the loop invariant for the following loop.

        loop assigns i0, k;
    */
    while( i0 < n0 ) {
        i0++;
        k++;
    }

    int i1 = 0;

    // Loop B
    /*@
        loop assigns i1, k;
    */
    while( i1 < n1 ) {
        i1++;
        k++;
    }

    int j1 = 0;

    // Loop C
    /*@
        loop assigns j1, k;
    */
    while( j1 < n0 + n1 ) {
        //@ assert(k > 0);
        j1++;
        k--;
    }
}
You are an expert in program verification, and please generate loop invariant as C annotation comments at the hint location (annotated by "[Hint] Please infer the loop invariant for the following loop.") using ACSL language.
ACSL is a specification language for C programs that conforms to the design by contract paradigm, utilizing Hoare style pre- and postconditions and invariants. Note that the `loop invariant` clause is a condition that is true at the beginning and end of every loop iteration.
Specifically, for the current verification task:
    - Pre-condition: the function's `requires` clauses
    - Post-condition: 
Please verify that the generated loop invariant is consistent with these constraints. If these specific pre- or post-conditions are not provided or empty, please infer the loop invariant strictly based on the program's execution logic and standard correctness.
In order to get a correct answer, You may want to consider both the situation of not entering the loop and the situation of jumping out of the loop. If some of the pre-conditions are also loop invariant, you need to add them to your answer as well.
Use '&&', '||', '==>', '\forall' or '\exists' if necessary. For instance:
```
loop invariant 1 <= x;
loop invariant x == y;
loop invariant 0 < x ==> y <= z;
loop invariant z % 2 == 1 || x == y;
loop invariant z % 2 == 1 && x <= y;
loop invariant \forall integer k;  0 <= k < i ==> max >=  a[k];
loop invariant \exists integer k;  0 <= k < i &&  max == a[k];
loop invariant \forall integer p; 0 <= p < \at(k, End_l) ==> res[p] == \at(res[p], End_l);
```
Your answer should follow the following format:
```
loop invariant ...;
loop invariant ...;
...
```
No explanation. No commentary. Just show me the loop invariant.
 /no_think
--------------------------
----------Response----------
[unused16][unused17]loop invariant i0 >= 0 && i0 < n0;
loop invariant k >= 0 && k < n0;
loop invariant i1 >= 0 && i1 < n1;
loop invariant k >= 0 && k < n1;
loop invariant j1 >= 0 && j1 < n0 + n1;
loop invariant k >= -(n0 + n1 - 1) && k < n0 + n1;
----------------------------
----------Prompt----------

# define INT_MAX 2147483647
# define INT_MIN -2147483648

/*@
    requires INT_MIN < n0 && n0 < INT_MAX;
    requires INT_MIN < n1 && n1 < INT_MAX;
*/
void svcomp_18(int n0, int n1) {
    int i0 = 0;
    int k = 0;

    // Loop A
    /*@
        loop invariant i_9: i0 >= 0 && i0 < n0;

        loop invariant i_10: k >= 0 && k < n0;

        loop invariant i_11: i1 >= 0 && i1 < n1;

        loop invariant i_12: k >= 0 && k < n1;

        loop invariant i_13: j1 >= 0 && j1 < n0 + n1;

        loop invariant i_14: k >= -(n0 + n1 - 1) && k < n0 + n1;


        loop assigns i0, k;
    */
    while( i0 < n0 ) {
        i0++;
        k++;
    }

    int i1 = 0;

    // Loop B
    /*@
        loop assigns i1, k;
    */
    while( i1 < n1 ) {
        i1++;
        k++;
    }

    int j1 = 0;

    // Loop C
    /*@
        [Hint] Please infer the loop invariant for the following loop.

        loop assigns j1, k;
    */
    while( j1 < n0 + n1 ) {
        //@ assert(k > 0);
        j1++;
        k--;
    }
}
You are an expert in program verification, and please generate loop invariant as C annotation comments at the hint location (annotated by "[Hint] Please infer the loop invariant for the following loop.") using ACSL language.
ACSL is a specification language for C programs that conforms to the design by contract paradigm, utilizing Hoare style pre- and postconditions and invariants. Note that the `loop invariant` clause is a condition that is true at the beginning and end of every loop iteration.
Specifically, for the current verification task:
    - Pre-condition: 
    - Post-condition: 1:(k > 0); 
Please verify that the generated loop invariant is consistent with these constraints. If these specific pre- or post-conditions are not provided or empty, please infer the loop invariant strictly based on the program's execution logic and standard correctness.
In order to get a correct answer, You may want to consider both the situation of not entering the loop and the situation of jumping out of the loop. If some of the pre-conditions are also loop invariant, you need to add them to your answer as well.
Use '&&', '||', '==>', '\forall' or '\exists' if necessary. For instance:
```
loop invariant 1 <= x;
loop invariant x == y;
loop invariant 0 < x ==> y <= z;
loop invariant z % 2 == 1 || x == y;
loop invariant z % 2 == 1 && x <= y;
loop invariant \forall integer k;  0 <= k < i ==> max >=  a[k];
loop invariant \exists integer k;  0 <= k < i &&  max == a[k];
loop invariant \forall integer p; 0 <= p < \at(k, End_l) ==> res[p] == \at(res[p], End_l);
```
Your answer should follow the following format:
```
loop invariant ...;
loop invariant ...;
...
```
No explanation. No commentary. Just show me the loop invariant.
 /no_think
--------------------------
----------Response----------
[unused16][unused17]loop invariant 1 <= k;
loop invariant 1 < k;
loop invariant j1 < n0 + n1;
loop invariant k >= 0 && k < n0 + n1;
loop invariant k > 0;
----------------------------
----------Prompt----------

# define INT_MAX 2147483647
# define INT_MIN -2147483648

/*@
    requires INT_MIN < n0 && n0 < INT_MAX;
    requires INT_MIN < n1 && n1 < INT_MAX;
*/
void svcomp_18(int n0, int n1) {
    int i0 = 0;
    int k = 0;

    // Loop A
    /*@
        loop invariant i_9: i0 >= 0 && i0 < n0;

        loop invariant i_10: k >= 0 && k < n0;

        loop invariant i_11: i1 >= 0 && i1 < n1;

        loop invariant i_12: k >= 0 && k < n1;

        loop invariant i_13: j1 >= 0 && j1 < n0 + n1;

        loop invariant i_14: k >= -(n0 + n1 - 1) && k < n0 + n1;


        loop assigns i0, k;
    */
    while( i0 < n0 ) {
        i0++;
        k++;
    }

    int i1 = 0;

    // Loop B
    /*@
        [Hint] Please infer the loop invariant for the following loop.

        loop assigns i1, k;
    */
    while( i1 < n1 ) {
        i1++;
        k++;
    }

    int j1 = 0;

    // Loop C
    /*@
        loop invariant i_15: 1 <= k;

        loop invariant i_16: 1 < k;

        loop invariant i_17: j1 < n0 + n1;

        loop invariant i_18: k >= 0 && k < n0 + n1;

        loop invariant i_19: k > 0;


        loop assigns j1, k;
    */
    while( j1 < n0 + n1 ) {
        //@ assert(k > 0);
        j1++;
        k--;
    }
}
You are an expert in program verification, and please generate loop invariant as C annotation comments at the hint location (annotated by "[Hint] Please infer the loop invariant for the following loop.") using ACSL language.
ACSL is a specification language for C programs that conforms to the design by contract paradigm, utilizing Hoare style pre- and postconditions and invariants. Note that the `loop invariant` clause is a condition that is true at the beginning and end of every loop iteration.
Specifically, for the current verification task:
    - Pre-condition: i_9:i0 >= 0 && i0 < n0; i_10:k >= 0 && k < n0; i_11:i1 >= 0 && i1 < n1; i_12:k >= 0 && k < n1; i_13:j1 >= 0 && j1 < n0 + n1; i_14:k >= -(n0 + n1 - 1) && k < n0 + n1; 
    - Post-condition: i_15:1 <= k; i_16:1 < k; i_17:j1 < n0 + n1; i_18:k >= 0 && k < n0 + n1; i_19:k > 0; 
Please verify that the generated loop invariant is consistent with these constraints. If these specific pre- or post-conditions are not provided or empty, please infer the loop invariant strictly based on the program's execution logic and standard correctness.
In order to get a correct answer, You may want to consider both the situation of not entering the loop and the situation of jumping out of the loop. If some of the pre-conditions are also loop invariant, you need to add them to your answer as well.
Use '&&', '||', '==>', '\forall' or '\exists' if necessary. For instance:
```
loop invariant 1 <= x;
loop invariant x == y;
loop invariant 0 < x ==> y <= z;
loop invariant z % 2 == 1 || x == y;
loop invariant z % 2 == 1 && x <= y;
loop invariant \forall integer k;  0 <= k < i ==> max >=  a[k];
loop invariant \exists integer k;  0 <= k < i &&  max == a[k];
loop invariant \forall integer p; 0 <= p < \at(k, End_l) ==> res[p] == \at(res[p], End_l);
```
Your answer should follow the following format:
```
loop invariant ...;
loop invariant ...;
...
```
No explanation. No commentary. Just show me the loop invariant.
 /no_think
--------------------------
----------Response----------
[unused16][unused17][Loop <Loop C>]
loop invariant 1 <= k;

[Loop <Loop B>]
loop invariant k >= 0 && k < n0 + n1;

[Loop <Loop A>]
loop invariant k >= 0 && k < n0 && k >= -(n0 + n1 - 1);
loop invariant i0 >= 0 && i0 < n0;
loop invariant i1 >= 0 && i1 < n1;
loop invariant j1 >= 0 && j1 < n0 + n1;
----------------------------
------------Invariant Info-----------
LOOP A:
i_9: i0 >= 0 && i0 < n0
i_10: k >= 0 && k < n0
i_11: i1 >= 0 && i1 < n1
i_12: k >= 0 && k < n1
i_13: j1 >= 0 && j1 < n0 + n1
i_14: k >= -(n0 + n1 - 1) && k < n0 + n1
LOOP B:
i_20: 1 <= k
i_21: k >= 0 && k < n0 + n1
i_22: k >= 0 && k < n0 && k >= -(n0 + n1 - 1)
i_23: i0 >= 0 && i0 < n0
i_24: i1 >= 0 && i1 < n1
i_25: j1 >= 0 && j1 < n0 + n1
LOOP C:
i_15: 1 <= k
i_16: 1 < k
i_17: j1 < n0 + n1
i_18: k >= 0 && k < n0 + n1
i_19: k > 0
------------------------------------
---------- Code with Invariants ----------
# define INT_MAX 2147483647
# define INT_MIN -2147483648

/*@
    requires INT_MIN < n0 && n0 < INT_MAX;
    requires INT_MIN < n1 && n1 < INT_MAX;
*/
void svcomp_18(int n0, int n1) {
    int i0 = 0;
    int k = 0;

    // Loop A
    /*@
        loop invariant i_9: i0 >= 0 && i0 < n0;

        loop invariant i_10: k >= 0 && k < n0;

        loop invariant i_11: i1 >= 0 && i1 < n1;

        loop invariant i_12: k >= 0 && k < n1;

        loop invariant i_13: j1 >= 0 && j1 < n0 + n1;

        loop invariant i_14: k >= -(n0 + n1 - 1) && k < n0 + n1;


        loop assigns i0, k;
    */
    while( i0 < n0 ) {
        i0++;
        k++;
    }

    int i1 = 0;

    // Loop B
    /*@
        loop invariant i_20: 1 <= k;

        loop invariant i_21: k >= 0 && k < n0 + n1;

        loop invariant i_22: k >= 0 && k < n0 && k >= -(n0 + n1 - 1);

        loop invariant i_23: i0 >= 0 && i0 < n0;

        loop invariant i_24: i1 >= 0 && i1 < n1;

        loop invariant i_25: j1 >= 0 && j1 < n0 + n1;


        loop assigns i1, k;
    */
    while( i1 < n1 ) {
        i1++;
        k++;
    }

    int j1 = 0;

    // Loop C
    /*@
        loop invariant i_15: 1 <= k;

        loop invariant i_16: 1 < k;

        loop invariant i_17: j1 < n0 + n1;

        loop invariant i_18: k >= 0 && k < n0 + n1;

        loop invariant i_19: k > 0;


        loop assigns j1, k;
    */
    while( j1 < n0 + n1 ) {
        //@ assert(k > 0);
        j1++;
        k--;
    }
}
------------------------------------------
Verification failed (Invalid), removing all invariants and retrying.
========== Attempt 3 ==========
----------Prompt----------

# define INT_MAX 2147483647
# define INT_MIN -2147483648

/*@
    requires INT_MIN < n0 && n0 < INT_MAX;
    requires INT_MIN < n1 && n1 < INT_MAX;
*/
void svcomp_18(int n0, int n1) {
    int i0 = 0;
    int k = 0;

    // Loop A
    /*@
        [Hint] Please infer the loop invariant for the following loop.

        loop assigns i0, k;
    */
    while( i0 < n0 ) {
        i0++;
        k++;
    }

    int i1 = 0;

    // Loop B
    /*@
        loop assigns i1, k;
    */
    while( i1 < n1 ) {
        i1++;
        k++;
    }

    int j1 = 0;

    // Loop C
    /*@
        loop assigns j1, k;
    */
    while( j1 < n0 + n1 ) {
        //@ assert(k > 0);
        j1++;
        k--;
    }
}
You are an expert in program verification, and please generate loop invariant as C annotation comments at the hint location (annotated by "[Hint] Please infer the loop invariant for the following loop.") using ACSL language.
ACSL is a specification language for C programs that conforms to the design by contract paradigm, utilizing Hoare style pre- and postconditions and invariants. Note that the `loop invariant` clause is a condition that is true at the beginning and end of every loop iteration.
Specifically, for the current verification task:
    - Pre-condition: the function's `requires` clauses
    - Post-condition: 
Please verify that the generated loop invariant is consistent with these constraints. If these specific pre- or post-conditions are not provided or empty, please infer the loop invariant strictly based on the program's execution logic and standard correctness.
In order to get a correct answer, You may want to consider both the situation of not entering the loop and the situation of jumping out of the loop. If some of the pre-conditions are also loop invariant, you need to add them to your answer as well.
Use '&&', '||', '==>', '\forall' or '\exists' if necessary. For instance:
```
loop invariant 1 <= x;
loop invariant x == y;
loop invariant 0 < x ==> y <= z;
loop invariant z % 2 == 1 || x == y;
loop invariant z % 2 == 1 && x <= y;
loop invariant \forall integer k;  0 <= k < i ==> max >=  a[k];
loop invariant \exists integer k;  0 <= k < i &&  max == a[k];
loop invariant \forall integer p; 0 <= p < \at(k, End_l) ==> res[p] == \at(res[p], End_l);
```
Your answer should follow the following format:
```
loop invariant ...;
loop invariant ...;
...
```
No explanation. No commentary. Just show me the loop invariant.
 /no_think
--------------------------
----------Response----------
[unused16][unused17]loop invariant i0 <= n0 && k >= 0;
loop invariant i1 <= n1 && k >= 0;
loop invariant j1 <= n0 + n1 && k >= 0;
```
----------------------------
----------Prompt----------

# define INT_MAX 2147483647
# define INT_MIN -2147483648

/*@
    requires INT_MIN < n0 && n0 < INT_MAX;
    requires INT_MIN < n1 && n1 < INT_MAX;
*/
void svcomp_18(int n0, int n1) {
    int i0 = 0;
    int k = 0;

    // Loop A
    /*@
        loop invariant i_26: i0 <= n0 && k >= 0;

        loop invariant i_27: i1 <= n1 && k >= 0;

        loop invariant i_28: j1 <= n0 + n1 && k >= 0;


        loop assigns i0, k;
    */
    while( i0 < n0 ) {
        i0++;
        k++;
    }

    int i1 = 0;

    // Loop B
    /*@
        loop assigns i1, k;
    */
    while( i1 < n1 ) {
        i1++;
        k++;
    }

    int j1 = 0;

    // Loop C
    /*@
        [Hint] Please infer the loop invariant for the following loop.

        loop assigns j1, k;
    */
    while( j1 < n0 + n1 ) {
        //@ assert(k > 0);
        j1++;
        k--;
    }
}
You are an expert in program verification, and please generate loop invariant as C annotation comments at the hint location (annotated by "[Hint] Please infer the loop invariant for the following loop.") using ACSL language.
ACSL is a specification language for C programs that conforms to the design by contract paradigm, utilizing Hoare style pre- and postconditions and invariants. Note that the `loop invariant` clause is a condition that is true at the beginning and end of every loop iteration.
Specifically, for the current verification task:
    - Pre-condition: 
    - Post-condition: 1:(k > 0); 
Please verify that the generated loop invariant is consistent with these constraints. If these specific pre- or post-conditions are not provided or empty, please infer the loop invariant strictly based on the program's execution logic and standard correctness.
In order to get a correct answer, You may want to consider both the situation of not entering the loop and the situation of jumping out of the loop. If some of the pre-conditions are also loop invariant, you need to add them to your answer as well.
Use '&&', '||', '==>', '\forall' or '\exists' if necessary. For instance:
```
loop invariant 1 <= x;
loop invariant x == y;
loop invariant 0 < x ==> y <= z;
loop invariant z % 2 == 1 || x == y;
loop invariant z % 2 == 1 && x <= y;
loop invariant \forall integer k;  0 <= k < i ==> max >=  a[k];
loop invariant \exists integer k;  0 <= k < i &&  max == a[k];
loop invariant \forall integer p; 0 <= p < \at(k, End_l) ==> res[p] == \at(res[p], End_l);
```
Your answer should follow the following format:
```
loop invariant ...;
loop invariant ...;
...
```
No explanation. No commentary. Just show me the loop invariant.
 /no_think
--------------------------
----------Response----------
[unused16][unused17]loop invariant k >= 0 && k <= n0 + n1;

loop invariant j1 <= n0 + n1 && k >= 0;
----------------------------
----------Prompt----------

# define INT_MAX 2147483647
# define INT_MIN -2147483648

/*@
    requires INT_MIN < n0 && n0 < INT_MAX;
    requires INT_MIN < n1 && n1 < INT_MAX;
*/
void svcomp_18(int n0, int n1) {
    int i0 = 0;
    int k = 0;

    // Loop A
    /*@
        loop invariant i_26: i0 <= n0 && k >= 0;

        loop invariant i_27: i1 <= n1 && k >= 0;

        loop invariant i_28: j1 <= n0 + n1 && k >= 0;


        loop assigns i0, k;
    */
    while( i0 < n0 ) {
        i0++;
        k++;
    }

    int i1 = 0;

    // Loop B
    /*@
        [Hint] Please infer the loop invariant for the following loop.

        loop assigns i1, k;
    */
    while( i1 < n1 ) {
        i1++;
        k++;
    }

    int j1 = 0;

    // Loop C
    /*@
        loop invariant i_29: k >= 0 && k <= n0 + n1;

        loop invariant i_30: j1 <= n0 + n1 && k >= 0;


        loop assigns j1, k;
    */
    while( j1 < n0 + n1 ) {
        //@ assert(k > 0);
        j1++;
        k--;
    }
}
You are an expert in program verification, and please generate loop invariant as C annotation comments at the hint location (annotated by "[Hint] Please infer the loop invariant for the following loop.") using ACSL language.
ACSL is a specification language for C programs that conforms to the design by contract paradigm, utilizing Hoare style pre- and postconditions and invariants. Note that the `loop invariant` clause is a condition that is true at the beginning and end of every loop iteration.
Specifically, for the current verification task:
    - Pre-condition: i_26:i0 <= n0 && k >= 0; i_27:i1 <= n1 && k >= 0; i_28:j1 <= n0 + n1 && k >= 0; 
    - Post-condition: i_29:k >= 0 && k <= n0 + n1; i_30:j1 <= n0 + n1 && k >= 0; 
Please verify that the generated loop invariant is consistent with these constraints. If these specific pre- or post-conditions are not provided or empty, please infer the loop invariant strictly based on the program's execution logic and standard correctness.
In order to get a correct answer, You may want to consider both the situation of not entering the loop and the situation of jumping out of the loop. If some of the pre-conditions are also loop invariant, you need to add them to your answer as well.
Use '&&', '||', '==>', '\forall' or '\exists' if necessary. For instance:
```
loop invariant 1 <= x;
loop invariant x == y;
loop invariant 0 < x ==> y <= z;
loop invariant z % 2 == 1 || x == y;
loop invariant z % 2 == 1 && x <= y;
loop invariant \forall integer k;  0 <= k < i ==> max >=  a[k];
loop invariant \exists integer k;  0 <= k < i &&  max == a[k];
loop invariant \forall integer p; 0 <= p < \at(k, End_l) ==> res[p] == \at(res[p], End_l);
```
Your answer should follow the following format:
```
loop invariant ...;
loop invariant ...;
...
```
No explanation. No commentary. Just show me the loop invariant.
 /no_think
--------------------------
----------Response----------
[unused16][unused17][Loop <Loop B>]
loop invariant i_1 <= n1 && k >= 0;

[Loop <Loop C>]
loop invariant j1 <= n0 + n1 && k >= 0;
----------------------------
------------Invariant Info-----------
LOOP A:
i_26: i0 <= n0 && k >= 0
i_27: i1 <= n1 && k >= 0
i_28: j1 <= n0 + n1 && k >= 0
LOOP B:
i_31: i_1 <= n1 && k >= 0
i_32: j1 <= n0 + n1 && k >= 0
LOOP C:
i_29: k >= 0 && k <= n0 + n1
i_30: j1 <= n0 + n1 && k >= 0
------------------------------------
---------- Code with Invariants ----------
# define INT_MAX 2147483647
# define INT_MIN -2147483648

/*@
    requires INT_MIN < n0 && n0 < INT_MAX;
    requires INT_MIN < n1 && n1 < INT_MAX;
*/
void svcomp_18(int n0, int n1) {
    int i0 = 0;
    int k = 0;

    // Loop A
    /*@
        loop invariant i_26: i0 <= n0 && k >= 0;

        loop invariant i_27: i1 <= n1 && k >= 0;

        loop invariant i_28: j1 <= n0 + n1 && k >= 0;


        loop assigns i0, k;
    */
    while( i0 < n0 ) {
        i0++;
        k++;
    }

    int i1 = 0;

    // Loop B
    /*@
        loop invariant i_31: i_1 <= n1 && k >= 0;

        loop invariant i_32: j1 <= n0 + n1 && k >= 0;


        loop assigns i1, k;
    */
    while( i1 < n1 ) {
        i1++;
        k++;
    }

    int j1 = 0;

    // Loop C
    /*@
        loop invariant i_29: k >= 0 && k <= n0 + n1;

        loop invariant i_30: j1 <= n0 + n1 && k >= 0;


        loop assigns j1, k;
    */
    while( j1 < n0 + n1 ) {
        //@ assert(k > 0);
        j1++;
        k--;
    }
}
------------------------------------------
Verification failed (Invalid), removing all invariants and retrying.
========== Attempt 4 ==========
----------Prompt----------

# define INT_MAX 2147483647
# define INT_MIN -2147483648

/*@
    requires INT_MIN < n0 && n0 < INT_MAX;
    requires INT_MIN < n1 && n1 < INT_MAX;
*/
void svcomp_18(int n0, int n1) {
    int i0 = 0;
    int k = 0;

    // Loop A
    /*@
        [Hint] Please infer the loop invariant for the following loop.

        loop assigns i0, k;
    */
    while( i0 < n0 ) {
        i0++;
        k++;
    }

    int i1 = 0;

    // Loop B
    /*@
        loop assigns i1, k;
    */
    while( i1 < n1 ) {
        i1++;
        k++;
    }

    int j1 = 0;

    // Loop C
    /*@
        loop assigns j1, k;
    */
    while( j1 < n0 + n1 ) {
        //@ assert(k > 0);
        j1++;
        k--;
    }
}
You are an expert in program verification, and please generate loop invariant as C annotation comments at the hint location (annotated by "[Hint] Please infer the loop invariant for the following loop.") using ACSL language.
ACSL is a specification language for C programs that conforms to the design by contract paradigm, utilizing Hoare style pre- and postconditions and invariants. Note that the `loop invariant` clause is a condition that is true at the beginning and end of every loop iteration.
Specifically, for the current verification task:
    - Pre-condition: the function's `requires` clauses
    - Post-condition: 
Please verify that the generated loop invariant is consistent with these constraints. If these specific pre- or post-conditions are not provided or empty, please infer the loop invariant strictly based on the program's execution logic and standard correctness.
In order to get a correct answer, You may want to consider both the situation of not entering the loop and the situation of jumping out of the loop. If some of the pre-conditions are also loop invariant, you need to add them to your answer as well.
Use '&&', '||', '==>', '\forall' or '\exists' if necessary. For instance:
```
loop invariant 1 <= x;
loop invariant x == y;
loop invariant 0 < x ==> y <= z;
loop invariant z % 2 == 1 || x == y;
loop invariant z % 2 == 1 && x <= y;
loop invariant \forall integer k;  0 <= k < i ==> max >=  a[k];
loop invariant \exists integer k;  0 <= k < i &&  max == a[k];
loop invariant \forall integer p; 0 <= p < \at(k, End_l) ==> res[p] == \at(res[p], End_l);
```
Your answer should follow the following format:
```
loop invariant ...;
loop invariant ...;
...
```
No explanation. No commentary. Just show me the loop invariant.
 /no_think
--------------------------
----------Response----------
[unused16][unused17]loop invariant i0 <= n0;
loop invariant k >= 0;
loop invariant i1 <= n1;
loop invariant k >= 0;
loop invariant j1 <= n0 + n1 && k >= 0;
----------------------------
----------Prompt----------

# define INT_MAX 2147483647
# define INT_MIN -2147483648

/*@
    requires INT_MIN < n0 && n0 < INT_MAX;
    requires INT_MIN < n1 && n1 < INT_MAX;
*/
void svcomp_18(int n0, int n1) {
    int i0 = 0;
    int k = 0;

    // Loop A
    /*@
        loop invariant i_33: i0 <= n0;

        loop invariant i_34: k >= 0;

        loop invariant i_35: i1 <= n1;

        loop invariant i_36: j1 <= n0 + n1 && k >= 0;


        loop assigns i0, k;
    */
    while( i0 < n0 ) {
        i0++;
        k++;
    }

    int i1 = 0;

    // Loop B
    /*@
        loop assigns i1, k;
    */
    while( i1 < n1 ) {
        i1++;
        k++;
    }

    int j1 = 0;

    // Loop C
    /*@
        [Hint] Please infer the loop invariant for the following loop.

        loop assigns j1, k;
    */
    while( j1 < n0 + n1 ) {
        //@ assert(k > 0);
        j1++;
        k--;
    }
}
You are an expert in program verification, and please generate loop invariant as C annotation comments at the hint location (annotated by "[Hint] Please infer the loop invariant for the following loop.") using ACSL language.
ACSL is a specification language for C programs that conforms to the design by contract paradigm, utilizing Hoare style pre- and postconditions and invariants. Note that the `loop invariant` clause is a condition that is true at the beginning and end of every loop iteration.
Specifically, for the current verification task:
    - Pre-condition: 
    - Post-condition: 1:(k > 0); 
Please verify that the generated loop invariant is consistent with these constraints. If these specific pre- or post-conditions are not provided or empty, please infer the loop invariant strictly based on the program's execution logic and standard correctness.
In order to get a correct answer, You may want to consider both the situation of not entering the loop and the situation of jumping out of the loop. If some of the pre-conditions are also loop invariant, you need to add them to your answer as well.
Use '&&', '||', '==>', '\forall' or '\exists' if necessary. For instance:
```
loop invariant 1 <= x;
loop invariant x == y;
loop invariant 0 < x ==> y <= z;
loop invariant z % 2 == 1 || x == y;
loop invariant z % 2 == 1 && x <= y;
loop invariant \forall integer k;  0 <= k < i ==> max >=  a[k];
loop invariant \exists integer k;  0 <= k < i &&  max == a[k];
loop invariant \forall integer p; 0 <= p < \at(k, End_l) ==> res[p] == \at(res[p], End_l);
```
Your answer should follow the following format:
```
loop invariant ...;
loop invariant ...;
...
```
No explanation. No commentary. Just show me the loop invariant.
 /no_think
--------------------------
----------Response----------
[unused16][unused17]loop invariant j1 <= n0 + n1 && k >= 0;

loop invariant j1 == j1;
----------------------------
----------Prompt----------

# define INT_MAX 2147483647
# define INT_MIN -2147483648

/*@
    requires INT_MIN < n0 && n0 < INT_MAX;
    requires INT_MIN < n1 && n1 < INT_MAX;
*/
void svcomp_18(int n0, int n1) {
    int i0 = 0;
    int k = 0;

    // Loop A
    /*@
        loop invariant i_33: i0 <= n0;

        loop invariant i_34: k >= 0;

        loop invariant i_35: i1 <= n1;

        loop invariant i_36: j1 <= n0 + n1 && k >= 0;


        loop assigns i0, k;
    */
    while( i0 < n0 ) {
        i0++;
        k++;
    }

    int i1 = 0;

    // Loop B
    /*@
        [Hint] Please infer the loop invariant for the following loop.

        loop assigns i1, k;
    */
    while( i1 < n1 ) {
        i1++;
        k++;
    }

    int j1 = 0;

    // Loop C
    /*@
        loop invariant i_37: j1 <= n0 + n1 && k >= 0;

        loop invariant i_38: j1 == j1;


        loop assigns j1, k;
    */
    while( j1 < n0 + n1 ) {
        //@ assert(k > 0);
        j1++;
        k--;
    }
}
You are an expert in program verification, and please generate loop invariant as C annotation comments at the hint location (annotated by "[Hint] Please infer the loop invariant for the following loop.") using ACSL language.
ACSL is a specification language for C programs that conforms to the design by contract paradigm, utilizing Hoare style pre- and postconditions and invariants. Note that the `loop invariant` clause is a condition that is true at the beginning and end of every loop iteration.
Specifically, for the current verification task:
    - Pre-condition: i_33:i0 <= n0; i_34:k >= 0; i_35:i1 <= n1; i_36:j1 <= n0 + n1 && k >= 0; 
    - Post-condition: i_37:j1 <= n0 + n1 && k >= 0; i_38:j1 == j1; 
Please verify that the generated loop invariant is consistent with these constraints. If these specific pre- or post-conditions are not provided or empty, please infer the loop invariant strictly based on the program's execution logic and standard correctness.
In order to get a correct answer, You may want to consider both the situation of not entering the loop and the situation of jumping out of the loop. If some of the pre-conditions are also loop invariant, you need to add them to your answer as well.
Use '&&', '||', '==>', '\forall' or '\exists' if necessary. For instance:
```
loop invariant 1 <= x;
loop invariant x == y;
loop invariant 0 < x ==> y <= z;
loop invariant z % 2 == 1 || x == y;
loop invariant z % 2 == 1 && x <= y;
loop invariant \forall integer k;  0 <= k < i ==> max >=  a[k];
loop invariant \exists integer k;  0 <= k < i &&  max == a[k];
loop invariant \forall integer p; 0 <= p < \at(k, End_l) ==> res[p] == \at(res[p], End_l);
```
Your answer should follow the following format:
```
loop invariant ...;
loop invariant ...;
...
```
No explanation. No commentary. Just show me the loop invariant.
 /no_think
--------------------------
----------Response----------
[unused16][unused17][Loop <Loop B>]
loop invariant i_34: k >= 0;
loop invariant i_35: i1 <= n1;
```[Loop <Loop C>]
loop invariant i_37: j1 <= n0 + n1 && k >= 0;
loop invariant i_38: j1 == j1;
```
----------------------------
------------Invariant Info-----------
LOOP A:
i_33: i0 <= n0
i_34: k >= 0
i_35: i1 <= n1
i_36: j1 <= n0 + n1 && k >= 0
LOOP B:
i_39: k >= 0
i_40: i1 <= n1
i_41: j1 <= n0 + n1 && k >= 0
i_42: j1 == j1
LOOP C:
i_37: j1 <= n0 + n1 && k >= 0
i_38: j1 == j1
------------------------------------
---------- Code with Invariants ----------
# define INT_MAX 2147483647
# define INT_MIN -2147483648

/*@
    requires INT_MIN < n0 && n0 < INT_MAX;
    requires INT_MIN < n1 && n1 < INT_MAX;
*/
void svcomp_18(int n0, int n1) {
    int i0 = 0;
    int k = 0;

    // Loop A
    /*@
        loop invariant i_33: i0 <= n0;

        loop invariant i_34: k >= 0;

        loop invariant i_35: i1 <= n1;

        loop invariant i_36: j1 <= n0 + n1 && k >= 0;


        loop assigns i0, k;
    */
    while( i0 < n0 ) {
        i0++;
        k++;
    }

    int i1 = 0;

    // Loop B
    /*@
        loop invariant i_39: k >= 0;

        loop invariant i_40: i1 <= n1;

        loop invariant i_41: j1 <= n0 + n1 && k >= 0;

        loop invariant i_42: j1 == j1;


        loop assigns i1, k;
    */
    while( i1 < n1 ) {
        i1++;
        k++;
    }

    int j1 = 0;

    // Loop C
    /*@
        loop invariant i_37: j1 <= n0 + n1 && k >= 0;

        loop invariant i_38: j1 == j1;


        loop assigns j1, k;
    */
    while( j1 < n0 + n1 ) {
        //@ assert(k > 0);
        j1++;
        k--;
    }
}
------------------------------------------
Verification failed (Invalid), removing all invariants and retrying.
========== Attempt 5 ==========
----------Prompt----------

# define INT_MAX 2147483647
# define INT_MIN -2147483648

/*@
    requires INT_MIN < n0 && n0 < INT_MAX;
    requires INT_MIN < n1 && n1 < INT_MAX;
*/
void svcomp_18(int n0, int n1) {
    int i0 = 0;
    int k = 0;

    // Loop A
    /*@
        [Hint] Please infer the loop invariant for the following loop.

        loop assigns i0, k;
    */
    while( i0 < n0 ) {
        i0++;
        k++;
    }

    int i1 = 0;

    // Loop B
    /*@
        loop assigns i1, k;
    */
    while( i1 < n1 ) {
        i1++;
        k++;
    }

    int j1 = 0;

    // Loop C
    /*@
        loop assigns j1, k;
    */
    while( j1 < n0 + n1 ) {
        //@ assert(k > 0);
        j1++;
        k--;
    }
}
You are an expert in program verification, and please generate loop invariant as C annotation comments at the hint location (annotated by "[Hint] Please infer the loop invariant for the following loop.") using ACSL language.
ACSL is a specification language for C programs that conforms to the design by contract paradigm, utilizing Hoare style pre- and postconditions and invariants. Note that the `loop invariant` clause is a condition that is true at the beginning and end of every loop iteration.
Specifically, for the current verification task:
    - Pre-condition: the function's `requires` clauses
    - Post-condition: 
Please verify that the generated loop invariant is consistent with these constraints. If these specific pre- or post-conditions are not provided or empty, please infer the loop invariant strictly based on the program's execution logic and standard correctness.
In order to get a correct answer, You may want to consider both the situation of not entering the loop and the situation of jumping out of the loop. If some of the pre-conditions are also loop invariant, you need to add them to your answer as well.
Use '&&', '||', '==>', '\forall' or '\exists' if necessary. For instance:
```
loop invariant 1 <= x;
loop invariant x == y;
loop invariant 0 < x ==> y <= z;
loop invariant z % 2 == 1 || x == y;
loop invariant z % 2 == 1 && x <= y;
loop invariant \forall integer k;  0 <= k < i ==> max >=  a[k];
loop invariant \exists integer k;  0 <= k < i &&  max == a[k];
loop invariant \forall integer p; 0 <= p < \at(k, End_l) ==> res[p] == \at(res[p], End_l);
```
Your answer should follow the following format:
```
loop invariant ...;
loop invariant ...;
...
```
No explanation. No commentary. Just show me the loop invariant.
 /no_think
--------------------------
----------Response----------
[unused16][unused17]loop invariant i0 >= 0 && i0 < n0 && k == i0;
loop invariant i1 >= 0 && i1 < n1 && k == i1;
loop invariant j1 >= 0 && j1 < n0 + n1 && k >= 0;
----------------------------
----------Prompt----------

# define INT_MAX 2147483647
# define INT_MIN -2147483648

/*@
    requires INT_MIN < n0 && n0 < INT_MAX;
    requires INT_MIN < n1 && n1 < INT_MAX;
*/
void svcomp_18(int n0, int n1) {
    int i0 = 0;
    int k = 0;

    // Loop A
    /*@
        loop invariant i_43: i0 >= 0 && i0 < n0 && k == i0;

        loop invariant i_44: i1 >= 0 && i1 < n1 && k == i1;

        loop invariant i_45: j1 >= 0 && j1 < n0 + n1 && k >= 0;


        loop assigns i0, k;
    */
    while( i0 < n0 ) {
        i0++;
        k++;
    }

    int i1 = 0;

    // Loop B
    /*@
        loop assigns i1, k;
    */
    while( i1 < n1 ) {
        i1++;
        k++;
    }

    int j1 = 0;

    // Loop C
    /*@
        [Hint] Please infer the loop invariant for the following loop.

        loop assigns j1, k;
    */
    while( j1 < n0 + n1 ) {
        //@ assert(k > 0);
        j1++;
        k--;
    }
}
You are an expert in program verification, and please generate loop invariant as C annotation comments at the hint location (annotated by "[Hint] Please infer the loop invariant for the following loop.") using ACSL language.
ACSL is a specification language for C programs that conforms to the design by contract paradigm, utilizing Hoare style pre- and postconditions and invariants. Note that the `loop invariant` clause is a condition that is true at the beginning and end of every loop iteration.
Specifically, for the current verification task:
    - Pre-condition: 
    - Post-condition: 1:(k > 0); 
Please verify that the generated loop invariant is consistent with these constraints. If these specific pre- or post-conditions are not provided or empty, please infer the loop invariant strictly based on the program's execution logic and standard correctness.
In order to get a correct answer, You may want to consider both the situation of not entering the loop and the situation of jumping out of the loop. If some of the pre-conditions are also loop invariant, you need to add them to your answer as well.
Use '&&', '||', '==>', '\forall' or '\exists' if necessary. For instance:
```
loop invariant 1 <= x;
loop invariant x == y;
loop invariant 0 < x ==> y <= z;
loop invariant z % 2 == 1 || x == y;
loop invariant z % 2 == 1 && x <= y;
loop invariant \forall integer k;  0 <= k < i ==> max >=  a[k];
loop invariant \exists integer k;  0 <= k < i &&  max == a[k];
loop invariant \forall integer p; 0 <= p < \at(k, End_l) ==> res[p] == \at(res[p], End_l);
```
Your answer should follow the following format:
```
loop invariant ...;
loop invariant ...;
...
```
No explanation. No commentary. Just show me the loop invariant.
 /no_think
--------------------------
----------Response----------
[unused16][unused17][Loop <Loop C>]
loop invariant j1 >= 0 && j1 < n0 + n1 && k >= 0;

[Loop <Loop C>]
loop invariant k > 0 && k <= n0 + n1;

loop invariant k <= n0 + n1 && k >= 0;

loop invariant j1 >= 0 && j1 < n0 + n1 && k >= 0 && k <= n0 + n1;

loop invariant k <= n0 + n1 && k >= 0 && k > 0;
----------------------------
----------Prompt----------

# define INT_MAX 2147483647
# define INT_MIN -2147483648

/*@
    requires INT_MIN < n0 && n0 < INT_MAX;
    requires INT_MIN < n1 && n1 < INT_MAX;
*/
void svcomp_18(int n0, int n1) {
    int i0 = 0;
    int k = 0;

    // Loop A
    /*@
        loop invariant i_43: i0 >= 0 && i0 < n0 && k == i0;

        loop invariant i_44: i1 >= 0 && i1 < n1 && k == i1;

        loop invariant i_45: j1 >= 0 && j1 < n0 + n1 && k >= 0;


        loop assigns i0, k;
    */
    while( i0 < n0 ) {
        i0++;
        k++;
    }

    int i1 = 0;

    // Loop B
    /*@
        [Hint] Please infer the loop invariant for the following loop.

        loop assigns i1, k;
    */
    while( i1 < n1 ) {
        i1++;
        k++;
    }

    int j1 = 0;

    // Loop C
    /*@
        loop invariant i_46: j1 >= 0 && j1 < n0 + n1 && k >= 0;

        loop invariant i_47: k > 0 && k <= n0 + n1;

        loop invariant i_48: k <= n0 + n1 && k >= 0;

        loop invariant i_49: j1 >= 0 && j1 < n0 + n1 && k >= 0 && k <= n0 + n1;

        loop invariant i_50: k <= n0 + n1 && k >= 0 && k > 0;


        loop assigns j1, k;
    */
    while( j1 < n0 + n1 ) {
        //@ assert(k > 0);
        j1++;
        k--;
    }
}
You are an expert in program verification, and please generate loop invariant as C annotation comments at the hint location (annotated by "[Hint] Please infer the loop invariant for the following loop.") using ACSL language.
ACSL is a specification language for C programs that conforms to the design by contract paradigm, utilizing Hoare style pre- and postconditions and invariants. Note that the `loop invariant` clause is a condition that is true at the beginning and end of every loop iteration.
Specifically, for the current verification task:
    - Pre-condition: i_43:i0 >= 0 && i0 < n0 && k == i0; i_44:i1 >= 0 && i1 < n1 && k == i1; i_45:j1 >= 0 && j1 < n0 + n1 && k >= 0; 
    - Post-condition: i_46:j1 >= 0 && j1 < n0 + n1 && k >= 0; i_47:k > 0 && k <= n0 + n1; i_48:k <= n0 + n1 && k >= 0; i_49:j1 >= 0 && j1 < n0 + n1 && k >= 0 && k <= n0 + n1; i_50:k <= n0 + n1 && k >= 0 && k > 0; 
Please verify that the generated loop invariant is consistent with these constraints. If these specific pre- or post-conditions are not provided or empty, please infer the loop invariant strictly based on the program's execution logic and standard correctness.
In order to get a correct answer, You may want to consider both the situation of not entering the loop and the situation of jumping out of the loop. If some of the pre-conditions are also loop invariant, you need to add them to your answer as well.
Use '&&', '||', '==>', '\forall' or '\exists' if necessary. For instance:
```
loop invariant 1 <= x;
loop invariant x == y;
loop invariant 0 < x ==> y <= z;
loop invariant z % 2 == 1 || x == y;
loop invariant z % 2 == 1 && x <= y;
loop invariant \forall integer k;  0 <= k < i ==> max >=  a[k];
loop invariant \exists integer k;  0 <= k < i &&  max == a[k];
loop invariant \forall integer p; 0 <= p < \at(k, End_l) ==> res[p] == \at(res[p], End_l);
```
Your answer should follow the following format:
```
loop invariant ...;
loop invariant ...;
...
```
No explanation. No commentary. Just show me the loop invariant.
 /no_think
--------------------------
----------Response----------
[unused16][unused17][Loop C]
loop invariant j1 >= 0 && j1 < n0 + n1 && k >= 0;

[Loop B]
loop invariant k > 0 && k <= n0 + n1;

[Loop B]
loop invariant k <= n0 + n1 && k >= 0 && k > 0;
----------------------------
------------Invariant Info-----------
LOOP A:
i_43: i0 >= 0 && i0 < n0 && k == i0
i_44: i1 >= 0 && i1 < n1 && k == i1
i_45: j1 >= 0 && j1 < n0 + n1 && k >= 0
LOOP B:
i_51: k <= n0 + n1 && k >= 0 && k > 0
LOOP C:
i_46: j1 >= 0 && j1 < n0 + n1 && k >= 0
i_47: k > 0 && k <= n0 + n1
i_48: k <= n0 + n1 && k >= 0
i_49: j1 >= 0 && j1 < n0 + n1 && k >= 0 && k <= n0 + n1
i_50: k <= n0 + n1 && k >= 0 && k > 0
------------------------------------
---------- Code with Invariants ----------
# define INT_MAX 2147483647
# define INT_MIN -2147483648

/*@
    requires INT_MIN < n0 && n0 < INT_MAX;
    requires INT_MIN < n1 && n1 < INT_MAX;
*/
void svcomp_18(int n0, int n1) {
    int i0 = 0;
    int k = 0;

    // Loop A
    /*@
        loop invariant i_43: i0 >= 0 && i0 < n0 && k == i0;

        loop invariant i_44: i1 >= 0 && i1 < n1 && k == i1;

        loop invariant i_45: j1 >= 0 && j1 < n0 + n1 && k >= 0;


        loop assigns i0, k;
    */
    while( i0 < n0 ) {
        i0++;
        k++;
    }

    int i1 = 0;

    // Loop B
    /*@
        loop invariant i_51: k <= n0 + n1 && k >= 0 && k > 0;


        loop assigns i1, k;
    */
    while( i1 < n1 ) {
        i1++;
        k++;
    }

    int j1 = 0;

    // Loop C
    /*@
        loop invariant i_46: j1 >= 0 && j1 < n0 + n1 && k >= 0;

        loop invariant i_47: k > 0 && k <= n0 + n1;

        loop invariant i_48: k <= n0 + n1 && k >= 0;

        loop invariant i_49: j1 >= 0 && j1 < n0 + n1 && k >= 0 && k <= n0 + n1;

        loop invariant i_50: k <= n0 + n1 && k >= 0 && k > 0;


        loop assigns j1, k;
    */
    while( j1 < n0 + n1 ) {
        //@ assert(k > 0);
        j1++;
        k--;
    }
}
------------------------------------------
Verification failed (Invalid), removing all invariants and retrying.
Verification failed: reached maximum attempts.
---------Result---------
Fail
Model: openPangu-Embedded-7B-V1.1
Running time: 128.47933864593506
Proposal number: 5
Verified code:

------------------------
