-----------Model-----------
Model type:
PanguEmbeddedForCausalLM(
  (model): PanguEmbeddedModel(
    (embed_tokens): Embedding(153376, 4096, padding_idx=0)
    (layers): ModuleList(
      (0-33): 34 x PanguEmbeddedDecoderLayer(
        (self_attn): PanguEmbeddedAttention(
          (q_proj): Linear(in_features=4096, out_features=4096, bias=True)
          (k_proj): Linear(in_features=4096, out_features=1024, bias=True)
          (v_proj): Linear(in_features=4096, out_features=1024, bias=True)
          (o_proj): Linear(in_features=4096, out_features=4096, bias=True)
        )
        (mlp): PanguEmbeddedMLP(
          (gate_proj): Linear(in_features=4096, out_features=12800, bias=False)
          (up_proj): Linear(in_features=4096, out_features=12800, bias=False)
          (down_proj): Linear(in_features=12800, out_features=4096, bias=False)
          (act_fn): SiLU()
        )
        (input_layernorm): PanguEmbeddedRMSNorm((4096,), eps=1e-05)
        (post_attention_layernorm): PanguEmbeddedRMSNorm((4096,), eps=1e-05)
      )
    )
    (norm): PanguEmbeddedRMSNorm((4096,), eps=1e-05)
    (rotary_emb): PanguEmbeddedRotaryEmbedding()
  )
  (lm_head): Linear(in_features=4096, out_features=153376, bias=False)
)
Model device:
npu:1
---------------------------
File Path: ../Benchmark/acsl-algorithms/_bubble_sort.c
----------Code----------
/*@
  predicate sorted{Here}(int* a, integer start_index, integer end_index) =
    \forall integer k1, k2;
    start_index <= k1 <= k2 < end_index ==> a[k1] <= a[k2];
*/

/*@
  predicate swapped{L1,L2}(int* a, integer i, integer j) =
  \at(a[i],L1) == \at(a[j],L2) &&
  \at(a[j],L1) == \at(a[i],L2) &&
  \forall integer k; k != i && k != j
     ==> \at(a[k],L1) == \at(a[k],L2);
  */

/*@
  requires \valid(t+i) && \valid(t+j);
  assigns t[i],t[j];
  ensures \forall integer k; 0 <= k < n && k != i && k != j ==> t[k] == \old(t[k]);
  ensures swapped{Old,Here}(t,i,j);
  */
void sort_swap3(int t[], int i, int j, int n) {
    int tmp = t[i];
    t[i] = t[j];
    t[j] = tmp;
}

/*@
  requires 1 < length;
  requires \valid(a+(0..length-1));
  assigns a[0..length-1];
  ensures e_1: sorted(a, 0, length);
*/
void _bubble_sort(int *a, int length) {
    int up = 1;
    int down;

    /*@
        loop assigns down, up, a[0..length - 1];
    */
    for (; up < length; up++) {
        down = up;
        /*@
          loop assigns down, a[0..length - 1];          
        */
        while (0 < down && a[down] < a[down - 1]) {
            sort_swap3(a, down, down - 1, length);
            down = down - 1;
        }
    }
}
------------------------
========== Attempt 1 ==========
----------Prompt----------

/*@
  predicate sorted{Here}(int* a, integer start_index, integer end_index) =
    \forall integer k1, k2;
    start_index <= k1 <= k2 < end_index ==> a[k1] <= a[k2];
*/

/*@
  predicate swapped{L1,L2}(int* a, integer i, integer j) =
  \at(a[i],L1) == \at(a[j],L2) &&
  \at(a[j],L1) == \at(a[i],L2) &&
  \forall integer k; k != i && k != j
     ==> \at(a[k],L1) == \at(a[k],L2);
  */

/*@
  requires \valid(t+i) && \valid(t+j);
  assigns t[i],t[j];
  ensures \forall integer k; 0 <= k < n && k != i && k != j ==> t[k] == \old(t[k]);
  ensures swapped{Old,Here}(t,i,j);
  */
void sort_swap3(int t[], int i, int j, int n) {
    int tmp = t[i];
    t[i] = t[j];
    t[j] = tmp;
}

/*@
  requires 1 < length;
  requires \valid(a+(0..length-1));
  assigns a[0..length-1];
  ensures e_1: sorted(a, 0, length);
*/
void _bubble_sort(int *a, int length) {
    int up = 1;
    int down;

    // Loop A
    /*@
        [Hint] Please infer the loop invariant for the following loop.

        loop assigns down, up, a[0..length - 1];
    */
    for (; up < length; up++) {
        down = up;
      // Loop B
        /*@
          loop assigns down, a[0..length - 1];          
        */
        while (0 < down && a[down] < a[down - 1]) {
            sort_swap3(a, down, down - 1, length);
            down = down - 1;
        }
    }
}
You are an expert in program verification, and please generate loop invariant as C annotation comments at the hint location (annotated by "[Hint] Please infer the loop invariant for the following loop.") using ACSL language.
ACSL is a specification language for C programs that conforms to the design by contract paradigm, utilizing Hoare style pre- and postconditions and invariants. Note that the `loop invariant` clause is a condition that is true at the beginning and end of every loop iteration.
Specifically, for the current verification task:
    - Pre-condition: the function's `requires` clauses
    - Post-condition: 
Please verify that the generated loop invariant is consistent with these constraints. If these specific pre- or post-conditions are not provided or empty, please infer the loop invariant strictly based on the program's execution logic and standard correctness.
In order to get a correct answer, You may want to consider both the situation of not entering the loop and the situation of jumping out of the loop. If some of the pre-conditions are also loop invariant, you need to add them to your answer as well.
Use '&&', '||', '==>', '\forall' or '\exists' if necessary. For instance:
```
loop invariant 1 <= x;
loop invariant x == y;
loop invariant 0 < x ==> y <= z;
loop invariant z % 2 == 1 || x == y;
loop invariant z % 2 == 1 && x <= y;
loop invariant \forall integer k;  0 <= k < i ==> max >=  a[k];
loop invariant \exists integer k;  0 <= k < i &&  max == a[k];
loop invariant \forall integer p; 0 <= p < \at(k, End_l) ==> res[p] == \at(res[p], End_l);
```
Your answer should follow the following format:
```
loop invariant ...;
loop invariant ...;
...
```
No explanation. No commentary. Just show me the loop invariant.
 /no_think
--------------------------
----------Response----------
[unused16][unused17]loop invariant \forall integer k; k != i && k != j ==> t[k] == \old(t[k]);
loop invariant \forall integer k; 0 <= k < n && k != i && k != j ==> t[k] == \old(t[k]);
loop invariant 1 <= up && up < length;
loop invariant \exists integer m; \at(m, End_l) && m >= i && m < length;
```
----------------------------
----------Prompt----------

/*@
  predicate sorted{Here}(int* a, integer start_index, integer end_index) =
    \forall integer k1, k2;
    start_index <= k1 <= k2 < end_index ==> a[k1] <= a[k2];
*/

/*@
  predicate swapped{L1,L2}(int* a, integer i, integer j) =
  \at(a[i],L1) == \at(a[j],L2) &&
  \at(a[j],L1) == \at(a[i],L2) &&
  \forall integer k; k != i && k != j
     ==> \at(a[k],L1) == \at(a[k],L2);
  */

/*@
  requires \valid(t+i) && \valid(t+j);
  assigns t[i],t[j];
  ensures \forall integer k; 0 <= k < n && k != i && k != j ==> t[k] == \old(t[k]);
  ensures swapped{Old,Here}(t,i,j);
  */
void sort_swap3(int t[], int i, int j, int n) {
    int tmp = t[i];
    t[i] = t[j];
    t[j] = tmp;
}

/*@
  requires 1 < length;
  requires \valid(a+(0..length-1));
  assigns a[0..length-1];
  ensures e_1: sorted(a, 0, length);
*/
void _bubble_sort(int *a, int length) {
    int up = 1;
    int down;

    // Loop A
    /*@
        loop invariant i_0: \forall integer k; k != i && k != j ==> t[k] == \old(t[k]);

        loop invariant i_1: \forall integer k; 0 <= k < n && k != i && k != j ==> t[k] == \old(t[k]);

        loop invariant i_2: 1 <= up && up < length;

        loop invariant i_3: \exists integer m; \at(m, End_l) && m >= i && m < length;


        loop assigns down, up, a[0..length - 1];
    */
    for (; up < length; up++) {
        down = up;
      // Loop B
        /*@
          [Hint] Please infer the loop invariant for the following loop.

          loop assigns down, a[0..length - 1];          
        */
        while (0 < down && a[down] < a[down - 1]) {
            sort_swap3(a, down, down - 1, length);
            down = down - 1;
        }
    }
}
You are an expert in program verification, and please generate loop invariant as C annotation comments at the hint location (annotated by "[Hint] Please infer the loop invariant for the following loop.") using ACSL language.
ACSL is a specification language for C programs that conforms to the design by contract paradigm, utilizing Hoare style pre- and postconditions and invariants. Note that the `loop invariant` clause is a condition that is true at the beginning and end of every loop iteration.
Specifically, for the current verification task:
    - Pre-condition: i_0:\forall integer k; k != i && k != j ==> t[k] == \old(t[k]); i_1:\forall integer k; 0 <= k < n && k != i && k != j ==> t[k] == \old(t[k]); i_2:1 <= up && up < length; i_3:\exists integer m; \at(m, End_l) && m >= i && m < length; 
    - Post-condition: i_0:\forall integer k; k != i && k != j ==> t[k] == \old(t[k]); i_1:\forall integer k; 0 <= k < n && k != i && k != j ==> t[k] == \old(t[k]); i_2:1 <= up && up < length; i_3:\exists integer m; \at(m, End_l) && m >= i && m < length; 
Please verify that the generated loop invariant is consistent with these constraints. If these specific pre- or post-conditions are not provided or empty, please infer the loop invariant strictly based on the program's execution logic and standard correctness.
In order to get a correct answer, You may want to consider both the situation of not entering the loop and the situation of jumping out of the loop. If some of the pre-conditions are also loop invariant, you need to add them to your answer as well.
Use '&&', '||', '==>', '\forall' or '\exists' if necessary. For instance:
```
loop invariant 1 <= x;
loop invariant x == y;
loop invariant 0 < x ==> y <= z;
loop invariant z % 2 == 1 || x == y;
loop invariant z % 2 == 1 && x <= y;
loop invariant \forall integer k;  0 <= k < i ==> max >=  a[k];
loop invariant \exists integer k;  0 <= k < i &&  max == a[k];
loop invariant \forall integer p; 0 <= p < \at(k, End_l) ==> res[p] == \at(res[p], End_l);
```
Your answer should follow the following format:
```
loop invariant ...;
loop invariant ...;
...
```
No explanation. No commentary. Just show me the loop invariant.
 /no_think
--------------------------
----------Response----------
[unused16][unused17]loop invariant 1 <= up && up < length;
loop invariant \exists integer m; \at(m, End_l) && m >= i && m < length;
loop invariant \forall integer k; k != i && k != j ==> t[k] == \old(t[k]);
----------------------------
------------Invariant Info-----------
LOOP A:
i_0: \forall integer k; k != i && k != j ==> t[k] == \old(t[k])
i_1: \forall integer k; 0 <= k < n && k != i && k != j ==> t[k] == \old(t[k])
i_2: 1 <= up && up < length
i_3: \exists integer m; \at(m, End_l) && m >= i && m < length
LOOP B:
i_4: 1 <= up && up < length
i_5: \exists integer m; \at(m, End_l) && m >= i && m < length
i_6: \forall integer k; k != i && k != j ==> t[k] == \old(t[k])
------------------------------------
---------- Code with Invariants ----------
/*@
  predicate sorted{Here}(int* a, integer start_index, integer end_index) =
    \forall integer k1, k2;
    start_index <= k1 <= k2 < end_index ==> a[k1] <= a[k2];
*/

/*@
  predicate swapped{L1,L2}(int* a, integer i, integer j) =
  \at(a[i],L1) == \at(a[j],L2) &&
  \at(a[j],L1) == \at(a[i],L2) &&
  \forall integer k; k != i && k != j
     ==> \at(a[k],L1) == \at(a[k],L2);
  */

/*@
  requires \valid(t+i) && \valid(t+j);
  assigns t[i],t[j];
  ensures \forall integer k; 0 <= k < n && k != i && k != j ==> t[k] == \old(t[k]);
  ensures swapped{Old,Here}(t,i,j);
  */
void sort_swap3(int t[], int i, int j, int n) {
    int tmp = t[i];
    t[i] = t[j];
    t[j] = tmp;
}

/*@
  requires 1 < length;
  requires \valid(a+(0..length-1));
  assigns a[0..length-1];
  ensures e_1: sorted(a, 0, length);
*/
void _bubble_sort(int *a, int length) {
    int up = 1;
    int down;

    // Loop A
    /*@
        loop invariant i_0: \forall integer k; k != i && k != j ==> t[k] == \old(t[k]);

        loop invariant i_1: \forall integer k; 0 <= k < n && k != i && k != j ==> t[k] == \old(t[k]);

        loop invariant i_2: 1 <= up && up < length;

        loop invariant i_3: \exists integer m; \at(m, End_l) && m >= i && m < length;


        loop assigns down, up, a[0..length - 1];
    */
    for (; up < length; up++) {
        down = up;
      // Loop B
        /*@
          loop invariant i_4: 1 <= up && up < length;

          loop invariant i_5: \exists integer m; \at(m, End_l) && m >= i && m < length;

          loop invariant i_6: \forall integer k; k != i && k != j ==> t[k] == \old(t[k]);


          loop assigns down, a[0..length - 1];          
        */
        while (0 < down && a[down] < a[down - 1]) {
            sort_swap3(a, down, down - 1, length);
            down = down - 1;
        }
    }
}
------------------------------------------
Verification failed (Invalid), removing all invariants and retrying.
========== Attempt 2 ==========
----------Prompt----------

/*@
  predicate sorted{Here}(int* a, integer start_index, integer end_index) =
    \forall integer k1, k2;
    start_index <= k1 <= k2 < end_index ==> a[k1] <= a[k2];
*/

/*@
  predicate swapped{L1,L2}(int* a, integer i, integer j) =
  \at(a[i],L1) == \at(a[j],L2) &&
  \at(a[j],L1) == \at(a[i],L2) &&
  \forall integer k; k != i && k != j
     ==> \at(a[k],L1) == \at(a[k],L2);
  */

/*@
  requires \valid(t+i) && \valid(t+j);
  assigns t[i],t[j];
  ensures \forall integer k; 0 <= k < n && k != i && k != j ==> t[k] == \old(t[k]);
  ensures swapped{Old,Here}(t,i,j);
  */
void sort_swap3(int t[], int i, int j, int n) {
    int tmp = t[i];
    t[i] = t[j];
    t[j] = tmp;
}

/*@
  requires 1 < length;
  requires \valid(a+(0..length-1));
  assigns a[0..length-1];
  ensures e_1: sorted(a, 0, length);
*/
void _bubble_sort(int *a, int length) {
    int up = 1;
    int down;

    // Loop A
    /*@
        [Hint] Please infer the loop invariant for the following loop.

        loop assigns down, up, a[0..length - 1];
    */
    for (; up < length; up++) {
        down = up;
      // Loop B
        /*@
          loop assigns down, a[0..length - 1];          
        */
        while (0 < down && a[down] < a[down - 1]) {
            sort_swap3(a, down, down - 1, length);
            down = down - 1;
        }
    }
}
You are an expert in program verification, and please generate loop invariant as C annotation comments at the hint location (annotated by "[Hint] Please infer the loop invariant for the following loop.") using ACSL language.
ACSL is a specification language for C programs that conforms to the design by contract paradigm, utilizing Hoare style pre- and postconditions and invariants. Note that the `loop invariant` clause is a condition that is true at the beginning and end of every loop iteration.
Specifically, for the current verification task:
    - Pre-condition: the function's `requires` clauses
    - Post-condition: 
Please verify that the generated loop invariant is consistent with these constraints. If these specific pre- or post-conditions are not provided or empty, please infer the loop invariant strictly based on the program's execution logic and standard correctness.
In order to get a correct answer, You may want to consider both the situation of not entering the loop and the situation of jumping out of the loop. If some of the pre-conditions are also loop invariant, you need to add them to your answer as well.
Use '&&', '||', '==>', '\forall' or '\exists' if necessary. For instance:
```
loop invariant 1 <= x;
loop invariant x == y;
loop invariant 0 < x ==> y <= z;
loop invariant z % 2 == 1 || x == y;
loop invariant z % 2 == 1 && x <= y;
loop invariant \forall integer k;  0 <= k < i ==> max >=  a[k];
loop invariant \exists integer k;  0 <= k < i &&  max == a[k];
loop invariant \forall integer p; 0 <= p < \at(k, End_l) ==> res[p] == \at(res[p], End_l);
```
Your answer should follow the following format:
```
loop invariant ...;
loop invariant ...;
...
```
No explanation. No commentary. Just show me the loop invariant.
 /no_think
--------------------------
----------Response----------
[unused16][unused17]```
loop invariant 1 < length;
loop invariant \exists integer k; 0 <= k < i && max == a[k];
```
----------------------------
----------Prompt----------

/*@
  predicate sorted{Here}(int* a, integer start_index, integer end_index) =
    \forall integer k1, k2;
    start_index <= k1 <= k2 < end_index ==> a[k1] <= a[k2];
*/

/*@
  predicate swapped{L1,L2}(int* a, integer i, integer j) =
  \at(a[i],L1) == \at(a[j],L2) &&
  \at(a[j],L1) == \at(a[i],L2) &&
  \forall integer k; k != i && k != j
     ==> \at(a[k],L1) == \at(a[k],L2);
  */

/*@
  requires \valid(t+i) && \valid(t+j);
  assigns t[i],t[j];
  ensures \forall integer k; 0 <= k < n && k != i && k != j ==> t[k] == \old(t[k]);
  ensures swapped{Old,Here}(t,i,j);
  */
void sort_swap3(int t[], int i, int j, int n) {
    int tmp = t[i];
    t[i] = t[j];
    t[j] = tmp;
}

/*@
  requires 1 < length;
  requires \valid(a+(0..length-1));
  assigns a[0..length-1];
  ensures e_1: sorted(a, 0, length);
*/
void _bubble_sort(int *a, int length) {
    int up = 1;
    int down;

    // Loop A
    /*@
        loop invariant i_7: 1 < length;

        loop invariant i_8: \exists integer k; 0 <= k < i && max == a[k];


        loop assigns down, up, a[0..length - 1];
    */
    for (; up < length; up++) {
        down = up;
      // Loop B
        /*@
          [Hint] Please infer the loop invariant for the following loop.

          loop assigns down, a[0..length - 1];          
        */
        while (0 < down && a[down] < a[down - 1]) {
            sort_swap3(a, down, down - 1, length);
            down = down - 1;
        }
    }
}
You are an expert in program verification, and please generate loop invariant as C annotation comments at the hint location (annotated by "[Hint] Please infer the loop invariant for the following loop.") using ACSL language.
ACSL is a specification language for C programs that conforms to the design by contract paradigm, utilizing Hoare style pre- and postconditions and invariants. Note that the `loop invariant` clause is a condition that is true at the beginning and end of every loop iteration.
Specifically, for the current verification task:
    - Pre-condition: i_7:1 < length; i_8:\exists integer k; 0 <= k < i && max == a[k]; 
    - Post-condition: i_7:1 < length; i_8:\exists integer k; 0 <= k < i && max == a[k]; 
Please verify that the generated loop invariant is consistent with these constraints. If these specific pre- or post-conditions are not provided or empty, please infer the loop invariant strictly based on the program's execution logic and standard correctness.
In order to get a correct answer, You may want to consider both the situation of not entering the loop and the situation of jumping out of the loop. If some of the pre-conditions are also loop invariant, you need to add them to your answer as well.
Use '&&', '||', '==>', '\forall' or '\exists' if necessary. For instance:
```
loop invariant 1 <= x;
loop invariant x == y;
loop invariant 0 < x ==> y <= z;
loop invariant z % 2 == 1 || x == y;
loop invariant z % 2 == 1 && x <= y;
loop invariant \forall integer k;  0 <= k < i ==> max >=  a[k];
loop invariant \exists integer k;  0 <= k < i &&  max == a[k];
loop invariant \forall integer p; 0 <= p < \at(k, End_l) ==> res[p] == \at(res[p], End_l);
```
Your answer should follow the following format:
```
loop invariant ...;
loop invariant ...;
...
```
No explanation. No commentary. Just show me the loop invariant.
 /no_think
--------------------------
----------Response----------
[unused16][unused17]```
loop invariant 1 < length;
loop invariant \exists integer k; 0 <= k < i && max == a[k];
```
----------------------------
------------Invariant Info-----------
LOOP A:
i_7: 1 < length
i_8: \exists integer k; 0 <= k < i && max == a[k]
LOOP B:
i_9: 1 < length
i_10: \exists integer k; 0 <= k < i && max == a[k]
------------------------------------
---------- Code with Invariants ----------
/*@
  predicate sorted{Here}(int* a, integer start_index, integer end_index) =
    \forall integer k1, k2;
    start_index <= k1 <= k2 < end_index ==> a[k1] <= a[k2];
*/

/*@
  predicate swapped{L1,L2}(int* a, integer i, integer j) =
  \at(a[i],L1) == \at(a[j],L2) &&
  \at(a[j],L1) == \at(a[i],L2) &&
  \forall integer k; k != i && k != j
     ==> \at(a[k],L1) == \at(a[k],L2);
  */

/*@
  requires \valid(t+i) && \valid(t+j);
  assigns t[i],t[j];
  ensures \forall integer k; 0 <= k < n && k != i && k != j ==> t[k] == \old(t[k]);
  ensures swapped{Old,Here}(t,i,j);
  */
void sort_swap3(int t[], int i, int j, int n) {
    int tmp = t[i];
    t[i] = t[j];
    t[j] = tmp;
}

/*@
  requires 1 < length;
  requires \valid(a+(0..length-1));
  assigns a[0..length-1];
  ensures e_1: sorted(a, 0, length);
*/
void _bubble_sort(int *a, int length) {
    int up = 1;
    int down;

    // Loop A
    /*@
        loop invariant i_7: 1 < length;

        loop invariant i_8: \exists integer k; 0 <= k < i && max == a[k];


        loop assigns down, up, a[0..length - 1];
    */
    for (; up < length; up++) {
        down = up;
      // Loop B
        /*@
          loop invariant i_9: 1 < length;

          loop invariant i_10: \exists integer k; 0 <= k < i && max == a[k];


          loop assigns down, a[0..length - 1];          
        */
        while (0 < down && a[down] < a[down - 1]) {
            sort_swap3(a, down, down - 1, length);
            down = down - 1;
        }
    }
}
------------------------------------------
Verification failed (Invalid), removing all invariants and retrying.
========== Attempt 3 ==========
----------Prompt----------

/*@
  predicate sorted{Here}(int* a, integer start_index, integer end_index) =
    \forall integer k1, k2;
    start_index <= k1 <= k2 < end_index ==> a[k1] <= a[k2];
*/

/*@
  predicate swapped{L1,L2}(int* a, integer i, integer j) =
  \at(a[i],L1) == \at(a[j],L2) &&
  \at(a[j],L1) == \at(a[i],L2) &&
  \forall integer k; k != i && k != j
     ==> \at(a[k],L1) == \at(a[k],L2);
  */

/*@
  requires \valid(t+i) && \valid(t+j);
  assigns t[i],t[j];
  ensures \forall integer k; 0 <= k < n && k != i && k != j ==> t[k] == \old(t[k]);
  ensures swapped{Old,Here}(t,i,j);
  */
void sort_swap3(int t[], int i, int j, int n) {
    int tmp = t[i];
    t[i] = t[j];
    t[j] = tmp;
}

/*@
  requires 1 < length;
  requires \valid(a+(0..length-1));
  assigns a[0..length-1];
  ensures e_1: sorted(a, 0, length);
*/
void _bubble_sort(int *a, int length) {
    int up = 1;
    int down;

    // Loop A
    /*@
        [Hint] Please infer the loop invariant for the following loop.

        loop assigns down, up, a[0..length - 1];
    */
    for (; up < length; up++) {
        down = up;
      // Loop B
        /*@
          loop assigns down, a[0..length - 1];          
        */
        while (0 < down && a[down] < a[down - 1]) {
            sort_swap3(a, down, down - 1, length);
            down = down - 1;
        }
    }
}
You are an expert in program verification, and please generate loop invariant as C annotation comments at the hint location (annotated by "[Hint] Please infer the loop invariant for the following loop.") using ACSL language.
ACSL is a specification language for C programs that conforms to the design by contract paradigm, utilizing Hoare style pre- and postconditions and invariants. Note that the `loop invariant` clause is a condition that is true at the beginning and end of every loop iteration.
Specifically, for the current verification task:
    - Pre-condition: the function's `requires` clauses
    - Post-condition: 
Please verify that the generated loop invariant is consistent with these constraints. If these specific pre- or post-conditions are not provided or empty, please infer the loop invariant strictly based on the program's execution logic and standard correctness.
In order to get a correct answer, You may want to consider both the situation of not entering the loop and the situation of jumping out of the loop. If some of the pre-conditions are also loop invariant, you need to add them to your answer as well.
Use '&&', '||', '==>', '\forall' or '\exists' if necessary. For instance:
```
loop invariant 1 <= x;
loop invariant x == y;
loop invariant 0 < x ==> y <= z;
loop invariant z % 2 == 1 || x == y;
loop invariant z % 2 == 1 && x <= y;
loop invariant \forall integer k;  0 <= k < i ==> max >=  a[k];
loop invariant \exists integer k;  0 <= k < i &&  max == a[k];
loop invariant \forall integer p; 0 <= p < \at(k, End_l) ==> res[p] == \at(res[p], End_l);
```
Your answer should follow the following format:
```
loop invariant ...;
loop invariant ...;
...
```
No explanation. No commentary. Just show me the loop invariant.
 /no_think
--------------------------
----------Response----------
[unused16][unused17]```
loop invariant up < length;
loop invariant \exists integer k; 0 <= k < up && \at(a[k], End_l) ==> res[k] == \at(res[k], End_l);
```
----------------------------
----------Prompt----------

/*@
  predicate sorted{Here}(int* a, integer start_index, integer end_index) =
    \forall integer k1, k2;
    start_index <= k1 <= k2 < end_index ==> a[k1] <= a[k2];
*/

/*@
  predicate swapped{L1,L2}(int* a, integer i, integer j) =
  \at(a[i],L1) == \at(a[j],L2) &&
  \at(a[j],L1) == \at(a[i],L2) &&
  \forall integer k; k != i && k != j
     ==> \at(a[k],L1) == \at(a[k],L2);
  */

/*@
  requires \valid(t+i) && \valid(t+j);
  assigns t[i],t[j];
  ensures \forall integer k; 0 <= k < n && k != i && k != j ==> t[k] == \old(t[k]);
  ensures swapped{Old,Here}(t,i,j);
  */
void sort_swap3(int t[], int i, int j, int n) {
    int tmp = t[i];
    t[i] = t[j];
    t[j] = tmp;
}

/*@
  requires 1 < length;
  requires \valid(a+(0..length-1));
  assigns a[0..length-1];
  ensures e_1: sorted(a, 0, length);
*/
void _bubble_sort(int *a, int length) {
    int up = 1;
    int down;

    // Loop A
    /*@
        loop invariant i_11: up < length;

        loop invariant i_12: \exists integer k; 0 <= k < up && \at(a[k], End_l) ==> res[k] == \at(res[k], End_l);


        loop assigns down, up, a[0..length - 1];
    */
    for (; up < length; up++) {
        down = up;
      // Loop B
        /*@
          [Hint] Please infer the loop invariant for the following loop.

          loop assigns down, a[0..length - 1];          
        */
        while (0 < down && a[down] < a[down - 1]) {
            sort_swap3(a, down, down - 1, length);
            down = down - 1;
        }
    }
}
You are an expert in program verification, and please generate loop invariant as C annotation comments at the hint location (annotated by "[Hint] Please infer the loop invariant for the following loop.") using ACSL language.
ACSL is a specification language for C programs that conforms to the design by contract paradigm, utilizing Hoare style pre- and postconditions and invariants. Note that the `loop invariant` clause is a condition that is true at the beginning and end of every loop iteration.
Specifically, for the current verification task:
    - Pre-condition: i_11:up < length; i_12:\exists integer k; 0 <= k < up && \at(a[k], End_l) ==> res[k] == \at(res[k], End_l); 
    - Post-condition: i_11:up < length; i_12:\exists integer k; 0 <= k < up && \at(a[k], End_l) ==> res[k] == \at(res[k], End_l); 
Please verify that the generated loop invariant is consistent with these constraints. If these specific pre- or post-conditions are not provided or empty, please infer the loop invariant strictly based on the program's execution logic and standard correctness.
In order to get a correct answer, You may want to consider both the situation of not entering the loop and the situation of jumping out of the loop. If some of the pre-conditions are also loop invariant, you need to add them to your answer as well.
Use '&&', '||', '==>', '\forall' or '\exists' if necessary. For instance:
```
loop invariant 1 <= x;
loop invariant x == y;
loop invariant 0 < x ==> y <= z;
loop invariant z % 2 == 1 || x == y;
loop invariant z % 2 == 1 && x <= y;
loop invariant \forall integer k;  0 <= k < i ==> max >=  a[k];
loop invariant \exists integer k;  0 <= k < i &&  max == a[k];
loop invariant \forall integer p; 0 <= p < \at(k, End_l) ==> res[p] == \at(res[p], End_l);
```
Your answer should follow the following format:
```
loop invariant ...;
loop invariant ...;
...
```
No explanation. No commentary. Just show me the loop invariant.
 /no_think
--------------------------
----------Response----------
[unused16][unused17]```
loop invariant up < length;
loop invariant i_12: \exists integer k; 0 <= k < up && \at(a[k], End_l) ==> res[k] == \at(res[k], End_l);
```
----------------------------
------------Invariant Info-----------
LOOP A:
i_11: up < length
i_12: \exists integer k; 0 <= k < up && \at(a[k], End_l) ==> res[k] == \at(res[k], End_l)
LOOP B:
i_13: up < length
i_14: \exists integer k; 0 <= k < up && \at(a[k], End_l) ==> res[k] == \at(res[k], End_l)
------------------------------------
---------- Code with Invariants ----------
/*@
  predicate sorted{Here}(int* a, integer start_index, integer end_index) =
    \forall integer k1, k2;
    start_index <= k1 <= k2 < end_index ==> a[k1] <= a[k2];
*/

/*@
  predicate swapped{L1,L2}(int* a, integer i, integer j) =
  \at(a[i],L1) == \at(a[j],L2) &&
  \at(a[j],L1) == \at(a[i],L2) &&
  \forall integer k; k != i && k != j
     ==> \at(a[k],L1) == \at(a[k],L2);
  */

/*@
  requires \valid(t+i) && \valid(t+j);
  assigns t[i],t[j];
  ensures \forall integer k; 0 <= k < n && k != i && k != j ==> t[k] == \old(t[k]);
  ensures swapped{Old,Here}(t,i,j);
  */
void sort_swap3(int t[], int i, int j, int n) {
    int tmp = t[i];
    t[i] = t[j];
    t[j] = tmp;
}

/*@
  requires 1 < length;
  requires \valid(a+(0..length-1));
  assigns a[0..length-1];
  ensures e_1: sorted(a, 0, length);
*/
void _bubble_sort(int *a, int length) {
    int up = 1;
    int down;

    // Loop A
    /*@
        loop invariant i_11: up < length;

        loop invariant i_12: \exists integer k; 0 <= k < up && \at(a[k], End_l) ==> res[k] == \at(res[k], End_l);


        loop assigns down, up, a[0..length - 1];
    */
    for (; up < length; up++) {
        down = up;
      // Loop B
        /*@
          loop invariant i_13: up < length;

          loop invariant i_14: \exists integer k; 0 <= k < up && \at(a[k], End_l) ==> res[k] == \at(res[k], End_l);


          loop assigns down, a[0..length - 1];          
        */
        while (0 < down && a[down] < a[down - 1]) {
            sort_swap3(a, down, down - 1, length);
            down = down - 1;
        }
    }
}
------------------------------------------
Verification failed (Invalid), removing all invariants and retrying.
========== Attempt 4 ==========
----------Prompt----------

/*@
  predicate sorted{Here}(int* a, integer start_index, integer end_index) =
    \forall integer k1, k2;
    start_index <= k1 <= k2 < end_index ==> a[k1] <= a[k2];
*/

/*@
  predicate swapped{L1,L2}(int* a, integer i, integer j) =
  \at(a[i],L1) == \at(a[j],L2) &&
  \at(a[j],L1) == \at(a[i],L2) &&
  \forall integer k; k != i && k != j
     ==> \at(a[k],L1) == \at(a[k],L2);
  */

/*@
  requires \valid(t+i) && \valid(t+j);
  assigns t[i],t[j];
  ensures \forall integer k; 0 <= k < n && k != i && k != j ==> t[k] == \old(t[k]);
  ensures swapped{Old,Here}(t,i,j);
  */
void sort_swap3(int t[], int i, int j, int n) {
    int tmp = t[i];
    t[i] = t[j];
    t[j] = tmp;
}

/*@
  requires 1 < length;
  requires \valid(a+(0..length-1));
  assigns a[0..length-1];
  ensures e_1: sorted(a, 0, length);
*/
void _bubble_sort(int *a, int length) {
    int up = 1;
    int down;

    // Loop A
    /*@
        [Hint] Please infer the loop invariant for the following loop.

        loop assigns down, up, a[0..length - 1];
    */
    for (; up < length; up++) {
        down = up;
      // Loop B
        /*@
          loop assigns down, a[0..length - 1];          
        */
        while (0 < down && a[down] < a[down - 1]) {
            sort_swap3(a, down, down - 1, length);
            down = down - 1;
        }
    }
}
You are an expert in program verification, and please generate loop invariant as C annotation comments at the hint location (annotated by "[Hint] Please infer the loop invariant for the following loop.") using ACSL language.
ACSL is a specification language for C programs that conforms to the design by contract paradigm, utilizing Hoare style pre- and postconditions and invariants. Note that the `loop invariant` clause is a condition that is true at the beginning and end of every loop iteration.
Specifically, for the current verification task:
    - Pre-condition: the function's `requires` clauses
    - Post-condition: 
Please verify that the generated loop invariant is consistent with these constraints. If these specific pre- or post-conditions are not provided or empty, please infer the loop invariant strictly based on the program's execution logic and standard correctness.
In order to get a correct answer, You may want to consider both the situation of not entering the loop and the situation of jumping out of the loop. If some of the pre-conditions are also loop invariant, you need to add them to your answer as well.
Use '&&', '||', '==>', '\forall' or '\exists' if necessary. For instance:
```
loop invariant 1 <= x;
loop invariant x == y;
loop invariant 0 < x ==> y <= z;
loop invariant z % 2 == 1 || x == y;
loop invariant z % 2 == 1 && x <= y;
loop invariant \forall integer k;  0 <= k < i ==> max >=  a[k];
loop invariant \exists integer k;  0 <= k < i &&  max == a[k];
loop invariant \forall integer p; 0 <= p < \at(k, End_l) ==> res[p] == \at(res[p], End_l);
```
Your answer should follow the following format:
```
loop invariant ...;
loop invariant ...;
...
```
No explanation. No commentary. Just show me the loop invariant.
 /no_think
--------------------------
----------Response----------
[unused16][unused17]loop invariant 1 < length && \exists integer k; 0 <= k < up && a[k] <= a[max];
loop invariant \forall integer p; 0 <= p < up && a[p] <= a[max];
loop invariant \forall integer p; 0 <= p < \at(max, End_l) ==> a[p] <= a[max];
loop invariant \exists integer k; 0 <= k < down && a[k] >= a[min];
loop invariant \exists integer k; 0 <= k < down && a[k] >= a[min];
----------------------------
----------Prompt----------

/*@
  predicate sorted{Here}(int* a, integer start_index, integer end_index) =
    \forall integer k1, k2;
    start_index <= k1 <= k2 < end_index ==> a[k1] <= a[k2];
*/

/*@
  predicate swapped{L1,L2}(int* a, integer i, integer j) =
  \at(a[i],L1) == \at(a[j],L2) &&
  \at(a[j],L1) == \at(a[i],L2) &&
  \forall integer k; k != i && k != j
     ==> \at(a[k],L1) == \at(a[k],L2);
  */

/*@
  requires \valid(t+i) && \valid(t+j);
  assigns t[i],t[j];
  ensures \forall integer k; 0 <= k < n && k != i && k != j ==> t[k] == \old(t[k]);
  ensures swapped{Old,Here}(t,i,j);
  */
void sort_swap3(int t[], int i, int j, int n) {
    int tmp = t[i];
    t[i] = t[j];
    t[j] = tmp;
}

/*@
  requires 1 < length;
  requires \valid(a+(0..length-1));
  assigns a[0..length-1];
  ensures e_1: sorted(a, 0, length);
*/
void _bubble_sort(int *a, int length) {
    int up = 1;
    int down;

    // Loop A
    /*@
        loop invariant i_15: 1 < length && \exists integer k; 0 <= k < up && a[k] <= a[max];

        loop invariant i_16: \forall integer p; 0 <= p < up && a[p] <= a[max];

        loop invariant i_17: \forall integer p; 0 <= p < \at(max, End_l) ==> a[p] <= a[max];

        loop invariant i_18: \exists integer k; 0 <= k < down && a[k] >= a[min];


        loop assigns down, up, a[0..length - 1];
    */
    for (; up < length; up++) {
        down = up;
      // Loop B
        /*@
          [Hint] Please infer the loop invariant for the following loop.

          loop assigns down, a[0..length - 1];          
        */
        while (0 < down && a[down] < a[down - 1]) {
            sort_swap3(a, down, down - 1, length);
            down = down - 1;
        }
    }
}
You are an expert in program verification, and please generate loop invariant as C annotation comments at the hint location (annotated by "[Hint] Please infer the loop invariant for the following loop.") using ACSL language.
ACSL is a specification language for C programs that conforms to the design by contract paradigm, utilizing Hoare style pre- and postconditions and invariants. Note that the `loop invariant` clause is a condition that is true at the beginning and end of every loop iteration.
Specifically, for the current verification task:
    - Pre-condition: i_15:1 < length && \exists integer k; 0 <= k < up && a[k] <= a[max]; i_16:\forall integer p; 0 <= p < up && a[p] <= a[max]; i_17:\forall integer p; 0 <= p < \at(max, End_l) ==> a[p] <= a[max]; i_18:\exists integer k; 0 <= k < down && a[k] >= a[min]; 
    - Post-condition: i_15:1 < length && \exists integer k; 0 <= k < up && a[k] <= a[max]; i_16:\forall integer p; 0 <= p < up && a[p] <= a[max]; i_17:\forall integer p; 0 <= p < \at(max, End_l) ==> a[p] <= a[max]; i_18:\exists integer k; 0 <= k < down && a[k] >= a[min]; 
Please verify that the generated loop invariant is consistent with these constraints. If these specific pre- or post-conditions are not provided or empty, please infer the loop invariant strictly based on the program's execution logic and standard correctness.
In order to get a correct answer, You may want to consider both the situation of not entering the loop and the situation of jumping out of the loop. If some of the pre-conditions are also loop invariant, you need to add them to your answer as well.
Use '&&', '||', '==>', '\forall' or '\exists' if necessary. For instance:
```
loop invariant 1 <= x;
loop invariant x == y;
loop invariant 0 < x ==> y <= z;
loop invariant z % 2 == 1 || x == y;
loop invariant z % 2 == 1 && x <= y;
loop invariant \forall integer k;  0 <= k < i ==> max >=  a[k];
loop invariant \exists integer k;  0 <= k < i &&  max == a[k];
loop invariant \forall integer p; 0 <= p < \at(k, End_l) ==> res[p] == \at(res[p], End_l);
```
Your answer should follow the following format:
```
loop invariant ...;
loop invariant ...;
...
```
No explanation. No commentary. Just show me the loop invariant.
 /no_think
--------------------------
----------Response----------
[unused16][unused17][Loop <B>]
loop invariant 1 < length && \exists integer k; 0 <= k < up && a[k] <= a[max];

[Loop <A>]
loop invariant 1 < length && \exists integer k; 0 <= k < up && a[k] <= a[max]; && \exists integer k; 0 <= k < down && a[k] >= a[min]; && \exists integer k; 0 <= k < \at(max, End_l) ==> a[k] <= a[max]; && \forall integer p; 0 <= p < up ==> \at(a[p], Val); && \forall integer p; 0 <= p < down ==> \at(a[p], Val); && \forall integer p; 0 <= p < \at(max, End_l) ==> \at(a[p], End_l);
;
----------------------------
------------Invariant Info-----------
LOOP A:
i_15: 1 < length && \exists integer k; 0 <= k < up && a[k] <= a[max]
i_16: \forall integer p; 0 <= p < up && a[p] <= a[max]
i_17: \forall integer p; 0 <= p < \at(max, End_l) ==> a[p] <= a[max]
i_18: \exists integer k; 0 <= k < down && a[k] >= a[min]
LOOP B:
i_19: 1 < length && \exists integer k; 0 <= k < up && a[k] <= a[max]
------------------------------------
---------- Code with Invariants ----------
/*@
  predicate sorted{Here}(int* a, integer start_index, integer end_index) =
    \forall integer k1, k2;
    start_index <= k1 <= k2 < end_index ==> a[k1] <= a[k2];
*/

/*@
  predicate swapped{L1,L2}(int* a, integer i, integer j) =
  \at(a[i],L1) == \at(a[j],L2) &&
  \at(a[j],L1) == \at(a[i],L2) &&
  \forall integer k; k != i && k != j
     ==> \at(a[k],L1) == \at(a[k],L2);
  */

/*@
  requires \valid(t+i) && \valid(t+j);
  assigns t[i],t[j];
  ensures \forall integer k; 0 <= k < n && k != i && k != j ==> t[k] == \old(t[k]);
  ensures swapped{Old,Here}(t,i,j);
  */
void sort_swap3(int t[], int i, int j, int n) {
    int tmp = t[i];
    t[i] = t[j];
    t[j] = tmp;
}

/*@
  requires 1 < length;
  requires \valid(a+(0..length-1));
  assigns a[0..length-1];
  ensures e_1: sorted(a, 0, length);
*/
void _bubble_sort(int *a, int length) {
    int up = 1;
    int down;

    // Loop A
    /*@
        loop invariant i_15: 1 < length && \exists integer k; 0 <= k < up && a[k] <= a[max];

        loop invariant i_16: \forall integer p; 0 <= p < up && a[p] <= a[max];

        loop invariant i_17: \forall integer p; 0 <= p < \at(max, End_l) ==> a[p] <= a[max];

        loop invariant i_18: \exists integer k; 0 <= k < down && a[k] >= a[min];


        loop assigns down, up, a[0..length - 1];
    */
    for (; up < length; up++) {
        down = up;
      // Loop B
        /*@
          loop invariant i_19: 1 < length && \exists integer k; 0 <= k < up && a[k] <= a[max];


          loop assigns down, a[0..length - 1];          
        */
        while (0 < down && a[down] < a[down - 1]) {
            sort_swap3(a, down, down - 1, length);
            down = down - 1;
        }
    }
}
------------------------------------------
Verification failed (Invalid), removing all invariants and retrying.
========== Attempt 5 ==========
----------Prompt----------

/*@
  predicate sorted{Here}(int* a, integer start_index, integer end_index) =
    \forall integer k1, k2;
    start_index <= k1 <= k2 < end_index ==> a[k1] <= a[k2];
*/

/*@
  predicate swapped{L1,L2}(int* a, integer i, integer j) =
  \at(a[i],L1) == \at(a[j],L2) &&
  \at(a[j],L1) == \at(a[i],L2) &&
  \forall integer k; k != i && k != j
     ==> \at(a[k],L1) == \at(a[k],L2);
  */

/*@
  requires \valid(t+i) && \valid(t+j);
  assigns t[i],t[j];
  ensures \forall integer k; 0 <= k < n && k != i && k != j ==> t[k] == \old(t[k]);
  ensures swapped{Old,Here}(t,i,j);
  */
void sort_swap3(int t[], int i, int j, int n) {
    int tmp = t[i];
    t[i] = t[j];
    t[j] = tmp;
}

/*@
  requires 1 < length;
  requires \valid(a+(0..length-1));
  assigns a[0..length-1];
  ensures e_1: sorted(a, 0, length);
*/
void _bubble_sort(int *a, int length) {
    int up = 1;
    int down;

    // Loop A
    /*@
        [Hint] Please infer the loop invariant for the following loop.

        loop assigns down, up, a[0..length - 1];
    */
    for (; up < length; up++) {
        down = up;
      // Loop B
        /*@
          loop assigns down, a[0..length - 1];          
        */
        while (0 < down && a[down] < a[down - 1]) {
            sort_swap3(a, down, down - 1, length);
            down = down - 1;
        }
    }
}
You are an expert in program verification, and please generate loop invariant as C annotation comments at the hint location (annotated by "[Hint] Please infer the loop invariant for the following loop.") using ACSL language.
ACSL is a specification language for C programs that conforms to the design by contract paradigm, utilizing Hoare style pre- and postconditions and invariants. Note that the `loop invariant` clause is a condition that is true at the beginning and end of every loop iteration.
Specifically, for the current verification task:
    - Pre-condition: the function's `requires` clauses
    - Post-condition: 
Please verify that the generated loop invariant is consistent with these constraints. If these specific pre- or post-conditions are not provided or empty, please infer the loop invariant strictly based on the program's execution logic and standard correctness.
In order to get a correct answer, You may want to consider both the situation of not entering the loop and the situation of jumping out of the loop. If some of the pre-conditions are also loop invariant, you need to add them to your answer as well.
Use '&&', '||', '==>', '\forall' or '\exists' if necessary. For instance:
```
loop invariant 1 <= x;
loop invariant x == y;
loop invariant 0 < x ==> y <= z;
loop invariant z % 2 == 1 || x == y;
loop invariant z % 2 == 1 && x <= y;
loop invariant \forall integer k;  0 <= k < i ==> max >=  a[k];
loop invariant \exists integer k;  0 <= k < i &&  max == a[k];
loop invariant \forall integer p; 0 <= p < \at(k, End_l) ==> res[p] == \at(res[p], End_l);
```
Your answer should follow the following format:
```
loop invariant ...;
loop invariant ...;
...
```
No explanation. No commentary. Just show me the loop invariant.
 /no_think
--------------------------
----------Response----------
[unused16][unused17]loop invariant 0 <= up && up < length;
loop invariant 1 <= down && down >= 0 && down < length;
loop invariant \forall integer k; k != up && k != down && 0 <= k < down + 1 && sorted(a, down + 1, length);
loop invariant \exists integer k; 0 <= k < down + 1 && \max a[0..k] == a[down];
loop invariant \exists integer k; 0 <= k < down + 1 && \max a[0..k] == a[down];
----------------------------
----------Prompt----------

/*@
  predicate sorted{Here}(int* a, integer start_index, integer end_index) =
    \forall integer k1, k2;
    start_index <= k1 <= k2 < end_index ==> a[k1] <= a[k2];
*/

/*@
  predicate swapped{L1,L2}(int* a, integer i, integer j) =
  \at(a[i],L1) == \at(a[j],L2) &&
  \at(a[j],L1) == \at(a[i],L2) &&
  \forall integer k; k != i && k != j
     ==> \at(a[k],L1) == \at(a[k],L2);
  */

/*@
  requires \valid(t+i) && \valid(t+j);
  assigns t[i],t[j];
  ensures \forall integer k; 0 <= k < n && k != i && k != j ==> t[k] == \old(t[k]);
  ensures swapped{Old,Here}(t,i,j);
  */
void sort_swap3(int t[], int i, int j, int n) {
    int tmp = t[i];
    t[i] = t[j];
    t[j] = tmp;
}

/*@
  requires 1 < length;
  requires \valid(a+(0..length-1));
  assigns a[0..length-1];
  ensures e_1: sorted(a, 0, length);
*/
void _bubble_sort(int *a, int length) {
    int up = 1;
    int down;

    // Loop A
    /*@
        loop invariant i_20: 0 <= up && up < length;

        loop invariant i_21: 1 <= down && down >= 0 && down < length;

        loop invariant i_22: \forall integer k; k != up && k != down && 0 <= k < down + 1 && sorted(a, down + 1, length);

        loop invariant i_23: \exists integer k; 0 <= k < down + 1 && \max a[0..k] == a[down];


        loop assigns down, up, a[0..length - 1];
    */
    for (; up < length; up++) {
        down = up;
      // Loop B
        /*@
          [Hint] Please infer the loop invariant for the following loop.

          loop assigns down, a[0..length - 1];          
        */
        while (0 < down && a[down] < a[down - 1]) {
            sort_swap3(a, down, down - 1, length);
            down = down - 1;
        }
    }
}
You are an expert in program verification, and please generate loop invariant as C annotation comments at the hint location (annotated by "[Hint] Please infer the loop invariant for the following loop.") using ACSL language.
ACSL is a specification language for C programs that conforms to the design by contract paradigm, utilizing Hoare style pre- and postconditions and invariants. Note that the `loop invariant` clause is a condition that is true at the beginning and end of every loop iteration.
Specifically, for the current verification task:
    - Pre-condition: i_20:0 <= up && up < length; i_21:1 <= down && down >= 0 && down < length; i_22:\forall integer k; k != up && k != down && 0 <= k < down + 1 && sorted(a, down + 1, length); i_23:\exists integer k; 0 <= k < down + 1 && \max a[0..k] == a[down]; 
    - Post-condition: i_20:0 <= up && up < length; i_21:1 <= down && down >= 0 && down < length; i_22:\forall integer k; k != up && k != down && 0 <= k < down + 1 && sorted(a, down + 1, length); i_23:\exists integer k; 0 <= k < down + 1 && \max a[0..k] == a[down]; 
Please verify that the generated loop invariant is consistent with these constraints. If these specific pre- or post-conditions are not provided or empty, please infer the loop invariant strictly based on the program's execution logic and standard correctness.
In order to get a correct answer, You may want to consider both the situation of not entering the loop and the situation of jumping out of the loop. If some of the pre-conditions are also loop invariant, you need to add them to your answer as well.
Use '&&', '||', '==>', '\forall' or '\exists' if necessary. For instance:
```
loop invariant 1 <= x;
loop invariant x == y;
loop invariant 0 < x ==> y <= z;
loop invariant z % 2 == 1 || x == y;
loop invariant z % 2 == 1 && x <= y;
loop invariant \forall integer k;  0 <= k < i ==> max >=  a[k];
loop invariant \exists integer k;  0 <= k < i &&  max == a[k];
loop invariant \forall integer p; 0 <= p < \at(k, End_l) ==> res[p] == \at(res[p], End_l);
```
Your answer should follow the following format:
```
loop invariant ...;
loop invariant ...;
...
```
No explanation. No commentary. Just show me the loop invariant.
 /no_think
--------------------------
----------Response----------
[unused16][unused17][Loop <Loop A>]
loop invariant 0 <= up && up < length;

[Loop <Loop B>]
loop invariant 1 <= down && down >= 0 && down < length;
loop invariant \forall integer k; k != up && k != down && 0 <= k < down + 1 && sorted(a, down + 1, length);
loop invariant \exists integer k; 0 <= k < down + 1 && \max a[0..k] == a[down];
----------------------------
------------Invariant Info-----------
LOOP A:
i_20: 0 <= up && up < length
i_21: 1 <= down && down >= 0 && down < length
i_22: \forall integer k; k != up && k != down && 0 <= k < down + 1 && sorted(a, down + 1, length)
i_23: \exists integer k; 0 <= k < down + 1 && \max a[0..k] == a[down]
LOOP B:
i_24: 0 <= up && up < length
i_25: 1 <= down && down >= 0 && down < length
i_26: \forall integer k; k != up && k != down && 0 <= k < down + 1 && sorted(a, down + 1, length)
i_27: \exists integer k; 0 <= k < down + 1 && \max a[0..k] == a[down]
------------------------------------
---------- Code with Invariants ----------
/*@
  predicate sorted{Here}(int* a, integer start_index, integer end_index) =
    \forall integer k1, k2;
    start_index <= k1 <= k2 < end_index ==> a[k1] <= a[k2];
*/

/*@
  predicate swapped{L1,L2}(int* a, integer i, integer j) =
  \at(a[i],L1) == \at(a[j],L2) &&
  \at(a[j],L1) == \at(a[i],L2) &&
  \forall integer k; k != i && k != j
     ==> \at(a[k],L1) == \at(a[k],L2);
  */

/*@
  requires \valid(t+i) && \valid(t+j);
  assigns t[i],t[j];
  ensures \forall integer k; 0 <= k < n && k != i && k != j ==> t[k] == \old(t[k]);
  ensures swapped{Old,Here}(t,i,j);
  */
void sort_swap3(int t[], int i, int j, int n) {
    int tmp = t[i];
    t[i] = t[j];
    t[j] = tmp;
}

/*@
  requires 1 < length;
  requires \valid(a+(0..length-1));
  assigns a[0..length-1];
  ensures e_1: sorted(a, 0, length);
*/
void _bubble_sort(int *a, int length) {
    int up = 1;
    int down;

    // Loop A
    /*@
        loop invariant i_20: 0 <= up && up < length;

        loop invariant i_21: 1 <= down && down >= 0 && down < length;

        loop invariant i_22: \forall integer k; k != up && k != down && 0 <= k < down + 1 && sorted(a, down + 1, length);

        loop invariant i_23: \exists integer k; 0 <= k < down + 1 && \max a[0..k] == a[down];


        loop assigns down, up, a[0..length - 1];
    */
    for (; up < length; up++) {
        down = up;
      // Loop B
        /*@
          loop invariant i_24: 0 <= up && up < length;

          loop invariant i_25: 1 <= down && down >= 0 && down < length;

          loop invariant i_26: \forall integer k; k != up && k != down && 0 <= k < down + 1 && sorted(a, down + 1, length);

          loop invariant i_27: \exists integer k; 0 <= k < down + 1 && \max a[0..k] == a[down];


          loop assigns down, a[0..length - 1];          
        */
        while (0 < down && a[down] < a[down - 1]) {
            sort_swap3(a, down, down - 1, length);
            down = down - 1;
        }
    }
}
------------------------------------------
Verification failed (Invalid), removing all invariants and retrying.
Verification failed: reached maximum attempts.
---------Result---------
Fail
Model: openPangu-Embedded-7B-V1.1
Running time: 117.47227621078491
Proposal number: 5
Verified code:

------------------------
