-----------Model-----------
Model type:
PanguEmbeddedForCausalLM(
  (model): PanguEmbeddedModel(
    (embed_tokens): Embedding(153376, 4096, padding_idx=0)
    (layers): ModuleList(
      (0-33): 34 x PanguEmbeddedDecoderLayer(
        (self_attn): PanguEmbeddedAttention(
          (q_proj): Linear(in_features=4096, out_features=4096, bias=True)
          (k_proj): Linear(in_features=4096, out_features=1024, bias=True)
          (v_proj): Linear(in_features=4096, out_features=1024, bias=True)
          (o_proj): Linear(in_features=4096, out_features=4096, bias=True)
        )
        (mlp): PanguEmbeddedMLP(
          (gate_proj): Linear(in_features=4096, out_features=12800, bias=False)
          (up_proj): Linear(in_features=4096, out_features=12800, bias=False)
          (down_proj): Linear(in_features=12800, out_features=4096, bias=False)
          (act_fn): SiLU()
        )
        (input_layernorm): PanguEmbeddedRMSNorm((4096,), eps=1e-05)
        (post_attention_layernorm): PanguEmbeddedRMSNorm((4096,), eps=1e-05)
      )
    )
    (norm): PanguEmbeddedRMSNorm((4096,), eps=1e-05)
    (rotary_emb): PanguEmbeddedRotaryEmbedding()
  )
  (lm_head): Linear(in_features=4096, out_features=153376, bias=False)
)
Model device:
npu:1
---------------------------
File Path: ../Benchmark/OOPSLA/oopsla_29.c
----------Code----------
int unknown1();
int unknown2();
int unknown3();

void oopsla_29() {
    int a = 1;
    int b = 1;
    int c = 2;
    int d = 2;
    int x = 3;
    int y = 3;

    /*@
        loop assigns y, x, d, a, c, b;
    */
    while (unknown1()) {
        x = a + c;
        y = b + d;
        if ((x + y) % 2 == 0) {
            a++;
            d++;
        } 
        else {
            a--;
        }

        /*@
            loop assigns y, x, d, a, c, b;
        */
        while (unknown2()) {
            c--;
            b--;
        }
    }
    
    //@ assert  a_1: a + c == b + d;
}
------------------------
----------Prompt----------

int unknown1();
int unknown2();
int unknown3();

void oopsla_29() {
    int a = 1;
    int b = 1;
    int c = 2;
    int d = 2;
    int x = 3;
    int y = 3;

    // Loop A
    /*@
        [Hint] Please infer the loop invariant for the following loop.

        loop assigns y, x, d, a, c, b;
    */
    while (unknown1()) {
        x = a + c;
        y = b + d;
        if ((x + y) % 2 == 0) {
            a++;
            d++;
        } 
        else {
            a--;
        }

        // Loop B
        /*@
            loop assigns y, x, d, a, c, b;
        */
        while (unknown2()) {
            c--;
            b--;
        }
    }
    
    //@ assert  a_1: a + c == b + d;
}
You are an expert in program verification, and please generate loop invariant as C annotation comments at the hint location (annotated by "[Hint] Please infer the loop invariant for the following loop.") using ACSL language.
ACSL is a specification language for C programs that conforms to the design by contract paradigm, utilizing Hoare style pre- and postconditions and invariants. Note that the `loop invariant` clause is a condition that is true at the beginning and end of every loop iteration.
Specifically, for the current verification task:
    - Pre-condition: the function's `requires` clauses
    - Post-condition: 
Please verify that the generated loop invariant is consistent with these constraints. If these specific pre- or post-conditions are not provided or empty, please infer the loop invariant strictly based on the program's execution logic and standard correctness.
In order to get a correct answer, You may want to consider both the situation of not entering the loop and the situation of jumping out of the loop. If some of the pre-conditions are also loop invariant, you need to add them to your answer as well.
Use '&&', '||', '==>', '\forall' or '\exists' if necessary. For instance:
```
loop invariant 1 <= x;
loop invariant x == y;
loop invariant 0 < x ==> y <= z;
loop invariant z % 2 == 1 || x == y;
loop invariant z % 2 == 1 && x <= y;
loop invariant \forall integer k;  0 <= k < i ==> max >=  a[k];
loop invariant \exists integer k;  0 <= k < i &&  max == a[k];
loop invariant \forall integer p; 0 <= p < \at(k, End_l) ==> res[p] == \at(res[p], End_l);
```
Your answer should follow the following format:
```
loop invariant ...;
loop invariant ...;
...
```
No explanation. No commentary. Just show me the loop invariant.
 /no_think
--------------------------
----------Response----------
[unused16][unused17][Loop <Loop A>]
loop invariant a == b;
loop invariant x == y;
loop invariant c == d;
loop invariant x + y == b + d;
loop invariant (x + y) % 2 == 0 && a == b;
loop invariant x <= y;
loop invariant y >= x;
loop invariant x + y + c + d == b + d + a + c;

[Loop <Loop B>]
loop invariant c == d;
loop invariant b == c;
----------------------------
----------Prompt----------

int unknown1();
int unknown2();
int unknown3();

void oopsla_29() {
    int a = 1;
    int b = 1;
    int c = 2;
    int d = 2;
    int x = 3;
    int y = 3;

    // Loop A
    /*@
        loop invariant i_0: a == b;

        loop invariant i_1: x == y;

        loop invariant i_2: c == d;

        loop invariant i_3: x + y == b + d;

        loop invariant i_4: (x + y) % 2 == 0 && a == b;

        loop invariant i_5: x <= y;

        loop invariant i_6: y >= x;

        loop invariant i_7: x + y + c + d == b + d + a + c;

        loop invariant i_8: b == c;


        loop assigns y, x, d, a, c, b;
    */
    while (unknown1()) {
        x = a + c;
        y = b + d;
        if ((x + y) % 2 == 0) {
            a++;
            d++;
        } 
        else {
            a--;
        }

        // Loop B
        /*@
            [Hint] Please infer the loop invariant for the following loop.

            loop assigns y, x, d, a, c, b;
        */
        while (unknown2()) {
            c--;
            b--;
        }
    }
    
    //@ assert  a_1: a + c == b + d;
}
You are an expert in program verification, and please generate loop invariant as C annotation comments at the hint location (annotated by "[Hint] Please infer the loop invariant for the following loop.") using ACSL language.
ACSL is a specification language for C programs that conforms to the design by contract paradigm, utilizing Hoare style pre- and postconditions and invariants. Note that the `loop invariant` clause is a condition that is true at the beginning and end of every loop iteration.
Specifically, for the current verification task:
    - Pre-condition: i_0:a == b; i_1:x == y; i_2:c == d; i_3:x + y == b + d; i_4:(x + y) % 2 == 0 && a == b; i_5:x <= y; i_6:y >= x; i_7:x + y + c + d == b + d + a + c; i_8:b == c; 
    - Post-condition: i_0:a == b; i_1:x == y; i_2:c == d; i_3:x + y == b + d; i_4:(x + y) % 2 == 0 && a == b; i_5:x <= y; i_6:y >= x; i_7:x + y + c + d == b + d + a + c; i_8:b == c; 
Please verify that the generated loop invariant is consistent with these constraints. If these specific pre- or post-conditions are not provided or empty, please infer the loop invariant strictly based on the program's execution logic and standard correctness.
In order to get a correct answer, You may want to consider both the situation of not entering the loop and the situation of jumping out of the loop. If some of the pre-conditions are also loop invariant, you need to add them to your answer as well.
Use '&&', '||', '==>', '\forall' or '\exists' if necessary. For instance:
```
loop invariant 1 <= x;
loop invariant x == y;
loop invariant 0 < x ==> y <= z;
loop invariant z % 2 == 1 || x == y;
loop invariant z % 2 == 1 && x <= y;
loop invariant \forall integer k;  0 <= k < i ==> max >=  a[k];
loop invariant \exists integer k;  0 <= k < i &&  max == a[k];
loop invariant \forall integer p; 0 <= p < \at(k, End_l) ==> res[p] == \at(res[p], End_l);
```
Your answer should follow the following format:
```
loop invariant ...;
loop invariant ...;
...
```
No explanation. No commentary. Just show me the loop invariant.
 /no_think
--------------------------
----------Response----------
[unused16][unused17]loop invariant i_0: a == b;
loop invariant i_1: x == y;
loop invariant i_2: c == d;
loop invariant i_3: x + y == b + d;
loop invariant i_4: (x + y) % 2 == 0 && a == b;
loop invariant i_5: x <= y;
loop invariant i_6: y >= x;
loop invariant i_7: x + y + c + d == b + d + a + c;
loop invariant i_8: b == c;
```
----------------------------
------------Invariant Info-----------
LOOP A:
i_0: a == b
i_1: x == y
i_2: c == d
i_3: x + y == b + d
i_4: (x + y) % 2 == 0 && a == b
i_5: x <= y
i_6: y >= x
i_7: x + y + c + d == b + d + a + c
i_8: b == c
LOOP B:
i_9: a == b
i_10: x == y
i_11: c == d
i_12: x + y == b + d
i_13: (x + y) % 2 == 0 && a == b
i_14: x <= y
i_15: y >= x
i_16: x + y + c + d == b + d + a + c
i_17: b == c
------------------------------------
----------Code with Invariants----------
int unknown1();
int unknown2();
int unknown3();

void oopsla_29() {
    int a = 1;
    int b = 1;
    int c = 2;
    int d = 2;
    int x = 3;
    int y = 3;

    // Loop A
    /*@
        loop invariant i_0: a == b;

        loop invariant i_1: x == y;

        loop invariant i_2: c == d;

        loop invariant i_3: x + y == b + d;

        loop invariant i_4: (x + y) % 2 == 0 && a == b;

        loop invariant i_5: x <= y;

        loop invariant i_6: y >= x;

        loop invariant i_7: x + y + c + d == b + d + a + c;

        loop invariant i_8: b == c;


        loop assigns y, x, d, a, c, b;
    */
    while (unknown1()) {
        x = a + c;
        y = b + d;
        if ((x + y) % 2 == 0) {
            a++;
            d++;
        } 
        else {
            a--;
        }

        // Loop B
        /*@
            loop invariant i_9: a == b;

            loop invariant i_10: x == y;

            loop invariant i_11: c == d;

            loop invariant i_12: x + y == b + d;

            loop invariant i_13: (x + y) % 2 == 0 && a == b;

            loop invariant i_14: x <= y;

            loop invariant i_15: y >= x;

            loop invariant i_16: x + y + c + d == b + d + a + c;

            loop invariant i_17: b == c;


            loop assigns y, x, d, a, c, b;
        */
        while (unknown2()) {
            c--;
            b--;
        }
    }
    
    //@ assert  a_1: a + c == b + d;
}
----------------------------------------
----------Begin Revise----------
-------------Establishment_requires: i_3: establishment---------------
----------Prompt----------

int unknown1();
int unknown2();
int unknown3();

void oopsla_29() {
    int a = 1;
    int b = 1;
    int c = 2;
    int d = 2;
    int x = 3;
    int y = 3;

    // Loop A
    /*@
        [Hint] Loop invariant x + y == b + d too strong initially. Relax it.

        loop invariant i_0: a == b;

        loop invariant i_1: x == y;

        loop invariant i_2: c == d;

        loop invariant i_3: x + y == b + d;

        loop invariant i_4: (x + y) % 2 == 0 && a == b;

        loop invariant i_5: x <= y;

        loop invariant i_6: y >= x;

        loop invariant i_7: x + y + c + d == b + d + a + c;

        loop invariant i_8: b == c;


        loop assigns y, x, d, a, c, b;
    */
    while (unknown1()) {
        x = a + c;
        y = b + d;
        if ((x + y) % 2 == 0) {
            a++;
            d++;
        } 
        else {
            a--;
        }

        // Loop B
        /*@
            loop invariant i_9: a == b;

            loop invariant i_10: x == y;

            loop invariant i_11: c == d;

            loop invariant i_12: x + y == b + d;

            loop invariant i_13: (x + y) % 2 == 0 && a == b;

            loop invariant i_14: x <= y;

            loop invariant i_15: y >= x;

            loop invariant i_16: x + y + c + d == b + d + a + c;

            loop invariant i_17: b == c;


            loop assigns y, x, d, a, c, b;
        */
        while (unknown2()) {
            c--;
            b--;
        }
    }
    
    //@ assert  a_1: a + c == b + d;
}
You are an expert in deductive program verification using ACSL and Frama-C.
The following loop invariant of the loop labeled "A" cannot be established from the function's `requires` clauses:
[Unprovable Initial Invariant] x + y == b + d
This means the loop invariant is too strong at the loop entry, violating the establishment condition of loop correctness.  
Your task is to relax or weaken the loop invariant at the position marked by: "[Hint] Loop invariant too strong initially. Relax it."
IMPORTANT RULES:
1. The relaxed invariants must still hold:
   - Establishment: They must be provable solely from the function's requires clauses and the program state before entering the loop.
   - Preservation: after executing the loop body exactly once, the invariant still holds.
   - Zero-iteration case: the invariant is valid even if the loop never executes.
2. Do NOT restate or print any of the existing loop invariants.  
   Only output the modified (weakened) invariants necessary to make the establishment step succeed.
3. Your answer must be solely in the form:
   ```
   loop invariant ...;
   loop invariant ...;
   ...
   ```
4. All invariants must follow ACSL syntax and be valid loop invariants.
5. No explanation. No commentary. Just show me the loop invariant.
 /no_think
--------------------------
----------Response----------
[unused16][unused17]```
loop invariant i_0: a == b;
loop invariant i_1: x == y;
loop invariant i_2: c == d;
loop invariant i_3: x + y == b + d;
loop invariant i_4: (x + y) % 2 == 0;
loop invariant i_5: x <= y;
loop invariant i_6: y >= x;
loop invariant i_7: x + y + c + d == b + d + a + c;
loop invariant i_8: b == c;
```
----------------------------
--------------------------------
------------Invariant Info-----------
LOOP A:
i_0: a == b
i_1: x == y
i_2: c == d
i_3: x + y == b + d
i_4: (x + y) % 2 == 0 && a == b
i_5: x <= y
i_6: y >= x
i_7: x + y + c + d == b + d + a + c
i_8: b == c
i_18: (x + y) % 2 == 0
LOOP B:
i_9: a == b
i_10: x == y
i_11: c == d
i_12: x + y == b + d
i_13: (x + y) % 2 == 0 && a == b
i_14: x <= y
i_15: y >= x
i_16: x + y + c + d == b + d + a + c
i_17: b == c
------------------------------------
----------Code with Invariants----------
int unknown1();
int unknown2();
int unknown3();

void oopsla_29() {
    int a = 1;
    int b = 1;
    int c = 2;
    int d = 2;
    int x = 3;
    int y = 3;

    // Loop A
    /*@
        loop invariant i_0: a == b;

        loop invariant i_1: x == y;

        loop invariant i_2: c == d;

        loop invariant i_3: x + y == b + d;

        loop invariant i_4: (x + y) % 2 == 0 && a == b;

        loop invariant i_5: x <= y;

        loop invariant i_6: y >= x;

        loop invariant i_7: x + y + c + d == b + d + a + c;

        loop invariant i_8: b == c;

        loop invariant i_18: (x + y) % 2 == 0;


        loop assigns y, x, d, a, c, b;
    */
    while (unknown1()) {
        x = a + c;
        y = b + d;
        if ((x + y) % 2 == 0) {
            a++;
            d++;
        } 
        else {
            a--;
        }

        // Loop B
        /*@
            loop invariant i_9: a == b;

            loop invariant i_10: x == y;

            loop invariant i_11: c == d;

            loop invariant i_12: x + y == b + d;

            loop invariant i_13: (x + y) % 2 == 0 && a == b;

            loop invariant i_14: x <= y;

            loop invariant i_15: y >= x;

            loop invariant i_16: x + y + c + d == b + d + a + c;

            loop invariant i_17: b == c;


            loop assigns y, x, d, a, c, b;
        */
        while (unknown2()) {
            c--;
            b--;
        }
    }
    
    //@ assert  a_1: a + c == b + d;
}
----------------------------------------
----------Begin Revise----------
-------------Establishment_requires: i_3: establishment---------------
----------Prompt----------

int unknown1();
int unknown2();
int unknown3();

void oopsla_29() {
    int a = 1;
    int b = 1;
    int c = 2;
    int d = 2;
    int x = 3;
    int y = 3;

    // Loop A
    /*@
        [Hint] Loop invariant x + y == b + d too strong initially. Relax it.

        loop invariant i_0: a == b;

        loop invariant i_1: x == y;

        loop invariant i_2: c == d;

        loop invariant i_3: x + y == b + d;

        loop invariant i_4: (x + y) % 2 == 0 && a == b;

        loop invariant i_5: x <= y;

        loop invariant i_6: y >= x;

        loop invariant i_7: x + y + c + d == b + d + a + c;

        loop invariant i_8: b == c;

        loop invariant i_18: (x + y) % 2 == 0;


        loop assigns y, x, d, a, c, b;
    */
    while (unknown1()) {
        x = a + c;
        y = b + d;
        if ((x + y) % 2 == 0) {
            a++;
            d++;
        } 
        else {
            a--;
        }

        // Loop B
        /*@
            loop invariant i_9: a == b;

            loop invariant i_10: x == y;

            loop invariant i_11: c == d;

            loop invariant i_12: x + y == b + d;

            loop invariant i_13: (x + y) % 2 == 0 && a == b;

            loop invariant i_14: x <= y;

            loop invariant i_15: y >= x;

            loop invariant i_16: x + y + c + d == b + d + a + c;

            loop invariant i_17: b == c;


            loop assigns y, x, d, a, c, b;
        */
        while (unknown2()) {
            c--;
            b--;
        }
    }
    
    //@ assert  a_1: a + c == b + d;
}
You are an expert in deductive program verification using ACSL and Frama-C.
The following loop invariant of the loop labeled "A" cannot be established from the function's `requires` clauses:
[Unprovable Initial Invariant] x + y == b + d
This means the loop invariant is too strong at the loop entry, violating the establishment condition of loop correctness.  
Your task is to relax or weaken the loop invariant at the position marked by: "[Hint] Loop invariant too strong initially. Relax it."
IMPORTANT RULES:
1. The relaxed invariants must still hold:
   - Establishment: They must be provable solely from the function's requires clauses and the program state before entering the loop.
   - Preservation: after executing the loop body exactly once, the invariant still holds.
   - Zero-iteration case: the invariant is valid even if the loop never executes.
2. Do NOT restate or print any of the existing loop invariants.  
   Only output the modified (weakened) invariants necessary to make the establishment step succeed.
3. Your answer must be solely in the form:
   ```
   loop invariant ...;
   loop invariant ...;
   ...
   ```
4. All invariants must follow ACSL syntax and be valid loop invariants.
5. No explanation. No commentary. Just show me the loop invariant.
 /no_think
--------------------------
----------Response----------
[unused16][unused17]```
loop invariant i_0: a == b;
loop invariant i_1: x == y;
loop invariant i_2: c == d;
loop invariant i_3: x + y == b + d;
loop invariant i_4: (x + y) % 2 == 0;
loop invariant i_5: x <= y;
loop invariant i_6: y >= x;
loop invariant i_7: x + y + c + d == b + d + a + c;
```
----------------------------
--------------------------------
------------Invariant Info-----------
LOOP A:
i_0: a == b
i_1: x == y
i_2: c == d
i_3: x + y == b + d
i_4: (x + y) % 2 == 0 && a == b
i_5: x <= y
i_6: y >= x
i_7: x + y + c + d == b + d + a + c
i_8: b == c
i_18: (x + y) % 2 == 0
LOOP B:
i_9: a == b
i_10: x == y
i_11: c == d
i_12: x + y == b + d
i_13: (x + y) % 2 == 0 && a == b
i_14: x <= y
i_15: y >= x
i_16: x + y + c + d == b + d + a + c
i_17: b == c
------------------------------------
----------Code with Invariants----------
int unknown1();
int unknown2();
int unknown3();

void oopsla_29() {
    int a = 1;
    int b = 1;
    int c = 2;
    int d = 2;
    int x = 3;
    int y = 3;

    // Loop A
    /*@
        loop invariant i_0: a == b;

        loop invariant i_1: x == y;

        loop invariant i_2: c == d;

        loop invariant i_3: x + y == b + d;

        loop invariant i_4: (x + y) % 2 == 0 && a == b;

        loop invariant i_5: x <= y;

        loop invariant i_6: y >= x;

        loop invariant i_7: x + y + c + d == b + d + a + c;

        loop invariant i_8: b == c;

        loop invariant i_18: (x + y) % 2 == 0;


        loop assigns y, x, d, a, c, b;
    */
    while (unknown1()) {
        x = a + c;
        y = b + d;
        if ((x + y) % 2 == 0) {
            a++;
            d++;
        } 
        else {
            a--;
        }

        // Loop B
        /*@
            loop invariant i_9: a == b;

            loop invariant i_10: x == y;

            loop invariant i_11: c == d;

            loop invariant i_12: x + y == b + d;

            loop invariant i_13: (x + y) % 2 == 0 && a == b;

            loop invariant i_14: x <= y;

            loop invariant i_15: y >= x;

            loop invariant i_16: x + y + c + d == b + d + a + c;

            loop invariant i_17: b == c;


            loop assigns y, x, d, a, c, b;
        */
        while (unknown2()) {
            c--;
            b--;
        }
    }
    
    //@ assert  a_1: a + c == b + d;
}
----------------------------------------
----------Begin Revise----------
-------------Establishment_requires: i_3: establishment---------------
----------Prompt----------

int unknown1();
int unknown2();
int unknown3();

void oopsla_29() {
    int a = 1;
    int b = 1;
    int c = 2;
    int d = 2;
    int x = 3;
    int y = 3;

    // Loop A
    /*@
        [Hint] Loop invariant x + y == b + d too strong initially. Relax it.

        loop invariant i_0: a == b;

        loop invariant i_1: x == y;

        loop invariant i_2: c == d;

        loop invariant i_3: x + y == b + d;

        loop invariant i_4: (x + y) % 2 == 0 && a == b;

        loop invariant i_5: x <= y;

        loop invariant i_6: y >= x;

        loop invariant i_7: x + y + c + d == b + d + a + c;

        loop invariant i_8: b == c;

        loop invariant i_18: (x + y) % 2 == 0;


        loop assigns y, x, d, a, c, b;
    */
    while (unknown1()) {
        x = a + c;
        y = b + d;
        if ((x + y) % 2 == 0) {
            a++;
            d++;
        } 
        else {
            a--;
        }

        // Loop B
        /*@
            loop invariant i_9: a == b;

            loop invariant i_10: x == y;

            loop invariant i_11: c == d;

            loop invariant i_12: x + y == b + d;

            loop invariant i_13: (x + y) % 2 == 0 && a == b;

            loop invariant i_14: x <= y;

            loop invariant i_15: y >= x;

            loop invariant i_16: x + y + c + d == b + d + a + c;

            loop invariant i_17: b == c;


            loop assigns y, x, d, a, c, b;
        */
        while (unknown2()) {
            c--;
            b--;
        }
    }
    
    //@ assert  a_1: a + c == b + d;
}
You are an expert in deductive program verification using ACSL and Frama-C.
The following loop invariant of the loop labeled "A" cannot be established from the function's `requires` clauses:
[Unprovable Initial Invariant] x + y == b + d
This means the loop invariant is too strong at the loop entry, violating the establishment condition of loop correctness.  
Your task is to relax or weaken the loop invariant at the position marked by: "[Hint] Loop invariant too strong initially. Relax it."
IMPORTANT RULES:
1. The relaxed invariants must still hold:
   - Establishment: They must be provable solely from the function's requires clauses and the program state before entering the loop.
   - Preservation: after executing the loop body exactly once, the invariant still holds.
   - Zero-iteration case: the invariant is valid even if the loop never executes.
2. Do NOT restate or print any of the existing loop invariants.  
   Only output the modified (weakened) invariants necessary to make the establishment step succeed.
3. Your answer must be solely in the form:
   ```
   loop invariant ...;
   loop invariant ...;
   ...
   ```
4. All invariants must follow ACSL syntax and be valid loop invariants.
5. No explanation. No commentary. Just show me the loop invariant.
 /no_think
--------------------------
----------Response----------
[unused16][unused17]```
loop invariant i_0: a == b;
loop invariant i_1: x == y;
loop invariant i_2: c == d;
loop invariant i_3: x + y == b + d;
loop invariant i_4: a == b;
loop invariant i_5: x == y;
loop invariant i_6: y >= x;
loop invariant i_7: x + y + c + d == b + d + a + c;
loop invariant i_8: b == c;
loop invariant i_18: (x + y) % 2 == 0;
```
----------------------------
--------------------------------
------------Invariant Info-----------
LOOP A:
i_0: a == b
i_1: x == y
i_2: c == d
i_3: x + y == b + d
i_4: (x + y) % 2 == 0 && a == b
i_5: x <= y
i_6: y >= x
i_7: x + y + c + d == b + d + a + c
i_8: b == c
i_18: (x + y) % 2 == 0
LOOP B:
i_9: a == b
i_10: x == y
i_11: c == d
i_12: x + y == b + d
i_13: (x + y) % 2 == 0 && a == b
i_14: x <= y
i_15: y >= x
i_16: x + y + c + d == b + d + a + c
i_17: b == c
------------------------------------
----------Code with Invariants----------
int unknown1();
int unknown2();
int unknown3();

void oopsla_29() {
    int a = 1;
    int b = 1;
    int c = 2;
    int d = 2;
    int x = 3;
    int y = 3;

    // Loop A
    /*@
        loop invariant i_0: a == b;

        loop invariant i_1: x == y;

        loop invariant i_2: c == d;

        loop invariant i_3: x + y == b + d;

        loop invariant i_4: (x + y) % 2 == 0 && a == b;

        loop invariant i_5: x <= y;

        loop invariant i_6: y >= x;

        loop invariant i_7: x + y + c + d == b + d + a + c;

        loop invariant i_8: b == c;

        loop invariant i_18: (x + y) % 2 == 0;


        loop assigns y, x, d, a, c, b;
    */
    while (unknown1()) {
        x = a + c;
        y = b + d;
        if ((x + y) % 2 == 0) {
            a++;
            d++;
        } 
        else {
            a--;
        }

        // Loop B
        /*@
            loop invariant i_9: a == b;

            loop invariant i_10: x == y;

            loop invariant i_11: c == d;

            loop invariant i_12: x + y == b + d;

            loop invariant i_13: (x + y) % 2 == 0 && a == b;

            loop invariant i_14: x <= y;

            loop invariant i_15: y >= x;

            loop invariant i_16: x + y + c + d == b + d + a + c;

            loop invariant i_17: b == c;


            loop assigns y, x, d, a, c, b;
        */
        while (unknown2()) {
            c--;
            b--;
        }
    }
    
    //@ assert  a_1: a + c == b + d;
}
----------------------------------------
----------Begin Revise----------
-------------Establishment_requires: i_3: establishment---------------
----------Prompt----------

int unknown1();
int unknown2();
int unknown3();

void oopsla_29() {
    int a = 1;
    int b = 1;
    int c = 2;
    int d = 2;
    int x = 3;
    int y = 3;

    // Loop A
    /*@
        [Hint] Loop invariant x + y == b + d too strong initially. Relax it.

        loop invariant i_0: a == b;

        loop invariant i_1: x == y;

        loop invariant i_2: c == d;

        loop invariant i_3: x + y == b + d;

        loop invariant i_4: (x + y) % 2 == 0 && a == b;

        loop invariant i_5: x <= y;

        loop invariant i_6: y >= x;

        loop invariant i_7: x + y + c + d == b + d + a + c;

        loop invariant i_8: b == c;

        loop invariant i_18: (x + y) % 2 == 0;


        loop assigns y, x, d, a, c, b;
    */
    while (unknown1()) {
        x = a + c;
        y = b + d;
        if ((x + y) % 2 == 0) {
            a++;
            d++;
        } 
        else {
            a--;
        }

        // Loop B
        /*@
            loop invariant i_9: a == b;

            loop invariant i_10: x == y;

            loop invariant i_11: c == d;

            loop invariant i_12: x + y == b + d;

            loop invariant i_13: (x + y) % 2 == 0 && a == b;

            loop invariant i_14: x <= y;

            loop invariant i_15: y >= x;

            loop invariant i_16: x + y + c + d == b + d + a + c;

            loop invariant i_17: b == c;


            loop assigns y, x, d, a, c, b;
        */
        while (unknown2()) {
            c--;
            b--;
        }
    }
    
    //@ assert  a_1: a + c == b + d;
}
You are an expert in deductive program verification using ACSL and Frama-C.
The following loop invariant of the loop labeled "A" cannot be established from the function's `requires` clauses:
[Unprovable Initial Invariant] x + y == b + d
This means the loop invariant is too strong at the loop entry, violating the establishment condition of loop correctness.  
Your task is to relax or weaken the loop invariant at the position marked by: "[Hint] Loop invariant too strong initially. Relax it."
IMPORTANT RULES:
1. The relaxed invariants must still hold:
   - Establishment: They must be provable solely from the function's requires clauses and the program state before entering the loop.
   - Preservation: after executing the loop body exactly once, the invariant still holds.
   - Zero-iteration case: the invariant is valid even if the loop never executes.
2. Do NOT restate or print any of the existing loop invariants.  
   Only output the modified (weakened) invariants necessary to make the establishment step succeed.
3. Your answer must be solely in the form:
   ```
   loop invariant ...;
   loop invariant ...;
   ...
   ```
4. All invariants must follow ACSL syntax and be valid loop invariants.
5. No explanation. No commentary. Just show me the loop invariant.
 /no_think
--------------------------
----------Response----------
[unused16][unused17]```
loop invariant i_0: a == b;

loop invariant i_1: x == y;

loop invariant i_2: c == d;

loop invariant i_3: x + y == b + d;

loop invariant i_4: (x + y) % 2 == 0;

loop invariant i_5: x <= y;

loop invariant i_6: y >= x;

loop invariant i_7: x + y + c + d == b + d + a + c;
```
----------------------------
--------------------------------
------------Invariant Info-----------
LOOP A:
i_0: a == b
i_1: x == y
i_2: c == d
i_3: x + y == b + d
i_4: (x + y) % 2 == 0 && a == b
i_5: x <= y
i_6: y >= x
i_7: x + y + c + d == b + d + a + c
i_8: b == c
i_18: (x + y) % 2 == 0
LOOP B:
i_9: a == b
i_10: x == y
i_11: c == d
i_12: x + y == b + d
i_13: (x + y) % 2 == 0 && a == b
i_14: x <= y
i_15: y >= x
i_16: x + y + c + d == b + d + a + c
i_17: b == c
------------------------------------
----------Code with Invariants----------
int unknown1();
int unknown2();
int unknown3();

void oopsla_29() {
    int a = 1;
    int b = 1;
    int c = 2;
    int d = 2;
    int x = 3;
    int y = 3;

    // Loop A
    /*@
        loop invariant i_0: a == b;

        loop invariant i_1: x == y;

        loop invariant i_2: c == d;

        loop invariant i_3: x + y == b + d;

        loop invariant i_4: (x + y) % 2 == 0 && a == b;

        loop invariant i_5: x <= y;

        loop invariant i_6: y >= x;

        loop invariant i_7: x + y + c + d == b + d + a + c;

        loop invariant i_8: b == c;

        loop invariant i_18: (x + y) % 2 == 0;


        loop assigns y, x, d, a, c, b;
    */
    while (unknown1()) {
        x = a + c;
        y = b + d;
        if ((x + y) % 2 == 0) {
            a++;
            d++;
        } 
        else {
            a--;
        }

        // Loop B
        /*@
            loop invariant i_9: a == b;

            loop invariant i_10: x == y;

            loop invariant i_11: c == d;

            loop invariant i_12: x + y == b + d;

            loop invariant i_13: (x + y) % 2 == 0 && a == b;

            loop invariant i_14: x <= y;

            loop invariant i_15: y >= x;

            loop invariant i_16: x + y + c + d == b + d + a + c;

            loop invariant i_17: b == c;


            loop assigns y, x, d, a, c, b;
        */
        while (unknown2()) {
            c--;
            b--;
        }
    }
    
    //@ assert  a_1: a + c == b + d;
}
----------------------------------------
----------Begin Revise----------
-------------Establishment_requires: i_3: establishment---------------
----------Prompt----------

int unknown1();
int unknown2();
int unknown3();

void oopsla_29() {
    int a = 1;
    int b = 1;
    int c = 2;
    int d = 2;
    int x = 3;
    int y = 3;

    // Loop A
    /*@
        [Hint] Loop invariant x + y == b + d too strong initially. Relax it.

        loop invariant i_0: a == b;

        loop invariant i_1: x == y;

        loop invariant i_2: c == d;

        loop invariant i_3: x + y == b + d;

        loop invariant i_4: (x + y) % 2 == 0 && a == b;

        loop invariant i_5: x <= y;

        loop invariant i_6: y >= x;

        loop invariant i_7: x + y + c + d == b + d + a + c;

        loop invariant i_8: b == c;

        loop invariant i_18: (x + y) % 2 == 0;


        loop assigns y, x, d, a, c, b;
    */
    while (unknown1()) {
        x = a + c;
        y = b + d;
        if ((x + y) % 2 == 0) {
            a++;
            d++;
        } 
        else {
            a--;
        }

        // Loop B
        /*@
            loop invariant i_9: a == b;

            loop invariant i_10: x == y;

            loop invariant i_11: c == d;

            loop invariant i_12: x + y == b + d;

            loop invariant i_13: (x + y) % 2 == 0 && a == b;

            loop invariant i_14: x <= y;

            loop invariant i_15: y >= x;

            loop invariant i_16: x + y + c + d == b + d + a + c;

            loop invariant i_17: b == c;


            loop assigns y, x, d, a, c, b;
        */
        while (unknown2()) {
            c--;
            b--;
        }
    }
    
    //@ assert  a_1: a + c == b + d;
}
You are an expert in deductive program verification using ACSL and Frama-C.
The following loop invariant of the loop labeled "A" cannot be established from the function's `requires` clauses:
[Unprovable Initial Invariant] x + y == b + d
This means the loop invariant is too strong at the loop entry, violating the establishment condition of loop correctness.  
Your task is to relax or weaken the loop invariant at the position marked by: "[Hint] Loop invariant too strong initially. Relax it."
IMPORTANT RULES:
1. The relaxed invariants must still hold:
   - Establishment: They must be provable solely from the function's requires clauses and the program state before entering the loop.
   - Preservation: after executing the loop body exactly once, the invariant still holds.
   - Zero-iteration case: the invariant is valid even if the loop never executes.
2. Do NOT restate or print any of the existing loop invariants.  
   Only output the modified (weakened) invariants necessary to make the establishment step succeed.
3. Your answer must be solely in the form:
   ```
   loop invariant ...;
   loop invariant ...;
   ...
   ```
4. All invariants must follow ACSL syntax and be valid loop invariants.
5. No explanation. No commentary. Just show me the loop invariant.
 /no_think
--------------------------
----------Response----------
[unused16][unused17]```
loop invariant i_0: a == b;

loop invariant i_1: x == y;

loop invariant i_2: c == d;

loop invariant i_3: x + y == b + d;

loop invariant i_4: (x + y) % 2 == 0;

loop invariant i_5: x <= y;

loop invariant i_6: y >= x;

loop invariant i_7: x + y + c + d == b + d + a + c;
```
----------------------------
--------------------------------
------------Invariant Info-----------
LOOP A:
i_0: a == b
i_1: x == y
i_2: c == d
i_3: x + y == b + d
i_4: (x + y) % 2 == 0 && a == b
i_5: x <= y
i_6: y >= x
i_7: x + y + c + d == b + d + a + c
i_8: b == c
i_18: (x + y) % 2 == 0
LOOP B:
i_9: a == b
i_10: x == y
i_11: c == d
i_12: x + y == b + d
i_13: (x + y) % 2 == 0 && a == b
i_14: x <= y
i_15: y >= x
i_16: x + y + c + d == b + d + a + c
i_17: b == c
------------------------------------
----------Code with Invariants----------
int unknown1();
int unknown2();
int unknown3();

void oopsla_29() {
    int a = 1;
    int b = 1;
    int c = 2;
    int d = 2;
    int x = 3;
    int y = 3;

    // Loop A
    /*@
        loop invariant i_0: a == b;

        loop invariant i_1: x == y;

        loop invariant i_2: c == d;

        loop invariant i_3: x + y == b + d;

        loop invariant i_4: (x + y) % 2 == 0 && a == b;

        loop invariant i_5: x <= y;

        loop invariant i_6: y >= x;

        loop invariant i_7: x + y + c + d == b + d + a + c;

        loop invariant i_8: b == c;

        loop invariant i_18: (x + y) % 2 == 0;


        loop assigns y, x, d, a, c, b;
    */
    while (unknown1()) {
        x = a + c;
        y = b + d;
        if ((x + y) % 2 == 0) {
            a++;
            d++;
        } 
        else {
            a--;
        }

        // Loop B
        /*@
            loop invariant i_9: a == b;

            loop invariant i_10: x == y;

            loop invariant i_11: c == d;

            loop invariant i_12: x + y == b + d;

            loop invariant i_13: (x + y) % 2 == 0 && a == b;

            loop invariant i_14: x <= y;

            loop invariant i_15: y >= x;

            loop invariant i_16: x + y + c + d == b + d + a + c;

            loop invariant i_17: b == c;


            loop assigns y, x, d, a, c, b;
        */
        while (unknown2()) {
            c--;
            b--;
        }
    }
    
    //@ assert  a_1: a + c == b + d;
}
----------------------------------------
----------Begin Revise----------
-------------Establishment_requires: i_3: establishment---------------
----------Prompt----------

int unknown1();
int unknown2();
int unknown3();

void oopsla_29() {
    int a = 1;
    int b = 1;
    int c = 2;
    int d = 2;
    int x = 3;
    int y = 3;

    // Loop A
    /*@
        [Hint] Loop invariant x + y == b + d too strong initially. Relax it.

        loop invariant i_0: a == b;

        loop invariant i_1: x == y;

        loop invariant i_2: c == d;

        loop invariant i_3: x + y == b + d;

        loop invariant i_4: (x + y) % 2 == 0 && a == b;

        loop invariant i_5: x <= y;

        loop invariant i_6: y >= x;

        loop invariant i_7: x + y + c + d == b + d + a + c;

        loop invariant i_8: b == c;

        loop invariant i_18: (x + y) % 2 == 0;


        loop assigns y, x, d, a, c, b;
    */
    while (unknown1()) {
        x = a + c;
        y = b + d;
        if ((x + y) % 2 == 0) {
            a++;
            d++;
        } 
        else {
            a--;
        }

        // Loop B
        /*@
            loop invariant i_9: a == b;

            loop invariant i_10: x == y;

            loop invariant i_11: c == d;

            loop invariant i_12: x + y == b + d;

            loop invariant i_13: (x + y) % 2 == 0 && a == b;

            loop invariant i_14: x <= y;

            loop invariant i_15: y >= x;

            loop invariant i_16: x + y + c + d == b + d + a + c;

            loop invariant i_17: b == c;


            loop assigns y, x, d, a, c, b;
        */
        while (unknown2()) {
            c--;
            b--;
        }
    }
    
    //@ assert  a_1: a + c == b + d;
}
You are an expert in deductive program verification using ACSL and Frama-C.
The following loop invariant of the loop labeled "A" cannot be established from the function's `requires` clauses:
[Unprovable Initial Invariant] x + y == b + d
This means the loop invariant is too strong at the loop entry, violating the establishment condition of loop correctness.  
Your task is to relax or weaken the loop invariant at the position marked by: "[Hint] Loop invariant too strong initially. Relax it."
IMPORTANT RULES:
1. The relaxed invariants must still hold:
   - Establishment: They must be provable solely from the function's requires clauses and the program state before entering the loop.
   - Preservation: after executing the loop body exactly once, the invariant still holds.
   - Zero-iteration case: the invariant is valid even if the loop never executes.
2. Do NOT restate or print any of the existing loop invariants.  
   Only output the modified (weakened) invariants necessary to make the establishment step succeed.
3. Your answer must be solely in the form:
   ```
   loop invariant ...;
   loop invariant ...;
   ...
   ```
4. All invariants must follow ACSL syntax and be valid loop invariants.
5. No explanation. No commentary. Just show me the loop invariant.
 /no_think
--------------------------
----------Response----------
[unused16][unused17]```
loop invariant i_0: a == b;

loop invariant i_1: x == y;

loop invariant i_2: c == d;

loop invariant i_3: x + y == b + d;

loop invariant i_4: (x + y) % 2 == 0;

loop invariant i_5: x <= y;

loop invariant i_6: y >= x;

loop invariant i_7: x + y + c + d == b + d + a + c;
```
----------------------------
--------------------------------
------------Invariant Info-----------
LOOP A:
i_0: a == b
i_1: x == y
i_2: c == d
i_3: x + y == b + d
i_4: (x + y) % 2 == 0 && a == b
i_5: x <= y
i_6: y >= x
i_7: x + y + c + d == b + d + a + c
i_8: b == c
i_18: (x + y) % 2 == 0
LOOP B:
i_9: a == b
i_10: x == y
i_11: c == d
i_12: x + y == b + d
i_13: (x + y) % 2 == 0 && a == b
i_14: x <= y
i_15: y >= x
i_16: x + y + c + d == b + d + a + c
i_17: b == c
------------------------------------
----------Code with Invariants----------
int unknown1();
int unknown2();
int unknown3();

void oopsla_29() {
    int a = 1;
    int b = 1;
    int c = 2;
    int d = 2;
    int x = 3;
    int y = 3;

    // Loop A
    /*@
        loop invariant i_0: a == b;

        loop invariant i_1: x == y;

        loop invariant i_2: c == d;

        loop invariant i_3: x + y == b + d;

        loop invariant i_4: (x + y) % 2 == 0 && a == b;

        loop invariant i_5: x <= y;

        loop invariant i_6: y >= x;

        loop invariant i_7: x + y + c + d == b + d + a + c;

        loop invariant i_8: b == c;

        loop invariant i_18: (x + y) % 2 == 0;


        loop assigns y, x, d, a, c, b;
    */
    while (unknown1()) {
        x = a + c;
        y = b + d;
        if ((x + y) % 2 == 0) {
            a++;
            d++;
        } 
        else {
            a--;
        }

        // Loop B
        /*@
            loop invariant i_9: a == b;

            loop invariant i_10: x == y;

            loop invariant i_11: c == d;

            loop invariant i_12: x + y == b + d;

            loop invariant i_13: (x + y) % 2 == 0 && a == b;

            loop invariant i_14: x <= y;

            loop invariant i_15: y >= x;

            loop invariant i_16: x + y + c + d == b + d + a + c;

            loop invariant i_17: b == c;


            loop assigns y, x, d, a, c, b;
        */
        while (unknown2()) {
            c--;
            b--;
        }
    }
    
    //@ assert  a_1: a + c == b + d;
}
----------------------------------------
----------Begin Revise----------
--------------------------------
------------Invariant Info-----------
LOOP A:
i_0: a == b
i_1: x == y
i_2: c == d
i_4: (x + y) % 2 == 0 && a == b
i_5: x <= y
i_6: y >= x
i_7: x + y + c + d == b + d + a + c
i_8: b == c
i_18: (x + y) % 2 == 0
LOOP B:
i_9: a == b
i_10: x == y
i_11: c == d
i_12: x + y == b + d
i_13: (x + y) % 2 == 0 && a == b
i_14: x <= y
i_15: y >= x
i_16: x + y + c + d == b + d + a + c
i_17: b == c
------------------------------------
----------Code with Invariants----------
int unknown1();
int unknown2();
int unknown3();

void oopsla_29() {
    int a = 1;
    int b = 1;
    int c = 2;
    int d = 2;
    int x = 3;
    int y = 3;

    // Loop A
    /*@
        loop invariant i_0: a == b;

        loop invariant i_1: x == y;

        loop invariant i_2: c == d;

        loop invariant i_4: (x + y) % 2 == 0 && a == b;

        loop invariant i_5: x <= y;

        loop invariant i_6: y >= x;

        loop invariant i_7: x + y + c + d == b + d + a + c;

        loop invariant i_8: b == c;

        loop invariant i_18: (x + y) % 2 == 0;


        loop assigns y, x, d, a, c, b;
    */
    while (unknown1()) {
        x = a + c;
        y = b + d;
        if ((x + y) % 2 == 0) {
            a++;
            d++;
        } 
        else {
            a--;
        }

        // Loop B
        /*@
            loop invariant i_9: a == b;

            loop invariant i_10: x == y;

            loop invariant i_11: c == d;

            loop invariant i_12: x + y == b + d;

            loop invariant i_13: (x + y) % 2 == 0 && a == b;

            loop invariant i_14: x <= y;

            loop invariant i_15: y >= x;

            loop invariant i_16: x + y + c + d == b + d + a + c;

            loop invariant i_17: b == c;


            loop assigns y, x, d, a, c, b;
        */
        while (unknown2()) {
            c--;
            b--;
        }
    }
    
    //@ assert  a_1: a + c == b + d;
}
----------------------------------------
----------Begin Revise----------
-------------Establishment_requires: i_7: establishment---------------
----------Prompt----------

int unknown1();
int unknown2();
int unknown3();

void oopsla_29() {
    int a = 1;
    int b = 1;
    int c = 2;
    int d = 2;
    int x = 3;
    int y = 3;

    // Loop A
    /*@
        [Hint] Loop invariant x + y + c + d == b + d + a + c too strong initially. Relax it.

        loop invariant i_0: a == b;

        loop invariant i_1: x == y;

        loop invariant i_2: c == d;

        loop invariant i_4: (x + y) % 2 == 0 && a == b;

        loop invariant i_5: x <= y;

        loop invariant i_6: y >= x;

        loop invariant i_7: x + y + c + d == b + d + a + c;

        loop invariant i_8: b == c;

        loop invariant i_18: (x + y) % 2 == 0;


        loop assigns y, x, d, a, c, b;
    */
    while (unknown1()) {
        x = a + c;
        y = b + d;
        if ((x + y) % 2 == 0) {
            a++;
            d++;
        } 
        else {
            a--;
        }

        // Loop B
        /*@
            loop invariant i_9: a == b;

            loop invariant i_10: x == y;

            loop invariant i_11: c == d;

            loop invariant i_12: x + y == b + d;

            loop invariant i_13: (x + y) % 2 == 0 && a == b;

            loop invariant i_14: x <= y;

            loop invariant i_15: y >= x;

            loop invariant i_16: x + y + c + d == b + d + a + c;

            loop invariant i_17: b == c;


            loop assigns y, x, d, a, c, b;
        */
        while (unknown2()) {
            c--;
            b--;
        }
    }
    
    //@ assert  a_1: a + c == b + d;
}
You are an expert in deductive program verification using ACSL and Frama-C.
The following loop invariant of the loop labeled "A" cannot be established from the function's `requires` clauses:
[Unprovable Initial Invariant] x + y + c + d == b + d + a + c
This means the loop invariant is too strong at the loop entry, violating the establishment condition of loop correctness.  
Your task is to relax or weaken the loop invariant at the position marked by: "[Hint] Loop invariant too strong initially. Relax it."
IMPORTANT RULES:
1. The relaxed invariants must still hold:
   - Establishment: They must be provable solely from the function's requires clauses and the program state before entering the loop.
   - Preservation: after executing the loop body exactly once, the invariant still holds.
   - Zero-iteration case: the invariant is valid even if the loop never executes.
2. Do NOT restate or print any of the existing loop invariants.  
   Only output the modified (weakened) invariants necessary to make the establishment step succeed.
3. Your answer must be solely in the form:
   ```
   loop invariant ...;
   loop invariant ...;
   ...
   ```
4. All invariants must follow ACSL syntax and be valid loop invariants.
5. No explanation. No commentary. Just show me the loop invariant.
 /no_think
--------------------------
----------Response----------
[unused16][unused17]```
loop invariant i_7: x + y + c + d == b + d + a + c;
```
----------------------------
--------------------------------
------------Invariant Info-----------
LOOP A:
i_0: a == b
i_1: x == y
i_2: c == d
i_4: (x + y) % 2 == 0 && a == b
i_5: x <= y
i_6: y >= x
i_7: x + y + c + d == b + d + a + c
i_8: b == c
i_18: (x + y) % 2 == 0
LOOP B:
i_9: a == b
i_10: x == y
i_11: c == d
i_12: x + y == b + d
i_13: (x + y) % 2 == 0 && a == b
i_14: x <= y
i_15: y >= x
i_16: x + y + c + d == b + d + a + c
i_17: b == c
------------------------------------
----------Code with Invariants----------
int unknown1();
int unknown2();
int unknown3();

void oopsla_29() {
    int a = 1;
    int b = 1;
    int c = 2;
    int d = 2;
    int x = 3;
    int y = 3;

    // Loop A
    /*@
        loop invariant i_0: a == b;

        loop invariant i_1: x == y;

        loop invariant i_2: c == d;

        loop invariant i_4: (x + y) % 2 == 0 && a == b;

        loop invariant i_5: x <= y;

        loop invariant i_6: y >= x;

        loop invariant i_7: x + y + c + d == b + d + a + c;

        loop invariant i_8: b == c;

        loop invariant i_18: (x + y) % 2 == 0;


        loop assigns y, x, d, a, c, b;
    */
    while (unknown1()) {
        x = a + c;
        y = b + d;
        if ((x + y) % 2 == 0) {
            a++;
            d++;
        } 
        else {
            a--;
        }

        // Loop B
        /*@
            loop invariant i_9: a == b;

            loop invariant i_10: x == y;

            loop invariant i_11: c == d;

            loop invariant i_12: x + y == b + d;

            loop invariant i_13: (x + y) % 2 == 0 && a == b;

            loop invariant i_14: x <= y;

            loop invariant i_15: y >= x;

            loop invariant i_16: x + y + c + d == b + d + a + c;

            loop invariant i_17: b == c;


            loop assigns y, x, d, a, c, b;
        */
        while (unknown2()) {
            c--;
            b--;
        }
    }
    
    //@ assert  a_1: a + c == b + d;
}
----------------------------------------
----------Begin Revise----------
-------------Establishment_requires: i_7: establishment---------------
----------Prompt----------

int unknown1();
int unknown2();
int unknown3();

void oopsla_29() {
    int a = 1;
    int b = 1;
    int c = 2;
    int d = 2;
    int x = 3;
    int y = 3;

    // Loop A
    /*@
        [Hint] Loop invariant x + y + c + d == b + d + a + c too strong initially. Relax it.

        loop invariant i_0: a == b;

        loop invariant i_1: x == y;

        loop invariant i_2: c == d;

        loop invariant i_4: (x + y) % 2 == 0 && a == b;

        loop invariant i_5: x <= y;

        loop invariant i_6: y >= x;

        loop invariant i_7: x + y + c + d == b + d + a + c;

        loop invariant i_8: b == c;

        loop invariant i_18: (x + y) % 2 == 0;


        loop assigns y, x, d, a, c, b;
    */
    while (unknown1()) {
        x = a + c;
        y = b + d;
        if ((x + y) % 2 == 0) {
            a++;
            d++;
        } 
        else {
            a--;
        }

        // Loop B
        /*@
            loop invariant i_9: a == b;

            loop invariant i_10: x == y;

            loop invariant i_11: c == d;

            loop invariant i_12: x + y == b + d;

            loop invariant i_13: (x + y) % 2 == 0 && a == b;

            loop invariant i_14: x <= y;

            loop invariant i_15: y >= x;

            loop invariant i_16: x + y + c + d == b + d + a + c;

            loop invariant i_17: b == c;


            loop assigns y, x, d, a, c, b;
        */
        while (unknown2()) {
            c--;
            b--;
        }
    }
    
    //@ assert  a_1: a + c == b + d;
}
You are an expert in deductive program verification using ACSL and Frama-C.
The following loop invariant of the loop labeled "A" cannot be established from the function's `requires` clauses:
[Unprovable Initial Invariant] x + y + c + d == b + d + a + c
This means the loop invariant is too strong at the loop entry, violating the establishment condition of loop correctness.  
Your task is to relax or weaken the loop invariant at the position marked by: "[Hint] Loop invariant too strong initially. Relax it."
IMPORTANT RULES:
1. The relaxed invariants must still hold:
   - Establishment: They must be provable solely from the function's requires clauses and the program state before entering the loop.
   - Preservation: after executing the loop body exactly once, the invariant still holds.
   - Zero-iteration case: the invariant is valid even if the loop never executes.
2. Do NOT restate or print any of the existing loop invariants.  
   Only output the modified (weakened) invariants necessary to make the establishment step succeed.
3. Your answer must be solely in the form:
   ```
   loop invariant ...;
   loop invariant ...;
   ...
   ```
4. All invariants must follow ACSL syntax and be valid loop invariants.
5. No explanation. No commentary. Just show me the loop invariant.
 /no_think
--------------------------
----------Response----------
[unused16][unused17]```
loop invariant i_7: x + y + c + d == b + d + a + c;
loop invariant i_18: (x + y) % 2 == 0;
```
----------------------------
--------------------------------
------------Invariant Info-----------
LOOP A:
i_0: a == b
i_1: x == y
i_2: c == d
i_4: (x + y) % 2 == 0 && a == b
i_5: x <= y
i_6: y >= x
i_7: x + y + c + d == b + d + a + c
i_8: b == c
i_18: (x + y) % 2 == 0
LOOP B:
i_9: a == b
i_10: x == y
i_11: c == d
i_12: x + y == b + d
i_13: (x + y) % 2 == 0 && a == b
i_14: x <= y
i_15: y >= x
i_16: x + y + c + d == b + d + a + c
i_17: b == c
------------------------------------
----------Code with Invariants----------
int unknown1();
int unknown2();
int unknown3();

void oopsla_29() {
    int a = 1;
    int b = 1;
    int c = 2;
    int d = 2;
    int x = 3;
    int y = 3;

    // Loop A
    /*@
        loop invariant i_0: a == b;

        loop invariant i_1: x == y;

        loop invariant i_2: c == d;

        loop invariant i_4: (x + y) % 2 == 0 && a == b;

        loop invariant i_5: x <= y;

        loop invariant i_6: y >= x;

        loop invariant i_7: x + y + c + d == b + d + a + c;

        loop invariant i_8: b == c;

        loop invariant i_18: (x + y) % 2 == 0;


        loop assigns y, x, d, a, c, b;
    */
    while (unknown1()) {
        x = a + c;
        y = b + d;
        if ((x + y) % 2 == 0) {
            a++;
            d++;
        } 
        else {
            a--;
        }

        // Loop B
        /*@
            loop invariant i_9: a == b;

            loop invariant i_10: x == y;

            loop invariant i_11: c == d;

            loop invariant i_12: x + y == b + d;

            loop invariant i_13: (x + y) % 2 == 0 && a == b;

            loop invariant i_14: x <= y;

            loop invariant i_15: y >= x;

            loop invariant i_16: x + y + c + d == b + d + a + c;

            loop invariant i_17: b == c;


            loop assigns y, x, d, a, c, b;
        */
        while (unknown2()) {
            c--;
            b--;
        }
    }
    
    //@ assert  a_1: a + c == b + d;
}
----------------------------------------
----------Begin Revise----------
-------------Establishment_requires: i_7: establishment---------------
----------Prompt----------

int unknown1();
int unknown2();
int unknown3();

void oopsla_29() {
    int a = 1;
    int b = 1;
    int c = 2;
    int d = 2;
    int x = 3;
    int y = 3;

    // Loop A
    /*@
        [Hint] Loop invariant x + y + c + d == b + d + a + c too strong initially. Relax it.

        loop invariant i_0: a == b;

        loop invariant i_1: x == y;

        loop invariant i_2: c == d;

        loop invariant i_4: (x + y) % 2 == 0 && a == b;

        loop invariant i_5: x <= y;

        loop invariant i_6: y >= x;

        loop invariant i_7: x + y + c + d == b + d + a + c;

        loop invariant i_8: b == c;

        loop invariant i_18: (x + y) % 2 == 0;


        loop assigns y, x, d, a, c, b;
    */
    while (unknown1()) {
        x = a + c;
        y = b + d;
        if ((x + y) % 2 == 0) {
            a++;
            d++;
        } 
        else {
            a--;
        }

        // Loop B
        /*@
            loop invariant i_9: a == b;

            loop invariant i_10: x == y;

            loop invariant i_11: c == d;

            loop invariant i_12: x + y == b + d;

            loop invariant i_13: (x + y) % 2 == 0 && a == b;

            loop invariant i_14: x <= y;

            loop invariant i_15: y >= x;

            loop invariant i_16: x + y + c + d == b + d + a + c;

            loop invariant i_17: b == c;


            loop assigns y, x, d, a, c, b;
        */
        while (unknown2()) {
            c--;
            b--;
        }
    }
    
    //@ assert  a_1: a + c == b + d;
}
You are an expert in deductive program verification using ACSL and Frama-C.
The following loop invariant of the loop labeled "A" cannot be established from the function's `requires` clauses:
[Unprovable Initial Invariant] x + y + c + d == b + d + a + c
This means the loop invariant is too strong at the loop entry, violating the establishment condition of loop correctness.  
Your task is to relax or weaken the loop invariant at the position marked by: "[Hint] Loop invariant too strong initially. Relax it."
IMPORTANT RULES:
1. The relaxed invariants must still hold:
   - Establishment: They must be provable solely from the function's requires clauses and the program state before entering the loop.
   - Preservation: after executing the loop body exactly once, the invariant still holds.
   - Zero-iteration case: the invariant is valid even if the loop never executes.
2. Do NOT restate or print any of the existing loop invariants.  
   Only output the modified (weakened) invariants necessary to make the establishment step succeed.
3. Your answer must be solely in the form:
   ```
   loop invariant ...;
   loop invariant ...;
   ...
   ```
4. All invariants must follow ACSL syntax and be valid loop invariants.
5. No explanation. No commentary. Just show me the loop invariant.
 /no_think
--------------------------
----------Response----------
[unused16][unused17]```
loop invariant i_7: x + y + c + d == b + d + a + c;

loop invariant i_18: (x + y) % 2 == 0;
```
----------------------------
--------------------------------
------------Invariant Info-----------
LOOP A:
i_0: a == b
i_1: x == y
i_2: c == d
i_4: (x + y) % 2 == 0 && a == b
i_5: x <= y
i_6: y >= x
i_7: x + y + c + d == b + d + a + c
i_8: b == c
i_18: (x + y) % 2 == 0
LOOP B:
i_9: a == b
i_10: x == y
i_11: c == d
i_12: x + y == b + d
i_13: (x + y) % 2 == 0 && a == b
i_14: x <= y
i_15: y >= x
i_16: x + y + c + d == b + d + a + c
i_17: b == c
------------------------------------
----------Code with Invariants----------
int unknown1();
int unknown2();
int unknown3();

void oopsla_29() {
    int a = 1;
    int b = 1;
    int c = 2;
    int d = 2;
    int x = 3;
    int y = 3;

    // Loop A
    /*@
        loop invariant i_0: a == b;

        loop invariant i_1: x == y;

        loop invariant i_2: c == d;

        loop invariant i_4: (x + y) % 2 == 0 && a == b;

        loop invariant i_5: x <= y;

        loop invariant i_6: y >= x;

        loop invariant i_7: x + y + c + d == b + d + a + c;

        loop invariant i_8: b == c;

        loop invariant i_18: (x + y) % 2 == 0;


        loop assigns y, x, d, a, c, b;
    */
    while (unknown1()) {
        x = a + c;
        y = b + d;
        if ((x + y) % 2 == 0) {
            a++;
            d++;
        } 
        else {
            a--;
        }

        // Loop B
        /*@
            loop invariant i_9: a == b;

            loop invariant i_10: x == y;

            loop invariant i_11: c == d;

            loop invariant i_12: x + y == b + d;

            loop invariant i_13: (x + y) % 2 == 0 && a == b;

            loop invariant i_14: x <= y;

            loop invariant i_15: y >= x;

            loop invariant i_16: x + y + c + d == b + d + a + c;

            loop invariant i_17: b == c;


            loop assigns y, x, d, a, c, b;
        */
        while (unknown2()) {
            c--;
            b--;
        }
    }
    
    //@ assert  a_1: a + c == b + d;
}
----------------------------------------
------------Invariant Info-----------
LOOP A:
i_0: a == b
i_1: x == y
i_2: c == d
i_4: (x + y) % 2 == 0 && a == b
i_5: x <= y
i_6: y >= x
i_8: b == c
i_18: (x + y) % 2 == 0
LOOP B:
i_9: a == b
i_10: x == y
i_11: c == d
i_12: x + y == b + d
i_13: (x + y) % 2 == 0 && a == b
i_14: x <= y
i_15: y >= x
i_16: x + y + c + d == b + d + a + c
i_17: b == c
------------------------------------
----------Code with Invariants----------
int unknown1();
int unknown2();
int unknown3();

void oopsla_29() {
    int a = 1;
    int b = 1;
    int c = 2;
    int d = 2;
    int x = 3;
    int y = 3;

    // Loop A
    /*@
        loop invariant i_0: a == b;

        loop invariant i_1: x == y;

        loop invariant i_2: c == d;

        loop invariant i_4: (x + y) % 2 == 0 && a == b;

        loop invariant i_5: x <= y;

        loop invariant i_6: y >= x;

        loop invariant i_8: b == c;

        loop invariant i_18: (x + y) % 2 == 0;


        loop assigns y, x, d, a, c, b;
    */
    while (unknown1()) {
        x = a + c;
        y = b + d;
        if ((x + y) % 2 == 0) {
            a++;
            d++;
        } 
        else {
            a--;
        }

        // Loop B
        /*@
            loop invariant i_9: a == b;

            loop invariant i_10: x == y;

            loop invariant i_11: c == d;

            loop invariant i_12: x + y == b + d;

            loop invariant i_13: (x + y) % 2 == 0 && a == b;

            loop invariant i_14: x <= y;

            loop invariant i_15: y >= x;

            loop invariant i_16: x + y + c + d == b + d + a + c;

            loop invariant i_17: b == c;


            loop assigns y, x, d, a, c, b;
        */
        while (unknown2()) {
            c--;
            b--;
        }
    }
    
    //@ assert  a_1: a + c == b + d;
}
----------------------------------------
------------Invariant Info-----------
LOOP A:
i_0: a == b
i_1: x == y
i_2: c == d
i_4: (x + y) % 2 == 0 && a == b
i_5: x <= y
i_6: y >= x
i_18: (x + y) % 2 == 0
LOOP B:
i_9: a == b
i_10: x == y
i_11: c == d
i_12: x + y == b + d
i_13: (x + y) % 2 == 0 && a == b
i_14: x <= y
i_15: y >= x
i_16: x + y + c + d == b + d + a + c
i_17: b == c
------------------------------------
----------Code with Invariants----------
int unknown1();
int unknown2();
int unknown3();

void oopsla_29() {
    int a = 1;
    int b = 1;
    int c = 2;
    int d = 2;
    int x = 3;
    int y = 3;

    // Loop A
    /*@
        loop invariant i_0: a == b;

        loop invariant i_1: x == y;

        loop invariant i_2: c == d;

        loop invariant i_4: (x + y) % 2 == 0 && a == b;

        loop invariant i_5: x <= y;

        loop invariant i_6: y >= x;

        loop invariant i_18: (x + y) % 2 == 0;


        loop assigns y, x, d, a, c, b;
    */
    while (unknown1()) {
        x = a + c;
        y = b + d;
        if ((x + y) % 2 == 0) {
            a++;
            d++;
        } 
        else {
            a--;
        }

        // Loop B
        /*@
            loop invariant i_9: a == b;

            loop invariant i_10: x == y;

            loop invariant i_11: c == d;

            loop invariant i_12: x + y == b + d;

            loop invariant i_13: (x + y) % 2 == 0 && a == b;

            loop invariant i_14: x <= y;

            loop invariant i_15: y >= x;

            loop invariant i_16: x + y + c + d == b + d + a + c;

            loop invariant i_17: b == c;


            loop assigns y, x, d, a, c, b;
        */
        while (unknown2()) {
            c--;
            b--;
        }
    }
    
    //@ assert  a_1: a + c == b + d;
}
----------------------------------------
------------Invariant Info-----------
LOOP A:
i_0: a == b
i_1: x == y
i_2: c == d
i_4: (x + y) % 2 == 0 && a == b
i_5: x <= y
i_6: y >= x
i_18: (x + y) % 2 == 0
LOOP B:
i_10: x == y
i_11: c == d
i_12: x + y == b + d
i_13: (x + y) % 2 == 0 && a == b
i_14: x <= y
i_15: y >= x
i_16: x + y + c + d == b + d + a + c
i_17: b == c
------------------------------------
----------Code with Invariants----------
int unknown1();
int unknown2();
int unknown3();

void oopsla_29() {
    int a = 1;
    int b = 1;
    int c = 2;
    int d = 2;
    int x = 3;
    int y = 3;

    // Loop A
    /*@
        loop invariant i_0: a == b;

        loop invariant i_1: x == y;

        loop invariant i_2: c == d;

        loop invariant i_4: (x + y) % 2 == 0 && a == b;

        loop invariant i_5: x <= y;

        loop invariant i_6: y >= x;

        loop invariant i_18: (x + y) % 2 == 0;


        loop assigns y, x, d, a, c, b;
    */
    while (unknown1()) {
        x = a + c;
        y = b + d;
        if ((x + y) % 2 == 0) {
            a++;
            d++;
        } 
        else {
            a--;
        }

        // Loop B
        /*@
            loop invariant i_10: x == y;

            loop invariant i_11: c == d;

            loop invariant i_12: x + y == b + d;

            loop invariant i_13: (x + y) % 2 == 0 && a == b;

            loop invariant i_14: x <= y;

            loop invariant i_15: y >= x;

            loop invariant i_16: x + y + c + d == b + d + a + c;

            loop invariant i_17: b == c;


            loop assigns y, x, d, a, c, b;
        */
        while (unknown2()) {
            c--;
            b--;
        }
    }
    
    //@ assert  a_1: a + c == b + d;
}
----------------------------------------
------------Invariant Info-----------
LOOP A:
i_0: a == b
i_1: x == y
i_2: c == d
i_4: (x + y) % 2 == 0 && a == b
i_5: x <= y
i_6: y >= x
i_18: (x + y) % 2 == 0
LOOP B:
i_10: x == y
i_12: x + y == b + d
i_13: (x + y) % 2 == 0 && a == b
i_14: x <= y
i_15: y >= x
i_16: x + y + c + d == b + d + a + c
i_17: b == c
------------------------------------
----------Code with Invariants----------
int unknown1();
int unknown2();
int unknown3();

void oopsla_29() {
    int a = 1;
    int b = 1;
    int c = 2;
    int d = 2;
    int x = 3;
    int y = 3;

    // Loop A
    /*@
        loop invariant i_0: a == b;

        loop invariant i_1: x == y;

        loop invariant i_2: c == d;

        loop invariant i_4: (x + y) % 2 == 0 && a == b;

        loop invariant i_5: x <= y;

        loop invariant i_6: y >= x;

        loop invariant i_18: (x + y) % 2 == 0;


        loop assigns y, x, d, a, c, b;
    */
    while (unknown1()) {
        x = a + c;
        y = b + d;
        if ((x + y) % 2 == 0) {
            a++;
            d++;
        } 
        else {
            a--;
        }

        // Loop B
        /*@
            loop invariant i_10: x == y;

            loop invariant i_12: x + y == b + d;

            loop invariant i_13: (x + y) % 2 == 0 && a == b;

            loop invariant i_14: x <= y;

            loop invariant i_15: y >= x;

            loop invariant i_16: x + y + c + d == b + d + a + c;

            loop invariant i_17: b == c;


            loop assigns y, x, d, a, c, b;
        */
        while (unknown2()) {
            c--;
            b--;
        }
    }
    
    //@ assert  a_1: a + c == b + d;
}
----------------------------------------
------------Invariant Info-----------
LOOP A:
i_0: a == b
i_1: x == y
i_2: c == d
i_4: (x + y) % 2 == 0 && a == b
i_5: x <= y
i_6: y >= x
i_18: (x + y) % 2 == 0
LOOP B:
i_10: x == y
i_14: x <= y
i_15: y >= x
i_16: x + y + c + d == b + d + a + c
i_17: b == c
------------------------------------
----------Code with Invariants----------
int unknown1();
int unknown2();
int unknown3();

void oopsla_29() {
    int a = 1;
    int b = 1;
    int c = 2;
    int d = 2;
    int x = 3;
    int y = 3;

    // Loop A
    /*@
        loop invariant i_0: a == b;

        loop invariant i_1: x == y;

        loop invariant i_2: c == d;

        loop invariant i_4: (x + y) % 2 == 0 && a == b;

        loop invariant i_5: x <= y;

        loop invariant i_6: y >= x;

        loop invariant i_18: (x + y) % 2 == 0;


        loop assigns y, x, d, a, c, b;
    */
    while (unknown1()) {
        x = a + c;
        y = b + d;
        if ((x + y) % 2 == 0) {
            a++;
            d++;
        } 
        else {
            a--;
        }

        // Loop B
        /*@
            loop invariant i_10: x == y;

            loop invariant i_14: x <= y;

            loop invariant i_15: y >= x;

            loop invariant i_16: x + y + c + d == b + d + a + c;

            loop invariant i_17: b == c;


            loop assigns y, x, d, a, c, b;
        */
        while (unknown2()) {
            c--;
            b--;
        }
    }
    
    //@ assert  a_1: a + c == b + d;
}
----------------------------------------
------------Invariant Info-----------
LOOP A:
i_0: a == b
i_1: x == y
i_2: c == d
i_4: (x + y) % 2 == 0 && a == b
i_5: x <= y
i_6: y >= x
i_18: (x + y) % 2 == 0
LOOP B:
i_10: x == y
i_14: x <= y
i_15: y >= x
i_17: b == c
------------------------------------
----------Code with Invariants----------
int unknown1();
int unknown2();
int unknown3();

void oopsla_29() {
    int a = 1;
    int b = 1;
    int c = 2;
    int d = 2;
    int x = 3;
    int y = 3;

    // Loop A
    /*@
        loop invariant i_0: a == b;

        loop invariant i_1: x == y;

        loop invariant i_2: c == d;

        loop invariant i_4: (x + y) % 2 == 0 && a == b;

        loop invariant i_5: x <= y;

        loop invariant i_6: y >= x;

        loop invariant i_18: (x + y) % 2 == 0;


        loop assigns y, x, d, a, c, b;
    */
    while (unknown1()) {
        x = a + c;
        y = b + d;
        if ((x + y) % 2 == 0) {
            a++;
            d++;
        } 
        else {
            a--;
        }

        // Loop B
        /*@
            loop invariant i_10: x == y;

            loop invariant i_14: x <= y;

            loop invariant i_15: y >= x;

            loop invariant i_17: b == c;


            loop assigns y, x, d, a, c, b;
        */
        while (unknown2()) {
            c--;
            b--;
        }
    }
    
    //@ assert  a_1: a + c == b + d;
}
----------------------------------------
------------Invariant Info-----------
LOOP A:
i_1: x == y
i_4: (x + y) % 2 == 0 && a == b
i_5: x <= y
i_6: y >= x
i_18: (x + y) % 2 == 0
LOOP B:
i_10: x == y
i_14: x <= y
i_15: y >= x
------------------------------------
----------Code with Invariants----------
int unknown1();
int unknown2();
int unknown3();

void oopsla_29() {
    int a = 1;
    int b = 1;
    int c = 2;
    int d = 2;
    int x = 3;
    int y = 3;

    // Loop A
    /*@
        loop invariant i_1: x == y;

        loop invariant i_4: (x + y) % 2 == 0 && a == b;

        loop invariant i_5: x <= y;

        loop invariant i_6: y >= x;

        loop invariant i_18: (x + y) % 2 == 0;


        loop assigns y, x, d, a, c, b;
    */
    while (unknown1()) {
        x = a + c;
        y = b + d;
        if ((x + y) % 2 == 0) {
            a++;
            d++;
        } 
        else {
            a--;
        }

        // Loop B
        /*@
            loop invariant i_10: x == y;

            loop invariant i_14: x <= y;

            loop invariant i_15: y >= x;


            loop assigns y, x, d, a, c, b;
        */
        while (unknown2()) {
            c--;
            b--;
        }
    }
    
    //@ assert  a_1: a + c == b + d;
}
----------------------------------------
------------Invariant Info-----------
LOOP A:
i_1: x == y
i_5: x <= y
i_6: y >= x
i_18: (x + y) % 2 == 0
LOOP B:
i_14: x <= y
i_15: y >= x
------------------------------------
----------Code with Invariants----------
int unknown1();
int unknown2();
int unknown3();

void oopsla_29() {
    int a = 1;
    int b = 1;
    int c = 2;
    int d = 2;
    int x = 3;
    int y = 3;

    // Loop A
    /*@
        loop invariant i_1: x == y;

        loop invariant i_5: x <= y;

        loop invariant i_6: y >= x;

        loop invariant i_18: (x + y) % 2 == 0;


        loop assigns y, x, d, a, c, b;
    */
    while (unknown1()) {
        x = a + c;
        y = b + d;
        if ((x + y) % 2 == 0) {
            a++;
            d++;
        } 
        else {
            a--;
        }

        // Loop B
        /*@
            loop invariant i_14: x <= y;

            loop invariant i_15: y >= x;


            loop assigns y, x, d, a, c, b;
        */
        while (unknown2()) {
            c--;
            b--;
        }
    }
    
    //@ assert  a_1: a + c == b + d;
}
----------------------------------------
------------Invariant Info-----------
LOOP A:
i_5: x <= y
i_6: y >= x
i_18: (x + y) % 2 == 0
LOOP B:
i_15: y >= x
------------------------------------
----------Code with Invariants----------
int unknown1();
int unknown2();
int unknown3();

void oopsla_29() {
    int a = 1;
    int b = 1;
    int c = 2;
    int d = 2;
    int x = 3;
    int y = 3;

    // Loop A
    /*@
        loop invariant i_5: x <= y;

        loop invariant i_6: y >= x;

        loop invariant i_18: (x + y) % 2 == 0;


        loop assigns y, x, d, a, c, b;
    */
    while (unknown1()) {
        x = a + c;
        y = b + d;
        if ((x + y) % 2 == 0) {
            a++;
            d++;
        } 
        else {
            a--;
        }

        // Loop B
        /*@
            loop invariant i_15: y >= x;


            loop assigns y, x, d, a, c, b;
        */
        while (unknown2()) {
            c--;
            b--;
        }
    }
    
    //@ assert  a_1: a + c == b + d;
}
----------------------------------------
------------Invariant Info-----------
LOOP A:
i_5: x <= y
i_6: y >= x
LOOP B:
------------------------------------
----------Code with Invariants----------
int unknown1();
int unknown2();
int unknown3();

void oopsla_29() {
    int a = 1;
    int b = 1;
    int c = 2;
    int d = 2;
    int x = 3;
    int y = 3;

    // Loop A
    /*@
        loop invariant i_5: x <= y;

        loop invariant i_6: y >= x;


        loop assigns y, x, d, a, c, b;
    */
    while (unknown1()) {
        x = a + c;
        y = b + d;
        if ((x + y) % 2 == 0) {
            a++;
            d++;
        } 
        else {
            a--;
        }

        // Loop B
        /*@
            loop assigns y, x, d, a, c, b;
        */
        while (unknown2()) {
            c--;
            b--;
        }
    }
    
    //@ assert  a_1: a + c == b + d;
}
----------------------------------------
------------Invariant Info-----------
LOOP A:
i_6: y >= x
LOOP B:
------------------------------------
----------Code with Invariants----------
int unknown1();
int unknown2();
int unknown3();

void oopsla_29() {
    int a = 1;
    int b = 1;
    int c = 2;
    int d = 2;
    int x = 3;
    int y = 3;

    // Loop A
    /*@
        loop invariant i_6: y >= x;


        loop assigns y, x, d, a, c, b;
    */
    while (unknown1()) {
        x = a + c;
        y = b + d;
        if ((x + y) % 2 == 0) {
            a++;
            d++;
        } 
        else {
            a--;
        }

        // Loop B
        /*@
            loop assigns y, x, d, a, c, b;
        */
        while (unknown2()) {
            c--;
            b--;
        }
    }
    
    //@ assert  a_1: a + c == b + d;
}
----------------------------------------
------------Invariant Info-----------
LOOP A:
LOOP B:
------------------------------------
----------Code with Invariants----------
int unknown1();
int unknown2();
int unknown3();

void oopsla_29() {
    int a = 1;
    int b = 1;
    int c = 2;
    int d = 2;
    int x = 3;
    int y = 3;

    // Loop A
    /*@
        loop assigns y, x, d, a, c, b;
    */
    while (unknown1()) {
        x = a + c;
        y = b + d;
        if ((x + y) % 2 == 0) {
            a++;
            d++;
        } 
        else {
            a--;
        }

        // Loop B
        /*@
            loop assigns y, x, d, a, c, b;
        */
        while (unknown2()) {
            c--;
            b--;
        }
    }
    
    //@ assert  a_1: a + c == b + d;
}
----------------------------------------
---------Result---------
Fail
Model: openPangu-Embedded-7B-V1.1
Running time: 406.40368604660034
Proposal number: 23
Verified code:

------------------------
