-----------Model-----------
Model type:
PanguEmbeddedForCausalLM(
  (model): PanguEmbeddedModel(
    (embed_tokens): Embedding(153376, 4096, padding_idx=0)
    (layers): ModuleList(
      (0-33): 34 x PanguEmbeddedDecoderLayer(
        (self_attn): PanguEmbeddedAttention(
          (q_proj): Linear(in_features=4096, out_features=4096, bias=True)
          (k_proj): Linear(in_features=4096, out_features=1024, bias=True)
          (v_proj): Linear(in_features=4096, out_features=1024, bias=True)
          (o_proj): Linear(in_features=4096, out_features=4096, bias=True)
        )
        (mlp): PanguEmbeddedMLP(
          (gate_proj): Linear(in_features=4096, out_features=12800, bias=False)
          (up_proj): Linear(in_features=4096, out_features=12800, bias=False)
          (down_proj): Linear(in_features=12800, out_features=4096, bias=False)
          (act_fn): SiLU()
        )
        (input_layernorm): PanguEmbeddedRMSNorm((4096,), eps=1e-05)
        (post_attention_layernorm): PanguEmbeddedRMSNorm((4096,), eps=1e-05)
      )
    )
    (norm): PanguEmbeddedRMSNorm((4096,), eps=1e-05)
    (rotary_emb): PanguEmbeddedRotaryEmbedding()
  )
  (lm_head): Linear(in_features=4096, out_features=153376, bias=False)
)
Model device:
npu:0
---------------------------
File Path: ../Benchmark/OOPSLA/oopsla_26.c
----------Code----------
#include <assert.h>

int unknown1();
int unknown2();
int unknown3();
int unknown4();

void oopsla_26() {
    int w = 1, z = 0, x = 0, y = 0;
    /*@
        loop assigns z;
        loop assigns y;
        loop assigns x;
        loop assigns w;
    */
    while (unknown1()) {
        /*@
            loop assigns y;
            loop assigns x;
        */
        while (unknown2()) {
            if (w % 2 == 1)
                x++;
            if (z % 2 == 0)
                y++;
        }
        /*@
            loop assigns z;
            loop assigns y;
            loop assigns x;
            loop assigns w;
        */
        while (unknown4()) {
            z = x + y;
            w = z + 1;
        }
    }
    //@ assert  a_1: x == y;
}
------------------------
----------Prompt----------

#include <assert.h>

int unknown1();
int unknown2();
int unknown3();
int unknown4();

void oopsla_26() {
    int w = 1, z = 0, x = 0, y = 0;
    // Loop A
    /*@
        [Hint] Please infer the loop invariant for the following loop.

        loop assigns z;
        loop assigns y;
        loop assigns x;
        loop assigns w;
    */
    while (unknown1()) {
        // Loop B
        /*@
            loop assigns y;
            loop assigns x;
        */
        while (unknown2()) {
            if (w % 2 == 1)
                x++;
            if (z % 2 == 0)
                y++;
        }
        // Loop C
        /*@
            loop assigns z;
            loop assigns y;
            loop assigns x;
            loop assigns w;
        */
        while (unknown4()) {
            z = x + y;
            w = z + 1;
        }
    }
    //@ assert  a_1: x == y;
}
You are an expert in program verification, and please generate loop invariant as C annotation comments at the hint location (annotated by "[Hint] Please infer the loop invariant for the following loop.") using ACSL language.
ACSL is a specification language for C programs that conforms to the design by contract paradigm, utilizing Hoare style pre- and postconditions and invariants. Note that the `loop invariant` clause is a condition that is true at the beginning and end of every loop iteration.
Specifically, for the current verification task:
    - Pre-condition: the function's `requires` clauses
    - Post-condition: 
Please verify that the generated loop invariant is consistent with these constraints. If these specific pre- or post-conditions are not provided or empty, please infer the loop invariant strictly based on the program's execution logic and standard correctness.
In order to get a correct answer, You may want to consider both the situation of not entering the loop and the situation of jumping out of the loop. If some of the pre-conditions are also loop invariant, you need to add them to your answer as well.
Use '&&', '||', '==>', '\forall' or '\exists' if necessary. For instance:
```
loop invariant 1 <= x;
loop invariant x == y;
loop invariant 0 < x ==> y <= z;
loop invariant z % 2 == 1 || x == y;
loop invariant z % 2 == 1 && x <= y;
loop invariant \forall integer k;  0 <= k < i ==> max >=  a[k];
loop invariant \exists integer k;  0 <= k < i &&  max == a[k];
loop invariant \forall integer p; 0 <= p < \at(k, End_l) ==> res[p] == \at(res[p], End_l);
```
Your answer should follow the following format:
```
loop invariant ...;
loop invariant ...;
...
```
No explanation. No commentary. Just show me the loop invariant.
 /no_think
--------------------------
----------Response----------
[unused16][unused17]loop invariant w == 1 || size == 1;
loop invariant z == 0 || size == 1;
loop invariant x == 0 || size == 1;
loop invariant y == 0 || size == 1;
loop invariant w + z + x + y == 4;
loop invariant z % 2 == 0 || x == y;
loop invariant x % 2 == y % 2 || x == y;
loop invariant z % 2 == 1 || x == y;
loop invariant x + y == z;
loop invariant w == 1 || \exists int k; size == 1 && k == 0;
loop invariant \forall int k; size > 1 ==> k < size;
loop invariant \exists int k; size > 0 && k < size;
```
----------------------------
----------Prompt----------

#include <assert.h>

int unknown1();
int unknown2();
int unknown3();
int unknown4();

void oopsla_26() {
    int w = 1, z = 0, x = 0, y = 0;
    // Loop A
    /*@
        loop invariant i_0: w == 1 || size == 1;

        loop invariant i_1: z == 0 || size == 1;

        loop invariant i_2: x == 0 || size == 1;

        loop invariant i_3: y == 0 || size == 1;

        loop invariant i_4: w + z + x + y == 4;

        loop invariant i_5: z % 2 == 0 || x == y;

        loop invariant i_6: x % 2 == y % 2 || x == y;

        loop invariant i_7: z % 2 == 1 || x == y;

        loop invariant i_8: x + y == z;

        loop invariant i_9: w == 1 || \exists int k; size == 1 && k == 0;

        loop invariant i_10: \forall int k; size > 1 ==> k < size;

        loop invariant i_11: \exists int k; size > 0 && k < size;


        loop assigns z;
        loop assigns y;
        loop assigns x;
        loop assigns w;
    */
    while (unknown1()) {
        // Loop B
        /*@
            loop assigns y;
            loop assigns x;
        */
        while (unknown2()) {
            if (w % 2 == 1)
                x++;
            if (z % 2 == 0)
                y++;
        }
        // Loop C
        /*@
            [Hint] Please infer the loop invariant for the following loop.

            loop assigns z;
            loop assigns y;
            loop assigns x;
            loop assigns w;
        */
        while (unknown4()) {
            z = x + y;
            w = z + 1;
        }
    }
    //@ assert  a_1: x == y;
}
You are an expert in program verification, and please generate loop invariant as C annotation comments at the hint location (annotated by "[Hint] Please infer the loop invariant for the following loop.") using ACSL language.
ACSL is a specification language for C programs that conforms to the design by contract paradigm, utilizing Hoare style pre- and postconditions and invariants. Note that the `loop invariant` clause is a condition that is true at the beginning and end of every loop iteration.
Specifically, for the current verification task:
    - Pre-condition: 
    - Post-condition: i_0:w == 1 || size == 1; i_1:z == 0 || size == 1; i_2:x == 0 || size == 1; i_3:y == 0 || size == 1; i_4:w + z + x + y == 4; i_5:z % 2 == 0 || x == y; i_6:x % 2 == y % 2 || x == y; i_7:z % 2 == 1 || x == y; i_8:x + y == z; i_9:w == 1 || \exists int k; size == 1 && k == 0; i_10:\forall int k; size > 1 ==> k < size; i_11:\exists int k; size > 0 && k < size; 
Please verify that the generated loop invariant is consistent with these constraints. If these specific pre- or post-conditions are not provided or empty, please infer the loop invariant strictly based on the program's execution logic and standard correctness.
In order to get a correct answer, You may want to consider both the situation of not entering the loop and the situation of jumping out of the loop. If some of the pre-conditions are also loop invariant, you need to add them to your answer as well.
Use '&&', '||', '==>', '\forall' or '\exists' if necessary. For instance:
```
loop invariant 1 <= x;
loop invariant x == y;
loop invariant 0 < x ==> y <= z;
loop invariant z % 2 == 1 || x == y;
loop invariant z % 2 == 1 && x <= y;
loop invariant \forall integer k;  0 <= k < i ==> max >=  a[k];
loop invariant \exists integer k;  0 <= k < i &&  max == a[k];
loop invariant \forall integer p; 0 <= p < \at(k, End_l) ==> res[p] == \at(res[p], End_l);
```
Your answer should follow the following format:
```
loop invariant ...;
loop invariant ...;
...
```
No explanation. No commentary. Just show me the loop invariant.
 /no_think
--------------------------
