-----------Model-----------
Model type:
PanguEmbeddedForCausalLM(
  (model): PanguEmbeddedModel(
    (embed_tokens): Embedding(153376, 4096, padding_idx=0)
    (layers): ModuleList(
      (0-33): 34 x PanguEmbeddedDecoderLayer(
        (self_attn): PanguEmbeddedAttention(
          (q_proj): Linear(in_features=4096, out_features=4096, bias=True)
          (k_proj): Linear(in_features=4096, out_features=1024, bias=True)
          (v_proj): Linear(in_features=4096, out_features=1024, bias=True)
          (o_proj): Linear(in_features=4096, out_features=4096, bias=True)
        )
        (mlp): PanguEmbeddedMLP(
          (gate_proj): Linear(in_features=4096, out_features=12800, bias=False)
          (up_proj): Linear(in_features=4096, out_features=12800, bias=False)
          (down_proj): Linear(in_features=12800, out_features=4096, bias=False)
          (act_fn): SiLU()
        )
        (input_layernorm): PanguEmbeddedRMSNorm((4096,), eps=1e-05)
        (post_attention_layernorm): PanguEmbeddedRMSNorm((4096,), eps=1e-05)
      )
    )
    (norm): PanguEmbeddedRMSNorm((4096,), eps=1e-05)
    (rotary_emb): PanguEmbeddedRotaryEmbedding()
  )
  (lm_head): Linear(in_features=4096, out_features=153376, bias=False)
)
Model device:
npu:1
---------------------------
File Path: ../Benchmark/acsl-algorithms/_bst_search.c
----------Code----------
#include <stddef.h>
#include <stdio.h>

struct Node {
    int key;
    struct Node *left;
    struct Node *right;
};

/*@
    predicate BST{L}(struct Node* t) =
        t == \null || (\valid(t) &&
        (t->left == \null || t->left->key <= t->key) &&
        (t->right == \null || t->right->key >= t->key) &&
        BST(t->left) && BST(t->right));

    logic integer height(struct Node* t) =
        t == \null ? 0 : 1 + \max(height(t->left), height(t->right));
*/

/*@
    requires BST(root);
    assigns \nothing;
    ensures e_1: \result == \null || \result->key == key;
*/
struct Node *_bst_search(struct Node *root, int key) {
    struct Node *cur = root;
    /*@
        loop assigns cur;
    */
    while (cur != NULL && cur->key != key) {
        if (key < cur->key)
            cur = cur->left;
        else
            cur = cur->right;
    }
    return cur;
}
------------------------
----------Prompt----------

#include <stddef.h>
#include <stdio.h>

struct Node {
    int key;
    struct Node *left;
    struct Node *right;
};

/*@
    predicate BST{L}(struct Node* t) =
        t == \null || (\valid(t) &&
        (t->left == \null || t->left->key <= t->key) &&
        (t->right == \null || t->right->key >= t->key) &&
        BST(t->left) && BST(t->right));

    logic integer height(struct Node* t) =
        t == \null ? 0 : 1 + \max(height(t->left), height(t->right));
*/

/*@
    requires BST(root);
    assigns \nothing;
    ensures e_1: \result == \null || \result->key == key;
*/
struct Node *_bst_search(struct Node *root, int key) {
    struct Node *cur = root;
    // Loop A
    /*@
        [Hint] Please infer the loop invariant for the following loop.

        loop assigns cur;
    */
    while (cur != NULL && cur->key != key) {
        if (key < cur->key)
            cur = cur->left;
        else
            cur = cur->right;
    }
    return cur;
}
You are an expert in program verification, and please generate loop invariant as C annotation comments at the hint location (annotated by "[Hint] Please infer the loop invariant for the following loop.") using ACSL language.
ACSL is a specification language for C programs that conforms to the design by contract paradigm, utilizing Hoare style pre- and postconditions and invariants. Note that the `loop invariant` clause is a condition that is true at the beginning and end of every loop iteration.
Specifically, for the current verification task:
    - Pre-condition: the function's `requires` clauses
    - Post-condition: e_1:\result == \null || \result->key == key; 
Please verify that the generated loop invariant is consistent with these constraints. If these specific pre- or post-conditions are not provided or empty, please infer the loop invariant strictly based on the program's execution logic and standard correctness.
In order to get a correct answer, You may want to consider both the situation of not entering the loop and the situation of jumping out of the loop. If some of the pre-conditions are also loop invariant, you need to add them to your answer as well.
Use '&&', '||', '==>', '\forall' or '\exists' if necessary. For instance:
```
loop invariant 1 <= x;
loop invariant x == y;
loop invariant 0 < x ==> y <= z;
loop invariant z % 2 == 1 || x == y;
loop invariant z % 2 == 1 && x <= y;
loop invariant \forall integer k;  0 <= k < i ==> max >=  a[k];
loop invariant \exists integer k;  0 <= k < i &&  max == a[k];
loop invariant \forall integer p; 0 <= p < \at(k, End_l) ==> res[p] == \at(res[p], End_l);
```
Your answer should follow the following format:
```
loop invariant ...;
loop invariant ...;
...
```
No explanation. No commentary. Just show me the loop invariant.
 /no_think
--------------------------
----------Response----------
[unused16][unused17]loop invariant cur == \null || (\valid(cur) && (cur->left == \null || cur->left->key <= cur->key) && (cur->right == \null || cur->right->key >= cur->key));
loop invariant cur == \null || \exists i; 0 <= i < i && \max(i, \at(i, End_l)) <= \at(cur, End_l);
loop invariant \forall int k;  0 <= k < i ==> \max(k, \at(k, End_l)) <= \at(cur, End_l);
```
----------------------------
------------Invariant Info-----------
LOOP A:
i_0: cur == \null || (\valid(cur) && (cur->left == \null || cur->left->key <= cur->key) && (cur->right == \null || cur->right->key >= cur->key))
i_1: cur == \null || \exists i; 0 <= i < i && \max(i, \at(i, End_l)) <= \at(cur, End_l)
i_2: \forall int k; 0 <= k < i ==> \max(k, \at(k, End_l)) <= \at(cur, End_l)
------------------------------------
----------Code with Invariants----------
#include <stddef.h>
#include <stdio.h>

struct Node {
    int key;
    struct Node *left;
    struct Node *right;
};

/*@
    predicate BST{L}(struct Node* t) =
        t == \null || (\valid(t) &&
        (t->left == \null || t->left->key <= t->key) &&
        (t->right == \null || t->right->key >= t->key) &&
        BST(t->left) && BST(t->right));

    logic integer height(struct Node* t) =
        t == \null ? 0 : 1 + \max(height(t->left), height(t->right));
*/

/*@
    requires BST(root);
    assigns \nothing;
    ensures e_1: \result == \null || \result->key == key;
*/
struct Node *_bst_search(struct Node *root, int key) {
    struct Node *cur = root;
    // Loop A
    /*@
        loop invariant i_0: cur == \null || (\valid(cur) && (cur->left == \null || cur->left->key <= cur->key) && (cur->right == \null || cur->right->key >= cur->key));

        loop invariant i_1: cur == \null || \exists i; 0 <= i < i && \max(i, \at(i, End_l)) <= \at(cur, End_l);

        loop invariant i_2: \forall int k; 0 <= k < i ==> \max(k, \at(k, End_l)) <= \at(cur, End_l);


        loop assigns cur;
    */
    while (cur != NULL && cur->key != key) {
        if (key < cur->key)
            cur = cur->left;
        else
            cur = cur->right;
    }
    return cur;
}
----------------------------------------
------------Invariant Info-----------
LOOP A:
i_0: cur == \null || (\valid(cur) && (cur->left == \null || cur->left->key <= cur->key) && (cur->right == \null || cur->right->key >= cur->key))
i_2: \forall int k; 0 <= k < i ==> \max(k, \at(k, End_l)) <= \at(cur, End_l)
------------------------------------
----------Code with Invariants----------
#include <stddef.h>
#include <stdio.h>

struct Node {
    int key;
    struct Node *left;
    struct Node *right;
};

/*@
    predicate BST{L}(struct Node* t) =
        t == \null || (\valid(t) &&
        (t->left == \null || t->left->key <= t->key) &&
        (t->right == \null || t->right->key >= t->key) &&
        BST(t->left) && BST(t->right));

    logic integer height(struct Node* t) =
        t == \null ? 0 : 1 + \max(height(t->left), height(t->right));
*/

/*@
    requires BST(root);
    assigns \nothing;
    ensures e_1: \result == \null || \result->key == key;
*/
struct Node *_bst_search(struct Node *root, int key) {
    struct Node *cur = root;
    // Loop A
    /*@
        loop invariant i_0: cur == \null || (\valid(cur) && (cur->left == \null || cur->left->key <= cur->key) && (cur->right == \null || cur->right->key >= cur->key));

        loop invariant i_2: \forall int k; 0 <= k < i ==> \max(k, \at(k, End_l)) <= \at(cur, End_l);


        loop assigns cur;
    */
    while (cur != NULL && cur->key != key) {
        if (key < cur->key)
            cur = cur->left;
        else
            cur = cur->right;
    }
    return cur;
}
----------------------------------------
------------Invariant Info-----------
LOOP A:
i_0: cur == \null || (\valid(cur) && (cur->left == \null || cur->left->key <= cur->key) && (cur->right == \null || cur->right->key >= cur->key))
------------------------------------
----------Code with Invariants----------
#include <stddef.h>
#include <stdio.h>

struct Node {
    int key;
    struct Node *left;
    struct Node *right;
};

/*@
    predicate BST{L}(struct Node* t) =
        t == \null || (\valid(t) &&
        (t->left == \null || t->left->key <= t->key) &&
        (t->right == \null || t->right->key >= t->key) &&
        BST(t->left) && BST(t->right));

    logic integer height(struct Node* t) =
        t == \null ? 0 : 1 + \max(height(t->left), height(t->right));
*/

/*@
    requires BST(root);
    assigns \nothing;
    ensures e_1: \result == \null || \result->key == key;
*/
struct Node *_bst_search(struct Node *root, int key) {
    struct Node *cur = root;
    // Loop A
    /*@
        loop invariant i_0: cur == \null || (\valid(cur) && (cur->left == \null || cur->left->key <= cur->key) && (cur->right == \null || cur->right->key >= cur->key));


        loop assigns cur;
    */
    while (cur != NULL && cur->key != key) {
        if (key < cur->key)
            cur = cur->left;
        else
            cur = cur->right;
    }
    return cur;
}
----------------------------------------
----------Begin Revise----------
-------------Preservation_self: i_0: preservation---------------
----------Prompt----------

#include <stddef.h>
#include <stdio.h>

struct Node {
    int key;
    struct Node *left;
    struct Node *right;
};

/*@
    predicate BST{L}(struct Node* t) =
        t == \null || (\valid(t) &&
        (t->left == \null || t->left->key <= t->key) &&
        (t->right == \null || t->right->key >= t->key) &&
        BST(t->left) && BST(t->right));

    logic integer height(struct Node* t) =
        t == \null ? 0 : 1 + \max(height(t->left), height(t->right));
*/

/*@
    requires BST(root);
    assigns \nothing;
    ensures e_1: \result == \null || \result->key == key;
*/
struct Node *_bst_search(struct Node *root, int key) {
    struct Node *cur = root;
    // Loop A
    /*@
        [Hint] Invariant cur == \null || (\valid(cur) && (cur->left == \null || cur->left->key <= cur->key) && (cur->right == \null || cur->right->key >= cur->key)) not preserved in this loop. Fix or supplement invariants.

        loop invariant i_0: cur == \null || (\valid(cur) && (cur->left == \null || cur->left->key <= cur->key) && (cur->right == \null || cur->right->key >= cur->key));


        loop assigns cur;
    */
    while (cur != NULL && cur->key != key) {
        if (key < cur->key)
            cur = cur->left;
        else
            cur = cur->right;
    }
    return cur;
}
You are an expert in deductive program verification using ACSL and Frama-C.
[Unprovable Invariant] cur == \null || (\valid(cur) && (cur->left == \null || cur->left->key <= cur->key) && (cur->right == \null || cur->right->key >= cur->key))
The above loop invariant of loop "A" fails the preservation (inductive) condition:
after executing one iteration of the loop body, the invariant cannot be re-established.
[Loop Body]
if (key < cur->key) cur = cur->left; else cur = cur->right;
This failure indicates that the current invariant may be incorrect or incomplete.  
There are two typical causes:
  1) The invariant is logically incorrect, so it does not hold after the loop body executes once.
     - In this case, you must adjust the invariant so that it is preserved by the loop body.
  2) The invariant is insufficient, i.e., it misses essential supporting conditions needed to re-establish itself.
     - In this case, you must introduce additional invariants so that the whole set becomes inductive.
Your task is to produce the corrected and/or auxiliary invariants that make the preservation step succeed.
IMPORTANT RULES:
1. You MUST NOT output any of the original invariants already in the code. Only output the new or modified invariants.
2. All invariants you produce must satisfy:
   - Establishment: they hold on loop entry.
   - Preservation: after executing the loop body exactly once, the invariant still holds.
   - Zero-iteration case: the invariant is valid even if the loop never executes.
3. The answer must follow this format exactly:
   ```
   loop invariant ...;
   loop invariant ...;
   ...
   ```
4. All invariants must follow ACSL syntax and be valid loop invariants.
5. No explanation. No commentary. Just show me the loop invariant.
 /no_think
--------------------------
----------Response----------
[unused16][unused17]```
loop invariant cur == null || (valid(cur) && (cur->left == null || cur->left->key <= cur->key) && (cur->right == null || cur->right->key >= cur->key));
```
----------------------------
--------------------------------
------------Invariant Info-----------
LOOP A:
i_0: cur == \null || (\valid(cur) && (cur->left == \null || cur->left->key <= cur->key) && (cur->right == \null || cur->right->key >= cur->key))
i_3: cur == null || (valid(cur) && (cur->left == null || cur->left->key <= cur->key) && (cur->right == null || cur->right->key >= cur->key))
------------------------------------
----------Code with Invariants----------
#include <stddef.h>
#include <stdio.h>

struct Node {
    int key;
    struct Node *left;
    struct Node *right;
};

/*@
    predicate BST{L}(struct Node* t) =
        t == \null || (\valid(t) &&
        (t->left == \null || t->left->key <= t->key) &&
        (t->right == \null || t->right->key >= t->key) &&
        BST(t->left) && BST(t->right));

    logic integer height(struct Node* t) =
        t == \null ? 0 : 1 + \max(height(t->left), height(t->right));
*/

/*@
    requires BST(root);
    assigns \nothing;
    ensures e_1: \result == \null || \result->key == key;
*/
struct Node *_bst_search(struct Node *root, int key) {
    struct Node *cur = root;
    // Loop A
    /*@
        loop invariant i_0: cur == \null || (\valid(cur) && (cur->left == \null || cur->left->key <= cur->key) && (cur->right == \null || cur->right->key >= cur->key));

        loop invariant i_3: cur == null || (valid(cur) && (cur->left == null || cur->left->key <= cur->key) && (cur->right == null || cur->right->key >= cur->key));


        loop assigns cur;
    */
    while (cur != NULL && cur->key != key) {
        if (key < cur->key)
            cur = cur->left;
        else
            cur = cur->right;
    }
    return cur;
}
----------------------------------------
------------Invariant Info-----------
LOOP A:
i_0: cur == \null || (\valid(cur) && (cur->left == \null || cur->left->key <= cur->key) && (cur->right == \null || cur->right->key >= cur->key))
------------------------------------
----------Code with Invariants----------
#include <stddef.h>
#include <stdio.h>

struct Node {
    int key;
    struct Node *left;
    struct Node *right;
};

/*@
    predicate BST{L}(struct Node* t) =
        t == \null || (\valid(t) &&
        (t->left == \null || t->left->key <= t->key) &&
        (t->right == \null || t->right->key >= t->key) &&
        BST(t->left) && BST(t->right));

    logic integer height(struct Node* t) =
        t == \null ? 0 : 1 + \max(height(t->left), height(t->right));
*/

/*@
    requires BST(root);
    assigns \nothing;
    ensures e_1: \result == \null || \result->key == key;
*/
struct Node *_bst_search(struct Node *root, int key) {
    struct Node *cur = root;
    // Loop A
    /*@
        loop invariant i_0: cur == \null || (\valid(cur) && (cur->left == \null || cur->left->key <= cur->key) && (cur->right == \null || cur->right->key >= cur->key));


        loop assigns cur;
    */
    while (cur != NULL && cur->key != key) {
        if (key < cur->key)
            cur = cur->left;
        else
            cur = cur->right;
    }
    return cur;
}
----------------------------------------
----------Begin Revise----------
-------------Preservation_self: i_0: preservation---------------
----------Prompt----------

#include <stddef.h>
#include <stdio.h>

struct Node {
    int key;
    struct Node *left;
    struct Node *right;
};

/*@
    predicate BST{L}(struct Node* t) =
        t == \null || (\valid(t) &&
        (t->left == \null || t->left->key <= t->key) &&
        (t->right == \null || t->right->key >= t->key) &&
        BST(t->left) && BST(t->right));

    logic integer height(struct Node* t) =
        t == \null ? 0 : 1 + \max(height(t->left), height(t->right));
*/

/*@
    requires BST(root);
    assigns \nothing;
    ensures e_1: \result == \null || \result->key == key;
*/
struct Node *_bst_search(struct Node *root, int key) {
    struct Node *cur = root;
    // Loop A
    /*@
        [Hint] Invariant cur == \null || (\valid(cur) && (cur->left == \null || cur->left->key <= cur->key) && (cur->right == \null || cur->right->key >= cur->key)) not preserved in this loop. Fix or supplement invariants.

        loop invariant i_0: cur == \null || (\valid(cur) && (cur->left == \null || cur->left->key <= cur->key) && (cur->right == \null || cur->right->key >= cur->key));


        loop assigns cur;
    */
    while (cur != NULL && cur->key != key) {
        if (key < cur->key)
            cur = cur->left;
        else
            cur = cur->right;
    }
    return cur;
}
You are an expert in deductive program verification using ACSL and Frama-C.
[Unprovable Invariant] cur == \null || (\valid(cur) && (cur->left == \null || cur->left->key <= cur->key) && (cur->right == \null || cur->right->key >= cur->key))
The above loop invariant of loop "A" fails the preservation (inductive) condition:
after executing one iteration of the loop body, the invariant cannot be re-established.
[Loop Body]
if (key < cur->key) cur = cur->left; else cur = cur->right;
This failure indicates that the current invariant may be incorrect or incomplete.  
There are two typical causes:
  1) The invariant is logically incorrect, so it does not hold after the loop body executes once.
     - In this case, you must adjust the invariant so that it is preserved by the loop body.
  2) The invariant is insufficient, i.e., it misses essential supporting conditions needed to re-establish itself.
     - In this case, you must introduce additional invariants so that the whole set becomes inductive.
Your task is to produce the corrected and/or auxiliary invariants that make the preservation step succeed.
IMPORTANT RULES:
1. You MUST NOT output any of the original invariants already in the code. Only output the new or modified invariants.
2. All invariants you produce must satisfy:
   - Establishment: they hold on loop entry.
   - Preservation: after executing the loop body exactly once, the invariant still holds.
   - Zero-iteration case: the invariant is valid even if the loop never executes.
3. The answer must follow this format exactly:
   ```
   loop invariant ...;
   loop invariant ...;
   ...
   ```
4. All invariants must follow ACSL syntax and be valid loop invariants.
5. No explanation. No commentary. Just show me the loop invariant.
 /no_think
--------------------------
----------Response----------
[unused16][unused17]```
loop invariant i_0: cur == \null || (\valid(cur) && (cur->left == \null || cur->left->key <= cur->key) && (cur->right == \null || cur->right->key >= cur->key));
```
----------------------------
--------------------------------
------------Invariant Info-----------
LOOP A:
i_0: cur == \null || (\valid(cur) && (cur->left == \null || cur->left->key <= cur->key) && (cur->right == \null || cur->right->key >= cur->key))
------------------------------------
----------Code with Invariants----------
#include <stddef.h>
#include <stdio.h>

struct Node {
    int key;
    struct Node *left;
    struct Node *right;
};

/*@
    predicate BST{L}(struct Node* t) =
        t == \null || (\valid(t) &&
        (t->left == \null || t->left->key <= t->key) &&
        (t->right == \null || t->right->key >= t->key) &&
        BST(t->left) && BST(t->right));

    logic integer height(struct Node* t) =
        t == \null ? 0 : 1 + \max(height(t->left), height(t->right));
*/

/*@
    requires BST(root);
    assigns \nothing;
    ensures e_1: \result == \null || \result->key == key;
*/
struct Node *_bst_search(struct Node *root, int key) {
    struct Node *cur = root;
    // Loop A
    /*@
        loop invariant i_0: cur == \null || (\valid(cur) && (cur->left == \null || cur->left->key <= cur->key) && (cur->right == \null || cur->right->key >= cur->key));


        loop assigns cur;
    */
    while (cur != NULL && cur->key != key) {
        if (key < cur->key)
            cur = cur->left;
        else
            cur = cur->right;
    }
    return cur;
}
----------------------------------------
----------Begin Revise----------
-------------Preservation_self: i_0: preservation---------------
----------Prompt----------

#include <stddef.h>
#include <stdio.h>

struct Node {
    int key;
    struct Node *left;
    struct Node *right;
};

/*@
    predicate BST{L}(struct Node* t) =
        t == \null || (\valid(t) &&
        (t->left == \null || t->left->key <= t->key) &&
        (t->right == \null || t->right->key >= t->key) &&
        BST(t->left) && BST(t->right));

    logic integer height(struct Node* t) =
        t == \null ? 0 : 1 + \max(height(t->left), height(t->right));
*/

/*@
    requires BST(root);
    assigns \nothing;
    ensures e_1: \result == \null || \result->key == key;
*/
struct Node *_bst_search(struct Node *root, int key) {
    struct Node *cur = root;
    // Loop A
    /*@
        [Hint] Invariant cur == \null || (\valid(cur) && (cur->left == \null || cur->left->key <= cur->key) && (cur->right == \null || cur->right->key >= cur->key)) not preserved in this loop. Fix or supplement invariants.

        loop invariant i_0: cur == \null || (\valid(cur) && (cur->left == \null || cur->left->key <= cur->key) && (cur->right == \null || cur->right->key >= cur->key));


        loop assigns cur;
    */
    while (cur != NULL && cur->key != key) {
        if (key < cur->key)
            cur = cur->left;
        else
            cur = cur->right;
    }
    return cur;
}
You are an expert in deductive program verification using ACSL and Frama-C.
[Unprovable Invariant] cur == \null || (\valid(cur) && (cur->left == \null || cur->left->key <= cur->key) && (cur->right == \null || cur->right->key >= cur->key))
The above loop invariant of loop "A" fails the preservation (inductive) condition:
after executing one iteration of the loop body, the invariant cannot be re-established.
[Loop Body]
if (key < cur->key) cur = cur->left; else cur = cur->right;
This failure indicates that the current invariant may be incorrect or incomplete.  
There are two typical causes:
  1) The invariant is logically incorrect, so it does not hold after the loop body executes once.
     - In this case, you must adjust the invariant so that it is preserved by the loop body.
  2) The invariant is insufficient, i.e., it misses essential supporting conditions needed to re-establish itself.
     - In this case, you must introduce additional invariants so that the whole set becomes inductive.
Your task is to produce the corrected and/or auxiliary invariants that make the preservation step succeed.
IMPORTANT RULES:
1. You MUST NOT output any of the original invariants already in the code. Only output the new or modified invariants.
2. All invariants you produce must satisfy:
   - Establishment: they hold on loop entry.
   - Preservation: after executing the loop body exactly once, the invariant still holds.
   - Zero-iteration case: the invariant is valid even if the loop never executes.
3. The answer must follow this format exactly:
   ```
   loop invariant ...;
   loop invariant ...;
   ...
   ```
4. All invariants must follow ACSL syntax and be valid loop invariants.
5. No explanation. No commentary. Just show me the loop invariant.
 /no_think
--------------------------
----------Response----------
[unused16][unused17]```
loop invariant cur == \null || (\valid(cur) && (cur->left == \null || cur->left->key <= cur->key) && (cur->right == \null || cur->right->key >= cur->key));
```
----------------------------
--------------------------------
------------Invariant Info-----------
LOOP A:
i_0: cur == \null || (\valid(cur) && (cur->left == \null || cur->left->key <= cur->key) && (cur->right == \null || cur->right->key >= cur->key))
------------------------------------
----------Code with Invariants----------
#include <stddef.h>
#include <stdio.h>

struct Node {
    int key;
    struct Node *left;
    struct Node *right;
};

/*@
    predicate BST{L}(struct Node* t) =
        t == \null || (\valid(t) &&
        (t->left == \null || t->left->key <= t->key) &&
        (t->right == \null || t->right->key >= t->key) &&
        BST(t->left) && BST(t->right));

    logic integer height(struct Node* t) =
        t == \null ? 0 : 1 + \max(height(t->left), height(t->right));
*/

/*@
    requires BST(root);
    assigns \nothing;
    ensures e_1: \result == \null || \result->key == key;
*/
struct Node *_bst_search(struct Node *root, int key) {
    struct Node *cur = root;
    // Loop A
    /*@
        loop invariant i_0: cur == \null || (\valid(cur) && (cur->left == \null || cur->left->key <= cur->key) && (cur->right == \null || cur->right->key >= cur->key));


        loop assigns cur;
    */
    while (cur != NULL && cur->key != key) {
        if (key < cur->key)
            cur = cur->left;
        else
            cur = cur->right;
    }
    return cur;
}
----------------------------------------
----------Begin Revise----------
-------------Preservation_self: i_0: preservation---------------
----------Prompt----------

#include <stddef.h>
#include <stdio.h>

struct Node {
    int key;
    struct Node *left;
    struct Node *right;
};

/*@
    predicate BST{L}(struct Node* t) =
        t == \null || (\valid(t) &&
        (t->left == \null || t->left->key <= t->key) &&
        (t->right == \null || t->right->key >= t->key) &&
        BST(t->left) && BST(t->right));

    logic integer height(struct Node* t) =
        t == \null ? 0 : 1 + \max(height(t->left), height(t->right));
*/

/*@
    requires BST(root);
    assigns \nothing;
    ensures e_1: \result == \null || \result->key == key;
*/
struct Node *_bst_search(struct Node *root, int key) {
    struct Node *cur = root;
    // Loop A
    /*@
        [Hint] Invariant cur == \null || (\valid(cur) && (cur->left == \null || cur->left->key <= cur->key) && (cur->right == \null || cur->right->key >= cur->key)) not preserved in this loop. Fix or supplement invariants.

        loop invariant i_0: cur == \null || (\valid(cur) && (cur->left == \null || cur->left->key <= cur->key) && (cur->right == \null || cur->right->key >= cur->key));


        loop assigns cur;
    */
    while (cur != NULL && cur->key != key) {
        if (key < cur->key)
            cur = cur->left;
        else
            cur = cur->right;
    }
    return cur;
}
You are an expert in deductive program verification using ACSL and Frama-C.
[Unprovable Invariant] cur == \null || (\valid(cur) && (cur->left == \null || cur->left->key <= cur->key) && (cur->right == \null || cur->right->key >= cur->key))
The above loop invariant of loop "A" fails the preservation (inductive) condition:
after executing one iteration of the loop body, the invariant cannot be re-established.
[Loop Body]
if (key < cur->key) cur = cur->left; else cur = cur->right;
This failure indicates that the current invariant may be incorrect or incomplete.  
There are two typical causes:
  1) The invariant is logically incorrect, so it does not hold after the loop body executes once.
     - In this case, you must adjust the invariant so that it is preserved by the loop body.
  2) The invariant is insufficient, i.e., it misses essential supporting conditions needed to re-establish itself.
     - In this case, you must introduce additional invariants so that the whole set becomes inductive.
Your task is to produce the corrected and/or auxiliary invariants that make the preservation step succeed.
IMPORTANT RULES:
1. You MUST NOT output any of the original invariants already in the code. Only output the new or modified invariants.
2. All invariants you produce must satisfy:
   - Establishment: they hold on loop entry.
   - Preservation: after executing the loop body exactly once, the invariant still holds.
   - Zero-iteration case: the invariant is valid even if the loop never executes.
3. The answer must follow this format exactly:
   ```
   loop invariant ...;
   loop invariant ...;
   ...
   ```
4. All invariants must follow ACSL syntax and be valid loop invariants.
5. No explanation. No commentary. Just show me the loop invariant.
 /no_think
--------------------------
----------Response----------
[unused16][unused17]```
loop invariant i_0: cur == \null || (\valid(cur) && (cur->left == \null || cur->left->key <= cur->key) && (cur->right == \null || cur->right->key >= cur->key)) && cur->key >= key;
```
----------------------------
--------------------------------
------------Invariant Info-----------
LOOP A:
i_0: cur == \null || (\valid(cur) && (cur->left == \null || cur->left->key <= cur->key) && (cur->right == \null || cur->right->key >= cur->key))
i_4: cur == \null || (\valid(cur) && (cur->left == \null || cur->left->key <= cur->key) && (cur->right == \null || cur->right->key >= cur->key)) && cur->key >= key
------------------------------------
----------Code with Invariants----------
#include <stddef.h>
#include <stdio.h>

struct Node {
    int key;
    struct Node *left;
    struct Node *right;
};

/*@
    predicate BST{L}(struct Node* t) =
        t == \null || (\valid(t) &&
        (t->left == \null || t->left->key <= t->key) &&
        (t->right == \null || t->right->key >= t->key) &&
        BST(t->left) && BST(t->right));

    logic integer height(struct Node* t) =
        t == \null ? 0 : 1 + \max(height(t->left), height(t->right));
*/

/*@
    requires BST(root);
    assigns \nothing;
    ensures e_1: \result == \null || \result->key == key;
*/
struct Node *_bst_search(struct Node *root, int key) {
    struct Node *cur = root;
    // Loop A
    /*@
        loop invariant i_0: cur == \null || (\valid(cur) && (cur->left == \null || cur->left->key <= cur->key) && (cur->right == \null || cur->right->key >= cur->key));

        loop invariant i_4: cur == \null || (\valid(cur) && (cur->left == \null || cur->left->key <= cur->key) && (cur->right == \null || cur->right->key >= cur->key)) && cur->key >= key;


        loop assigns cur;
    */
    while (cur != NULL && cur->key != key) {
        if (key < cur->key)
            cur = cur->left;
        else
            cur = cur->right;
    }
    return cur;
}
----------------------------------------
----------Begin Revise----------
-------------Preservation_self: i_0: preservation---------------
----------Prompt----------

#include <stddef.h>
#include <stdio.h>

struct Node {
    int key;
    struct Node *left;
    struct Node *right;
};

/*@
    predicate BST{L}(struct Node* t) =
        t == \null || (\valid(t) &&
        (t->left == \null || t->left->key <= t->key) &&
        (t->right == \null || t->right->key >= t->key) &&
        BST(t->left) && BST(t->right));

    logic integer height(struct Node* t) =
        t == \null ? 0 : 1 + \max(height(t->left), height(t->right));
*/

/*@
    requires BST(root);
    assigns \nothing;
    ensures e_1: \result == \null || \result->key == key;
*/
struct Node *_bst_search(struct Node *root, int key) {
    struct Node *cur = root;
    // Loop A
    /*@
        [Hint] Invariant cur == \null || (\valid(cur) && (cur->left == \null || cur->left->key <= cur->key) && (cur->right == \null || cur->right->key >= cur->key)) not preserved in this loop. Fix or supplement invariants.

        loop invariant i_0: cur == \null || (\valid(cur) && (cur->left == \null || cur->left->key <= cur->key) && (cur->right == \null || cur->right->key >= cur->key));


        loop assigns cur;
    */
    while (cur != NULL && cur->key != key) {
        if (key < cur->key)
            cur = cur->left;
        else
            cur = cur->right;
    }
    return cur;
}
You are an expert in deductive program verification using ACSL and Frama-C.
[Unprovable Invariant] cur == \null || (\valid(cur) && (cur->left == \null || cur->left->key <= cur->key) && (cur->right == \null || cur->right->key >= cur->key))
The above loop invariant of loop "A" fails the preservation (inductive) condition:
after executing one iteration of the loop body, the invariant cannot be re-established.
[Loop Body]
if (key < cur->key) cur = cur->left; else cur = cur->right;
This failure indicates that the current invariant may be incorrect or incomplete.  
There are two typical causes:
  1) The invariant is logically incorrect, so it does not hold after the loop body executes once.
     - In this case, you must adjust the invariant so that it is preserved by the loop body.
  2) The invariant is insufficient, i.e., it misses essential supporting conditions needed to re-establish itself.
     - In this case, you must introduce additional invariants so that the whole set becomes inductive.
Your task is to produce the corrected and/or auxiliary invariants that make the preservation step succeed.
IMPORTANT RULES:
1. You MUST NOT output any of the original invariants already in the code. Only output the new or modified invariants.
2. All invariants you produce must satisfy:
   - Establishment: they hold on loop entry.
   - Preservation: after executing the loop body exactly once, the invariant still holds.
   - Zero-iteration case: the invariant is valid even if the loop never executes.
3. The answer must follow this format exactly:
   ```
   loop invariant ...;
   loop invariant ...;
   ...
   ```
4. All invariants must follow ACSL syntax and be valid loop invariants.
5. No explanation. No commentary. Just show me the loop invariant.
 /no_think
--------------------------
----------Response----------
[unused16][unused17]```
loop invariant cur == \null || (\valid(cur) && (cur->left == \null || cur->left->key <= cur->key) && (cur->right == \null || cur->right->key >= cur->key));
```
----------------------------
--------------------------------
------------Invariant Info-----------
LOOP A:
i_0: cur == \null || (\valid(cur) && (cur->left == \null || cur->left->key <= cur->key) && (cur->right == \null || cur->right->key >= cur->key))
------------------------------------
----------Code with Invariants----------
#include <stddef.h>
#include <stdio.h>

struct Node {
    int key;
    struct Node *left;
    struct Node *right;
};

/*@
    predicate BST{L}(struct Node* t) =
        t == \null || (\valid(t) &&
        (t->left == \null || t->left->key <= t->key) &&
        (t->right == \null || t->right->key >= t->key) &&
        BST(t->left) && BST(t->right));

    logic integer height(struct Node* t) =
        t == \null ? 0 : 1 + \max(height(t->left), height(t->right));
*/

/*@
    requires BST(root);
    assigns \nothing;
    ensures e_1: \result == \null || \result->key == key;
*/
struct Node *_bst_search(struct Node *root, int key) {
    struct Node *cur = root;
    // Loop A
    /*@
        loop invariant i_0: cur == \null || (\valid(cur) && (cur->left == \null || cur->left->key <= cur->key) && (cur->right == \null || cur->right->key >= cur->key));


        loop assigns cur;
    */
    while (cur != NULL && cur->key != key) {
        if (key < cur->key)
            cur = cur->left;
        else
            cur = cur->right;
    }
    return cur;
}
----------------------------------------
----------Begin Revise----------
-------------Preservation_self: i_0: preservation---------------
----------Prompt----------

#include <stddef.h>
#include <stdio.h>

struct Node {
    int key;
    struct Node *left;
    struct Node *right;
};

/*@
    predicate BST{L}(struct Node* t) =
        t == \null || (\valid(t) &&
        (t->left == \null || t->left->key <= t->key) &&
        (t->right == \null || t->right->key >= t->key) &&
        BST(t->left) && BST(t->right));

    logic integer height(struct Node* t) =
        t == \null ? 0 : 1 + \max(height(t->left), height(t->right));
*/

/*@
    requires BST(root);
    assigns \nothing;
    ensures e_1: \result == \null || \result->key == key;
*/
struct Node *_bst_search(struct Node *root, int key) {
    struct Node *cur = root;
    // Loop A
    /*@
        [Hint] Invariant cur == \null || (\valid(cur) && (cur->left == \null || cur->left->key <= cur->key) && (cur->right == \null || cur->right->key >= cur->key)) not preserved in this loop. Fix or supplement invariants.

        loop invariant i_0: cur == \null || (\valid(cur) && (cur->left == \null || cur->left->key <= cur->key) && (cur->right == \null || cur->right->key >= cur->key));


        loop assigns cur;
    */
    while (cur != NULL && cur->key != key) {
        if (key < cur->key)
            cur = cur->left;
        else
            cur = cur->right;
    }
    return cur;
}
You are an expert in deductive program verification using ACSL and Frama-C.
[Unprovable Invariant] cur == \null || (\valid(cur) && (cur->left == \null || cur->left->key <= cur->key) && (cur->right == \null || cur->right->key >= cur->key))
The above loop invariant of loop "A" fails the preservation (inductive) condition:
after executing one iteration of the loop body, the invariant cannot be re-established.
[Loop Body]
if (key < cur->key) cur = cur->left; else cur = cur->right;
This failure indicates that the current invariant may be incorrect or incomplete.  
There are two typical causes:
  1) The invariant is logically incorrect, so it does not hold after the loop body executes once.
     - In this case, you must adjust the invariant so that it is preserved by the loop body.
  2) The invariant is insufficient, i.e., it misses essential supporting conditions needed to re-establish itself.
     - In this case, you must introduce additional invariants so that the whole set becomes inductive.
Your task is to produce the corrected and/or auxiliary invariants that make the preservation step succeed.
IMPORTANT RULES:
1. You MUST NOT output any of the original invariants already in the code. Only output the new or modified invariants.
2. All invariants you produce must satisfy:
   - Establishment: they hold on loop entry.
   - Preservation: after executing the loop body exactly once, the invariant still holds.
   - Zero-iteration case: the invariant is valid even if the loop never executes.
3. The answer must follow this format exactly:
   ```
   loop invariant ...;
   loop invariant ...;
   ...
   ```
4. All invariants must follow ACSL syntax and be valid loop invariants.
5. No explanation. No commentary. Just show me the loop invariant.
 /no_think
--------------------------
----------Response----------
[unused16][unused17]```
loop invariant cur == \null || (\valid(cur) && (cur->left == \null || cur->left->key <= cur->key) && (cur->right == \null || cur->right->key >= cur->key));
```
----------------------------
--------------------------------
------------Invariant Info-----------
LOOP A:
i_0: cur == \null || (\valid(cur) && (cur->left == \null || cur->left->key <= cur->key) && (cur->right == \null || cur->right->key >= cur->key))
------------------------------------
----------Code with Invariants----------
#include <stddef.h>
#include <stdio.h>

struct Node {
    int key;
    struct Node *left;
    struct Node *right;
};

/*@
    predicate BST{L}(struct Node* t) =
        t == \null || (\valid(t) &&
        (t->left == \null || t->left->key <= t->key) &&
        (t->right == \null || t->right->key >= t->key) &&
        BST(t->left) && BST(t->right));

    logic integer height(struct Node* t) =
        t == \null ? 0 : 1 + \max(height(t->left), height(t->right));
*/

/*@
    requires BST(root);
    assigns \nothing;
    ensures e_1: \result == \null || \result->key == key;
*/
struct Node *_bst_search(struct Node *root, int key) {
    struct Node *cur = root;
    // Loop A
    /*@
        loop invariant i_0: cur == \null || (\valid(cur) && (cur->left == \null || cur->left->key <= cur->key) && (cur->right == \null || cur->right->key >= cur->key));


        loop assigns cur;
    */
    while (cur != NULL && cur->key != key) {
        if (key < cur->key)
            cur = cur->left;
        else
            cur = cur->right;
    }
    return cur;
}
----------------------------------------
----------Begin Revise----------
--------------------------------
------------Invariant Info-----------
LOOP A:
------------------------------------
----------Code with Invariants----------
#include <stddef.h>
#include <stdio.h>

struct Node {
    int key;
    struct Node *left;
    struct Node *right;
};

/*@
    predicate BST{L}(struct Node* t) =
        t == \null || (\valid(t) &&
        (t->left == \null || t->left->key <= t->key) &&
        (t->right == \null || t->right->key >= t->key) &&
        BST(t->left) && BST(t->right));

    logic integer height(struct Node* t) =
        t == \null ? 0 : 1 + \max(height(t->left), height(t->right));
*/

/*@
    requires BST(root);
    assigns \nothing;
    ensures e_1: \result == \null || \result->key == key;
*/
struct Node *_bst_search(struct Node *root, int key) {
    struct Node *cur = root;
    // Loop A
    /*@
        loop assigns cur;
    */
    while (cur != NULL && cur->key != key) {
        if (key < cur->key)
            cur = cur->left;
        else
            cur = cur->right;
    }
    return cur;
}
----------------------------------------
---------Result---------
Success
Model: openPangu-Embedded-7B-V1.1
Running time: 150.63403248786926
Proposal number: 11
Verified code:
#include <stddef.h>
#include <stdio.h>

struct Node {
    int key;
    struct Node *left;
    struct Node *right;
};

/*@
    predicate BST{L}(struct Node* t) =
        t == \null || (\valid(t) &&
        (t->left == \null || t->left->key <= t->key) &&
        (t->right == \null || t->right->key >= t->key) &&
        BST(t->left) && BST(t->right));

    logic integer height(struct Node* t) =
        t == \null ? 0 : 1 + \max(height(t->left), height(t->right));
*/

/*@
    requires BST(root);
    assigns \nothing;
    ensures e_1: \result == \null || \result->key == key;
*/
struct Node *_bst_search(struct Node *root, int key) {
    struct Node *cur = root;
    // Loop A
    /*@
        loop assigns cur;
    */
    while (cur != NULL && cur->key != key) {
        if (key < cur->key)
            cur = cur->left;
        else
            cur = cur->right;
    }
    return cur;
}
------------------------
