-----------Model-----------
Model type:
PanguEmbeddedForCausalLM(
  (model): PanguEmbeddedModel(
    (embed_tokens): Embedding(153376, 4096, padding_idx=0)
    (layers): ModuleList(
      (0-33): 34 x PanguEmbeddedDecoderLayer(
        (self_attn): PanguEmbeddedAttention(
          (q_proj): Linear(in_features=4096, out_features=4096, bias=True)
          (k_proj): Linear(in_features=4096, out_features=1024, bias=True)
          (v_proj): Linear(in_features=4096, out_features=1024, bias=True)
          (o_proj): Linear(in_features=4096, out_features=4096, bias=True)
        )
        (mlp): PanguEmbeddedMLP(
          (gate_proj): Linear(in_features=4096, out_features=12800, bias=False)
          (up_proj): Linear(in_features=4096, out_features=12800, bias=False)
          (down_proj): Linear(in_features=12800, out_features=4096, bias=False)
          (act_fn): SiLU()
        )
        (input_layernorm): PanguEmbeddedRMSNorm((4096,), eps=1e-05)
        (post_attention_layernorm): PanguEmbeddedRMSNorm((4096,), eps=1e-05)
      )
    )
    (norm): PanguEmbeddedRMSNorm((4096,), eps=1e-05)
    (rotary_emb): PanguEmbeddedRotaryEmbedding()
  )
  (lm_head): Linear(in_features=4096, out_features=153376, bias=False)
)
Model device:
npu:1
---------------------------
File Path: ../Benchmark/acsl-algorithms/_heapify.c
----------Code----------
/*@
  predicate max_heap{L}(int* a, integer n, integer i) =
    (i >= n) ||
    (((2 * i + 1 >= n) || (2 * i + 1 < n && a[i] >= a[2 * i + 1] && max_heap(a, n, 2 * i + 1))) &&
    ((2 * i + 2 >= n) || (2 * i + 2 < n && a[i] >= a[2 * i + 2] && max_heap(a, n, 2 * i + 2))));
*/

/*@
    predicate is_max3(int * a, integer dad, integer leftson, integer rightson, integer n, integer result) =
        (0 <= dad < n && a[result] >= a[dad]) && 
        (leftson < n ==> a[result] >= a[leftson]) && 
        (rightson < n ==> a[result] >= a[rightson]) &&
        (0 <= result < n) &&
        (result == dad || result == leftson || result == rightson);
*/

/*@
    requires n >= 0;
    requires 0 <= dad < n;
    requires leftson == 2 * dad + 1;
    requires rightson == 2 * dad + 2;
    requires \valid(a + (0..(n - 1)));
    assigns \nothing;
    ensures is_max3(a, dad, leftson, rightson, n, \result);
    ensures \result < n;
*/
int max3(int* a, int dad, int leftson, int rightson, int n) {
  int max_val = dad;
  if (leftson < n) max_val = a[max_val] >= a[leftson] ? max_val : leftson;
  if (rightson < n) max_val = a[max_val] >= a[rightson] ? max_val : rightson;
  return max_val;
}

/*@
    requires n >= 0;
    requires \valid(a + (0..(n - 1)));
    requires \forall integer i; 0 < i < n ==> (
            (2 * i + 1 < n ==> a[i] >= a[2 * i + 1]) && 
            (2 * i + 2 < n ==> a[i] >= a[2 * i + 2]) 
            );
    assigns a[0..(n - 1)];
    ensures e_1: \forall integer i; 0 <= i < n ==> (
            (2 * i + 1 < n ==> a[i] >= a[2 * i + 1]) && 
            (2 * i + 2 < n ==> a[i] >= a[2 * i + 2]) 
            );
*/
void _heapify(int* a, int n) {
    if (n == 0){
        return;
    }
    int dad = 0;
    int leftson = 1;
    int rightson = 2;
    int swapindex = max3(a, dad, leftson, rightson, n);
    /*@
        loop assigns a[0..(n - 1)];
        loop assigns dad, leftson, rightson, swapindex;
    */
    while (1) { 
        if (dad == swapindex){
            return;
        }
        else{
            int temp = a[dad];
            a[dad] = a[swapindex];
            a[swapindex] = temp;
            dad = swapindex;
            leftson = dad * 2 + 1;
            rightson = dad * 2 + 2;
            swapindex = max3(a, dad, leftson, rightson, n);
        }
    }
}
------------------------
========== Attempt 1 ==========
----------Prompt----------

/*@
  predicate max_heap{L}(int* a, integer n, integer i) =
    (i >= n) ||
    (((2 * i + 1 >= n) || (2 * i + 1 < n && a[i] >= a[2 * i + 1] && max_heap(a, n, 2 * i + 1))) &&
    ((2 * i + 2 >= n) || (2 * i + 2 < n && a[i] >= a[2 * i + 2] && max_heap(a, n, 2 * i + 2))));
*/

/*@
    predicate is_max3(int * a, integer dad, integer leftson, integer rightson, integer n, integer result) =
        (0 <= dad < n && a[result] >= a[dad]) && 
        (leftson < n ==> a[result] >= a[leftson]) && 
        (rightson < n ==> a[result] >= a[rightson]) &&
        (0 <= result < n) &&
        (result == dad || result == leftson || result == rightson);
*/

/*@
    requires n >= 0;
    requires 0 <= dad < n;
    requires leftson == 2 * dad + 1;
    requires rightson == 2 * dad + 2;
    requires \valid(a + (0..(n - 1)));
    assigns \nothing;
    ensures is_max3(a, dad, leftson, rightson, n, \result);
    ensures \result < n;
*/
int max3(int* a, int dad, int leftson, int rightson, int n) {
  int max_val = dad;
  if (leftson < n) max_val = a[max_val] >= a[leftson] ? max_val : leftson;
  if (rightson < n) max_val = a[max_val] >= a[rightson] ? max_val : rightson;
  return max_val;
}

/*@
    requires n >= 0;
    requires \valid(a + (0..(n - 1)));
    requires \forall integer i; 0 < i < n ==> (
            (2 * i + 1 < n ==> a[i] >= a[2 * i + 1]) && 
            (2 * i + 2 < n ==> a[i] >= a[2 * i + 2]) 
            );
    assigns a[0..(n - 1)];
    ensures e_1: \forall integer i; 0 <= i < n ==> (
            (2 * i + 1 < n ==> a[i] >= a[2 * i + 1]) && 
            (2 * i + 2 < n ==> a[i] >= a[2 * i + 2]) 
            );
*/
void _heapify(int* a, int n) {
    if (n == 0){
        return;
    }
    int dad = 0;
    int leftson = 1;
    int rightson = 2;
    int swapindex = max3(a, dad, leftson, rightson, n);
    // Loop A
    /*@
        [Hint] Please infer the loop invariant for the following loop.

        loop assigns a[0..(n - 1)];
        loop assigns dad, leftson, rightson, swapindex;
    */
    while (1) { 
        if (dad == swapindex){
            return;
        }
        else{
            int temp = a[dad];
            a[dad] = a[swapindex];
            a[swapindex] = temp;
            dad = swapindex;
            leftson = dad * 2 + 1;
            rightson = dad * 2 + 2;
            swapindex = max3(a, dad, leftson, rightson, n);
        }
    }
}
You are an expert in program verification, and please generate loop invariant as C annotation comments at the hint location (annotated by "[Hint] Please infer the loop invariant for the following loop.") using ACSL language.
ACSL is a specification language for C programs that conforms to the design by contract paradigm, utilizing Hoare style pre- and postconditions and invariants. Note that the `loop invariant` clause is a condition that is true at the beginning and end of every loop iteration.
Specifically, for the current verification task:
    - Pre-condition: the function's `requires` clauses
    - Post-condition: e_1:\forall integer i; 0 <= i < n ==> ( (2 * i + 1 < n ==> a[i] >= a[2 * i + 1]) && (2 * i + 2 < n ==> a[i] >= a[2 * i + 2]) ); 
Please verify that the generated loop invariant is consistent with these constraints. If these specific pre- or post-conditions are not provided or empty, please infer the loop invariant strictly based on the program's execution logic and standard correctness.
In order to get a correct answer, You may want to consider both the situation of not entering the loop and the situation of jumping out of the loop. If some of the pre-conditions are also loop invariant, you need to add them to your answer as well.
Use '&&', '||', '==>', '\forall' or '\exists' if necessary. For instance:
```
loop invariant 1 <= x;
loop invariant x == y;
loop invariant 0 < x ==> y <= z;
loop invariant z % 2 == 1 || x == y;
loop invariant z % 2 == 1 && x <= y;
loop invariant \forall integer k;  0 <= k < i ==> max >=  a[k];
loop invariant \exists integer k;  0 <= k < i &&  max == a[k];
loop invariant \forall integer p; 0 <= p < \at(k, End_l) ==> res[p] == \at(res[p], End_l);
```
Your answer should follow the following format:
```
loop invariant ...;
loop invariant ...;
...
```
No explanation. No commentary. Just show me the loop invariant.
 /no_think
--------------------------
----------Response----------
[unused16][unused17]```
loop invariant \forall integer i; 0 <= i < n ==> ( (2 * i + 1 < n ==> a[i] >= a[2 * i + 1]) && (2 * i + 2 < n ==> a[i] >= a[2 * i + 2]) );
```
----------------------------
------------Invariant Info-----------
LOOP A:
i_0: \forall integer i; 0 <= i < n ==> ( (2 * i + 1 < n ==> a[i] >= a[2 * i + 1]) && (2 * i + 2 < n ==> a[i] >= a[2 * i + 2]) )
------------------------------------
---------- Code with Invariants ----------
/*@
  predicate max_heap{L}(int* a, integer n, integer i) =
    (i >= n) ||
    (((2 * i + 1 >= n) || (2 * i + 1 < n && a[i] >= a[2 * i + 1] && max_heap(a, n, 2 * i + 1))) &&
    ((2 * i + 2 >= n) || (2 * i + 2 < n && a[i] >= a[2 * i + 2] && max_heap(a, n, 2 * i + 2))));
*/

/*@
    predicate is_max3(int * a, integer dad, integer leftson, integer rightson, integer n, integer result) =
        (0 <= dad < n && a[result] >= a[dad]) && 
        (leftson < n ==> a[result] >= a[leftson]) && 
        (rightson < n ==> a[result] >= a[rightson]) &&
        (0 <= result < n) &&
        (result == dad || result == leftson || result == rightson);
*/

/*@
    requires n >= 0;
    requires 0 <= dad < n;
    requires leftson == 2 * dad + 1;
    requires rightson == 2 * dad + 2;
    requires \valid(a + (0..(n - 1)));
    assigns \nothing;
    ensures is_max3(a, dad, leftson, rightson, n, \result);
    ensures \result < n;
*/
int max3(int* a, int dad, int leftson, int rightson, int n) {
  int max_val = dad;
  if (leftson < n) max_val = a[max_val] >= a[leftson] ? max_val : leftson;
  if (rightson < n) max_val = a[max_val] >= a[rightson] ? max_val : rightson;
  return max_val;
}

/*@
    requires n >= 0;
    requires \valid(a + (0..(n - 1)));
    requires \forall integer i; 0 < i < n ==> (
            (2 * i + 1 < n ==> a[i] >= a[2 * i + 1]) && 
            (2 * i + 2 < n ==> a[i] >= a[2 * i + 2]) 
            );
    assigns a[0..(n - 1)];
    ensures e_1: \forall integer i; 0 <= i < n ==> (
            (2 * i + 1 < n ==> a[i] >= a[2 * i + 1]) && 
            (2 * i + 2 < n ==> a[i] >= a[2 * i + 2]) 
            );
*/
void _heapify(int* a, int n) {
    if (n == 0){
        return;
    }
    int dad = 0;
    int leftson = 1;
    int rightson = 2;
    int swapindex = max3(a, dad, leftson, rightson, n);
    // Loop A
    /*@
        loop invariant i_0: \forall integer i; 0 <= i < n ==> ( (2 * i + 1 < n ==> a[i] >= a[2 * i + 1]) && (2 * i + 2 < n ==> a[i] >= a[2 * i + 2]) );


        loop assigns a[0..(n - 1)];
        loop assigns dad, leftson, rightson, swapindex;
    */
    while (1) { 
        if (dad == swapindex){
            return;
        }
        else{
            int temp = a[dad];
            a[dad] = a[swapindex];
            a[swapindex] = temp;
            dad = swapindex;
            leftson = dad * 2 + 1;
            rightson = dad * 2 + 2;
            swapindex = max3(a, dad, leftson, rightson, n);
        }
    }
}
------------------------------------------
Verification failed (Fail_29_35), removing all invariants and retrying.
========== Attempt 2 ==========
----------Prompt----------

/*@
  predicate max_heap{L}(int* a, integer n, integer i) =
    (i >= n) ||
    (((2 * i + 1 >= n) || (2 * i + 1 < n && a[i] >= a[2 * i + 1] && max_heap(a, n, 2 * i + 1))) &&
    ((2 * i + 2 >= n) || (2 * i + 2 < n && a[i] >= a[2 * i + 2] && max_heap(a, n, 2 * i + 2))));
*/

/*@
    predicate is_max3(int * a, integer dad, integer leftson, integer rightson, integer n, integer result) =
        (0 <= dad < n && a[result] >= a[dad]) && 
        (leftson < n ==> a[result] >= a[leftson]) && 
        (rightson < n ==> a[result] >= a[rightson]) &&
        (0 <= result < n) &&
        (result == dad || result == leftson || result == rightson);
*/

/*@
    requires n >= 0;
    requires 0 <= dad < n;
    requires leftson == 2 * dad + 1;
    requires rightson == 2 * dad + 2;
    requires \valid(a + (0..(n - 1)));
    assigns \nothing;
    ensures is_max3(a, dad, leftson, rightson, n, \result);
    ensures \result < n;
*/
int max3(int* a, int dad, int leftson, int rightson, int n) {
  int max_val = dad;
  if (leftson < n) max_val = a[max_val] >= a[leftson] ? max_val : leftson;
  if (rightson < n) max_val = a[max_val] >= a[rightson] ? max_val : rightson;
  return max_val;
}

/*@
    requires n >= 0;
    requires \valid(a + (0..(n - 1)));
    requires \forall integer i; 0 < i < n ==> (
            (2 * i + 1 < n ==> a[i] >= a[2 * i + 1]) && 
            (2 * i + 2 < n ==> a[i] >= a[2 * i + 2]) 
            );
    assigns a[0..(n - 1)];
    ensures e_1: \forall integer i; 0 <= i < n ==> (
            (2 * i + 1 < n ==> a[i] >= a[2 * i + 1]) && 
            (2 * i + 2 < n ==> a[i] >= a[2 * i + 2]) 
            );
*/
void _heapify(int* a, int n) {
    if (n == 0){
        return;
    }
    int dad = 0;
    int leftson = 1;
    int rightson = 2;
    int swapindex = max3(a, dad, leftson, rightson, n);
    // Loop A
    /*@
        [Hint] Please infer the loop invariant for the following loop.

        loop assigns a[0..(n - 1)];
        loop assigns dad, leftson, rightson, swapindex;
    */
    while (1) { 
        if (dad == swapindex){
            return;
        }
        else{
            int temp = a[dad];
            a[dad] = a[swapindex];
            a[swapindex] = temp;
            dad = swapindex;
            leftson = dad * 2 + 1;
            rightson = dad * 2 + 2;
            swapindex = max3(a, dad, leftson, rightson, n);
        }
    }
}
You are an expert in program verification, and please generate loop invariant as C annotation comments at the hint location (annotated by "[Hint] Please infer the loop invariant for the following loop.") using ACSL language.
ACSL is a specification language for C programs that conforms to the design by contract paradigm, utilizing Hoare style pre- and postconditions and invariants. Note that the `loop invariant` clause is a condition that is true at the beginning and end of every loop iteration.
Specifically, for the current verification task:
    - Pre-condition: the function's `requires` clauses
    - Post-condition: e_1:\forall integer i; 0 <= i < n ==> ( (2 * i + 1 < n ==> a[i] >= a[2 * i + 1]) && (2 * i + 2 < n ==> a[i] >= a[2 * i + 2]) ); 
Please verify that the generated loop invariant is consistent with these constraints. If these specific pre- or post-conditions are not provided or empty, please infer the loop invariant strictly based on the program's execution logic and standard correctness.
In order to get a correct answer, You may want to consider both the situation of not entering the loop and the situation of jumping out of the loop. If some of the pre-conditions are also loop invariant, you need to add them to your answer as well.
Use '&&', '||', '==>', '\forall' or '\exists' if necessary. For instance:
```
loop invariant 1 <= x;
loop invariant x == y;
loop invariant 0 < x ==> y <= z;
loop invariant z % 2 == 1 || x == y;
loop invariant z % 2 == 1 && x <= y;
loop invariant \forall integer k;  0 <= k < i ==> max >=  a[k];
loop invariant \exists integer k;  0 <= k < i &&  max == a[k];
loop invariant \forall integer p; 0 <= p < \at(k, End_l) ==> res[p] == \at(res[p], End_l);
```
Your answer should follow the following format:
```
loop invariant ...;
loop invariant ...;
...
```
No explanation. No commentary. Just show me the loop invariant.
 /no_think
--------------------------
----------Response----------
[unused16][unused17]```
loop invariant \forall integer i; 0 <= i < n ==> (
        (2 * i + 1 < n ==> a[i] >= a[2 * i + 1]) &&
        (2 * i + 2 < n ==> a[i] >= a[2 * i + 2])
    );
```
----------------------------
------------Invariant Info-----------
LOOP A:
i_1: \forall integer i; 0 <= i < n ==> ( (2 * i + 1 < n ==> a[i] >= a[2 * i + 1]) && (2 * i + 2 < n ==> a[i] >= a[2 * i + 2]) )
------------------------------------
---------- Code with Invariants ----------
/*@
  predicate max_heap{L}(int* a, integer n, integer i) =
    (i >= n) ||
    (((2 * i + 1 >= n) || (2 * i + 1 < n && a[i] >= a[2 * i + 1] && max_heap(a, n, 2 * i + 1))) &&
    ((2 * i + 2 >= n) || (2 * i + 2 < n && a[i] >= a[2 * i + 2] && max_heap(a, n, 2 * i + 2))));
*/

/*@
    predicate is_max3(int * a, integer dad, integer leftson, integer rightson, integer n, integer result) =
        (0 <= dad < n && a[result] >= a[dad]) && 
        (leftson < n ==> a[result] >= a[leftson]) && 
        (rightson < n ==> a[result] >= a[rightson]) &&
        (0 <= result < n) &&
        (result == dad || result == leftson || result == rightson);
*/

/*@
    requires n >= 0;
    requires 0 <= dad < n;
    requires leftson == 2 * dad + 1;
    requires rightson == 2 * dad + 2;
    requires \valid(a + (0..(n - 1)));
    assigns \nothing;
    ensures is_max3(a, dad, leftson, rightson, n, \result);
    ensures \result < n;
*/
int max3(int* a, int dad, int leftson, int rightson, int n) {
  int max_val = dad;
  if (leftson < n) max_val = a[max_val] >= a[leftson] ? max_val : leftson;
  if (rightson < n) max_val = a[max_val] >= a[rightson] ? max_val : rightson;
  return max_val;
}

/*@
    requires n >= 0;
    requires \valid(a + (0..(n - 1)));
    requires \forall integer i; 0 < i < n ==> (
            (2 * i + 1 < n ==> a[i] >= a[2 * i + 1]) && 
            (2 * i + 2 < n ==> a[i] >= a[2 * i + 2]) 
            );
    assigns a[0..(n - 1)];
    ensures e_1: \forall integer i; 0 <= i < n ==> (
            (2 * i + 1 < n ==> a[i] >= a[2 * i + 1]) && 
            (2 * i + 2 < n ==> a[i] >= a[2 * i + 2]) 
            );
*/
void _heapify(int* a, int n) {
    if (n == 0){
        return;
    }
    int dad = 0;
    int leftson = 1;
    int rightson = 2;
    int swapindex = max3(a, dad, leftson, rightson, n);
    // Loop A
    /*@
        loop invariant i_1: \forall integer i; 0 <= i < n ==> ( (2 * i + 1 < n ==> a[i] >= a[2 * i + 1]) && (2 * i + 2 < n ==> a[i] >= a[2 * i + 2]) );


        loop assigns a[0..(n - 1)];
        loop assigns dad, leftson, rightson, swapindex;
    */
    while (1) { 
        if (dad == swapindex){
            return;
        }
        else{
            int temp = a[dad];
            a[dad] = a[swapindex];
            a[swapindex] = temp;
            dad = swapindex;
            leftson = dad * 2 + 1;
            rightson = dad * 2 + 2;
            swapindex = max3(a, dad, leftson, rightson, n);
        }
    }
}
------------------------------------------
Verification failed (Fail_29_35), removing all invariants and retrying.
========== Attempt 3 ==========
----------Prompt----------

/*@
  predicate max_heap{L}(int* a, integer n, integer i) =
    (i >= n) ||
    (((2 * i + 1 >= n) || (2 * i + 1 < n && a[i] >= a[2 * i + 1] && max_heap(a, n, 2 * i + 1))) &&
    ((2 * i + 2 >= n) || (2 * i + 2 < n && a[i] >= a[2 * i + 2] && max_heap(a, n, 2 * i + 2))));
*/

/*@
    predicate is_max3(int * a, integer dad, integer leftson, integer rightson, integer n, integer result) =
        (0 <= dad < n && a[result] >= a[dad]) && 
        (leftson < n ==> a[result] >= a[leftson]) && 
        (rightson < n ==> a[result] >= a[rightson]) &&
        (0 <= result < n) &&
        (result == dad || result == leftson || result == rightson);
*/

/*@
    requires n >= 0;
    requires 0 <= dad < n;
    requires leftson == 2 * dad + 1;
    requires rightson == 2 * dad + 2;
    requires \valid(a + (0..(n - 1)));
    assigns \nothing;
    ensures is_max3(a, dad, leftson, rightson, n, \result);
    ensures \result < n;
*/
int max3(int* a, int dad, int leftson, int rightson, int n) {
  int max_val = dad;
  if (leftson < n) max_val = a[max_val] >= a[leftson] ? max_val : leftson;
  if (rightson < n) max_val = a[max_val] >= a[rightson] ? max_val : rightson;
  return max_val;
}

/*@
    requires n >= 0;
    requires \valid(a + (0..(n - 1)));
    requires \forall integer i; 0 < i < n ==> (
            (2 * i + 1 < n ==> a[i] >= a[2 * i + 1]) && 
            (2 * i + 2 < n ==> a[i] >= a[2 * i + 2]) 
            );
    assigns a[0..(n - 1)];
    ensures e_1: \forall integer i; 0 <= i < n ==> (
            (2 * i + 1 < n ==> a[i] >= a[2 * i + 1]) && 
            (2 * i + 2 < n ==> a[i] >= a[2 * i + 2]) 
            );
*/
void _heapify(int* a, int n) {
    if (n == 0){
        return;
    }
    int dad = 0;
    int leftson = 1;
    int rightson = 2;
    int swapindex = max3(a, dad, leftson, rightson, n);
    // Loop A
    /*@
        [Hint] Please infer the loop invariant for the following loop.

        loop assigns a[0..(n - 1)];
        loop assigns dad, leftson, rightson, swapindex;
    */
    while (1) { 
        if (dad == swapindex){
            return;
        }
        else{
            int temp = a[dad];
            a[dad] = a[swapindex];
            a[swapindex] = temp;
            dad = swapindex;
            leftson = dad * 2 + 1;
            rightson = dad * 2 + 2;
            swapindex = max3(a, dad, leftson, rightson, n);
        }
    }
}
You are an expert in program verification, and please generate loop invariant as C annotation comments at the hint location (annotated by "[Hint] Please infer the loop invariant for the following loop.") using ACSL language.
ACSL is a specification language for C programs that conforms to the design by contract paradigm, utilizing Hoare style pre- and postconditions and invariants. Note that the `loop invariant` clause is a condition that is true at the beginning and end of every loop iteration.
Specifically, for the current verification task:
    - Pre-condition: the function's `requires` clauses
    - Post-condition: e_1:\forall integer i; 0 <= i < n ==> ( (2 * i + 1 < n ==> a[i] >= a[2 * i + 1]) && (2 * i + 2 < n ==> a[i] >= a[2 * i + 2]) ); 
Please verify that the generated loop invariant is consistent with these constraints. If these specific pre- or post-conditions are not provided or empty, please infer the loop invariant strictly based on the program's execution logic and standard correctness.
In order to get a correct answer, You may want to consider both the situation of not entering the loop and the situation of jumping out of the loop. If some of the pre-conditions are also loop invariant, you need to add them to your answer as well.
Use '&&', '||', '==>', '\forall' or '\exists' if necessary. For instance:
```
loop invariant 1 <= x;
loop invariant x == y;
loop invariant 0 < x ==> y <= z;
loop invariant z % 2 == 1 || x == y;
loop invariant z % 2 == 1 && x <= y;
loop invariant \forall integer k;  0 <= k < i ==> max >=  a[k];
loop invariant \exists integer k;  0 <= k < i &&  max == a[k];
loop invariant \forall integer p; 0 <= p < \at(k, End_l) ==> res[p] == \at(res[p], End_l);
```
Your answer should follow the following format:
```
loop invariant ...;
loop invariant ...;
...
```
No explanation. No commentary. Just show me the loop invariant.
 /no_think
--------------------------
----------Response----------
[unused16][unused17][Loop <Heapify>]
loop invariant \forall integer i; 0 <= i < n ==> 
    (2 * i + 1 < n ==> a[i] >= a[2 * i + 1]) && 
    (2 * i + 2 < n ==> a[i] >= a[2 * i + 2]); &&
    a[0..(n - 1)] is filled;

[Loop <Loop A>]
loop invariant \exists integer i; 0 <= i < n && a[i] != 0;

[Loop <Loop A>]
loop invariant \forall integer i; 0 <= i < n ==> 
    (2 * i + 1 < n ==> a[i] >= a[2 * i + 1]) && 
    (2 * i + 2 < n ==> a[i] >= a[2 * i + 2]); &&
    a[0..(n - 1)] is filled;

[Loop <Loop A>]
loop invariant \exists integer i; 0 <= i < n && a[i] != 0;
----------------------------
------------Invariant Info-----------
LOOP A:
i_2: \forall integer i; 0 <= i < n ==> (2 * i + 1 < n ==> a[i] >= a[2 * i + 1]) && (2 * i + 2 < n ==> a[i] >= a[2 * i + 2])
i_3: \exists integer i; 0 <= i < n && a[i] != 0
------------------------------------
---------- Code with Invariants ----------
/*@
  predicate max_heap{L}(int* a, integer n, integer i) =
    (i >= n) ||
    (((2 * i + 1 >= n) || (2 * i + 1 < n && a[i] >= a[2 * i + 1] && max_heap(a, n, 2 * i + 1))) &&
    ((2 * i + 2 >= n) || (2 * i + 2 < n && a[i] >= a[2 * i + 2] && max_heap(a, n, 2 * i + 2))));
*/

/*@
    predicate is_max3(int * a, integer dad, integer leftson, integer rightson, integer n, integer result) =
        (0 <= dad < n && a[result] >= a[dad]) && 
        (leftson < n ==> a[result] >= a[leftson]) && 
        (rightson < n ==> a[result] >= a[rightson]) &&
        (0 <= result < n) &&
        (result == dad || result == leftson || result == rightson);
*/

/*@
    requires n >= 0;
    requires 0 <= dad < n;
    requires leftson == 2 * dad + 1;
    requires rightson == 2 * dad + 2;
    requires \valid(a + (0..(n - 1)));
    assigns \nothing;
    ensures is_max3(a, dad, leftson, rightson, n, \result);
    ensures \result < n;
*/
int max3(int* a, int dad, int leftson, int rightson, int n) {
  int max_val = dad;
  if (leftson < n) max_val = a[max_val] >= a[leftson] ? max_val : leftson;
  if (rightson < n) max_val = a[max_val] >= a[rightson] ? max_val : rightson;
  return max_val;
}

/*@
    requires n >= 0;
    requires \valid(a + (0..(n - 1)));
    requires \forall integer i; 0 < i < n ==> (
            (2 * i + 1 < n ==> a[i] >= a[2 * i + 1]) && 
            (2 * i + 2 < n ==> a[i] >= a[2 * i + 2]) 
            );
    assigns a[0..(n - 1)];
    ensures e_1: \forall integer i; 0 <= i < n ==> (
            (2 * i + 1 < n ==> a[i] >= a[2 * i + 1]) && 
            (2 * i + 2 < n ==> a[i] >= a[2 * i + 2]) 
            );
*/
void _heapify(int* a, int n) {
    if (n == 0){
        return;
    }
    int dad = 0;
    int leftson = 1;
    int rightson = 2;
    int swapindex = max3(a, dad, leftson, rightson, n);
    // Loop A
    /*@
        loop invariant i_2: \forall integer i; 0 <= i < n ==> (2 * i + 1 < n ==> a[i] >= a[2 * i + 1]) && (2 * i + 2 < n ==> a[i] >= a[2 * i + 2]);

        loop invariant i_3: \exists integer i; 0 <= i < n && a[i] != 0;


        loop assigns a[0..(n - 1)];
        loop assigns dad, leftson, rightson, swapindex;
    */
    while (1) { 
        if (dad == swapindex){
            return;
        }
        else{
            int temp = a[dad];
            a[dad] = a[swapindex];
            a[swapindex] = temp;
            dad = swapindex;
            leftson = dad * 2 + 1;
            rightson = dad * 2 + 2;
            swapindex = max3(a, dad, leftson, rightson, n);
        }
    }
}
------------------------------------------
Verification failed (Fail_29_37), removing all invariants and retrying.
========== Attempt 4 ==========
----------Prompt----------

/*@
  predicate max_heap{L}(int* a, integer n, integer i) =
    (i >= n) ||
    (((2 * i + 1 >= n) || (2 * i + 1 < n && a[i] >= a[2 * i + 1] && max_heap(a, n, 2 * i + 1))) &&
    ((2 * i + 2 >= n) || (2 * i + 2 < n && a[i] >= a[2 * i + 2] && max_heap(a, n, 2 * i + 2))));
*/

/*@
    predicate is_max3(int * a, integer dad, integer leftson, integer rightson, integer n, integer result) =
        (0 <= dad < n && a[result] >= a[dad]) && 
        (leftson < n ==> a[result] >= a[leftson]) && 
        (rightson < n ==> a[result] >= a[rightson]) &&
        (0 <= result < n) &&
        (result == dad || result == leftson || result == rightson);
*/

/*@
    requires n >= 0;
    requires 0 <= dad < n;
    requires leftson == 2 * dad + 1;
    requires rightson == 2 * dad + 2;
    requires \valid(a + (0..(n - 1)));
    assigns \nothing;
    ensures is_max3(a, dad, leftson, rightson, n, \result);
    ensures \result < n;
*/
int max3(int* a, int dad, int leftson, int rightson, int n) {
  int max_val = dad;
  if (leftson < n) max_val = a[max_val] >= a[leftson] ? max_val : leftson;
  if (rightson < n) max_val = a[max_val] >= a[rightson] ? max_val : rightson;
  return max_val;
}

/*@
    requires n >= 0;
    requires \valid(a + (0..(n - 1)));
    requires \forall integer i; 0 < i < n ==> (
            (2 * i + 1 < n ==> a[i] >= a[2 * i + 1]) && 
            (2 * i + 2 < n ==> a[i] >= a[2 * i + 2]) 
            );
    assigns a[0..(n - 1)];
    ensures e_1: \forall integer i; 0 <= i < n ==> (
            (2 * i + 1 < n ==> a[i] >= a[2 * i + 1]) && 
            (2 * i + 2 < n ==> a[i] >= a[2 * i + 2]) 
            );
*/
void _heapify(int* a, int n) {
    if (n == 0){
        return;
    }
    int dad = 0;
    int leftson = 1;
    int rightson = 2;
    int swapindex = max3(a, dad, leftson, rightson, n);
    // Loop A
    /*@
        [Hint] Please infer the loop invariant for the following loop.

        loop assigns a[0..(n - 1)];
        loop assigns dad, leftson, rightson, swapindex;
    */
    while (1) { 
        if (dad == swapindex){
            return;
        }
        else{
            int temp = a[dad];
            a[dad] = a[swapindex];
            a[swapindex] = temp;
            dad = swapindex;
            leftson = dad * 2 + 1;
            rightson = dad * 2 + 2;
            swapindex = max3(a, dad, leftson, rightson, n);
        }
    }
}
You are an expert in program verification, and please generate loop invariant as C annotation comments at the hint location (annotated by "[Hint] Please infer the loop invariant for the following loop.") using ACSL language.
ACSL is a specification language for C programs that conforms to the design by contract paradigm, utilizing Hoare style pre- and postconditions and invariants. Note that the `loop invariant` clause is a condition that is true at the beginning and end of every loop iteration.
Specifically, for the current verification task:
    - Pre-condition: the function's `requires` clauses
    - Post-condition: e_1:\forall integer i; 0 <= i < n ==> ( (2 * i + 1 < n ==> a[i] >= a[2 * i + 1]) && (2 * i + 2 < n ==> a[i] >= a[2 * i + 2]) ); 
Please verify that the generated loop invariant is consistent with these constraints. If these specific pre- or post-conditions are not provided or empty, please infer the loop invariant strictly based on the program's execution logic and standard correctness.
In order to get a correct answer, You may want to consider both the situation of not entering the loop and the situation of jumping out of the loop. If some of the pre-conditions are also loop invariant, you need to add them to your answer as well.
Use '&&', '||', '==>', '\forall' or '\exists' if necessary. For instance:
```
loop invariant 1 <= x;
loop invariant x == y;
loop invariant 0 < x ==> y <= z;
loop invariant z % 2 == 1 || x == y;
loop invariant z % 2 == 1 && x <= y;
loop invariant \forall integer k;  0 <= k < i ==> max >=  a[k];
loop invariant \exists integer k;  0 <= k < i &&  max == a[k];
loop invariant \forall integer p; 0 <= p < \at(k, End_l) ==> res[p] == \at(res[p], End_l);
```
Your answer should follow the following format:
```
loop invariant ...;
loop invariant ...;
...
```
No explanation. No commentary. Just show me the loop invariant.
 /no_think
--------------------------
----------Response----------
[unused16][unused17]```
loop invariant \forall integer i; 0 <= i < n ==> ( (2 * i + 1 < n ==> a[i] >= a[2 * i + 1]) && (2 * i + 2 < n ==> a[i] >= a[2 * i + 2]) );
```
----------------------------
------------Invariant Info-----------
LOOP A:
i_4: \forall integer i; 0 <= i < n ==> ( (2 * i + 1 < n ==> a[i] >= a[2 * i + 1]) && (2 * i + 2 < n ==> a[i] >= a[2 * i + 2]) )
------------------------------------
---------- Code with Invariants ----------
/*@
  predicate max_heap{L}(int* a, integer n, integer i) =
    (i >= n) ||
    (((2 * i + 1 >= n) || (2 * i + 1 < n && a[i] >= a[2 * i + 1] && max_heap(a, n, 2 * i + 1))) &&
    ((2 * i + 2 >= n) || (2 * i + 2 < n && a[i] >= a[2 * i + 2] && max_heap(a, n, 2 * i + 2))));
*/

/*@
    predicate is_max3(int * a, integer dad, integer leftson, integer rightson, integer n, integer result) =
        (0 <= dad < n && a[result] >= a[dad]) && 
        (leftson < n ==> a[result] >= a[leftson]) && 
        (rightson < n ==> a[result] >= a[rightson]) &&
        (0 <= result < n) &&
        (result == dad || result == leftson || result == rightson);
*/

/*@
    requires n >= 0;
    requires 0 <= dad < n;
    requires leftson == 2 * dad + 1;
    requires rightson == 2 * dad + 2;
    requires \valid(a + (0..(n - 1)));
    assigns \nothing;
    ensures is_max3(a, dad, leftson, rightson, n, \result);
    ensures \result < n;
*/
int max3(int* a, int dad, int leftson, int rightson, int n) {
  int max_val = dad;
  if (leftson < n) max_val = a[max_val] >= a[leftson] ? max_val : leftson;
  if (rightson < n) max_val = a[max_val] >= a[rightson] ? max_val : rightson;
  return max_val;
}

/*@
    requires n >= 0;
    requires \valid(a + (0..(n - 1)));
    requires \forall integer i; 0 < i < n ==> (
            (2 * i + 1 < n ==> a[i] >= a[2 * i + 1]) && 
            (2 * i + 2 < n ==> a[i] >= a[2 * i + 2]) 
            );
    assigns a[0..(n - 1)];
    ensures e_1: \forall integer i; 0 <= i < n ==> (
            (2 * i + 1 < n ==> a[i] >= a[2 * i + 1]) && 
            (2 * i + 2 < n ==> a[i] >= a[2 * i + 2]) 
            );
*/
void _heapify(int* a, int n) {
    if (n == 0){
        return;
    }
    int dad = 0;
    int leftson = 1;
    int rightson = 2;
    int swapindex = max3(a, dad, leftson, rightson, n);
    // Loop A
    /*@
        loop invariant i_4: \forall integer i; 0 <= i < n ==> ( (2 * i + 1 < n ==> a[i] >= a[2 * i + 1]) && (2 * i + 2 < n ==> a[i] >= a[2 * i + 2]) );


        loop assigns a[0..(n - 1)];
        loop assigns dad, leftson, rightson, swapindex;
    */
    while (1) { 
        if (dad == swapindex){
            return;
        }
        else{
            int temp = a[dad];
            a[dad] = a[swapindex];
            a[swapindex] = temp;
            dad = swapindex;
            leftson = dad * 2 + 1;
            rightson = dad * 2 + 2;
            swapindex = max3(a, dad, leftson, rightson, n);
        }
    }
}
------------------------------------------
Verification failed (Fail_29_35), removing all invariants and retrying.
========== Attempt 5 ==========
----------Prompt----------

/*@
  predicate max_heap{L}(int* a, integer n, integer i) =
    (i >= n) ||
    (((2 * i + 1 >= n) || (2 * i + 1 < n && a[i] >= a[2 * i + 1] && max_heap(a, n, 2 * i + 1))) &&
    ((2 * i + 2 >= n) || (2 * i + 2 < n && a[i] >= a[2 * i + 2] && max_heap(a, n, 2 * i + 2))));
*/

/*@
    predicate is_max3(int * a, integer dad, integer leftson, integer rightson, integer n, integer result) =
        (0 <= dad < n && a[result] >= a[dad]) && 
        (leftson < n ==> a[result] >= a[leftson]) && 
        (rightson < n ==> a[result] >= a[rightson]) &&
        (0 <= result < n) &&
        (result == dad || result == leftson || result == rightson);
*/

/*@
    requires n >= 0;
    requires 0 <= dad < n;
    requires leftson == 2 * dad + 1;
    requires rightson == 2 * dad + 2;
    requires \valid(a + (0..(n - 1)));
    assigns \nothing;
    ensures is_max3(a, dad, leftson, rightson, n, \result);
    ensures \result < n;
*/
int max3(int* a, int dad, int leftson, int rightson, int n) {
  int max_val = dad;
  if (leftson < n) max_val = a[max_val] >= a[leftson] ? max_val : leftson;
  if (rightson < n) max_val = a[max_val] >= a[rightson] ? max_val : rightson;
  return max_val;
}

/*@
    requires n >= 0;
    requires \valid(a + (0..(n - 1)));
    requires \forall integer i; 0 < i < n ==> (
            (2 * i + 1 < n ==> a[i] >= a[2 * i + 1]) && 
            (2 * i + 2 < n ==> a[i] >= a[2 * i + 2]) 
            );
    assigns a[0..(n - 1)];
    ensures e_1: \forall integer i; 0 <= i < n ==> (
            (2 * i + 1 < n ==> a[i] >= a[2 * i + 1]) && 
            (2 * i + 2 < n ==> a[i] >= a[2 * i + 2]) 
            );
*/
void _heapify(int* a, int n) {
    if (n == 0){
        return;
    }
    int dad = 0;
    int leftson = 1;
    int rightson = 2;
    int swapindex = max3(a, dad, leftson, rightson, n);
    // Loop A
    /*@
        [Hint] Please infer the loop invariant for the following loop.

        loop assigns a[0..(n - 1)];
        loop assigns dad, leftson, rightson, swapindex;
    */
    while (1) { 
        if (dad == swapindex){
            return;
        }
        else{
            int temp = a[dad];
            a[dad] = a[swapindex];
            a[swapindex] = temp;
            dad = swapindex;
            leftson = dad * 2 + 1;
            rightson = dad * 2 + 2;
            swapindex = max3(a, dad, leftson, rightson, n);
        }
    }
}
You are an expert in program verification, and please generate loop invariant as C annotation comments at the hint location (annotated by "[Hint] Please infer the loop invariant for the following loop.") using ACSL language.
ACSL is a specification language for C programs that conforms to the design by contract paradigm, utilizing Hoare style pre- and postconditions and invariants. Note that the `loop invariant` clause is a condition that is true at the beginning and end of every loop iteration.
Specifically, for the current verification task:
    - Pre-condition: the function's `requires` clauses
    - Post-condition: e_1:\forall integer i; 0 <= i < n ==> ( (2 * i + 1 < n ==> a[i] >= a[2 * i + 1]) && (2 * i + 2 < n ==> a[i] >= a[2 * i + 2]) ); 
Please verify that the generated loop invariant is consistent with these constraints. If these specific pre- or post-conditions are not provided or empty, please infer the loop invariant strictly based on the program's execution logic and standard correctness.
In order to get a correct answer, You may want to consider both the situation of not entering the loop and the situation of jumping out of the loop. If some of the pre-conditions are also loop invariant, you need to add them to your answer as well.
Use '&&', '||', '==>', '\forall' or '\exists' if necessary. For instance:
```
loop invariant 1 <= x;
loop invariant x == y;
loop invariant 0 < x ==> y <= z;
loop invariant z % 2 == 1 || x == y;
loop invariant z % 2 == 1 && x <= y;
loop invariant \forall integer k;  0 <= k < i ==> max >=  a[k];
loop invariant \exists integer k;  0 <= k < i &&  max == a[k];
loop invariant \forall integer p; 0 <= p < \at(k, End_l) ==> res[p] == \at(res[p], End_l);
```
Your answer should follow the following format:
```
loop invariant ...;
loop invariant ...;
...
```
No explanation. No commentary. Just show me the loop invariant.
 /no_think
--------------------------
----------Response----------
[unused16][unused17][Loop <Loop _heapify>]
loop invariant \exists integer dad; 0 <= dad < n && ( \forall integer i < n; (2 * i + 1 < n ==> a[i] >= a[2 * i + 1]) && (2 * i + 2 < n ==> a[i] >= a[2 * i + 2]) ) && dad == swapindex;
loop invariant \exists integer max_val; 0 <= max_val < n && (max_val == dad || max_val == leftson || max_val == rightson);
loop invariant \forall integer i; 0 <= i < n ==> (2 * i + 1 < n ==> a[i] >= a[2 * i + 1]) && (2 * i + 2 < n ==> a[i] >= a[2 * i + 2]);
----------------------------
------------Invariant Info-----------
LOOP A:
i_5: \exists integer dad; 0 <= dad < n && ( \forall integer i < n; (2 * i + 1 < n ==> a[i] >= a[2 * i + 1]) && (2 * i + 2 < n ==> a[i] >= a[2 * i + 2]) ) && dad == swapindex; loop invariant \exists integer max_val; 0 <= max_val < n && (max_val == dad || max_val == leftson || max_val == rightson)
i_6: \exists integer max_val; 0 <= max_val < n && (max_val == dad || max_val == leftson || max_val == rightson)
i_7: \forall integer i; 0 <= i < n ==> (2 * i + 1 < n ==> a[i] >= a[2 * i + 1]) && (2 * i + 2 < n ==> a[i] >= a[2 * i + 2])
------------------------------------
---------- Code with Invariants ----------
/*@
  predicate max_heap{L}(int* a, integer n, integer i) =
    (i >= n) ||
    (((2 * i + 1 >= n) || (2 * i + 1 < n && a[i] >= a[2 * i + 1] && max_heap(a, n, 2 * i + 1))) &&
    ((2 * i + 2 >= n) || (2 * i + 2 < n && a[i] >= a[2 * i + 2] && max_heap(a, n, 2 * i + 2))));
*/

/*@
    predicate is_max3(int * a, integer dad, integer leftson, integer rightson, integer n, integer result) =
        (0 <= dad < n && a[result] >= a[dad]) && 
        (leftson < n ==> a[result] >= a[leftson]) && 
        (rightson < n ==> a[result] >= a[rightson]) &&
        (0 <= result < n) &&
        (result == dad || result == leftson || result == rightson);
*/

/*@
    requires n >= 0;
    requires 0 <= dad < n;
    requires leftson == 2 * dad + 1;
    requires rightson == 2 * dad + 2;
    requires \valid(a + (0..(n - 1)));
    assigns \nothing;
    ensures is_max3(a, dad, leftson, rightson, n, \result);
    ensures \result < n;
*/
int max3(int* a, int dad, int leftson, int rightson, int n) {
  int max_val = dad;
  if (leftson < n) max_val = a[max_val] >= a[leftson] ? max_val : leftson;
  if (rightson < n) max_val = a[max_val] >= a[rightson] ? max_val : rightson;
  return max_val;
}

/*@
    requires n >= 0;
    requires \valid(a + (0..(n - 1)));
    requires \forall integer i; 0 < i < n ==> (
            (2 * i + 1 < n ==> a[i] >= a[2 * i + 1]) && 
            (2 * i + 2 < n ==> a[i] >= a[2 * i + 2]) 
            );
    assigns a[0..(n - 1)];
    ensures e_1: \forall integer i; 0 <= i < n ==> (
            (2 * i + 1 < n ==> a[i] >= a[2 * i + 1]) && 
            (2 * i + 2 < n ==> a[i] >= a[2 * i + 2]) 
            );
*/
void _heapify(int* a, int n) {
    if (n == 0){
        return;
    }
    int dad = 0;
    int leftson = 1;
    int rightson = 2;
    int swapindex = max3(a, dad, leftson, rightson, n);
    // Loop A
    /*@
        loop invariant i_5: \exists integer dad; 0 <= dad < n && ( \forall integer i < n; (2 * i + 1 < n ==> a[i] >= a[2 * i + 1]) && (2 * i + 2 < n ==> a[i] >= a[2 * i + 2]) ) && dad == swapindex; loop invariant \exists integer max_val; 0 <= max_val < n && (max_val == dad || max_val == leftson || max_val == rightson);

        loop invariant i_6: \exists integer max_val; 0 <= max_val < n && (max_val == dad || max_val == leftson || max_val == rightson);

        loop invariant i_7: \forall integer i; 0 <= i < n ==> (2 * i + 1 < n ==> a[i] >= a[2 * i + 1]) && (2 * i + 2 < n ==> a[i] >= a[2 * i + 2]);


        loop assigns a[0..(n - 1)];
        loop assigns dad, leftson, rightson, swapindex;
    */
    while (1) { 
        if (dad == swapindex){
            return;
        }
        else{
            int temp = a[dad];
            a[dad] = a[swapindex];
            a[swapindex] = temp;
            dad = swapindex;
            leftson = dad * 2 + 1;
            rightson = dad * 2 + 2;
            swapindex = max3(a, dad, leftson, rightson, n);
        }
    }
}
------------------------------------------
Verification failed (Invalid), removing all invariants and retrying.
Verification failed: reached maximum attempts.
---------Result---------
Fail
Model: openPangu-Embedded-7B-V1.1
Running time: 127.95271444320679
Proposal number: 5
Verified code:

------------------------
