-----------Model-----------
Model type:
PanguEmbeddedForCausalLM(
  (model): PanguEmbeddedModel(
    (embed_tokens): Embedding(153376, 4096, padding_idx=0)
    (layers): ModuleList(
      (0-33): 34 x PanguEmbeddedDecoderLayer(
        (self_attn): PanguEmbeddedAttention(
          (q_proj): Linear(in_features=4096, out_features=4096, bias=True)
          (k_proj): Linear(in_features=4096, out_features=1024, bias=True)
          (v_proj): Linear(in_features=4096, out_features=1024, bias=True)
          (o_proj): Linear(in_features=4096, out_features=4096, bias=True)
        )
        (mlp): PanguEmbeddedMLP(
          (gate_proj): Linear(in_features=4096, out_features=12800, bias=False)
          (up_proj): Linear(in_features=4096, out_features=12800, bias=False)
          (down_proj): Linear(in_features=12800, out_features=4096, bias=False)
          (act_fn): SiLU()
        )
        (input_layernorm): PanguEmbeddedRMSNorm((4096,), eps=1e-05)
        (post_attention_layernorm): PanguEmbeddedRMSNorm((4096,), eps=1e-05)
      )
    )
    (norm): PanguEmbeddedRMSNorm((4096,), eps=1e-05)
    (rotary_emb): PanguEmbeddedRotaryEmbedding()
  )
  (lm_head): Linear(in_features=4096, out_features=153376, bias=False)
)
Model device:
npu:1
---------------------------
File Path: ../Benchmark/acsl-algorithms/_can_jump.c
----------Code----------
/*@
    predicate is_max(integer a, integer b, integer result) =
        result >= a && 
        result >= b && 
        (result == a || result == b);
*/

/*@
    assigns \nothing;
    ensures is_max(a, b, \result);
*/
int max(int a, int b) {
  int max_val = a >= b ? a : b;
  return max_val;
}

/*@
    requires n > 0;
    requires \valid(nums + (0..(n - 1)));
    requires \forall integer i; 0 <= i < n ==> nums[i] >= 0;
    assigns \nothing;
    ensures e_1: ((\forall integer j; 0 <= j < n ==> \result >= j + nums[j]) && (\result >= n - 1)) || (\result == -1);
*/
int _can_jump(int* nums, int n) 
{
    int k = 0;
    /*@
        loop assigns i;
        loop assigns k;
    */
    for(int i = 0; i < n; i++)
    {
        if(i > k)
        {
            return -1;
        }
        k = max(k, i + nums[i]);
    }
    return k;
}
------------------------
========== Attempt 1 ==========
----------Prompt----------

/*@
    predicate is_max(integer a, integer b, integer result) =
        result >= a && 
        result >= b && 
        (result == a || result == b);
*/

/*@
    assigns \nothing;
    ensures is_max(a, b, \result);
*/
int max(int a, int b) {
  int max_val = a >= b ? a : b;
  return max_val;
}

/*@
    requires n > 0;
    requires \valid(nums + (0..(n - 1)));
    requires \forall integer i; 0 <= i < n ==> nums[i] >= 0;
    assigns \nothing;
    ensures e_1: ((\forall integer j; 0 <= j < n ==> \result >= j + nums[j]) && (\result >= n - 1)) || (\result == -1);
*/
int _can_jump(int* nums, int n) 
{
    int k = 0;
    // Loop A
    /*@
        [Hint] Please infer the loop invariant for the following loop.

        loop assigns i;
        loop assigns k;
    */
    for(int i = 0; i < n; i++)
    {
        if(i > k)
        {
            return -1;
        }
        k = max(k, i + nums[i]);
    }
    return k;
}
You are an expert in program verification, and please generate loop invariant as C annotation comments at the hint location (annotated by "[Hint] Please infer the loop invariant for the following loop.") using ACSL language.
ACSL is a specification language for C programs that conforms to the design by contract paradigm, utilizing Hoare style pre- and postconditions and invariants. Note that the `loop invariant` clause is a condition that is true at the beginning and end of every loop iteration.
Specifically, for the current verification task:
    - Pre-condition: the function's `requires` clauses
    - Post-condition: e_1:((\forall integer j; 0 <= j < n ==> \result >= j + nums[j]) && (\result >= n - 1)) || (\result == -1);; 
Please verify that the generated loop invariant is consistent with these constraints. If these specific pre- or post-conditions are not provided or empty, please infer the loop invariant strictly based on the program's execution logic and standard correctness.
In order to get a correct answer, You may want to consider both the situation of not entering the loop and the situation of jumping out of the loop. If some of the pre-conditions are also loop invariant, you need to add them to your answer as well.
Use '&&', '||', '==>', '\forall' or '\exists' if necessary. For instance:
```
loop invariant 1 <= x;
loop invariant x == y;
loop invariant 0 < x ==> y <= z;
loop invariant z % 2 == 1 || x == y;
loop invariant z % 2 == 1 && x <= y;
loop invariant \forall integer k;  0 <= k < i ==> max >=  a[k];
loop invariant \exists integer k;  0 <= k < i &&  max == a[k];
loop invariant \forall integer p; 0 <= p < \at(k, End_l) ==> res[p] == \at(res[p], End_l);
```
Your answer should follow the following format:
```
loop invariant ...;
loop invariant ...;
...
```
No explanation. No commentary. Just show me the loop invariant.
 /no_think
--------------------------
----------Response----------
[unused16][unused17][Loop <LOOP A>]
loop invariant k == \max_{0 <= i < n} (i + nums[i]);

[Loop <CUR_LOOP>]
loop invariant k >= 0;

[Loop <LOOP A>]
loop invariant k == \max_{0 <= i < n} (i + nums[i]);

[Loop <CUR_LOOP>]
loop invariant k >= 0 && \forall integer i; 0 <= i < n ==> k >= i + nums[i];
----------------------------
------------Invariant Info-----------
LOOP A:
i_0: k == \max_{0 <= i < n} (i + nums[i])
i_1: k >= 0
i_2: k >= 0 && \forall integer i; 0 <= i < n ==> k >= i + nums[i]
------------------------------------
---------- Code with Invariants ----------
/*@
    predicate is_max(integer a, integer b, integer result) =
        result >= a && 
        result >= b && 
        (result == a || result == b);
*/

/*@
    assigns \nothing;
    ensures is_max(a, b, \result);
*/
int max(int a, int b) {
  int max_val = a >= b ? a : b;
  return max_val;
}

/*@
    requires n > 0;
    requires \valid(nums + (0..(n - 1)));
    requires \forall integer i; 0 <= i < n ==> nums[i] >= 0;
    assigns \nothing;
    ensures e_1: ((\forall integer j; 0 <= j < n ==> \result >= j + nums[j]) && (\result >= n - 1)) || (\result == -1);
*/
int _can_jump(int* nums, int n) 
{
    int k = 0;
    // Loop A
    /*@
        loop invariant i_0: k == \max_{0 <= i < n} (i + nums[i]);

        loop invariant i_1: k >= 0;

        loop invariant i_2: k >= 0 && \forall integer i; 0 <= i < n ==> k >= i + nums[i];


        loop assigns i;
        loop assigns k;
    */
    for(int i = 0; i < n; i++)
    {
        if(i > k)
        {
            return -1;
        }
        k = max(k, i + nums[i]);
    }
    return k;
}
------------------------------------------
Verification failed (Invalid), removing all invariants and retrying.
========== Attempt 2 ==========
----------Prompt----------

/*@
    predicate is_max(integer a, integer b, integer result) =
        result >= a && 
        result >= b && 
        (result == a || result == b);
*/

/*@
    assigns \nothing;
    ensures is_max(a, b, \result);
*/
int max(int a, int b) {
  int max_val = a >= b ? a : b;
  return max_val;
}

/*@
    requires n > 0;
    requires \valid(nums + (0..(n - 1)));
    requires \forall integer i; 0 <= i < n ==> nums[i] >= 0;
    assigns \nothing;
    ensures e_1: ((\forall integer j; 0 <= j < n ==> \result >= j + nums[j]) && (\result >= n - 1)) || (\result == -1);
*/
int _can_jump(int* nums, int n) 
{
    int k = 0;
    // Loop A
    /*@
        [Hint] Please infer the loop invariant for the following loop.

        loop assigns i;
        loop assigns k;
    */
    for(int i = 0; i < n; i++)
    {
        if(i > k)
        {
            return -1;
        }
        k = max(k, i + nums[i]);
    }
    return k;
}
You are an expert in program verification, and please generate loop invariant as C annotation comments at the hint location (annotated by "[Hint] Please infer the loop invariant for the following loop.") using ACSL language.
ACSL is a specification language for C programs that conforms to the design by contract paradigm, utilizing Hoare style pre- and postconditions and invariants. Note that the `loop invariant` clause is a condition that is true at the beginning and end of every loop iteration.
Specifically, for the current verification task:
    - Pre-condition: the function's `requires` clauses
    - Post-condition: e_1:((\forall integer j; 0 <= j < n ==> \result >= j + nums[j]) && (\result >= n - 1)) || (\result == -1);; 
Please verify that the generated loop invariant is consistent with these constraints. If these specific pre- or post-conditions are not provided or empty, please infer the loop invariant strictly based on the program's execution logic and standard correctness.
In order to get a correct answer, You may want to consider both the situation of not entering the loop and the situation of jumping out of the loop. If some of the pre-conditions are also loop invariant, you need to add them to your answer as well.
Use '&&', '||', '==>', '\forall' or '\exists' if necessary. For instance:
```
loop invariant 1 <= x;
loop invariant x == y;
loop invariant 0 < x ==> y <= z;
loop invariant z % 2 == 1 || x == y;
loop invariant z % 2 == 1 && x <= y;
loop invariant \forall integer k;  0 <= k < i ==> max >=  a[k];
loop invariant \exists integer k;  0 <= k < i &&  max == a[k];
loop invariant \forall integer p; 0 <= p < \at(k, End_l) ==> res[p] == \at(res[p], End_l);
```
Your answer should follow the following format:
```
loop invariant ...;
loop invariant ...;
...
```
No explanation. No commentary. Just show me the loop invariant.
 /no_think
--------------------------
----------Response----------
[unused16][unused17]```
loop invariant k >= 0;
loop invariant k <= n - 1;
loop invariant i < n && k >= i;
```
----------------------------
------------Invariant Info-----------
LOOP A:
i_3: k >= 0
i_4: k <= n - 1
i_5: i < n && k >= i
------------------------------------
---------- Code with Invariants ----------
/*@
    predicate is_max(integer a, integer b, integer result) =
        result >= a && 
        result >= b && 
        (result == a || result == b);
*/

/*@
    assigns \nothing;
    ensures is_max(a, b, \result);
*/
int max(int a, int b) {
  int max_val = a >= b ? a : b;
  return max_val;
}

/*@
    requires n > 0;
    requires \valid(nums + (0..(n - 1)));
    requires \forall integer i; 0 <= i < n ==> nums[i] >= 0;
    assigns \nothing;
    ensures e_1: ((\forall integer j; 0 <= j < n ==> \result >= j + nums[j]) && (\result >= n - 1)) || (\result == -1);
*/
int _can_jump(int* nums, int n) 
{
    int k = 0;
    // Loop A
    /*@
        loop invariant i_3: k >= 0;

        loop invariant i_4: k <= n - 1;

        loop invariant i_5: i < n && k >= i;


        loop assigns i;
        loop assigns k;
    */
    for(int i = 0; i < n; i++)
    {
        if(i > k)
        {
            return -1;
        }
        k = max(k, i + nums[i]);
    }
    return k;
}
------------------------------------------
Verification failed (Fail_16_18), removing all invariants and retrying.
========== Attempt 3 ==========
----------Prompt----------

/*@
    predicate is_max(integer a, integer b, integer result) =
        result >= a && 
        result >= b && 
        (result == a || result == b);
*/

/*@
    assigns \nothing;
    ensures is_max(a, b, \result);
*/
int max(int a, int b) {
  int max_val = a >= b ? a : b;
  return max_val;
}

/*@
    requires n > 0;
    requires \valid(nums + (0..(n - 1)));
    requires \forall integer i; 0 <= i < n ==> nums[i] >= 0;
    assigns \nothing;
    ensures e_1: ((\forall integer j; 0 <= j < n ==> \result >= j + nums[j]) && (\result >= n - 1)) || (\result == -1);
*/
int _can_jump(int* nums, int n) 
{
    int k = 0;
    // Loop A
    /*@
        [Hint] Please infer the loop invariant for the following loop.

        loop assigns i;
        loop assigns k;
    */
    for(int i = 0; i < n; i++)
    {
        if(i > k)
        {
            return -1;
        }
        k = max(k, i + nums[i]);
    }
    return k;
}
You are an expert in program verification, and please generate loop invariant as C annotation comments at the hint location (annotated by "[Hint] Please infer the loop invariant for the following loop.") using ACSL language.
ACSL is a specification language for C programs that conforms to the design by contract paradigm, utilizing Hoare style pre- and postconditions and invariants. Note that the `loop invariant` clause is a condition that is true at the beginning and end of every loop iteration.
Specifically, for the current verification task:
    - Pre-condition: the function's `requires` clauses
    - Post-condition: e_1:((\forall integer j; 0 <= j < n ==> \result >= j + nums[j]) && (\result >= n - 1)) || (\result == -1);; 
Please verify that the generated loop invariant is consistent with these constraints. If these specific pre- or post-conditions are not provided or empty, please infer the loop invariant strictly based on the program's execution logic and standard correctness.
In order to get a correct answer, You may want to consider both the situation of not entering the loop and the situation of jumping out of the loop. If some of the pre-conditions are also loop invariant, you need to add them to your answer as well.
Use '&&', '||', '==>', '\forall' or '\exists' if necessary. For instance:
```
loop invariant 1 <= x;
loop invariant x == y;
loop invariant 0 < x ==> y <= z;
loop invariant z % 2 == 1 || x == y;
loop invariant z % 2 == 1 && x <= y;
loop invariant \forall integer k;  0 <= k < i ==> max >=  a[k];
loop invariant \exists integer k;  0 <= k < i &&  max == a[k];
loop invariant \forall integer p; 0 <= p < \at(k, End_l) ==> res[p] == \at(res[p], End_l);
```
Your answer should follow the following format:
```
loop invariant ...;
loop invariant ...;
...
```
No explanation. No commentary. Just show me the loop invariant.
 /no_think
--------------------------
----------Response----------
[unused16][unused17]loop invariant k == \max_{0 <= i < n} (i + nums[i]);;  
loop invariant n >= 1 || k == -1;  
loop invariant \forall integer i | 0 <= i < n; i > k \implies \result == -1;  
loop invariant \forall integer j | 0 <= j < n; j + nums[j] <= k;  
loop invariant \forall integer j | 0 <= j < n; j + nums[j] >= k;  
loop invariant \exists integer k; 0 <= k < n; k == \max_{0 <= i < n} (i + nums[i]);;
----------------------------
------------Invariant Info-----------
LOOP A:
i_6: k == \max_{0 <= i < n} (i + nums[i])
i_7: n >= 1 || k == -1
i_8: \forall integer i | 0 <= i < n; i > k \implies \result == -1
i_9: \forall integer j | 0 <= j < n; j + nums[j] <= k
i_10: \forall integer j | 0 <= j < n; j + nums[j] >= k
i_11: \exists integer k; 0 <= k < n
------------------------------------
---------- Code with Invariants ----------
/*@
    predicate is_max(integer a, integer b, integer result) =
        result >= a && 
        result >= b && 
        (result == a || result == b);
*/

/*@
    assigns \nothing;
    ensures is_max(a, b, \result);
*/
int max(int a, int b) {
  int max_val = a >= b ? a : b;
  return max_val;
}

/*@
    requires n > 0;
    requires \valid(nums + (0..(n - 1)));
    requires \forall integer i; 0 <= i < n ==> nums[i] >= 0;
    assigns \nothing;
    ensures e_1: ((\forall integer j; 0 <= j < n ==> \result >= j + nums[j]) && (\result >= n - 1)) || (\result == -1);
*/
int _can_jump(int* nums, int n) 
{
    int k = 0;
    // Loop A
    /*@
        loop invariant i_6: k == \max_{0 <= i < n} (i + nums[i]);

        loop invariant i_7: n >= 1 || k == -1;

        loop invariant i_8: \forall integer i | 0 <= i < n; i > k \implies \result == -1;

        loop invariant i_9: \forall integer j | 0 <= j < n; j + nums[j] <= k;

        loop invariant i_10: \forall integer j | 0 <= j < n; j + nums[j] >= k;

        loop invariant i_11: \exists integer k; 0 <= k < n;


        loop assigns i;
        loop assigns k;
    */
    for(int i = 0; i < n; i++)
    {
        if(i > k)
        {
            return -1;
        }
        k = max(k, i + nums[i]);
    }
    return k;
}
------------------------------------------
Verification failed (Invalid), removing all invariants and retrying.
========== Attempt 4 ==========
----------Prompt----------

/*@
    predicate is_max(integer a, integer b, integer result) =
        result >= a && 
        result >= b && 
        (result == a || result == b);
*/

/*@
    assigns \nothing;
    ensures is_max(a, b, \result);
*/
int max(int a, int b) {
  int max_val = a >= b ? a : b;
  return max_val;
}

/*@
    requires n > 0;
    requires \valid(nums + (0..(n - 1)));
    requires \forall integer i; 0 <= i < n ==> nums[i] >= 0;
    assigns \nothing;
    ensures e_1: ((\forall integer j; 0 <= j < n ==> \result >= j + nums[j]) && (\result >= n - 1)) || (\result == -1);
*/
int _can_jump(int* nums, int n) 
{
    int k = 0;
    // Loop A
    /*@
        [Hint] Please infer the loop invariant for the following loop.

        loop assigns i;
        loop assigns k;
    */
    for(int i = 0; i < n; i++)
    {
        if(i > k)
        {
            return -1;
        }
        k = max(k, i + nums[i]);
    }
    return k;
}
You are an expert in program verification, and please generate loop invariant as C annotation comments at the hint location (annotated by "[Hint] Please infer the loop invariant for the following loop.") using ACSL language.
ACSL is a specification language for C programs that conforms to the design by contract paradigm, utilizing Hoare style pre- and postconditions and invariants. Note that the `loop invariant` clause is a condition that is true at the beginning and end of every loop iteration.
Specifically, for the current verification task:
    - Pre-condition: the function's `requires` clauses
    - Post-condition: e_1:((\forall integer j; 0 <= j < n ==> \result >= j + nums[j]) && (\result >= n - 1)) || (\result == -1);; 
Please verify that the generated loop invariant is consistent with these constraints. If these specific pre- or post-conditions are not provided or empty, please infer the loop invariant strictly based on the program's execution logic and standard correctness.
In order to get a correct answer, You may want to consider both the situation of not entering the loop and the situation of jumping out of the loop. If some of the pre-conditions are also loop invariant, you need to add them to your answer as well.
Use '&&', '||', '==>', '\forall' or '\exists' if necessary. For instance:
```
loop invariant 1 <= x;
loop invariant x == y;
loop invariant 0 < x ==> y <= z;
loop invariant z % 2 == 1 || x == y;
loop invariant z % 2 == 1 && x <= y;
loop invariant \forall integer k;  0 <= k < i ==> max >=  a[k];
loop invariant \exists integer k;  0 <= k < i &&  max == a[k];
loop invariant \forall integer p; 0 <= p < \at(k, End_l) ==> res[p] == \at(res[p], End_l);
```
Your answer should follow the following format:
```
loop invariant ...;
loop invariant ...;
...
```
No explanation. No commentary. Just show me the loop invariant.
 /no_think
--------------------------
----------Response----------
[unused16][unused17]loop invariant 0 <= i < n ==> k >= i;;
loop invariant \forall integer i; 0 <= i < n && i >= k; 
loop invariant \forall integer i; 0 <= i < n ==> \result >= i + nums[i];;
loop invariant \exists integer k; k >= \forall integer i; 0 <= i < n ==> max(k, i + nums[i]);;
loop invariant \forall integer j; 0 <= j < n ==> \result >= j + nums[j];;
loop invariant \result >= n - 1 || \result == -1;;
loop invariant \forall integer i; i > k ==> \result == -1;
----------------------------
------------Invariant Info-----------
LOOP A:
i_12: 0 <= i < n ==> k >= i
i_13: \forall integer i; 0 <= i < n && i >= k
i_14: \forall integer i; 0 <= i < n ==> \result >= i + nums[i]
i_15: \exists integer k; k >= \forall integer i; 0 <= i < n ==> max(k, i + nums[i])
i_16: \forall integer j; 0 <= j < n ==> \result >= j + nums[j]
i_17: \result >= n - 1 || \result == -1
i_18: \forall integer i; i > k ==> \result == -1
------------------------------------
---------- Code with Invariants ----------
/*@
    predicate is_max(integer a, integer b, integer result) =
        result >= a && 
        result >= b && 
        (result == a || result == b);
*/

/*@
    assigns \nothing;
    ensures is_max(a, b, \result);
*/
int max(int a, int b) {
  int max_val = a >= b ? a : b;
  return max_val;
}

/*@
    requires n > 0;
    requires \valid(nums + (0..(n - 1)));
    requires \forall integer i; 0 <= i < n ==> nums[i] >= 0;
    assigns \nothing;
    ensures e_1: ((\forall integer j; 0 <= j < n ==> \result >= j + nums[j]) && (\result >= n - 1)) || (\result == -1);
*/
int _can_jump(int* nums, int n) 
{
    int k = 0;
    // Loop A
    /*@
        loop invariant i_12: 0 <= i < n ==> k >= i;

        loop invariant i_13: \forall integer i; 0 <= i < n && i >= k;

        loop invariant i_14: \forall integer i; 0 <= i < n ==> \result >= i + nums[i];

        loop invariant i_15: \exists integer k; k >= \forall integer i; 0 <= i < n ==> max(k, i + nums[i]);

        loop invariant i_16: \forall integer j; 0 <= j < n ==> \result >= j + nums[j];

        loop invariant i_17: \result >= n - 1 || \result == -1;

        loop invariant i_18: \forall integer i; i > k ==> \result == -1;


        loop assigns i;
        loop assigns k;
    */
    for(int i = 0; i < n; i++)
    {
        if(i > k)
        {
            return -1;
        }
        k = max(k, i + nums[i]);
    }
    return k;
}
------------------------------------------
Verification failed (Invalid), removing all invariants and retrying.
========== Attempt 5 ==========
----------Prompt----------

/*@
    predicate is_max(integer a, integer b, integer result) =
        result >= a && 
        result >= b && 
        (result == a || result == b);
*/

/*@
    assigns \nothing;
    ensures is_max(a, b, \result);
*/
int max(int a, int b) {
  int max_val = a >= b ? a : b;
  return max_val;
}

/*@
    requires n > 0;
    requires \valid(nums + (0..(n - 1)));
    requires \forall integer i; 0 <= i < n ==> nums[i] >= 0;
    assigns \nothing;
    ensures e_1: ((\forall integer j; 0 <= j < n ==> \result >= j + nums[j]) && (\result >= n - 1)) || (\result == -1);
*/
int _can_jump(int* nums, int n) 
{
    int k = 0;
    // Loop A
    /*@
        [Hint] Please infer the loop invariant for the following loop.

        loop assigns i;
        loop assigns k;
    */
    for(int i = 0; i < n; i++)
    {
        if(i > k)
        {
            return -1;
        }
        k = max(k, i + nums[i]);
    }
    return k;
}
You are an expert in program verification, and please generate loop invariant as C annotation comments at the hint location (annotated by "[Hint] Please infer the loop invariant for the following loop.") using ACSL language.
ACSL is a specification language for C programs that conforms to the design by contract paradigm, utilizing Hoare style pre- and postconditions and invariants. Note that the `loop invariant` clause is a condition that is true at the beginning and end of every loop iteration.
Specifically, for the current verification task:
    - Pre-condition: the function's `requires` clauses
    - Post-condition: e_1:((\forall integer j; 0 <= j < n ==> \result >= j + nums[j]) && (\result >= n - 1)) || (\result == -1);; 
Please verify that the generated loop invariant is consistent with these constraints. If these specific pre- or post-conditions are not provided or empty, please infer the loop invariant strictly based on the program's execution logic and standard correctness.
In order to get a correct answer, You may want to consider both the situation of not entering the loop and the situation of jumping out of the loop. If some of the pre-conditions are also loop invariant, you need to add them to your answer as well.
Use '&&', '||', '==>', '\forall' or '\exists' if necessary. For instance:
```
loop invariant 1 <= x;
loop invariant x == y;
loop invariant 0 < x ==> y <= z;
loop invariant z % 2 == 1 || x == y;
loop invariant z % 2 == 1 && x <= y;
loop invariant \forall integer k;  0 <= k < i ==> max >=  a[k];
loop invariant \exists integer k;  0 <= k < i &&  max == a[k];
loop invariant \forall integer p; 0 <= p < \at(k, End_l) ==> res[p] == \at(res[p], End_l);
```
Your answer should follow the following format:
```
loop invariant ...;
loop invariant ...;
...
```
No explanation. No commentary. Just show me the loop invariant.
 /no_think
--------------------------
----------Response----------
[unused16][unused17]```
loop invariant k >= 0;
loop invariant k >= i;
loop invariant i >= 0 && i < n;
loop invariant i <= k;
```
----------------------------
------------Invariant Info-----------
LOOP A:
i_19: k >= 0
i_20: k >= i
i_21: i >= 0 && i < n
i_22: i <= k
------------------------------------
---------- Code with Invariants ----------
/*@
    predicate is_max(integer a, integer b, integer result) =
        result >= a && 
        result >= b && 
        (result == a || result == b);
*/

/*@
    assigns \nothing;
    ensures is_max(a, b, \result);
*/
int max(int a, int b) {
  int max_val = a >= b ? a : b;
  return max_val;
}

/*@
    requires n > 0;
    requires \valid(nums + (0..(n - 1)));
    requires \forall integer i; 0 <= i < n ==> nums[i] >= 0;
    assigns \nothing;
    ensures e_1: ((\forall integer j; 0 <= j < n ==> \result >= j + nums[j]) && (\result >= n - 1)) || (\result == -1);
*/
int _can_jump(int* nums, int n) 
{
    int k = 0;
    // Loop A
    /*@
        loop invariant i_19: k >= 0;

        loop invariant i_20: k >= i;

        loop invariant i_21: i >= 0 && i < n;

        loop invariant i_22: i <= k;


        loop assigns i;
        loop assigns k;
    */
    for(int i = 0; i < n; i++)
    {
        if(i > k)
        {
            return -1;
        }
        k = max(k, i + nums[i]);
    }
    return k;
}
------------------------------------------
Verification failed (Fail_18_20), removing all invariants and retrying.
Verification failed: reached maximum attempts.
---------Result---------
Fail
Model: openPangu-Embedded-7B-V1.1
Running time: 86.57583999633789
Proposal number: 5
Verified code:

------------------------
