-----------Model-----------
Model type:
PanguEmbeddedForCausalLM(
  (model): PanguEmbeddedModel(
    (embed_tokens): Embedding(153376, 4096, padding_idx=0)
    (layers): ModuleList(
      (0-33): 34 x PanguEmbeddedDecoderLayer(
        (self_attn): PanguEmbeddedAttention(
          (q_proj): Linear(in_features=4096, out_features=4096, bias=True)
          (k_proj): Linear(in_features=4096, out_features=1024, bias=True)
          (v_proj): Linear(in_features=4096, out_features=1024, bias=True)
          (o_proj): Linear(in_features=4096, out_features=4096, bias=True)
        )
        (mlp): PanguEmbeddedMLP(
          (gate_proj): Linear(in_features=4096, out_features=12800, bias=False)
          (up_proj): Linear(in_features=4096, out_features=12800, bias=False)
          (down_proj): Linear(in_features=12800, out_features=4096, bias=False)
          (act_fn): SiLU()
        )
        (input_layernorm): PanguEmbeddedRMSNorm((4096,), eps=1e-05)
        (post_attention_layernorm): PanguEmbeddedRMSNorm((4096,), eps=1e-05)
      )
    )
    (norm): PanguEmbeddedRMSNorm((4096,), eps=1e-05)
    (rotary_emb): PanguEmbeddedRotaryEmbedding()
  )
  (lm_head): Linear(in_features=4096, out_features=153376, bias=False)
)
Model device:
npu:1
---------------------------
File Path: ../Benchmark/SVCOMP/svcomp_9.c
----------Code----------
/*@
    requires 0 < n;
*/
int svcomp_9(int n) {
	int k = 0;
	int i = 0;

	/*@
        loop assigns i, k;
    */
	while (i < n) {
		i++;
		k++;
	}
	int j = n;
	
    /*@
        loop assigns j, k;
    */
	while (j > 0) {
		//@ assert k > 0;
		j--;
		k--;
	}

	return 0;
}
------------------------
========== Attempt 1 ==========
----------Prompt----------

/*@
    requires 0 < n;
*/
int svcomp_9(int n) {
	int k = 0;
	int i = 0;

    // Loop A
	/*@
        [Hint] Please infer the loop invariant for the following loop.

        loop assigns i, k;
    */
	while (i < n) {
		i++;
		k++;
	}
	int j = n;
	
    // Loop B
    /*@
        loop assigns j, k;
    */
	while (j > 0) {
		//@ assert k > 0;
		j--;
		k--;
	}

	return 0;
}
You are an expert in program verification, and please generate loop invariant as C annotation comments at the hint location (annotated by "[Hint] Please infer the loop invariant for the following loop.") using ACSL language.
ACSL is a specification language for C programs that conforms to the design by contract paradigm, utilizing Hoare style pre- and postconditions and invariants. Note that the `loop invariant` clause is a condition that is true at the beginning and end of every loop iteration.
Specifically, for the current verification task:
    - Pre-condition: the function's `requires` clauses
    - Post-condition: 
Please verify that the generated loop invariant is consistent with these constraints. If these specific pre- or post-conditions are not provided or empty, please infer the loop invariant strictly based on the program's execution logic and standard correctness.
In order to get a correct answer, You may want to consider both the situation of not entering the loop and the situation of jumping out of the loop. If some of the pre-conditions are also loop invariant, you need to add them to your answer as well.
Use '&&', '||', '==>', '\forall' or '\exists' if necessary. For instance:
```
loop invariant 1 <= x;
loop invariant x == y;
loop invariant 0 < x ==> y <= z;
loop invariant z % 2 == 1 || x == y;
loop invariant z % 2 == 1 && x <= y;
loop invariant \forall integer k;  0 <= k < i ==> max >=  a[k];
loop invariant \exists integer k;  0 <= k < i &&  max == a[k];
loop invariant \forall integer p; 0 <= p < \at(k, End_l) ==> res[p] == \at(res[p], End_l);
```
Your answer should follow the following format:
```
loop invariant ...;
loop invariant ...;
...
```
No explanation. No commentary. Just show me the loop invariant.
 /no_think
--------------------------
----------Response----------
[unused16][unused17]loop invariant i <= n && k < n;
loop invariant k < n;
```
----------------------------
----------Prompt----------

/*@
    requires 0 < n;
*/
int svcomp_9(int n) {
	int k = 0;
	int i = 0;

    // Loop A
	/*@
        loop invariant i_0: i <= n && k < n;

        loop invariant i_1: k < n;


        loop assigns i, k;
    */
	while (i < n) {
		i++;
		k++;
	}
	int j = n;
	
    // Loop B
    /*@
        [Hint] Please infer the loop invariant for the following loop.

        loop assigns j, k;
    */
	while (j > 0) {
		//@ assert k > 0;
		j--;
		k--;
	}

	return 0;
}
You are an expert in program verification, and please generate loop invariant as C annotation comments at the hint location (annotated by "[Hint] Please infer the loop invariant for the following loop.") using ACSL language.
ACSL is a specification language for C programs that conforms to the design by contract paradigm, utilizing Hoare style pre- and postconditions and invariants. Note that the `loop invariant` clause is a condition that is true at the beginning and end of every loop iteration.
Specifically, for the current verification task:
    - Pre-condition: i_0:i <= n && k < n; i_1:k < n; 
    - Post-condition: 1:k > 0; 
Please verify that the generated loop invariant is consistent with these constraints. If these specific pre- or post-conditions are not provided or empty, please infer the loop invariant strictly based on the program's execution logic and standard correctness.
In order to get a correct answer, You may want to consider both the situation of not entering the loop and the situation of jumping out of the loop. If some of the pre-conditions are also loop invariant, you need to add them to your answer as well.
Use '&&', '||', '==>', '\forall' or '\exists' if necessary. For instance:
```
loop invariant 1 <= x;
loop invariant x == y;
loop invariant 0 < x ==> y <= z;
loop invariant z % 2 == 1 || x == y;
loop invariant z % 2 == 1 && x <= y;
loop invariant \forall integer k;  0 <= k < i ==> max >=  a[k];
loop invariant \exists integer k;  0 <= k < i &&  max == a[k];
loop invariant \forall integer p; 0 <= p < \at(k, End_l) ==> res[p] == \at(res[p], End_l);
```
Your answer should follow the following format:
```
loop invariant ...;
loop invariant ...;
...
```
No explanation. No commentary. Just show me the loop invariant.
 /no_think
--------------------------
----------Response----------
[unused16][unused17][Loop <Loop A>]
loop invariant i_0:i <= n && k < n;
loop invariant i_1:k < n;

[Loop <Loop B>]
loop invariant 1:k > 0;
```json
[
  {
    "function": "svcomp_9",
    "loop_invariants": [
      "i_0:i <= n && k < n",
      "i_1:k < n",
      "1:k > 0"
    ]
  }
]
```
----------------------------
------------Invariant Info-----------
LOOP A:
i_0: i <= n && k < n
i_1: k < n
LOOP B:
i_2: i <= n && k < n
i_3: k < n
i_4: k > 0
------------------------------------
---------- Code with Invariants ----------
/*@
    requires 0 < n;
*/
int svcomp_9(int n) {
	int k = 0;
	int i = 0;

    // Loop A
	/*@
        loop invariant i_0: i <= n && k < n;

        loop invariant i_1: k < n;


        loop assigns i, k;
    */
	while (i < n) {
		i++;
		k++;
	}
	int j = n;
	
    // Loop B
    /*@
        loop invariant i_2: i <= n && k < n;

        loop invariant i_3: k < n;

        loop invariant i_4: k > 0;


        loop assigns j, k;
    */
	while (j > 0) {
		//@ assert k > 0;
		j--;
		k--;
	}

	return 0;
}
------------------------------------------
Verification failed (Fail_11_14), removing all invariants and retrying.
========== Attempt 2 ==========
----------Prompt----------

/*@
    requires 0 < n;
*/
int svcomp_9(int n) {
	int k = 0;
	int i = 0;

    // Loop A
	/*@
        [Hint] Please infer the loop invariant for the following loop.

        loop assigns i, k;
    */
	while (i < n) {
		i++;
		k++;
	}
	int j = n;
	
    // Loop B
    /*@
        loop assigns j, k;
    */
	while (j > 0) {
		//@ assert k > 0;
		j--;
		k--;
	}

	return 0;
}
You are an expert in program verification, and please generate loop invariant as C annotation comments at the hint location (annotated by "[Hint] Please infer the loop invariant for the following loop.") using ACSL language.
ACSL is a specification language for C programs that conforms to the design by contract paradigm, utilizing Hoare style pre- and postconditions and invariants. Note that the `loop invariant` clause is a condition that is true at the beginning and end of every loop iteration.
Specifically, for the current verification task:
    - Pre-condition: the function's `requires` clauses
    - Post-condition: 
Please verify that the generated loop invariant is consistent with these constraints. If these specific pre- or post-conditions are not provided or empty, please infer the loop invariant strictly based on the program's execution logic and standard correctness.
In order to get a correct answer, You may want to consider both the situation of not entering the loop and the situation of jumping out of the loop. If some of the pre-conditions are also loop invariant, you need to add them to your answer as well.
Use '&&', '||', '==>', '\forall' or '\exists' if necessary. For instance:
```
loop invariant 1 <= x;
loop invariant x == y;
loop invariant 0 < x ==> y <= z;
loop invariant z % 2 == 1 || x == y;
loop invariant z % 2 == 1 && x <= y;
loop invariant \forall integer k;  0 <= k < i ==> max >=  a[k];
loop invariant \exists integer k;  0 <= k < i &&  max == a[k];
loop invariant \forall integer p; 0 <= p < \at(k, End_l) ==> res[p] == \at(res[p], End_l);
```
Your answer should follow the following format:
```
loop invariant ...;
loop invariant ...;
...
```
No explanation. No commentary. Just show me the loop invariant.
 /no_think
--------------------------
----------Response----------
[unused16][unused17]loop invariant i <= n;
loop invariant k >= 0;
```
/*
    @loop invariant i <= n && k >= 0;
*/
```
----------------------------
----------Prompt----------

/*@
    requires 0 < n;
*/
int svcomp_9(int n) {
	int k = 0;
	int i = 0;

    // Loop A
	/*@
        loop invariant i_5: i <= n;

        loop invariant i_6: k >= 0;

        loop invariant i_7: i <= n && k >= 0;


        loop assigns i, k;
    */
	while (i < n) {
		i++;
		k++;
	}
	int j = n;
	
    // Loop B
    /*@
        [Hint] Please infer the loop invariant for the following loop.

        loop assigns j, k;
    */
	while (j > 0) {
		//@ assert k > 0;
		j--;
		k--;
	}

	return 0;
}
You are an expert in program verification, and please generate loop invariant as C annotation comments at the hint location (annotated by "[Hint] Please infer the loop invariant for the following loop.") using ACSL language.
ACSL is a specification language for C programs that conforms to the design by contract paradigm, utilizing Hoare style pre- and postconditions and invariants. Note that the `loop invariant` clause is a condition that is true at the beginning and end of every loop iteration.
Specifically, for the current verification task:
    - Pre-condition: i_5:i <= n; i_6:k >= 0; i_7:i <= n && k >= 0; 
    - Post-condition: 1:k > 0; 
Please verify that the generated loop invariant is consistent with these constraints. If these specific pre- or post-conditions are not provided or empty, please infer the loop invariant strictly based on the program's execution logic and standard correctness.
In order to get a correct answer, You may want to consider both the situation of not entering the loop and the situation of jumping out of the loop. If some of the pre-conditions are also loop invariant, you need to add them to your answer as well.
Use '&&', '||', '==>', '\forall' or '\exists' if necessary. For instance:
```
loop invariant 1 <= x;
loop invariant x == y;
loop invariant 0 < x ==> y <= z;
loop invariant z % 2 == 1 || x == y;
loop invariant z % 2 == 1 && x <= y;
loop invariant \forall integer k;  0 <= k < i ==> max >=  a[k];
loop invariant \exists integer k;  0 <= k < i &&  max == a[k];
loop invariant \forall integer p; 0 <= p < \at(k, End_l) ==> res[p] == \at(res[p], End_l);
```
Your answer should follow the following format:
```
loop invariant ...;
loop invariant ...;
...
```
No explanation. No commentary. Just show me the loop invariant.
 /no_think
--------------------------
----------Response----------
[unused16][unused17][Loop <Loop A>]
loop invariant i <= n;
loop invariant k >= 0;
loop invariant i <= n && k >= 0;

[Loop <Loop B>]
loop invariant k > 0;
loop invariant j >= 0;
----------------------------
------------Invariant Info-----------
LOOP A:
i_5: i <= n
i_6: k >= 0
i_7: i <= n && k >= 0
LOOP B:
i_8: i <= n
i_9: k >= 0
i_10: i <= n && k >= 0
i_11: k > 0
i_12: j >= 0
------------------------------------
---------- Code with Invariants ----------
/*@
    requires 0 < n;
*/
int svcomp_9(int n) {
	int k = 0;
	int i = 0;

    // Loop A
	/*@
        loop invariant i_5: i <= n;

        loop invariant i_6: k >= 0;

        loop invariant i_7: i <= n && k >= 0;


        loop assigns i, k;
    */
	while (i < n) {
		i++;
		k++;
	}
	int j = n;
	
    // Loop B
    /*@
        loop invariant i_8: i <= n;

        loop invariant i_9: k >= 0;

        loop invariant i_10: i <= n && k >= 0;

        loop invariant i_11: k > 0;

        loop invariant i_12: j >= 0;


        loop assigns j, k;
    */
	while (j > 0) {
		//@ assert k > 0;
		j--;
		k--;
	}

	return 0;
}
------------------------------------------
Verification failed (Fail_18_20), removing all invariants and retrying.
========== Attempt 3 ==========
----------Prompt----------

/*@
    requires 0 < n;
*/
int svcomp_9(int n) {
	int k = 0;
	int i = 0;

    // Loop A
	/*@
        [Hint] Please infer the loop invariant for the following loop.

        loop assigns i, k;
    */
	while (i < n) {
		i++;
		k++;
	}
	int j = n;
	
    // Loop B
    /*@
        loop assigns j, k;
    */
	while (j > 0) {
		//@ assert k > 0;
		j--;
		k--;
	}

	return 0;
}
You are an expert in program verification, and please generate loop invariant as C annotation comments at the hint location (annotated by "[Hint] Please infer the loop invariant for the following loop.") using ACSL language.
ACSL is a specification language for C programs that conforms to the design by contract paradigm, utilizing Hoare style pre- and postconditions and invariants. Note that the `loop invariant` clause is a condition that is true at the beginning and end of every loop iteration.
Specifically, for the current verification task:
    - Pre-condition: the function's `requires` clauses
    - Post-condition: 
Please verify that the generated loop invariant is consistent with these constraints. If these specific pre- or post-conditions are not provided or empty, please infer the loop invariant strictly based on the program's execution logic and standard correctness.
In order to get a correct answer, You may want to consider both the situation of not entering the loop and the situation of jumping out of the loop. If some of the pre-conditions are also loop invariant, you need to add them to your answer as well.
Use '&&', '||', '==>', '\forall' or '\exists' if necessary. For instance:
```
loop invariant 1 <= x;
loop invariant x == y;
loop invariant 0 < x ==> y <= z;
loop invariant z % 2 == 1 || x == y;
loop invariant z % 2 == 1 && x <= y;
loop invariant \forall integer k;  0 <= k < i ==> max >=  a[k];
loop invariant \exists integer k;  0 <= k < i &&  max == a[k];
loop invariant \forall integer p; 0 <= p < \at(k, End_l) ==> res[p] == \at(res[p], End_l);
```
Your answer should follow the following format:
```
loop invariant ...;
loop invariant ...;
...
```
No explanation. No commentary. Just show me the loop invariant.
 /no_think
--------------------------
----------Response----------
[unused16][unused17]loop invariant i < n && k == i;
loop invariant j == n - i && k == j;
```
```
loop invariant i < n && k == i;
loop invariant j == n - i && k == j;
```
```
----------------------------
----------Prompt----------

/*@
    requires 0 < n;
*/
int svcomp_9(int n) {
	int k = 0;
	int i = 0;

    // Loop A
	/*@
        loop invariant i_13: i < n && k == i;

        loop invariant i_14: j == n - i && k == j;


        loop assigns i, k;
    */
	while (i < n) {
		i++;
		k++;
	}
	int j = n;
	
    // Loop B
    /*@
        [Hint] Please infer the loop invariant for the following loop.

        loop assigns j, k;
    */
	while (j > 0) {
		//@ assert k > 0;
		j--;
		k--;
	}

	return 0;
}
You are an expert in program verification, and please generate loop invariant as C annotation comments at the hint location (annotated by "[Hint] Please infer the loop invariant for the following loop.") using ACSL language.
ACSL is a specification language for C programs that conforms to the design by contract paradigm, utilizing Hoare style pre- and postconditions and invariants. Note that the `loop invariant` clause is a condition that is true at the beginning and end of every loop iteration.
Specifically, for the current verification task:
    - Pre-condition: i_13:i < n && k == i; i_14:j == n - i && k == j; 
    - Post-condition: 1:k > 0; 
Please verify that the generated loop invariant is consistent with these constraints. If these specific pre- or post-conditions are not provided or empty, please infer the loop invariant strictly based on the program's execution logic and standard correctness.
In order to get a correct answer, You may want to consider both the situation of not entering the loop and the situation of jumping out of the loop. If some of the pre-conditions are also loop invariant, you need to add them to your answer as well.
Use '&&', '||', '==>', '\forall' or '\exists' if necessary. For instance:
```
loop invariant 1 <= x;
loop invariant x == y;
loop invariant 0 < x ==> y <= z;
loop invariant z % 2 == 1 || x == y;
loop invariant z % 2 == 1 && x <= y;
loop invariant \forall integer k;  0 <= k < i ==> max >=  a[k];
loop invariant \exists integer k;  0 <= k < i &&  max == a[k];
loop invariant \forall integer p; 0 <= p < \at(k, End_l) ==> res[p] == \at(res[p], End_l);
```
Your answer should follow the following format:
```
loop invariant ...;
loop invariant ...;
...
```
No explanation. No commentary. Just show me the loop invariant.
 /no_think
--------------------------
----------Response----------
[unused16][unused17][Loop <Loop A>]
loop invariant i < n && k == i;

[Loop <Loop B>]
loop invariant j == n - i && k == j;
----------------------------
------------Invariant Info-----------
LOOP A:
i_13: i < n && k == i
i_14: j == n - i && k == j
LOOP B:
i_15: i < n && k == i
i_16: j == n - i && k == j
------------------------------------
---------- Code with Invariants ----------
/*@
    requires 0 < n;
*/
int svcomp_9(int n) {
	int k = 0;
	int i = 0;

    // Loop A
	/*@
        loop invariant i_13: i < n && k == i;

        loop invariant i_14: j == n - i && k == j;


        loop assigns i, k;
    */
	while (i < n) {
		i++;
		k++;
	}
	int j = n;
	
    // Loop B
    /*@
        loop invariant i_15: i < n && k == i;

        loop invariant i_16: j == n - i && k == j;


        loop assigns j, k;
    */
	while (j > 0) {
		//@ assert k > 0;
		j--;
		k--;
	}

	return 0;
}
------------------------------------------
Verification failed (Invalid), removing all invariants and retrying.
========== Attempt 4 ==========
----------Prompt----------

/*@
    requires 0 < n;
*/
int svcomp_9(int n) {
	int k = 0;
	int i = 0;

    // Loop A
	/*@
        [Hint] Please infer the loop invariant for the following loop.

        loop assigns i, k;
    */
	while (i < n) {
		i++;
		k++;
	}
	int j = n;
	
    // Loop B
    /*@
        loop assigns j, k;
    */
	while (j > 0) {
		//@ assert k > 0;
		j--;
		k--;
	}

	return 0;
}
You are an expert in program verification, and please generate loop invariant as C annotation comments at the hint location (annotated by "[Hint] Please infer the loop invariant for the following loop.") using ACSL language.
ACSL is a specification language for C programs that conforms to the design by contract paradigm, utilizing Hoare style pre- and postconditions and invariants. Note that the `loop invariant` clause is a condition that is true at the beginning and end of every loop iteration.
Specifically, for the current verification task:
    - Pre-condition: the function's `requires` clauses
    - Post-condition: 
Please verify that the generated loop invariant is consistent with these constraints. If these specific pre- or post-conditions are not provided or empty, please infer the loop invariant strictly based on the program's execution logic and standard correctness.
In order to get a correct answer, You may want to consider both the situation of not entering the loop and the situation of jumping out of the loop. If some of the pre-conditions are also loop invariant, you need to add them to your answer as well.
Use '&&', '||', '==>', '\forall' or '\exists' if necessary. For instance:
```
loop invariant 1 <= x;
loop invariant x == y;
loop invariant 0 < x ==> y <= z;
loop invariant z % 2 == 1 || x == y;
loop invariant z % 2 == 1 && x <= y;
loop invariant \forall integer k;  0 <= k < i ==> max >=  a[k];
loop invariant \exists integer k;  0 <= k < i &&  max == a[k];
loop invariant \forall integer p; 0 <= p < \at(k, End_l) ==> res[p] == \at(res[p], End_l);
```
Your answer should follow the following format:
```
loop invariant ...;
loop invariant ...;
...
```
No explanation. No commentary. Just show me the loop invariant.
 /no_think
--------------------------
----------Response----------
[unused16][unused17]loop invariant i >= 0 && i < n && k >= 0;
loop invariant j >= 0 && k >= 0;
----------------------------
----------Prompt----------

/*@
    requires 0 < n;
*/
int svcomp_9(int n) {
	int k = 0;
	int i = 0;

    // Loop A
	/*@
        loop invariant i_17: i >= 0 && i < n && k >= 0;

        loop invariant i_18: j >= 0 && k >= 0;


        loop assigns i, k;
    */
	while (i < n) {
		i++;
		k++;
	}
	int j = n;
	
    // Loop B
    /*@
        [Hint] Please infer the loop invariant for the following loop.

        loop assigns j, k;
    */
	while (j > 0) {
		//@ assert k > 0;
		j--;
		k--;
	}

	return 0;
}
You are an expert in program verification, and please generate loop invariant as C annotation comments at the hint location (annotated by "[Hint] Please infer the loop invariant for the following loop.") using ACSL language.
ACSL is a specification language for C programs that conforms to the design by contract paradigm, utilizing Hoare style pre- and postconditions and invariants. Note that the `loop invariant` clause is a condition that is true at the beginning and end of every loop iteration.
Specifically, for the current verification task:
    - Pre-condition: i_17:i >= 0 && i < n && k >= 0; i_18:j >= 0 && k >= 0; 
    - Post-condition: 1:k > 0; 
Please verify that the generated loop invariant is consistent with these constraints. If these specific pre- or post-conditions are not provided or empty, please infer the loop invariant strictly based on the program's execution logic and standard correctness.
In order to get a correct answer, You may want to consider both the situation of not entering the loop and the situation of jumping out of the loop. If some of the pre-conditions are also loop invariant, you need to add them to your answer as well.
Use '&&', '||', '==>', '\forall' or '\exists' if necessary. For instance:
```
loop invariant 1 <= x;
loop invariant x == y;
loop invariant 0 < x ==> y <= z;
loop invariant z % 2 == 1 || x == y;
loop invariant z % 2 == 1 && x <= y;
loop invariant \forall integer k;  0 <= k < i ==> max >=  a[k];
loop invariant \exists integer k;  0 <= k < i &&  max == a[k];
loop invariant \forall integer p; 0 <= p < \at(k, End_l) ==> res[p] == \at(res[p], End_l);
```
Your answer should follow the following format:
```
loop invariant ...;
loop invariant ...;
...
```
No explanation. No commentary. Just show me the loop invariant.
 /no_think
--------------------------
----------Response----------
[unused16][unused17][Loop <Loop A>]
loop invariant i >= 0 && i < n && k >= 0;

[Loop <Loop B>]
loop invariant j >= 0 && k >= 0;
----------------------------
------------Invariant Info-----------
LOOP A:
i_17: i >= 0 && i < n && k >= 0
i_18: j >= 0 && k >= 0
LOOP B:
i_19: i >= 0 && i < n && k >= 0
i_20: j >= 0 && k >= 0
------------------------------------
---------- Code with Invariants ----------
/*@
    requires 0 < n;
*/
int svcomp_9(int n) {
	int k = 0;
	int i = 0;

    // Loop A
	/*@
        loop invariant i_17: i >= 0 && i < n && k >= 0;

        loop invariant i_18: j >= 0 && k >= 0;


        loop assigns i, k;
    */
	while (i < n) {
		i++;
		k++;
	}
	int j = n;
	
    // Loop B
    /*@
        loop invariant i_19: i >= 0 && i < n && k >= 0;

        loop invariant i_20: j >= 0 && k >= 0;


        loop assigns j, k;
    */
	while (j > 0) {
		//@ assert k > 0;
		j--;
		k--;
	}

	return 0;
}
------------------------------------------
Verification failed (Invalid), removing all invariants and retrying.
========== Attempt 5 ==========
----------Prompt----------

/*@
    requires 0 < n;
*/
int svcomp_9(int n) {
	int k = 0;
	int i = 0;

    // Loop A
	/*@
        [Hint] Please infer the loop invariant for the following loop.

        loop assigns i, k;
    */
	while (i < n) {
		i++;
		k++;
	}
	int j = n;
	
    // Loop B
    /*@
        loop assigns j, k;
    */
	while (j > 0) {
		//@ assert k > 0;
		j--;
		k--;
	}

	return 0;
}
You are an expert in program verification, and please generate loop invariant as C annotation comments at the hint location (annotated by "[Hint] Please infer the loop invariant for the following loop.") using ACSL language.
ACSL is a specification language for C programs that conforms to the design by contract paradigm, utilizing Hoare style pre- and postconditions and invariants. Note that the `loop invariant` clause is a condition that is true at the beginning and end of every loop iteration.
Specifically, for the current verification task:
    - Pre-condition: the function's `requires` clauses
    - Post-condition: 
Please verify that the generated loop invariant is consistent with these constraints. If these specific pre- or post-conditions are not provided or empty, please infer the loop invariant strictly based on the program's execution logic and standard correctness.
In order to get a correct answer, You may want to consider both the situation of not entering the loop and the situation of jumping out of the loop. If some of the pre-conditions are also loop invariant, you need to add them to your answer as well.
Use '&&', '||', '==>', '\forall' or '\exists' if necessary. For instance:
```
loop invariant 1 <= x;
loop invariant x == y;
loop invariant 0 < x ==> y <= z;
loop invariant z % 2 == 1 || x == y;
loop invariant z % 2 == 1 && x <= y;
loop invariant \forall integer k;  0 <= k < i ==> max >=  a[k];
loop invariant \exists integer k;  0 <= k < i &&  max == a[k];
loop invariant \forall integer p; 0 <= p < \at(k, End_l) ==> res[p] == \at(res[p], End_l);
```
Your answer should follow the following format:
```
loop invariant ...;
loop invariant ...;
...
```
No explanation. No commentary. Just show me the loop invariant.
 /no_think
--------------------------
----------Response----------
[unused16][unused17]loop invariant i < n && k == i;
loop invariant j == n - i && k == j;
loop invariant k >= 0;
loop invariant \forall integer m;  0 <= m < i ==> m <= k;
loop invariant \forall integer m;  0 <= m < j ==> m <= k;
----------------------------
----------Prompt----------

/*@
    requires 0 < n;
*/
int svcomp_9(int n) {
	int k = 0;
	int i = 0;

    // Loop A
	/*@
        loop invariant i_21: i < n && k == i;

        loop invariant i_22: j == n - i && k == j;

        loop invariant i_23: k >= 0;

        loop invariant i_24: \forall integer m; 0 <= m < i ==> m <= k;

        loop invariant i_25: \forall integer m; 0 <= m < j ==> m <= k;


        loop assigns i, k;
    */
	while (i < n) {
		i++;
		k++;
	}
	int j = n;
	
    // Loop B
    /*@
        [Hint] Please infer the loop invariant for the following loop.

        loop assigns j, k;
    */
	while (j > 0) {
		//@ assert k > 0;
		j--;
		k--;
	}

	return 0;
}
You are an expert in program verification, and please generate loop invariant as C annotation comments at the hint location (annotated by "[Hint] Please infer the loop invariant for the following loop.") using ACSL language.
ACSL is a specification language for C programs that conforms to the design by contract paradigm, utilizing Hoare style pre- and postconditions and invariants. Note that the `loop invariant` clause is a condition that is true at the beginning and end of every loop iteration.
Specifically, for the current verification task:
    - Pre-condition: i_21:i < n && k == i; i_22:j == n - i && k == j; i_23:k >= 0; i_24:\forall integer m; 0 <= m < i ==> m <= k; i_25:\forall integer m; 0 <= m < j ==> m <= k; 
    - Post-condition: 1:k > 0; 
Please verify that the generated loop invariant is consistent with these constraints. If these specific pre- or post-conditions are not provided or empty, please infer the loop invariant strictly based on the program's execution logic and standard correctness.
In order to get a correct answer, You may want to consider both the situation of not entering the loop and the situation of jumping out of the loop. If some of the pre-conditions are also loop invariant, you need to add them to your answer as well.
Use '&&', '||', '==>', '\forall' or '\exists' if necessary. For instance:
```
loop invariant 1 <= x;
loop invariant x == y;
loop invariant 0 < x ==> y <= z;
loop invariant z % 2 == 1 || x == y;
loop invariant z % 2 == 1 && x <= y;
loop invariant \forall integer k;  0 <= k < i ==> max >=  a[k];
loop invariant \exists integer k;  0 <= k < i &&  max == a[k];
loop invariant \forall integer p; 0 <= p < \at(k, End_l) ==> res[p] == \at(res[p], End_l);
```
Your answer should follow the following format:
```
loop invariant ...;
loop invariant ...;
...
```
No explanation. No commentary. Just show me the loop invariant.
 /no_think
--------------------------
----------Response----------
[unused16][unused17][Loop <Loop A>]
loop invariant i < n && k == i && k >= 0;

[Loop <Loop B>]
loop invariant j > 0 && k == j && k >= 0;
----------------------------
------------Invariant Info-----------
LOOP A:
i_21: i < n && k == i
i_22: j == n - i && k == j
i_23: k >= 0
i_24: \forall integer m; 0 <= m < i ==> m <= k
i_25: \forall integer m; 0 <= m < j ==> m <= k
LOOP B:
i_26: i < n && k == i && k >= 0
i_27: j > 0 && k == j && k >= 0
------------------------------------
---------- Code with Invariants ----------
/*@
    requires 0 < n;
*/
int svcomp_9(int n) {
	int k = 0;
	int i = 0;

    // Loop A
	/*@
        loop invariant i_21: i < n && k == i;

        loop invariant i_22: j == n - i && k == j;

        loop invariant i_23: k >= 0;

        loop invariant i_24: \forall integer m; 0 <= m < i ==> m <= k;

        loop invariant i_25: \forall integer m; 0 <= m < j ==> m <= k;


        loop assigns i, k;
    */
	while (i < n) {
		i++;
		k++;
	}
	int j = n;
	
    // Loop B
    /*@
        loop invariant i_26: i < n && k == i && k >= 0;

        loop invariant i_27: j > 0 && k == j && k >= 0;


        loop assigns j, k;
    */
	while (j > 0) {
		//@ assert k > 0;
		j--;
		k--;
	}

	return 0;
}
------------------------------------------
Verification failed (Invalid), removing all invariants and retrying.
Verification failed: reached maximum attempts.
---------Result---------
Fail
Model: openPangu-Embedded-7B-V1.1
Running time: 94.95763754844666
Proposal number: 5
Verified code:

------------------------
