-----------Model-----------
Model type:
PanguEmbeddedForCausalLM(
  (model): PanguEmbeddedModel(
    (embed_tokens): Embedding(153376, 4096, padding_idx=0)
    (layers): ModuleList(
      (0-33): 34 x PanguEmbeddedDecoderLayer(
        (self_attn): PanguEmbeddedAttention(
          (q_proj): Linear(in_features=4096, out_features=4096, bias=True)
          (k_proj): Linear(in_features=4096, out_features=1024, bias=True)
          (v_proj): Linear(in_features=4096, out_features=1024, bias=True)
          (o_proj): Linear(in_features=4096, out_features=4096, bias=True)
        )
        (mlp): PanguEmbeddedMLP(
          (gate_proj): Linear(in_features=4096, out_features=12800, bias=False)
          (up_proj): Linear(in_features=4096, out_features=12800, bias=False)
          (down_proj): Linear(in_features=12800, out_features=4096, bias=False)
          (act_fn): SiLU()
        )
        (input_layernorm): PanguEmbeddedRMSNorm((4096,), eps=1e-05)
        (post_attention_layernorm): PanguEmbeddedRMSNorm((4096,), eps=1e-05)
      )
    )
    (norm): PanguEmbeddedRMSNorm((4096,), eps=1e-05)
    (rotary_emb): PanguEmbeddedRotaryEmbedding()
  )
  (lm_head): Linear(in_features=4096, out_features=153376, bias=False)
)
Model device:
npu:1
---------------------------
File Path: ../Benchmark/OOPSLA/oopsla_40.c
----------Code----------
#include <assert.h>
int unknown1();
int unknown2();

/*@
requires flag > 0;
*/
void oopsla_40(int flag) {
    int i, j, k;
    j = 1;
    if (flag) {
        i = 0;
    } else {
        i = 1;
    }

    /*@
        loop assigns j;
        loop assigns i;
    */
    while (unknown1()) {
        i += 2;
        if (i % 2 == 0) {
        j += 2;
        } else j++;
    }

    int a = 0;
    int b = 0;

    /*@

        loop assigns j;
        loop assigns i;
        loop assigns b;
        loop assigns a;
    */
    while (unknown2()) {
        a++;
        b += (j - i);
    }


    //@ assert  a_1: flag ==> a == b;
    
}
------------------------
----------Prompt----------

#include <assert.h>
int unknown1();
int unknown2();

/*@
requires flag > 0;
*/
void oopsla_40(int flag) {
    int i, j, k;
    j = 1;
    if (flag) {
        i = 0;
    } else {
        i = 1;
    }

    // Loop A
    /*@
        [Hint] Please infer the loop invariant for the following loop.

        loop assigns j;
        loop assigns i;
    */
    while (unknown1()) {
        i += 2;
        if (i % 2 == 0) {
        j += 2;
        } else j++;
    }

    int a = 0;
    int b = 0;

    // Loop B
    /*@

        loop assigns j;
        loop assigns i;
        loop assigns b;
        loop assigns a;
    */
    while (unknown2()) {
        a++;
        b += (j - i);
    }


    //@ assert  a_1: flag ==> a == b;
    
}
You are an expert in program verification, and please generate loop invariant as C annotation comments at the hint location (annotated by "[Hint] Please infer the loop invariant for the following loop.") using ACSL language.
ACSL is a specification language for C programs that conforms to the design by contract paradigm, utilizing Hoare style pre- and postconditions and invariants. Note that the `loop invariant` clause is a condition that is true at the beginning and end of every loop iteration.
Specifically, for the current verification task:
    - Pre-condition: the function's `requires` clauses
    - Post-condition: 
Please verify that the generated loop invariant is consistent with these constraints. If these specific pre- or post-conditions are not provided or empty, please infer the loop invariant strictly based on the program's execution logic and standard correctness.
In order to get a correct answer, You may want to consider both the situation of not entering the loop and the situation of jumping out of the loop. If some of the pre-conditions are also loop invariant, you need to add them to your answer as well.
Use '&&', '||', '==>', '\forall' or '\exists' if necessary. For instance:
```
loop invariant 1 <= x;
loop invariant x == y;
loop invariant 0 < x ==> y <= z;
loop invariant z % 2 == 1 || x == y;
loop invariant z % 2 == 1 && x <= y;
loop invariant \forall integer k;  0 <= k < i ==> max >=  a[k];
loop invariant \exists integer k;  0 <= k < i &&  max == a[k];
loop invariant \forall integer p; 0 <= p < \at(k, End_l) ==> res[p] == \at(res[p], End_l);
```
Your answer should follow the following format:
```
loop invariant ...;
loop invariant ...;
...
```
No explanation. No commentary. Just show me the loop invariant.
 /no_think
--------------------------
----------Response----------
[unused16][unused17][Loop A]
loop invariant flag == 0 || i == 0;
loop invariant j == 1;
loop invariant i <= 1;
loop invariant (i % 2 == 0) => j == 2;
loop invariant \exists integer k; 0 <= k < i && (k % 2 == 0 && j == 2) || (k % 2 == 1 && j == 1);

[Loop B]
loop invariant a == 0 || b == 0;
loop invariant b == (j - i);
loop invariant a <= b;
loop invariant \exists integer k; 0 <= k < b && a == k;
loop invariant \forall integer k; 0 <= k < b && a == k => k % 2 == 0;
loop invariant \exists integer k; 0 <= k < b && b == (j - i) && a == k => k % 2 == 0;
----------------------------
----------Prompt----------

#include <assert.h>
int unknown1();
int unknown2();

/*@
requires flag > 0;
*/
void oopsla_40(int flag) {
    int i, j, k;
    j = 1;
    if (flag) {
        i = 0;
    } else {
        i = 1;
    }

    // Loop A
    /*@
        loop invariant i_0: flag == 0 || i == 0;

        loop invariant i_1: j == 1;

        loop invariant i_2: i <= 1;

        loop invariant i_3: (i % 2 == 0) => j == 2;

        loop invariant i_4: \exists integer k; 0 <= k < i && (k % 2 == 0 && j == 2) || (k % 2 == 1 && j == 1);


        loop assigns j;
        loop assigns i;
    */
    while (unknown1()) {
        i += 2;
        if (i % 2 == 0) {
        j += 2;
        } else j++;
    }

    int a = 0;
    int b = 0;

    // Loop B
    /*@
        [Hint] Please infer the loop invariant for the following loop.


        loop invariant i_5: a == 0 || b == 0;

        loop invariant i_6: b == (j - i);

        loop invariant i_7: a <= b;

        loop invariant i_8: \exists integer k; 0 <= k < b && a == k;

        loop invariant i_9: \forall integer k; 0 <= k < b && a == k => k % 2 == 0;

        loop invariant i_10: \exists integer k; 0 <= k < b && b == (j - i) && a == k => k % 2 == 0;


        loop assigns j;
        loop assigns i;
        loop assigns b;
        loop assigns a;
    */
    while (unknown2()) {
        a++;
        b += (j - i);
    }


    //@ assert  a_1: flag ==> a == b;
    
}
You are an expert in program verification, and please generate loop invariant as C annotation comments at the hint location (annotated by "[Hint] Please infer the loop invariant for the following loop.") using ACSL language.
ACSL is a specification language for C programs that conforms to the design by contract paradigm, utilizing Hoare style pre- and postconditions and invariants. Note that the `loop invariant` clause is a condition that is true at the beginning and end of every loop iteration.
Specifically, for the current verification task:
    - Pre-condition: i_0:flag == 0 || i == 0; i_1:j == 1; i_2:i <= 1; i_3:(i % 2 == 0) => j == 2; i_4:\exists integer k; 0 <= k < i && (k % 2 == 0 && j == 2) || (k % 2 == 1 && j == 1); 
    - Post-condition: a_1:flag ==> a == b; 
Please verify that the generated loop invariant is consistent with these constraints. If these specific pre- or post-conditions are not provided or empty, please infer the loop invariant strictly based on the program's execution logic and standard correctness.
In order to get a correct answer, You may want to consider both the situation of not entering the loop and the situation of jumping out of the loop. If some of the pre-conditions are also loop invariant, you need to add them to your answer as well.
Use '&&', '||', '==>', '\forall' or '\exists' if necessary. For instance:
```
loop invariant 1 <= x;
loop invariant x == y;
loop invariant 0 < x ==> y <= z;
loop invariant z % 2 == 1 || x == y;
loop invariant z % 2 == 1 && x <= y;
loop invariant \forall integer k;  0 <= k < i ==> max >=  a[k];
loop invariant \exists integer k;  0 <= k < i &&  max == a[k];
loop invariant \forall integer p; 0 <= p < \at(k, End_l) ==> res[p] == \at(res[p], End_l);
```
Your answer should follow the following format:
```
loop invariant ...;
loop invariant ...;
...
```
No explanation. No commentary. Just show me the loop invariant.
 /no_think
--------------------------
----------Response----------
[unused16][unused17][Loop <Loop A>]
loop invariant flag == 0 || i == 0 && j == 1;
loop invariant i <= 1;
loop invariant (i % 2 == 0) => j == 2;
loop invariant \exists integer k; 0 <= k < i && (k % 2 == 0 && j == 2) || (k % 2 == 1 && j == 1);
[Loop <Loop B>]
loop invariant a == 0 || b == 0;
loop invariant b == (j - i);
loop invariant a <= b;
loop invariant \exists integer k; 0 <= k < b && a == k;
loop invariant \forall integer k; 0 <= k < b && a == k => k % 2 == 0;
loop invariant \exists integer k; 0 <= k < b && b == (j - i) && a == k => k % 2 == 0;
----------------------------
------------Invariant Info-----------
LOOP A:
i_0: flag == 0 || i == 0
i_1: j == 1
i_2: i <= 1
i_3: (i % 2 == 0) => j == 2
i_4: \exists integer k; 0 <= k < i && (k % 2 == 0 && j == 2) || (k % 2 == 1 && j == 1)
LOOP B:
i_5: a == 0 || b == 0
i_6: b == (j - i)
i_7: a <= b
i_8: \exists integer k; 0 <= k < b && a == k
i_9: \forall integer k; 0 <= k < b && a == k => k % 2 == 0
i_10: \exists integer k; 0 <= k < b && b == (j - i) && a == k => k % 2 == 0
i_11: flag == 0 || i == 0 && j == 1
i_12: i <= 1
i_13: (i % 2 == 0) => j == 2
i_14: \exists integer k; 0 <= k < i && (k % 2 == 0 && j == 2) || (k % 2 == 1 && j == 1)
------------------------------------
----------Code with Invariants----------
#include <assert.h>
int unknown1();
int unknown2();

/*@
requires flag > 0;
*/
void oopsla_40(int flag) {
    int i, j, k;
    j = 1;
    if (flag) {
        i = 0;
    } else {
        i = 1;
    }

    // Loop A
    /*@
        loop invariant i_0: flag == 0 || i == 0;

        loop invariant i_1: j == 1;

        loop invariant i_2: i <= 1;

        loop invariant i_3: (i % 2 == 0) => j == 2;

        loop invariant i_4: \exists integer k; 0 <= k < i && (k % 2 == 0 && j == 2) || (k % 2 == 1 && j == 1);


        loop assigns j;
        loop assigns i;
    */
    while (unknown1()) {
        i += 2;
        if (i % 2 == 0) {
        j += 2;
        } else j++;
    }

    int a = 0;
    int b = 0;

    // Loop B
    /*@

        loop invariant i_5: a == 0 || b == 0;

        loop invariant i_6: b == (j - i);

        loop invariant i_7: a <= b;

        loop invariant i_8: \exists integer k; 0 <= k < b && a == k;

        loop invariant i_9: \forall integer k; 0 <= k < b && a == k => k % 2 == 0;

        loop invariant i_10: \exists integer k; 0 <= k < b && b == (j - i) && a == k => k % 2 == 0;

        loop invariant i_11: flag == 0 || i == 0 && j == 1;

        loop invariant i_12: i <= 1;

        loop invariant i_13: (i % 2 == 0) => j == 2;

        loop invariant i_14: \exists integer k; 0 <= k < i && (k % 2 == 0 && j == 2) || (k % 2 == 1 && j == 1);


        loop assigns j;
        loop assigns i;
        loop assigns b;
        loop assigns a;
    */
    while (unknown2()) {
        a++;
        b += (j - i);
    }


    //@ assert  a_1: flag ==> a == b;
    
}
----------------------------------------
------------Invariant Info-----------
LOOP A:
i_0: flag == 0 || i == 0
i_1: j == 1
i_2: i <= 1
i_4: \exists integer k; 0 <= k < i && (k % 2 == 0 && j == 2) || (k % 2 == 1 && j == 1)
LOOP B:
i_5: a == 0 || b == 0
i_6: b == (j - i)
i_7: a <= b
i_8: \exists integer k; 0 <= k < b && a == k
i_9: \forall integer k; 0 <= k < b && a == k => k % 2 == 0
i_10: \exists integer k; 0 <= k < b && b == (j - i) && a == k => k % 2 == 0
i_11: flag == 0 || i == 0 && j == 1
i_12: i <= 1
i_13: (i % 2 == 0) => j == 2
i_14: \exists integer k; 0 <= k < i && (k % 2 == 0 && j == 2) || (k % 2 == 1 && j == 1)
------------------------------------
----------Code with Invariants----------
#include <assert.h>
int unknown1();
int unknown2();

/*@
requires flag > 0;
*/
void oopsla_40(int flag) {
    int i, j, k;
    j = 1;
    if (flag) {
        i = 0;
    } else {
        i = 1;
    }

    // Loop A
    /*@
        loop invariant i_0: flag == 0 || i == 0;

        loop invariant i_1: j == 1;

        loop invariant i_2: i <= 1;

        loop invariant i_4: \exists integer k; 0 <= k < i && (k % 2 == 0 && j == 2) || (k % 2 == 1 && j == 1);


        loop assigns j;
        loop assigns i;
    */
    while (unknown1()) {
        i += 2;
        if (i % 2 == 0) {
        j += 2;
        } else j++;
    }

    int a = 0;
    int b = 0;

    // Loop B
    /*@

        loop invariant i_5: a == 0 || b == 0;

        loop invariant i_6: b == (j - i);

        loop invariant i_7: a <= b;

        loop invariant i_8: \exists integer k; 0 <= k < b && a == k;

        loop invariant i_9: \forall integer k; 0 <= k < b && a == k => k % 2 == 0;

        loop invariant i_10: \exists integer k; 0 <= k < b && b == (j - i) && a == k => k % 2 == 0;

        loop invariant i_11: flag == 0 || i == 0 && j == 1;

        loop invariant i_12: i <= 1;

        loop invariant i_13: (i % 2 == 0) => j == 2;

        loop invariant i_14: \exists integer k; 0 <= k < i && (k % 2 == 0 && j == 2) || (k % 2 == 1 && j == 1);


        loop assigns j;
        loop assigns i;
        loop assigns b;
        loop assigns a;
    */
    while (unknown2()) {
        a++;
        b += (j - i);
    }


    //@ assert  a_1: flag ==> a == b;
    
}
----------------------------------------
------------Invariant Info-----------
LOOP A:
i_0: flag == 0 || i == 0
i_1: j == 1
i_2: i <= 1
i_4: \exists integer k; 0 <= k < i && (k % 2 == 0 && j == 2) || (k % 2 == 1 && j == 1)
LOOP B:
i_5: a == 0 || b == 0
i_6: b == (j - i)
i_7: a <= b
i_8: \exists integer k; 0 <= k < b && a == k
i_10: \exists integer k; 0 <= k < b && b == (j - i) && a == k => k % 2 == 0
i_11: flag == 0 || i == 0 && j == 1
i_12: i <= 1
i_13: (i % 2 == 0) => j == 2
i_14: \exists integer k; 0 <= k < i && (k % 2 == 0 && j == 2) || (k % 2 == 1 && j == 1)
------------------------------------
----------Code with Invariants----------
#include <assert.h>
int unknown1();
int unknown2();

/*@
requires flag > 0;
*/
void oopsla_40(int flag) {
    int i, j, k;
    j = 1;
    if (flag) {
        i = 0;
    } else {
        i = 1;
    }

    // Loop A
    /*@
        loop invariant i_0: flag == 0 || i == 0;

        loop invariant i_1: j == 1;

        loop invariant i_2: i <= 1;

        loop invariant i_4: \exists integer k; 0 <= k < i && (k % 2 == 0 && j == 2) || (k % 2 == 1 && j == 1);


        loop assigns j;
        loop assigns i;
    */
    while (unknown1()) {
        i += 2;
        if (i % 2 == 0) {
        j += 2;
        } else j++;
    }

    int a = 0;
    int b = 0;

    // Loop B
    /*@

        loop invariant i_5: a == 0 || b == 0;

        loop invariant i_6: b == (j - i);

        loop invariant i_7: a <= b;

        loop invariant i_8: \exists integer k; 0 <= k < b && a == k;

        loop invariant i_10: \exists integer k; 0 <= k < b && b == (j - i) && a == k => k % 2 == 0;

        loop invariant i_11: flag == 0 || i == 0 && j == 1;

        loop invariant i_12: i <= 1;

        loop invariant i_13: (i % 2 == 0) => j == 2;

        loop invariant i_14: \exists integer k; 0 <= k < i && (k % 2 == 0 && j == 2) || (k % 2 == 1 && j == 1);


        loop assigns j;
        loop assigns i;
        loop assigns b;
        loop assigns a;
    */
    while (unknown2()) {
        a++;
        b += (j - i);
    }


    //@ assert  a_1: flag ==> a == b;
    
}
----------------------------------------
------------Invariant Info-----------
LOOP A:
i_0: flag == 0 || i == 0
i_1: j == 1
i_2: i <= 1
i_4: \exists integer k; 0 <= k < i && (k % 2 == 0 && j == 2) || (k % 2 == 1 && j == 1)
LOOP B:
i_5: a == 0 || b == 0
i_6: b == (j - i)
i_7: a <= b
i_8: \exists integer k; 0 <= k < b && a == k
i_11: flag == 0 || i == 0 && j == 1
i_12: i <= 1
i_13: (i % 2 == 0) => j == 2
i_14: \exists integer k; 0 <= k < i && (k % 2 == 0 && j == 2) || (k % 2 == 1 && j == 1)
------------------------------------
----------Code with Invariants----------
#include <assert.h>
int unknown1();
int unknown2();

/*@
requires flag > 0;
*/
void oopsla_40(int flag) {
    int i, j, k;
    j = 1;
    if (flag) {
        i = 0;
    } else {
        i = 1;
    }

    // Loop A
    /*@
        loop invariant i_0: flag == 0 || i == 0;

        loop invariant i_1: j == 1;

        loop invariant i_2: i <= 1;

        loop invariant i_4: \exists integer k; 0 <= k < i && (k % 2 == 0 && j == 2) || (k % 2 == 1 && j == 1);


        loop assigns j;
        loop assigns i;
    */
    while (unknown1()) {
        i += 2;
        if (i % 2 == 0) {
        j += 2;
        } else j++;
    }

    int a = 0;
    int b = 0;

    // Loop B
    /*@

        loop invariant i_5: a == 0 || b == 0;

        loop invariant i_6: b == (j - i);

        loop invariant i_7: a <= b;

        loop invariant i_8: \exists integer k; 0 <= k < b && a == k;

        loop invariant i_11: flag == 0 || i == 0 && j == 1;

        loop invariant i_12: i <= 1;

        loop invariant i_13: (i % 2 == 0) => j == 2;

        loop invariant i_14: \exists integer k; 0 <= k < i && (k % 2 == 0 && j == 2) || (k % 2 == 1 && j == 1);


        loop assigns j;
        loop assigns i;
        loop assigns b;
        loop assigns a;
    */
    while (unknown2()) {
        a++;
        b += (j - i);
    }


    //@ assert  a_1: flag ==> a == b;
    
}
----------------------------------------
------------Invariant Info-----------
LOOP A:
i_0: flag == 0 || i == 0
i_1: j == 1
i_2: i <= 1
i_4: \exists integer k; 0 <= k < i && (k % 2 == 0 && j == 2) || (k % 2 == 1 && j == 1)
LOOP B:
i_5: a == 0 || b == 0
i_6: b == (j - i)
i_7: a <= b
i_8: \exists integer k; 0 <= k < b && a == k
i_11: flag == 0 || i == 0 && j == 1
i_12: i <= 1
i_14: \exists integer k; 0 <= k < i && (k % 2 == 0 && j == 2) || (k % 2 == 1 && j == 1)
------------------------------------
----------Code with Invariants----------
#include <assert.h>
int unknown1();
int unknown2();

/*@
requires flag > 0;
*/
void oopsla_40(int flag) {
    int i, j, k;
    j = 1;
    if (flag) {
        i = 0;
    } else {
        i = 1;
    }

    // Loop A
    /*@
        loop invariant i_0: flag == 0 || i == 0;

        loop invariant i_1: j == 1;

        loop invariant i_2: i <= 1;

        loop invariant i_4: \exists integer k; 0 <= k < i && (k % 2 == 0 && j == 2) || (k % 2 == 1 && j == 1);


        loop assigns j;
        loop assigns i;
    */
    while (unknown1()) {
        i += 2;
        if (i % 2 == 0) {
        j += 2;
        } else j++;
    }

    int a = 0;
    int b = 0;

    // Loop B
    /*@

        loop invariant i_5: a == 0 || b == 0;

        loop invariant i_6: b == (j - i);

        loop invariant i_7: a <= b;

        loop invariant i_8: \exists integer k; 0 <= k < b && a == k;

        loop invariant i_11: flag == 0 || i == 0 && j == 1;

        loop invariant i_12: i <= 1;

        loop invariant i_14: \exists integer k; 0 <= k < i && (k % 2 == 0 && j == 2) || (k % 2 == 1 && j == 1);


        loop assigns j;
        loop assigns i;
        loop assigns b;
        loop assigns a;
    */
    while (unknown2()) {
        a++;
        b += (j - i);
    }


    //@ assert  a_1: flag ==> a == b;
    
}
----------------------------------------
----------Begin Revise----------
-------------Establishment_cross: i_6: establishment---------------
----------Prompt----------

#include <assert.h>
int unknown1();
int unknown2();

/*@
requires flag > 0;
*/
void oopsla_40(int flag) {
    int i, j, k;
    j = 1;
    if (flag) {
        i = 0;
    } else {
        i = 1;
    }

    // Loop A
    /*@
        loop invariant i_0: flag == 0 || i == 0;

        loop invariant i_1: j == 1;

        loop invariant i_2: i <= 1;

        loop invariant i_4: \exists integer k; 0 <= k < i && (k % 2 == 0 && j == 2) || (k % 2 == 1 && j == 1);


        loop assigns j;
        loop assigns i;
    */
    while (unknown1()) {
        i += 2;
        if (i % 2 == 0) {
        j += 2;
        } else j++;
    }

    int a = 0;
    int b = 0;

    // Loop B
    /*@
        [Hint] Invariant b == (j - i) not initially provable. Fix or supplement invariants in the pre-loop or in this loop.


        loop invariant i_5: a == 0 || b == 0;

        loop invariant i_6: b == (j - i);

        loop invariant i_7: a <= b;

        loop invariant i_8: \exists integer k; 0 <= k < b && a == k;

        loop invariant i_11: flag == 0 || i == 0 && j == 1;

        loop invariant i_12: i <= 1;

        loop invariant i_14: \exists integer k; 0 <= k < i && (k % 2 == 0 && j == 2) || (k % 2 == 1 && j == 1);


        loop assigns j;
        loop assigns i;
        loop assigns b;
        loop assigns a;
    */
    while (unknown2()) {
        a++;
        b += (j - i);
    }


    //@ assert  a_1: flag ==> a == b;
    
}
You are an expert in deductive program verification using ACSL and Frama-C.
[Unprovable Invariant] b == (j - i)
The above loop invariant required by the loop labeled "B" cannot be derived from the invariants of the preceding loop "A", and the program state before entering the current loop:
[Pre-statement]
int a = 0; int b = 0;
Accordingly, we must fix the situation that prevents proving the current loop invariant. There are two independent possibilities you should consider and address:
  1) The current loop invariant for "Loop B" is too strong:
     - It uses facts that are not guaranteed by the preceding loop invariants together with Pre-statement.
     - Remedy: weaken or simplify the invariant of "B" so it becomes derivable from the available preconditions.

  2) The preceding loop invariants of "Loop A" are too weak:
     - They do not imply the facts required by the "B" invariant after executing Pre-statement.
     - Remedy: strengthen the invariant(s) of "Loop A" so that, after running Pre-statement, they imply the needed facts for "Loop B".

Your task is to adjust the invariants so that the establishment of "Loop B" succeeds.
IMPORTANT RULES:
1. You may modify either:
   - only the current loop "B", or  
   - only the preceding loop "A", or  
   - both, if needed.
2. Do NOT output any of the original invariants.  
   Only output the new or modified invariants you propose.
3. Output must contain two blocks, even if one block is empty:
   ```
   [Loop A]
   loop invariant ...;
   loop invariant ...;

   [Loop B]
   loop invariant ...;
   loop invariant ...;
   ```
4. Each block may contain zero or more invariants. If a block has no changes, leave it empty but keep the block header.
5. All invariants must follow ACSL syntax and be valid loop invariants.
6. No explanation. No commentary. Just show me the loop invariant.
 /no_think
--------------------------
----------Response----------
[unused16][unused17][Loop A]
loop invariant i_0: flag == 0 || i == 0;

loop invariant i_1: j == 1;

loop invariant i_2: i <= 1;

loop invariant i_4: \exists integer k; 0 <= k < i && (k % 2 == 0 && j == 2) || (k % 2 == 1 && j == 1);

[Loop B]
loop invariant i_5: a == 0 || b == 0;

loop invariant i_6: b == j - i;

loop invariant i_7: a <= b;

loop invariant i_8: \exists integer k; 0 <= k < b && a == k;

loop invariant i_11: flag == 0 || i == 0 && j == 1;

loop invariant i_12: i <= 1;

loop invariant i_14: \exists integer k; 0 <= k < i && (k % 2 == 0 && j == 2) || (k % 2 == 1 && j == 1);

The loop invariant required by Loop B, \exists integer k; 0 <= k < b && a == k; is not derivable from the current invariants. To establish this, add an invariant stating that a is a subset of the possible values of b, which is not present currently. Since the pre-statement sets a and b to 0, we can keep the existing loop invariant for a == 0 || b == 0 and add an invariant ensuring that b is at least the number of distinct values that a can take, which in this context is 0. Thus, we can strengthen the invariant for b to include that b is at least the number of distinct values in a, but since a can only be 0 or 1 (as i is bounded by 1), we can use b >= 0 (which is always true) or keep the existing invariant. However, since a can only be 0 or 1 and b starts at 0, the invariant \exists integer k; 0 <= k < b && a == k is always true for b >= a. Given that a is either 0 or 1, and b is initially 0, and we increment b by (j - i) which can be -1, 0, or 1, we need to ensure b >= a. However, since a can only be 0 or 1, and b can be 0 or 1, we can keep the invariant as b >= a (which is always true in this context). But in ACSL, we can express this as \exists k; 0 <= k < b && a == k, which is equivalent to b >= a because a is either 0 or 1. Since a is either 0 or 1, and b is a non-negative integer, \exists integer k; 0 <= k < b && a == k is equivalent to b >= a. So we can replace the invariant with b >= a, but since the original invariant is already \exists integer k; 0 <= k < b && a == k, which is the same as b >= a, we can keep it as is or simplify to b >= a. However, the original invariant is already correct and we don't need to change it. But the problem is that it is not derivable from the previous invariants and the pre-statement. Therefore, we must strengthen the invariants in Loop A or modify the invariant in Loop B.

Given that the invariant \exists integer k; 0 <= k < b && a == k is not derivable from the invariants of Loop A and the pre-statement, we must either strengthen an invariant in Loop A or change the invariant in Loop B.

Since the pre-statement sets a and b to 0, and in Loop A, the invariant i_8 is \exists integer k; 0 <= k < i && a == k, which implies a is in the range [0, i-1]. After the loop, i can be 0 or 1, so a is either 0 or 1. Then in the pre-statement, a is set to 0, and b is set to 0. Then in Loop B, the invariant i_6 is b == j - i. After the first iteration of Loop B, i is incremented by 2 (since i starts at 0 and is incremented by 2 each iteration), and j is either unchanged or incremented by 1 or 2 depending on the parity. The invariant b == j - i must hold after each iteration.

Given that before the loop, i=0, j=1 (from Loop A), so j - i = 1. Then in the pre-statement, a=0, b=0. Then in Loop B, the first assignment is a++ (so a becomes 1), and b += (j - i) (so b becomes 1). Then i becomes 2. So after the first iteration, i=2, a=1, b=1, j=1. Then j - i = -1, so b should be -1, but b is 1, which is not possible. So the invariant b == j - i is not preserved. Therefore, the invariant is too strong.

Thus, we should weaken the invariant in Loop B for b to b >= a, which is always true since a is 0 or 1 and b is non-negative.

But the invariant in the comment is \exists integer k; 0 <= k < b && a == k, which is stronger than b >= a because it requires that a is exactly the first element in b. For example, if b=2, it requires that a is 0 or 1, but not necessarily that a is the first element. However, in this context, since a is either 0 or 1, and b is the number of iterations, it might be intended to say that a is the first element of b. But since we don't have a sequence for b, it's better to weaken it to b >= a.

Alternatively, we can strengthen the invariant in Loop A to include that a is in the range [0, i] or something similar, but since i is bounded by 1, and a is 0 or 1, it's already covered by the existing invariant.

But the problem says that the invariant for Loop B is not derivable from the invariants of Loop A and the pre-statement. Therefore, we must change the invariant in Loop B.

Given that, the correct fix is to weaken the invariant in Loop B to b >= a, which is always true, and remove the stronger invariant that requires a to be exactly the first element of b.

But the original invariant in the comment is:

loop invariant i_6: b == j - i;

But in the pre-statement, j - i is 1 (i=0, j=1), and after the first iteration, i becomes 2, j is still 1, so j - i = -1, which is not valid for b=1. Therefore, the invariant is too strong.

So, we should replace the invariant i_6 with a weaker one, such as b >= a, which is always true because a is 0 or 1 and b is non-negative.

Alternatively, we can remove the invariant i_6 and rely on the fact that in the loop, b is incremented by (j - i), which is either -1, 0, or 1, and since a is incremented by 1, after the first iteration, a is 1, and b is 1, so b >= a holds.

Therefore, the invariant should be changed to:

loop invariant i_6: b >= a;

But the original invariant is \exists integer k; 0 <= k < b && a == k, which is equivalent to b >= a when a is 0 or 1.

So, the correct fix is to replace the invariant in Loop B for i_6 with:

loop invariant i_6: b >= a;

But the original invariant is stronger, so we are allowed to change it.

Therefore, the output should be:

[Loop A]
loop invariant i_0: flag == 0 || i == 0;

loop invariant i_1: j == 1;

loop invariant i_2: i <= 1;

loop invariant i_4: \exists integer k; 0 <= k < i && (k % 2 == 0 && j == 2) || (k % 2 == 1 && j == 1);

[Loop B]
loop invariant i_5: a == 0 || b == 0;

loop invariant i_6: b >= a;

loop invariant i_7: a <= b;

loop invariant i_8: \exists integer k; 0 <= k < b && a == k;

loop invariant i_11: flag == 0 || i == 0 && j == 1;

loop invariant i_12: i <= 1;

loop invariant i_14: \exists integer k; 0 <= k < i && (k % 2 == 0 && j == 2) || (k % 2 == 1 && j == 1);

But wait, the invariant i_8 is \exists integer k; 0 <= k < b && a == k, which is the same as the original invariant. But it is not derivable. So we must remove it or change it.

The problem says: "The loop invariant required by Loop B, \exists integer k; 0 <= k < b && a == k is not derivable from the invariants of the preceding loop "A", and the program state before entering the current loop: int a = 0; int b = 0;"

So the invariant i_8 is not derivable. Therefore, we should remove it or replace it.

But the invariant i_8 is also used in the next loop, so if we remove it, we lose it for the next loop.

Alternatively, we can change it to b >= a, which is weaker and always true.

But the invariant in the comment is specifically \exists integer k; 0 <= k < b && a == k, which is stronger.

Given that, the correct fix is to change the invariant in Loop B to b >= a, which is always true.

But the invariant in the comment is already i_5: a == 0 || b == 0, which is equivalent to b >= 0 (since a is 0 or 1 and b is non-negative), but the invariant i_6 is b == j - i, which is too strong.

So, the solution is to replace the invariant i_6 with b >= a, and remove the stronger invariant i_8.

But the invariant i_8 is also needed for the next loop? The next loop is Loop B, and the invariant for a and b is i_5 and i_6, and then i_7 and i_8, and then i_11 and i_12, and then i_14 and i_15.

But the problem is only about Loop B's invariant.

So, for Loop B, we only need to change the invariant i_6 to a weaker one.

Therefore, the output should be:

[Loop A]
loop invariant i_0: flag == 0 || i == 0;

loop invariant i_1: j == 1;

loop invariant i_2: i <= 1;

loop invariant i_4: \exists integer k; 0 <= k < i && (k % 2 == 0 && j == 2) || (k % 2 == 1 && j == 1);

[Loop B]
loop invariant i_5: a == 0 || b == 0;

loop invariant i_6: b >= a;

loop invariant i_7: a <= b;

loop invariant i_11: flag == 0 || i == 0 && j == 1;

loop invariant i_12: i <= 1;

loop invariant i_14: \exists integer k; 0 <= k < i && (k % 2 == 0 && j == 2) || (k % 2 == 1 && j == 1);

But the invariant i_8 is not in the output, so we are removing it.

But the problem says that the invariant i_8 is not derivable, so we must remove it or change it. Since it's not derivable, we should remove it and replace i_6 with b >= a.

But the invariant i_7 is a <= b, which is true because a is 0 or 1 and b is non-negative.

And the invariant i_14 is still there.

So, the new invariant for Loop B is:

loop invariant i_6: b >= a;

And we remove the invariant i_8.

But the invariant i_8 is also used in the next loop, but the problem is only about Loop B.

Therefore, the final answer is:

[Loop A]
loop invariant i_0: flag == 0 || i == 0;

loop invariant i_1: j == 1;

loop invariant i_2: i <= 1;

loop invariant i_4: \exists integer k; 0 <= k < i && (k % 2 == 0 && j == 2) || (k % 2 == 1 && j == 1);

[Loop B]
loop invariant i_5: a == 0 || b == 0;

loop invariant i_6: b >= a;

loop invariant i_7: a <= b;

loop invariant i_11: flag == 0 || i == 0 && j == 1;

loop invariant i_12: i <= 1;

loop invariant i_14: \exists integer k; 0 <= k < i && (k % 2 == 0 && j == 2) || (k % 2 == 1 && j == 1);
----------------------------
-------------Preservation_self: i_0: preservation---------------
----------Prompt----------

#include <assert.h>
int unknown1();
int unknown2();

/*@
requires flag > 0;
*/
void oopsla_40(int flag) {
    int i, j, k;
    j = 1;
    if (flag) {
        i = 0;
    } else {
        i = 1;
    }

    // Loop A
    /*@
        [Hint] Invariant flag == 0 || i == 0 not preserved in this loop. Fix or supplement invariants.

        loop invariant i_0: flag == 0 || i == 0;

        loop invariant i_1: j == 1;

        loop invariant i_2: i <= 1;

        loop invariant i_4: \exists integer k; 0 <= k < i && (k % 2 == 0 && j == 2) || (k % 2 == 1 && j == 1);


        loop assigns j;
        loop assigns i;
    */
    while (unknown1()) {
        i += 2;
        if (i % 2 == 0) {
        j += 2;
        } else j++;
    }

    int a = 0;
    int b = 0;

    // Loop B
    /*@

        loop invariant i_5: a == 0 || b == 0;

        loop invariant i_6: b == (j - i);

        loop invariant i_7: a <= b;

        loop invariant i_8: \exists integer k; 0 <= k < b && a == k;

        loop invariant i_11: flag == 0 || i == 0 && j == 1;

        loop invariant i_12: i <= 1;

        loop invariant i_14: \exists integer k; 0 <= k < i && (k % 2 == 0 && j == 2) || (k % 2 == 1 && j == 1);

        loop invariant i_15: b >= a;


        loop assigns j;
        loop assigns i;
        loop assigns b;
        loop assigns a;
    */
    while (unknown2()) {
        a++;
        b += (j - i);
    }


    //@ assert  a_1: flag ==> a == b;
    
}
You are an expert in deductive program verification using ACSL and Frama-C.
[Unprovable Invariant] flag == 0 || i == 0
The above loop invariant of loop "A" fails the preservation (inductive) condition:
after executing one iteration of the loop body, the invariant cannot be re-established.
[Loop Body]
i += 2; if (i % 2 == 0) { j += 2; } else j++;
This failure indicates that the current invariant may be incorrect or incomplete.  
There are two typical causes:
  1) The invariant is logically incorrect, so it does not hold after the loop body executes once.
     - In this case, you must adjust the invariant so that it is preserved by the loop body.
  2) The invariant is insufficient, i.e., it misses essential supporting conditions needed to re-establish itself.
     - In this case, you must introduce additional invariants so that the whole set becomes inductive.
Your task is to produce the corrected and/or auxiliary invariants that make the preservation step succeed.
IMPORTANT RULES:
1. You MUST NOT output any of the original invariants already in the code. Only output the new or modified invariants.
2. All invariants you produce must satisfy:
   - Establishment: they hold on loop entry.
   - Preservation: after executing the loop body exactly once, the invariant still holds.
   - Zero-iteration case: the invariant is valid even if the loop never executes.
3. The answer must follow this format exactly:
   ```
   loop invariant ...;
   loop invariant ...;
   ...
   ```
4. All invariants must follow ACSL syntax and be valid loop invariants.
5. No explanation. No commentary. Just show me the loop invariant.
 /no_think
--------------------------
----------Response----------
[unused16][unused17]```
loop invariant flag == 0 || i == 0 && j == 1;

loop invariant j == 1;

loop invariant i <= 1;

loop invariant \exists integer k; 0 <= k < i && (k % 2 == 0 && j == 2) || (k % 2 == 1 && j == 1);

loop invariant b >= a;
```
----------------------------
--------------------------------
------------Invariant Info-----------
LOOP A:
i_0: flag == 0 || i == 0
i_1: j == 1
i_2: i <= 1
i_4: \exists integer k; 0 <= k < i && (k % 2 == 0 && j == 2) || (k % 2 == 1 && j == 1)
i_16: flag == 0 || i == 0 && j == 1
i_17: b >= a
LOOP B:
i_5: a == 0 || b == 0
i_6: b == (j - i)
i_7: a <= b
i_8: \exists integer k; 0 <= k < b && a == k
i_11: flag == 0 || i == 0 && j == 1
i_12: i <= 1
i_14: \exists integer k; 0 <= k < i && (k % 2 == 0 && j == 2) || (k % 2 == 1 && j == 1)
i_15: b >= a
------------------------------------
----------Code with Invariants----------
#include <assert.h>
int unknown1();
int unknown2();

/*@
requires flag > 0;
*/
void oopsla_40(int flag) {
    int i, j, k;
    j = 1;
    if (flag) {
        i = 0;
    } else {
        i = 1;
    }

    // Loop A
    /*@
        loop invariant i_0: flag == 0 || i == 0;

        loop invariant i_1: j == 1;

        loop invariant i_2: i <= 1;

        loop invariant i_4: \exists integer k; 0 <= k < i && (k % 2 == 0 && j == 2) || (k % 2 == 1 && j == 1);

        loop invariant i_16: flag == 0 || i == 0 && j == 1;

        loop invariant i_17: b >= a;


        loop assigns j;
        loop assigns i;
    */
    while (unknown1()) {
        i += 2;
        if (i % 2 == 0) {
        j += 2;
        } else j++;
    }

    int a = 0;
    int b = 0;

    // Loop B
    /*@

        loop invariant i_5: a == 0 || b == 0;

        loop invariant i_6: b == (j - i);

        loop invariant i_7: a <= b;

        loop invariant i_8: \exists integer k; 0 <= k < b && a == k;

        loop invariant i_11: flag == 0 || i == 0 && j == 1;

        loop invariant i_12: i <= 1;

        loop invariant i_14: \exists integer k; 0 <= k < i && (k % 2 == 0 && j == 2) || (k % 2 == 1 && j == 1);

        loop invariant i_15: b >= a;


        loop assigns j;
        loop assigns i;
        loop assigns b;
        loop assigns a;
    */
    while (unknown2()) {
        a++;
        b += (j - i);
    }


    //@ assert  a_1: flag ==> a == b;
    
}
----------------------------------------
------------Invariant Info-----------
LOOP A:
i_0: flag == 0 || i == 0
i_1: j == 1
i_2: i <= 1
i_4: \exists integer k; 0 <= k < i && (k % 2 == 0 && j == 2) || (k % 2 == 1 && j == 1)
i_16: flag == 0 || i == 0 && j == 1
i_17: b >= a
LOOP B:
i_5: a == 0 || b == 0
i_6: b == (j - i)
i_7: a <= b
i_8: \exists integer k; 0 <= k < b && a == k
i_11: flag == 0 || i == 0 && j == 1
i_12: i <= 1
i_14: \exists integer k; 0 <= k < i && (k % 2 == 0 && j == 2) || (k % 2 == 1 && j == 1)
i_15: b >= a
------------------------------------
----------Code with Invariants----------
#include <assert.h>
int unknown1();
int unknown2();

/*@
requires flag > 0;
*/
void oopsla_40(int flag) {
    int i, j, k;
    j = 1;
    if (flag) {
        i = 0;
    } else {
        i = 1;
    }

    // Loop A
    /*@
        loop invariant i_0: flag == 0 || i == 0;

        loop invariant i_1: j == 1;

        loop invariant i_2: i <= 1;

        loop invariant i_4: \exists integer k; 0 <= k < i && (k % 2 == 0 && j == 2) || (k % 2 == 1 && j == 1);

        loop invariant i_16: flag == 0 || i == 0 && j == 1;

        loop invariant i_17: b >= a;


        loop assigns j;
        loop assigns i;
    */
    while (unknown1()) {
        i += 2;
        if (i % 2 == 0) {
        j += 2;
        } else j++;
    }

    int a = 0;
    int b = 0;

    // Loop B
    /*@

        loop invariant i_5: a == 0 || b == 0;

        loop invariant i_6: b == (j - i);

        loop invariant i_7: a <= b;

        loop invariant i_8: \exists integer k; 0 <= k < b && a == k;

        loop invariant i_11: flag == 0 || i == 0 && j == 1;

        loop invariant i_12: i <= 1;

        loop invariant i_14: \exists integer k; 0 <= k < i && (k % 2 == 0 && j == 2) || (k % 2 == 1 && j == 1);

        loop invariant i_15: b >= a;


        loop assigns j;
        loop assigns i;
        loop assigns b;
        loop assigns a;
    */
    while (unknown2()) {
        a++;
        b += (j - i);
    }


    //@ assert  a_1: flag ==> a == b;
    
}
----------------------------------------
------------Invariant Info-----------
LOOP A:
i_0: flag == 0 || i == 0
i_1: j == 1
i_2: i <= 1
i_4: \exists integer k; 0 <= k < i && (k % 2 == 0 && j == 2) || (k % 2 == 1 && j == 1)
i_16: flag == 0 || i == 0 && j == 1
i_17: b >= a
LOOP B:
i_5: a == 0 || b == 0
i_6: b == (j - i)
i_7: a <= b
i_8: \exists integer k; 0 <= k < b && a == k
i_11: flag == 0 || i == 0 && j == 1
i_12: i <= 1
i_14: \exists integer k; 0 <= k < i && (k % 2 == 0 && j == 2) || (k % 2 == 1 && j == 1)
i_15: b >= a
------------------------------------
----------Code with Invariants----------
#include <assert.h>
int unknown1();
int unknown2();

/*@
requires flag > 0;
*/
void oopsla_40(int flag) {
    int i, j, k;
    j = 1;
    if (flag) {
        i = 0;
    } else {
        i = 1;
    }

    // Loop A
    /*@
        loop invariant i_0: flag == 0 || i == 0;

        loop invariant i_1: j == 1;

        loop invariant i_2: i <= 1;

        loop invariant i_4: \exists integer k; 0 <= k < i && (k % 2 == 0 && j == 2) || (k % 2 == 1 && j == 1);

        loop invariant i_16: flag == 0 || i == 0 && j == 1;

        loop invariant i_17: b >= a;


        loop assigns j;
        loop assigns i;
    */
    while (unknown1()) {
        i += 2;
        if (i % 2 == 0) {
        j += 2;
        } else j++;
    }

    int a = 0;
    int b = 0;

    // Loop B
    /*@

        loop invariant i_5: a == 0 || b == 0;

        loop invariant i_6: b == (j - i);

        loop invariant i_7: a <= b;

        loop invariant i_8: \exists integer k; 0 <= k < b && a == k;

        loop invariant i_11: flag == 0 || i == 0 && j == 1;

        loop invariant i_12: i <= 1;

        loop invariant i_14: \exists integer k; 0 <= k < i && (k % 2 == 0 && j == 2) || (k % 2 == 1 && j == 1);

        loop invariant i_15: b >= a;


        loop assigns j;
        loop assigns i;
        loop assigns b;
        loop assigns a;
    */
    while (unknown2()) {
        a++;
        b += (j - i);
    }


    //@ assert  a_1: flag ==> a == b;
    
}
----------------------------------------
------------Invariant Info-----------
LOOP A:
i_0: flag == 0 || i == 0
i_1: j == 1
i_2: i <= 1
i_4: \exists integer k; 0 <= k < i && (k % 2 == 0 && j == 2) || (k % 2 == 1 && j == 1)
i_16: flag == 0 || i == 0 && j == 1
i_17: b >= a
LOOP B:
i_5: a == 0 || b == 0
i_6: b == (j - i)
i_7: a <= b
i_8: \exists integer k; 0 <= k < b && a == k
i_11: flag == 0 || i == 0 && j == 1
i_12: i <= 1
i_14: \exists integer k; 0 <= k < i && (k % 2 == 0 && j == 2) || (k % 2 == 1 && j == 1)
i_15: b >= a
------------------------------------
----------Code with Invariants----------
#include <assert.h>
int unknown1();
int unknown2();

/*@
requires flag > 0;
*/
void oopsla_40(int flag) {
    int i, j, k;
    j = 1;
    if (flag) {
        i = 0;
    } else {
        i = 1;
    }

    // Loop A
    /*@
        loop invariant i_0: flag == 0 || i == 0;

        loop invariant i_1: j == 1;

        loop invariant i_2: i <= 1;

        loop invariant i_4: \exists integer k; 0 <= k < i && (k % 2 == 0 && j == 2) || (k % 2 == 1 && j == 1);

        loop invariant i_16: flag == 0 || i == 0 && j == 1;

        loop invariant i_17: b >= a;


        loop assigns j;
        loop assigns i;
    */
    while (unknown1()) {
        i += 2;
        if (i % 2 == 0) {
        j += 2;
        } else j++;
    }

    int a = 0;
    int b = 0;

    // Loop B
    /*@

        loop invariant i_5: a == 0 || b == 0;

        loop invariant i_6: b == (j - i);

        loop invariant i_7: a <= b;

        loop invariant i_8: \exists integer k; 0 <= k < b && a == k;

        loop invariant i_11: flag == 0 || i == 0 && j == 1;

        loop invariant i_12: i <= 1;

        loop invariant i_14: \exists integer k; 0 <= k < i && (k % 2 == 0 && j == 2) || (k % 2 == 1 && j == 1);

        loop invariant i_15: b >= a;


        loop assigns j;
        loop assigns i;
        loop assigns b;
        loop assigns a;
    */
    while (unknown2()) {
        a++;
        b += (j - i);
    }


    //@ assert  a_1: flag ==> a == b;
    
}
----------------------------------------
------------Invariant Info-----------
LOOP A:
i_0: flag == 0 || i == 0
i_1: j == 1
i_2: i <= 1
i_4: \exists integer k; 0 <= k < i && (k % 2 == 0 && j == 2) || (k % 2 == 1 && j == 1)
i_16: flag == 0 || i == 0 && j == 1
i_17: b >= a
LOOP B:
i_5: a == 0 || b == 0
i_6: b == (j - i)
i_7: a <= b
i_8: \exists integer k; 0 <= k < b && a == k
i_11: flag == 0 || i == 0 && j == 1
i_12: i <= 1
i_14: \exists integer k; 0 <= k < i && (k % 2 == 0 && j == 2) || (k % 2 == 1 && j == 1)
i_15: b >= a
------------------------------------
----------Code with Invariants----------
#include <assert.h>
int unknown1();
int unknown2();

/*@
requires flag > 0;
*/
void oopsla_40(int flag) {
    int i, j, k;
    j = 1;
    if (flag) {
        i = 0;
    } else {
        i = 1;
    }

    // Loop A
    /*@
        loop invariant i_0: flag == 0 || i == 0;

        loop invariant i_1: j == 1;

        loop invariant i_2: i <= 1;

        loop invariant i_4: \exists integer k; 0 <= k < i && (k % 2 == 0 && j == 2) || (k % 2 == 1 && j == 1);

        loop invariant i_16: flag == 0 || i == 0 && j == 1;

        loop invariant i_17: b >= a;


        loop assigns j;
        loop assigns i;
    */
    while (unknown1()) {
        i += 2;
        if (i % 2 == 0) {
        j += 2;
        } else j++;
    }

    int a = 0;
    int b = 0;

    // Loop B
    /*@

        loop invariant i_5: a == 0 || b == 0;

        loop invariant i_6: b == (j - i);

        loop invariant i_7: a <= b;

        loop invariant i_8: \exists integer k; 0 <= k < b && a == k;

        loop invariant i_11: flag == 0 || i == 0 && j == 1;

        loop invariant i_12: i <= 1;

        loop invariant i_14: \exists integer k; 0 <= k < i && (k % 2 == 0 && j == 2) || (k % 2 == 1 && j == 1);

        loop invariant i_15: b >= a;


        loop assigns j;
        loop assigns i;
        loop assigns b;
        loop assigns a;
    */
    while (unknown2()) {
        a++;
        b += (j - i);
    }


    //@ assert  a_1: flag ==> a == b;
    
}
----------------------------------------
------------Invariant Info-----------
LOOP A:
i_0: flag == 0 || i == 0
i_1: j == 1
i_2: i <= 1
i_4: \exists integer k; 0 <= k < i && (k % 2 == 0 && j == 2) || (k % 2 == 1 && j == 1)
i_16: flag == 0 || i == 0 && j == 1
i_17: b >= a
LOOP B:
i_5: a == 0 || b == 0
i_6: b == (j - i)
i_7: a <= b
i_8: \exists integer k; 0 <= k < b && a == k
i_11: flag == 0 || i == 0 && j == 1
i_12: i <= 1
i_14: \exists integer k; 0 <= k < i && (k % 2 == 0 && j == 2) || (k % 2 == 1 && j == 1)
i_15: b >= a
------------------------------------
----------Code with Invariants----------
#include <assert.h>
int unknown1();
int unknown2();

/*@
requires flag > 0;
*/
void oopsla_40(int flag) {
    int i, j, k;
    j = 1;
    if (flag) {
        i = 0;
    } else {
        i = 1;
    }

    // Loop A
    /*@
        loop invariant i_0: flag == 0 || i == 0;

        loop invariant i_1: j == 1;

        loop invariant i_2: i <= 1;

        loop invariant i_4: \exists integer k; 0 <= k < i && (k % 2 == 0 && j == 2) || (k % 2 == 1 && j == 1);

        loop invariant i_16: flag == 0 || i == 0 && j == 1;

        loop invariant i_17: b >= a;


        loop assigns j;
        loop assigns i;
    */
    while (unknown1()) {
        i += 2;
        if (i % 2 == 0) {
        j += 2;
        } else j++;
    }

    int a = 0;
    int b = 0;

    // Loop B
    /*@

        loop invariant i_5: a == 0 || b == 0;

        loop invariant i_6: b == (j - i);

        loop invariant i_7: a <= b;

        loop invariant i_8: \exists integer k; 0 <= k < b && a == k;

        loop invariant i_11: flag == 0 || i == 0 && j == 1;

        loop invariant i_12: i <= 1;

        loop invariant i_14: \exists integer k; 0 <= k < i && (k % 2 == 0 && j == 2) || (k % 2 == 1 && j == 1);

        loop invariant i_15: b >= a;


        loop assigns j;
        loop assigns i;
        loop assigns b;
        loop assigns a;
    */
    while (unknown2()) {
        a++;
        b += (j - i);
    }


    //@ assert  a_1: flag ==> a == b;
    
}
----------------------------------------
------------Invariant Info-----------
LOOP A:
i_0: flag == 0 || i == 0
i_1: j == 1
i_2: i <= 1
i_4: \exists integer k; 0 <= k < i && (k % 2 == 0 && j == 2) || (k % 2 == 1 && j == 1)
i_16: flag == 0 || i == 0 && j == 1
i_17: b >= a
LOOP B:
i_5: a == 0 || b == 0
i_6: b == (j - i)
i_7: a <= b
i_8: \exists integer k; 0 <= k < b && a == k
i_11: flag == 0 || i == 0 && j == 1
i_12: i <= 1
i_14: \exists integer k; 0 <= k < i && (k % 2 == 0 && j == 2) || (k % 2 == 1 && j == 1)
i_15: b >= a
------------------------------------
----------Code with Invariants----------
#include <assert.h>
int unknown1();
int unknown2();

/*@
requires flag > 0;
*/
void oopsla_40(int flag) {
    int i, j, k;
    j = 1;
    if (flag) {
        i = 0;
    } else {
        i = 1;
    }

    // Loop A
    /*@
        loop invariant i_0: flag == 0 || i == 0;

        loop invariant i_1: j == 1;

        loop invariant i_2: i <= 1;

        loop invariant i_4: \exists integer k; 0 <= k < i && (k % 2 == 0 && j == 2) || (k % 2 == 1 && j == 1);

        loop invariant i_16: flag == 0 || i == 0 && j == 1;

        loop invariant i_17: b >= a;


        loop assigns j;
        loop assigns i;
    */
    while (unknown1()) {
        i += 2;
        if (i % 2 == 0) {
        j += 2;
        } else j++;
    }

    int a = 0;
    int b = 0;

    // Loop B
    /*@

        loop invariant i_5: a == 0 || b == 0;

        loop invariant i_6: b == (j - i);

        loop invariant i_7: a <= b;

        loop invariant i_8: \exists integer k; 0 <= k < b && a == k;

        loop invariant i_11: flag == 0 || i == 0 && j == 1;

        loop invariant i_12: i <= 1;

        loop invariant i_14: \exists integer k; 0 <= k < i && (k % 2 == 0 && j == 2) || (k % 2 == 1 && j == 1);

        loop invariant i_15: b >= a;


        loop assigns j;
        loop assigns i;
        loop assigns b;
        loop assigns a;
    */
    while (unknown2()) {
        a++;
        b += (j - i);
    }


    //@ assert  a_1: flag ==> a == b;
    
}
----------------------------------------
---------Result---------
Fail
Model: openPangu-Embedded-7B-V1.1
Running time: 449.7520680427551
Proposal number: 12
Verified code:

------------------------
