-----------Model-----------
Model type:
PanguEmbeddedForCausalLM(
  (model): PanguEmbeddedModel(
    (embed_tokens): Embedding(153376, 4096, padding_idx=0)
    (layers): ModuleList(
      (0-33): 34 x PanguEmbeddedDecoderLayer(
        (self_attn): PanguEmbeddedAttention(
          (q_proj): Linear(in_features=4096, out_features=4096, bias=True)
          (k_proj): Linear(in_features=4096, out_features=1024, bias=True)
          (v_proj): Linear(in_features=4096, out_features=1024, bias=True)
          (o_proj): Linear(in_features=4096, out_features=4096, bias=True)
        )
        (mlp): PanguEmbeddedMLP(
          (gate_proj): Linear(in_features=4096, out_features=12800, bias=False)
          (up_proj): Linear(in_features=4096, out_features=12800, bias=False)
          (down_proj): Linear(in_features=12800, out_features=4096, bias=False)
          (act_fn): SiLU()
        )
        (input_layernorm): PanguEmbeddedRMSNorm((4096,), eps=1e-05)
        (post_attention_layernorm): PanguEmbeddedRMSNorm((4096,), eps=1e-05)
      )
    )
    (norm): PanguEmbeddedRMSNorm((4096,), eps=1e-05)
    (rotary_emb): PanguEmbeddedRotaryEmbedding()
  )
  (lm_head): Linear(in_features=4096, out_features=153376, bias=False)
)
Model device:
npu:0
---------------------------
File Path: ../Benchmark/OOPSLA/oopsla_31.c
----------Code----------
#include <assert.h>
int unknown1();

/*
 * "nest-if8" from InvGen benchmark suite
 */

/*@
    requires m + 1 < n;
*/
void oopsla_31(int i, int j, int k, int n, int m) {
    /*@
        loop assigns n, m, k, j, i;
    */
    for (i = 0; i < n; i += 4) {

        /*@
            loop assigns k, j;
        */
        for (j = i; j < m;) {
            if (unknown1()) {
                //@ assert j >= 0;
                j++;
                k = 0;

                /*@
                    loop assigns k;
                */
                while (k < j) {
                    k++;
                }
            } else {
                //@ assert  a_1: n + j + 5 > i;
                j += 2;
            }
        }
    }
}

------------------------
========== Attempt 1 ==========
----------Prompt----------

#include <assert.h>
int unknown1();

/*
 * "nest-if8" from InvGen benchmark suite
 */

/*@
    requires m + 1 < n;
*/
void oopsla_31(int i, int j, int k, int n, int m) {
    // Loop A
    /*@
        [Hint] Please infer the loop invariant for the following loop.

        loop assigns n, m, k, j, i;
    */
    for (i = 0; i < n; i += 4) {

        // Loop B
        /*@
            loop assigns k, j;
        */
        for (j = i; j < m;) {
            if (unknown1()) {
                //@ assert j >= 0;
                j++;
                k = 0;

                // Loop C
                /*@
                    loop assigns k;
                */
                while (k < j) {
                    k++;
                }
            } else {
                //@ assert  a_1: n + j + 5 > i;
                j += 2;
            }
        }
    }
}

You are an expert in program verification, and please generate loop invariant as C annotation comments at the hint location (annotated by "[Hint] Please infer the loop invariant for the following loop.") using ACSL language.
ACSL is a specification language for C programs that conforms to the design by contract paradigm, utilizing Hoare style pre- and postconditions and invariants. Note that the `loop invariant` clause is a condition that is true at the beginning and end of every loop iteration.
Specifically, for the current verification task:
    - Pre-condition: the function's `requires` clauses
    - Post-condition: 
Please verify that the generated loop invariant is consistent with these constraints. If these specific pre- or post-conditions are not provided or empty, please infer the loop invariant strictly based on the program's execution logic and standard correctness.
In order to get a correct answer, You may want to consider both the situation of not entering the loop and the situation of jumping out of the loop. If some of the pre-conditions are also loop invariant, you need to add them to your answer as well.
Use '&&', '||', '==>', '\forall' or '\exists' if necessary. For instance:
```
loop invariant 1 <= x;
loop invariant x == y;
loop invariant 0 < x ==> y <= z;
loop invariant z % 2 == 1 || x == y;
loop invariant z % 2 == 1 && x <= y;
loop invariant \forall integer k;  0 <= k < i ==> max >=  a[k];
loop invariant \exists integer k;  0 <= k < i &&  max == a[k];
loop invariant \forall integer p; 0 <= p < \at(k, End_l) ==> res[p] == \at(res[p], End_l);
```
Your answer should follow the following format:
```
loop invariant ...;
loop invariant ...;
...
```
No explanation. No commentary. Just show me the loop invariant.
 /no_think
--------------------------
----------Response----------
[unused16][unused17]loop invariant i < n;
loop invariant j >= 0;
loop invariant k <= j;
loop invariant m >= 0;
```
----------------------------
----------Prompt----------

#include <assert.h>
int unknown1();

/*
 * "nest-if8" from InvGen benchmark suite
 */

/*@
    requires m + 1 < n;
*/
void oopsla_31(int i, int j, int k, int n, int m) {
    // Loop A
    /*@
        loop invariant i_0: i < n;

        loop invariant i_1: j >= 0;

        loop invariant i_2: k <= j;

        loop invariant i_3: m >= 0;


        loop assigns n, m, k, j, i;
    */
    for (i = 0; i < n; i += 4) {

        // Loop B
        /*@
            loop assigns k, j;
        */
        for (j = i; j < m;) {
            if (unknown1()) {
                //@ assert j >= 0;
                j++;
                k = 0;

                // Loop C
                /*@
                    [Hint] Please infer the loop invariant for the following loop.

                    loop assigns k;
                */
                while (k < j) {
                    k++;
                }
            } else {
                //@ assert  a_1: n + j + 5 > i;
                j += 2;
            }
        }
    }
}

You are an expert in program verification, and please generate loop invariant as C annotation comments at the hint location (annotated by "[Hint] Please infer the loop invariant for the following loop.") using ACSL language.
ACSL is a specification language for C programs that conforms to the design by contract paradigm, utilizing Hoare style pre- and postconditions and invariants. Note that the `loop invariant` clause is a condition that is true at the beginning and end of every loop iteration.
Specifically, for the current verification task:
    - Pre-condition: 
    - Post-condition: 
Please verify that the generated loop invariant is consistent with these constraints. If these specific pre- or post-conditions are not provided or empty, please infer the loop invariant strictly based on the program's execution logic and standard correctness.
In order to get a correct answer, You may want to consider both the situation of not entering the loop and the situation of jumping out of the loop. If some of the pre-conditions are also loop invariant, you need to add them to your answer as well.
Use '&&', '||', '==>', '\forall' or '\exists' if necessary. For instance:
```
loop invariant 1 <= x;
loop invariant x == y;
loop invariant 0 < x ==> y <= z;
loop invariant z % 2 == 1 || x == y;
loop invariant z % 2 == 1 && x <= y;
loop invariant \forall integer k;  0 <= k < i ==> max >=  a[k];
loop invariant \exists integer k;  0 <= k < i &&  max == a[k];
loop invariant \forall integer p; 0 <= p < \at(k, End_l) ==> res[p] == \at(res[p], End_l);
```
Your answer should follow the following format:
```
loop invariant ...;
loop invariant ...;
...
```
No explanation. No commentary. Just show me the loop invariant.
 /no_think
--------------------------
----------Response----------
[unused16][unused17][Loop <Loop C>]
loop invariant k <= j;

[Loop <Loop B>]
loop invariant j >= 0;
loop invariant m >= 0;
```c
int unknown1();
```
----------------------------
----------Prompt----------

#include <assert.h>
int unknown1();

/*
 * "nest-if8" from InvGen benchmark suite
 */

/*@
    requires m + 1 < n;
*/
void oopsla_31(int i, int j, int k, int n, int m) {
    // Loop A
    /*@
        loop invariant i_0: i < n;

        loop invariant i_1: j >= 0;

        loop invariant i_2: k <= j;

        loop invariant i_3: m >= 0;


        loop assigns n, m, k, j, i;
    */
    for (i = 0; i < n; i += 4) {

        // Loop B
        /*@
            [Hint] Please infer the loop invariant for the following loop.

            loop assigns k, j;
        */
        for (j = i; j < m;) {
            if (unknown1()) {
                //@ assert j >= 0;
                j++;
                k = 0;

                // Loop C
                /*@
                    loop invariant i_4: k <= j;

                    loop invariant i_5: j >= 0;

                    loop invariant i_6: m >= 0;


                    loop assigns k;
                */
                while (k < j) {
                    k++;
                }
            } else {
                //@ assert  a_1: n + j + 5 > i;
                j += 2;
            }
        }
    }
}

You are an expert in program verification, and please generate loop invariant as C annotation comments at the hint location (annotated by "[Hint] Please infer the loop invariant for the following loop.") using ACSL language.
ACSL is a specification language for C programs that conforms to the design by contract paradigm, utilizing Hoare style pre- and postconditions and invariants. Note that the `loop invariant` clause is a condition that is true at the beginning and end of every loop iteration.
Specifically, for the current verification task:
    - Pre-condition: i_0:i < n; i_1:j >= 0; i_2:k <= j; i_3:m >= 0; 
    - Post-condition: i_4:k <= j; i_5:j >= 0; i_6:m >= 0; 
Please verify that the generated loop invariant is consistent with these constraints. If these specific pre- or post-conditions are not provided or empty, please infer the loop invariant strictly based on the program's execution logic and standard correctness.
In order to get a correct answer, You may want to consider both the situation of not entering the loop and the situation of jumping out of the loop. If some of the pre-conditions are also loop invariant, you need to add them to your answer as well.
Use '&&', '||', '==>', '\forall' or '\exists' if necessary. For instance:
```
loop invariant 1 <= x;
loop invariant x == y;
loop invariant 0 < x ==> y <= z;
loop invariant z % 2 == 1 || x == y;
loop invariant z % 2 == 1 && x <= y;
loop invariant \forall integer k;  0 <= k < i ==> max >=  a[k];
loop invariant \exists integer k;  0 <= k < i &&  max == a[k];
loop invariant \forall integer p; 0 <= p < \at(k, End_l) ==> res[p] == \at(res[p], End_l);
```
Your answer should follow the following format:
```
loop invariant ...;
loop invariant ...;
...
```
No explanation. No commentary. Just show me the loop invariant.
 /no_think
--------------------------
----------Response----------
[unused16][unused17][Loop <oop B>]
loop invariant i_0: i < n;
loop invariant i_1: j >= 0;
loop invariant i_2: k <= j;
loop invariant i_3: m >= 0;
loop invariant i_4: k <= j;
loop invariant i_5: j >= 0;
loop invariant i_6: m >= 0;
----------------------------
------------Invariant Info-----------
LOOP A:
i_0: i < n
i_1: j >= 0
i_2: k <= j
i_3: m >= 0
LOOP B:
i_7: i < n
i_8: j >= 0
i_9: k <= j
i_10: m >= 0
LOOP C:
i_4: k <= j
i_5: j >= 0
i_6: m >= 0
------------------------------------
---------- Code with Invariants ----------
#include <assert.h>
int unknown1();

/*
 * "nest-if8" from InvGen benchmark suite
 */

/*@
    requires m + 1 < n;
*/
void oopsla_31(int i, int j, int k, int n, int m) {
    // Loop A
    /*@
        loop invariant i_0: i < n;

        loop invariant i_1: j >= 0;

        loop invariant i_2: k <= j;

        loop invariant i_3: m >= 0;


        loop assigns n, m, k, j, i;
    */
    for (i = 0; i < n; i += 4) {

        // Loop B
        /*@
            loop invariant i_7: i < n;

            loop invariant i_8: j >= 0;

            loop invariant i_9: k <= j;

            loop invariant i_10: m >= 0;


            loop assigns k, j;
        */
        for (j = i; j < m;) {
            if (unknown1()) {
                //@ assert j >= 0;
                j++;
                k = 0;

                // Loop C
                /*@
                    loop invariant i_4: k <= j;

                    loop invariant i_5: j >= 0;

                    loop invariant i_6: m >= 0;


                    loop assigns k;
                */
                while (k < j) {
                    k++;
                }
            } else {
                //@ assert  a_1: n + j + 5 > i;
                j += 2;
            }
        }
    }
}

------------------------------------------
Verification failed (Fail_22_29), removing all invariants and retrying.
========== Attempt 2 ==========
----------Prompt----------

#include <assert.h>
int unknown1();

/*
 * "nest-if8" from InvGen benchmark suite
 */

/*@
    requires m + 1 < n;
*/
void oopsla_31(int i, int j, int k, int n, int m) {
    // Loop A
    /*@
        [Hint] Please infer the loop invariant for the following loop.

        loop assigns n, m, k, j, i;
    */
    for (i = 0; i < n; i += 4) {

        // Loop B
        /*@
            loop assigns k, j;
        */
        for (j = i; j < m;) {
            if (unknown1()) {
                //@ assert j >= 0;
                j++;
                k = 0;

                // Loop C
                /*@
                    loop assigns k;
                */
                while (k < j) {
                    k++;
                }
            } else {
                //@ assert  a_1: n + j + 5 > i;
                j += 2;
            }
        }
    }
}

You are an expert in program verification, and please generate loop invariant as C annotation comments at the hint location (annotated by "[Hint] Please infer the loop invariant for the following loop.") using ACSL language.
ACSL is a specification language for C programs that conforms to the design by contract paradigm, utilizing Hoare style pre- and postconditions and invariants. Note that the `loop invariant` clause is a condition that is true at the beginning and end of every loop iteration.
Specifically, for the current verification task:
    - Pre-condition: the function's `requires` clauses
    - Post-condition: 
Please verify that the generated loop invariant is consistent with these constraints. If these specific pre- or post-conditions are not provided or empty, please infer the loop invariant strictly based on the program's execution logic and standard correctness.
In order to get a correct answer, You may want to consider both the situation of not entering the loop and the situation of jumping out of the loop. If some of the pre-conditions are also loop invariant, you need to add them to your answer as well.
Use '&&', '||', '==>', '\forall' or '\exists' if necessary. For instance:
```
loop invariant 1 <= x;
loop invariant x == y;
loop invariant 0 < x ==> y <= z;
loop invariant z % 2 == 1 || x == y;
loop invariant z % 2 == 1 && x <= y;
loop invariant \forall integer k;  0 <= k < i ==> max >=  a[k];
loop invariant \exists integer k;  0 <= k < i &&  max == a[k];
loop invariant \forall integer p; 0 <= p < \at(k, End_l) ==> res[p] == \at(res[p], End_l);
```
Your answer should follow the following format:
```
loop invariant ...;
loop invariant ...;
...
```
No explanation. No commentary. Just show me the loop invariant.
 /no_think
--------------------------
----------Response----------
[unused16][unused17]loop invariant i + j + k <= n;
loop invariant k >= 0 && j >= i;
loop invariant k <= j;
loop invariant j >= 0 && j < m;
loop invariant i % 4 == 0;
```
----------------------------
----------Prompt----------

#include <assert.h>
int unknown1();

/*
 * "nest-if8" from InvGen benchmark suite
 */

/*@
    requires m + 1 < n;
*/
void oopsla_31(int i, int j, int k, int n, int m) {
    // Loop A
    /*@
        loop invariant i_11: i + j + k <= n;

        loop invariant i_12: k >= 0 && j >= i;

        loop invariant i_13: k <= j;

        loop invariant i_14: j >= 0 && j < m;

        loop invariant i_15: i % 4 == 0;


        loop assigns n, m, k, j, i;
    */
    for (i = 0; i < n; i += 4) {

        // Loop B
        /*@
            loop assigns k, j;
        */
        for (j = i; j < m;) {
            if (unknown1()) {
                //@ assert j >= 0;
                j++;
                k = 0;

                // Loop C
                /*@
                    [Hint] Please infer the loop invariant for the following loop.

                    loop assigns k;
                */
                while (k < j) {
                    k++;
                }
            } else {
                //@ assert  a_1: n + j + 5 > i;
                j += 2;
            }
        }
    }
}

You are an expert in program verification, and please generate loop invariant as C annotation comments at the hint location (annotated by "[Hint] Please infer the loop invariant for the following loop.") using ACSL language.
ACSL is a specification language for C programs that conforms to the design by contract paradigm, utilizing Hoare style pre- and postconditions and invariants. Note that the `loop invariant` clause is a condition that is true at the beginning and end of every loop iteration.
Specifically, for the current verification task:
    - Pre-condition: 
    - Post-condition: 
Please verify that the generated loop invariant is consistent with these constraints. If these specific pre- or post-conditions are not provided or empty, please infer the loop invariant strictly based on the program's execution logic and standard correctness.
In order to get a correct answer, You may want to consider both the situation of not entering the loop and the situation of jumping out of the loop. If some of the pre-conditions are also loop invariant, you need to add them to your answer as well.
Use '&&', '||', '==>', '\forall' or '\exists' if necessary. For instance:
```
loop invariant 1 <= x;
loop invariant x == y;
loop invariant 0 < x ==> y <= z;
loop invariant z % 2 == 1 || x == y;
loop invariant z % 2 == 1 && x <= y;
loop invariant \forall integer k;  0 <= k < i ==> max >=  a[k];
loop invariant \exists integer k;  0 <= k < i &&  max == a[k];
loop invariant \forall integer p; 0 <= p < \at(k, End_l) ==> res[p] == \at(res[p], End_l);
```
Your answer should follow the following format:
```
loop invariant ...;
loop invariant ...;
...
```
No explanation. No commentary. Just show me the loop invariant.
 /no_think
--------------------------
----------Response----------
[unused16][unused17][Loop <CUR_LOOP>]
loop invariant k >= 0 && k < j;

[Loop <PRE_LOOP>]
loop invariant j >= i;

[Loop <CUR_LOOP>]
loop invariant k <= j;

[Loop <CUR_LOOP>]  
loop invariant k >= 0 && k < j;

[Loop <PRE_LOOP>]  
loop invariant j >= i;

[Loop <CUR_LOOP>]  
loop invariant k >= 0 && k < j;

[Loop <CUR_LOOP>]  
loop invariant k <= j;

[Loop <CUR_LOOP>]  
loop invariant j >= i;

[Loop <PRE_LOOP>]  
loop invariant i + j + k <= n;

[Loop <PRE_LOOP>]  
loop invariant k <= j && j >= i;

[Loop <CUR_LOOP>]  
loop invariant j >= 0 && j < m;

[Loop <CUR_LOOP>]  
loop invariant i % 4 == 0;
----------------------------
----------Prompt----------

#include <assert.h>
int unknown1();

/*
 * "nest-if8" from InvGen benchmark suite
 */

/*@
    requires m + 1 < n;
*/
void oopsla_31(int i, int j, int k, int n, int m) {
    // Loop A
    /*@
        loop invariant i_11: i + j + k <= n;

        loop invariant i_12: k >= 0 && j >= i;

        loop invariant i_13: k <= j;

        loop invariant i_14: j >= 0 && j < m;

        loop invariant i_15: i % 4 == 0;


        loop assigns n, m, k, j, i;
    */
    for (i = 0; i < n; i += 4) {

        // Loop B
        /*@
            [Hint] Please infer the loop invariant for the following loop.

            loop assigns k, j;
        */
        for (j = i; j < m;) {
            if (unknown1()) {
                //@ assert j >= 0;
                j++;
                k = 0;

                // Loop C
                /*@
                    loop invariant i_16: k >= 0 && k < j;

                    loop invariant i_17: j >= i;

                    loop invariant i_18: k <= j;

                    loop invariant i_19: i + j + k <= n;

                    loop invariant i_20: k <= j && j >= i;

                    loop invariant i_21: j >= 0 && j < m;

                    loop invariant i_22: i % 4 == 0;


                    loop assigns k;
                */
                while (k < j) {
                    k++;
                }
            } else {
                //@ assert  a_1: n + j + 5 > i;
                j += 2;
            }
        }
    }
}

You are an expert in program verification, and please generate loop invariant as C annotation comments at the hint location (annotated by "[Hint] Please infer the loop invariant for the following loop.") using ACSL language.
ACSL is a specification language for C programs that conforms to the design by contract paradigm, utilizing Hoare style pre- and postconditions and invariants. Note that the `loop invariant` clause is a condition that is true at the beginning and end of every loop iteration.
Specifically, for the current verification task:
    - Pre-condition: i_11:i + j + k <= n; i_12:k >= 0 && j >= i; i_13:k <= j; i_14:j >= 0 && j < m; i_15:i % 4 == 0; 
    - Post-condition: i_16:k >= 0 && k < j; i_17:j >= i; i_18:k <= j; i_19:i + j + k <= n; i_20:k <= j && j >= i; i_21:j >= 0 && j < m; i_22:i % 4 == 0; 
Please verify that the generated loop invariant is consistent with these constraints. If these specific pre- or post-conditions are not provided or empty, please infer the loop invariant strictly based on the program's execution logic and standard correctness.
In order to get a correct answer, You may want to consider both the situation of not entering the loop and the situation of jumping out of the loop. If some of the pre-conditions are also loop invariant, you need to add them to your answer as well.
Use '&&', '||', '==>', '\forall' or '\exists' if necessary. For instance:
```
loop invariant 1 <= x;
loop invariant x == y;
loop invariant 0 < x ==> y <= z;
loop invariant z % 2 == 1 || x == y;
loop invariant z % 2 == 1 && x <= y;
loop invariant \forall integer k;  0 <= k < i ==> max >=  a[k];
loop invariant \exists integer k;  0 <= k < i &&  max == a[k];
loop invariant \forall integer p; 0 <= p < \at(k, End_l) ==> res[p] == \at(res[p], End_l);
```
Your answer should follow the following format:
```
loop invariant ...;
loop invariant ...;
...
```
No explanation. No commentary. Just show me the loop invariant.
 /no_think
--------------------------
----------Response----------
[unused16][unused17][Loop <Loop B>]
loop invariant i_16: k >= 0 && k < j;
loop invariant i_17: j >= i;
loop invariant i_18: k <= j;
loop invariant i_19: i + j + k <= n;
loop invariant i_20: k <= j && j >= i;
loop invariant i_21: j >= 0 && j < m;
loop invariant i_22: i % 4 == 0;
----------------------------
------------Invariant Info-----------
LOOP A:
i_11: i + j + k <= n
i_12: k >= 0 && j >= i
i_13: k <= j
i_14: j >= 0 && j < m
i_15: i % 4 == 0
LOOP B:
i_23: k >= 0 && k < j
i_24: j >= i
i_25: k <= j
i_26: i + j + k <= n
i_27: k <= j && j >= i
i_28: j >= 0 && j < m
i_29: i % 4 == 0
LOOP C:
i_16: k >= 0 && k < j
i_17: j >= i
i_18: k <= j
i_19: i + j + k <= n
i_20: k <= j && j >= i
i_21: j >= 0 && j < m
i_22: i % 4 == 0
------------------------------------
---------- Code with Invariants ----------
#include <assert.h>
int unknown1();

/*
 * "nest-if8" from InvGen benchmark suite
 */

/*@
    requires m + 1 < n;
*/
void oopsla_31(int i, int j, int k, int n, int m) {
    // Loop A
    /*@
        loop invariant i_11: i + j + k <= n;

        loop invariant i_12: k >= 0 && j >= i;

        loop invariant i_13: k <= j;

        loop invariant i_14: j >= 0 && j < m;

        loop invariant i_15: i % 4 == 0;


        loop assigns n, m, k, j, i;
    */
    for (i = 0; i < n; i += 4) {

        // Loop B
        /*@
            loop invariant i_23: k >= 0 && k < j;

            loop invariant i_24: j >= i;

            loop invariant i_25: k <= j;

            loop invariant i_26: i + j + k <= n;

            loop invariant i_27: k <= j && j >= i;

            loop invariant i_28: j >= 0 && j < m;

            loop invariant i_29: i % 4 == 0;


            loop assigns k, j;
        */
        for (j = i; j < m;) {
            if (unknown1()) {
                //@ assert j >= 0;
                j++;
                k = 0;

                // Loop C
                /*@
                    loop invariant i_16: k >= 0 && k < j;

                    loop invariant i_17: j >= i;

                    loop invariant i_18: k <= j;

                    loop invariant i_19: i + j + k <= n;

                    loop invariant i_20: k <= j && j >= i;

                    loop invariant i_21: j >= 0 && j < m;

                    loop invariant i_22: i % 4 == 0;


                    loop assigns k;
                */
                while (k < j) {
                    k++;
                }
            } else {
                //@ assert  a_1: n + j + 5 > i;
                j += 2;
            }
        }
    }
}

------------------------------------------
Verification failed (Fail_34_45), removing all invariants and retrying.
========== Attempt 3 ==========
----------Prompt----------

#include <assert.h>
int unknown1();

/*
 * "nest-if8" from InvGen benchmark suite
 */

/*@
    requires m + 1 < n;
*/
void oopsla_31(int i, int j, int k, int n, int m) {
    // Loop A
    /*@
        [Hint] Please infer the loop invariant for the following loop.

        loop assigns n, m, k, j, i;
    */
    for (i = 0; i < n; i += 4) {

        // Loop B
        /*@
            loop assigns k, j;
        */
        for (j = i; j < m;) {
            if (unknown1()) {
                //@ assert j >= 0;
                j++;
                k = 0;

                // Loop C
                /*@
                    loop assigns k;
                */
                while (k < j) {
                    k++;
                }
            } else {
                //@ assert  a_1: n + j + 5 > i;
                j += 2;
            }
        }
    }
}

You are an expert in program verification, and please generate loop invariant as C annotation comments at the hint location (annotated by "[Hint] Please infer the loop invariant for the following loop.") using ACSL language.
ACSL is a specification language for C programs that conforms to the design by contract paradigm, utilizing Hoare style pre- and postconditions and invariants. Note that the `loop invariant` clause is a condition that is true at the beginning and end of every loop iteration.
Specifically, for the current verification task:
    - Pre-condition: the function's `requires` clauses
    - Post-condition: 
Please verify that the generated loop invariant is consistent with these constraints. If these specific pre- or post-conditions are not provided or empty, please infer the loop invariant strictly based on the program's execution logic and standard correctness.
In order to get a correct answer, You may want to consider both the situation of not entering the loop and the situation of jumping out of the loop. If some of the pre-conditions are also loop invariant, you need to add them to your answer as well.
Use '&&', '||', '==>', '\forall' or '\exists' if necessary. For instance:
```
loop invariant 1 <= x;
loop invariant x == y;
loop invariant 0 < x ==> y <= z;
loop invariant z % 2 == 1 || x == y;
loop invariant z % 2 == 1 && x <= y;
loop invariant \forall integer k;  0 <= k < i ==> max >=  a[k];
loop invariant \exists integer k;  0 <= k < i &&  max == a[k];
loop invariant \forall integer p; 0 <= p < \at(k, End_l) ==> res[p] == \at(res[p], End_l);
```
Your answer should follow the following format:
```
loop invariant ...;
loop invariant ...;
...
```
No explanation. No commentary. Just show me the loop invariant.
 /no_think
--------------------------
----------Response----------
[unused16][unused17]loop invariant n + j + k >= i;;
loop invariant j >= 0;
loop invariant k >= 0;
loop invariant i + 4 <= j && j >= 0 && j < m;
loop invariant k <= j;
```
----------------------------
----------Prompt----------

#include <assert.h>
int unknown1();

/*
 * "nest-if8" from InvGen benchmark suite
 */

/*@
    requires m + 1 < n;
*/
void oopsla_31(int i, int j, int k, int n, int m) {
    // Loop A
    /*@
        loop invariant i_30: n + j + k >= i;

        loop invariant i_31: j >= 0;

        loop invariant i_32: k >= 0;

        loop invariant i_33: i + 4 <= j && j >= 0 && j < m;

        loop invariant i_34: k <= j;


        loop assigns n, m, k, j, i;
    */
    for (i = 0; i < n; i += 4) {

        // Loop B
        /*@
            loop assigns k, j;
        */
        for (j = i; j < m;) {
            if (unknown1()) {
                //@ assert j >= 0;
                j++;
                k = 0;

                // Loop C
                /*@
                    [Hint] Please infer the loop invariant for the following loop.

                    loop assigns k;
                */
                while (k < j) {
                    k++;
                }
            } else {
                //@ assert  a_1: n + j + 5 > i;
                j += 2;
            }
        }
    }
}

You are an expert in program verification, and please generate loop invariant as C annotation comments at the hint location (annotated by "[Hint] Please infer the loop invariant for the following loop.") using ACSL language.
ACSL is a specification language for C programs that conforms to the design by contract paradigm, utilizing Hoare style pre- and postconditions and invariants. Note that the `loop invariant` clause is a condition that is true at the beginning and end of every loop iteration.
Specifically, for the current verification task:
    - Pre-condition: 
    - Post-condition: 
Please verify that the generated loop invariant is consistent with these constraints. If these specific pre- or post-conditions are not provided or empty, please infer the loop invariant strictly based on the program's execution logic and standard correctness.
In order to get a correct answer, You may want to consider both the situation of not entering the loop and the situation of jumping out of the loop. If some of the pre-conditions are also loop invariant, you need to add them to your answer as well.
Use '&&', '||', '==>', '\forall' or '\exists' if necessary. For instance:
```
loop invariant 1 <= x;
loop invariant x == y;
loop invariant 0 < x ==> y <= z;
loop invariant z % 2 == 1 || x == y;
loop invariant z % 2 == 1 && x <= y;
loop invariant \forall integer k;  0 <= k < i ==> max >=  a[k];
loop invariant \exists integer k;  0 <= k < i &&  max == a[k];
loop invariant \forall integer p; 0 <= p < \at(k, End_l) ==> res[p] == \at(res[p], End_l);
```
Your answer should follow the following format:
```
loop invariant ...;
loop invariant ...;
...
```
No explanation. No commentary. Just show me the loop invariant.
 /no_think
--------------------------
----------Response----------
[unused16][unused17]loop invariant j >= i && j < m;
loop invariant k <= j;
loop invariant i + 4 <= j && j >= 0 && j < m;
loop invariant n + j + k >= i;
loop invariant i >= 0;
loop invariant m >= j;
loop invariant k >= 0;
----------------------------
----------Prompt----------

#include <assert.h>
int unknown1();

/*
 * "nest-if8" from InvGen benchmark suite
 */

/*@
    requires m + 1 < n;
*/
void oopsla_31(int i, int j, int k, int n, int m) {
    // Loop A
    /*@
        loop invariant i_30: n + j + k >= i;

        loop invariant i_31: j >= 0;

        loop invariant i_32: k >= 0;

        loop invariant i_33: i + 4 <= j && j >= 0 && j < m;

        loop invariant i_34: k <= j;


        loop assigns n, m, k, j, i;
    */
    for (i = 0; i < n; i += 4) {

        // Loop B
        /*@
            [Hint] Please infer the loop invariant for the following loop.

            loop assigns k, j;
        */
        for (j = i; j < m;) {
            if (unknown1()) {
                //@ assert j >= 0;
                j++;
                k = 0;

                // Loop C
                /*@
                    loop invariant i_35: j >= i && j < m;

                    loop invariant i_36: k <= j;

                    loop invariant i_37: i + 4 <= j && j >= 0 && j < m;

                    loop invariant i_38: n + j + k >= i;

                    loop invariant i_39: i >= 0;

                    loop invariant i_40: m >= j;

                    loop invariant i_41: k >= 0;


                    loop assigns k;
                */
                while (k < j) {
                    k++;
                }
            } else {
                //@ assert  a_1: n + j + 5 > i;
                j += 2;
            }
        }
    }
}

You are an expert in program verification, and please generate loop invariant as C annotation comments at the hint location (annotated by "[Hint] Please infer the loop invariant for the following loop.") using ACSL language.
ACSL is a specification language for C programs that conforms to the design by contract paradigm, utilizing Hoare style pre- and postconditions and invariants. Note that the `loop invariant` clause is a condition that is true at the beginning and end of every loop iteration.
Specifically, for the current verification task:
    - Pre-condition: i_30:n + j + k >= i; i_31:j >= 0; i_32:k >= 0; i_33:i + 4 <= j && j >= 0 && j < m; i_34:k <= j; 
    - Post-condition: i_35:j >= i && j < m; i_36:k <= j; i_37:i + 4 <= j && j >= 0 && j < m; i_38:n + j + k >= i; i_39:i >= 0; i_40:m >= j; i_41:k >= 0; 
Please verify that the generated loop invariant is consistent with these constraints. If these specific pre- or post-conditions are not provided or empty, please infer the loop invariant strictly based on the program's execution logic and standard correctness.
In order to get a correct answer, You may want to consider both the situation of not entering the loop and the situation of jumping out of the loop. If some of the pre-conditions are also loop invariant, you need to add them to your answer as well.
Use '&&', '||', '==>', '\forall' or '\exists' if necessary. For instance:
```
loop invariant 1 <= x;
loop invariant x == y;
loop invariant 0 < x ==> y <= z;
loop invariant z % 2 == 1 || x == y;
loop invariant z % 2 == 1 && x <= y;
loop invariant \forall integer k;  0 <= k < i ==> max >=  a[k];
loop invariant \exists integer k;  0 <= k < i &&  max == a[k];
loop invariant \forall integer p; 0 <= p < \at(k, End_l) ==> res[p] == \at(res[p], End_l);
```
Your answer should follow the following format:
```
loop invariant ...;
loop invariant ...;
...
```
No explanation. No commentary. Just show me the loop invariant.
 /no_think
--------------------------
----------Response----------
[unused16][unused17]loop invariant i_30: n + j + k >= i;
loop invariant i_31: j >= 0;
loop invariant i_32: k >= 0;
loop invariant i_33: i + 4 <= j && j >= 0 && j < m;
loop invariant i_34: k <= j;
loop invariant i_35: j >= i && j < m;
loop invariant i_36: k <= j;
loop invariant i_37: i + 4 <= j && j >= 0 && j < m;
loop invariant i_38: n + j + k >= i;
loop invariant i_39: i >= 0;
loop invariant i_40: m >= j;
loop invariant i_41: k >= 0;
----------------------------
------------Invariant Info-----------
LOOP A:
i_30: n + j + k >= i
i_31: j >= 0
i_32: k >= 0
i_33: i + 4 <= j && j >= 0 && j < m
i_34: k <= j
LOOP B:
i_42: n + j + k >= i
i_43: j >= 0
i_44: k >= 0
i_45: i + 4 <= j && j >= 0 && j < m
i_46: k <= j
i_47: j >= i && j < m
i_48: i >= 0
i_49: m >= j
LOOP C:
i_35: j >= i && j < m
i_36: k <= j
i_37: i + 4 <= j && j >= 0 && j < m
i_38: n + j + k >= i
i_39: i >= 0
i_40: m >= j
i_41: k >= 0
------------------------------------
---------- Code with Invariants ----------
#include <assert.h>
int unknown1();

/*
 * "nest-if8" from InvGen benchmark suite
 */

/*@
    requires m + 1 < n;
*/
void oopsla_31(int i, int j, int k, int n, int m) {
    // Loop A
    /*@
        loop invariant i_30: n + j + k >= i;

        loop invariant i_31: j >= 0;

        loop invariant i_32: k >= 0;

        loop invariant i_33: i + 4 <= j && j >= 0 && j < m;

        loop invariant i_34: k <= j;


        loop assigns n, m, k, j, i;
    */
    for (i = 0; i < n; i += 4) {

        // Loop B
        /*@
            loop invariant i_42: n + j + k >= i;

            loop invariant i_43: j >= 0;

            loop invariant i_44: k >= 0;

            loop invariant i_45: i + 4 <= j && j >= 0 && j < m;

            loop invariant i_46: k <= j;

            loop invariant i_47: j >= i && j < m;

            loop invariant i_48: i >= 0;

            loop invariant i_49: m >= j;


            loop assigns k, j;
        */
        for (j = i; j < m;) {
            if (unknown1()) {
                //@ assert j >= 0;
                j++;
                k = 0;

                // Loop C
                /*@
                    loop invariant i_35: j >= i && j < m;

                    loop invariant i_36: k <= j;

                    loop invariant i_37: i + 4 <= j && j >= 0 && j < m;

                    loop invariant i_38: n + j + k >= i;

                    loop invariant i_39: i >= 0;

                    loop invariant i_40: m >= j;

                    loop invariant i_41: k >= 0;


                    loop assigns k;
                */
                while (k < j) {
                    k++;
                }
            } else {
                //@ assert  a_1: n + j + 5 > i;
                j += 2;
            }
        }
    }
}

------------------------------------------
Verification failed (Fail_39_47), removing all invariants and retrying.
========== Attempt 4 ==========
----------Prompt----------

#include <assert.h>
int unknown1();

/*
 * "nest-if8" from InvGen benchmark suite
 */

/*@
    requires m + 1 < n;
*/
void oopsla_31(int i, int j, int k, int n, int m) {
    // Loop A
    /*@
        [Hint] Please infer the loop invariant for the following loop.

        loop assigns n, m, k, j, i;
    */
    for (i = 0; i < n; i += 4) {

        // Loop B
        /*@
            loop assigns k, j;
        */
        for (j = i; j < m;) {
            if (unknown1()) {
                //@ assert j >= 0;
                j++;
                k = 0;

                // Loop C
                /*@
                    loop assigns k;
                */
                while (k < j) {
                    k++;
                }
            } else {
                //@ assert  a_1: n + j + 5 > i;
                j += 2;
            }
        }
    }
}

You are an expert in program verification, and please generate loop invariant as C annotation comments at the hint location (annotated by "[Hint] Please infer the loop invariant for the following loop.") using ACSL language.
ACSL is a specification language for C programs that conforms to the design by contract paradigm, utilizing Hoare style pre- and postconditions and invariants. Note that the `loop invariant` clause is a condition that is true at the beginning and end of every loop iteration.
Specifically, for the current verification task:
    - Pre-condition: the function's `requires` clauses
    - Post-condition: 
Please verify that the generated loop invariant is consistent with these constraints. If these specific pre- or post-conditions are not provided or empty, please infer the loop invariant strictly based on the program's execution logic and standard correctness.
In order to get a correct answer, You may want to consider both the situation of not entering the loop and the situation of jumping out of the loop. If some of the pre-conditions are also loop invariant, you need to add them to your answer as well.
Use '&&', '||', '==>', '\forall' or '\exists' if necessary. For instance:
```
loop invariant 1 <= x;
loop invariant x == y;
loop invariant 0 < x ==> y <= z;
loop invariant z % 2 == 1 || x == y;
loop invariant z % 2 == 1 && x <= y;
loop invariant \forall integer k;  0 <= k < i ==> max >=  a[k];
loop invariant \exists integer k;  0 <= k < i &&  max == a[k];
loop invariant \forall integer p; 0 <= p < \at(k, End_l) ==> res[p] == \at(res[p], End_l);
```
Your answer should follow the following format:
```
loop invariant ...;
loop invariant ...;
...
```
No explanation. No commentary. Just show me the loop invariant.
 /no_think
--------------------------
----------Response----------
[unused16][unused17]loop invariant i, j, k;
loop invariant i < n && j >= i;
loop invariant j < m;
loop invariant k >= 0;
----------------------------
----------Prompt----------

#include <assert.h>
int unknown1();

/*
 * "nest-if8" from InvGen benchmark suite
 */

/*@
    requires m + 1 < n;
*/
void oopsla_31(int i, int j, int k, int n, int m) {
    // Loop A
    /*@
        loop invariant i_50: i, j, k;

        loop invariant i_51: i < n && j >= i;

        loop invariant i_52: j < m;

        loop invariant i_53: k >= 0;


        loop assigns n, m, k, j, i;
    */
    for (i = 0; i < n; i += 4) {

        // Loop B
        /*@
            loop assigns k, j;
        */
        for (j = i; j < m;) {
            if (unknown1()) {
                //@ assert j >= 0;
                j++;
                k = 0;

                // Loop C
                /*@
                    [Hint] Please infer the loop invariant for the following loop.

                    loop assigns k;
                */
                while (k < j) {
                    k++;
                }
            } else {
                //@ assert  a_1: n + j + 5 > i;
                j += 2;
            }
        }
    }
}

You are an expert in program verification, and please generate loop invariant as C annotation comments at the hint location (annotated by "[Hint] Please infer the loop invariant for the following loop.") using ACSL language.
ACSL is a specification language for C programs that conforms to the design by contract paradigm, utilizing Hoare style pre- and postconditions and invariants. Note that the `loop invariant` clause is a condition that is true at the beginning and end of every loop iteration.
Specifically, for the current verification task:
    - Pre-condition: 
    - Post-condition: 
Please verify that the generated loop invariant is consistent with these constraints. If these specific pre- or post-conditions are not provided or empty, please infer the loop invariant strictly based on the program's execution logic and standard correctness.
In order to get a correct answer, You may want to consider both the situation of not entering the loop and the situation of jumping out of the loop. If some of the pre-conditions are also loop invariant, you need to add them to your answer as well.
Use '&&', '||', '==>', '\forall' or '\exists' if necessary. For instance:
```
loop invariant 1 <= x;
loop invariant x == y;
loop invariant 0 < x ==> y <= z;
loop invariant z % 2 == 1 || x == y;
loop invariant z % 2 == 1 && x <= y;
loop invariant \forall integer k;  0 <= k < i ==> max >=  a[k];
loop invariant \exists integer k;  0 <= k < i &&  max == a[k];
loop invariant \forall integer p; 0 <= p < \at(k, End_l) ==> res[p] == \at(res[p], End_l);
```
Your answer should follow the following format:
```
loop invariant ...;
loop invariant ...;
...
```
No explanation. No commentary. Just show me the loop invariant.
 /no_think
--------------------------
----------Response----------
[unused16][unused17][Loop <Loop B>]
loop invariant i, j, k;

[Loop <Loop C>]
loop invariant j >= 0 && k <= j;

[Loop <Loop B>]
loop invariant i < n && j >= i && j < m && k >= 0;

[Loop <Loop C>]
loop invariant k == j;

[Loop <Loop B>]
loop invariant i < n && j >= i && j < m && k >= 0;

[Loop <Loop C>]
loop invariant k == j;
----------------------------
----------Prompt----------

#include <assert.h>
int unknown1();

/*
 * "nest-if8" from InvGen benchmark suite
 */

/*@
    requires m + 1 < n;
*/
void oopsla_31(int i, int j, int k, int n, int m) {
    // Loop A
    /*@
        loop invariant i_50: i, j, k;

        loop invariant i_51: i < n && j >= i;

        loop invariant i_52: j < m;

        loop invariant i_53: k >= 0;


        loop assigns n, m, k, j, i;
    */
    for (i = 0; i < n; i += 4) {

        // Loop B
        /*@
            [Hint] Please infer the loop invariant for the following loop.

            loop assigns k, j;
        */
        for (j = i; j < m;) {
            if (unknown1()) {
                //@ assert j >= 0;
                j++;
                k = 0;

                // Loop C
                /*@
                    loop invariant i_54: i, j, k;

                    loop invariant i_55: j >= 0 && k <= j;

                    loop invariant i_56: i < n && j >= i && j < m && k >= 0;

                    loop invariant i_57: k == j;


                    loop assigns k;
                */
                while (k < j) {
                    k++;
                }
            } else {
                //@ assert  a_1: n + j + 5 > i;
                j += 2;
            }
        }
    }
}

You are an expert in program verification, and please generate loop invariant as C annotation comments at the hint location (annotated by "[Hint] Please infer the loop invariant for the following loop.") using ACSL language.
ACSL is a specification language for C programs that conforms to the design by contract paradigm, utilizing Hoare style pre- and postconditions and invariants. Note that the `loop invariant` clause is a condition that is true at the beginning and end of every loop iteration.
Specifically, for the current verification task:
    - Pre-condition: i_50:i, j, k; i_51:i < n && j >= i; i_52:j < m; i_53:k >= 0; 
    - Post-condition: i_54:i, j, k; i_55:j >= 0 && k <= j; i_56:i < n && j >= i && j < m && k >= 0; i_57:k == j; 
Please verify that the generated loop invariant is consistent with these constraints. If these specific pre- or post-conditions are not provided or empty, please infer the loop invariant strictly based on the program's execution logic and standard correctness.
In order to get a correct answer, You may want to consider both the situation of not entering the loop and the situation of jumping out of the loop. If some of the pre-conditions are also loop invariant, you need to add them to your answer as well.
Use '&&', '||', '==>', '\forall' or '\exists' if necessary. For instance:
```
loop invariant 1 <= x;
loop invariant x == y;
loop invariant 0 < x ==> y <= z;
loop invariant z % 2 == 1 || x == y;
loop invariant z % 2 == 1 && x <= y;
loop invariant \forall integer k;  0 <= k < i ==> max >=  a[k];
loop invariant \exists integer k;  0 <= k < i &&  max == a[k];
loop invariant \forall integer p; 0 <= p < \at(k, End_l) ==> res[p] == \at(res[p], End_l);
```
Your answer should follow the following format:
```
loop invariant ...;
loop invariant ...;
...
```
No explanation. No commentary. Just show me the loop invariant.
 /no_think
--------------------------
----------Response----------
[unused16][unused17][Loop <Loop B>]
loop invariant i, j, k;
loop invariant i < n && j >= i;
loop invariant j < m;
loop invariant k >= 0;
loop invariant k == j;

[Loop <Loop C>]  
loop invariant i, j, k;
loop invariant j >= 0 && k <= j;
loop invariant i < n && j >= i && j < m && k >= 0;
loop invariant k == j;
----------------------------
------------Invariant Info-----------
LOOP A:
i_50: i, j, k
i_51: i < n && j >= i
i_52: j < m
i_53: k >= 0
LOOP B:
i_58: i, j, k
i_59: i < n && j >= i
i_60: j < m
i_61: k >= 0
i_62: k == j
i_63: j >= 0 && k <= j
i_64: i < n && j >= i && j < m && k >= 0
LOOP C:
i_54: i, j, k
i_55: j >= 0 && k <= j
i_56: i < n && j >= i && j < m && k >= 0
i_57: k == j
------------------------------------
---------- Code with Invariants ----------
#include <assert.h>
int unknown1();

/*
 * "nest-if8" from InvGen benchmark suite
 */

/*@
    requires m + 1 < n;
*/
void oopsla_31(int i, int j, int k, int n, int m) {
    // Loop A
    /*@
        loop invariant i_50: i, j, k;

        loop invariant i_51: i < n && j >= i;

        loop invariant i_52: j < m;

        loop invariant i_53: k >= 0;


        loop assigns n, m, k, j, i;
    */
    for (i = 0; i < n; i += 4) {

        // Loop B
        /*@
            loop invariant i_58: i, j, k;

            loop invariant i_59: i < n && j >= i;

            loop invariant i_60: j < m;

            loop invariant i_61: k >= 0;

            loop invariant i_62: k == j;

            loop invariant i_63: j >= 0 && k <= j;

            loop invariant i_64: i < n && j >= i && j < m && k >= 0;


            loop assigns k, j;
        */
        for (j = i; j < m;) {
            if (unknown1()) {
                //@ assert j >= 0;
                j++;
                k = 0;

                // Loop C
                /*@
                    loop invariant i_54: i, j, k;

                    loop invariant i_55: j >= 0 && k <= j;

                    loop invariant i_56: i < n && j >= i && j < m && k >= 0;

                    loop invariant i_57: k == j;


                    loop assigns k;
                */
                while (k < j) {
                    k++;
                }
            } else {
                //@ assert  a_1: n + j + 5 > i;
                j += 2;
            }
        }
    }
}

------------------------------------------
Verification failed (Invalid), removing all invariants and retrying.
========== Attempt 5 ==========
----------Prompt----------

#include <assert.h>
int unknown1();

/*
 * "nest-if8" from InvGen benchmark suite
 */

/*@
    requires m + 1 < n;
*/
void oopsla_31(int i, int j, int k, int n, int m) {
    // Loop A
    /*@
        [Hint] Please infer the loop invariant for the following loop.

        loop assigns n, m, k, j, i;
    */
    for (i = 0; i < n; i += 4) {

        // Loop B
        /*@
            loop assigns k, j;
        */
        for (j = i; j < m;) {
            if (unknown1()) {
                //@ assert j >= 0;
                j++;
                k = 0;

                // Loop C
                /*@
                    loop assigns k;
                */
                while (k < j) {
                    k++;
                }
            } else {
                //@ assert  a_1: n + j + 5 > i;
                j += 2;
            }
        }
    }
}

You are an expert in program verification, and please generate loop invariant as C annotation comments at the hint location (annotated by "[Hint] Please infer the loop invariant for the following loop.") using ACSL language.
ACSL is a specification language for C programs that conforms to the design by contract paradigm, utilizing Hoare style pre- and postconditions and invariants. Note that the `loop invariant` clause is a condition that is true at the beginning and end of every loop iteration.
Specifically, for the current verification task:
    - Pre-condition: the function's `requires` clauses
    - Post-condition: 
Please verify that the generated loop invariant is consistent with these constraints. If these specific pre- or post-conditions are not provided or empty, please infer the loop invariant strictly based on the program's execution logic and standard correctness.
In order to get a correct answer, You may want to consider both the situation of not entering the loop and the situation of jumping out of the loop. If some of the pre-conditions are also loop invariant, you need to add them to your answer as well.
Use '&&', '||', '==>', '\forall' or '\exists' if necessary. For instance:
```
loop invariant 1 <= x;
loop invariant x == y;
loop invariant 0 < x ==> y <= z;
loop invariant z % 2 == 1 || x == y;
loop invariant z % 2 == 1 && x <= y;
loop invariant \forall integer k;  0 <= k < i ==> max >=  a[k];
loop invariant \exists integer k;  0 <= k < i &&  max == a[k];
loop invariant \forall integer p; 0 <= p < \at(k, End_l) ==> res[p] == \at(res[p], End_l);
```
Your answer should follow the following format:
```
loop invariant ...;
loop invariant ...;
...
```
No explanation. No commentary. Just show me the loop invariant.
 /no_think
--------------------------
----------Response----------
[unused16][unused17]loop invariant i + j + k < n;
loop invariant j >= 0;
loop invariant k >= 0;
```
```
#include <assert.h>
int unknown1();

/*
 * "nest-if8" from InvGen benchmark suite
 */

/*@
    requires m + 1 < n;
*/
void oopsla_31(int i, int j, int k, int n, int m) {
    // Loop A
    /*@
        [Hint] Please infer the loop invariant for the following loop.

        loop assigns n, m, k, j, i;
    */
    for (i = 0; i < n; i += 4) {

        // Loop B
        /*@
            loop assigns k, j;
        */
        for (j = i; j < m;) {
            if (unknown1()) {
                //@ assert j >= 0;
                j++;
                k = 0;

                // Loop C
                /*@
                    loop assigns k;
                */
                while (k < j) {
                    k++;
                }
            } else {
                //@ assert  a_1: n + j + 5 > i;
                j += 2;
            }
        }
    }
```
```
----------------------------
----------Prompt----------

#include <assert.h>
int unknown1();

/*
 * "nest-if8" from InvGen benchmark suite
 */

/*@
    requires m + 1 < n;
*/
void oopsla_31(int i, int j, int k, int n, int m) {
    // Loop A
    /*@
        loop invariant i_65: i + j + k < n;

        loop invariant i_66: j >= 0;

        loop invariant i_67: k >= 0;

        loop invariant i_68: for the following loop. loop assigns n, m, k, j, i;


        loop assigns n, m, k, j, i;
    */
    for (i = 0; i < n; i += 4) {

        // Loop B
        /*@
            loop assigns k, j;
        */
        for (j = i; j < m;) {
            if (unknown1()) {
                //@ assert j >= 0;
                j++;
                k = 0;

                // Loop C
                /*@
                    [Hint] Please infer the loop invariant for the following loop.

                    loop assigns k;
                */
                while (k < j) {
                    k++;
                }
            } else {
                //@ assert  a_1: n + j + 5 > i;
                j += 2;
            }
        }
    }
}

You are an expert in program verification, and please generate loop invariant as C annotation comments at the hint location (annotated by "[Hint] Please infer the loop invariant for the following loop.") using ACSL language.
ACSL is a specification language for C programs that conforms to the design by contract paradigm, utilizing Hoare style pre- and postconditions and invariants. Note that the `loop invariant` clause is a condition that is true at the beginning and end of every loop iteration.
Specifically, for the current verification task:
    - Pre-condition: 
    - Post-condition: 
Please verify that the generated loop invariant is consistent with these constraints. If these specific pre- or post-conditions are not provided or empty, please infer the loop invariant strictly based on the program's execution logic and standard correctness.
In order to get a correct answer, You may want to consider both the situation of not entering the loop and the situation of jumping out of the loop. If some of the pre-conditions are also loop invariant, you need to add them to your answer as well.
Use '&&', '||', '==>', '\forall' or '\exists' if necessary. For instance:
```
loop invariant 1 <= x;
loop invariant x == y;
loop invariant 0 < x ==> y <= z;
loop invariant z % 2 == 1 || x == y;
loop invariant z % 2 == 1 && x <= y;
loop invariant \forall integer k;  0 <= k < i ==> max >=  a[k];
loop invariant \exists integer k;  0 <= k < i &&  max == a[k];
loop invariant \forall integer p; 0 <= p < \at(k, End_l) ==> res[p] == \at(res[p], End_l);
```
Your answer should follow the following format:
```
loop invariant ...;
loop invariant ...;
...
```
No explanation. No commentary. Just show me the loop invariant.
 /no_think
--------------------------
----------Response----------
[unused16][unused17][Loop B]
loop invariant j >= i;

[Loop C]
loop invariant k == j;

loop invariant i + j + k == n;

loop invariant j >= 0;

loop invariant k >= 0;

loop invariant n - i >= 0;

loop invariant m - j >= 0;

loop invariant \exists integer idx; i <= idx < n && j <= idx && k == \at(idx, value);

loop invariant \forall integer idx; \at(idx, value) == 0 && idx == k && i == \at(idx, value) && j == \at(idx, value) && k == \at(idx, value);

loop invariant \forall integer idx; \at(idx, value) == 0 ==> \at(idx, value) == \at(idx, value) && \at(idx, value) == 0;

loop invariant \forall integer idx; \at(idx, value) == \at(idx, value) && \at(idx, value) == 0 && \at(idx, value) == 0;

loop invariant \forall integer idx; \at(idx, value) == \at(idx, value) && \at(idx, value) == \at(idx, value) && \at(idx, value) == 0;

loop invariant \forall integer idx; \at(idx, value) == \at(idx, value) && \at(idx, value) == \at(idx, value) && \at(idx, value) == 0;

loop invariant \forall integer idx; \at(idx, value) == \at(idx, value) && \at(idx, value) == \at(idx, value) && \at(idx, value) == 0;

loop invariant \forall integer idx; \at(idx, value) == \at(idx, value) && \at(idx, value) == \at(idx, value) && \at(idx, value) == 0;

loop invariant \forall integer idx; \at(idx, value) == \at(idx, value) && \at(idx, value) == \at(idx, value) && \at(idx, value) == 0 && \at(idx, value) == \at(idx, value);

loop invariant \forall integer idx; \at(idx, value) == \at(idx, value) && \at(idx, value) == \at(idx, value) && \at(idx, value) == 0 && \at(idx, value) == \at(idx, value);

loop invariant \forall integer idx; \at(idx, value) == \at(idx, value) && \at(idx, value) == \at(idx, value) && \at(idx, value) == 0 && \at(idx, value) == \at(idx, value);
----------------------------
----------Prompt----------

#include <assert.h>
int unknown1();

/*
 * "nest-if8" from InvGen benchmark suite
 */

/*@
    requires m + 1 < n;
*/
void oopsla_31(int i, int j, int k, int n, int m) {
    // Loop A
    /*@
        loop invariant i_65: i + j + k < n;

        loop invariant i_66: j >= 0;

        loop invariant i_67: k >= 0;

        loop invariant i_68: for the following loop. loop assigns n, m, k, j, i;


        loop assigns n, m, k, j, i;
    */
    for (i = 0; i < n; i += 4) {

        // Loop B
        /*@
            [Hint] Please infer the loop invariant for the following loop.

            loop invariant i_69: j >= i;


            loop assigns k, j;
        */
        for (j = i; j < m;) {
            if (unknown1()) {
                //@ assert j >= 0;
                j++;
                k = 0;

                // Loop C
                /*@
                    loop invariant i_70: k == j;

                    loop invariant i_71: i + j + k == n;

                    loop invariant i_72: j >= 0;

                    loop invariant i_73: k >= 0;

                    loop invariant i_74: n - i >= 0;

                    loop invariant i_75: m - j >= 0;

                    loop invariant i_76: \exists integer idx; i <= idx < n && j <= idx && k == \at(idx, value);

                    loop invariant i_77: \forall integer idx; \at(idx, value) == 0 && idx == k && i == \at(idx, value) && j == \at(idx, value) && k == \at(idx, value);

                    loop invariant i_78: \forall integer idx; \at(idx, value) == 0 ==> \at(idx, value) == \at(idx, value) && \at(idx, value) == 0;

                    loop invariant i_79: \forall integer idx; \at(idx, value) == \at(idx, value) && \at(idx, value) == 0 && \at(idx, value) == 0;

                    loop invariant i_80: \forall integer idx; \at(idx, value) == \at(idx, value) && \at(idx, value) == \at(idx, value) && \at(idx, value) == 0;

                    loop invariant i_81: \forall integer idx; \at(idx, value) == \at(idx, value) && \at(idx, value) == \at(idx, value) && \at(idx, value) == 0 && \at(idx, value) == \at(idx, value);


                    loop assigns k;
                */
                while (k < j) {
                    k++;
                }
            } else {
                //@ assert  a_1: n + j + 5 > i;
                j += 2;
            }
        }
    }
}

You are an expert in program verification, and please generate loop invariant as C annotation comments at the hint location (annotated by "[Hint] Please infer the loop invariant for the following loop.") using ACSL language.
ACSL is a specification language for C programs that conforms to the design by contract paradigm, utilizing Hoare style pre- and postconditions and invariants. Note that the `loop invariant` clause is a condition that is true at the beginning and end of every loop iteration.
Specifically, for the current verification task:
    - Pre-condition: i_65:i + j + k < n; i_66:j >= 0; i_67:k >= 0; i_68:for the following loop. loop assigns n, m, k, j, i; 
    - Post-condition: i_70:k == j; i_71:i + j + k == n; i_72:j >= 0; i_73:k >= 0; i_74:n - i >= 0; i_75:m - j >= 0; i_76:\exists integer idx; i <= idx < n && j <= idx && k == \at(idx, value); i_77:\forall integer idx; \at(idx, value) == 0 && idx == k && i == \at(idx, value) && j == \at(idx, value) && k == \at(idx, value); i_78:\forall integer idx; \at(idx, value) == 0 ==> \at(idx, value) == \at(idx, value) && \at(idx, value) == 0; i_79:\forall integer idx; \at(idx, value) == \at(idx, value) && \at(idx, value) == 0 && \at(idx, value) == 0; i_80:\forall integer idx; \at(idx, value) == \at(idx, value) && \at(idx, value) == \at(idx, value) && \at(idx, value) == 0; i_81:\forall integer idx; \at(idx, value) == \at(idx, value) && \at(idx, value) == \at(idx, value) && \at(idx, value) == 0 && \at(idx, value) == \at(idx, value); 
Please verify that the generated loop invariant is consistent with these constraints. If these specific pre- or post-conditions are not provided or empty, please infer the loop invariant strictly based on the program's execution logic and standard correctness.
In order to get a correct answer, You may want to consider both the situation of not entering the loop and the situation of jumping out of the loop. If some of the pre-conditions are also loop invariant, you need to add them to your answer as well.
Use '&&', '||', '==>', '\forall' or '\exists' if necessary. For instance:
```
loop invariant 1 <= x;
loop invariant x == y;
loop invariant 0 < x ==> y <= z;
loop invariant z % 2 == 1 || x == y;
loop invariant z % 2 == 1 && x <= y;
loop invariant \forall integer k;  0 <= k < i ==> max >=  a[k];
loop invariant \exists integer k;  0 <= k < i &&  max == a[k];
loop invariant \forall integer p; 0 <= p < \at(k, End_l) ==> res[p] == \at(res[p], End_l);
```
Your answer should follow the following format:
```
loop invariant ...;
loop invariant ...;
...
```
No explanation. No commentary. Just show me the loop invariant.
 /no_think
--------------------------
----------Response----------
[unused16][unused17][Loop <INNER_LOOP>]
loop invariant j >= i;

[Loop <CUR_LOOP>]
loop invariant k == j;
loop invariant i + j + k == n;
loop invariant j >= 0;
loop invariant k >= 0;
loop invariant n - i >= 0;
loop invariant m - j >= 0;
loop invariant \exists integer idx; i <= idx < n && j <= idx && k == \at(idx, value);
loop invariant \forall integer idx; \at(idx, value) == 0 && idx == k && i == \at(idx, value) && j == \at(idx, value) && k == \at(idx, value);
loop invariant \forall integer idx; \at(idx, value) == 0 ==> \at(idx, value) == \at(idx, value) && \at(idx, value) == 0;
loop invariant \forall integer idx; \at(idx, value) == \at(idx, value) && \at(idx, value) == 0 && \at(idx, value) == 0;
loop invariant \forall integer idx; \at(idx, value) == \at(idx, value) && \at(idx, value) == \at(idx, value) && \at(idx, value) == 0;
loop invariant \forall integer idx; \at(idx, value) == \at(idx, value) && \at(idx, value) == \at(idx, value) && \at(idx, value) == 0 && \at(idx, value) == \at(idx, value);
----------------------------
------------Invariant Info-----------
LOOP A:
i_65: i + j + k < n
i_66: j >= 0
i_67: k >= 0
i_68: for the following loop. loop assigns n, m, k, j, i
LOOP B:
i_69: j >= i
i_82: k == j
i_83: i + j + k == n
i_84: j >= 0
i_85: k >= 0
i_86: n - i >= 0
i_87: m - j >= 0
i_88: \exists integer idx; i <= idx < n && j <= idx && k == \at(idx, value)
i_89: \forall integer idx; \at(idx, value) == 0 && idx == k && i == \at(idx, value) && j == \at(idx, value) && k == \at(idx, value)
i_90: \forall integer idx; \at(idx, value) == 0 ==> \at(idx, value) == \at(idx, value) && \at(idx, value) == 0
i_91: \forall integer idx; \at(idx, value) == \at(idx, value) && \at(idx, value) == 0 && \at(idx, value) == 0
i_92: \forall integer idx; \at(idx, value) == \at(idx, value) && \at(idx, value) == \at(idx, value) && \at(idx, value) == 0
i_93: \forall integer idx; \at(idx, value) == \at(idx, value) && \at(idx, value) == \at(idx, value) && \at(idx, value) == 0 && \at(idx, value) == \at(idx, value)
LOOP C:
i_70: k == j
i_71: i + j + k == n
i_72: j >= 0
i_73: k >= 0
i_74: n - i >= 0
i_75: m - j >= 0
i_76: \exists integer idx; i <= idx < n && j <= idx && k == \at(idx, value)
i_77: \forall integer idx; \at(idx, value) == 0 && idx == k && i == \at(idx, value) && j == \at(idx, value) && k == \at(idx, value)
i_78: \forall integer idx; \at(idx, value) == 0 ==> \at(idx, value) == \at(idx, value) && \at(idx, value) == 0
i_79: \forall integer idx; \at(idx, value) == \at(idx, value) && \at(idx, value) == 0 && \at(idx, value) == 0
i_80: \forall integer idx; \at(idx, value) == \at(idx, value) && \at(idx, value) == \at(idx, value) && \at(idx, value) == 0
i_81: \forall integer idx; \at(idx, value) == \at(idx, value) && \at(idx, value) == \at(idx, value) && \at(idx, value) == 0 && \at(idx, value) == \at(idx, value)
------------------------------------
---------- Code with Invariants ----------
#include <assert.h>
int unknown1();

/*
 * "nest-if8" from InvGen benchmark suite
 */

/*@
    requires m + 1 < n;
*/
void oopsla_31(int i, int j, int k, int n, int m) {
    // Loop A
    /*@
        loop invariant i_65: i + j + k < n;

        loop invariant i_66: j >= 0;

        loop invariant i_67: k >= 0;

        loop invariant i_68: for the following loop. loop assigns n, m, k, j, i;


        loop assigns n, m, k, j, i;
    */
    for (i = 0; i < n; i += 4) {

        // Loop B
        /*@
            loop invariant i_69: j >= i;

            loop invariant i_82: k == j;

            loop invariant i_83: i + j + k == n;

            loop invariant i_84: j >= 0;

            loop invariant i_85: k >= 0;

            loop invariant i_86: n - i >= 0;

            loop invariant i_87: m - j >= 0;

            loop invariant i_88: \exists integer idx; i <= idx < n && j <= idx && k == \at(idx, value);

            loop invariant i_89: \forall integer idx; \at(idx, value) == 0 && idx == k && i == \at(idx, value) && j == \at(idx, value) && k == \at(idx, value);

            loop invariant i_90: \forall integer idx; \at(idx, value) == 0 ==> \at(idx, value) == \at(idx, value) && \at(idx, value) == 0;

            loop invariant i_91: \forall integer idx; \at(idx, value) == \at(idx, value) && \at(idx, value) == 0 && \at(idx, value) == 0;

            loop invariant i_92: \forall integer idx; \at(idx, value) == \at(idx, value) && \at(idx, value) == \at(idx, value) && \at(idx, value) == 0;

            loop invariant i_93: \forall integer idx; \at(idx, value) == \at(idx, value) && \at(idx, value) == \at(idx, value) && \at(idx, value) == 0 && \at(idx, value) == \at(idx, value);


            loop assigns k, j;
        */
        for (j = i; j < m;) {
            if (unknown1()) {
                //@ assert j >= 0;
                j++;
                k = 0;

                // Loop C
                /*@
                    loop invariant i_70: k == j;

                    loop invariant i_71: i + j + k == n;

                    loop invariant i_72: j >= 0;

                    loop invariant i_73: k >= 0;

                    loop invariant i_74: n - i >= 0;

                    loop invariant i_75: m - j >= 0;

                    loop invariant i_76: \exists integer idx; i <= idx < n && j <= idx && k == \at(idx, value);

                    loop invariant i_77: \forall integer idx; \at(idx, value) == 0 && idx == k && i == \at(idx, value) && j == \at(idx, value) && k == \at(idx, value);

                    loop invariant i_78: \forall integer idx; \at(idx, value) == 0 ==> \at(idx, value) == \at(idx, value) && \at(idx, value) == 0;

                    loop invariant i_79: \forall integer idx; \at(idx, value) == \at(idx, value) && \at(idx, value) == 0 && \at(idx, value) == 0;

                    loop invariant i_80: \forall integer idx; \at(idx, value) == \at(idx, value) && \at(idx, value) == \at(idx, value) && \at(idx, value) == 0;

                    loop invariant i_81: \forall integer idx; \at(idx, value) == \at(idx, value) && \at(idx, value) == \at(idx, value) && \at(idx, value) == 0 && \at(idx, value) == \at(idx, value);


                    loop assigns k;
                */
                while (k < j) {
                    k++;
                }
            } else {
                //@ assert  a_1: n + j + 5 > i;
                j += 2;
            }
        }
    }
}

------------------------------------------
Verification failed (Invalid), removing all invariants and retrying.
Verification failed: reached maximum attempts.
---------Result---------
Fail
Model: openPangu-Embedded-7B-V1.1
Running time: 182.34712934494019
Proposal number: 5
Verified code:

------------------------
