-----------Model-----------
Model type:
PanguEmbeddedForCausalLM(
  (model): PanguEmbeddedModel(
    (embed_tokens): Embedding(153376, 4096, padding_idx=0)
    (layers): ModuleList(
      (0-33): 34 x PanguEmbeddedDecoderLayer(
        (self_attn): PanguEmbeddedAttention(
          (q_proj): Linear(in_features=4096, out_features=4096, bias=True)
          (k_proj): Linear(in_features=4096, out_features=1024, bias=True)
          (v_proj): Linear(in_features=4096, out_features=1024, bias=True)
          (o_proj): Linear(in_features=4096, out_features=4096, bias=True)
        )
        (mlp): PanguEmbeddedMLP(
          (gate_proj): Linear(in_features=4096, out_features=12800, bias=False)
          (up_proj): Linear(in_features=4096, out_features=12800, bias=False)
          (down_proj): Linear(in_features=12800, out_features=4096, bias=False)
          (act_fn): SiLU()
        )
        (input_layernorm): PanguEmbeddedRMSNorm((4096,), eps=1e-05)
        (post_attention_layernorm): PanguEmbeddedRMSNorm((4096,), eps=1e-05)
      )
    )
    (norm): PanguEmbeddedRMSNorm((4096,), eps=1e-05)
    (rotary_emb): PanguEmbeddedRotaryEmbedding()
  )
  (lm_head): Linear(in_features=4096, out_features=153376, bias=False)
)
Model device:
npu:1
---------------------------
File Path: ../Benchmark/OOPSLA/oopsla_37.c
----------Code----------
#include <assert.h>

int unknown1();
int unknown2();
int unknown3();
int unknown4();

/*
 * Taken from "Counterexample Driven Refinement for Abstract Interpretation" (TACAS'06) by Gulavani
 */
/*@
requires n > 0;
*/
void oopsla_37(int n) {
    int x = 0;
    int m = 0;
    /*@
        loop assigns x;
        loop assigns m;
    */
    while (x < n) {
        if (unknown1()) {
        m = x;
        }
        x = x + 1;
    }

    //@ assert  a_1: n > 0 ==> 0 <= m && m < n;
    
}
------------------------
----------Prompt----------

#include <assert.h>

int unknown1();
int unknown2();
int unknown3();
int unknown4();

/*
 * Taken from "Counterexample Driven Refinement for Abstract Interpretation" (TACAS'06) by Gulavani
 */
/*@
requires n > 0;
*/
void oopsla_37(int n) {
    int x = 0;
    int m = 0;
    // Loop A
    /*@
        [Hint] Please infer the loop invariant for the following loop.

        loop assigns x;
        loop assigns m;
    */
    while (x < n) {
        if (unknown1()) {
        m = x;
        }
        x = x + 1;
    }

    //@ assert  a_1: n > 0 ==> 0 <= m && m < n;
    
}
You are an expert in program verification, and please generate loop invariant as C annotation comments at the hint location (annotated by "[Hint] Please infer the loop invariant for the following loop.") using ACSL language.
ACSL is a specification language for C programs that conforms to the design by contract paradigm, utilizing Hoare style pre- and postconditions and invariants. Note that the `loop invariant` clause is a condition that is true at the beginning and end of every loop iteration.
Specifically, for the current verification task:
    - Pre-condition: the function's `requires` clauses
    - Post-condition: a_1:n > 0 ==> 0 <= m && m < n; 
Please verify that the generated loop invariant is consistent with these constraints. If these specific pre- or post-conditions are not provided or empty, please infer the loop invariant strictly based on the program's execution logic and standard correctness.
In order to get a correct answer, You may want to consider both the situation of not entering the loop and the situation of jumping out of the loop. If some of the pre-conditions are also loop invariant, you need to add them to your answer as well.
Use '&&', '||', '==>', '\forall' or '\exists' if necessary. For instance:
```
loop invariant 1 <= x;
loop invariant x == y;
loop invariant 0 < x ==> y <= z;
loop invariant z % 2 == 1 || x == y;
loop invariant z % 2 == 1 && x <= y;
loop invariant \forall integer k;  0 <= k < i ==> max >=  a[k];
loop invariant \exists integer k;  0 <= k < i &&  max == a[k];
loop invariant \forall integer p; 0 <= p < \at(k, End_l) ==> res[p] == \at(res[p], End_l);
```
Your answer should follow the following format:
```
loop invariant ...;
loop invariant ...;
...
```
No explanation. No commentary. Just show me the loop invariant.
 /no_think
--------------------------
----------Response----------
[unused16][unused17]loop invariant x >= 0;
loop invariant m < n;
loop invariant x < n;
loop invariant m == x when unknown1() returns 0;
```
----------------------------
------------Invariant Info-----------
LOOP A:
i_0: x >= 0
i_1: m < n
i_2: x < n
i_3: m == x when unknown1() returns 0
------------------------------------
----------Code with Invariants----------
#include <assert.h>

int unknown1();
int unknown2();
int unknown3();
int unknown4();

/*
 * Taken from "Counterexample Driven Refinement for Abstract Interpretation" (TACAS'06) by Gulavani
 */
/*@
requires n > 0;
*/
void oopsla_37(int n) {
    int x = 0;
    int m = 0;
    // Loop A
    /*@
        loop invariant i_0: x >= 0;

        loop invariant i_1: m < n;

        loop invariant i_2: x < n;

        loop invariant i_3: m == x when unknown1() returns 0;


        loop assigns x;
        loop assigns m;
    */
    while (x < n) {
        if (unknown1()) {
        m = x;
        }
        x = x + 1;
    }

    //@ assert  a_1: n > 0 ==> 0 <= m && m < n;
    
}
----------------------------------------
------------Invariant Info-----------
LOOP A:
i_0: x >= 0
i_1: m < n
i_2: x < n
------------------------------------
----------Code with Invariants----------
#include <assert.h>

int unknown1();
int unknown2();
int unknown3();
int unknown4();

/*
 * Taken from "Counterexample Driven Refinement for Abstract Interpretation" (TACAS'06) by Gulavani
 */
/*@
requires n > 0;
*/
void oopsla_37(int n) {
    int x = 0;
    int m = 0;
    // Loop A
    /*@
        loop invariant i_0: x >= 0;

        loop invariant i_1: m < n;

        loop invariant i_2: x < n;


        loop assigns x;
        loop assigns m;
    */
    while (x < n) {
        if (unknown1()) {
        m = x;
        }
        x = x + 1;
    }

    //@ assert  a_1: n > 0 ==> 0 <= m && m < n;
    
}
----------------------------------------
----------Begin Revise----------
-------------Preservation_self: i_2: preservation---------------
----------Prompt----------

#include <assert.h>

int unknown1();
int unknown2();
int unknown3();
int unknown4();

/*
 * Taken from "Counterexample Driven Refinement for Abstract Interpretation" (TACAS'06) by Gulavani
 */
/*@
requires n > 0;
*/
void oopsla_37(int n) {
    int x = 0;
    int m = 0;
    // Loop A
    /*@
        [Hint] Invariant x < n not preserved in this loop. Fix or supplement invariants.

        loop invariant i_0: x >= 0;

        loop invariant i_1: m < n;

        loop invariant i_2: x < n;


        loop assigns x;
        loop assigns m;
    */
    while (x < n) {
        if (unknown1()) {
        m = x;
        }
        x = x + 1;
    }

    //@ assert  a_1: n > 0 ==> 0 <= m && m < n;
    
}
You are an expert in deductive program verification using ACSL and Frama-C.
[Unprovable Invariant] x < n
The above loop invariant of loop "A" fails the preservation (inductive) condition:
after executing one iteration of the loop body, the invariant cannot be re-established.
[Loop Body]
if (unknown1()) { m = x; x = x + 1;
This failure indicates that the current invariant may be incorrect or incomplete.  
There are two typical causes:
  1) The invariant is logically incorrect, so it does not hold after the loop body executes once.
     - In this case, you must adjust the invariant so that it is preserved by the loop body.
  2) The invariant is insufficient, i.e., it misses essential supporting conditions needed to re-establish itself.
     - In this case, you must introduce additional invariants so that the whole set becomes inductive.
Your task is to produce the corrected and/or auxiliary invariants that make the preservation step succeed.
IMPORTANT RULES:
1. You MUST NOT output any of the original invariants already in the code. Only output the new or modified invariants.
2. All invariants you produce must satisfy:
   - Establishment: they hold on loop entry.
   - Preservation: after executing the loop body exactly once, the invariant still holds.
   - Zero-iteration case: the invariant is valid even if the loop never executes.
3. The answer must follow this format exactly:
   ```
   loop invariant ...;
   loop invariant ...;
   ...
   ```
4. All invariants must follow ACSL syntax and be valid loop invariants.
5. No explanation. No commentary. Just show me the loop invariant.
 /no_think
--------------------------
----------Response----------
[unused16][unused17]```
loop invariant i_0: x >= 0;
loop invariant i_1: m < n;
loop invariant i_2: x < n;
```
----------------------------
--------------------------------
------------Invariant Info-----------
LOOP A:
i_0: x >= 0
i_1: m < n
i_2: x < n
------------------------------------
----------Code with Invariants----------
#include <assert.h>

int unknown1();
int unknown2();
int unknown3();
int unknown4();

/*
 * Taken from "Counterexample Driven Refinement for Abstract Interpretation" (TACAS'06) by Gulavani
 */
/*@
requires n > 0;
*/
void oopsla_37(int n) {
    int x = 0;
    int m = 0;
    // Loop A
    /*@
        loop invariant i_0: x >= 0;

        loop invariant i_1: m < n;

        loop invariant i_2: x < n;


        loop assigns x;
        loop assigns m;
    */
    while (x < n) {
        if (unknown1()) {
        m = x;
        }
        x = x + 1;
    }

    //@ assert  a_1: n > 0 ==> 0 <= m && m < n;
    
}
----------------------------------------
----------Begin Revise----------
-------------Preservation_self: i_2: preservation---------------
----------Prompt----------

#include <assert.h>

int unknown1();
int unknown2();
int unknown3();
int unknown4();

/*
 * Taken from "Counterexample Driven Refinement for Abstract Interpretation" (TACAS'06) by Gulavani
 */
/*@
requires n > 0;
*/
void oopsla_37(int n) {
    int x = 0;
    int m = 0;
    // Loop A
    /*@
        [Hint] Invariant x < n not preserved in this loop. Fix or supplement invariants.

        loop invariant i_0: x >= 0;

        loop invariant i_1: m < n;

        loop invariant i_2: x < n;


        loop assigns x;
        loop assigns m;
    */
    while (x < n) {
        if (unknown1()) {
        m = x;
        }
        x = x + 1;
    }

    //@ assert  a_1: n > 0 ==> 0 <= m && m < n;
    
}
You are an expert in deductive program verification using ACSL and Frama-C.
[Unprovable Invariant] x < n
The above loop invariant of loop "A" fails the preservation (inductive) condition:
after executing one iteration of the loop body, the invariant cannot be re-established.
[Loop Body]
if (unknown1()) { m = x; x = x + 1;
This failure indicates that the current invariant may be incorrect or incomplete.  
There are two typical causes:
  1) The invariant is logically incorrect, so it does not hold after the loop body executes once.
     - In this case, you must adjust the invariant so that it is preserved by the loop body.
  2) The invariant is insufficient, i.e., it misses essential supporting conditions needed to re-establish itself.
     - In this case, you must introduce additional invariants so that the whole set becomes inductive.
Your task is to produce the corrected and/or auxiliary invariants that make the preservation step succeed.
IMPORTANT RULES:
1. You MUST NOT output any of the original invariants already in the code. Only output the new or modified invariants.
2. All invariants you produce must satisfy:
   - Establishment: they hold on loop entry.
   - Preservation: after executing the loop body exactly once, the invariant still holds.
   - Zero-iteration case: the invariant is valid even if the loop never executes.
3. The answer must follow this format exactly:
   ```
   loop invariant ...;
   loop invariant ...;
   ...
   ```
4. All invariants must follow ACSL syntax and be valid loop invariants.
5. No explanation. No commentary. Just show me the loop invariant.
 /no_think
--------------------------
----------Response----------
[unused16][unused17]loop invariant m < n;
loop invariant x < n;
loop invariant x >= 0;
loop invariant m >= 0;
----------------------------
--------------------------------
------------Invariant Info-----------
LOOP A:
i_0: x >= 0
i_1: m < n
i_2: x < n
i_4: m >= 0
------------------------------------
----------Code with Invariants----------
#include <assert.h>

int unknown1();
int unknown2();
int unknown3();
int unknown4();

/*
 * Taken from "Counterexample Driven Refinement for Abstract Interpretation" (TACAS'06) by Gulavani
 */
/*@
requires n > 0;
*/
void oopsla_37(int n) {
    int x = 0;
    int m = 0;
    // Loop A
    /*@
        loop invariant i_0: x >= 0;

        loop invariant i_1: m < n;

        loop invariant i_2: x < n;

        loop invariant i_4: m >= 0;


        loop assigns x;
        loop assigns m;
    */
    while (x < n) {
        if (unknown1()) {
        m = x;
        }
        x = x + 1;
    }

    //@ assert  a_1: n > 0 ==> 0 <= m && m < n;
    
}
----------------------------------------
----------Begin Revise----------
-------------Preservation_self: i_2: preservation---------------
----------Prompt----------

#include <assert.h>

int unknown1();
int unknown2();
int unknown3();
int unknown4();

/*
 * Taken from "Counterexample Driven Refinement for Abstract Interpretation" (TACAS'06) by Gulavani
 */
/*@
requires n > 0;
*/
void oopsla_37(int n) {
    int x = 0;
    int m = 0;
    // Loop A
    /*@
        [Hint] Invariant x < n not preserved in this loop. Fix or supplement invariants.

        loop invariant i_0: x >= 0;

        loop invariant i_1: m < n;

        loop invariant i_2: x < n;

        loop invariant i_4: m >= 0;


        loop assigns x;
        loop assigns m;
    */
    while (x < n) {
        if (unknown1()) {
        m = x;
        }
        x = x + 1;
    }

    //@ assert  a_1: n > 0 ==> 0 <= m && m < n;
    
}
You are an expert in deductive program verification using ACSL and Frama-C.
[Unprovable Invariant] x < n
The above loop invariant of loop "A" fails the preservation (inductive) condition:
after executing one iteration of the loop body, the invariant cannot be re-established.
[Loop Body]
if (unknown1()) { m = x; x = x + 1;
This failure indicates that the current invariant may be incorrect or incomplete.  
There are two typical causes:
  1) The invariant is logically incorrect, so it does not hold after the loop body executes once.
     - In this case, you must adjust the invariant so that it is preserved by the loop body.
  2) The invariant is insufficient, i.e., it misses essential supporting conditions needed to re-establish itself.
     - In this case, you must introduce additional invariants so that the whole set becomes inductive.
Your task is to produce the corrected and/or auxiliary invariants that make the preservation step succeed.
IMPORTANT RULES:
1. You MUST NOT output any of the original invariants already in the code. Only output the new or modified invariants.
2. All invariants you produce must satisfy:
   - Establishment: they hold on loop entry.
   - Preservation: after executing the loop body exactly once, the invariant still holds.
   - Zero-iteration case: the invariant is valid even if the loop never executes.
3. The answer must follow this format exactly:
   ```
   loop invariant ...;
   loop invariant ...;
   ...
   ```
4. All invariants must follow ACSL syntax and be valid loop invariants.
5. No explanation. No commentary. Just show me the loop invariant.
 /no_think
--------------------------
----------Response----------
[unused16][unused17]```
loop invariant i_0: x >= 0;
loop invariant i_1: m < n;
loop invariant i_3: x < n && (unknown1() => m == x);
```
----------------------------
--------------------------------
------------Invariant Info-----------
LOOP A:
i_0: x >= 0
i_1: m < n
i_2: x < n
i_4: m >= 0
i_5: x < n && (unknown1() => m == x)
------------------------------------
----------Code with Invariants----------
#include <assert.h>

int unknown1();
int unknown2();
int unknown3();
int unknown4();

/*
 * Taken from "Counterexample Driven Refinement for Abstract Interpretation" (TACAS'06) by Gulavani
 */
/*@
requires n > 0;
*/
void oopsla_37(int n) {
    int x = 0;
    int m = 0;
    // Loop A
    /*@
        loop invariant i_0: x >= 0;

        loop invariant i_1: m < n;

        loop invariant i_2: x < n;

        loop invariant i_4: m >= 0;

        loop invariant i_5: x < n && (unknown1() => m == x);


        loop assigns x;
        loop assigns m;
    */
    while (x < n) {
        if (unknown1()) {
        m = x;
        }
        x = x + 1;
    }

    //@ assert  a_1: n > 0 ==> 0 <= m && m < n;
    
}
----------------------------------------
------------Invariant Info-----------
LOOP A:
i_0: x >= 0
i_1: m < n
i_2: x < n
i_4: m >= 0
------------------------------------
----------Code with Invariants----------
#include <assert.h>

int unknown1();
int unknown2();
int unknown3();
int unknown4();

/*
 * Taken from "Counterexample Driven Refinement for Abstract Interpretation" (TACAS'06) by Gulavani
 */
/*@
requires n > 0;
*/
void oopsla_37(int n) {
    int x = 0;
    int m = 0;
    // Loop A
    /*@
        loop invariant i_0: x >= 0;

        loop invariant i_1: m < n;

        loop invariant i_2: x < n;

        loop invariant i_4: m >= 0;


        loop assigns x;
        loop assigns m;
    */
    while (x < n) {
        if (unknown1()) {
        m = x;
        }
        x = x + 1;
    }

    //@ assert  a_1: n > 0 ==> 0 <= m && m < n;
    
}
----------------------------------------
----------Begin Revise----------
-------------Preservation_self: i_2: preservation---------------
----------Prompt----------

#include <assert.h>

int unknown1();
int unknown2();
int unknown3();
int unknown4();

/*
 * Taken from "Counterexample Driven Refinement for Abstract Interpretation" (TACAS'06) by Gulavani
 */
/*@
requires n > 0;
*/
void oopsla_37(int n) {
    int x = 0;
    int m = 0;
    // Loop A
    /*@
        [Hint] Invariant x < n not preserved in this loop. Fix or supplement invariants.

        loop invariant i_0: x >= 0;

        loop invariant i_1: m < n;

        loop invariant i_2: x < n;

        loop invariant i_4: m >= 0;


        loop assigns x;
        loop assigns m;
    */
    while (x < n) {
        if (unknown1()) {
        m = x;
        }
        x = x + 1;
    }

    //@ assert  a_1: n > 0 ==> 0 <= m && m < n;
    
}
You are an expert in deductive program verification using ACSL and Frama-C.
[Unprovable Invariant] x < n
The above loop invariant of loop "A" fails the preservation (inductive) condition:
after executing one iteration of the loop body, the invariant cannot be re-established.
[Loop Body]
if (unknown1()) { m = x; x = x + 1;
This failure indicates that the current invariant may be incorrect or incomplete.  
There are two typical causes:
  1) The invariant is logically incorrect, so it does not hold after the loop body executes once.
     - In this case, you must adjust the invariant so that it is preserved by the loop body.
  2) The invariant is insufficient, i.e., it misses essential supporting conditions needed to re-establish itself.
     - In this case, you must introduce additional invariants so that the whole set becomes inductive.
Your task is to produce the corrected and/or auxiliary invariants that make the preservation step succeed.
IMPORTANT RULES:
1. You MUST NOT output any of the original invariants already in the code. Only output the new or modified invariants.
2. All invariants you produce must satisfy:
   - Establishment: they hold on loop entry.
   - Preservation: after executing the loop body exactly once, the invariant still holds.
   - Zero-iteration case: the invariant is valid even if the loop never executes.
3. The answer must follow this format exactly:
   ```
   loop invariant ...;
   loop invariant ...;
   ...
   ```
4. All invariants must follow ACSL syntax and be valid loop invariants.
5. No explanation. No commentary. Just show me the loop invariant.
 /no_think
--------------------------
----------Response----------
[unused16][unused17]```
loop invariant i_0: x >= 0;
loop invariant i_1: m < n;
loop invariant i_2: x < n;
loop invariant i_3: x <= n;
```
----------------------------
--------------------------------
------------Invariant Info-----------
LOOP A:
i_0: x >= 0
i_1: m < n
i_2: x < n
i_4: m >= 0
i_6: x <= n
------------------------------------
----------Code with Invariants----------
#include <assert.h>

int unknown1();
int unknown2();
int unknown3();
int unknown4();

/*
 * Taken from "Counterexample Driven Refinement for Abstract Interpretation" (TACAS'06) by Gulavani
 */
/*@
requires n > 0;
*/
void oopsla_37(int n) {
    int x = 0;
    int m = 0;
    // Loop A
    /*@
        loop invariant i_0: x >= 0;

        loop invariant i_1: m < n;

        loop invariant i_2: x < n;

        loop invariant i_4: m >= 0;

        loop invariant i_6: x <= n;


        loop assigns x;
        loop assigns m;
    */
    while (x < n) {
        if (unknown1()) {
        m = x;
        }
        x = x + 1;
    }

    //@ assert  a_1: n > 0 ==> 0 <= m && m < n;
    
}
----------------------------------------
----------Begin Revise----------
-------------Preservation_self: i_2: preservation---------------
----------Prompt----------

#include <assert.h>

int unknown1();
int unknown2();
int unknown3();
int unknown4();

/*
 * Taken from "Counterexample Driven Refinement for Abstract Interpretation" (TACAS'06) by Gulavani
 */
/*@
requires n > 0;
*/
void oopsla_37(int n) {
    int x = 0;
    int m = 0;
    // Loop A
    /*@
        [Hint] Invariant x < n not preserved in this loop. Fix or supplement invariants.

        loop invariant i_0: x >= 0;

        loop invariant i_1: m < n;

        loop invariant i_2: x < n;

        loop invariant i_4: m >= 0;

        loop invariant i_6: x <= n;


        loop assigns x;
        loop assigns m;
    */
    while (x < n) {
        if (unknown1()) {
        m = x;
        }
        x = x + 1;
    }

    //@ assert  a_1: n > 0 ==> 0 <= m && m < n;
    
}
You are an expert in deductive program verification using ACSL and Frama-C.
[Unprovable Invariant] x < n
The above loop invariant of loop "A" fails the preservation (inductive) condition:
after executing one iteration of the loop body, the invariant cannot be re-established.
[Loop Body]
if (unknown1()) { m = x; x = x + 1;
This failure indicates that the current invariant may be incorrect or incomplete.  
There are two typical causes:
  1) The invariant is logically incorrect, so it does not hold after the loop body executes once.
     - In this case, you must adjust the invariant so that it is preserved by the loop body.
  2) The invariant is insufficient, i.e., it misses essential supporting conditions needed to re-establish itself.
     - In this case, you must introduce additional invariants so that the whole set becomes inductive.
Your task is to produce the corrected and/or auxiliary invariants that make the preservation step succeed.
IMPORTANT RULES:
1. You MUST NOT output any of the original invariants already in the code. Only output the new or modified invariants.
2. All invariants you produce must satisfy:
   - Establishment: they hold on loop entry.
   - Preservation: after executing the loop body exactly once, the invariant still holds.
   - Zero-iteration case: the invariant is valid even if the loop never executes.
3. The answer must follow this format exactly:
   ```
   loop invariant ...;
   loop invariant ...;
   ...
   ```
4. All invariants must follow ACSL syntax and be valid loop invariants.
5. No explanation. No commentary. Just show me the loop invariant.
 /no_think
--------------------------
----------Response----------
[unused16][unused17]loop invariant i_0: x >= 0;
loop invariant i_1: m < n;
loop invariant i_2: x < n;
loop invariant i_4: m >= 0;
loop invariant i_6: x <= n;
----------------------------
--------------------------------
------------Invariant Info-----------
LOOP A:
i_0: x >= 0
i_1: m < n
i_2: x < n
i_4: m >= 0
i_6: x <= n
------------------------------------
----------Code with Invariants----------
#include <assert.h>

int unknown1();
int unknown2();
int unknown3();
int unknown4();

/*
 * Taken from "Counterexample Driven Refinement for Abstract Interpretation" (TACAS'06) by Gulavani
 */
/*@
requires n > 0;
*/
void oopsla_37(int n) {
    int x = 0;
    int m = 0;
    // Loop A
    /*@
        loop invariant i_0: x >= 0;

        loop invariant i_1: m < n;

        loop invariant i_2: x < n;

        loop invariant i_4: m >= 0;

        loop invariant i_6: x <= n;


        loop assigns x;
        loop assigns m;
    */
    while (x < n) {
        if (unknown1()) {
        m = x;
        }
        x = x + 1;
    }

    //@ assert  a_1: n > 0 ==> 0 <= m && m < n;
    
}
----------------------------------------
----------Begin Revise----------
-------------Preservation_self: i_2: preservation---------------
----------Prompt----------

#include <assert.h>

int unknown1();
int unknown2();
int unknown3();
int unknown4();

/*
 * Taken from "Counterexample Driven Refinement for Abstract Interpretation" (TACAS'06) by Gulavani
 */
/*@
requires n > 0;
*/
void oopsla_37(int n) {
    int x = 0;
    int m = 0;
    // Loop A
    /*@
        [Hint] Invariant x < n not preserved in this loop. Fix or supplement invariants.

        loop invariant i_0: x >= 0;

        loop invariant i_1: m < n;

        loop invariant i_2: x < n;

        loop invariant i_4: m >= 0;

        loop invariant i_6: x <= n;


        loop assigns x;
        loop assigns m;
    */
    while (x < n) {
        if (unknown1()) {
        m = x;
        }
        x = x + 1;
    }

    //@ assert  a_1: n > 0 ==> 0 <= m && m < n;
    
}
You are an expert in deductive program verification using ACSL and Frama-C.
[Unprovable Invariant] x < n
The above loop invariant of loop "A" fails the preservation (inductive) condition:
after executing one iteration of the loop body, the invariant cannot be re-established.
[Loop Body]
if (unknown1()) { m = x; x = x + 1;
This failure indicates that the current invariant may be incorrect or incomplete.  
There are two typical causes:
  1) The invariant is logically incorrect, so it does not hold after the loop body executes once.
     - In this case, you must adjust the invariant so that it is preserved by the loop body.
  2) The invariant is insufficient, i.e., it misses essential supporting conditions needed to re-establish itself.
     - In this case, you must introduce additional invariants so that the whole set becomes inductive.
Your task is to produce the corrected and/or auxiliary invariants that make the preservation step succeed.
IMPORTANT RULES:
1. You MUST NOT output any of the original invariants already in the code. Only output the new or modified invariants.
2. All invariants you produce must satisfy:
   - Establishment: they hold on loop entry.
   - Preservation: after executing the loop body exactly once, the invariant still holds.
   - Zero-iteration case: the invariant is valid even if the loop never executes.
3. The answer must follow this format exactly:
   ```
   loop invariant ...;
   loop invariant ...;
   ...
   ```
4. All invariants must follow ACSL syntax and be valid loop invariants.
5. No explanation. No commentary. Just show me the loop invariant.
 /no_think
--------------------------
----------Response----------
[unused16][unused17]loop invariant i_0: x >= 0;
loop invariant i_1: m < n;
loop invariant i_3: x < n && x != n;
loop invariant i_4: m >= 0;
loop invariant i_6: x <= n;
----------------------------
--------------------------------
------------Invariant Info-----------
LOOP A:
i_0: x >= 0
i_1: m < n
i_2: x < n
i_4: m >= 0
i_6: x <= n
i_7: x < n && x != n
------------------------------------
----------Code with Invariants----------
#include <assert.h>

int unknown1();
int unknown2();
int unknown3();
int unknown4();

/*
 * Taken from "Counterexample Driven Refinement for Abstract Interpretation" (TACAS'06) by Gulavani
 */
/*@
requires n > 0;
*/
void oopsla_37(int n) {
    int x = 0;
    int m = 0;
    // Loop A
    /*@
        loop invariant i_0: x >= 0;

        loop invariant i_1: m < n;

        loop invariant i_2: x < n;

        loop invariant i_4: m >= 0;

        loop invariant i_6: x <= n;

        loop invariant i_7: x < n && x != n;


        loop assigns x;
        loop assigns m;
    */
    while (x < n) {
        if (unknown1()) {
        m = x;
        }
        x = x + 1;
    }

    //@ assert  a_1: n > 0 ==> 0 <= m && m < n;
    
}
----------------------------------------
----------Begin Revise----------
--------------------------------
------------Invariant Info-----------
LOOP A:
i_0: x >= 0
i_1: m < n
i_4: m >= 0
i_6: x <= n
i_7: x < n && x != n
------------------------------------
----------Code with Invariants----------
#include <assert.h>

int unknown1();
int unknown2();
int unknown3();
int unknown4();

/*
 * Taken from "Counterexample Driven Refinement for Abstract Interpretation" (TACAS'06) by Gulavani
 */
/*@
requires n > 0;
*/
void oopsla_37(int n) {
    int x = 0;
    int m = 0;
    // Loop A
    /*@
        loop invariant i_0: x >= 0;

        loop invariant i_1: m < n;

        loop invariant i_4: m >= 0;

        loop invariant i_6: x <= n;

        loop invariant i_7: x < n && x != n;


        loop assigns x;
        loop assigns m;
    */
    while (x < n) {
        if (unknown1()) {
        m = x;
        }
        x = x + 1;
    }

    //@ assert  a_1: n > 0 ==> 0 <= m && m < n;
    
}
----------------------------------------
----------Begin Revise----------
-------------Preservation_self: i_7: preservation---------------
----------Prompt----------

#include <assert.h>

int unknown1();
int unknown2();
int unknown3();
int unknown4();

/*
 * Taken from "Counterexample Driven Refinement for Abstract Interpretation" (TACAS'06) by Gulavani
 */
/*@
requires n > 0;
*/
void oopsla_37(int n) {
    int x = 0;
    int m = 0;
    // Loop A
    /*@
        [Hint] Invariant x < n && x != n not preserved in this loop. Fix or supplement invariants.

        loop invariant i_0: x >= 0;

        loop invariant i_1: m < n;

        loop invariant i_4: m >= 0;

        loop invariant i_6: x <= n;

        loop invariant i_7: x < n && x != n;


        loop assigns x;
        loop assigns m;
    */
    while (x < n) {
        if (unknown1()) {
        m = x;
        }
        x = x + 1;
    }

    //@ assert  a_1: n > 0 ==> 0 <= m && m < n;
    
}
You are an expert in deductive program verification using ACSL and Frama-C.
[Unprovable Invariant] x < n && x != n
The above loop invariant of loop "A" fails the preservation (inductive) condition:
after executing one iteration of the loop body, the invariant cannot be re-established.
[Loop Body]
if (unknown1()) { m = x; x = x + 1;
This failure indicates that the current invariant may be incorrect or incomplete.  
There are two typical causes:
  1) The invariant is logically incorrect, so it does not hold after the loop body executes once.
     - In this case, you must adjust the invariant so that it is preserved by the loop body.
  2) The invariant is insufficient, i.e., it misses essential supporting conditions needed to re-establish itself.
     - In this case, you must introduce additional invariants so that the whole set becomes inductive.
Your task is to produce the corrected and/or auxiliary invariants that make the preservation step succeed.
IMPORTANT RULES:
1. You MUST NOT output any of the original invariants already in the code. Only output the new or modified invariants.
2. All invariants you produce must satisfy:
   - Establishment: they hold on loop entry.
   - Preservation: after executing the loop body exactly once, the invariant still holds.
   - Zero-iteration case: the invariant is valid even if the loop never executes.
3. The answer must follow this format exactly:
   ```
   loop invariant ...;
   loop invariant ...;
   ...
   ```
4. All invariants must follow ACSL syntax and be valid loop invariants.
5. No explanation. No commentary. Just show me the loop invariant.
 /no_think
--------------------------
----------Response----------
[unused16][unused17]```
loop invariant i_0: x >= 0 && x < n;
loop invariant i_1: m < n;
```
----------------------------
--------------------------------
------------Invariant Info-----------
LOOP A:
i_0: x >= 0
i_1: m < n
i_4: m >= 0
i_6: x <= n
i_7: x < n && x != n
i_8: x >= 0 && x < n
------------------------------------
----------Code with Invariants----------
#include <assert.h>

int unknown1();
int unknown2();
int unknown3();
int unknown4();

/*
 * Taken from "Counterexample Driven Refinement for Abstract Interpretation" (TACAS'06) by Gulavani
 */
/*@
requires n > 0;
*/
void oopsla_37(int n) {
    int x = 0;
    int m = 0;
    // Loop A
    /*@
        loop invariant i_0: x >= 0;

        loop invariant i_1: m < n;

        loop invariant i_4: m >= 0;

        loop invariant i_6: x <= n;

        loop invariant i_7: x < n && x != n;

        loop invariant i_8: x >= 0 && x < n;


        loop assigns x;
        loop assigns m;
    */
    while (x < n) {
        if (unknown1()) {
        m = x;
        }
        x = x + 1;
    }

    //@ assert  a_1: n > 0 ==> 0 <= m && m < n;
    
}
----------------------------------------
----------Begin Revise----------
-------------Preservation_self: i_7: preservation---------------
----------Prompt----------

#include <assert.h>

int unknown1();
int unknown2();
int unknown3();
int unknown4();

/*
 * Taken from "Counterexample Driven Refinement for Abstract Interpretation" (TACAS'06) by Gulavani
 */
/*@
requires n > 0;
*/
void oopsla_37(int n) {
    int x = 0;
    int m = 0;
    // Loop A
    /*@
        [Hint] Invariant x < n && x != n not preserved in this loop. Fix or supplement invariants.

        loop invariant i_0: x >= 0;

        loop invariant i_1: m < n;

        loop invariant i_4: m >= 0;

        loop invariant i_6: x <= n;

        loop invariant i_7: x < n && x != n;

        loop invariant i_8: x >= 0 && x < n;


        loop assigns x;
        loop assigns m;
    */
    while (x < n) {
        if (unknown1()) {
        m = x;
        }
        x = x + 1;
    }

    //@ assert  a_1: n > 0 ==> 0 <= m && m < n;
    
}
You are an expert in deductive program verification using ACSL and Frama-C.
[Unprovable Invariant] x < n && x != n
The above loop invariant of loop "A" fails the preservation (inductive) condition:
after executing one iteration of the loop body, the invariant cannot be re-established.
[Loop Body]
if (unknown1()) { m = x; x = x + 1;
This failure indicates that the current invariant may be incorrect or incomplete.  
There are two typical causes:
  1) The invariant is logically incorrect, so it does not hold after the loop body executes once.
     - In this case, you must adjust the invariant so that it is preserved by the loop body.
  2) The invariant is insufficient, i.e., it misses essential supporting conditions needed to re-establish itself.
     - In this case, you must introduce additional invariants so that the whole set becomes inductive.
Your task is to produce the corrected and/or auxiliary invariants that make the preservation step succeed.
IMPORTANT RULES:
1. You MUST NOT output any of the original invariants already in the code. Only output the new or modified invariants.
2. All invariants you produce must satisfy:
   - Establishment: they hold on loop entry.
   - Preservation: after executing the loop body exactly once, the invariant still holds.
   - Zero-iteration case: the invariant is valid even if the loop never executes.
3. The answer must follow this format exactly:
   ```
   loop invariant ...;
   loop invariant ...;
   ...
   ```
4. All invariants must follow ACSL syntax and be valid loop invariants.
5. No explanation. No commentary. Just show me the loop invariant.
 /no_think
--------------------------
----------Response----------
[unused16][unused17]loop invariant i_0: x >= 0;
loop invariant i_1: m < n;
loop invariant i_2: x < n;
loop invariant i_3: x != n;
loop invariant i_4: m >= 0;
loop invariant i_5: x < n && x != n;
loop invariant i_6: x < n && x >= 0 && x != n;
----------------------------
--------------------------------
------------Invariant Info-----------
LOOP A:
i_0: x >= 0
i_1: m < n
i_4: m >= 0
i_6: x <= n
i_7: x < n && x != n
i_8: x >= 0 && x < n
i_9: x < n
i_10: x != n
i_11: x < n && x >= 0 && x != n
------------------------------------
----------Code with Invariants----------
#include <assert.h>

int unknown1();
int unknown2();
int unknown3();
int unknown4();

/*
 * Taken from "Counterexample Driven Refinement for Abstract Interpretation" (TACAS'06) by Gulavani
 */
/*@
requires n > 0;
*/
void oopsla_37(int n) {
    int x = 0;
    int m = 0;
    // Loop A
    /*@
        loop invariant i_0: x >= 0;

        loop invariant i_1: m < n;

        loop invariant i_4: m >= 0;

        loop invariant i_6: x <= n;

        loop invariant i_7: x < n && x != n;

        loop invariant i_8: x >= 0 && x < n;

        loop invariant i_9: x < n;

        loop invariant i_10: x != n;

        loop invariant i_11: x < n && x >= 0 && x != n;


        loop assigns x;
        loop assigns m;
    */
    while (x < n) {
        if (unknown1()) {
        m = x;
        }
        x = x + 1;
    }

    //@ assert  a_1: n > 0 ==> 0 <= m && m < n;
    
}
----------------------------------------
----------Begin Revise----------
-------------Preservation_self: i_7: preservation---------------
----------Prompt----------

#include <assert.h>

int unknown1();
int unknown2();
int unknown3();
int unknown4();

/*
 * Taken from "Counterexample Driven Refinement for Abstract Interpretation" (TACAS'06) by Gulavani
 */
/*@
requires n > 0;
*/
void oopsla_37(int n) {
    int x = 0;
    int m = 0;
    // Loop A
    /*@
        [Hint] Invariant x < n && x != n not preserved in this loop. Fix or supplement invariants.

        loop invariant i_0: x >= 0;

        loop invariant i_1: m < n;

        loop invariant i_4: m >= 0;

        loop invariant i_6: x <= n;

        loop invariant i_7: x < n && x != n;

        loop invariant i_8: x >= 0 && x < n;

        loop invariant i_9: x < n;

        loop invariant i_10: x != n;

        loop invariant i_11: x < n && x >= 0 && x != n;


        loop assigns x;
        loop assigns m;
    */
    while (x < n) {
        if (unknown1()) {
        m = x;
        }
        x = x + 1;
    }

    //@ assert  a_1: n > 0 ==> 0 <= m && m < n;
    
}
You are an expert in deductive program verification using ACSL and Frama-C.
[Unprovable Invariant] x < n && x != n
The above loop invariant of loop "A" fails the preservation (inductive) condition:
after executing one iteration of the loop body, the invariant cannot be re-established.
[Loop Body]
if (unknown1()) { m = x; x = x + 1;
This failure indicates that the current invariant may be incorrect or incomplete.  
There are two typical causes:
  1) The invariant is logically incorrect, so it does not hold after the loop body executes once.
     - In this case, you must adjust the invariant so that it is preserved by the loop body.
  2) The invariant is insufficient, i.e., it misses essential supporting conditions needed to re-establish itself.
     - In this case, you must introduce additional invariants so that the whole set becomes inductive.
Your task is to produce the corrected and/or auxiliary invariants that make the preservation step succeed.
IMPORTANT RULES:
1. You MUST NOT output any of the original invariants already in the code. Only output the new or modified invariants.
2. All invariants you produce must satisfy:
   - Establishment: they hold on loop entry.
   - Preservation: after executing the loop body exactly once, the invariant still holds.
   - Zero-iteration case: the invariant is valid even if the loop never executes.
3. The answer must follow this format exactly:
   ```
   loop invariant ...;
   loop invariant ...;
   ...
   ```
4. All invariants must follow ACSL syntax and be valid loop invariants.
5. No explanation. No commentary. Just show me the loop invariant.
 /no_think
--------------------------
----------Response----------
[unused16][unused17]loop invariant i_0: x >= 0 && x < n;

loop invariant i_1: m < n;

loop invariant i_2: x >= 0;

loop invariant i_3: x <= n;

loop invariant i_4: x < n;

loop invariant i_5: x != n;

loop invariant i_6: m >= 0;

loop invariant i_7: m < n;

loop invariant i_8: m >= 0 && m < n;

loop invariant i_9: x < n;

loop invariant i_10: x >= 0;

loop invariant i_11: x <= n && x < n && x != n && m < n && m >= 0;
----------------------------
--------------------------------
------------Invariant Info-----------
LOOP A:
i_0: x >= 0
i_1: m < n
i_4: m >= 0
i_6: x <= n
i_7: x < n && x != n
i_8: x >= 0 && x < n
i_9: x < n
i_10: x != n
i_11: x < n && x >= 0 && x != n
i_12: m >= 0 && m < n
i_13: x <= n && x < n && x != n && m < n && m >= 0
------------------------------------
----------Code with Invariants----------
#include <assert.h>

int unknown1();
int unknown2();
int unknown3();
int unknown4();

/*
 * Taken from "Counterexample Driven Refinement for Abstract Interpretation" (TACAS'06) by Gulavani
 */
/*@
requires n > 0;
*/
void oopsla_37(int n) {
    int x = 0;
    int m = 0;
    // Loop A
    /*@
        loop invariant i_0: x >= 0;

        loop invariant i_1: m < n;

        loop invariant i_4: m >= 0;

        loop invariant i_6: x <= n;

        loop invariant i_7: x < n && x != n;

        loop invariant i_8: x >= 0 && x < n;

        loop invariant i_9: x < n;

        loop invariant i_10: x != n;

        loop invariant i_11: x < n && x >= 0 && x != n;

        loop invariant i_12: m >= 0 && m < n;

        loop invariant i_13: x <= n && x < n && x != n && m < n && m >= 0;


        loop assigns x;
        loop assigns m;
    */
    while (x < n) {
        if (unknown1()) {
        m = x;
        }
        x = x + 1;
    }

    //@ assert  a_1: n > 0 ==> 0 <= m && m < n;
    
}
----------------------------------------
------------Invariant Info-----------
LOOP A:
i_0: x >= 0
i_1: m < n
i_4: m >= 0
i_6: x <= n
i_8: x >= 0 && x < n
i_9: x < n
i_10: x != n
i_11: x < n && x >= 0 && x != n
i_12: m >= 0 && m < n
i_13: x <= n && x < n && x != n && m < n && m >= 0
------------------------------------
----------Code with Invariants----------
#include <assert.h>

int unknown1();
int unknown2();
int unknown3();
int unknown4();

/*
 * Taken from "Counterexample Driven Refinement for Abstract Interpretation" (TACAS'06) by Gulavani
 */
/*@
requires n > 0;
*/
void oopsla_37(int n) {
    int x = 0;
    int m = 0;
    // Loop A
    /*@
        loop invariant i_0: x >= 0;

        loop invariant i_1: m < n;

        loop invariant i_4: m >= 0;

        loop invariant i_6: x <= n;

        loop invariant i_8: x >= 0 && x < n;

        loop invariant i_9: x < n;

        loop invariant i_10: x != n;

        loop invariant i_11: x < n && x >= 0 && x != n;

        loop invariant i_12: m >= 0 && m < n;

        loop invariant i_13: x <= n && x < n && x != n && m < n && m >= 0;


        loop assigns x;
        loop assigns m;
    */
    while (x < n) {
        if (unknown1()) {
        m = x;
        }
        x = x + 1;
    }

    //@ assert  a_1: n > 0 ==> 0 <= m && m < n;
    
}
----------------------------------------
------------Invariant Info-----------
LOOP A:
i_0: x >= 0
i_1: m < n
i_4: m >= 0
i_6: x <= n
i_9: x < n
i_10: x != n
i_11: x < n && x >= 0 && x != n
i_12: m >= 0 && m < n
i_13: x <= n && x < n && x != n && m < n && m >= 0
------------------------------------
----------Code with Invariants----------
#include <assert.h>

int unknown1();
int unknown2();
int unknown3();
int unknown4();

/*
 * Taken from "Counterexample Driven Refinement for Abstract Interpretation" (TACAS'06) by Gulavani
 */
/*@
requires n > 0;
*/
void oopsla_37(int n) {
    int x = 0;
    int m = 0;
    // Loop A
    /*@
        loop invariant i_0: x >= 0;

        loop invariant i_1: m < n;

        loop invariant i_4: m >= 0;

        loop invariant i_6: x <= n;

        loop invariant i_9: x < n;

        loop invariant i_10: x != n;

        loop invariant i_11: x < n && x >= 0 && x != n;

        loop invariant i_12: m >= 0 && m < n;

        loop invariant i_13: x <= n && x < n && x != n && m < n && m >= 0;


        loop assigns x;
        loop assigns m;
    */
    while (x < n) {
        if (unknown1()) {
        m = x;
        }
        x = x + 1;
    }

    //@ assert  a_1: n > 0 ==> 0 <= m && m < n;
    
}
----------------------------------------
------------Invariant Info-----------
LOOP A:
i_0: x >= 0
i_1: m < n
i_4: m >= 0
i_6: x <= n
i_10: x != n
i_11: x < n && x >= 0 && x != n
i_12: m >= 0 && m < n
i_13: x <= n && x < n && x != n && m < n && m >= 0
------------------------------------
----------Code with Invariants----------
#include <assert.h>

int unknown1();
int unknown2();
int unknown3();
int unknown4();

/*
 * Taken from "Counterexample Driven Refinement for Abstract Interpretation" (TACAS'06) by Gulavani
 */
/*@
requires n > 0;
*/
void oopsla_37(int n) {
    int x = 0;
    int m = 0;
    // Loop A
    /*@
        loop invariant i_0: x >= 0;

        loop invariant i_1: m < n;

        loop invariant i_4: m >= 0;

        loop invariant i_6: x <= n;

        loop invariant i_10: x != n;

        loop invariant i_11: x < n && x >= 0 && x != n;

        loop invariant i_12: m >= 0 && m < n;

        loop invariant i_13: x <= n && x < n && x != n && m < n && m >= 0;


        loop assigns x;
        loop assigns m;
    */
    while (x < n) {
        if (unknown1()) {
        m = x;
        }
        x = x + 1;
    }

    //@ assert  a_1: n > 0 ==> 0 <= m && m < n;
    
}
----------------------------------------
------------Invariant Info-----------
LOOP A:
i_0: x >= 0
i_1: m < n
i_4: m >= 0
i_6: x <= n
i_11: x < n && x >= 0 && x != n
i_12: m >= 0 && m < n
i_13: x <= n && x < n && x != n && m < n && m >= 0
------------------------------------
----------Code with Invariants----------
#include <assert.h>

int unknown1();
int unknown2();
int unknown3();
int unknown4();

/*
 * Taken from "Counterexample Driven Refinement for Abstract Interpretation" (TACAS'06) by Gulavani
 */
/*@
requires n > 0;
*/
void oopsla_37(int n) {
    int x = 0;
    int m = 0;
    // Loop A
    /*@
        loop invariant i_0: x >= 0;

        loop invariant i_1: m < n;

        loop invariant i_4: m >= 0;

        loop invariant i_6: x <= n;

        loop invariant i_11: x < n && x >= 0 && x != n;

        loop invariant i_12: m >= 0 && m < n;

        loop invariant i_13: x <= n && x < n && x != n && m < n && m >= 0;


        loop assigns x;
        loop assigns m;
    */
    while (x < n) {
        if (unknown1()) {
        m = x;
        }
        x = x + 1;
    }

    //@ assert  a_1: n > 0 ==> 0 <= m && m < n;
    
}
----------------------------------------
------------Invariant Info-----------
LOOP A:
i_0: x >= 0
i_1: m < n
i_4: m >= 0
i_6: x <= n
i_12: m >= 0 && m < n
i_13: x <= n && x < n && x != n && m < n && m >= 0
------------------------------------
----------Code with Invariants----------
#include <assert.h>

int unknown1();
int unknown2();
int unknown3();
int unknown4();

/*
 * Taken from "Counterexample Driven Refinement for Abstract Interpretation" (TACAS'06) by Gulavani
 */
/*@
requires n > 0;
*/
void oopsla_37(int n) {
    int x = 0;
    int m = 0;
    // Loop A
    /*@
        loop invariant i_0: x >= 0;

        loop invariant i_1: m < n;

        loop invariant i_4: m >= 0;

        loop invariant i_6: x <= n;

        loop invariant i_12: m >= 0 && m < n;

        loop invariant i_13: x <= n && x < n && x != n && m < n && m >= 0;


        loop assigns x;
        loop assigns m;
    */
    while (x < n) {
        if (unknown1()) {
        m = x;
        }
        x = x + 1;
    }

    //@ assert  a_1: n > 0 ==> 0 <= m && m < n;
    
}
----------------------------------------
------------Invariant Info-----------
LOOP A:
i_0: x >= 0
i_1: m < n
i_4: m >= 0
i_6: x <= n
i_12: m >= 0 && m < n
------------------------------------
----------Code with Invariants----------
#include <assert.h>

int unknown1();
int unknown2();
int unknown3();
int unknown4();

/*
 * Taken from "Counterexample Driven Refinement for Abstract Interpretation" (TACAS'06) by Gulavani
 */
/*@
requires n > 0;
*/
void oopsla_37(int n) {
    int x = 0;
    int m = 0;
    // Loop A
    /*@
        loop invariant i_0: x >= 0;

        loop invariant i_1: m < n;

        loop invariant i_4: m >= 0;

        loop invariant i_6: x <= n;

        loop invariant i_12: m >= 0 && m < n;


        loop assigns x;
        loop assigns m;
    */
    while (x < n) {
        if (unknown1()) {
        m = x;
        }
        x = x + 1;
    }

    //@ assert  a_1: n > 0 ==> 0 <= m && m < n;
    
}
----------------------------------------
---------Result---------
Success
Model: openPangu-Embedded-7B-V1.1
Running time: 266.1172995567322
Proposal number: 19
Verified code:
#include <assert.h>

int unknown1();
int unknown2();
int unknown3();
int unknown4();

/*
 * Taken from "Counterexample Driven Refinement for Abstract Interpretation" (TACAS'06) by Gulavani
 */
/*@
requires n > 0;
*/
void oopsla_37(int n) {
    int x = 0;
    int m = 0;
    // Loop A
    /*@
        loop invariant i_0: x >= 0;

        loop invariant i_1: m < n;

        loop invariant i_4: m >= 0;

        loop invariant i_6: x <= n;

        loop invariant i_12: m >= 0 && m < n;


        loop assigns x;
        loop assigns m;
    */
    while (x < n) {
        if (unknown1()) {
        m = x;
        }
        x = x + 1;
    }

    //@ assert  a_1: n > 0 ==> 0 <= m && m < n;
    
}
------------------------
