-----------Model-----------
Model type:
PanguEmbeddedForCausalLM(
  (model): PanguEmbeddedModel(
    (embed_tokens): Embedding(153376, 4096, padding_idx=0)
    (layers): ModuleList(
      (0-33): 34 x PanguEmbeddedDecoderLayer(
        (self_attn): PanguEmbeddedAttention(
          (q_proj): Linear(in_features=4096, out_features=4096, bias=True)
          (k_proj): Linear(in_features=4096, out_features=1024, bias=True)
          (v_proj): Linear(in_features=4096, out_features=1024, bias=True)
          (o_proj): Linear(in_features=4096, out_features=4096, bias=True)
        )
        (mlp): PanguEmbeddedMLP(
          (gate_proj): Linear(in_features=4096, out_features=12800, bias=False)
          (up_proj): Linear(in_features=4096, out_features=12800, bias=False)
          (down_proj): Linear(in_features=12800, out_features=4096, bias=False)
          (act_fn): SiLU()
        )
        (input_layernorm): PanguEmbeddedRMSNorm((4096,), eps=1e-05)
        (post_attention_layernorm): PanguEmbeddedRMSNorm((4096,), eps=1e-05)
      )
    )
    (norm): PanguEmbeddedRMSNorm((4096,), eps=1e-05)
    (rotary_emb): PanguEmbeddedRotaryEmbedding()
  )
  (lm_head): Linear(in_features=4096, out_features=153376, bias=False)
)
Model device:
npu:1
---------------------------
File Path: ../Benchmark/OOPSLA/oopsla_02.c
----------Code----------
#include <assert.h>
int unknown1();
int unknown2();
int unknown3();
int unknown4();

void oopsla_02(){
	int i = 1;
	int j = 0;
	int z = i - j;
	int x = 0;
	int y = 0;
	int w = 0;

	/*@
        loop assigns x, y, z, w;
	*/
	while(unknown2()) 
	{
		z += x + y + w;
		y++;
		if (z % 2 == 1) 
		  x++;
		w += 2; 
	}

	//@ assert a_1: x==y;
}

------------------------
----------Prompt----------

#include <assert.h>
int unknown1();
int unknown2();
int unknown3();
int unknown4();

void oopsla_02(){
	int i = 1;
	int j = 0;
	int z = i - j;
	int x = 0;
	int y = 0;
	int w = 0;

    // Loop A
	/*@
        [Hint] Please infer the loop invariant for the following loop.

        loop assigns x, y, z, w;
	*/
	while(unknown2()) 
	{
		z += x + y + w;
		y++;
		if (z % 2 == 1) 
		  x++;
		w += 2; 
	}

	//@ assert a_1: x==y;
}

You are an expert in program verification, and please generate loop invariant as C annotation comments at the hint location (annotated by "[Hint] Please infer the loop invariant for the following loop.") using ACSL language.
ACSL is a specification language for C programs that conforms to the design by contract paradigm, utilizing Hoare style pre- and postconditions and invariants. Note that the `loop invariant` clause is a condition that is true at the beginning and end of every loop iteration.
Specifically, for the current verification task:
    - Pre-condition: the function's `requires` clauses
    - Post-condition: a_1:x==y; 
Please verify that the generated loop invariant is consistent with these constraints. If these specific pre- or post-conditions are not provided or empty, please infer the loop invariant strictly based on the program's execution logic and standard correctness.
In order to get a correct answer, You may want to consider both the situation of not entering the loop and the situation of jumping out of the loop. If some of the pre-conditions are also loop invariant, you need to add them to your answer as well.
Use '&&', '||', '==>', '\forall' or '\exists' if necessary. For instance:
```
loop invariant 1 <= x;
loop invariant x == y;
loop invariant 0 < x ==> y <= z;
loop invariant z % 2 == 1 || x == y;
loop invariant z % 2 == 1 && x <= y;
loop invariant \forall integer k;  0 <= k < i ==> max >=  a[k];
loop invariant \exists integer k;  0 <= k < i &&  max == a[k];
loop invariant \forall integer p; 0 <= p < \at(k, End_l) ==> res[p] == \at(res[p], End_l);
```
Your answer should follow the following format:
```
loop invariant ...;
loop invariant ...;
...
```
No explanation. No commentary. Just show me the loop invariant.
 /no_think
--------------------------
----------Response----------
[unused16][unused17]loop invariant z % 2 == 1 || x == y;
loop invariant y >= x;
loop invariant w == 0 || z % 2 == 1;
```
----------------------------
------------Invariant Info-----------
LOOP A:
i_0: z % 2 == 1 || x == y
i_1: y >= x
i_2: w == 0 || z % 2 == 1
------------------------------------
----------Code with Invariants----------
#include <assert.h>
int unknown1();
int unknown2();
int unknown3();
int unknown4();

void oopsla_02(){
	int i = 1;
	int j = 0;
	int z = i - j;
	int x = 0;
	int y = 0;
	int w = 0;

    // Loop A
	/*@
        loop invariant i_0: z % 2 == 1 || x == y;

        loop invariant i_1: y >= x;

        loop invariant i_2: w == 0 || z % 2 == 1;


        loop assigns x, y, z, w;
	*/
	while(unknown2()) 
	{
		z += x + y + w;
		y++;
		if (z % 2 == 1) 
		  x++;
		w += 2; 
	}

	//@ assert a_1: x==y;
}

----------------------------------------
----------Begin Revise----------
-------------Preservation_self: i_0: preservation---------------
----------Prompt----------

#include <assert.h>
int unknown1();
int unknown2();
int unknown3();
int unknown4();

void oopsla_02(){
	int i = 1;
	int j = 0;
	int z = i - j;
	int x = 0;
	int y = 0;
	int w = 0;

    // Loop A
	/*@
        [Hint] Invariant z % 2 == 1 || x == y not preserved in this loop. Fix or supplement invariants.

        loop invariant i_0: z % 2 == 1 || x == y;

        loop invariant i_1: y >= x;

        loop invariant i_2: w == 0 || z % 2 == 1;


        loop assigns x, y, z, w;
	*/
	while(unknown2()) 
	{
		z += x + y + w;
		y++;
		if (z % 2 == 1) 
		  x++;
		w += 2; 
	}

	//@ assert a_1: x==y;
}

You are an expert in deductive program verification using ACSL and Frama-C.
[Unprovable Invariant] z % 2 == 1 || x == y
The above loop invariant of loop "A" fails the preservation (inductive) condition:
after executing one iteration of the loop body, the invariant cannot be re-established.
[Loop Body]
z += x + y + w; y++; if (z % 2 == 1) x++; w += 2;
This failure indicates that the current invariant may be incorrect or incomplete.  
There are two typical causes:
  1) The invariant is logically incorrect, so it does not hold after the loop body executes once.
     - In this case, you must adjust the invariant so that it is preserved by the loop body.
  2) The invariant is insufficient, i.e., it misses essential supporting conditions needed to re-establish itself.
     - In this case, you must introduce additional invariants so that the whole set becomes inductive.
Your task is to produce the corrected and/or auxiliary invariants that make the preservation step succeed.
IMPORTANT RULES:
1. You MUST NOT output any of the original invariants already in the code. Only output the new or modified invariants.
2. All invariants you produce must satisfy:
   - Establishment: they hold on loop entry.
   - Preservation: after executing the loop body exactly once, the invariant still holds.
   - Zero-iteration case: the invariant is valid even if the loop never executes.
3. The answer must follow this format exactly:
   ```
   loop invariant ...;
   loop invariant ...;
   ...
   ```
4. All invariants must follow ACSL syntax and be valid loop invariants.
5. No explanation. No commentary. Just show me the loop invariant.
 /no_think
--------------------------
----------Response----------
[unused16][unused17]```
loop invariant i_0: z % 2 == 1 || x == y;
loop invariant i_1: y >= x;
loop invariant i_2: w == 0 || z % 2 == 1;
```
----------------------------
-------------Ensure Revise: a_1: x==y---------------
----------Prompt----------

#include <assert.h>
int unknown1();
int unknown2();
int unknown3();
int unknown4();

void oopsla_02(){
	int i = 1;
	int j = 0;
	int z = i - j;
	int x = 0;
	int y = 0;
	int w = 0;

    // Loop A
	/*@
        [Hint] Please strengthen the loop invariant in the following loop.

        loop invariant i_0: z % 2 == 1 || x == y;

        loop invariant i_1: y >= x;

        loop invariant i_2: w == 0 || z % 2 == 1;


        loop assigns x, y, z, w;
	*/
	while(unknown2()) 
	{
		z += x + y + w;
		y++;
		if (z % 2 == 1) 
		  x++;
		w += 2; 
	}

	//@ assert a_1: x==y;
}

You are an expert in deductive program verification using ACSL and Frama-C.
The program has failed to prove the following `ensures` clause:
[Unproved Ensures]  x==y
To help Frama-C discharge this postcondition, you must strengthen the loop invariant of the LAST executed loop, which is the loop labeled by alphabet "A".  
You should insert additional `loop invariant` clauses only at the location marked by "[Hint] Please strengthen the loop invariant in the following loop."
IMPORTANT RULES:
1. Do NOT repeat or reprint the existing loop invariants already present in the code.
2. Your task is to provide only the new invariants that are necessary to establish the failed ensures clause.
3. The new invariants must be strong enough to imply the ensures clause upon normal loop termination.
4. All invariants you produce must satisfy:
   - Establishment: they hold on loop entry.
   - Preservation: after executing the loop body exactly once, the invariant still holds.
   - Zero-iteration case: the invariant is valid even if the loop never executes.
5. Your answer should follow the following format:
   ```
   loop invariant ...;
   loop invariant ...;
   ...
   ```
5. All invariants must follow ACSL syntax and be valid loop invariants.
6. No explanation. No commentary. Just show me the loop invariant.
 /no_think
--------------------------
----------Response----------
[unused16][unused17]```
loop invariant i_0: x == y == 0 && z % 2 == 1 || x + y == 1;

loop invariant i_1: x + y == 1;

loop invariant i_2: w == 0 || z % 2 == 1;
```
----------------------------
--------------------------------
------------Invariant Info-----------
LOOP A:
i_0: z % 2 == 1 || x == y
i_1: y >= x
i_2: w == 0 || z % 2 == 1
i_3: x == y == 0 && z % 2 == 1 || x + y == 1
i_4: x + y == 1
------------------------------------
----------Code with Invariants----------
#include <assert.h>
int unknown1();
int unknown2();
int unknown3();
int unknown4();

void oopsla_02(){
	int i = 1;
	int j = 0;
	int z = i - j;
	int x = 0;
	int y = 0;
	int w = 0;

    // Loop A
	/*@
        loop invariant i_0: z % 2 == 1 || x == y;

        loop invariant i_1: y >= x;

        loop invariant i_2: w == 0 || z % 2 == 1;

        loop invariant i_3: x == y == 0 && z % 2 == 1 || x + y == 1;

        loop invariant i_4: x + y == 1;


        loop assigns x, y, z, w;
	*/
	while(unknown2()) 
	{
		z += x + y + w;
		y++;
		if (z % 2 == 1) 
		  x++;
		w += 2; 
	}

	//@ assert a_1: x==y;
}

----------------------------------------
----------Begin Revise----------
-------------Establishment_requires: i_4: establishment---------------
----------Prompt----------

#include <assert.h>
int unknown1();
int unknown2();
int unknown3();
int unknown4();

void oopsla_02(){
	int i = 1;
	int j = 0;
	int z = i - j;
	int x = 0;
	int y = 0;
	int w = 0;

    // Loop A
	/*@
        [Hint] Loop invariant x + y == 1 too strong initially. Relax it.

        loop invariant i_0: z % 2 == 1 || x == y;

        loop invariant i_1: y >= x;

        loop invariant i_2: w == 0 || z % 2 == 1;

        loop invariant i_3: x == y == 0 && z % 2 == 1 || x + y == 1;

        loop invariant i_4: x + y == 1;


        loop assigns x, y, z, w;
	*/
	while(unknown2()) 
	{
		z += x + y + w;
		y++;
		if (z % 2 == 1) 
		  x++;
		w += 2; 
	}

	//@ assert a_1: x==y;
}

You are an expert in deductive program verification using ACSL and Frama-C.
The following loop invariant of the loop labeled "A" cannot be established from the function's `requires` clauses:
[Unprovable Initial Invariant] x + y == 1
This means the loop invariant is too strong at the loop entry, violating the establishment condition of loop correctness.  
Your task is to relax or weaken the loop invariant at the position marked by: "[Hint] Loop invariant too strong initially. Relax it."
IMPORTANT RULES:
1. The relaxed invariants must still hold:
   - Establishment: They must be provable solely from the function's requires clauses and the program state before entering the loop.
   - Preservation: after executing the loop body exactly once, the invariant still holds.
   - Zero-iteration case: the invariant is valid even if the loop never executes.
2. Do NOT restate or print any of the existing loop invariants.  
   Only output the modified (weakened) invariants necessary to make the establishment step succeed.
3. Your answer must be solely in the form:
   ```
   loop invariant ...;
   loop invariant ...;
   ...
   ```
4. All invariants must follow ACSL syntax and be valid loop invariants.
5. No explanation. No commentary. Just show me the loop invariant.
 /no_think
--------------------------
----------Response----------
[unused16][unused17]```
loop invariant i_0: z % 2 == 1 || x == y;
loop invariant i_1: y >= x;
loop invariant i_2: w == 0 || z % 2 == 1;
loop invariant i_3: x == y == 0 && z % 2 == 1 || x + y == 1;
```
----------------------------
--------------------------------
------------Invariant Info-----------
LOOP A:
i_0: z % 2 == 1 || x == y
i_1: y >= x
i_2: w == 0 || z % 2 == 1
i_3: x == y == 0 && z % 2 == 1 || x + y == 1
i_4: x + y == 1
------------------------------------
----------Code with Invariants----------
#include <assert.h>
int unknown1();
int unknown2();
int unknown3();
int unknown4();

void oopsla_02(){
	int i = 1;
	int j = 0;
	int z = i - j;
	int x = 0;
	int y = 0;
	int w = 0;

    // Loop A
	/*@
        loop invariant i_0: z % 2 == 1 || x == y;

        loop invariant i_1: y >= x;

        loop invariant i_2: w == 0 || z % 2 == 1;

        loop invariant i_3: x == y == 0 && z % 2 == 1 || x + y == 1;

        loop invariant i_4: x + y == 1;


        loop assigns x, y, z, w;
	*/
	while(unknown2()) 
	{
		z += x + y + w;
		y++;
		if (z % 2 == 1) 
		  x++;
		w += 2; 
	}

	//@ assert a_1: x==y;
}

----------------------------------------
----------Begin Revise----------
-------------Establishment_requires: i_4: establishment---------------
----------Prompt----------

#include <assert.h>
int unknown1();
int unknown2();
int unknown3();
int unknown4();

void oopsla_02(){
	int i = 1;
	int j = 0;
	int z = i - j;
	int x = 0;
	int y = 0;
	int w = 0;

    // Loop A
	/*@
        [Hint] Loop invariant x + y == 1 too strong initially. Relax it.

        loop invariant i_0: z % 2 == 1 || x == y;

        loop invariant i_1: y >= x;

        loop invariant i_2: w == 0 || z % 2 == 1;

        loop invariant i_3: x == y == 0 && z % 2 == 1 || x + y == 1;

        loop invariant i_4: x + y == 1;


        loop assigns x, y, z, w;
	*/
	while(unknown2()) 
	{
		z += x + y + w;
		y++;
		if (z % 2 == 1) 
		  x++;
		w += 2; 
	}

	//@ assert a_1: x==y;
}

You are an expert in deductive program verification using ACSL and Frama-C.
The following loop invariant of the loop labeled "A" cannot be established from the function's `requires` clauses:
[Unprovable Initial Invariant] x + y == 1
This means the loop invariant is too strong at the loop entry, violating the establishment condition of loop correctness.  
Your task is to relax or weaken the loop invariant at the position marked by: "[Hint] Loop invariant too strong initially. Relax it."
IMPORTANT RULES:
1. The relaxed invariants must still hold:
   - Establishment: They must be provable solely from the function's requires clauses and the program state before entering the loop.
   - Preservation: after executing the loop body exactly once, the invariant still holds.
   - Zero-iteration case: the invariant is valid even if the loop never executes.
2. Do NOT restate or print any of the existing loop invariants.  
   Only output the modified (weakened) invariants necessary to make the establishment step succeed.
3. Your answer must be solely in the form:
   ```
   loop invariant ...;
   loop invariant ...;
   ...
   ```
4. All invariants must follow ACSL syntax and be valid loop invariants.
5. No explanation. No commentary. Just show me the loop invariant.
 /no_think
--------------------------
----------Response----------
[unused16][unused17]```
loop invariant i_0: z % 2 == 1;
loop invariant i_1: y >= x;
loop invariant i_2: w == 0 || z % 2 == 1;
loop invariant i_3: x == y == 0 && z % 2 == 1 || x + y == 1;
```
----------------------------
--------------------------------
------------Invariant Info-----------
LOOP A:
i_0: z % 2 == 1 || x == y
i_1: y >= x
i_2: w == 0 || z % 2 == 1
i_3: x == y == 0 && z % 2 == 1 || x + y == 1
i_4: x + y == 1
i_5: z % 2 == 1
------------------------------------
----------Code with Invariants----------
#include <assert.h>
int unknown1();
int unknown2();
int unknown3();
int unknown4();

void oopsla_02(){
	int i = 1;
	int j = 0;
	int z = i - j;
	int x = 0;
	int y = 0;
	int w = 0;

    // Loop A
	/*@
        loop invariant i_0: z % 2 == 1 || x == y;

        loop invariant i_1: y >= x;

        loop invariant i_2: w == 0 || z % 2 == 1;

        loop invariant i_3: x == y == 0 && z % 2 == 1 || x + y == 1;

        loop invariant i_4: x + y == 1;

        loop invariant i_5: z % 2 == 1;


        loop assigns x, y, z, w;
	*/
	while(unknown2()) 
	{
		z += x + y + w;
		y++;
		if (z % 2 == 1) 
		  x++;
		w += 2; 
	}

	//@ assert a_1: x==y;
}

----------------------------------------
----------Begin Revise----------
-------------Establishment_requires: i_4: establishment---------------
----------Prompt----------

#include <assert.h>
int unknown1();
int unknown2();
int unknown3();
int unknown4();

void oopsla_02(){
	int i = 1;
	int j = 0;
	int z = i - j;
	int x = 0;
	int y = 0;
	int w = 0;

    // Loop A
	/*@
        [Hint] Loop invariant x + y == 1 too strong initially. Relax it.

        loop invariant i_0: z % 2 == 1 || x == y;

        loop invariant i_1: y >= x;

        loop invariant i_2: w == 0 || z % 2 == 1;

        loop invariant i_3: x == y == 0 && z % 2 == 1 || x + y == 1;

        loop invariant i_4: x + y == 1;

        loop invariant i_5: z % 2 == 1;


        loop assigns x, y, z, w;
	*/
	while(unknown2()) 
	{
		z += x + y + w;
		y++;
		if (z % 2 == 1) 
		  x++;
		w += 2; 
	}

	//@ assert a_1: x==y;
}

You are an expert in deductive program verification using ACSL and Frama-C.
The following loop invariant of the loop labeled "A" cannot be established from the function's `requires` clauses:
[Unprovable Initial Invariant] x + y == 1
This means the loop invariant is too strong at the loop entry, violating the establishment condition of loop correctness.  
Your task is to relax or weaken the loop invariant at the position marked by: "[Hint] Loop invariant too strong initially. Relax it."
IMPORTANT RULES:
1. The relaxed invariants must still hold:
   - Establishment: They must be provable solely from the function's requires clauses and the program state before entering the loop.
   - Preservation: after executing the loop body exactly once, the invariant still holds.
   - Zero-iteration case: the invariant is valid even if the loop never executes.
2. Do NOT restate or print any of the existing loop invariants.  
   Only output the modified (weakened) invariants necessary to make the establishment step succeed.
3. Your answer must be solely in the form:
   ```
   loop invariant ...;
   loop invariant ...;
   ...
   ```
4. All invariants must follow ACSL syntax and be valid loop invariants.
5. No explanation. No commentary. Just show me the loop invariant.
 /no_think
--------------------------
----------Response----------
[unused16][unused17]```
loop invariant i_0: z % 2 == 1;
loop invariant i_1: y >= x;
loop invariant i_2: w == 0 || z % 2 == 1;
loop invariant i_3: x == y == 0 && z % 2 == 1 || x + y == 1;
```
----------------------------
--------------------------------
------------Invariant Info-----------
LOOP A:
i_0: z % 2 == 1 || x == y
i_1: y >= x
i_2: w == 0 || z % 2 == 1
i_3: x == y == 0 && z % 2 == 1 || x + y == 1
i_4: x + y == 1
i_5: z % 2 == 1
------------------------------------
----------Code with Invariants----------
#include <assert.h>
int unknown1();
int unknown2();
int unknown3();
int unknown4();

void oopsla_02(){
	int i = 1;
	int j = 0;
	int z = i - j;
	int x = 0;
	int y = 0;
	int w = 0;

    // Loop A
	/*@
        loop invariant i_0: z % 2 == 1 || x == y;

        loop invariant i_1: y >= x;

        loop invariant i_2: w == 0 || z % 2 == 1;

        loop invariant i_3: x == y == 0 && z % 2 == 1 || x + y == 1;

        loop invariant i_4: x + y == 1;

        loop invariant i_5: z % 2 == 1;


        loop assigns x, y, z, w;
	*/
	while(unknown2()) 
	{
		z += x + y + w;
		y++;
		if (z % 2 == 1) 
		  x++;
		w += 2; 
	}

	//@ assert a_1: x==y;
}

----------------------------------------
----------Begin Revise----------
-------------Establishment_requires: i_4: establishment---------------
----------Prompt----------

#include <assert.h>
int unknown1();
int unknown2();
int unknown3();
int unknown4();

void oopsla_02(){
	int i = 1;
	int j = 0;
	int z = i - j;
	int x = 0;
	int y = 0;
	int w = 0;

    // Loop A
	/*@
        [Hint] Loop invariant x + y == 1 too strong initially. Relax it.

        loop invariant i_0: z % 2 == 1 || x == y;

        loop invariant i_1: y >= x;

        loop invariant i_2: w == 0 || z % 2 == 1;

        loop invariant i_3: x == y == 0 && z % 2 == 1 || x + y == 1;

        loop invariant i_4: x + y == 1;

        loop invariant i_5: z % 2 == 1;


        loop assigns x, y, z, w;
	*/
	while(unknown2()) 
	{
		z += x + y + w;
		y++;
		if (z % 2 == 1) 
		  x++;
		w += 2; 
	}

	//@ assert a_1: x==y;
}

You are an expert in deductive program verification using ACSL and Frama-C.
The following loop invariant of the loop labeled "A" cannot be established from the function's `requires` clauses:
[Unprovable Initial Invariant] x + y == 1
This means the loop invariant is too strong at the loop entry, violating the establishment condition of loop correctness.  
Your task is to relax or weaken the loop invariant at the position marked by: "[Hint] Loop invariant too strong initially. Relax it."
IMPORTANT RULES:
1. The relaxed invariants must still hold:
   - Establishment: They must be provable solely from the function's requires clauses and the program state before entering the loop.
   - Preservation: after executing the loop body exactly once, the invariant still holds.
   - Zero-iteration case: the invariant is valid even if the loop never executes.
2. Do NOT restate or print any of the existing loop invariants.  
   Only output the modified (weakened) invariants necessary to make the establishment step succeed.
3. Your answer must be solely in the form:
   ```
   loop invariant ...;
   loop invariant ...;
   ...
   ```
4. All invariants must follow ACSL syntax and be valid loop invariants.
5. No explanation. No commentary. Just show me the loop invariant.
 /no_think
--------------------------
----------Response----------
[unused16][unused17]```
loop invariant i_0: z % 2 == 1;
loop invariant i_1: y >= x;
loop invariant i_2: w == 0 || z % 2 == 1;
loop invariant i_3: x == y == 0 && z % 2 == 1 || x + y == 1;
loop invariant i_4: (x + y + w) % 3 == 0;
loop invariant i_5: z % 2 == 1;
```
----------------------------
--------------------------------
------------Invariant Info-----------
LOOP A:
i_0: z % 2 == 1 || x == y
i_1: y >= x
i_2: w == 0 || z % 2 == 1
i_3: x == y == 0 && z % 2 == 1 || x + y == 1
i_4: x + y == 1
i_5: z % 2 == 1
i_6: (x + y + w) % 3 == 0
------------------------------------
----------Code with Invariants----------
#include <assert.h>
int unknown1();
int unknown2();
int unknown3();
int unknown4();

void oopsla_02(){
	int i = 1;
	int j = 0;
	int z = i - j;
	int x = 0;
	int y = 0;
	int w = 0;

    // Loop A
	/*@
        loop invariant i_0: z % 2 == 1 || x == y;

        loop invariant i_1: y >= x;

        loop invariant i_2: w == 0 || z % 2 == 1;

        loop invariant i_3: x == y == 0 && z % 2 == 1 || x + y == 1;

        loop invariant i_4: x + y == 1;

        loop invariant i_5: z % 2 == 1;

        loop invariant i_6: (x + y + w) % 3 == 0;


        loop assigns x, y, z, w;
	*/
	while(unknown2()) 
	{
		z += x + y + w;
		y++;
		if (z % 2 == 1) 
		  x++;
		w += 2; 
	}

	//@ assert a_1: x==y;
}

----------------------------------------
----------Begin Revise----------
-------------Establishment_requires: i_4: establishment---------------
----------Prompt----------

#include <assert.h>
int unknown1();
int unknown2();
int unknown3();
int unknown4();

void oopsla_02(){
	int i = 1;
	int j = 0;
	int z = i - j;
	int x = 0;
	int y = 0;
	int w = 0;

    // Loop A
	/*@
        [Hint] Loop invariant x + y == 1 too strong initially. Relax it.

        loop invariant i_0: z % 2 == 1 || x == y;

        loop invariant i_1: y >= x;

        loop invariant i_2: w == 0 || z % 2 == 1;

        loop invariant i_3: x == y == 0 && z % 2 == 1 || x + y == 1;

        loop invariant i_4: x + y == 1;

        loop invariant i_5: z % 2 == 1;

        loop invariant i_6: (x + y + w) % 3 == 0;


        loop assigns x, y, z, w;
	*/
	while(unknown2()) 
	{
		z += x + y + w;
		y++;
		if (z % 2 == 1) 
		  x++;
		w += 2; 
	}

	//@ assert a_1: x==y;
}

You are an expert in deductive program verification using ACSL and Frama-C.
The following loop invariant of the loop labeled "A" cannot be established from the function's `requires` clauses:
[Unprovable Initial Invariant] x + y == 1
This means the loop invariant is too strong at the loop entry, violating the establishment condition of loop correctness.  
Your task is to relax or weaken the loop invariant at the position marked by: "[Hint] Loop invariant too strong initially. Relax it."
IMPORTANT RULES:
1. The relaxed invariants must still hold:
   - Establishment: They must be provable solely from the function's requires clauses and the program state before entering the loop.
   - Preservation: after executing the loop body exactly once, the invariant still holds.
   - Zero-iteration case: the invariant is valid even if the loop never executes.
2. Do NOT restate or print any of the existing loop invariants.  
   Only output the modified (weakened) invariants necessary to make the establishment step succeed.
3. Your answer must be solely in the form:
   ```
   loop invariant ...;
   loop invariant ...;
   ...
   ```
4. All invariants must follow ACSL syntax and be valid loop invariants.
5. No explanation. No commentary. Just show me the loop invariant.
 /no_think
--------------------------
----------Response----------
[unused16][unused17]```
loop invariant i_0: z % 2 == 1;
loop invariant i_1: y >= x;
loop invariant i_2: w == 0 || z % 2 == 1;
loop invariant i_3: x == y == 0 && z % 2 == 1 || x + y == 1;
```
----------------------------
--------------------------------
------------Invariant Info-----------
LOOP A:
i_0: z % 2 == 1 || x == y
i_1: y >= x
i_2: w == 0 || z % 2 == 1
i_3: x == y == 0 && z % 2 == 1 || x + y == 1
i_4: x + y == 1
i_5: z % 2 == 1
i_6: (x + y + w) % 3 == 0
------------------------------------
----------Code with Invariants----------
#include <assert.h>
int unknown1();
int unknown2();
int unknown3();
int unknown4();

void oopsla_02(){
	int i = 1;
	int j = 0;
	int z = i - j;
	int x = 0;
	int y = 0;
	int w = 0;

    // Loop A
	/*@
        loop invariant i_0: z % 2 == 1 || x == y;

        loop invariant i_1: y >= x;

        loop invariant i_2: w == 0 || z % 2 == 1;

        loop invariant i_3: x == y == 0 && z % 2 == 1 || x + y == 1;

        loop invariant i_4: x + y == 1;

        loop invariant i_5: z % 2 == 1;

        loop invariant i_6: (x + y + w) % 3 == 0;


        loop assigns x, y, z, w;
	*/
	while(unknown2()) 
	{
		z += x + y + w;
		y++;
		if (z % 2 == 1) 
		  x++;
		w += 2; 
	}

	//@ assert a_1: x==y;
}

----------------------------------------
----------Begin Revise----------
-------------Establishment_requires: i_4: establishment---------------
----------Prompt----------

#include <assert.h>
int unknown1();
int unknown2();
int unknown3();
int unknown4();

void oopsla_02(){
	int i = 1;
	int j = 0;
	int z = i - j;
	int x = 0;
	int y = 0;
	int w = 0;

    // Loop A
	/*@
        [Hint] Loop invariant x + y == 1 too strong initially. Relax it.

        loop invariant i_0: z % 2 == 1 || x == y;

        loop invariant i_1: y >= x;

        loop invariant i_2: w == 0 || z % 2 == 1;

        loop invariant i_3: x == y == 0 && z % 2 == 1 || x + y == 1;

        loop invariant i_4: x + y == 1;

        loop invariant i_5: z % 2 == 1;

        loop invariant i_6: (x + y + w) % 3 == 0;


        loop assigns x, y, z, w;
	*/
	while(unknown2()) 
	{
		z += x + y + w;
		y++;
		if (z % 2 == 1) 
		  x++;
		w += 2; 
	}

	//@ assert a_1: x==y;
}

You are an expert in deductive program verification using ACSL and Frama-C.
The following loop invariant of the loop labeled "A" cannot be established from the function's `requires` clauses:
[Unprovable Initial Invariant] x + y == 1
This means the loop invariant is too strong at the loop entry, violating the establishment condition of loop correctness.  
Your task is to relax or weaken the loop invariant at the position marked by: "[Hint] Loop invariant too strong initially. Relax it."
IMPORTANT RULES:
1. The relaxed invariants must still hold:
   - Establishment: They must be provable solely from the function's requires clauses and the program state before entering the loop.
   - Preservation: after executing the loop body exactly once, the invariant still holds.
   - Zero-iteration case: the invariant is valid even if the loop never executes.
2. Do NOT restate or print any of the existing loop invariants.  
   Only output the modified (weakened) invariants necessary to make the establishment step succeed.
3. Your answer must be solely in the form:
   ```
   loop invariant ...;
   loop invariant ...;
   ...
   ```
4. All invariants must follow ACSL syntax and be valid loop invariants.
5. No explanation. No commentary. Just show me the loop invariant.
 /no_think
--------------------------
----------Response----------
[unused16][unused17]```
loop invariant i_0: z % 2 == 1;
loop invariant i_1: y >= x;
loop invariant i_2: w == 0 || z % 2 == 1;
loop invariant i_3: x == y == 0 && z % 2 == 1 || x + y == 1;
loop invariant i_4: x + y + w == z;
loop invariant i_5: z % 2 == 1;
loop invariant i_6: (x + y + w) % 3 == 0;
```
----------------------------
--------------------------------
------------Invariant Info-----------
LOOP A:
i_0: z % 2 == 1 || x == y
i_1: y >= x
i_2: w == 0 || z % 2 == 1
i_3: x == y == 0 && z % 2 == 1 || x + y == 1
i_4: x + y == 1
i_5: z % 2 == 1
i_6: (x + y + w) % 3 == 0
i_7: x + y + w == z
------------------------------------
----------Code with Invariants----------
#include <assert.h>
int unknown1();
int unknown2();
int unknown3();
int unknown4();

void oopsla_02(){
	int i = 1;
	int j = 0;
	int z = i - j;
	int x = 0;
	int y = 0;
	int w = 0;

    // Loop A
	/*@
        loop invariant i_0: z % 2 == 1 || x == y;

        loop invariant i_1: y >= x;

        loop invariant i_2: w == 0 || z % 2 == 1;

        loop invariant i_3: x == y == 0 && z % 2 == 1 || x + y == 1;

        loop invariant i_4: x + y == 1;

        loop invariant i_5: z % 2 == 1;

        loop invariant i_6: (x + y + w) % 3 == 0;

        loop invariant i_7: x + y + w == z;


        loop assigns x, y, z, w;
	*/
	while(unknown2()) 
	{
		z += x + y + w;
		y++;
		if (z % 2 == 1) 
		  x++;
		w += 2; 
	}

	//@ assert a_1: x==y;
}

----------------------------------------
----------Begin Revise----------
--------------------------------
------------Invariant Info-----------
LOOP A:
i_0: z % 2 == 1 || x == y
i_1: y >= x
i_2: w == 0 || z % 2 == 1
i_3: x == y == 0 && z % 2 == 1 || x + y == 1
i_5: z % 2 == 1
i_6: (x + y + w) % 3 == 0
i_7: x + y + w == z
------------------------------------
----------Code with Invariants----------
#include <assert.h>
int unknown1();
int unknown2();
int unknown3();
int unknown4();

void oopsla_02(){
	int i = 1;
	int j = 0;
	int z = i - j;
	int x = 0;
	int y = 0;
	int w = 0;

    // Loop A
	/*@
        loop invariant i_0: z % 2 == 1 || x == y;

        loop invariant i_1: y >= x;

        loop invariant i_2: w == 0 || z % 2 == 1;

        loop invariant i_3: x == y == 0 && z % 2 == 1 || x + y == 1;

        loop invariant i_5: z % 2 == 1;

        loop invariant i_6: (x + y + w) % 3 == 0;

        loop invariant i_7: x + y + w == z;


        loop assigns x, y, z, w;
	*/
	while(unknown2()) 
	{
		z += x + y + w;
		y++;
		if (z % 2 == 1) 
		  x++;
		w += 2; 
	}

	//@ assert a_1: x==y;
}

----------------------------------------
----------Begin Revise----------
-------------Establishment_requires: i_7: establishment---------------
----------Prompt----------

#include <assert.h>
int unknown1();
int unknown2();
int unknown3();
int unknown4();

void oopsla_02(){
	int i = 1;
	int j = 0;
	int z = i - j;
	int x = 0;
	int y = 0;
	int w = 0;

    // Loop A
	/*@
        [Hint] Loop invariant x + y + w == z too strong initially. Relax it.

        loop invariant i_0: z % 2 == 1 || x == y;

        loop invariant i_1: y >= x;

        loop invariant i_2: w == 0 || z % 2 == 1;

        loop invariant i_3: x == y == 0 && z % 2 == 1 || x + y == 1;

        loop invariant i_5: z % 2 == 1;

        loop invariant i_6: (x + y + w) % 3 == 0;

        loop invariant i_7: x + y + w == z;


        loop assigns x, y, z, w;
	*/
	while(unknown2()) 
	{
		z += x + y + w;
		y++;
		if (z % 2 == 1) 
		  x++;
		w += 2; 
	}

	//@ assert a_1: x==y;
}

You are an expert in deductive program verification using ACSL and Frama-C.
The following loop invariant of the loop labeled "A" cannot be established from the function's `requires` clauses:
[Unprovable Initial Invariant] x + y + w == z
This means the loop invariant is too strong at the loop entry, violating the establishment condition of loop correctness.  
Your task is to relax or weaken the loop invariant at the position marked by: "[Hint] Loop invariant too strong initially. Relax it."
IMPORTANT RULES:
1. The relaxed invariants must still hold:
   - Establishment: They must be provable solely from the function's requires clauses and the program state before entering the loop.
   - Preservation: after executing the loop body exactly once, the invariant still holds.
   - Zero-iteration case: the invariant is valid even if the loop never executes.
2. Do NOT restate or print any of the existing loop invariants.  
   Only output the modified (weakened) invariants necessary to make the establishment step succeed.
3. Your answer must be solely in the form:
   ```
   loop invariant ...;
   loop invariant ...;
   ...
   ```
4. All invariants must follow ACSL syntax and be valid loop invariants.
5. No explanation. No commentary. Just show me the loop invariant.
 /no_think
--------------------------
----------Response----------
[unused16][unused17]```
loop invariant i_0: z % 2 == 1 || x == y;

loop invariant i_1: y >= x;

loop invariant i_2: w == 0 || z % 2 == 1;

loop invariant i_3: x == y == 0 && z % 2 == 1 || x + y == 1;

loop invariant i_5: z % 2 == 1;

loop invariant i_6: (x + y + w) % 3 == 0;

loop invariant i_7: x + y + w == z;
```
----------------------------
--------------------------------
------------Invariant Info-----------
LOOP A:
i_0: z % 2 == 1 || x == y
i_1: y >= x
i_2: w == 0 || z % 2 == 1
i_3: x == y == 0 && z % 2 == 1 || x + y == 1
i_5: z % 2 == 1
i_6: (x + y + w) % 3 == 0
i_7: x + y + w == z
------------------------------------
----------Code with Invariants----------
#include <assert.h>
int unknown1();
int unknown2();
int unknown3();
int unknown4();

void oopsla_02(){
	int i = 1;
	int j = 0;
	int z = i - j;
	int x = 0;
	int y = 0;
	int w = 0;

    // Loop A
	/*@
        loop invariant i_0: z % 2 == 1 || x == y;

        loop invariant i_1: y >= x;

        loop invariant i_2: w == 0 || z % 2 == 1;

        loop invariant i_3: x == y == 0 && z % 2 == 1 || x + y == 1;

        loop invariant i_5: z % 2 == 1;

        loop invariant i_6: (x + y + w) % 3 == 0;

        loop invariant i_7: x + y + w == z;


        loop assigns x, y, z, w;
	*/
	while(unknown2()) 
	{
		z += x + y + w;
		y++;
		if (z % 2 == 1) 
		  x++;
		w += 2; 
	}

	//@ assert a_1: x==y;
}

----------------------------------------
----------Begin Revise----------
-------------Establishment_requires: i_7: establishment---------------
----------Prompt----------

#include <assert.h>
int unknown1();
int unknown2();
int unknown3();
int unknown4();

void oopsla_02(){
	int i = 1;
	int j = 0;
	int z = i - j;
	int x = 0;
	int y = 0;
	int w = 0;

    // Loop A
	/*@
        [Hint] Loop invariant x + y + w == z too strong initially. Relax it.

        loop invariant i_0: z % 2 == 1 || x == y;

        loop invariant i_1: y >= x;

        loop invariant i_2: w == 0 || z % 2 == 1;

        loop invariant i_3: x == y == 0 && z % 2 == 1 || x + y == 1;

        loop invariant i_5: z % 2 == 1;

        loop invariant i_6: (x + y + w) % 3 == 0;

        loop invariant i_7: x + y + w == z;


        loop assigns x, y, z, w;
	*/
	while(unknown2()) 
	{
		z += x + y + w;
		y++;
		if (z % 2 == 1) 
		  x++;
		w += 2; 
	}

	//@ assert a_1: x==y;
}

You are an expert in deductive program verification using ACSL and Frama-C.
The following loop invariant of the loop labeled "A" cannot be established from the function's `requires` clauses:
[Unprovable Initial Invariant] x + y + w == z
This means the loop invariant is too strong at the loop entry, violating the establishment condition of loop correctness.  
Your task is to relax or weaken the loop invariant at the position marked by: "[Hint] Loop invariant too strong initially. Relax it."
IMPORTANT RULES:
1. The relaxed invariants must still hold:
   - Establishment: They must be provable solely from the function's requires clauses and the program state before entering the loop.
   - Preservation: after executing the loop body exactly once, the invariant still holds.
   - Zero-iteration case: the invariant is valid even if the loop never executes.
2. Do NOT restate or print any of the existing loop invariants.  
   Only output the modified (weakened) invariants necessary to make the establishment step succeed.
3. Your answer must be solely in the form:
   ```
   loop invariant ...;
   loop invariant ...;
   ...
   ```
4. All invariants must follow ACSL syntax and be valid loop invariants.
5. No explanation. No commentary. Just show me the loop invariant.
 /no_think
--------------------------
----------Response----------
[unused16][unused17]```
loop invariant i_0: z % 2 == 1 || x == y;

loop invariant i_1: y >= x;

loop invariant i_2: w == 0 || z % 2 == 1;

loop invariant i_3: x == y == 0 && z % 2 == 1 || x + y == 1;

loop invariant i_5: z % 2 == 1;

loop invariant i_6: (x + y + w) % 3 == 0;

loop invariant i_7: x + y + w == z;
```
----------------------------
--------------------------------
------------Invariant Info-----------
LOOP A:
i_0: z % 2 == 1 || x == y
i_1: y >= x
i_2: w == 0 || z % 2 == 1
i_3: x == y == 0 && z % 2 == 1 || x + y == 1
i_5: z % 2 == 1
i_6: (x + y + w) % 3 == 0
i_7: x + y + w == z
------------------------------------
----------Code with Invariants----------
#include <assert.h>
int unknown1();
int unknown2();
int unknown3();
int unknown4();

void oopsla_02(){
	int i = 1;
	int j = 0;
	int z = i - j;
	int x = 0;
	int y = 0;
	int w = 0;

    // Loop A
	/*@
        loop invariant i_0: z % 2 == 1 || x == y;

        loop invariant i_1: y >= x;

        loop invariant i_2: w == 0 || z % 2 == 1;

        loop invariant i_3: x == y == 0 && z % 2 == 1 || x + y == 1;

        loop invariant i_5: z % 2 == 1;

        loop invariant i_6: (x + y + w) % 3 == 0;

        loop invariant i_7: x + y + w == z;


        loop assigns x, y, z, w;
	*/
	while(unknown2()) 
	{
		z += x + y + w;
		y++;
		if (z % 2 == 1) 
		  x++;
		w += 2; 
	}

	//@ assert a_1: x==y;
}

----------------------------------------
------------Invariant Info-----------
LOOP A:
i_0: z % 2 == 1 || x == y
i_1: y >= x
i_2: w == 0 || z % 2 == 1
i_3: x == y == 0 && z % 2 == 1 || x + y == 1
i_5: z % 2 == 1
i_6: (x + y + w) % 3 == 0
------------------------------------
----------Code with Invariants----------
#include <assert.h>
int unknown1();
int unknown2();
int unknown3();
int unknown4();

void oopsla_02(){
	int i = 1;
	int j = 0;
	int z = i - j;
	int x = 0;
	int y = 0;
	int w = 0;

    // Loop A
	/*@
        loop invariant i_0: z % 2 == 1 || x == y;

        loop invariant i_1: y >= x;

        loop invariant i_2: w == 0 || z % 2 == 1;

        loop invariant i_3: x == y == 0 && z % 2 == 1 || x + y == 1;

        loop invariant i_5: z % 2 == 1;

        loop invariant i_6: (x + y + w) % 3 == 0;


        loop assigns x, y, z, w;
	*/
	while(unknown2()) 
	{
		z += x + y + w;
		y++;
		if (z % 2 == 1) 
		  x++;
		w += 2; 
	}

	//@ assert a_1: x==y;
}

----------------------------------------
------------Invariant Info-----------
LOOP A:
i_1: y >= x
i_2: w == 0 || z % 2 == 1
i_5: z % 2 == 1
i_6: (x + y + w) % 3 == 0
------------------------------------
----------Code with Invariants----------
#include <assert.h>
int unknown1();
int unknown2();
int unknown3();
int unknown4();

void oopsla_02(){
	int i = 1;
	int j = 0;
	int z = i - j;
	int x = 0;
	int y = 0;
	int w = 0;

    // Loop A
	/*@
        loop invariant i_1: y >= x;

        loop invariant i_2: w == 0 || z % 2 == 1;

        loop invariant i_5: z % 2 == 1;

        loop invariant i_6: (x + y + w) % 3 == 0;


        loop assigns x, y, z, w;
	*/
	while(unknown2()) 
	{
		z += x + y + w;
		y++;
		if (z % 2 == 1) 
		  x++;
		w += 2; 
	}

	//@ assert a_1: x==y;
}

----------------------------------------
------------Invariant Info-----------
LOOP A:
i_1: y >= x
------------------------------------
----------Code with Invariants----------
#include <assert.h>
int unknown1();
int unknown2();
int unknown3();
int unknown4();

void oopsla_02(){
	int i = 1;
	int j = 0;
	int z = i - j;
	int x = 0;
	int y = 0;
	int w = 0;

    // Loop A
	/*@
        loop invariant i_1: y >= x;


        loop assigns x, y, z, w;
	*/
	while(unknown2()) 
	{
		z += x + y + w;
		y++;
		if (z % 2 == 1) 
		  x++;
		w += 2; 
	}

	//@ assert a_1: x==y;
}

----------------------------------------
---------Result---------
Fail
Model: openPangu-Embedded-7B-V1.1
Running time: 277.87520813941956
Proposal number: 14
Verified code:

------------------------
