-----------Model-----------
Model type:
PanguEmbeddedForCausalLM(
  (model): PanguEmbeddedModel(
    (embed_tokens): Embedding(153376, 4096, padding_idx=0)
    (layers): ModuleList(
      (0-33): 34 x PanguEmbeddedDecoderLayer(
        (self_attn): PanguEmbeddedAttention(
          (q_proj): Linear(in_features=4096, out_features=4096, bias=True)
          (k_proj): Linear(in_features=4096, out_features=1024, bias=True)
          (v_proj): Linear(in_features=4096, out_features=1024, bias=True)
          (o_proj): Linear(in_features=4096, out_features=4096, bias=True)
        )
        (mlp): PanguEmbeddedMLP(
          (gate_proj): Linear(in_features=4096, out_features=12800, bias=False)
          (up_proj): Linear(in_features=4096, out_features=12800, bias=False)
          (down_proj): Linear(in_features=12800, out_features=4096, bias=False)
          (act_fn): SiLU()
        )
        (input_layernorm): PanguEmbeddedRMSNorm((4096,), eps=1e-05)
        (post_attention_layernorm): PanguEmbeddedRMSNorm((4096,), eps=1e-05)
      )
    )
    (norm): PanguEmbeddedRMSNorm((4096,), eps=1e-05)
    (rotary_emb): PanguEmbeddedRotaryEmbedding()
  )
  (lm_head): Linear(in_features=4096, out_features=153376, bias=False)
)
Model device:
npu:1
---------------------------
File Path: ../Benchmark/acsl-algorithms/_max_profit.c
----------Code----------

/*@
    predicate is_max(integer a, integer b, integer result) =
        result >= a && 
        result >= b && 
        (result == a || result == b);
*/

/*@
    assigns \nothing;
    ensures is_max(a, b, \result);
*/
int max(int a, int b) {
  int max_val = a >= b ? a : b;
  return max_val;
}

/*@
    predicate is_min(integer a, integer b, integer result) =
        result <= a && 
        result <= b && 
        (result == a || result == b);
*/

/*@
    assigns \nothing;
    ensures is_min(a, b, \result);
*/
int min(int a, int b) {
  int min_val = a >= b ? b : a;
  return min_val;
}

/*@
    requires n > 0;
    requires \valid(prices + (0..(n-1)));
    assigns \nothing;
    ensures e_1: \forall integer p, q; 0 < p < q < n ==> \result >= prices[q] - prices[p];
*/
int _max_profit(int* prices, int n) {
    int minprice = 2147483647, maxprofit = 0;

    /*@
        loop assigns i, maxprofit, minprice;
    */
    for (int i = 0; i < n ; i++) {
        int price = prices[i];
        maxprofit = max(maxprofit, price - minprice);
        minprice = min(price, minprice);
    }
    return maxprofit;
}
------------------------
========== Attempt 1 ==========
----------Prompt----------


/*@
    predicate is_max(integer a, integer b, integer result) =
        result >= a && 
        result >= b && 
        (result == a || result == b);
*/

/*@
    assigns \nothing;
    ensures is_max(a, b, \result);
*/
int max(int a, int b) {
  int max_val = a >= b ? a : b;
  return max_val;
}

/*@
    predicate is_min(integer a, integer b, integer result) =
        result <= a && 
        result <= b && 
        (result == a || result == b);
*/

/*@
    assigns \nothing;
    ensures is_min(a, b, \result);
*/
int min(int a, int b) {
  int min_val = a >= b ? b : a;
  return min_val;
}

/*@
    requires n > 0;
    requires \valid(prices + (0..(n-1)));
    assigns \nothing;
    ensures e_1: \forall integer p, q; 0 < p < q < n ==> \result >= prices[q] - prices[p];
*/
int _max_profit(int* prices, int n) {
    int minprice = 2147483647, maxprofit = 0;

    // Loop A
    /*@
        [Hint] Please infer the loop invariant for the following loop.

        loop assigns i, maxprofit, minprice;
    */
    for (int i = 0; i < n ; i++) {
        int price = prices[i];
        maxprofit = max(maxprofit, price - minprice);
        minprice = min(price, minprice);
    }
    return maxprofit;
}
You are an expert in program verification, and please generate loop invariant as C annotation comments at the hint location (annotated by "[Hint] Please infer the loop invariant for the following loop.") using ACSL language.
ACSL is a specification language for C programs that conforms to the design by contract paradigm, utilizing Hoare style pre- and postconditions and invariants. Note that the `loop invariant` clause is a condition that is true at the beginning and end of every loop iteration.
Specifically, for the current verification task:
    - Pre-condition: the function's `requires` clauses
    - Post-condition: e_1:\forall integer p, q; 0 < p < q < n ==> \result >= prices[q] - prices[p]; 
Please verify that the generated loop invariant is consistent with these constraints. If these specific pre- or post-conditions are not provided or empty, please infer the loop invariant strictly based on the program's execution logic and standard correctness.
In order to get a correct answer, You may want to consider both the situation of not entering the loop and the situation of jumping out of the loop. If some of the pre-conditions are also loop invariant, you need to add them to your answer as well.
Use '&&', '||', '==>', '\forall' or '\exists' if necessary. For instance:
```
loop invariant 1 <= x;
loop invariant x == y;
loop invariant 0 < x ==> y <= z;
loop invariant z % 2 == 1 || x == y;
loop invariant z % 2 == 1 && x <= y;
loop invariant \forall integer k;  0 <= k < i ==> max >=  a[k];
loop invariant \exists integer k;  0 <= k < i &&  max == a[k];
loop invariant \forall integer p; 0 <= p < \at(k, End_l) ==> res[p] == \at(res[p], End_l);
```
Your answer should follow the following format:
```
loop invariant ...;
loop invariant ...;
...
```
No explanation. No commentary. Just show me the loop invariant.
 /no_think
--------------------------
----------Response----------
[unused16][unused17][Loop <Loop A>]
loop invariant \forall integer i; 0 <= i < n && maxprofit >= 0 && minprice >= 2147483647;
loop invariant \forall integer i; i >= 0 && i < n ==> maxprofit >= 0 && minprice >= 2147483647;
loop invariant \forall integer i; i >= 0 ==> maxprofit >= minprice;
loop invariant \forall integer i; i < n ==> maxprofit >= prices[i] - minprice;
loop invariant \forall integer i; i >= 1 ==> minprice == prices[i] - maxprofit;

[Loop <Loop B>]
loop invariant \forall integer i; i < n && maxprofit >= 0 && minprice >= 2147483647;
loop invariant \forall integer i; i < n ==> maxprofit >= 0 && minprice >= 2147483647;
loop invariant \forall integer i; i >= 0 ==> maxprofit >= minprice;
loop invariant \forall integer i; i >= 1 ==> minprice == prices[i] - maxprofit;
loop invariant \forall integer p, q; 0 < p < q < n ==> maxprofit >= prices[q] - prices[p];
----------------------------
------------Invariant Info-----------
LOOP A:
i_0: \forall integer i; 0 <= i < n && maxprofit >= 0 && minprice >= 2147483647
i_1: \forall integer i; i >= 0 && i < n ==> maxprofit >= 0 && minprice >= 2147483647
i_2: \forall integer i; i >= 0 ==> maxprofit >= minprice
i_3: \forall integer i; i < n ==> maxprofit >= prices[i] - minprice
i_4: \forall integer i; i >= 1 ==> minprice == prices[i] - maxprofit
i_5: \forall integer i; i < n && maxprofit >= 0 && minprice >= 2147483647
i_6: \forall integer i; i < n ==> maxprofit >= 0 && minprice >= 2147483647
i_7: \forall integer p, q; 0 < p < q < n ==> maxprofit >= prices[q] - prices[p]
------------------------------------
---------- Code with Invariants ----------

/*@
    predicate is_max(integer a, integer b, integer result) =
        result >= a && 
        result >= b && 
        (result == a || result == b);
*/

/*@
    assigns \nothing;
    ensures is_max(a, b, \result);
*/
int max(int a, int b) {
  int max_val = a >= b ? a : b;
  return max_val;
}

/*@
    predicate is_min(integer a, integer b, integer result) =
        result <= a && 
        result <= b && 
        (result == a || result == b);
*/

/*@
    assigns \nothing;
    ensures is_min(a, b, \result);
*/
int min(int a, int b) {
  int min_val = a >= b ? b : a;
  return min_val;
}

/*@
    requires n > 0;
    requires \valid(prices + (0..(n-1)));
    assigns \nothing;
    ensures e_1: \forall integer p, q; 0 < p < q < n ==> \result >= prices[q] - prices[p];
*/
int _max_profit(int* prices, int n) {
    int minprice = 2147483647, maxprofit = 0;

    // Loop A
    /*@
        loop invariant i_0: \forall integer i; 0 <= i < n && maxprofit >= 0 && minprice >= 2147483647;

        loop invariant i_1: \forall integer i; i >= 0 && i < n ==> maxprofit >= 0 && minprice >= 2147483647;

        loop invariant i_2: \forall integer i; i >= 0 ==> maxprofit >= minprice;

        loop invariant i_3: \forall integer i; i < n ==> maxprofit >= prices[i] - minprice;

        loop invariant i_4: \forall integer i; i >= 1 ==> minprice == prices[i] - maxprofit;

        loop invariant i_5: \forall integer i; i < n && maxprofit >= 0 && minprice >= 2147483647;

        loop invariant i_6: \forall integer i; i < n ==> maxprofit >= 0 && minprice >= 2147483647;

        loop invariant i_7: \forall integer p, q; 0 < p < q < n ==> maxprofit >= prices[q] - prices[p];


        loop assigns i, maxprofit, minprice;
    */
    for (int i = 0; i < n ; i++) {
        int price = prices[i];
        maxprofit = max(maxprofit, price - minprice);
        minprice = min(price, minprice);
    }
    return maxprofit;
}
------------------------------------------
Verification failed (Fail_30_31), removing all invariants and retrying.
========== Attempt 2 ==========
----------Prompt----------


/*@
    predicate is_max(integer a, integer b, integer result) =
        result >= a && 
        result >= b && 
        (result == a || result == b);
*/

/*@
    assigns \nothing;
    ensures is_max(a, b, \result);
*/
int max(int a, int b) {
  int max_val = a >= b ? a : b;
  return max_val;
}

/*@
    predicate is_min(integer a, integer b, integer result) =
        result <= a && 
        result <= b && 
        (result == a || result == b);
*/

/*@
    assigns \nothing;
    ensures is_min(a, b, \result);
*/
int min(int a, int b) {
  int min_val = a >= b ? b : a;
  return min_val;
}

/*@
    requires n > 0;
    requires \valid(prices + (0..(n-1)));
    assigns \nothing;
    ensures e_1: \forall integer p, q; 0 < p < q < n ==> \result >= prices[q] - prices[p];
*/
int _max_profit(int* prices, int n) {
    int minprice = 2147483647, maxprofit = 0;

    // Loop A
    /*@
        [Hint] Please infer the loop invariant for the following loop.

        loop assigns i, maxprofit, minprice;
    */
    for (int i = 0; i < n ; i++) {
        int price = prices[i];
        maxprofit = max(maxprofit, price - minprice);
        minprice = min(price, minprice);
    }
    return maxprofit;
}
You are an expert in program verification, and please generate loop invariant as C annotation comments at the hint location (annotated by "[Hint] Please infer the loop invariant for the following loop.") using ACSL language.
ACSL is a specification language for C programs that conforms to the design by contract paradigm, utilizing Hoare style pre- and postconditions and invariants. Note that the `loop invariant` clause is a condition that is true at the beginning and end of every loop iteration.
Specifically, for the current verification task:
    - Pre-condition: the function's `requires` clauses
    - Post-condition: e_1:\forall integer p, q; 0 < p < q < n ==> \result >= prices[q] - prices[p]; 
Please verify that the generated loop invariant is consistent with these constraints. If these specific pre- or post-conditions are not provided or empty, please infer the loop invariant strictly based on the program's execution logic and standard correctness.
In order to get a correct answer, You may want to consider both the situation of not entering the loop and the situation of jumping out of the loop. If some of the pre-conditions are also loop invariant, you need to add them to your answer as well.
Use '&&', '||', '==>', '\forall' or '\exists' if necessary. For instance:
```
loop invariant 1 <= x;
loop invariant x == y;
loop invariant 0 < x ==> y <= z;
loop invariant z % 2 == 1 || x == y;
loop invariant z % 2 == 1 && x <= y;
loop invariant \forall integer k;  0 <= k < i ==> max >=  a[k];
loop invariant \exists integer k;  0 <= k < i &&  max == a[k];
loop invariant \forall integer p; 0 <= p < \at(k, End_l) ==> res[p] == \at(res[p], End_l);
```
Your answer should follow the following format:
```
loop invariant ...;
loop invariant ...;
...
```
No explanation. No commentary. Just show me the loop invariant.
 /no_think
--------------------------
----------Response----------
[unused16][unused17]```
loop invariant 0 <= i < n;
loop invariant maxprofit >= 0;
loop invariant minprice == 2147483647;
```
----------------------------
------------Invariant Info-----------
LOOP A:
i_8: 0 <= i < n
i_9: maxprofit >= 0
i_10: minprice == 2147483647
------------------------------------
---------- Code with Invariants ----------

/*@
    predicate is_max(integer a, integer b, integer result) =
        result >= a && 
        result >= b && 
        (result == a || result == b);
*/

/*@
    assigns \nothing;
    ensures is_max(a, b, \result);
*/
int max(int a, int b) {
  int max_val = a >= b ? a : b;
  return max_val;
}

/*@
    predicate is_min(integer a, integer b, integer result) =
        result <= a && 
        result <= b && 
        (result == a || result == b);
*/

/*@
    assigns \nothing;
    ensures is_min(a, b, \result);
*/
int min(int a, int b) {
  int min_val = a >= b ? b : a;
  return min_val;
}

/*@
    requires n > 0;
    requires \valid(prices + (0..(n-1)));
    assigns \nothing;
    ensures e_1: \forall integer p, q; 0 < p < q < n ==> \result >= prices[q] - prices[p];
*/
int _max_profit(int* prices, int n) {
    int minprice = 2147483647, maxprofit = 0;

    // Loop A
    /*@
        loop invariant i_8: 0 <= i < n;

        loop invariant i_9: maxprofit >= 0;

        loop invariant i_10: minprice == 2147483647;


        loop assigns i, maxprofit, minprice;
    */
    for (int i = 0; i < n ; i++) {
        int price = prices[i];
        maxprofit = max(maxprofit, price - minprice);
        minprice = min(price, minprice);
    }
    return maxprofit;
}
------------------------------------------
Verification failed (Fail_19_21), removing all invariants and retrying.
========== Attempt 3 ==========
----------Prompt----------


/*@
    predicate is_max(integer a, integer b, integer result) =
        result >= a && 
        result >= b && 
        (result == a || result == b);
*/

/*@
    assigns \nothing;
    ensures is_max(a, b, \result);
*/
int max(int a, int b) {
  int max_val = a >= b ? a : b;
  return max_val;
}

/*@
    predicate is_min(integer a, integer b, integer result) =
        result <= a && 
        result <= b && 
        (result == a || result == b);
*/

/*@
    assigns \nothing;
    ensures is_min(a, b, \result);
*/
int min(int a, int b) {
  int min_val = a >= b ? b : a;
  return min_val;
}

/*@
    requires n > 0;
    requires \valid(prices + (0..(n-1)));
    assigns \nothing;
    ensures e_1: \forall integer p, q; 0 < p < q < n ==> \result >= prices[q] - prices[p];
*/
int _max_profit(int* prices, int n) {
    int minprice = 2147483647, maxprofit = 0;

    // Loop A
    /*@
        [Hint] Please infer the loop invariant for the following loop.

        loop assigns i, maxprofit, minprice;
    */
    for (int i = 0; i < n ; i++) {
        int price = prices[i];
        maxprofit = max(maxprofit, price - minprice);
        minprice = min(price, minprice);
    }
    return maxprofit;
}
You are an expert in program verification, and please generate loop invariant as C annotation comments at the hint location (annotated by "[Hint] Please infer the loop invariant for the following loop.") using ACSL language.
ACSL is a specification language for C programs that conforms to the design by contract paradigm, utilizing Hoare style pre- and postconditions and invariants. Note that the `loop invariant` clause is a condition that is true at the beginning and end of every loop iteration.
Specifically, for the current verification task:
    - Pre-condition: the function's `requires` clauses
    - Post-condition: e_1:\forall integer p, q; 0 < p < q < n ==> \result >= prices[q] - prices[p]; 
Please verify that the generated loop invariant is consistent with these constraints. If these specific pre- or post-conditions are not provided or empty, please infer the loop invariant strictly based on the program's execution logic and standard correctness.
In order to get a correct answer, You may want to consider both the situation of not entering the loop and the situation of jumping out of the loop. If some of the pre-conditions are also loop invariant, you need to add them to your answer as well.
Use '&&', '||', '==>', '\forall' or '\exists' if necessary. For instance:
```
loop invariant 1 <= x;
loop invariant x == y;
loop invariant 0 < x ==> y <= z;
loop invariant z % 2 == 1 || x == y;
loop invariant z % 2 == 1 && x <= y;
loop invariant \forall integer k;  0 <= k < i ==> max >=  a[k];
loop invariant \exists integer k;  0 <= k < i &&  max == a[k];
loop invariant \forall integer p; 0 <= p < \at(k, End_l) ==> res[p] == \at(res[p], End_l);
```
Your answer should follow the following format:
```
loop invariant ...;
loop invariant ...;
...
```
No explanation. No commentary. Just show me the loop invariant.
 /no_think
--------------------------
----------Response----------
[unused16][unused17]loop invariant \forall integer i; 0 <= i < n ==> maxprofit >= prices[i] - minprice;
loop invariant \exists integer i; 0 <= i < n ==> maxprofit >= prices[i] - minprice;
loop invariant \forall integer i; 0 <= i < n ==> minprice <= prices[i];
loop invariant \forall integer i; 0 <= i < n ==> maxprofit >= prices[i] - minprice;
loop invariant \forall integer i; 0 <= i < n && minprice <= prices[i] && maxprofit >= prices[i] - minprice;
loop invariant \forall integer i; 0 <= i < n && minprice == min(minprice, prices[i]) && maxprofit == max(maxprofit, prices[i] - minprice);
loop invariant \forall integer i; 0 <= i < n ==> maxprofit >= prices[i] - minprice;
loop invariant \forall integer i; 0 <= i < n && minprice <= prices[i] && maxprofit >= prices[i] - minprice;
```
----------------------------
------------Invariant Info-----------
LOOP A:
i_11: \forall integer i; 0 <= i < n ==> maxprofit >= prices[i] - minprice
i_12: \exists integer i; 0 <= i < n ==> maxprofit >= prices[i] - minprice
i_13: \forall integer i; 0 <= i < n ==> minprice <= prices[i]
i_14: \forall integer i; 0 <= i < n && minprice <= prices[i] && maxprofit >= prices[i] - minprice
i_15: \forall integer i; 0 <= i < n && minprice == min(minprice, prices[i]) && maxprofit == max(maxprofit, prices[i] - minprice)
------------------------------------
---------- Code with Invariants ----------

/*@
    predicate is_max(integer a, integer b, integer result) =
        result >= a && 
        result >= b && 
        (result == a || result == b);
*/

/*@
    assigns \nothing;
    ensures is_max(a, b, \result);
*/
int max(int a, int b) {
  int max_val = a >= b ? a : b;
  return max_val;
}

/*@
    predicate is_min(integer a, integer b, integer result) =
        result <= a && 
        result <= b && 
        (result == a || result == b);
*/

/*@
    assigns \nothing;
    ensures is_min(a, b, \result);
*/
int min(int a, int b) {
  int min_val = a >= b ? b : a;
  return min_val;
}

/*@
    requires n > 0;
    requires \valid(prices + (0..(n-1)));
    assigns \nothing;
    ensures e_1: \forall integer p, q; 0 < p < q < n ==> \result >= prices[q] - prices[p];
*/
int _max_profit(int* prices, int n) {
    int minprice = 2147483647, maxprofit = 0;

    // Loop A
    /*@
        loop invariant i_11: \forall integer i; 0 <= i < n ==> maxprofit >= prices[i] - minprice;

        loop invariant i_12: \exists integer i; 0 <= i < n ==> maxprofit >= prices[i] - minprice;

        loop invariant i_13: \forall integer i; 0 <= i < n ==> minprice <= prices[i];

        loop invariant i_14: \forall integer i; 0 <= i < n && minprice <= prices[i] && maxprofit >= prices[i] - minprice;

        loop invariant i_15: \forall integer i; 0 <= i < n && minprice == min(minprice, prices[i]) && maxprofit == max(maxprofit, prices[i] - minprice);


        loop assigns i, maxprofit, minprice;
    */
    for (int i = 0; i < n ; i++) {
        int price = prices[i];
        maxprofit = max(maxprofit, price - minprice);
        minprice = min(price, minprice);
    }
    return maxprofit;
}
------------------------------------------
Verification failed (Invalid), removing all invariants and retrying.
========== Attempt 4 ==========
----------Prompt----------


/*@
    predicate is_max(integer a, integer b, integer result) =
        result >= a && 
        result >= b && 
        (result == a || result == b);
*/

/*@
    assigns \nothing;
    ensures is_max(a, b, \result);
*/
int max(int a, int b) {
  int max_val = a >= b ? a : b;
  return max_val;
}

/*@
    predicate is_min(integer a, integer b, integer result) =
        result <= a && 
        result <= b && 
        (result == a || result == b);
*/

/*@
    assigns \nothing;
    ensures is_min(a, b, \result);
*/
int min(int a, int b) {
  int min_val = a >= b ? b : a;
  return min_val;
}

/*@
    requires n > 0;
    requires \valid(prices + (0..(n-1)));
    assigns \nothing;
    ensures e_1: \forall integer p, q; 0 < p < q < n ==> \result >= prices[q] - prices[p];
*/
int _max_profit(int* prices, int n) {
    int minprice = 2147483647, maxprofit = 0;

    // Loop A
    /*@
        [Hint] Please infer the loop invariant for the following loop.

        loop assigns i, maxprofit, minprice;
    */
    for (int i = 0; i < n ; i++) {
        int price = prices[i];
        maxprofit = max(maxprofit, price - minprice);
        minprice = min(price, minprice);
    }
    return maxprofit;
}
You are an expert in program verification, and please generate loop invariant as C annotation comments at the hint location (annotated by "[Hint] Please infer the loop invariant for the following loop.") using ACSL language.
ACSL is a specification language for C programs that conforms to the design by contract paradigm, utilizing Hoare style pre- and postconditions and invariants. Note that the `loop invariant` clause is a condition that is true at the beginning and end of every loop iteration.
Specifically, for the current verification task:
    - Pre-condition: the function's `requires` clauses
    - Post-condition: e_1:\forall integer p, q; 0 < p < q < n ==> \result >= prices[q] - prices[p]; 
Please verify that the generated loop invariant is consistent with these constraints. If these specific pre- or post-conditions are not provided or empty, please infer the loop invariant strictly based on the program's execution logic and standard correctness.
In order to get a correct answer, You may want to consider both the situation of not entering the loop and the situation of jumping out of the loop. If some of the pre-conditions are also loop invariant, you need to add them to your answer as well.
Use '&&', '||', '==>', '\forall' or '\exists' if necessary. For instance:
```
loop invariant 1 <= x;
loop invariant x == y;
loop invariant 0 < x ==> y <= z;
loop invariant z % 2 == 1 || x == y;
loop invariant z % 2 == 1 && x <= y;
loop invariant \forall integer k;  0 <= k < i ==> max >=  a[k];
loop invariant \exists integer k;  0 <= k < i &&  max == a[k];
loop invariant \forall integer p; 0 <= p < \at(k, End_l) ==> res[p] == \at(res[p], End_l);
```
Your answer should follow the following format:
```
loop invariant ...;
loop invariant ...;
...
```
No explanation. No commentary. Just show me the loop invariant.
 /no_think
--------------------------
----------Response----------
[unused16][unused17][Loop _max_profit]
loop invariant \forall integer i; 0 <= i < n ==> \maxprofit >= prices[i] - \minprice;
loop invariant \maxprofit >= 0;
loop invariant \maxprofit == prices[0] - \minprice;
loop invariant \minprice == prices[0];
```
----------------------------
------------Invariant Info-----------
LOOP A:
------------------------------------
---------- Code with Invariants ----------

/*@
    predicate is_max(integer a, integer b, integer result) =
        result >= a && 
        result >= b && 
        (result == a || result == b);
*/

/*@
    assigns \nothing;
    ensures is_max(a, b, \result);
*/
int max(int a, int b) {
  int max_val = a >= b ? a : b;
  return max_val;
}

/*@
    predicate is_min(integer a, integer b, integer result) =
        result <= a && 
        result <= b && 
        (result == a || result == b);
*/

/*@
    assigns \nothing;
    ensures is_min(a, b, \result);
*/
int min(int a, int b) {
  int min_val = a >= b ? b : a;
  return min_val;
}

/*@
    requires n > 0;
    requires \valid(prices + (0..(n-1)));
    assigns \nothing;
    ensures e_1: \forall integer p, q; 0 < p < q < n ==> \result >= prices[q] - prices[p];
*/
int _max_profit(int* prices, int n) {
    int minprice = 2147483647, maxprofit = 0;

    // Loop A
    /*@
        loop assigns i, maxprofit, minprice;
    */
    for (int i = 0; i < n ; i++) {
        int price = prices[i];
        maxprofit = max(maxprofit, price - minprice);
        minprice = min(price, minprice);
    }
    return maxprofit;
}
------------------------------------------
Verification failed (Fail_14_15), removing all invariants and retrying.
========== Attempt 5 ==========
----------Prompt----------


/*@
    predicate is_max(integer a, integer b, integer result) =
        result >= a && 
        result >= b && 
        (result == a || result == b);
*/

/*@
    assigns \nothing;
    ensures is_max(a, b, \result);
*/
int max(int a, int b) {
  int max_val = a >= b ? a : b;
  return max_val;
}

/*@
    predicate is_min(integer a, integer b, integer result) =
        result <= a && 
        result <= b && 
        (result == a || result == b);
*/

/*@
    assigns \nothing;
    ensures is_min(a, b, \result);
*/
int min(int a, int b) {
  int min_val = a >= b ? b : a;
  return min_val;
}

/*@
    requires n > 0;
    requires \valid(prices + (0..(n-1)));
    assigns \nothing;
    ensures e_1: \forall integer p, q; 0 < p < q < n ==> \result >= prices[q] - prices[p];
*/
int _max_profit(int* prices, int n) {
    int minprice = 2147483647, maxprofit = 0;

    // Loop A
    /*@
        [Hint] Please infer the loop invariant for the following loop.

        loop assigns i, maxprofit, minprice;
    */
    for (int i = 0; i < n ; i++) {
        int price = prices[i];
        maxprofit = max(maxprofit, price - minprice);
        minprice = min(price, minprice);
    }
    return maxprofit;
}
You are an expert in program verification, and please generate loop invariant as C annotation comments at the hint location (annotated by "[Hint] Please infer the loop invariant for the following loop.") using ACSL language.
ACSL is a specification language for C programs that conforms to the design by contract paradigm, utilizing Hoare style pre- and postconditions and invariants. Note that the `loop invariant` clause is a condition that is true at the beginning and end of every loop iteration.
Specifically, for the current verification task:
    - Pre-condition: the function's `requires` clauses
    - Post-condition: e_1:\forall integer p, q; 0 < p < q < n ==> \result >= prices[q] - prices[p]; 
Please verify that the generated loop invariant is consistent with these constraints. If these specific pre- or post-conditions are not provided or empty, please infer the loop invariant strictly based on the program's execution logic and standard correctness.
In order to get a correct answer, You may want to consider both the situation of not entering the loop and the situation of jumping out of the loop. If some of the pre-conditions are also loop invariant, you need to add them to your answer as well.
Use '&&', '||', '==>', '\forall' or '\exists' if necessary. For instance:
```
loop invariant 1 <= x;
loop invariant x == y;
loop invariant 0 < x ==> y <= z;
loop invariant z % 2 == 1 || x == y;
loop invariant z % 2 == 1 && x <= y;
loop invariant \forall integer k;  0 <= k < i ==> max >=  a[k];
loop invariant \exists integer k;  0 <= k < i &&  max == a[k];
loop invariant \forall integer p; 0 <= p < \at(k, End_l) ==> res[p] == \at(res[p], End_l);
```
Your answer should follow the following format:
```
loop invariant ...;
loop invariant ...;
...
```
No explanation. No commentary. Just show me the loop invariant.
 /no_think
--------------------------
----------Response----------
[unused16][unused17]loop invariant minprice >= minprice;
loop invariant maxprofit >= maxprofit;
loop invariant 0 <= i < n;
loop invariant maxprofit >= prices[0] - minprice;
loop invariant minprice <= prices[i];
loop invariant maxprofit >= prices[i] - minprice;
loop invariant \forall integer i; 0 <= i < n ==> minprice <= prices[i];
loop invariant \forall integer i; 0 <= i < n ==> maxprofit >= prices[i] - minprice;
loop invariant \forall integer i; 0 <= i < n ==> maxprofit >= prices[0] - minprice;
loop invariant \exists integer k; 0 <= k < i && maxprofit == prices[k] - minprice;
loop invariant \exists integer k; 0 <= k < n && maxprofit == prices[k] - minprice;
```
----------------------------
------------Invariant Info-----------
LOOP A:
i_16: minprice >= minprice
i_17: maxprofit >= maxprofit
i_18: 0 <= i < n
i_19: maxprofit >= prices[0] - minprice
i_20: minprice <= prices[i]
i_21: maxprofit >= prices[i] - minprice
i_22: \forall integer i; 0 <= i < n ==> minprice <= prices[i]
i_23: \forall integer i; 0 <= i < n ==> maxprofit >= prices[i] - minprice
i_24: \forall integer i; 0 <= i < n ==> maxprofit >= prices[0] - minprice
i_25: \exists integer k; 0 <= k < i && maxprofit == prices[k] - minprice
i_26: \exists integer k; 0 <= k < n && maxprofit == prices[k] - minprice
------------------------------------
---------- Code with Invariants ----------

/*@
    predicate is_max(integer a, integer b, integer result) =
        result >= a && 
        result >= b && 
        (result == a || result == b);
*/

/*@
    assigns \nothing;
    ensures is_max(a, b, \result);
*/
int max(int a, int b) {
  int max_val = a >= b ? a : b;
  return max_val;
}

/*@
    predicate is_min(integer a, integer b, integer result) =
        result <= a && 
        result <= b && 
        (result == a || result == b);
*/

/*@
    assigns \nothing;
    ensures is_min(a, b, \result);
*/
int min(int a, int b) {
  int min_val = a >= b ? b : a;
  return min_val;
}

/*@
    requires n > 0;
    requires \valid(prices + (0..(n-1)));
    assigns \nothing;
    ensures e_1: \forall integer p, q; 0 < p < q < n ==> \result >= prices[q] - prices[p];
*/
int _max_profit(int* prices, int n) {
    int minprice = 2147483647, maxprofit = 0;

    // Loop A
    /*@
        loop invariant i_16: minprice >= minprice;

        loop invariant i_17: maxprofit >= maxprofit;

        loop invariant i_18: 0 <= i < n;

        loop invariant i_19: maxprofit >= prices[0] - minprice;

        loop invariant i_20: minprice <= prices[i];

        loop invariant i_21: maxprofit >= prices[i] - minprice;

        loop invariant i_22: \forall integer i; 0 <= i < n ==> minprice <= prices[i];

        loop invariant i_23: \forall integer i; 0 <= i < n ==> maxprofit >= prices[i] - minprice;

        loop invariant i_24: \forall integer i; 0 <= i < n ==> maxprofit >= prices[0] - minprice;

        loop invariant i_25: \exists integer k; 0 <= k < i && maxprofit == prices[k] - minprice;

        loop invariant i_26: \exists integer k; 0 <= k < n && maxprofit == prices[k] - minprice;


        loop assigns i, maxprofit, minprice;
    */
    for (int i = 0; i < n ; i++) {
        int price = prices[i];
        maxprofit = max(maxprofit, price - minprice);
        minprice = min(price, minprice);
    }
    return maxprofit;
}
------------------------------------------
Verification failed (Fail_33_37), removing all invariants and retrying.
Verification failed: reached maximum attempts.
---------Result---------
Fail
Model: openPangu-Embedded-7B-V1.1
Running time: 145.26057362556458
Proposal number: 5
Verified code:

------------------------
