-----------Model-----------
Model type:
PanguEmbeddedForCausalLM(
  (model): PanguEmbeddedModel(
    (embed_tokens): Embedding(153376, 4096, padding_idx=0)
    (layers): ModuleList(
      (0-33): 34 x PanguEmbeddedDecoderLayer(
        (self_attn): PanguEmbeddedAttention(
          (q_proj): Linear(in_features=4096, out_features=4096, bias=True)
          (k_proj): Linear(in_features=4096, out_features=1024, bias=True)
          (v_proj): Linear(in_features=4096, out_features=1024, bias=True)
          (o_proj): Linear(in_features=4096, out_features=4096, bias=True)
        )
        (mlp): PanguEmbeddedMLP(
          (gate_proj): Linear(in_features=4096, out_features=12800, bias=False)
          (up_proj): Linear(in_features=4096, out_features=12800, bias=False)
          (down_proj): Linear(in_features=12800, out_features=4096, bias=False)
          (act_fn): SiLU()
        )
        (input_layernorm): PanguEmbeddedRMSNorm((4096,), eps=1e-05)
        (post_attention_layernorm): PanguEmbeddedRMSNorm((4096,), eps=1e-05)
      )
    )
    (norm): PanguEmbeddedRMSNorm((4096,), eps=1e-05)
    (rotary_emb): PanguEmbeddedRotaryEmbedding()
  )
  (lm_head): Linear(in_features=4096, out_features=153376, bias=False)
)
Model device:
npu:1
---------------------------
File Path: ../Benchmark/SVCOMP/svcomp_15.c
----------Code----------
# define INT_MAX 2147483647

int unknown1();

/*@
    requires l > 0;
    requires l < INT_MAX;
    requires n < INT_MAX;
*/
void svcomp_15(int n, int l) {
    int i, k;
    /*@
        loop assigns i, k, l;
    */
    for (k = 1; k < n; k++){
        /*@
            loop assigns i;
        */
        for (i = l; i < n; i++){  
            //@ assert 1 <= i;
        }
        if(unknown1()) {
            l = l + 1;
        }
    }
}
------------------------
----------Prompt----------

# define INT_MAX 2147483647

int unknown1();

/*@
    requires l > 0;
    requires l < INT_MAX;
    requires n < INT_MAX;
*/
void svcomp_15(int n, int l) {
    int i, k;
    // Loop A
    /*@
        [Hint] Please infer the loop invariant for the following loop.

        loop assigns i, k, l;
    */
    for (k = 1; k < n; k++){
        // Loop B
        /*@
            loop assigns i;
        */
        for (i = l; i < n; i++){  
            //@ assert 1 <= i;
        }
        if(unknown1()) {
            l = l + 1;
        }
    }
}
You are an expert in program verification, and please generate loop invariant as C annotation comments at the hint location (annotated by "[Hint] Please infer the loop invariant for the following loop.") using ACSL language.
ACSL is a specification language for C programs that conforms to the design by contract paradigm, utilizing Hoare style pre- and postconditions and invariants. Note that the `loop invariant` clause is a condition that is true at the beginning and end of every loop iteration.
Specifically, for the current verification task:
    - Pre-condition: the function's `requires` clauses
    - Post-condition: 
Please verify that the generated loop invariant is consistent with these constraints. If these specific pre- or post-conditions are not provided or empty, please infer the loop invariant strictly based on the program's execution logic and standard correctness.
In order to get a correct answer, You may want to consider both the situation of not entering the loop and the situation of jumping out of the loop. If some of the pre-conditions are also loop invariant, you need to add them to your answer as well.
Use '&&', '||', '==>', '\forall' or '\exists' if necessary. For instance:
```
loop invariant 1 <= x;
loop invariant x == y;
loop invariant 0 < x ==> y <= z;
loop invariant z % 2 == 1 || x == y;
loop invariant z % 2 == 1 && x <= y;
loop invariant \forall integer k;  0 <= k < i ==> max >=  a[k];
loop invariant \exists integer k;  0 <= k < i &&  max == a[k];
loop invariant \forall integer p; 0 <= p < \at(k, End_l) ==> res[p] == \at(res[p], End_l);
```
Your answer should follow the following format:
```
loop invariant ...;
loop invariant ...;
...
```
No explanation. No commentary. Just show me the loop invariant.
 /no_think
--------------------------
----------Response----------
[unused16][unused17]```
loop invariant 1 <= l;
loop invariant k < n;
loop invariant l < INT_MAX;
```
----------------------------
----------Prompt----------

# define INT_MAX 2147483647

int unknown1();

/*@
    requires l > 0;
    requires l < INT_MAX;
    requires n < INT_MAX;
*/
void svcomp_15(int n, int l) {
    int i, k;
    // Loop A
    /*@
        loop invariant i_0: 1 <= l;

        loop invariant i_1: k < n;

        loop invariant i_2: l < INT_MAX;


        loop assigns i, k, l;
    */
    for (k = 1; k < n; k++){
        // Loop B
        /*@
            [Hint] Please infer the loop invariant for the following loop.

            loop assigns i;
        */
        for (i = l; i < n; i++){  
            //@ assert 1 <= i;
        }
        if(unknown1()) {
            l = l + 1;
        }
    }
}
You are an expert in program verification, and please generate loop invariant as C annotation comments at the hint location (annotated by "[Hint] Please infer the loop invariant for the following loop.") using ACSL language.
ACSL is a specification language for C programs that conforms to the design by contract paradigm, utilizing Hoare style pre- and postconditions and invariants. Note that the `loop invariant` clause is a condition that is true at the beginning and end of every loop iteration.
Specifically, for the current verification task:
    - Pre-condition: i_0:1 <= l; i_1:k < n; i_2:l < INT_MAX; 
    - Post-condition: i_0:1 <= l; i_1:k < n; i_2:l < INT_MAX; 
Please verify that the generated loop invariant is consistent with these constraints. If these specific pre- or post-conditions are not provided or empty, please infer the loop invariant strictly based on the program's execution logic and standard correctness.
In order to get a correct answer, You may want to consider both the situation of not entering the loop and the situation of jumping out of the loop. If some of the pre-conditions are also loop invariant, you need to add them to your answer as well.
Use '&&', '||', '==>', '\forall' or '\exists' if necessary. For instance:
```
loop invariant 1 <= x;
loop invariant x == y;
loop invariant 0 < x ==> y <= z;
loop invariant z % 2 == 1 || x == y;
loop invariant z % 2 == 1 && x <= y;
loop invariant \forall integer k;  0 <= k < i ==> max >=  a[k];
loop invariant \exists integer k;  0 <= k < i &&  max == a[k];
loop invariant \forall integer p; 0 <= p < \at(k, End_l) ==> res[p] == \at(res[p], End_l);
```
Your answer should follow the following format:
```
loop invariant ...;
loop invariant ...;
...
```
No explanation. No commentary. Just show me the loop invariant.
 /no_think
--------------------------
----------Response----------
[unused16][unused17]loop invariant 1 <= l && k < n && l < INT_MAX;
loop invariant 1 <= l;
loop invariant k < n;
loop invariant l < INT_MAX;
----------------------------
------------Invariant Info-----------
LOOP A:
i_0: 1 <= l
i_1: k < n
i_2: l < INT_MAX
LOOP B:
i_3: 1 <= l && k < n && l < INT_MAX
i_4: 1 <= l
i_5: k < n
i_6: l < INT_MAX
------------------------------------
----------Code with Invariants----------
# define INT_MAX 2147483647

int unknown1();

/*@
    requires l > 0;
    requires l < INT_MAX;
    requires n < INT_MAX;
*/
void svcomp_15(int n, int l) {
    int i, k;
    // Loop A
    /*@
        loop invariant i_0: 1 <= l;

        loop invariant i_1: k < n;

        loop invariant i_2: l < INT_MAX;


        loop assigns i, k, l;
    */
    for (k = 1; k < n; k++){
        // Loop B
        /*@
            loop invariant i_3: 1 <= l && k < n && l < INT_MAX;

            loop invariant i_4: 1 <= l;

            loop invariant i_5: k < n;

            loop invariant i_6: l < INT_MAX;


            loop assigns i;
        */
        for (i = l; i < n; i++){  
            //@ assert 1 <= i;
        }
        if(unknown1()) {
            l = l + 1;
        }
    }
}
----------------------------------------
----------Begin Revise----------
-------------Preservation_nested: i_2: preservation---------------
----------Prompt----------

# define INT_MAX 2147483647

int unknown1();

/*@
    requires l > 0;
    requires l < INT_MAX;
    requires n < INT_MAX;
*/
void svcomp_15(int n, int l) {
    int i, k;
    // Loop A
    /*@
        [Hint] Invariant l < INT_MAX not preserved. Fix or supplement invariants the last inner loop or in this loop.

        loop invariant i_0: 1 <= l;

        loop invariant i_2: l < INT_MAX;


        loop assigns i, k, l;
    */
    for (k = 1; k < n; k++){
        // Loop B
        /*@
            loop invariant i_3: 1 <= l && k < n && l < INT_MAX;

            loop invariant i_4: 1 <= l;

            loop invariant i_5: k < n;

            loop invariant i_6: l < INT_MAX;


            loop assigns i;
        */
        for (i = l; i < n; i++){  
            //@ assert 1 <= i;
        }
        if(unknown1()) {
            l = l + 1;
        }
    }
}
You are an expert in deductive program verification using ACSL and Frama-C.
[Unprovable Invariant] l < INT_MAX
The loop invariant of the loop labeled "A" fails the *preservation* check. After one iteration of the loop body, the invariant cannot be re-established.
Accordingly, there are two distinct possibilities that may prevent the preservation of the current loop invariant:
  1) The unprovable invariant of "Loop A" is incorrect:
     - It cannot be re-established from itself after executing the loop body.
     - Remedy: modify the unprovable invariant of "A" so that it becomes inductive.

  2) The invariant(s) of the nested inner loop "Loop B" are too weak:
     - They do not guarantee enough facts after the completion of the inner loop to re-establish "A"'s invariant.
     - Remedy: strengthen the invariant(s) of "B" so that the preservation of "A" becomes provable.

Your task is to adjust the invariants so that the preservation of "Loop A" succeeds.
IMPORTANT RULES:
1. You may modify either:
   - only the current loop "A", or
   - only the inner loop "B", or
   - both, if needed.
2. Do NOT output any of the original invariants. Only output the new or modified invariants you propose.
3. Output must contain two blocks, even if one block is empty:
   ```
   [Loop B]
   loop invariant ...;
   loop invariant ...;

   [Loop A]
   loop invariant ...;
   loop invariant ...;
   ```
4. Each block may contain zero or more invariants. If a block has no changes, leave it empty but keep the block header.
5. All invariants must strictly satisfy ACSL rules and must be valid inductive loop invariants.
6. No explanation. No commentary. Just show me the loop invariant.
 /no_think
--------------------------
----------Response----------
[unused16][unused17]```
[Loop B]
loop invariant i_3: 1 <= l && k < n && l < INT_MAX;

[Loop A]
loop invariant i_0: 1 <= l;
loop invariant i_2: l < INT_MAX;
```
----------------------------
--------------------------------
------------Invariant Info-----------
LOOP A:
i_0: 1 <= l
i_2: l < INT_MAX
LOOP B:
i_3: 1 <= l && k < n && l < INT_MAX
i_4: 1 <= l
i_5: k < n
i_6: l < INT_MAX
------------------------------------
----------Code with Invariants----------
# define INT_MAX 2147483647

int unknown1();

/*@
    requires l > 0;
    requires l < INT_MAX;
    requires n < INT_MAX;
*/
void svcomp_15(int n, int l) {
    int i, k;
    // Loop A
    /*@
        loop invariant i_0: 1 <= l;

        loop invariant i_2: l < INT_MAX;


        loop assigns i, k, l;
    */
    for (k = 1; k < n; k++){
        // Loop B
        /*@
            loop invariant i_3: 1 <= l && k < n && l < INT_MAX;

            loop invariant i_4: 1 <= l;

            loop invariant i_5: k < n;

            loop invariant i_6: l < INT_MAX;


            loop assigns i;
        */
        for (i = l; i < n; i++){  
            //@ assert 1 <= i;
        }
        if(unknown1()) {
            l = l + 1;
        }
    }
}
----------------------------------------
----------Begin Revise----------
-------------Preservation_nested: i_2: preservation---------------
----------Prompt----------

# define INT_MAX 2147483647

int unknown1();

/*@
    requires l > 0;
    requires l < INT_MAX;
    requires n < INT_MAX;
*/
void svcomp_15(int n, int l) {
    int i, k;
    // Loop A
    /*@
        [Hint] Invariant l < INT_MAX not preserved. Fix or supplement invariants the last inner loop or in this loop.

        loop invariant i_0: 1 <= l;

        loop invariant i_2: l < INT_MAX;


        loop assigns i, k, l;
    */
    for (k = 1; k < n; k++){
        // Loop B
        /*@
            loop invariant i_3: 1 <= l && k < n && l < INT_MAX;

            loop invariant i_4: 1 <= l;

            loop invariant i_5: k < n;

            loop invariant i_6: l < INT_MAX;


            loop assigns i;
        */
        for (i = l; i < n; i++){  
            //@ assert 1 <= i;
        }
        if(unknown1()) {
            l = l + 1;
        }
    }
}
You are an expert in deductive program verification using ACSL and Frama-C.
[Unprovable Invariant] l < INT_MAX
The loop invariant of the loop labeled "A" fails the *preservation* check. After one iteration of the loop body, the invariant cannot be re-established.
Accordingly, there are two distinct possibilities that may prevent the preservation of the current loop invariant:
  1) The unprovable invariant of "Loop A" is incorrect:
     - It cannot be re-established from itself after executing the loop body.
     - Remedy: modify the unprovable invariant of "A" so that it becomes inductive.

  2) The invariant(s) of the nested inner loop "Loop B" are too weak:
     - They do not guarantee enough facts after the completion of the inner loop to re-establish "A"'s invariant.
     - Remedy: strengthen the invariant(s) of "B" so that the preservation of "A" becomes provable.

Your task is to adjust the invariants so that the preservation of "Loop A" succeeds.
IMPORTANT RULES:
1. You may modify either:
   - only the current loop "A", or
   - only the inner loop "B", or
   - both, if needed.
2. Do NOT output any of the original invariants. Only output the new or modified invariants you propose.
3. Output must contain two blocks, even if one block is empty:
   ```
   [Loop B]
   loop invariant ...;
   loop invariant ...;

   [Loop A]
   loop invariant ...;
   loop invariant ...;
   ```
4. Each block may contain zero or more invariants. If a block has no changes, leave it empty but keep the block header.
5. All invariants must strictly satisfy ACSL rules and must be valid inductive loop invariants.
6. No explanation. No commentary. Just show me the loop invariant.
 /no_think
--------------------------
----------Response----------
[unused16][unused17][Loop B]
loop invariant l < INT_MAX;

[Loop A]
loop invariant i_0: 1 <= l;
loop invariant l < INT_MAX;
----------------------------
--------------------------------
------------Invariant Info-----------
LOOP A:
i_0: 1 <= l
i_2: l < INT_MAX
LOOP B:
i_3: 1 <= l && k < n && l < INT_MAX
i_4: 1 <= l
i_5: k < n
i_6: l < INT_MAX
------------------------------------
----------Code with Invariants----------
# define INT_MAX 2147483647

int unknown1();

/*@
    requires l > 0;
    requires l < INT_MAX;
    requires n < INT_MAX;
*/
void svcomp_15(int n, int l) {
    int i, k;
    // Loop A
    /*@
        loop invariant i_0: 1 <= l;

        loop invariant i_2: l < INT_MAX;


        loop assigns i, k, l;
    */
    for (k = 1; k < n; k++){
        // Loop B
        /*@
            loop invariant i_3: 1 <= l && k < n && l < INT_MAX;

            loop invariant i_4: 1 <= l;

            loop invariant i_5: k < n;

            loop invariant i_6: l < INT_MAX;


            loop assigns i;
        */
        for (i = l; i < n; i++){  
            //@ assert 1 <= i;
        }
        if(unknown1()) {
            l = l + 1;
        }
    }
}
----------------------------------------
----------Begin Revise----------
-------------Preservation_nested: i_2: preservation---------------
----------Prompt----------

# define INT_MAX 2147483647

int unknown1();

/*@
    requires l > 0;
    requires l < INT_MAX;
    requires n < INT_MAX;
*/
void svcomp_15(int n, int l) {
    int i, k;
    // Loop A
    /*@
        [Hint] Invariant l < INT_MAX not preserved. Fix or supplement invariants the last inner loop or in this loop.

        loop invariant i_0: 1 <= l;

        loop invariant i_2: l < INT_MAX;


        loop assigns i, k, l;
    */
    for (k = 1; k < n; k++){
        // Loop B
        /*@
            loop invariant i_3: 1 <= l && k < n && l < INT_MAX;

            loop invariant i_4: 1 <= l;

            loop invariant i_5: k < n;

            loop invariant i_6: l < INT_MAX;


            loop assigns i;
        */
        for (i = l; i < n; i++){  
            //@ assert 1 <= i;
        }
        if(unknown1()) {
            l = l + 1;
        }
    }
}
You are an expert in deductive program verification using ACSL and Frama-C.
[Unprovable Invariant] l < INT_MAX
The loop invariant of the loop labeled "A" fails the *preservation* check. After one iteration of the loop body, the invariant cannot be re-established.
Accordingly, there are two distinct possibilities that may prevent the preservation of the current loop invariant:
  1) The unprovable invariant of "Loop A" is incorrect:
     - It cannot be re-established from itself after executing the loop body.
     - Remedy: modify the unprovable invariant of "A" so that it becomes inductive.

  2) The invariant(s) of the nested inner loop "Loop B" are too weak:
     - They do not guarantee enough facts after the completion of the inner loop to re-establish "A"'s invariant.
     - Remedy: strengthen the invariant(s) of "B" so that the preservation of "A" becomes provable.

Your task is to adjust the invariants so that the preservation of "Loop A" succeeds.
IMPORTANT RULES:
1. You may modify either:
   - only the current loop "A", or
   - only the inner loop "B", or
   - both, if needed.
2. Do NOT output any of the original invariants. Only output the new or modified invariants you propose.
3. Output must contain two blocks, even if one block is empty:
   ```
   [Loop B]
   loop invariant ...;
   loop invariant ...;

   [Loop A]
   loop invariant ...;
   loop invariant ...;
   ```
4. Each block may contain zero or more invariants. If a block has no changes, leave it empty but keep the block header.
5. All invariants must strictly satisfy ACSL rules and must be valid inductive loop invariants.
6. No explanation. No commentary. Just show me the loop invariant.
 /no_think
--------------------------
----------Response----------
[unused16][unused17]```
[Loop B]
loop invariant 1 <= l && k < n && l < INT_MAX;

[Loop A]
loop invariant 1 <= l;
```
----------------------------
--------------------------------
------------Invariant Info-----------
LOOP A:
i_0: 1 <= l
i_2: l < INT_MAX
LOOP B:
i_3: 1 <= l && k < n && l < INT_MAX
i_4: 1 <= l
i_5: k < n
i_6: l < INT_MAX
------------------------------------
----------Code with Invariants----------
# define INT_MAX 2147483647

int unknown1();

/*@
    requires l > 0;
    requires l < INT_MAX;
    requires n < INT_MAX;
*/
void svcomp_15(int n, int l) {
    int i, k;
    // Loop A
    /*@
        loop invariant i_0: 1 <= l;

        loop invariant i_2: l < INT_MAX;


        loop assigns i, k, l;
    */
    for (k = 1; k < n; k++){
        // Loop B
        /*@
            loop invariant i_3: 1 <= l && k < n && l < INT_MAX;

            loop invariant i_4: 1 <= l;

            loop invariant i_5: k < n;

            loop invariant i_6: l < INT_MAX;


            loop assigns i;
        */
        for (i = l; i < n; i++){  
            //@ assert 1 <= i;
        }
        if(unknown1()) {
            l = l + 1;
        }
    }
}
----------------------------------------
----------Begin Revise----------
-------------Preservation_nested: i_2: preservation---------------
----------Prompt----------

# define INT_MAX 2147483647

int unknown1();

/*@
    requires l > 0;
    requires l < INT_MAX;
    requires n < INT_MAX;
*/
void svcomp_15(int n, int l) {
    int i, k;
    // Loop A
    /*@
        [Hint] Invariant l < INT_MAX not preserved. Fix or supplement invariants the last inner loop or in this loop.

        loop invariant i_0: 1 <= l;

        loop invariant i_2: l < INT_MAX;


        loop assigns i, k, l;
    */
    for (k = 1; k < n; k++){
        // Loop B
        /*@
            loop invariant i_3: 1 <= l && k < n && l < INT_MAX;

            loop invariant i_4: 1 <= l;

            loop invariant i_5: k < n;

            loop invariant i_6: l < INT_MAX;


            loop assigns i;
        */
        for (i = l; i < n; i++){  
            //@ assert 1 <= i;
        }
        if(unknown1()) {
            l = l + 1;
        }
    }
}
You are an expert in deductive program verification using ACSL and Frama-C.
[Unprovable Invariant] l < INT_MAX
The loop invariant of the loop labeled "A" fails the *preservation* check. After one iteration of the loop body, the invariant cannot be re-established.
Accordingly, there are two distinct possibilities that may prevent the preservation of the current loop invariant:
  1) The unprovable invariant of "Loop A" is incorrect:
     - It cannot be re-established from itself after executing the loop body.
     - Remedy: modify the unprovable invariant of "A" so that it becomes inductive.

  2) The invariant(s) of the nested inner loop "Loop B" are too weak:
     - They do not guarantee enough facts after the completion of the inner loop to re-establish "A"'s invariant.
     - Remedy: strengthen the invariant(s) of "B" so that the preservation of "A" becomes provable.

Your task is to adjust the invariants so that the preservation of "Loop A" succeeds.
IMPORTANT RULES:
1. You may modify either:
   - only the current loop "A", or
   - only the inner loop "B", or
   - both, if needed.
2. Do NOT output any of the original invariants. Only output the new or modified invariants you propose.
3. Output must contain two blocks, even if one block is empty:
   ```
   [Loop B]
   loop invariant ...;
   loop invariant ...;

   [Loop A]
   loop invariant ...;
   loop invariant ...;
   ```
4. Each block may contain zero or more invariants. If a block has no changes, leave it empty but keep the block header.
5. All invariants must strictly satisfy ACSL rules and must be valid inductive loop invariants.
6. No explanation. No commentary. Just show me the loop invariant.
 /no_think
--------------------------
----------Response----------
[unused16][unused17][Loop B]
loop invariant i_3: 1 <= l && k < n && l < INT_MAX;

[Loop A]
loop invariant i_0: 1 <= l;

loop invariant i_2: l < INT_MAX;
----------------------------
--------------------------------
------------Invariant Info-----------
LOOP A:
i_0: 1 <= l
i_2: l < INT_MAX
LOOP B:
i_3: 1 <= l && k < n && l < INT_MAX
i_4: 1 <= l
i_5: k < n
i_6: l < INT_MAX
------------------------------------
----------Code with Invariants----------
# define INT_MAX 2147483647

int unknown1();

/*@
    requires l > 0;
    requires l < INT_MAX;
    requires n < INT_MAX;
*/
void svcomp_15(int n, int l) {
    int i, k;
    // Loop A
    /*@
        loop invariant i_0: 1 <= l;

        loop invariant i_2: l < INT_MAX;


        loop assigns i, k, l;
    */
    for (k = 1; k < n; k++){
        // Loop B
        /*@
            loop invariant i_3: 1 <= l && k < n && l < INT_MAX;

            loop invariant i_4: 1 <= l;

            loop invariant i_5: k < n;

            loop invariant i_6: l < INT_MAX;


            loop assigns i;
        */
        for (i = l; i < n; i++){  
            //@ assert 1 <= i;
        }
        if(unknown1()) {
            l = l + 1;
        }
    }
}
----------------------------------------
----------Begin Revise----------
-------------Preservation_nested: i_2: preservation---------------
----------Prompt----------

# define INT_MAX 2147483647

int unknown1();

/*@
    requires l > 0;
    requires l < INT_MAX;
    requires n < INT_MAX;
*/
void svcomp_15(int n, int l) {
    int i, k;
    // Loop A
    /*@
        [Hint] Invariant l < INT_MAX not preserved. Fix or supplement invariants the last inner loop or in this loop.

        loop invariant i_0: 1 <= l;

        loop invariant i_2: l < INT_MAX;


        loop assigns i, k, l;
    */
    for (k = 1; k < n; k++){
        // Loop B
        /*@
            loop invariant i_3: 1 <= l && k < n && l < INT_MAX;

            loop invariant i_4: 1 <= l;

            loop invariant i_5: k < n;

            loop invariant i_6: l < INT_MAX;


            loop assigns i;
        */
        for (i = l; i < n; i++){  
            //@ assert 1 <= i;
        }
        if(unknown1()) {
            l = l + 1;
        }
    }
}
You are an expert in deductive program verification using ACSL and Frama-C.
[Unprovable Invariant] l < INT_MAX
The loop invariant of the loop labeled "A" fails the *preservation* check. After one iteration of the loop body, the invariant cannot be re-established.
Accordingly, there are two distinct possibilities that may prevent the preservation of the current loop invariant:
  1) The unprovable invariant of "Loop A" is incorrect:
     - It cannot be re-established from itself after executing the loop body.
     - Remedy: modify the unprovable invariant of "A" so that it becomes inductive.

  2) The invariant(s) of the nested inner loop "Loop B" are too weak:
     - They do not guarantee enough facts after the completion of the inner loop to re-establish "A"'s invariant.
     - Remedy: strengthen the invariant(s) of "B" so that the preservation of "A" becomes provable.

Your task is to adjust the invariants so that the preservation of "Loop A" succeeds.
IMPORTANT RULES:
1. You may modify either:
   - only the current loop "A", or
   - only the inner loop "B", or
   - both, if needed.
2. Do NOT output any of the original invariants. Only output the new or modified invariants you propose.
3. Output must contain two blocks, even if one block is empty:
   ```
   [Loop B]
   loop invariant ...;
   loop invariant ...;

   [Loop A]
   loop invariant ...;
   loop invariant ...;
   ```
4. Each block may contain zero or more invariants. If a block has no changes, leave it empty but keep the block header.
5. All invariants must strictly satisfy ACSL rules and must be valid inductive loop invariants.
6. No explanation. No commentary. Just show me the loop invariant.
 /no_think
--------------------------
----------Response----------
[unused16][unused17][Loop B]
loop invariant l < INT_MAX;
loop invariant i >= 1;

[Loop A]
loop invariant 1 <= l;
loop invariant l < INT_MAX;
----------------------------
--------------------------------
------------Invariant Info-----------
LOOP A:
i_0: 1 <= l
i_2: l < INT_MAX
LOOP B:
i_3: 1 <= l && k < n && l < INT_MAX
i_4: 1 <= l
i_5: k < n
i_6: l < INT_MAX
i_7: i >= 1
------------------------------------
----------Code with Invariants----------
# define INT_MAX 2147483647

int unknown1();

/*@
    requires l > 0;
    requires l < INT_MAX;
    requires n < INT_MAX;
*/
void svcomp_15(int n, int l) {
    int i, k;
    // Loop A
    /*@
        loop invariant i_0: 1 <= l;

        loop invariant i_2: l < INT_MAX;


        loop assigns i, k, l;
    */
    for (k = 1; k < n; k++){
        // Loop B
        /*@
            loop invariant i_3: 1 <= l && k < n && l < INT_MAX;

            loop invariant i_4: 1 <= l;

            loop invariant i_5: k < n;

            loop invariant i_6: l < INT_MAX;

            loop invariant i_7: i >= 1;


            loop assigns i;
        */
        for (i = l; i < n; i++){  
            //@ assert 1 <= i;
        }
        if(unknown1()) {
            l = l + 1;
        }
    }
}
----------------------------------------
----------Begin Revise----------
-------------Preservation_nested: i_2: preservation---------------
----------Prompt----------

# define INT_MAX 2147483647

int unknown1();

/*@
    requires l > 0;
    requires l < INT_MAX;
    requires n < INT_MAX;
*/
void svcomp_15(int n, int l) {
    int i, k;
    // Loop A
    /*@
        [Hint] Invariant l < INT_MAX not preserved. Fix or supplement invariants the last inner loop or in this loop.

        loop invariant i_0: 1 <= l;

        loop invariant i_2: l < INT_MAX;


        loop assigns i, k, l;
    */
    for (k = 1; k < n; k++){
        // Loop B
        /*@
            loop invariant i_3: 1 <= l && k < n && l < INT_MAX;

            loop invariant i_4: 1 <= l;

            loop invariant i_5: k < n;

            loop invariant i_6: l < INT_MAX;

            loop invariant i_7: i >= 1;


            loop assigns i;
        */
        for (i = l; i < n; i++){  
            //@ assert 1 <= i;
        }
        if(unknown1()) {
            l = l + 1;
        }
    }
}
You are an expert in deductive program verification using ACSL and Frama-C.
[Unprovable Invariant] l < INT_MAX
The loop invariant of the loop labeled "A" fails the *preservation* check. After one iteration of the loop body, the invariant cannot be re-established.
Accordingly, there are two distinct possibilities that may prevent the preservation of the current loop invariant:
  1) The unprovable invariant of "Loop A" is incorrect:
     - It cannot be re-established from itself after executing the loop body.
     - Remedy: modify the unprovable invariant of "A" so that it becomes inductive.

  2) The invariant(s) of the nested inner loop "Loop B" are too weak:
     - They do not guarantee enough facts after the completion of the inner loop to re-establish "A"'s invariant.
     - Remedy: strengthen the invariant(s) of "B" so that the preservation of "A" becomes provable.

Your task is to adjust the invariants so that the preservation of "Loop A" succeeds.
IMPORTANT RULES:
1. You may modify either:
   - only the current loop "A", or
   - only the inner loop "B", or
   - both, if needed.
2. Do NOT output any of the original invariants. Only output the new or modified invariants you propose.
3. Output must contain two blocks, even if one block is empty:
   ```
   [Loop B]
   loop invariant ...;
   loop invariant ...;

   [Loop A]
   loop invariant ...;
   loop invariant ...;
   ```
4. Each block may contain zero or more invariants. If a block has no changes, leave it empty but keep the block header.
5. All invariants must strictly satisfy ACSL rules and must be valid inductive loop invariants.
6. No explanation. No commentary. Just show me the loop invariant.
 /no_think
--------------------------
----------Response----------
[unused16][unused17]```
[Loop B]
loop invariant 1 <= l && k < n && l < INT_MAX;

[Loop A]
loop invariant 1 <= l && l < INT_MAX;
```
----------------------------
--------------------------------
------------Invariant Info-----------
LOOP A:
i_0: 1 <= l
i_2: l < INT_MAX
i_8: 1 <= l && l < INT_MAX
LOOP B:
i_3: 1 <= l && k < n && l < INT_MAX
i_4: 1 <= l
i_5: k < n
i_6: l < INT_MAX
i_7: i >= 1
------------------------------------
----------Code with Invariants----------
# define INT_MAX 2147483647

int unknown1();

/*@
    requires l > 0;
    requires l < INT_MAX;
    requires n < INT_MAX;
*/
void svcomp_15(int n, int l) {
    int i, k;
    // Loop A
    /*@
        loop invariant i_0: 1 <= l;

        loop invariant i_2: l < INT_MAX;

        loop invariant i_8: 1 <= l && l < INT_MAX;


        loop assigns i, k, l;
    */
    for (k = 1; k < n; k++){
        // Loop B
        /*@
            loop invariant i_3: 1 <= l && k < n && l < INT_MAX;

            loop invariant i_4: 1 <= l;

            loop invariant i_5: k < n;

            loop invariant i_6: l < INT_MAX;

            loop invariant i_7: i >= 1;


            loop assigns i;
        */
        for (i = l; i < n; i++){  
            //@ assert 1 <= i;
        }
        if(unknown1()) {
            l = l + 1;
        }
    }
}
----------------------------------------
----------Begin Revise----------
--------------------------------
------------Invariant Info-----------
LOOP A:
i_0: 1 <= l
i_8: 1 <= l && l < INT_MAX
LOOP B:
i_3: 1 <= l && k < n && l < INT_MAX
i_4: 1 <= l
i_5: k < n
i_6: l < INT_MAX
i_7: i >= 1
------------------------------------
----------Code with Invariants----------
# define INT_MAX 2147483647

int unknown1();

/*@
    requires l > 0;
    requires l < INT_MAX;
    requires n < INT_MAX;
*/
void svcomp_15(int n, int l) {
    int i, k;
    // Loop A
    /*@
        loop invariant i_0: 1 <= l;

        loop invariant i_8: 1 <= l && l < INT_MAX;


        loop assigns i, k, l;
    */
    for (k = 1; k < n; k++){
        // Loop B
        /*@
            loop invariant i_3: 1 <= l && k < n && l < INT_MAX;

            loop invariant i_4: 1 <= l;

            loop invariant i_5: k < n;

            loop invariant i_6: l < INT_MAX;

            loop invariant i_7: i >= 1;


            loop assigns i;
        */
        for (i = l; i < n; i++){  
            //@ assert 1 <= i;
        }
        if(unknown1()) {
            l = l + 1;
        }
    }
}
----------------------------------------
----------Begin Revise----------
-------------Preservation_nested: i_8: preservation---------------
----------Prompt----------

# define INT_MAX 2147483647

int unknown1();

/*@
    requires l > 0;
    requires l < INT_MAX;
    requires n < INT_MAX;
*/
void svcomp_15(int n, int l) {
    int i, k;
    // Loop A
    /*@
        [Hint] Invariant 1 <= l && l < INT_MAX not preserved. Fix or supplement invariants the last inner loop or in this loop.

        loop invariant i_0: 1 <= l;

        loop invariant i_8: 1 <= l && l < INT_MAX;


        loop assigns i, k, l;
    */
    for (k = 1; k < n; k++){
        // Loop B
        /*@
            loop invariant i_3: 1 <= l && k < n && l < INT_MAX;

            loop invariant i_4: 1 <= l;

            loop invariant i_5: k < n;

            loop invariant i_6: l < INT_MAX;

            loop invariant i_7: i >= 1;


            loop assigns i;
        */
        for (i = l; i < n; i++){  
            //@ assert 1 <= i;
        }
        if(unknown1()) {
            l = l + 1;
        }
    }
}
You are an expert in deductive program verification using ACSL and Frama-C.
[Unprovable Invariant] 1 <= l && l < INT_MAX
The loop invariant of the loop labeled "A" fails the *preservation* check. After one iteration of the loop body, the invariant cannot be re-established.
Accordingly, there are two distinct possibilities that may prevent the preservation of the current loop invariant:
  1) The unprovable invariant of "Loop A" is incorrect:
     - It cannot be re-established from itself after executing the loop body.
     - Remedy: modify the unprovable invariant of "A" so that it becomes inductive.

  2) The invariant(s) of the nested inner loop "Loop B" are too weak:
     - They do not guarantee enough facts after the completion of the inner loop to re-establish "A"'s invariant.
     - Remedy: strengthen the invariant(s) of "B" so that the preservation of "A" becomes provable.

Your task is to adjust the invariants so that the preservation of "Loop A" succeeds.
IMPORTANT RULES:
1. You may modify either:
   - only the current loop "A", or
   - only the inner loop "B", or
   - both, if needed.
2. Do NOT output any of the original invariants. Only output the new or modified invariants you propose.
3. Output must contain two blocks, even if one block is empty:
   ```
   [Loop B]
   loop invariant ...;
   loop invariant ...;

   [Loop A]
   loop invariant ...;
   loop invariant ...;
   ```
4. Each block may contain zero or more invariants. If a block has no changes, leave it empty but keep the block header.
5. All invariants must strictly satisfy ACSL rules and must be valid inductive loop invariants.
6. No explanation. No commentary. Just show me the loop invariant.
 /no_think
--------------------------
----------Response----------
[unused16][unused17][Loop B]
loop invariant 1 <= l && l < INT_MAX;

[Loop A]
loop invariant 1 <= l && l < INT_MAX && k < n;
----------------------------
--------------------------------
------------Invariant Info-----------
LOOP A:
i_0: 1 <= l
i_8: 1 <= l && l < INT_MAX
i_10: 1 <= l && l < INT_MAX && k < n
LOOP B:
i_3: 1 <= l && k < n && l < INT_MAX
i_4: 1 <= l
i_5: k < n
i_6: l < INT_MAX
i_7: i >= 1
i_9: 1 <= l && l < INT_MAX
------------------------------------
----------Code with Invariants----------
# define INT_MAX 2147483647

int unknown1();

/*@
    requires l > 0;
    requires l < INT_MAX;
    requires n < INT_MAX;
*/
void svcomp_15(int n, int l) {
    int i, k;
    // Loop A
    /*@
        loop invariant i_0: 1 <= l;

        loop invariant i_8: 1 <= l && l < INT_MAX;

        loop invariant i_10: 1 <= l && l < INT_MAX && k < n;


        loop assigns i, k, l;
    */
    for (k = 1; k < n; k++){
        // Loop B
        /*@
            loop invariant i_3: 1 <= l && k < n && l < INT_MAX;

            loop invariant i_4: 1 <= l;

            loop invariant i_5: k < n;

            loop invariant i_6: l < INT_MAX;

            loop invariant i_7: i >= 1;

            loop invariant i_9: 1 <= l && l < INT_MAX;


            loop assigns i;
        */
        for (i = l; i < n; i++){  
            //@ assert 1 <= i;
        }
        if(unknown1()) {
            l = l + 1;
        }
    }
}
----------------------------------------
----------Begin Revise----------
-------------Preservation_nested: i_8: preservation---------------
----------Prompt----------

# define INT_MAX 2147483647

int unknown1();

/*@
    requires l > 0;
    requires l < INT_MAX;
    requires n < INT_MAX;
*/
void svcomp_15(int n, int l) {
    int i, k;
    // Loop A
    /*@
        [Hint] Invariant 1 <= l && l < INT_MAX not preserved. Fix or supplement invariants the last inner loop or in this loop.

        loop invariant i_0: 1 <= l;

        loop invariant i_8: 1 <= l && l < INT_MAX;


        loop assigns i, k, l;
    */
    for (k = 1; k < n; k++){
        // Loop B
        /*@
            loop invariant i_3: 1 <= l && k < n && l < INT_MAX;

            loop invariant i_4: 1 <= l;

            loop invariant i_5: k < n;

            loop invariant i_6: l < INT_MAX;

            loop invariant i_7: i >= 1;

            loop invariant i_9: 1 <= l && l < INT_MAX;


            loop assigns i;
        */
        for (i = l; i < n; i++){  
            //@ assert 1 <= i;
        }
        if(unknown1()) {
            l = l + 1;
        }
    }
}
You are an expert in deductive program verification using ACSL and Frama-C.
[Unprovable Invariant] 1 <= l && l < INT_MAX
The loop invariant of the loop labeled "A" fails the *preservation* check. After one iteration of the loop body, the invariant cannot be re-established.
Accordingly, there are two distinct possibilities that may prevent the preservation of the current loop invariant:
  1) The unprovable invariant of "Loop A" is incorrect:
     - It cannot be re-established from itself after executing the loop body.
     - Remedy: modify the unprovable invariant of "A" so that it becomes inductive.

  2) The invariant(s) of the nested inner loop "Loop B" are too weak:
     - They do not guarantee enough facts after the completion of the inner loop to re-establish "A"'s invariant.
     - Remedy: strengthen the invariant(s) of "B" so that the preservation of "A" becomes provable.

Your task is to adjust the invariants so that the preservation of "Loop A" succeeds.
IMPORTANT RULES:
1. You may modify either:
   - only the current loop "A", or
   - only the inner loop "B", or
   - both, if needed.
2. Do NOT output any of the original invariants. Only output the new or modified invariants you propose.
3. Output must contain two blocks, even if one block is empty:
   ```
   [Loop B]
   loop invariant ...;
   loop invariant ...;

   [Loop A]
   loop invariant ...;
   loop invariant ...;
   ```
4. Each block may contain zero or more invariants. If a block has no changes, leave it empty but keep the block header.
5. All invariants must strictly satisfy ACSL rules and must be valid inductive loop invariants.
6. No explanation. No commentary. Just show me the loop invariant.
 /no_think
--------------------------
----------Response----------
[unused16][unused17]```
[Loop B]
loop invariant 1 <= l && l < INT_MAX;
loop invariant k < n;
loop invariant i >= 1;
loop invariant l < INT_MAX;

[Loop A]
loop invariant 1 <= l && l < INT_MAX;
```
----------------------------
--------------------------------
------------Invariant Info-----------
LOOP A:
i_0: 1 <= l
i_8: 1 <= l && l < INT_MAX
LOOP B:
i_3: 1 <= l && k < n && l < INT_MAX
i_4: 1 <= l
i_5: k < n
i_6: l < INT_MAX
i_7: i >= 1
i_9: 1 <= l && l < INT_MAX
------------------------------------
----------Code with Invariants----------
# define INT_MAX 2147483647

int unknown1();

/*@
    requires l > 0;
    requires l < INT_MAX;
    requires n < INT_MAX;
*/
void svcomp_15(int n, int l) {
    int i, k;
    // Loop A
    /*@
        loop invariant i_0: 1 <= l;

        loop invariant i_8: 1 <= l && l < INT_MAX;


        loop assigns i, k, l;
    */
    for (k = 1; k < n; k++){
        // Loop B
        /*@
            loop invariant i_3: 1 <= l && k < n && l < INT_MAX;

            loop invariant i_4: 1 <= l;

            loop invariant i_5: k < n;

            loop invariant i_6: l < INT_MAX;

            loop invariant i_7: i >= 1;

            loop invariant i_9: 1 <= l && l < INT_MAX;


            loop assigns i;
        */
        for (i = l; i < n; i++){  
            //@ assert 1 <= i;
        }
        if(unknown1()) {
            l = l + 1;
        }
    }
}
----------------------------------------
----------Begin Revise----------
-------------Preservation_nested: i_8: preservation---------------
----------Prompt----------

# define INT_MAX 2147483647

int unknown1();

/*@
    requires l > 0;
    requires l < INT_MAX;
    requires n < INT_MAX;
*/
void svcomp_15(int n, int l) {
    int i, k;
    // Loop A
    /*@
        [Hint] Invariant 1 <= l && l < INT_MAX not preserved. Fix or supplement invariants the last inner loop or in this loop.

        loop invariant i_0: 1 <= l;

        loop invariant i_8: 1 <= l && l < INT_MAX;


        loop assigns i, k, l;
    */
    for (k = 1; k < n; k++){
        // Loop B
        /*@
            loop invariant i_3: 1 <= l && k < n && l < INT_MAX;

            loop invariant i_4: 1 <= l;

            loop invariant i_5: k < n;

            loop invariant i_6: l < INT_MAX;

            loop invariant i_7: i >= 1;

            loop invariant i_9: 1 <= l && l < INT_MAX;


            loop assigns i;
        */
        for (i = l; i < n; i++){  
            //@ assert 1 <= i;
        }
        if(unknown1()) {
            l = l + 1;
        }
    }
}
You are an expert in deductive program verification using ACSL and Frama-C.
[Unprovable Invariant] 1 <= l && l < INT_MAX
The loop invariant of the loop labeled "A" fails the *preservation* check. After one iteration of the loop body, the invariant cannot be re-established.
Accordingly, there are two distinct possibilities that may prevent the preservation of the current loop invariant:
  1) The unprovable invariant of "Loop A" is incorrect:
     - It cannot be re-established from itself after executing the loop body.
     - Remedy: modify the unprovable invariant of "A" so that it becomes inductive.

  2) The invariant(s) of the nested inner loop "Loop B" are too weak:
     - They do not guarantee enough facts after the completion of the inner loop to re-establish "A"'s invariant.
     - Remedy: strengthen the invariant(s) of "B" so that the preservation of "A" becomes provable.

Your task is to adjust the invariants so that the preservation of "Loop A" succeeds.
IMPORTANT RULES:
1. You may modify either:
   - only the current loop "A", or
   - only the inner loop "B", or
   - both, if needed.
2. Do NOT output any of the original invariants. Only output the new or modified invariants you propose.
3. Output must contain two blocks, even if one block is empty:
   ```
   [Loop B]
   loop invariant ...;
   loop invariant ...;

   [Loop A]
   loop invariant ...;
   loop invariant ...;
   ```
4. Each block may contain zero or more invariants. If a block has no changes, leave it empty but keep the block header.
5. All invariants must strictly satisfy ACSL rules and must be valid inductive loop invariants.
6. No explanation. No commentary. Just show me the loop invariant.
 /no_think
--------------------------
----------Response----------
[unused16][unused17][Loop B]
loop invariant 1 <= l && l < INT_MAX;
loop invariant k < n;
loop invariant 1 <= l;

[Loop A]
loop invariant 1 <= l && l < INT_MAX;
----------------------------
--------------------------------
------------Invariant Info-----------
LOOP A:
i_0: 1 <= l
i_8: 1 <= l && l < INT_MAX
LOOP B:
i_3: 1 <= l && k < n && l < INT_MAX
i_4: 1 <= l
i_5: k < n
i_6: l < INT_MAX
i_7: i >= 1
i_9: 1 <= l && l < INT_MAX
------------------------------------
----------Code with Invariants----------
# define INT_MAX 2147483647

int unknown1();

/*@
    requires l > 0;
    requires l < INT_MAX;
    requires n < INT_MAX;
*/
void svcomp_15(int n, int l) {
    int i, k;
    // Loop A
    /*@
        loop invariant i_0: 1 <= l;

        loop invariant i_8: 1 <= l && l < INT_MAX;


        loop assigns i, k, l;
    */
    for (k = 1; k < n; k++){
        // Loop B
        /*@
            loop invariant i_3: 1 <= l && k < n && l < INT_MAX;

            loop invariant i_4: 1 <= l;

            loop invariant i_5: k < n;

            loop invariant i_6: l < INT_MAX;

            loop invariant i_7: i >= 1;

            loop invariant i_9: 1 <= l && l < INT_MAX;


            loop assigns i;
        */
        for (i = l; i < n; i++){  
            //@ assert 1 <= i;
        }
        if(unknown1()) {
            l = l + 1;
        }
    }
}
----------------------------------------
------------Invariant Info-----------
LOOP A:
i_0: 1 <= l
LOOP B:
i_3: 1 <= l && k < n && l < INT_MAX
i_4: 1 <= l
i_5: k < n
i_6: l < INT_MAX
i_7: i >= 1
i_9: 1 <= l && l < INT_MAX
------------------------------------
----------Code with Invariants----------
# define INT_MAX 2147483647

int unknown1();

/*@
    requires l > 0;
    requires l < INT_MAX;
    requires n < INT_MAX;
*/
void svcomp_15(int n, int l) {
    int i, k;
    // Loop A
    /*@
        loop invariant i_0: 1 <= l;


        loop assigns i, k, l;
    */
    for (k = 1; k < n; k++){
        // Loop B
        /*@
            loop invariant i_3: 1 <= l && k < n && l < INT_MAX;

            loop invariant i_4: 1 <= l;

            loop invariant i_5: k < n;

            loop invariant i_6: l < INT_MAX;

            loop invariant i_7: i >= 1;

            loop invariant i_9: 1 <= l && l < INT_MAX;


            loop assigns i;
        */
        for (i = l; i < n; i++){  
            //@ assert 1 <= i;
        }
        if(unknown1()) {
            l = l + 1;
        }
    }
}
----------------------------------------
------------Invariant Info-----------
LOOP A:
i_0: 1 <= l
LOOP B:
i_4: 1 <= l
i_5: k < n
i_6: l < INT_MAX
i_7: i >= 1
i_9: 1 <= l && l < INT_MAX
------------------------------------
----------Code with Invariants----------
# define INT_MAX 2147483647

int unknown1();

/*@
    requires l > 0;
    requires l < INT_MAX;
    requires n < INT_MAX;
*/
void svcomp_15(int n, int l) {
    int i, k;
    // Loop A
    /*@
        loop invariant i_0: 1 <= l;


        loop assigns i, k, l;
    */
    for (k = 1; k < n; k++){
        // Loop B
        /*@
            loop invariant i_4: 1 <= l;

            loop invariant i_5: k < n;

            loop invariant i_6: l < INT_MAX;

            loop invariant i_7: i >= 1;

            loop invariant i_9: 1 <= l && l < INT_MAX;


            loop assigns i;
        */
        for (i = l; i < n; i++){  
            //@ assert 1 <= i;
        }
        if(unknown1()) {
            l = l + 1;
        }
    }
}
----------------------------------------
------------Invariant Info-----------
LOOP A:
i_0: 1 <= l
LOOP B:
i_4: 1 <= l
i_5: k < n
i_7: i >= 1
i_9: 1 <= l && l < INT_MAX
------------------------------------
----------Code with Invariants----------
# define INT_MAX 2147483647

int unknown1();

/*@
    requires l > 0;
    requires l < INT_MAX;
    requires n < INT_MAX;
*/
void svcomp_15(int n, int l) {
    int i, k;
    // Loop A
    /*@
        loop invariant i_0: 1 <= l;


        loop assigns i, k, l;
    */
    for (k = 1; k < n; k++){
        // Loop B
        /*@
            loop invariant i_4: 1 <= l;

            loop invariant i_5: k < n;

            loop invariant i_7: i >= 1;

            loop invariant i_9: 1 <= l && l < INT_MAX;


            loop assigns i;
        */
        for (i = l; i < n; i++){  
            //@ assert 1 <= i;
        }
        if(unknown1()) {
            l = l + 1;
        }
    }
}
----------------------------------------
------------Invariant Info-----------
LOOP A:
i_0: 1 <= l
LOOP B:
i_4: 1 <= l
i_5: k < n
i_7: i >= 1
------------------------------------
----------Code with Invariants----------
# define INT_MAX 2147483647

int unknown1();

/*@
    requires l > 0;
    requires l < INT_MAX;
    requires n < INT_MAX;
*/
void svcomp_15(int n, int l) {
    int i, k;
    // Loop A
    /*@
        loop invariant i_0: 1 <= l;


        loop assigns i, k, l;
    */
    for (k = 1; k < n; k++){
        // Loop B
        /*@
            loop invariant i_4: 1 <= l;

            loop invariant i_5: k < n;

            loop invariant i_7: i >= 1;


            loop assigns i;
        */
        for (i = l; i < n; i++){  
            //@ assert 1 <= i;
        }
        if(unknown1()) {
            l = l + 1;
        }
    }
}
----------------------------------------
---------Result---------
Success
Model: openPangu-Embedded-7B-V1.1
Running time: 234.74122166633606
Proposal number: 15
Verified code:
# define INT_MAX 2147483647

int unknown1();

/*@
    requires l > 0;
    requires l < INT_MAX;
    requires n < INT_MAX;
*/
void svcomp_15(int n, int l) {
    int i, k;
    // Loop A
    /*@
        loop invariant i_0: 1 <= l;


        loop assigns i, k, l;
    */
    for (k = 1; k < n; k++){
        // Loop B
        /*@
            loop invariant i_4: 1 <= l;

            loop invariant i_5: k < n;

            loop invariant i_7: i >= 1;


            loop assigns i;
        */
        for (i = l; i < n; i++){  
            //@ assert 1 <= i;
        }
        if(unknown1()) {
            l = l + 1;
        }
    }
}
------------------------
