-----------Model-----------
Model type:
PanguEmbeddedForCausalLM(
  (model): PanguEmbeddedModel(
    (embed_tokens): Embedding(153376, 4096, padding_idx=0)
    (layers): ModuleList(
      (0-33): 34 x PanguEmbeddedDecoderLayer(
        (self_attn): PanguEmbeddedAttention(
          (q_proj): Linear(in_features=4096, out_features=4096, bias=True)
          (k_proj): Linear(in_features=4096, out_features=1024, bias=True)
          (v_proj): Linear(in_features=4096, out_features=1024, bias=True)
          (o_proj): Linear(in_features=4096, out_features=4096, bias=True)
        )
        (mlp): PanguEmbeddedMLP(
          (gate_proj): Linear(in_features=4096, out_features=12800, bias=False)
          (up_proj): Linear(in_features=4096, out_features=12800, bias=False)
          (down_proj): Linear(in_features=12800, out_features=4096, bias=False)
          (act_fn): SiLU()
        )
        (input_layernorm): PanguEmbeddedRMSNorm((4096,), eps=1e-05)
        (post_attention_layernorm): PanguEmbeddedRMSNorm((4096,), eps=1e-05)
      )
    )
    (norm): PanguEmbeddedRMSNorm((4096,), eps=1e-05)
    (rotary_emb): PanguEmbeddedRotaryEmbedding()
  )
  (lm_head): Linear(in_features=4096, out_features=153376, bias=False)
)
Model device:
npu:1
---------------------------
File Path: ../Benchmark/OOPSLA/oopsla_09.c
----------Code----------
int unknown1();
int unknown2();
int unknown3();

/*
 * "fragtest_simple" from InvGen benchmark suite
 */


void oopsla_09(){
    int i, pvlen;
    int t;
    int k = 0;
    int n;
    i = 0;

    /*@
        loop assigns i;
    */
    while (unknown1())
        i = i + 1;
    
    if (i > pvlen) {
        pvlen = i;
    } 
    else {
    }
    i = 0;

    /*@
        loop assigns t, i, k;
    */
    while (unknown2()) {
        t = i;
        i = i + 1;
        k = k + 1;
    }

    /*@
        loop assigns \nothing;
    */
    while (unknown3());

    int j = 0;
    n = i;

    /*@
        loop assigns j, i, k;
    */
    while (1) {
        //@ assert a_1: k >= 0;
        k = k - 1;
        i = i - 1;
        j = j + 1;
        if (j < n) {
        } 
        else {
            break;
        }
    }
}

------------------------
========== Attempt 1 ==========
----------Prompt----------

int unknown1();
int unknown2();
int unknown3();

/*
 * "fragtest_simple" from InvGen benchmark suite
 */


void oopsla_09(){
    int i, pvlen;
    int t;
    int k = 0;
    int n;
    i = 0;

    // Loop A
    /*@
        [Hint] Please infer the loop invariant for the following loop.

        loop assigns i;
    */
    while (unknown1())
        i = i + 1;
    
    if (i > pvlen) {
        pvlen = i;
    } 
    else {
    }
    i = 0;

    // Loop B
    /*@
        loop assigns t, i, k;
    */
    while (unknown2()) {
        t = i;
        i = i + 1;
        k = k + 1;
    }

    // Loop C
    /*@
        loop assigns \nothing;
    */
    while (unknown3());

    int j = 0;
    n = i;

    /*@
        loop assigns j, i, k;
    */
    while (1) {
        //@ assert a_1: k >= 0;
        k = k - 1;
        i = i - 1;
        j = j + 1;
        if (j < n) {
        } 
        else {
            break;
        }
    }
}

You are an expert in program verification, and please generate loop invariant as C annotation comments at the hint location (annotated by "[Hint] Please infer the loop invariant for the following loop.") using ACSL language.
ACSL is a specification language for C programs that conforms to the design by contract paradigm, utilizing Hoare style pre- and postconditions and invariants. Note that the `loop invariant` clause is a condition that is true at the beginning and end of every loop iteration.
Specifically, for the current verification task:
    - Pre-condition: the function's `requires` clauses
    - Post-condition: 
Please verify that the generated loop invariant is consistent with these constraints. If these specific pre- or post-conditions are not provided or empty, please infer the loop invariant strictly based on the program's execution logic and standard correctness.
In order to get a correct answer, You may want to consider both the situation of not entering the loop and the situation of jumping out of the loop. If some of the pre-conditions are also loop invariant, you need to add them to your answer as well.
Use '&&', '||', '==>', '\forall' or '\exists' if necessary. For instance:
```
loop invariant 1 <= x;
loop invariant x == y;
loop invariant 0 < x ==> y <= z;
loop invariant z % 2 == 1 || x == y;
loop invariant z % 2 == 1 && x <= y;
loop invariant \forall integer k;  0 <= k < i ==> max >=  a[k];
loop invariant \exists integer k;  0 <= k < i &&  max == a[k];
loop invariant \forall integer p; 0 <= p < \at(k, End_l) ==> res[p] == \at(res[p], End_l);
```
Your answer should follow the following format:
```
loop invariant ...;
loop invariant ...;
...
```
No explanation. No commentary. Just show me the loop invariant.
 /no_think
--------------------------
----------Response----------
[unused16][unused17]loop invariant i <= i + 5;;
loop invariant k <= k + 5;;
loop invariant j <= j + 5;;
----------------------------
----------Prompt----------

int unknown1();
int unknown2();
int unknown3();

/*
 * "fragtest_simple" from InvGen benchmark suite
 */


void oopsla_09(){
    int i, pvlen;
    int t;
    int k = 0;
    int n;
    i = 0;

    // Loop A
    /*@
        loop invariant i_0: i <= i + 5;

        loop invariant i_1: k <= k + 5;

        loop invariant i_2: j <= j + 5;


        loop assigns i;
    */
    while (unknown1())
        i = i + 1;
    
    if (i > pvlen) {
        pvlen = i;
    } 
    else {
    }
    i = 0;

    // Loop B
    /*@
        loop assigns t, i, k;
    */
    while (unknown2()) {
        t = i;
        i = i + 1;
        k = k + 1;
    }

    // Loop C
    /*@
        [Hint] Please infer the loop invariant for the following loop.

        loop assigns \nothing;
    */
    while (unknown3());

    int j = 0;
    n = i;

    /*@
        loop assigns j, i, k;
    */
    while (1) {
        //@ assert a_1: k >= 0;
        k = k - 1;
        i = i - 1;
        j = j + 1;
        if (j < n) {
        } 
        else {
            break;
        }
    }
}

You are an expert in program verification, and please generate loop invariant as C annotation comments at the hint location (annotated by "[Hint] Please infer the loop invariant for the following loop.") using ACSL language.
ACSL is a specification language for C programs that conforms to the design by contract paradigm, utilizing Hoare style pre- and postconditions and invariants. Note that the `loop invariant` clause is a condition that is true at the beginning and end of every loop iteration.
Specifically, for the current verification task:
    - Pre-condition: 
    - Post-condition: a_1:k >= 0; 
Please verify that the generated loop invariant is consistent with these constraints. If these specific pre- or post-conditions are not provided or empty, please infer the loop invariant strictly based on the program's execution logic and standard correctness.
In order to get a correct answer, You may want to consider both the situation of not entering the loop and the situation of jumping out of the loop. If some of the pre-conditions are also loop invariant, you need to add them to your answer as well.
Use '&&', '||', '==>', '\forall' or '\exists' if necessary. For instance:
```
loop invariant 1 <= x;
loop invariant x == y;
loop invariant 0 < x ==> y <= z;
loop invariant z % 2 == 1 || x == y;
loop invariant z % 2 == 1 && x <= y;
loop invariant \forall integer k;  0 <= k < i ==> max >=  a[k];
loop invariant \exists integer k;  0 <= k < i &&  max == a[k];
loop invariant \forall integer p; 0 <= p < \at(k, End_l) ==> res[p] == \at(res[p], End_l);
```
Your answer should follow the following format:
```
loop invariant ...;
loop invariant ...;
...
```
No explanation. No commentary. Just show me the loop invariant.
 /no_think
--------------------------
----------Response----------
[unused16][unused17]```
loop invariant k <= k + i;
```
----------------------------
----------Prompt----------

int unknown1();
int unknown2();
int unknown3();

/*
 * "fragtest_simple" from InvGen benchmark suite
 */


void oopsla_09(){
    int i, pvlen;
    int t;
    int k = 0;
    int n;
    i = 0;

    // Loop A
    /*@
        loop invariant i_0: i <= i + 5;

        loop invariant i_1: k <= k + 5;

        loop invariant i_2: j <= j + 5;


        loop assigns i;
    */
    while (unknown1())
        i = i + 1;
    
    if (i > pvlen) {
        pvlen = i;
    } 
    else {
    }
    i = 0;

    // Loop B
    /*@
        [Hint] Please infer the loop invariant for the following loop.

        loop assigns t, i, k;
    */
    while (unknown2()) {
        t = i;
        i = i + 1;
        k = k + 1;
    }

    // Loop C
    /*@
        loop invariant i_3: k <= k + i;


        loop assigns \nothing;
    */
    while (unknown3());

    int j = 0;
    n = i;

    /*@
        loop assigns j, i, k;
    */
    while (1) {
        //@ assert a_1: k >= 0;
        k = k - 1;
        i = i - 1;
        j = j + 1;
        if (j < n) {
        } 
        else {
            break;
        }
    }
}

You are an expert in program verification, and please generate loop invariant as C annotation comments at the hint location (annotated by "[Hint] Please infer the loop invariant for the following loop.") using ACSL language.
ACSL is a specification language for C programs that conforms to the design by contract paradigm, utilizing Hoare style pre- and postconditions and invariants. Note that the `loop invariant` clause is a condition that is true at the beginning and end of every loop iteration.
Specifically, for the current verification task:
    - Pre-condition: i_0:i <= i + 5; i_1:k <= k + 5; i_2:j <= j + 5; 
    - Post-condition: i_3:k <= k + i; 
Please verify that the generated loop invariant is consistent with these constraints. If these specific pre- or post-conditions are not provided or empty, please infer the loop invariant strictly based on the program's execution logic and standard correctness.
In order to get a correct answer, You may want to consider both the situation of not entering the loop and the situation of jumping out of the loop. If some of the pre-conditions are also loop invariant, you need to add them to your answer as well.
Use '&&', '||', '==>', '\forall' or '\exists' if necessary. For instance:
```
loop invariant 1 <= x;
loop invariant x == y;
loop invariant 0 < x ==> y <= z;
loop invariant z % 2 == 1 || x == y;
loop invariant z % 2 == 1 && x <= y;
loop invariant \forall integer k;  0 <= k < i ==> max >=  a[k];
loop invariant \exists integer k;  0 <= k < i &&  max == a[k];
loop invariant \forall integer p; 0 <= p < \at(k, End_l) ==> res[p] == \at(res[p], End_l);
```
Your answer should follow the following format:
```
loop invariant ...;
loop invariant ...;
...
```
No explanation. No commentary. Just show me the loop invariant.
 /no_think
--------------------------
----------Response----------
[unused16][unused17][Loop <CUR_LOOP>]
loop invariant i <= i + 5;
loop invariant k <= k + 5;
loop invariant j <= j + 5;
loop invariant k >= 0;
----------------------------
------------Invariant Info-----------
LOOP A:
i_0: i <= i + 5
i_1: k <= k + 5
i_2: j <= j + 5
LOOP B:
i_4: i <= i + 5
i_5: k <= k + 5
i_6: j <= j + 5
i_7: k >= 0
LOOP C:
i_3: k <= k + i
------------------------------------
---------- Code with Invariants ----------
int unknown1();
int unknown2();
int unknown3();

/*
 * "fragtest_simple" from InvGen benchmark suite
 */


void oopsla_09(){
    int i, pvlen;
    int t;
    int k = 0;
    int n;
    i = 0;

    // Loop A
    /*@
        loop invariant i_0: i <= i + 5;

        loop invariant i_1: k <= k + 5;

        loop invariant i_2: j <= j + 5;


        loop assigns i;
    */
    while (unknown1())
        i = i + 1;
    
    if (i > pvlen) {
        pvlen = i;
    } 
    else {
    }
    i = 0;

    // Loop B
    /*@
        loop invariant i_4: i <= i + 5;

        loop invariant i_5: k <= k + 5;

        loop invariant i_6: j <= j + 5;

        loop invariant i_7: k >= 0;


        loop assigns t, i, k;
    */
    while (unknown2()) {
        t = i;
        i = i + 1;
        k = k + 1;
    }

    // Loop C
    /*@
        loop invariant i_3: k <= k + i;


        loop assigns \nothing;
    */
    while (unknown3());

    int j = 0;
    n = i;

    /*@
        loop assigns j, i, k;
    */
    while (1) {
        //@ assert a_1: k >= 0;
        k = k - 1;
        i = i - 1;
        j = j + 1;
        if (j < n) {
        } 
        else {
            break;
        }
    }
}

------------------------------------------
Verification failed (Invalid), removing all invariants and retrying.
========== Attempt 2 ==========
----------Prompt----------

int unknown1();
int unknown2();
int unknown3();

/*
 * "fragtest_simple" from InvGen benchmark suite
 */


void oopsla_09(){
    int i, pvlen;
    int t;
    int k = 0;
    int n;
    i = 0;

    // Loop A
    /*@
        [Hint] Please infer the loop invariant for the following loop.

        loop assigns i;
    */
    while (unknown1())
        i = i + 1;
    
    if (i > pvlen) {
        pvlen = i;
    } 
    else {
    }
    i = 0;

    // Loop B
    /*@
        loop assigns t, i, k;
    */
    while (unknown2()) {
        t = i;
        i = i + 1;
        k = k + 1;
    }

    // Loop C
    /*@
        loop assigns \nothing;
    */
    while (unknown3());

    int j = 0;
    n = i;

    /*@
        loop assigns j, i, k;
    */
    while (1) {
        //@ assert a_1: k >= 0;
        k = k - 1;
        i = i - 1;
        j = j + 1;
        if (j < n) {
        } 
        else {
            break;
        }
    }
}

You are an expert in program verification, and please generate loop invariant as C annotation comments at the hint location (annotated by "[Hint] Please infer the loop invariant for the following loop.") using ACSL language.
ACSL is a specification language for C programs that conforms to the design by contract paradigm, utilizing Hoare style pre- and postconditions and invariants. Note that the `loop invariant` clause is a condition that is true at the beginning and end of every loop iteration.
Specifically, for the current verification task:
    - Pre-condition: the function's `requires` clauses
    - Post-condition: 
Please verify that the generated loop invariant is consistent with these constraints. If these specific pre- or post-conditions are not provided or empty, please infer the loop invariant strictly based on the program's execution logic and standard correctness.
In order to get a correct answer, You may want to consider both the situation of not entering the loop and the situation of jumping out of the loop. If some of the pre-conditions are also loop invariant, you need to add them to your answer as well.
Use '&&', '||', '==>', '\forall' or '\exists' if necessary. For instance:
```
loop invariant 1 <= x;
loop invariant x == y;
loop invariant 0 < x ==> y <= z;
loop invariant z % 2 == 1 || x == y;
loop invariant z % 2 == 1 && x <= y;
loop invariant \forall integer k;  0 <= k < i ==> max >=  a[k];
loop invariant \exists integer k;  0 <= k < i &&  max == a[k];
loop invariant \forall integer p; 0 <= p < \at(k, End_l) ==> res[p] == \at(res[p], End_l);
```
Your answer should follow the following format:
```
loop invariant ...;
loop invariant ...;
...
```
No explanation. No commentary. Just show me the loop invariant.
 /no_think
--------------------------
----------Response----------
[unused16][unused17][Loop <Loop A>]
loop invariant i <= i + 1;

[Loop <Loop B>]
loop invariant k >= 0 && k <= i;

[Loop <Loop C>]
// invariant not provided for loop C

[Loop <Loop D>]
loop invariant j == 0 || j == n;

loop invariant k == j + i - 1;

loop invariant i >= 0 && i <= n;

loop invariant k >= 0 && k <= n;

loop invariant j >= 0 && j <= n;

loop invariant i + j == n;

loop invariant k == j + i - 1;
----------------------------
----------Prompt----------

int unknown1();
int unknown2();
int unknown3();

/*
 * "fragtest_simple" from InvGen benchmark suite
 */


void oopsla_09(){
    int i, pvlen;
    int t;
    int k = 0;
    int n;
    i = 0;

    // Loop A
    /*@
        loop invariant i_8: i <= i + 1;

        loop invariant i_9: k >= 0 && k <= i;

        loop invariant i_10: j == 0 || j == n;

        loop invariant i_11: k == j + i - 1;

        loop invariant i_12: i >= 0 && i <= n;

        loop invariant i_13: k >= 0 && k <= n;

        loop invariant i_14: j >= 0 && j <= n;

        loop invariant i_15: i + j == n;


        loop assigns i;
    */
    while (unknown1())
        i = i + 1;
    
    if (i > pvlen) {
        pvlen = i;
    } 
    else {
    }
    i = 0;

    // Loop B
    /*@
        loop assigns t, i, k;
    */
    while (unknown2()) {
        t = i;
        i = i + 1;
        k = k + 1;
    }

    // Loop C
    /*@
        [Hint] Please infer the loop invariant for the following loop.

        loop assigns \nothing;
    */
    while (unknown3());

    int j = 0;
    n = i;

    /*@
        loop assigns j, i, k;
    */
    while (1) {
        //@ assert a_1: k >= 0;
        k = k - 1;
        i = i - 1;
        j = j + 1;
        if (j < n) {
        } 
        else {
            break;
        }
    }
}

You are an expert in program verification, and please generate loop invariant as C annotation comments at the hint location (annotated by "[Hint] Please infer the loop invariant for the following loop.") using ACSL language.
ACSL is a specification language for C programs that conforms to the design by contract paradigm, utilizing Hoare style pre- and postconditions and invariants. Note that the `loop invariant` clause is a condition that is true at the beginning and end of every loop iteration.
Specifically, for the current verification task:
    - Pre-condition: 
    - Post-condition: a_1:k >= 0; 
Please verify that the generated loop invariant is consistent with these constraints. If these specific pre- or post-conditions are not provided or empty, please infer the loop invariant strictly based on the program's execution logic and standard correctness.
In order to get a correct answer, You may want to consider both the situation of not entering the loop and the situation of jumping out of the loop. If some of the pre-conditions are also loop invariant, you need to add them to your answer as well.
Use '&&', '||', '==>', '\forall' or '\exists' if necessary. For instance:
```
loop invariant 1 <= x;
loop invariant x == y;
loop invariant 0 < x ==> y <= z;
loop invariant z % 2 == 1 || x == y;
loop invariant z % 2 == 1 && x <= y;
loop invariant \forall integer k;  0 <= k < i ==> max >=  a[k];
loop invariant \exists integer k;  0 <= k < i &&  max == a[k];
loop invariant \forall integer p; 0 <= p < \at(k, End_l) ==> res[p] == \at(res[p], End_l);
```
Your answer should follow the following format:
```
loop invariant ...;
loop invariant ...;
...
```
No explanation. No commentary. Just show me the loop invariant.
 /no_think
--------------------------
----------Response----------
[unused16][unused17]loop invariant k >= 0 && k <= n;
loop invariant i >= 0 && i <= n;
loop invariant j >= 0 && j <= n;
loop invariant i + j == n;
loop invariant \forall integer p; 0 <= p < i ==> \at(p, End_l) && \at(res[p], End_l) == true;
loop invariant \exists integer p; 0 <= p < i && \at(p, End_l) && \at(res[p], End_l) == true;
```
----------------------------
----------Prompt----------

int unknown1();
int unknown2();
int unknown3();

/*
 * "fragtest_simple" from InvGen benchmark suite
 */


void oopsla_09(){
    int i, pvlen;
    int t;
    int k = 0;
    int n;
    i = 0;

    // Loop A
    /*@
        loop invariant i_8: i <= i + 1;

        loop invariant i_9: k >= 0 && k <= i;

        loop invariant i_10: j == 0 || j == n;

        loop invariant i_11: k == j + i - 1;

        loop invariant i_12: i >= 0 && i <= n;

        loop invariant i_13: k >= 0 && k <= n;

        loop invariant i_14: j >= 0 && j <= n;

        loop invariant i_15: i + j == n;


        loop assigns i;
    */
    while (unknown1())
        i = i + 1;
    
    if (i > pvlen) {
        pvlen = i;
    } 
    else {
    }
    i = 0;

    // Loop B
    /*@
        [Hint] Please infer the loop invariant for the following loop.

        loop assigns t, i, k;
    */
    while (unknown2()) {
        t = i;
        i = i + 1;
        k = k + 1;
    }

    // Loop C
    /*@
        loop invariant i_16: k >= 0 && k <= n;

        loop invariant i_17: i >= 0 && i <= n;

        loop invariant i_18: j >= 0 && j <= n;

        loop invariant i_19: i + j == n;

        loop invariant i_20: \forall integer p; 0 <= p < i ==> \at(p, End_l) && \at(res[p], End_l) == true;

        loop invariant i_21: \exists integer p; 0 <= p < i && \at(p, End_l) && \at(res[p], End_l) == true;


        loop assigns \nothing;
    */
    while (unknown3());

    int j = 0;
    n = i;

    /*@
        loop assigns j, i, k;
    */
    while (1) {
        //@ assert a_1: k >= 0;
        k = k - 1;
        i = i - 1;
        j = j + 1;
        if (j < n) {
        } 
        else {
            break;
        }
    }
}

You are an expert in program verification, and please generate loop invariant as C annotation comments at the hint location (annotated by "[Hint] Please infer the loop invariant for the following loop.") using ACSL language.
ACSL is a specification language for C programs that conforms to the design by contract paradigm, utilizing Hoare style pre- and postconditions and invariants. Note that the `loop invariant` clause is a condition that is true at the beginning and end of every loop iteration.
Specifically, for the current verification task:
    - Pre-condition: i_8:i <= i + 1; i_9:k >= 0 && k <= i; i_10:j == 0 || j == n; i_11:k == j + i - 1; i_12:i >= 0 && i <= n; i_13:k >= 0 && k <= n; i_14:j >= 0 && j <= n; i_15:i + j == n; 
    - Post-condition: i_16:k >= 0 && k <= n; i_17:i >= 0 && i <= n; i_18:j >= 0 && j <= n; i_19:i + j == n; i_20:\forall integer p; 0 <= p < i ==> \at(p, End_l) && \at(res[p], End_l) == true; i_21:\exists integer p; 0 <= p < i && \at(p, End_l) && \at(res[p], End_l) == true; 
Please verify that the generated loop invariant is consistent with these constraints. If these specific pre- or post-conditions are not provided or empty, please infer the loop invariant strictly based on the program's execution logic and standard correctness.
In order to get a correct answer, You may want to consider both the situation of not entering the loop and the situation of jumping out of the loop. If some of the pre-conditions are also loop invariant, you need to add them to your answer as well.
Use '&&', '||', '==>', '\forall' or '\exists' if necessary. For instance:
```
loop invariant 1 <= x;
loop invariant x == y;
loop invariant 0 < x ==> y <= z;
loop invariant z % 2 == 1 || x == y;
loop invariant z % 2 == 1 && x <= y;
loop invariant \forall integer k;  0 <= k < i ==> max >=  a[k];
loop invariant \exists integer k;  0 <= k < i &&  max == a[k];
loop invariant \forall integer p; 0 <= p < \at(k, End_l) ==> res[p] == \at(res[p], End_l);
```
Your answer should follow the following format:
```
loop invariant ...;
loop invariant ...;
...
```
No explanation. No commentary. Just show me the loop invariant.
 /no_think
--------------------------
----------Response----------
[unused16][unused17]```
[Loop <OOPSLA_09>]
loop invariant i <= i + 1;
loop invariant k >= 0 && k <= i;
loop invariant j == 0 || j == n;
loop invariant k == j + i - 1;
loop invariant i >= 0 && i <= n;
loop invariant k >= 0 && k <= n;
loop invariant j >= 0 && j <= n;
loop invariant i + j == n;
loop invariant \forall integer p; 0 <= p < i ==> \at(p, End_l) && \at(res[p], End_l) == true;
loop invariant \exists integer p; 0 <= p < i && \at(p, End_l) && \at(res[p], End_l) == true;

[Loop <OOPSLA_09> Loop B>
loop invariant k >= 0 && k <= n;
loop invariant i >= 0 && i <= n;
loop invariant j >= 0 && j <= n;
loop invariant i + j == n;

[Loop <OOPSLA_09> Loop C>
loop invariant k >= 0 && k <= n;
loop invariant i >= 0 && i <= n;
loop invariant j >= 0 && j <= n;
loop invariant i + j == n;
loop invariant \forall integer p; 0 <= p < i ==> \at(p, End_l) && \at(res[p], End_l) == true;
loop invariant \exists integer p; 0 <= p < i && \at(p, End_l) && \at(res[p], End_l) == true;

[Loop <OOPSLA_09> Loop A>
loop invariant i <= i + 1;
loop invariant k >= 0 && k <= i;
loop invariant j == 0 || j == n;
loop invariant k == j + i - 1;
loop invariant i >= 0 && i <= n;
loop invariant k >= 0 && k <= n;
loop invariant j >= 0 && j <= n;
loop invariant i + j == n;
```
----------------------------
------------Invariant Info-----------
LOOP A:
i_8: i <= i + 1
i_9: k >= 0 && k <= i
i_10: j == 0 || j == n
i_11: k == j + i - 1
i_12: i >= 0 && i <= n
i_13: k >= 0 && k <= n
i_14: j >= 0 && j <= n
i_15: i + j == n
LOOP B:
i_22: i <= i + 1
i_23: k >= 0 && k <= i
i_24: j == 0 || j == n
i_25: k == j + i - 1
i_26: i >= 0 && i <= n
i_27: k >= 0 && k <= n
i_28: j >= 0 && j <= n
i_29: i + j == n
i_30: \forall integer p; 0 <= p < i ==> \at(p, End_l) && \at(res[p], End_l) == true
i_31: \exists integer p; 0 <= p < i && \at(p, End_l) && \at(res[p], End_l) == true
LOOP C:
i_16: k >= 0 && k <= n
i_17: i >= 0 && i <= n
i_18: j >= 0 && j <= n
i_19: i + j == n
i_20: \forall integer p; 0 <= p < i ==> \at(p, End_l) && \at(res[p], End_l) == true
i_21: \exists integer p; 0 <= p < i && \at(p, End_l) && \at(res[p], End_l) == true
------------------------------------
---------- Code with Invariants ----------
int unknown1();
int unknown2();
int unknown3();

/*
 * "fragtest_simple" from InvGen benchmark suite
 */


void oopsla_09(){
    int i, pvlen;
    int t;
    int k = 0;
    int n;
    i = 0;

    // Loop A
    /*@
        loop invariant i_8: i <= i + 1;

        loop invariant i_9: k >= 0 && k <= i;

        loop invariant i_10: j == 0 || j == n;

        loop invariant i_11: k == j + i - 1;

        loop invariant i_12: i >= 0 && i <= n;

        loop invariant i_13: k >= 0 && k <= n;

        loop invariant i_14: j >= 0 && j <= n;

        loop invariant i_15: i + j == n;


        loop assigns i;
    */
    while (unknown1())
        i = i + 1;
    
    if (i > pvlen) {
        pvlen = i;
    } 
    else {
    }
    i = 0;

    // Loop B
    /*@
        loop invariant i_22: i <= i + 1;

        loop invariant i_23: k >= 0 && k <= i;

        loop invariant i_24: j == 0 || j == n;

        loop invariant i_25: k == j + i - 1;

        loop invariant i_26: i >= 0 && i <= n;

        loop invariant i_27: k >= 0 && k <= n;

        loop invariant i_28: j >= 0 && j <= n;

        loop invariant i_29: i + j == n;

        loop invariant i_30: \forall integer p; 0 <= p < i ==> \at(p, End_l) && \at(res[p], End_l) == true;

        loop invariant i_31: \exists integer p; 0 <= p < i && \at(p, End_l) && \at(res[p], End_l) == true;


        loop assigns t, i, k;
    */
    while (unknown2()) {
        t = i;
        i = i + 1;
        k = k + 1;
    }

    // Loop C
    /*@
        loop invariant i_16: k >= 0 && k <= n;

        loop invariant i_17: i >= 0 && i <= n;

        loop invariant i_18: j >= 0 && j <= n;

        loop invariant i_19: i + j == n;

        loop invariant i_20: \forall integer p; 0 <= p < i ==> \at(p, End_l) && \at(res[p], End_l) == true;

        loop invariant i_21: \exists integer p; 0 <= p < i && \at(p, End_l) && \at(res[p], End_l) == true;


        loop assigns \nothing;
    */
    while (unknown3());

    int j = 0;
    n = i;

    /*@
        loop assigns j, i, k;
    */
    while (1) {
        //@ assert a_1: k >= 0;
        k = k - 1;
        i = i - 1;
        j = j + 1;
        if (j < n) {
        } 
        else {
            break;
        }
    }
}

------------------------------------------
Verification failed (Invalid), removing all invariants and retrying.
========== Attempt 3 ==========
----------Prompt----------

int unknown1();
int unknown2();
int unknown3();

/*
 * "fragtest_simple" from InvGen benchmark suite
 */


void oopsla_09(){
    int i, pvlen;
    int t;
    int k = 0;
    int n;
    i = 0;

    // Loop A
    /*@
        [Hint] Please infer the loop invariant for the following loop.

        loop assigns i;
    */
    while (unknown1())
        i = i + 1;
    
    if (i > pvlen) {
        pvlen = i;
    } 
    else {
    }
    i = 0;

    // Loop B
    /*@
        loop assigns t, i, k;
    */
    while (unknown2()) {
        t = i;
        i = i + 1;
        k = k + 1;
    }

    // Loop C
    /*@
        loop assigns \nothing;
    */
    while (unknown3());

    int j = 0;
    n = i;

    /*@
        loop assigns j, i, k;
    */
    while (1) {
        //@ assert a_1: k >= 0;
        k = k - 1;
        i = i - 1;
        j = j + 1;
        if (j < n) {
        } 
        else {
            break;
        }
    }
}

You are an expert in program verification, and please generate loop invariant as C annotation comments at the hint location (annotated by "[Hint] Please infer the loop invariant for the following loop.") using ACSL language.
ACSL is a specification language for C programs that conforms to the design by contract paradigm, utilizing Hoare style pre- and postconditions and invariants. Note that the `loop invariant` clause is a condition that is true at the beginning and end of every loop iteration.
Specifically, for the current verification task:
    - Pre-condition: the function's `requires` clauses
    - Post-condition: 
Please verify that the generated loop invariant is consistent with these constraints. If these specific pre- or post-conditions are not provided or empty, please infer the loop invariant strictly based on the program's execution logic and standard correctness.
In order to get a correct answer, You may want to consider both the situation of not entering the loop and the situation of jumping out of the loop. If some of the pre-conditions are also loop invariant, you need to add them to your answer as well.
Use '&&', '||', '==>', '\forall' or '\exists' if necessary. For instance:
```
loop invariant 1 <= x;
loop invariant x == y;
loop invariant 0 < x ==> y <= z;
loop invariant z % 2 == 1 || x == y;
loop invariant z % 2 == 1 && x <= y;
loop invariant \forall integer k;  0 <= k < i ==> max >=  a[k];
loop invariant \exists integer k;  0 <= k < i &&  max == a[k];
loop invariant \forall integer p; 0 <= p < \at(k, End_l) ==> res[p] == \at(res[p], End_l);
```
Your answer should follow the following format:
```
loop invariant ...;
loop invariant ...;
...
```
No explanation. No commentary. Just show me the loop invariant.
 /no_think
--------------------------
----------Response----------
[unused16][unused17]```
loop invariant i >= 0 && i <= n;
loop invariant k >= 0 && k <= i;
```
----------------------------
----------Prompt----------

int unknown1();
int unknown2();
int unknown3();

/*
 * "fragtest_simple" from InvGen benchmark suite
 */


void oopsla_09(){
    int i, pvlen;
    int t;
    int k = 0;
    int n;
    i = 0;

    // Loop A
    /*@
        loop invariant i_32: i >= 0 && i <= n;

        loop invariant i_33: k >= 0 && k <= i;


        loop assigns i;
    */
    while (unknown1())
        i = i + 1;
    
    if (i > pvlen) {
        pvlen = i;
    } 
    else {
    }
    i = 0;

    // Loop B
    /*@
        loop assigns t, i, k;
    */
    while (unknown2()) {
        t = i;
        i = i + 1;
        k = k + 1;
    }

    // Loop C
    /*@
        [Hint] Please infer the loop invariant for the following loop.

        loop assigns \nothing;
    */
    while (unknown3());

    int j = 0;
    n = i;

    /*@
        loop assigns j, i, k;
    */
    while (1) {
        //@ assert a_1: k >= 0;
        k = k - 1;
        i = i - 1;
        j = j + 1;
        if (j < n) {
        } 
        else {
            break;
        }
    }
}

You are an expert in program verification, and please generate loop invariant as C annotation comments at the hint location (annotated by "[Hint] Please infer the loop invariant for the following loop.") using ACSL language.
ACSL is a specification language for C programs that conforms to the design by contract paradigm, utilizing Hoare style pre- and postconditions and invariants. Note that the `loop invariant` clause is a condition that is true at the beginning and end of every loop iteration.
Specifically, for the current verification task:
    - Pre-condition: 
    - Post-condition: a_1:k >= 0; 
Please verify that the generated loop invariant is consistent with these constraints. If these specific pre- or post-conditions are not provided or empty, please infer the loop invariant strictly based on the program's execution logic and standard correctness.
In order to get a correct answer, You may want to consider both the situation of not entering the loop and the situation of jumping out of the loop. If some of the pre-conditions are also loop invariant, you need to add them to your answer as well.
Use '&&', '||', '==>', '\forall' or '\exists' if necessary. For instance:
```
loop invariant 1 <= x;
loop invariant x == y;
loop invariant 0 < x ==> y <= z;
loop invariant z % 2 == 1 || x == y;
loop invariant z % 2 == 1 && x <= y;
loop invariant \forall integer k;  0 <= k < i ==> max >=  a[k];
loop invariant \exists integer k;  0 <= k < i &&  max == a[k];
loop invariant \forall integer p; 0 <= p < \at(k, End_l) ==> res[p] == \at(res[p], End_l);
```
Your answer should follow the following format:
```
loop invariant ...;
loop invariant ...;
...
```
No explanation. No commentary. Just show me the loop invariant.
 /no_think
--------------------------
----------Response----------
[unused16][unused17][Loop C]
loop invariant k >= 0 && k <= i;

[Loop B]
loop invariant k >= 0 && k <= i;

[Loop A]
loop invariant i >= 0 && i <= n;
loop invariant k >= 0 && k <= i;

[Loop C]
loop invariant k >= 0 && k <= i;  
loop invariant j >= 0 && j <= n;  
loop invariant k >= 0 && k <= i;
----------------------------
----------Prompt----------

int unknown1();
int unknown2();
int unknown3();

/*
 * "fragtest_simple" from InvGen benchmark suite
 */


void oopsla_09(){
    int i, pvlen;
    int t;
    int k = 0;
    int n;
    i = 0;

    // Loop A
    /*@
        loop invariant i_32: i >= 0 && i <= n;

        loop invariant i_33: k >= 0 && k <= i;


        loop assigns i;
    */
    while (unknown1())
        i = i + 1;
    
    if (i > pvlen) {
        pvlen = i;
    } 
    else {
    }
    i = 0;

    // Loop B
    /*@
        [Hint] Please infer the loop invariant for the following loop.

        loop invariant i_36: k >= 0 && k <= i;


        loop assigns t, i, k;
    */
    while (unknown2()) {
        t = i;
        i = i + 1;
        k = k + 1;
    }

    // Loop C
    /*@
        loop invariant i_34: k >= 0 && k <= i;

        loop invariant i_35: j >= 0 && j <= n;


        loop assigns \nothing;
    */
    while (unknown3());

    int j = 0;
    n = i;

    /*@
        loop assigns j, i, k;
    */
    while (1) {
        //@ assert a_1: k >= 0;
        k = k - 1;
        i = i - 1;
        j = j + 1;
        if (j < n) {
        } 
        else {
            break;
        }
    }
}

You are an expert in program verification, and please generate loop invariant as C annotation comments at the hint location (annotated by "[Hint] Please infer the loop invariant for the following loop.") using ACSL language.
ACSL is a specification language for C programs that conforms to the design by contract paradigm, utilizing Hoare style pre- and postconditions and invariants. Note that the `loop invariant` clause is a condition that is true at the beginning and end of every loop iteration.
Specifically, for the current verification task:
    - Pre-condition: i_32:i >= 0 && i <= n; i_33:k >= 0 && k <= i; 
    - Post-condition: i_34:k >= 0 && k <= i; i_35:j >= 0 && j <= n; 
Please verify that the generated loop invariant is consistent with these constraints. If these specific pre- or post-conditions are not provided or empty, please infer the loop invariant strictly based on the program's execution logic and standard correctness.
In order to get a correct answer, You may want to consider both the situation of not entering the loop and the situation of jumping out of the loop. If some of the pre-conditions are also loop invariant, you need to add them to your answer as well.
Use '&&', '||', '==>', '\forall' or '\exists' if necessary. For instance:
```
loop invariant 1 <= x;
loop invariant x == y;
loop invariant 0 < x ==> y <= z;
loop invariant z % 2 == 1 || x == y;
loop invariant z % 2 == 1 && x <= y;
loop invariant \forall integer k;  0 <= k < i ==> max >=  a[k];
loop invariant \exists integer k;  0 <= k < i &&  max == a[k];
loop invariant \forall integer p; 0 <= p < \at(k, End_l) ==> res[p] == \at(res[p], End_l);
```
Your answer should follow the following format:
```
loop invariant ...;
loop invariant ...;
...
```
No explanation. No commentary. Just show me the loop invariant.
 /no_think
--------------------------
----------Response----------
[unused16][unused17][Loop <Loop B>]
loop invariant k >= 0 && k <= i;

[Loop <Loop C>]
loop invariant j >= 0 && j <= n;
----------------------------
------------Invariant Info-----------
LOOP A:
i_32: i >= 0 && i <= n
i_33: k >= 0 && k <= i
LOOP B:
i_36: k >= 0 && k <= i
i_37: j >= 0 && j <= n
LOOP C:
i_34: k >= 0 && k <= i
i_35: j >= 0 && j <= n
------------------------------------
---------- Code with Invariants ----------
int unknown1();
int unknown2();
int unknown3();

/*
 * "fragtest_simple" from InvGen benchmark suite
 */


void oopsla_09(){
    int i, pvlen;
    int t;
    int k = 0;
    int n;
    i = 0;

    // Loop A
    /*@
        loop invariant i_32: i >= 0 && i <= n;

        loop invariant i_33: k >= 0 && k <= i;


        loop assigns i;
    */
    while (unknown1())
        i = i + 1;
    
    if (i > pvlen) {
        pvlen = i;
    } 
    else {
    }
    i = 0;

    // Loop B
    /*@
        loop invariant i_36: k >= 0 && k <= i;

        loop invariant i_37: j >= 0 && j <= n;


        loop assigns t, i, k;
    */
    while (unknown2()) {
        t = i;
        i = i + 1;
        k = k + 1;
    }

    // Loop C
    /*@
        loop invariant i_34: k >= 0 && k <= i;

        loop invariant i_35: j >= 0 && j <= n;


        loop assigns \nothing;
    */
    while (unknown3());

    int j = 0;
    n = i;

    /*@
        loop assigns j, i, k;
    */
    while (1) {
        //@ assert a_1: k >= 0;
        k = k - 1;
        i = i - 1;
        j = j + 1;
        if (j < n) {
        } 
        else {
            break;
        }
    }
}

------------------------------------------
Verification failed (Invalid), removing all invariants and retrying.
========== Attempt 4 ==========
----------Prompt----------

int unknown1();
int unknown2();
int unknown3();

/*
 * "fragtest_simple" from InvGen benchmark suite
 */


void oopsla_09(){
    int i, pvlen;
    int t;
    int k = 0;
    int n;
    i = 0;

    // Loop A
    /*@
        [Hint] Please infer the loop invariant for the following loop.

        loop assigns i;
    */
    while (unknown1())
        i = i + 1;
    
    if (i > pvlen) {
        pvlen = i;
    } 
    else {
    }
    i = 0;

    // Loop B
    /*@
        loop assigns t, i, k;
    */
    while (unknown2()) {
        t = i;
        i = i + 1;
        k = k + 1;
    }

    // Loop C
    /*@
        loop assigns \nothing;
    */
    while (unknown3());

    int j = 0;
    n = i;

    /*@
        loop assigns j, i, k;
    */
    while (1) {
        //@ assert a_1: k >= 0;
        k = k - 1;
        i = i - 1;
        j = j + 1;
        if (j < n) {
        } 
        else {
            break;
        }
    }
}

You are an expert in program verification, and please generate loop invariant as C annotation comments at the hint location (annotated by "[Hint] Please infer the loop invariant for the following loop.") using ACSL language.
ACSL is a specification language for C programs that conforms to the design by contract paradigm, utilizing Hoare style pre- and postconditions and invariants. Note that the `loop invariant` clause is a condition that is true at the beginning and end of every loop iteration.
Specifically, for the current verification task:
    - Pre-condition: the function's `requires` clauses
    - Post-condition: 
Please verify that the generated loop invariant is consistent with these constraints. If these specific pre- or post-conditions are not provided or empty, please infer the loop invariant strictly based on the program's execution logic and standard correctness.
In order to get a correct answer, You may want to consider both the situation of not entering the loop and the situation of jumping out of the loop. If some of the pre-conditions are also loop invariant, you need to add them to your answer as well.
Use '&&', '||', '==>', '\forall' or '\exists' if necessary. For instance:
```
loop invariant 1 <= x;
loop invariant x == y;
loop invariant 0 < x ==> y <= z;
loop invariant z % 2 == 1 || x == y;
loop invariant z % 2 == 1 && x <= y;
loop invariant \forall integer k;  0 <= k < i ==> max >=  a[k];
loop invariant \exists integer k;  0 <= k < i &&  max == a[k];
loop invariant \forall integer p; 0 <= p < \at(k, End_l) ==> res[p] == \at(res[p], End_l);
```
Your answer should follow the following format:
```
loop invariant ...;
loop invariant ...;
...
```
No explanation. No commentary. Just show me the loop invariant.
 /no_think
--------------------------
----------Response----------
[unused16][unused17]loop invariant i >= 0 && i <= unknown1();
loop invariant pvlen >= 0 && pvlen <= i;
loop invariant t == 0 || unknown2() == 0;
loop invariant k >= 0 && k <= i;
loop invariant j >= 0 && j <= n;
----------------------------
----------Prompt----------

int unknown1();
int unknown2();
int unknown3();

/*
 * "fragtest_simple" from InvGen benchmark suite
 */


void oopsla_09(){
    int i, pvlen;
    int t;
    int k = 0;
    int n;
    i = 0;

    // Loop A
    /*@
        loop invariant i_38: i >= 0 && i <= unknown1();

        loop invariant i_39: pvlen >= 0 && pvlen <= i;

        loop invariant i_40: t == 0 || unknown2() == 0;

        loop invariant i_41: k >= 0 && k <= i;

        loop invariant i_42: j >= 0 && j <= n;


        loop assigns i;
    */
    while (unknown1())
        i = i + 1;
    
    if (i > pvlen) {
        pvlen = i;
    } 
    else {
    }
    i = 0;

    // Loop B
    /*@
        loop assigns t, i, k;
    */
    while (unknown2()) {
        t = i;
        i = i + 1;
        k = k + 1;
    }

    // Loop C
    /*@
        [Hint] Please infer the loop invariant for the following loop.

        loop assigns \nothing;
    */
    while (unknown3());

    int j = 0;
    n = i;

    /*@
        loop assigns j, i, k;
    */
    while (1) {
        //@ assert a_1: k >= 0;
        k = k - 1;
        i = i - 1;
        j = j + 1;
        if (j < n) {
        } 
        else {
            break;
        }
    }
}

You are an expert in program verification, and please generate loop invariant as C annotation comments at the hint location (annotated by "[Hint] Please infer the loop invariant for the following loop.") using ACSL language.
ACSL is a specification language for C programs that conforms to the design by contract paradigm, utilizing Hoare style pre- and postconditions and invariants. Note that the `loop invariant` clause is a condition that is true at the beginning and end of every loop iteration.
Specifically, for the current verification task:
    - Pre-condition: 
    - Post-condition: a_1:k >= 0; 
Please verify that the generated loop invariant is consistent with these constraints. If these specific pre- or post-conditions are not provided or empty, please infer the loop invariant strictly based on the program's execution logic and standard correctness.
In order to get a correct answer, You may want to consider both the situation of not entering the loop and the situation of jumping out of the loop. If some of the pre-conditions are also loop invariant, you need to add them to your answer as well.
Use '&&', '||', '==>', '\forall' or '\exists' if necessary. For instance:
```
loop invariant 1 <= x;
loop invariant x == y;
loop invariant 0 < x ==> y <= z;
loop invariant z % 2 == 1 || x == y;
loop invariant z % 2 == 1 && x <= y;
loop invariant \forall integer k;  0 <= k < i ==> max >=  a[k];
loop invariant \exists integer k;  0 <= k < i &&  max == a[k];
loop invariant \forall integer p; 0 <= p < \at(k, End_l) ==> res[p] == \at(res[p], End_l);
```
Your answer should follow the following format:
```
loop invariant ...;
loop invariant ...;
...
```
No explanation. No commentary. Just show me the loop invariant.
 /no_think
--------------------------
----------Response----------
[unused16][unused17]loop invariant k >= 0 && k <= i;
loop invariant j >= 0 && j <= n;
loop invariant i >= 0 && i <= unknown3();
loop invariant t == 0 || unknown2() == 0;
----------------------------
----------Prompt----------

int unknown1();
int unknown2();
int unknown3();

/*
 * "fragtest_simple" from InvGen benchmark suite
 */


void oopsla_09(){
    int i, pvlen;
    int t;
    int k = 0;
    int n;
    i = 0;

    // Loop A
    /*@
        loop invariant i_38: i >= 0 && i <= unknown1();

        loop invariant i_39: pvlen >= 0 && pvlen <= i;

        loop invariant i_40: t == 0 || unknown2() == 0;

        loop invariant i_41: k >= 0 && k <= i;

        loop invariant i_42: j >= 0 && j <= n;


        loop assigns i;
    */
    while (unknown1())
        i = i + 1;
    
    if (i > pvlen) {
        pvlen = i;
    } 
    else {
    }
    i = 0;

    // Loop B
    /*@
        [Hint] Please infer the loop invariant for the following loop.

        loop assigns t, i, k;
    */
    while (unknown2()) {
        t = i;
        i = i + 1;
        k = k + 1;
    }

    // Loop C
    /*@
        loop invariant i_43: k >= 0 && k <= i;

        loop invariant i_44: j >= 0 && j <= n;

        loop invariant i_45: i >= 0 && i <= unknown3();

        loop invariant i_46: t == 0 || unknown2() == 0;


        loop assigns \nothing;
    */
    while (unknown3());

    int j = 0;
    n = i;

    /*@
        loop assigns j, i, k;
    */
    while (1) {
        //@ assert a_1: k >= 0;
        k = k - 1;
        i = i - 1;
        j = j + 1;
        if (j < n) {
        } 
        else {
            break;
        }
    }
}

You are an expert in program verification, and please generate loop invariant as C annotation comments at the hint location (annotated by "[Hint] Please infer the loop invariant for the following loop.") using ACSL language.
ACSL is a specification language for C programs that conforms to the design by contract paradigm, utilizing Hoare style pre- and postconditions and invariants. Note that the `loop invariant` clause is a condition that is true at the beginning and end of every loop iteration.
Specifically, for the current verification task:
    - Pre-condition: i_38:i >= 0 && i <= unknown1(); i_39:pvlen >= 0 && pvlen <= i; i_40:t == 0 || unknown2() == 0; i_41:k >= 0 && k <= i; i_42:j >= 0 && j <= n; 
    - Post-condition: i_43:k >= 0 && k <= i; i_44:j >= 0 && j <= n; i_45:i >= 0 && i <= unknown3(); i_46:t == 0 || unknown2() == 0; 
Please verify that the generated loop invariant is consistent with these constraints. If these specific pre- or post-conditions are not provided or empty, please infer the loop invariant strictly based on the program's execution logic and standard correctness.
In order to get a correct answer, You may want to consider both the situation of not entering the loop and the situation of jumping out of the loop. If some of the pre-conditions are also loop invariant, you need to add them to your answer as well.
Use '&&', '||', '==>', '\forall' or '\exists' if necessary. For instance:
```
loop invariant 1 <= x;
loop invariant x == y;
loop invariant 0 < x ==> y <= z;
loop invariant z % 2 == 1 || x == y;
loop invariant z % 2 == 1 && x <= y;
loop invariant \forall integer k;  0 <= k < i ==> max >=  a[k];
loop invariant \exists integer k;  0 <= k < i &&  max == a[k];
loop invariant \forall integer p; 0 <= p < \at(k, End_l) ==> res[p] == \at(res[p], End_l);
```
Your answer should follow the following format:
```
loop invariant ...;
loop invariant ...;
...
```
No explanation. No commentary. Just show me the loop invariant.
 /no_think
--------------------------
----------Response----------
[unused16][unused17][Loop <Loop B>]
loop invariant i >= 0 && i <= unknown2();

[Loop <Loop C>]
loop invariant j >= 0 && j <= n;
loop invariant k >= 0 && k <= i;
loop invariant t == 0 || unknown2() == 0;
----------------------------
------------Invariant Info-----------
LOOP A:
i_38: i >= 0 && i <= unknown1()
i_39: pvlen >= 0 && pvlen <= i
i_40: t == 0 || unknown2() == 0
i_41: k >= 0 && k <= i
i_42: j >= 0 && j <= n
LOOP B:
i_47: i >= 0 && i <= unknown2()
i_48: j >= 0 && j <= n
i_49: k >= 0 && k <= i
i_50: t == 0 || unknown2() == 0
LOOP C:
i_43: k >= 0 && k <= i
i_44: j >= 0 && j <= n
i_45: i >= 0 && i <= unknown3()
i_46: t == 0 || unknown2() == 0
------------------------------------
---------- Code with Invariants ----------
int unknown1();
int unknown2();
int unknown3();

/*
 * "fragtest_simple" from InvGen benchmark suite
 */


void oopsla_09(){
    int i, pvlen;
    int t;
    int k = 0;
    int n;
    i = 0;

    // Loop A
    /*@
        loop invariant i_38: i >= 0 && i <= unknown1();

        loop invariant i_39: pvlen >= 0 && pvlen <= i;

        loop invariant i_40: t == 0 || unknown2() == 0;

        loop invariant i_41: k >= 0 && k <= i;

        loop invariant i_42: j >= 0 && j <= n;


        loop assigns i;
    */
    while (unknown1())
        i = i + 1;
    
    if (i > pvlen) {
        pvlen = i;
    } 
    else {
    }
    i = 0;

    // Loop B
    /*@
        loop invariant i_47: i >= 0 && i <= unknown2();

        loop invariant i_48: j >= 0 && j <= n;

        loop invariant i_49: k >= 0 && k <= i;

        loop invariant i_50: t == 0 || unknown2() == 0;


        loop assigns t, i, k;
    */
    while (unknown2()) {
        t = i;
        i = i + 1;
        k = k + 1;
    }

    // Loop C
    /*@
        loop invariant i_43: k >= 0 && k <= i;

        loop invariant i_44: j >= 0 && j <= n;

        loop invariant i_45: i >= 0 && i <= unknown3();

        loop invariant i_46: t == 0 || unknown2() == 0;


        loop assigns \nothing;
    */
    while (unknown3());

    int j = 0;
    n = i;

    /*@
        loop assigns j, i, k;
    */
    while (1) {
        //@ assert a_1: k >= 0;
        k = k - 1;
        i = i - 1;
        j = j + 1;
        if (j < n) {
        } 
        else {
            break;
        }
    }
}

------------------------------------------
Verification failed (Invalid), removing all invariants and retrying.
========== Attempt 5 ==========
----------Prompt----------

int unknown1();
int unknown2();
int unknown3();

/*
 * "fragtest_simple" from InvGen benchmark suite
 */


void oopsla_09(){
    int i, pvlen;
    int t;
    int k = 0;
    int n;
    i = 0;

    // Loop A
    /*@
        [Hint] Please infer the loop invariant for the following loop.

        loop assigns i;
    */
    while (unknown1())
        i = i + 1;
    
    if (i > pvlen) {
        pvlen = i;
    } 
    else {
    }
    i = 0;

    // Loop B
    /*@
        loop assigns t, i, k;
    */
    while (unknown2()) {
        t = i;
        i = i + 1;
        k = k + 1;
    }

    // Loop C
    /*@
        loop assigns \nothing;
    */
    while (unknown3());

    int j = 0;
    n = i;

    /*@
        loop assigns j, i, k;
    */
    while (1) {
        //@ assert a_1: k >= 0;
        k = k - 1;
        i = i - 1;
        j = j + 1;
        if (j < n) {
        } 
        else {
            break;
        }
    }
}

You are an expert in program verification, and please generate loop invariant as C annotation comments at the hint location (annotated by "[Hint] Please infer the loop invariant for the following loop.") using ACSL language.
ACSL is a specification language for C programs that conforms to the design by contract paradigm, utilizing Hoare style pre- and postconditions and invariants. Note that the `loop invariant` clause is a condition that is true at the beginning and end of every loop iteration.
Specifically, for the current verification task:
    - Pre-condition: the function's `requires` clauses
    - Post-condition: 
Please verify that the generated loop invariant is consistent with these constraints. If these specific pre- or post-conditions are not provided or empty, please infer the loop invariant strictly based on the program's execution logic and standard correctness.
In order to get a correct answer, You may want to consider both the situation of not entering the loop and the situation of jumping out of the loop. If some of the pre-conditions are also loop invariant, you need to add them to your answer as well.
Use '&&', '||', '==>', '\forall' or '\exists' if necessary. For instance:
```
loop invariant 1 <= x;
loop invariant x == y;
loop invariant 0 < x ==> y <= z;
loop invariant z % 2 == 1 || x == y;
loop invariant z % 2 == 1 && x <= y;
loop invariant \forall integer k;  0 <= k < i ==> max >=  a[k];
loop invariant \exists integer k;  0 <= k < i &&  max == a[k];
loop invariant \forall integer p; 0 <= p < \at(k, End_l) ==> res[p] == \at(res[p], End_l);
```
Your answer should follow the following format:
```
loop invariant ...;
loop invariant ...;
...
```
No explanation. No commentary. Just show me the loop invariant.
 /no_think
--------------------------
----------Response----------
[unused16][unused17]```
// Loop A
loop invariant i <= i + 1;
loop invariant k <= k + 1;
loop invariant t == t;

// Loop B
loop invariant i <= i + 1;
loop invariant k <= k + 1;
loop invariant t == t;

// Loop C
loop invariant true;

// Loop D (infinite loop)
loop invariant k >= 0;
```
----------------------------
----------Prompt----------

int unknown1();
int unknown2();
int unknown3();

/*
 * "fragtest_simple" from InvGen benchmark suite
 */


void oopsla_09(){
    int i, pvlen;
    int t;
    int k = 0;
    int n;
    i = 0;

    // Loop A
    /*@
        loop invariant i_51: i <= i + 1;

        loop invariant i_52: k <= k + 1;

        loop invariant i_53: t == t;

        loop invariant i_54: true;

        loop invariant i_55: k >= 0;


        loop assigns i;
    */
    while (unknown1())
        i = i + 1;
    
    if (i > pvlen) {
        pvlen = i;
    } 
    else {
    }
    i = 0;

    // Loop B
    /*@
        loop assigns t, i, k;
    */
    while (unknown2()) {
        t = i;
        i = i + 1;
        k = k + 1;
    }

    // Loop C
    /*@
        [Hint] Please infer the loop invariant for the following loop.

        loop assigns \nothing;
    */
    while (unknown3());

    int j = 0;
    n = i;

    /*@
        loop assigns j, i, k;
    */
    while (1) {
        //@ assert a_1: k >= 0;
        k = k - 1;
        i = i - 1;
        j = j + 1;
        if (j < n) {
        } 
        else {
            break;
        }
    }
}

You are an expert in program verification, and please generate loop invariant as C annotation comments at the hint location (annotated by "[Hint] Please infer the loop invariant for the following loop.") using ACSL language.
ACSL is a specification language for C programs that conforms to the design by contract paradigm, utilizing Hoare style pre- and postconditions and invariants. Note that the `loop invariant` clause is a condition that is true at the beginning and end of every loop iteration.
Specifically, for the current verification task:
    - Pre-condition: 
    - Post-condition: a_1:k >= 0; 
Please verify that the generated loop invariant is consistent with these constraints. If these specific pre- or post-conditions are not provided or empty, please infer the loop invariant strictly based on the program's execution logic and standard correctness.
In order to get a correct answer, You may want to consider both the situation of not entering the loop and the situation of jumping out of the loop. If some of the pre-conditions are also loop invariant, you need to add them to your answer as well.
Use '&&', '||', '==>', '\forall' or '\exists' if necessary. For instance:
```
loop invariant 1 <= x;
loop invariant x == y;
loop invariant 0 < x ==> y <= z;
loop invariant z % 2 == 1 || x == y;
loop invariant z % 2 == 1 && x <= y;
loop invariant \forall integer k;  0 <= k < i ==> max >=  a[k];
loop invariant \exists integer k;  0 <= k < i &&  max == a[k];
loop invariant \forall integer p; 0 <= p < \at(k, End_l) ==> res[p] == \at(res[p], End_l);
```
Your answer should follow the following format:
```
loop invariant ...;
loop invariant ...;
...
```
No explanation. No commentary. Just show me the loop invariant.
 /no_think
--------------------------
----------Response----------
[unused16][unused17]loop invariant k >= 0;
loop invariant i <= i + 1;
loop invariant j <= j + 1;
```
loop invariant \forall integer k;  0 <= k < i ==> max >= a[k];
```
----------------------------
----------Prompt----------

int unknown1();
int unknown2();
int unknown3();

/*
 * "fragtest_simple" from InvGen benchmark suite
 */


void oopsla_09(){
    int i, pvlen;
    int t;
    int k = 0;
    int n;
    i = 0;

    // Loop A
    /*@
        loop invariant i_51: i <= i + 1;

        loop invariant i_52: k <= k + 1;

        loop invariant i_53: t == t;

        loop invariant i_54: true;

        loop invariant i_55: k >= 0;


        loop assigns i;
    */
    while (unknown1())
        i = i + 1;
    
    if (i > pvlen) {
        pvlen = i;
    } 
    else {
    }
    i = 0;

    // Loop B
    /*@
        [Hint] Please infer the loop invariant for the following loop.

        loop assigns t, i, k;
    */
    while (unknown2()) {
        t = i;
        i = i + 1;
        k = k + 1;
    }

    // Loop C
    /*@
        loop invariant i_56: k >= 0;

        loop invariant i_57: i <= i + 1;

        loop invariant i_58: j <= j + 1;

        loop invariant i_59: \forall integer k; 0 <= k < i ==> max >= a[k];


        loop assigns \nothing;
    */
    while (unknown3());

    int j = 0;
    n = i;

    /*@
        loop assigns j, i, k;
    */
    while (1) {
        //@ assert a_1: k >= 0;
        k = k - 1;
        i = i - 1;
        j = j + 1;
        if (j < n) {
        } 
        else {
            break;
        }
    }
}

You are an expert in program verification, and please generate loop invariant as C annotation comments at the hint location (annotated by "[Hint] Please infer the loop invariant for the following loop.") using ACSL language.
ACSL is a specification language for C programs that conforms to the design by contract paradigm, utilizing Hoare style pre- and postconditions and invariants. Note that the `loop invariant` clause is a condition that is true at the beginning and end of every loop iteration.
Specifically, for the current verification task:
    - Pre-condition: i_51:i <= i + 1; i_52:k <= k + 1; i_53:t == t; i_54:true; i_55:k >= 0; 
    - Post-condition: i_56:k >= 0; i_57:i <= i + 1; i_58:j <= j + 1; i_59:\forall integer k; 0 <= k < i ==> max >= a[k]; 
Please verify that the generated loop invariant is consistent with these constraints. If these specific pre- or post-conditions are not provided or empty, please infer the loop invariant strictly based on the program's execution logic and standard correctness.
In order to get a correct answer, You may want to consider both the situation of not entering the loop and the situation of jumping out of the loop. If some of the pre-conditions are also loop invariant, you need to add them to your answer as well.
Use '&&', '||', '==>', '\forall' or '\exists' if necessary. For instance:
```
loop invariant 1 <= x;
loop invariant x == y;
loop invariant 0 < x ==> y <= z;
loop invariant z % 2 == 1 || x == y;
loop invariant z % 2 == 1 && x <= y;
loop invariant \forall integer k;  0 <= k < i ==> max >=  a[k];
loop invariant \exists integer k;  0 <= k < i &&  max == a[k];
loop invariant \forall integer p; 0 <= p < \at(k, End_l) ==> res[p] == \at(res[p], End_l);
```
Your answer should follow the following format:
```
loop invariant ...;
loop invariant ...;
...
```
No explanation. No commentary. Just show me the loop invariant.
 /no_think
--------------------------
----------Response----------
[unused16][unused17]loop invariant i <= i + 1;
loop invariant k <= k + 1;
loop invariant t == t;
loop invariant true;
loop invariant k >= 0;
loop invariant j <= j + 1;
loop invariant \forall integer k; 0 <= k < i ==> max >= a[k];
----------------------------
------------Invariant Info-----------
LOOP A:
i_51: i <= i + 1
i_52: k <= k + 1
i_53: t == t
i_54: true
i_55: k >= 0
LOOP B:
i_60: i <= i + 1
i_61: k <= k + 1
i_62: t == t
i_63: true
i_64: k >= 0
i_65: j <= j + 1
i_66: \forall integer k; 0 <= k < i ==> max >= a[k]
LOOP C:
i_56: k >= 0
i_57: i <= i + 1
i_58: j <= j + 1
i_59: \forall integer k; 0 <= k < i ==> max >= a[k]
------------------------------------
---------- Code with Invariants ----------
int unknown1();
int unknown2();
int unknown3();

/*
 * "fragtest_simple" from InvGen benchmark suite
 */


void oopsla_09(){
    int i, pvlen;
    int t;
    int k = 0;
    int n;
    i = 0;

    // Loop A
    /*@
        loop invariant i_51: i <= i + 1;

        loop invariant i_52: k <= k + 1;

        loop invariant i_53: t == t;

        loop invariant i_54: true;

        loop invariant i_55: k >= 0;


        loop assigns i;
    */
    while (unknown1())
        i = i + 1;
    
    if (i > pvlen) {
        pvlen = i;
    } 
    else {
    }
    i = 0;

    // Loop B
    /*@
        loop invariant i_60: i <= i + 1;

        loop invariant i_61: k <= k + 1;

        loop invariant i_62: t == t;

        loop invariant i_63: true;

        loop invariant i_64: k >= 0;

        loop invariant i_65: j <= j + 1;

        loop invariant i_66: \forall integer k; 0 <= k < i ==> max >= a[k];


        loop assigns t, i, k;
    */
    while (unknown2()) {
        t = i;
        i = i + 1;
        k = k + 1;
    }

    // Loop C
    /*@
        loop invariant i_56: k >= 0;

        loop invariant i_57: i <= i + 1;

        loop invariant i_58: j <= j + 1;

        loop invariant i_59: \forall integer k; 0 <= k < i ==> max >= a[k];


        loop assigns \nothing;
    */
    while (unknown3());

    int j = 0;
    n = i;

    /*@
        loop assigns j, i, k;
    */
    while (1) {
        //@ assert a_1: k >= 0;
        k = k - 1;
        i = i - 1;
        j = j + 1;
        if (j < n) {
        } 
        else {
            break;
        }
    }
}

------------------------------------------
Verification failed (Invalid), removing all invariants and retrying.
Verification failed: reached maximum attempts.
---------Result---------
Fail
Model: openPangu-Embedded-7B-V1.1
Running time: 175.1318085193634
Proposal number: 5
Verified code:

------------------------
