-----------Model-----------
Model type:
PanguEmbeddedForCausalLM(
  (model): PanguEmbeddedModel(
    (embed_tokens): Embedding(153376, 4096, padding_idx=0)
    (layers): ModuleList(
      (0-33): 34 x PanguEmbeddedDecoderLayer(
        (self_attn): PanguEmbeddedAttention(
          (q_proj): Linear(in_features=4096, out_features=4096, bias=True)
          (k_proj): Linear(in_features=4096, out_features=1024, bias=True)
          (v_proj): Linear(in_features=4096, out_features=1024, bias=True)
          (o_proj): Linear(in_features=4096, out_features=4096, bias=True)
        )
        (mlp): PanguEmbeddedMLP(
          (gate_proj): Linear(in_features=4096, out_features=12800, bias=False)
          (up_proj): Linear(in_features=4096, out_features=12800, bias=False)
          (down_proj): Linear(in_features=12800, out_features=4096, bias=False)
          (act_fn): SiLU()
        )
        (input_layernorm): PanguEmbeddedRMSNorm((4096,), eps=1e-05)
        (post_attention_layernorm): PanguEmbeddedRMSNorm((4096,), eps=1e-05)
      )
    )
    (norm): PanguEmbeddedRMSNorm((4096,), eps=1e-05)
    (rotary_emb): PanguEmbeddedRotaryEmbedding()
  )
  (lm_head): Linear(in_features=4096, out_features=153376, bias=False)
)
Model device:
npu:1
---------------------------
File Path: ../Benchmark/acsl-algorithms/_maximun_subarray.c
----------Code----------
/*@
  logic integer subarray_sum(int* a, integer i, integer j, integer n) =
    (i >= 0 && j >= 0 && n > 0 && i < j && i < n && j <= n) ? subarray_sum(a, i, j - 1, n) + a[j - 1] : 0;
*/

/*@
  requires \valid_read(a+(0..n-1));
  requires n > 0;
  assigns \nothing;
  ensures e_1: \forall integer i, j; 0 <= i < j <= n ==> subarray_sum(a, i, j, n) <= \result;
  ensures e_2: \exists integer i, j; 0 <= i < j <= n && \result == subarray_sum(a, i, j, n);
*/
int _maximun_subarray(int a[], int n) {
    int current_sum = a[0];
    int max_sum = a[0];
    int i;
    //@ ghost int curr_p = 0;
    //@ ghost int max_p = 0, max_q = 1;
    /*@
      loop assigns current_sum, max_sum, i, curr_p, max_p, max_q;
    */
    for (i = 1; i < n; i++) {
        if (a[i] < current_sum + a[i]) {
            current_sum = current_sum + a[i];
        }
        else {
            current_sum = a[i];
            //@ ghost curr_p = i;
        }

        if (current_sum > max_sum) {
            max_sum = current_sum;
            //@ ghost max_p = curr_p;
            //@ ghost max_q = i+1;
        }
    }
    return max_sum;
}
------------------------
========== Attempt 1 ==========
----------Prompt----------

/*@
  logic integer subarray_sum(int* a, integer i, integer j, integer n) =
    (i >= 0 && j >= 0 && n > 0 && i < j && i < n && j <= n) ? subarray_sum(a, i, j - 1, n) + a[j - 1] : 0;
*/

/*@
  requires \valid_read(a+(0..n-1));
  requires n > 0;
  assigns \nothing;
  ensures e_1: \forall integer i, j; 0 <= i < j <= n ==> subarray_sum(a, i, j, n) <= \result;
  ensures e_2: \exists integer i, j; 0 <= i < j <= n && \result == subarray_sum(a, i, j, n);
*/
int _maximun_subarray(int a[], int n) {
    int current_sum = a[0];
    int max_sum = a[0];
    int i;
    //@ ghost int curr_p = 0;
    //@ ghost int max_p = 0, max_q = 1;
  // Loop A
    /*@
      [Hint] Please infer the loop invariant for the following loop.

      loop assigns current_sum, max_sum, i, curr_p, max_p, max_q;
    */
    for (i = 1; i < n; i++) {
        if (a[i] < current_sum + a[i]) {
            current_sum = current_sum + a[i];
        }
        else {
            current_sum = a[i];
            //@ ghost curr_p = i;
        }

        if (current_sum > max_sum) {
            max_sum = current_sum;
            //@ ghost max_p = curr_p;
            //@ ghost max_q = i+1;
        }
    }
    return max_sum;
}
You are an expert in program verification, and please generate loop invariant as C annotation comments at the hint location (annotated by "[Hint] Please infer the loop invariant for the following loop.") using ACSL language.
ACSL is a specification language for C programs that conforms to the design by contract paradigm, utilizing Hoare style pre- and postconditions and invariants. Note that the `loop invariant` clause is a condition that is true at the beginning and end of every loop iteration.
Specifically, for the current verification task:
    - Pre-condition: the function's `requires` clauses
    - Post-condition: e_1:\forall integer i, j; 0 <= i < j <= n ==> subarray_sum(a, i, j, n) <= \result; e_2:\exists integer i, j; 0 <= i < j <= n && \result == subarray_sum(a, i, j, n); 
Please verify that the generated loop invariant is consistent with these constraints. If these specific pre- or post-conditions are not provided or empty, please infer the loop invariant strictly based on the program's execution logic and standard correctness.
In order to get a correct answer, You may want to consider both the situation of not entering the loop and the situation of jumping out of the loop. If some of the pre-conditions are also loop invariant, you need to add them to your answer as well.
Use '&&', '||', '==>', '\forall' or '\exists' if necessary. For instance:
```
loop invariant 1 <= x;
loop invariant x == y;
loop invariant 0 < x ==> y <= z;
loop invariant z % 2 == 1 || x == y;
loop invariant z % 2 == 1 && x <= y;
loop invariant \forall integer k;  0 <= k < i ==> max >=  a[k];
loop invariant \exists integer k;  0 <= k < i &&  max == a[k];
loop invariant \forall integer p; 0 <= p < \at(k, End_l) ==> res[p] == \at(res[p], End_l);
```
Your answer should follow the following format:
```
loop invariant ...;
loop invariant ...;
...
```
No explanation. No commentary. Just show me the loop invariant.
 /no_think
--------------------------
----------Response----------
[unused16][unused17]loop invariant i >= 1;
loop invariant current_sum == a[0] + \sum_{k=1}^i [a[k] < current_sum] (or current_sum == a[0] + \sum_{k=1}^i a[k]);
loop invariant max_sum == a[0] + \max_{1 <= k <= i} (a[k] + \sum_{l=1}^k [a[l] < current_sum]) (or max_sum >= a[0] + \sum_{k=1}^i a[k]);
loop invariant \exists integer p;  0 <= p < i && curr_p == p; (if curr_p is updated inside the loop)
loop invariant \forall integer k;  0 <= k < i ==> max_p >= curr_p; (if max_p is tracked)
loop invariant \forall integer k;  0 <= k < i ==> max_q == i+1; (if max_q is tracked)
----------------------------
------------Invariant Info-----------
LOOP A:
i_0: i >= 1
i_1: current_sum == a[0] + \sum_{k=1}^i [a[k] < current_sum] (or current_sum == a[0] + \sum_{k=1}^i a[k])
i_2: max_sum == a[0] + \max_{1 <= k <= i} (a[k] + \sum_{l=1}^k [a[l] < current_sum]) (or max_sum >= a[0] + \sum_{k=1}^i a[k])
i_3: \exists integer p; 0 <= p < i && curr_p == p
i_4: \forall integer k; 0 <= k < i ==> max_p >= curr_p
i_5: \forall integer k; 0 <= k < i ==> max_q == i+1
------------------------------------
---------- Code with Invariants ----------
/*@
  logic integer subarray_sum(int* a, integer i, integer j, integer n) =
    (i >= 0 && j >= 0 && n > 0 && i < j && i < n && j <= n) ? subarray_sum(a, i, j - 1, n) + a[j - 1] : 0;
*/

/*@
  requires \valid_read(a+(0..n-1));
  requires n > 0;
  assigns \nothing;
  ensures e_1: \forall integer i, j; 0 <= i < j <= n ==> subarray_sum(a, i, j, n) <= \result;
  ensures e_2: \exists integer i, j; 0 <= i < j <= n && \result == subarray_sum(a, i, j, n);
*/
int _maximun_subarray(int a[], int n) {
    int current_sum = a[0];
    int max_sum = a[0];
    int i;
    //@ ghost int curr_p = 0;
    //@ ghost int max_p = 0, max_q = 1;
  // Loop A
    /*@
      loop invariant i_0: i >= 1;

      loop invariant i_1: current_sum == a[0] + \sum_{k=1}^i [a[k] < current_sum] (or current_sum == a[0] + \sum_{k=1}^i a[k]);

      loop invariant i_2: max_sum == a[0] + \max_{1 <= k <= i} (a[k] + \sum_{l=1}^k [a[l] < current_sum]) (or max_sum >= a[0] + \sum_{k=1}^i a[k]);

      loop invariant i_3: \exists integer p; 0 <= p < i && curr_p == p;

      loop invariant i_4: \forall integer k; 0 <= k < i ==> max_p >= curr_p;

      loop invariant i_5: \forall integer k; 0 <= k < i ==> max_q == i+1;


      loop assigns current_sum, max_sum, i, curr_p, max_p, max_q;
    */
    for (i = 1; i < n; i++) {
        if (a[i] < current_sum + a[i]) {
            current_sum = current_sum + a[i];
        }
        else {
            current_sum = a[i];
            //@ ghost curr_p = i;
        }

        if (current_sum > max_sum) {
            max_sum = current_sum;
            //@ ghost max_p = curr_p;
            //@ ghost max_q = i+1;
        }
    }
    return max_sum;
}
------------------------------------------
Verification failed (Invalid), removing all invariants and retrying.
========== Attempt 2 ==========
----------Prompt----------

/*@
  logic integer subarray_sum(int* a, integer i, integer j, integer n) =
    (i >= 0 && j >= 0 && n > 0 && i < j && i < n && j <= n) ? subarray_sum(a, i, j - 1, n) + a[j - 1] : 0;
*/

/*@
  requires \valid_read(a+(0..n-1));
  requires n > 0;
  assigns \nothing;
  ensures e_1: \forall integer i, j; 0 <= i < j <= n ==> subarray_sum(a, i, j, n) <= \result;
  ensures e_2: \exists integer i, j; 0 <= i < j <= n && \result == subarray_sum(a, i, j, n);
*/
int _maximun_subarray(int a[], int n) {
    int current_sum = a[0];
    int max_sum = a[0];
    int i;
    //@ ghost int curr_p = 0;
    //@ ghost int max_p = 0, max_q = 1;
  // Loop A
    /*@
      [Hint] Please infer the loop invariant for the following loop.

      loop assigns current_sum, max_sum, i, curr_p, max_p, max_q;
    */
    for (i = 1; i < n; i++) {
        if (a[i] < current_sum + a[i]) {
            current_sum = current_sum + a[i];
        }
        else {
            current_sum = a[i];
            //@ ghost curr_p = i;
        }

        if (current_sum > max_sum) {
            max_sum = current_sum;
            //@ ghost max_p = curr_p;
            //@ ghost max_q = i+1;
        }
    }
    return max_sum;
}
You are an expert in program verification, and please generate loop invariant as C annotation comments at the hint location (annotated by "[Hint] Please infer the loop invariant for the following loop.") using ACSL language.
ACSL is a specification language for C programs that conforms to the design by contract paradigm, utilizing Hoare style pre- and postconditions and invariants. Note that the `loop invariant` clause is a condition that is true at the beginning and end of every loop iteration.
Specifically, for the current verification task:
    - Pre-condition: the function's `requires` clauses
    - Post-condition: e_1:\forall integer i, j; 0 <= i < j <= n ==> subarray_sum(a, i, j, n) <= \result; e_2:\exists integer i, j; 0 <= i < j <= n && \result == subarray_sum(a, i, j, n); 
Please verify that the generated loop invariant is consistent with these constraints. If these specific pre- or post-conditions are not provided or empty, please infer the loop invariant strictly based on the program's execution logic and standard correctness.
In order to get a correct answer, You may want to consider both the situation of not entering the loop and the situation of jumping out of the loop. If some of the pre-conditions are also loop invariant, you need to add them to your answer as well.
Use '&&', '||', '==>', '\forall' or '\exists' if necessary. For instance:
```
loop invariant 1 <= x;
loop invariant x == y;
loop invariant 0 < x ==> y <= z;
loop invariant z % 2 == 1 || x == y;
loop invariant z % 2 == 1 && x <= y;
loop invariant \forall integer k;  0 <= k < i ==> max >=  a[k];
loop invariant \exists integer k;  0 <= k < i &&  max == a[k];
loop invariant \forall integer p; 0 <= p < \at(k, End_l) ==> res[p] == \at(res[p], End_l);
```
Your answer should follow the following format:
```
loop invariant ...;
loop invariant ...;
...
```
No explanation. No commentary. Just show me the loop invariant.
 /no_think
--------------------------
----------Response----------
[unused16][unused17]loop invariant \exists integer i, j; 0 <= i < j <= n && subarray_sum(a, i, j, n) <= \result;

loop invariant \exists integer i, j; 0 <= i < j <= n && subarray_sum(a, i, j, n) == \result;
----------------------------
------------Invariant Info-----------
LOOP A:
i_6: \exists integer i, j; 0 <= i < j <= n && subarray_sum(a, i, j, n) <= \result
i_7: \exists integer i, j; 0 <= i < j <= n && subarray_sum(a, i, j, n) == \result
------------------------------------
---------- Code with Invariants ----------
/*@
  logic integer subarray_sum(int* a, integer i, integer j, integer n) =
    (i >= 0 && j >= 0 && n > 0 && i < j && i < n && j <= n) ? subarray_sum(a, i, j - 1, n) + a[j - 1] : 0;
*/

/*@
  requires \valid_read(a+(0..n-1));
  requires n > 0;
  assigns \nothing;
  ensures e_1: \forall integer i, j; 0 <= i < j <= n ==> subarray_sum(a, i, j, n) <= \result;
  ensures e_2: \exists integer i, j; 0 <= i < j <= n && \result == subarray_sum(a, i, j, n);
*/
int _maximun_subarray(int a[], int n) {
    int current_sum = a[0];
    int max_sum = a[0];
    int i;
    //@ ghost int curr_p = 0;
    //@ ghost int max_p = 0, max_q = 1;
  // Loop A
    /*@
      loop invariant i_6: \exists integer i, j; 0 <= i < j <= n && subarray_sum(a, i, j, n) <= \result;

      loop invariant i_7: \exists integer i, j; 0 <= i < j <= n && subarray_sum(a, i, j, n) == \result;


      loop assigns current_sum, max_sum, i, curr_p, max_p, max_q;
    */
    for (i = 1; i < n; i++) {
        if (a[i] < current_sum + a[i]) {
            current_sum = current_sum + a[i];
        }
        else {
            current_sum = a[i];
            //@ ghost curr_p = i;
        }

        if (current_sum > max_sum) {
            max_sum = current_sum;
            //@ ghost max_p = curr_p;
            //@ ghost max_q = i+1;
        }
    }
    return max_sum;
}
------------------------------------------
Verification failed (Invalid), removing all invariants and retrying.
========== Attempt 3 ==========
----------Prompt----------

/*@
  logic integer subarray_sum(int* a, integer i, integer j, integer n) =
    (i >= 0 && j >= 0 && n > 0 && i < j && i < n && j <= n) ? subarray_sum(a, i, j - 1, n) + a[j - 1] : 0;
*/

/*@
  requires \valid_read(a+(0..n-1));
  requires n > 0;
  assigns \nothing;
  ensures e_1: \forall integer i, j; 0 <= i < j <= n ==> subarray_sum(a, i, j, n) <= \result;
  ensures e_2: \exists integer i, j; 0 <= i < j <= n && \result == subarray_sum(a, i, j, n);
*/
int _maximun_subarray(int a[], int n) {
    int current_sum = a[0];
    int max_sum = a[0];
    int i;
    //@ ghost int curr_p = 0;
    //@ ghost int max_p = 0, max_q = 1;
  // Loop A
    /*@
      [Hint] Please infer the loop invariant for the following loop.

      loop assigns current_sum, max_sum, i, curr_p, max_p, max_q;
    */
    for (i = 1; i < n; i++) {
        if (a[i] < current_sum + a[i]) {
            current_sum = current_sum + a[i];
        }
        else {
            current_sum = a[i];
            //@ ghost curr_p = i;
        }

        if (current_sum > max_sum) {
            max_sum = current_sum;
            //@ ghost max_p = curr_p;
            //@ ghost max_q = i+1;
        }
    }
    return max_sum;
}
You are an expert in program verification, and please generate loop invariant as C annotation comments at the hint location (annotated by "[Hint] Please infer the loop invariant for the following loop.") using ACSL language.
ACSL is a specification language for C programs that conforms to the design by contract paradigm, utilizing Hoare style pre- and postconditions and invariants. Note that the `loop invariant` clause is a condition that is true at the beginning and end of every loop iteration.
Specifically, for the current verification task:
    - Pre-condition: the function's `requires` clauses
    - Post-condition: e_1:\forall integer i, j; 0 <= i < j <= n ==> subarray_sum(a, i, j, n) <= \result; e_2:\exists integer i, j; 0 <= i < j <= n && \result == subarray_sum(a, i, j, n); 
Please verify that the generated loop invariant is consistent with these constraints. If these specific pre- or post-conditions are not provided or empty, please infer the loop invariant strictly based on the program's execution logic and standard correctness.
In order to get a correct answer, You may want to consider both the situation of not entering the loop and the situation of jumping out of the loop. If some of the pre-conditions are also loop invariant, you need to add them to your answer as well.
Use '&&', '||', '==>', '\forall' or '\exists' if necessary. For instance:
```
loop invariant 1 <= x;
loop invariant x == y;
loop invariant 0 < x ==> y <= z;
loop invariant z % 2 == 1 || x == y;
loop invariant z % 2 == 1 && x <= y;
loop invariant \forall integer k;  0 <= k < i ==> max >=  a[k];
loop invariant \exists integer k;  0 <= k < i &&  max == a[k];
loop invariant \forall integer p; 0 <= p < \at(k, End_l) ==> res[p] == \at(res[p], End_l);
```
Your answer should follow the following format:
```
loop invariant ...;
loop invariant ...;
...
```
No explanation. No commentary. Just show me the loop invariant.
 /no_think
--------------------------
----------Response----------
[unused16][unused17]loop invariant 1 < n;
loop invariant 0 <= i < n;
loop invariant current_sum == a[0] + \sum_{k=1}^i a[k] \, (a[k] < current_sum);
loop invariant max_sum == \max(\max_sum, \max(\sum_{k=0}^j a[k]));
loop invariant \forall integer j; j < i ==> \forall integer k, 0 <= k < j; \sum_{k=0}^k a[k] <= current_sum;
loop invariant \exists integer j; j >= i && \sum_{k=0}^j a[k] == max_sum;
loop invariant \exists integer j; j == i && current_sum == a[i];
```
----------------------------
------------Invariant Info-----------
LOOP A:
i_8: 1 < n
i_9: 0 <= i < n
i_10: current_sum == a[0] + \sum_{k=1}^i a[k] \, (a[k] < current_sum)
i_11: max_sum == \max(\max_sum, \max(\sum_{k=0}^j a[k]))
i_12: \forall integer j; j < i ==> \forall integer k, 0 <= k < j; \sum_{k=0}^k a[k] <= current_sum
i_13: \exists integer j; j >= i && \sum_{k=0}^j a[k] == max_sum
i_14: \exists integer j; j == i && current_sum == a[i]
------------------------------------
---------- Code with Invariants ----------
/*@
  logic integer subarray_sum(int* a, integer i, integer j, integer n) =
    (i >= 0 && j >= 0 && n > 0 && i < j && i < n && j <= n) ? subarray_sum(a, i, j - 1, n) + a[j - 1] : 0;
*/

/*@
  requires \valid_read(a+(0..n-1));
  requires n > 0;
  assigns \nothing;
  ensures e_1: \forall integer i, j; 0 <= i < j <= n ==> subarray_sum(a, i, j, n) <= \result;
  ensures e_2: \exists integer i, j; 0 <= i < j <= n && \result == subarray_sum(a, i, j, n);
*/
int _maximun_subarray(int a[], int n) {
    int current_sum = a[0];
    int max_sum = a[0];
    int i;
    //@ ghost int curr_p = 0;
    //@ ghost int max_p = 0, max_q = 1;
  // Loop A
    /*@
      loop invariant i_8: 1 < n;

      loop invariant i_9: 0 <= i < n;

      loop invariant i_10: current_sum == a[0] + \sum_{k=1}^i a[k] \, (a[k] < current_sum);

      loop invariant i_11: max_sum == \max(\max_sum, \max(\sum_{k=0}^j a[k]));

      loop invariant i_12: \forall integer j; j < i ==> \forall integer k, 0 <= k < j; \sum_{k=0}^k a[k] <= current_sum;

      loop invariant i_13: \exists integer j; j >= i && \sum_{k=0}^j a[k] == max_sum;

      loop invariant i_14: \exists integer j; j == i && current_sum == a[i];


      loop assigns current_sum, max_sum, i, curr_p, max_p, max_q;
    */
    for (i = 1; i < n; i++) {
        if (a[i] < current_sum + a[i]) {
            current_sum = current_sum + a[i];
        }
        else {
            current_sum = a[i];
            //@ ghost curr_p = i;
        }

        if (current_sum > max_sum) {
            max_sum = current_sum;
            //@ ghost max_p = curr_p;
            //@ ghost max_q = i+1;
        }
    }
    return max_sum;
}
------------------------------------------
Verification failed (Invalid), removing all invariants and retrying.
========== Attempt 4 ==========
----------Prompt----------

/*@
  logic integer subarray_sum(int* a, integer i, integer j, integer n) =
    (i >= 0 && j >= 0 && n > 0 && i < j && i < n && j <= n) ? subarray_sum(a, i, j - 1, n) + a[j - 1] : 0;
*/

/*@
  requires \valid_read(a+(0..n-1));
  requires n > 0;
  assigns \nothing;
  ensures e_1: \forall integer i, j; 0 <= i < j <= n ==> subarray_sum(a, i, j, n) <= \result;
  ensures e_2: \exists integer i, j; 0 <= i < j <= n && \result == subarray_sum(a, i, j, n);
*/
int _maximun_subarray(int a[], int n) {
    int current_sum = a[0];
    int max_sum = a[0];
    int i;
    //@ ghost int curr_p = 0;
    //@ ghost int max_p = 0, max_q = 1;
  // Loop A
    /*@
      [Hint] Please infer the loop invariant for the following loop.

      loop assigns current_sum, max_sum, i, curr_p, max_p, max_q;
    */
    for (i = 1; i < n; i++) {
        if (a[i] < current_sum + a[i]) {
            current_sum = current_sum + a[i];
        }
        else {
            current_sum = a[i];
            //@ ghost curr_p = i;
        }

        if (current_sum > max_sum) {
            max_sum = current_sum;
            //@ ghost max_p = curr_p;
            //@ ghost max_q = i+1;
        }
    }
    return max_sum;
}
You are an expert in program verification, and please generate loop invariant as C annotation comments at the hint location (annotated by "[Hint] Please infer the loop invariant for the following loop.") using ACSL language.
ACSL is a specification language for C programs that conforms to the design by contract paradigm, utilizing Hoare style pre- and postconditions and invariants. Note that the `loop invariant` clause is a condition that is true at the beginning and end of every loop iteration.
Specifically, for the current verification task:
    - Pre-condition: the function's `requires` clauses
    - Post-condition: e_1:\forall integer i, j; 0 <= i < j <= n ==> subarray_sum(a, i, j, n) <= \result; e_2:\exists integer i, j; 0 <= i < j <= n && \result == subarray_sum(a, i, j, n); 
Please verify that the generated loop invariant is consistent with these constraints. If these specific pre- or post-conditions are not provided or empty, please infer the loop invariant strictly based on the program's execution logic and standard correctness.
In order to get a correct answer, You may want to consider both the situation of not entering the loop and the situation of jumping out of the loop. If some of the pre-conditions are also loop invariant, you need to add them to your answer as well.
Use '&&', '||', '==>', '\forall' or '\exists' if necessary. For instance:
```
loop invariant 1 <= x;
loop invariant x == y;
loop invariant 0 < x ==> y <= z;
loop invariant z % 2 == 1 || x == y;
loop invariant z % 2 == 1 && x <= y;
loop invariant \forall integer k;  0 <= k < i ==> max >=  a[k];
loop invariant \exists integer k;  0 <= k < i &&  max == a[k];
loop invariant \forall integer p; 0 <= p < \at(k, End_l) ==> res[p] == \at(res[p], End_l);
```
Your answer should follow the following format:
```
loop invariant ...;
loop invariant ...;
...
```
No explanation. No commentary. Just show me the loop invariant.
 /no_think
--------------------------
----------Response----------
[unused16][unused17]loop invariant 1 < n && i < n;
loop invariant current_sum >= a[0];
loop invariant max_sum >= a[0];
loop invariant i >= 0 && i < n;
loop invariant current_sum <= subarray_sum(a, i, n, \result);
loop invariant max_sum <= \result;
loop invariant \exists integer j; 0 <= j <= n && subarray_sum(a, j, n, \result) == \result;
----------------------------
------------Invariant Info-----------
LOOP A:
i_15: 1 < n && i < n
i_16: current_sum >= a[0]
i_17: max_sum >= a[0]
i_18: i >= 0 && i < n
i_19: current_sum <= subarray_sum(a, i, n, \result)
i_20: max_sum <= \result
i_21: \exists integer j; 0 <= j <= n && subarray_sum(a, j, n, \result) == \result
------------------------------------
---------- Code with Invariants ----------
/*@
  logic integer subarray_sum(int* a, integer i, integer j, integer n) =
    (i >= 0 && j >= 0 && n > 0 && i < j && i < n && j <= n) ? subarray_sum(a, i, j - 1, n) + a[j - 1] : 0;
*/

/*@
  requires \valid_read(a+(0..n-1));
  requires n > 0;
  assigns \nothing;
  ensures e_1: \forall integer i, j; 0 <= i < j <= n ==> subarray_sum(a, i, j, n) <= \result;
  ensures e_2: \exists integer i, j; 0 <= i < j <= n && \result == subarray_sum(a, i, j, n);
*/
int _maximun_subarray(int a[], int n) {
    int current_sum = a[0];
    int max_sum = a[0];
    int i;
    //@ ghost int curr_p = 0;
    //@ ghost int max_p = 0, max_q = 1;
  // Loop A
    /*@
      loop invariant i_15: 1 < n && i < n;

      loop invariant i_16: current_sum >= a[0];

      loop invariant i_17: max_sum >= a[0];

      loop invariant i_18: i >= 0 && i < n;

      loop invariant i_19: current_sum <= subarray_sum(a, i, n, \result);

      loop invariant i_20: max_sum <= \result;

      loop invariant i_21: \exists integer j; 0 <= j <= n && subarray_sum(a, j, n, \result) == \result;


      loop assigns current_sum, max_sum, i, curr_p, max_p, max_q;
    */
    for (i = 1; i < n; i++) {
        if (a[i] < current_sum + a[i]) {
            current_sum = current_sum + a[i];
        }
        else {
            current_sum = a[i];
            //@ ghost curr_p = i;
        }

        if (current_sum > max_sum) {
            max_sum = current_sum;
            //@ ghost max_p = curr_p;
            //@ ghost max_q = i+1;
        }
    }
    return max_sum;
}
------------------------------------------
Verification failed (Invalid), removing all invariants and retrying.
========== Attempt 5 ==========
----------Prompt----------

/*@
  logic integer subarray_sum(int* a, integer i, integer j, integer n) =
    (i >= 0 && j >= 0 && n > 0 && i < j && i < n && j <= n) ? subarray_sum(a, i, j - 1, n) + a[j - 1] : 0;
*/

/*@
  requires \valid_read(a+(0..n-1));
  requires n > 0;
  assigns \nothing;
  ensures e_1: \forall integer i, j; 0 <= i < j <= n ==> subarray_sum(a, i, j, n) <= \result;
  ensures e_2: \exists integer i, j; 0 <= i < j <= n && \result == subarray_sum(a, i, j, n);
*/
int _maximun_subarray(int a[], int n) {
    int current_sum = a[0];
    int max_sum = a[0];
    int i;
    //@ ghost int curr_p = 0;
    //@ ghost int max_p = 0, max_q = 1;
  // Loop A
    /*@
      [Hint] Please infer the loop invariant for the following loop.

      loop assigns current_sum, max_sum, i, curr_p, max_p, max_q;
    */
    for (i = 1; i < n; i++) {
        if (a[i] < current_sum + a[i]) {
            current_sum = current_sum + a[i];
        }
        else {
            current_sum = a[i];
            //@ ghost curr_p = i;
        }

        if (current_sum > max_sum) {
            max_sum = current_sum;
            //@ ghost max_p = curr_p;
            //@ ghost max_q = i+1;
        }
    }
    return max_sum;
}
You are an expert in program verification, and please generate loop invariant as C annotation comments at the hint location (annotated by "[Hint] Please infer the loop invariant for the following loop.") using ACSL language.
ACSL is a specification language for C programs that conforms to the design by contract paradigm, utilizing Hoare style pre- and postconditions and invariants. Note that the `loop invariant` clause is a condition that is true at the beginning and end of every loop iteration.
Specifically, for the current verification task:
    - Pre-condition: the function's `requires` clauses
    - Post-condition: e_1:\forall integer i, j; 0 <= i < j <= n ==> subarray_sum(a, i, j, n) <= \result; e_2:\exists integer i, j; 0 <= i < j <= n && \result == subarray_sum(a, i, j, n); 
Please verify that the generated loop invariant is consistent with these constraints. If these specific pre- or post-conditions are not provided or empty, please infer the loop invariant strictly based on the program's execution logic and standard correctness.
In order to get a correct answer, You may want to consider both the situation of not entering the loop and the situation of jumping out of the loop. If some of the pre-conditions are also loop invariant, you need to add them to your answer as well.
Use '&&', '||', '==>', '\forall' or '\exists' if necessary. For instance:
```
loop invariant 1 <= x;
loop invariant x == y;
loop invariant 0 < x ==> y <= z;
loop invariant z % 2 == 1 || x == y;
loop invariant z % 2 == 1 && x <= y;
loop invariant \forall integer k;  0 <= k < i ==> max >=  a[k];
loop invariant \exists integer k;  0 <= k < i &&  max == a[k];
loop invariant \forall integer p; 0 <= p < \at(k, End_l) ==> res[p] == \at(res[p], End_l);
```
Your answer should follow the following format:
```
loop invariant ...;
loop invariant ...;
...
```
No explanation. No commentary. Just show me the loop invariant.
 /no_think
--------------------------
----------Response----------
[unused16][unused17]loop invariant current_sum == a[0] + sum_{k=1}^i a[k] * (a[k] < a[0] + a[1] + ... + a[i])? No, that's not correct. Let me think about this step by step.

In the loop, the current_sum is being updated as follows: if a[i] is less than the current_sum plus a[i], then current_sum is updated by adding a[i]. Otherwise, current_sum is set to a[i]. This looks like the Kadane's algorithm for maximum subarray sum, where we're trying to keep track of the maximum sum ending at the current position.

Let's analyze the loop invariant. At the start of the loop, current_sum is set to a[0], and max_sum is set to a[0]. Then for each i from 1 to n-1, we update current_sum based on the condition a[i] < current_sum + a[i]. This can be rewritten as current_sum = current_sum + a[i] if a[i] < current_sum + a[i], otherwise current_sum = a[i].

The loop invariant should capture the state of current_sum and max_sum at the end of each iteration. Let's denote the state at the end of iteration i as (current_sum, max_sum). The loop invariant should be a property that holds at the beginning of each iteration and is preserved by the iteration.

Let's try to find a pattern. At the end of iteration i, current_sum is the maximum sum of a contiguous subarray ending at i, and max_sum is the maximum of these sums up to i.

The loop invariant could be that current_sum is always the maximum sum of a contiguous subarray ending at the current index, and max_sum is the maximum of these sums up to the current index. But that's essentially the definition of the algorithm, not really an invariant in the traditional sense.

Perhaps the invariant is that max_sum is the maximum sum of a contiguous subarray ending at or before the current index. Let's see if this holds.

At the start, before the loop, max_sum = a[0], which is the maximum sum of a contiguous subarray ending at index 0.

After the first iteration (i=1), if a[1] < a[0] + a[1], then current_sum becomes a[0] + a[1], and max_sum is updated to max(a[0], a[0] + a[1]). Otherwise, current_sum becomes a[1], and max_sum is max(a[0], a[1]).

In both cases, max_sum is the maximum sum of a contiguous subarray ending at or before index 1.

Similarly, at the end of the loop, max_sum should be the maximum sum of a contiguous subarray ending at or before index n-1.

So the loop invariant could be:

After iteration i, max_sum is the maximum sum of a contiguous subarray ending at or before index i.

This seems to hold initially and is preserved by the iteration.

Let's formalize it:

Precondition: At the start of the loop, max_sum is the maximum sum of a contiguous subarray ending at or before index i-1.

Action: Update current_sum based on a[i], then update max_sum if current_sum is greater than max_sum.

Postcondition: After iteration, max_sum is the maximum sum of a contiguous subarray ending at or before index i.

This seems to work.

Another way to look at it is that max_sum is always the maximum sum of a contiguous subarray ending at any index up to the current one.

This is essentially the invariant maintained by the algorithm.

So, the loop invariant should be:

max_sum is the maximum sum of a contiguous subarray ending at or before the current index.

But let's see if we can write it more formally.

Let S_i be the set of all contiguous subarrays ending at index i. Let M_i be the maximum sum in S_i.

At the start of the loop, i=1, M_0 = a[0], max_sum = M_0.

After iteration 1, current_sum is either a[0]+a[1] or a[1], which is M_1 (since M_1 = max(a[0]+a[1], a[1]) if a[1] < a[0]+a[1], otherwise M_1 = a[1]).

Then max_sum is max(M_0, M_1).

Similarly for subsequent iterations.

So the invariant is that max_sum = max_{0 <= k <= i} M_k, where M_k is the maximum sum of a contiguous subarray ending at k.

But this is a bit complex to express in ACSL.

Perhaps we can say:

loop invariant max_sum is the maximum sum of a contiguous subarray ending at or before the current index.

This seems to work.

Let's check the postcondition e_1: for all i, j, 0 <= i < j <= n, subarray_sum(a, i, j, n) <= max_sum.

Wait, no. The postcondition is about subarray_sum, which is a helper function, not the max_sum in the function.

Looking back at the postcondition:

ensures e_1: \forall integer i, j; 0 <= i < j <= n ==> subarray_sum(a, i, j, n) <= \result;

But \result is not defined in the requires section. It seems like \result is meant to be the return value of _maximun_subarray, which is max_sum.

But subarray_sum is a function that returns the sum of a subarray, not the max_sum.

This seems like a mistake in the problem statement.

Perhaps the postcondition is meant to say that for any i, j, the maximum subarray sum of a[i..j] is <= max_sum, where max_sum is the actual maximum subarray sum.

But that would be trivially true since max_sum is the maximum possible.

This seems confusing.

Perhaps the postcondition is about the invariant used by the algorithm.

Given the confusion, I think the intended invariant is that max_sum is the maximum sum of a contiguous subarray ending at or before the current index.

So I'll go with that.

So the loop invariant is:

max_sum is the maximum sum of a contiguous subarray ending at or before the current index.

But let's see if we can write it in ACSL.

Perhaps:

loop invariant max_sum is the maximum sum of a contiguous subarray ending at or before i.

But ACSL might not like the "or" part.

Maybe we can say:

loop invariant max_sum >= any contiguous subarray sum up to i.

But that's not precise.

Given the time, I'll go with:

loop invariant max_sum is the maximum sum of a contiguous subarray ending at or before the current index.

But since the output should be only the invariant without explanation, and in the format:

loop invariant ...;

I think I should just state it as:

loop invariant max_sum is the maximum sum of a contiguous subarray ending at or before the current index;

But perhaps the simpler way is to say that max_sum is the maximum sum of a contiguous subarray ending at any index up to i.

But let's look at the initial state: at i=0, max_sum = a[0], which is the sum of the subarray [0..0].

At the end of the loop, max_sum is the maximum sum of a contiguous subarray in the entire array.

But during the loop, max_sum is updated to be the maximum of the previous max_sum and current_sum, where current_sum is the sum of a contiguous subarray ending at i.

So yes, after each iteration, max_sum is the maximum sum of a contiguous subarray ending at or before i.

So I think that's the invariant.

So the answer should be:

loop invariant max_sum is the maximum sum of a contiguous subarray ending at or before index i;

But in the output format, it should be just the invariant.

So I'll go with that.[unused17]loop invariant max_sum is the maximum sum of a contiguous subarray ending at or before the current index i;
----------------------------
------------Invariant Info-----------
LOOP A:
i_22: max_sum is the maximum sum of a contiguous subarray ending at or before the current index i
------------------------------------
---------- Code with Invariants ----------
/*@
  logic integer subarray_sum(int* a, integer i, integer j, integer n) =
    (i >= 0 && j >= 0 && n > 0 && i < j && i < n && j <= n) ? subarray_sum(a, i, j - 1, n) + a[j - 1] : 0;
*/

/*@
  requires \valid_read(a+(0..n-1));
  requires n > 0;
  assigns \nothing;
  ensures e_1: \forall integer i, j; 0 <= i < j <= n ==> subarray_sum(a, i, j, n) <= \result;
  ensures e_2: \exists integer i, j; 0 <= i < j <= n && \result == subarray_sum(a, i, j, n);
*/
int _maximun_subarray(int a[], int n) {
    int current_sum = a[0];
    int max_sum = a[0];
    int i;
    //@ ghost int curr_p = 0;
    //@ ghost int max_p = 0, max_q = 1;
  // Loop A
    /*@
      loop invariant i_22: max_sum is the maximum sum of a contiguous subarray ending at or before the current index i;


      loop assigns current_sum, max_sum, i, curr_p, max_p, max_q;
    */
    for (i = 1; i < n; i++) {
        if (a[i] < current_sum + a[i]) {
            current_sum = current_sum + a[i];
        }
        else {
            current_sum = a[i];
            //@ ghost curr_p = i;
        }

        if (current_sum > max_sum) {
            max_sum = current_sum;
            //@ ghost max_p = curr_p;
            //@ ghost max_q = i+1;
        }
    }
    return max_sum;
}
------------------------------------------
Verification failed (Invalid), removing all invariants and retrying.
Verification failed: reached maximum attempts.
---------Result---------
Fail
Model: openPangu-Embedded-7B-V1.1
Running time: 300.3540668487549
Proposal number: 5
Verified code:

------------------------
