-----------Model-----------
Model type:
PanguEmbeddedForCausalLM(
  (model): PanguEmbeddedModel(
    (embed_tokens): Embedding(153376, 4096, padding_idx=0)
    (layers): ModuleList(
      (0-33): 34 x PanguEmbeddedDecoderLayer(
        (self_attn): PanguEmbeddedAttention(
          (q_proj): Linear(in_features=4096, out_features=4096, bias=True)
          (k_proj): Linear(in_features=4096, out_features=1024, bias=True)
          (v_proj): Linear(in_features=4096, out_features=1024, bias=True)
          (o_proj): Linear(in_features=4096, out_features=4096, bias=True)
        )
        (mlp): PanguEmbeddedMLP(
          (gate_proj): Linear(in_features=4096, out_features=12800, bias=False)
          (up_proj): Linear(in_features=4096, out_features=12800, bias=False)
          (down_proj): Linear(in_features=12800, out_features=4096, bias=False)
          (act_fn): SiLU()
        )
        (input_layernorm): PanguEmbeddedRMSNorm((4096,), eps=1e-05)
        (post_attention_layernorm): PanguEmbeddedRMSNorm((4096,), eps=1e-05)
      )
    )
    (norm): PanguEmbeddedRMSNorm((4096,), eps=1e-05)
    (rotary_emb): PanguEmbeddedRotaryEmbedding()
  )
  (lm_head): Linear(in_features=4096, out_features=153376, bias=False)
)
Model device:
npu:1
---------------------------
File Path: ../Benchmark/acsl-algorithms/_max_profit.c
----------Code----------

/*@
    predicate is_max(integer a, integer b, integer result) =
        result >= a && 
        result >= b && 
        (result == a || result == b);
*/

/*@
    assigns \nothing;
    ensures is_max(a, b, \result);
*/
int max(int a, int b) {
  int max_val = a >= b ? a : b;
  return max_val;
}

/*@
    predicate is_min(integer a, integer b, integer result) =
        result <= a && 
        result <= b && 
        (result == a || result == b);
*/

/*@
    assigns \nothing;
    ensures is_min(a, b, \result);
*/
int min(int a, int b) {
  int min_val = a >= b ? b : a;
  return min_val;
}

/*@
    requires n > 0;
    requires \valid(prices + (0..(n-1)));
    assigns \nothing;
    ensures e_1: \forall integer p, q; 0 < p < q < n ==> \result >= prices[q] - prices[p];
*/
int _max_profit(int* prices, int n) {
    int minprice = 2147483647, maxprofit = 0;

    /*@
        loop assigns i, maxprofit, minprice;
    */
    for (int i = 0; i < n ; i++) {
        int price = prices[i];
        maxprofit = max(maxprofit, price - minprice);
        minprice = min(price, minprice);
    }
    return maxprofit;
}
------------------------
----------Prompt----------


/*@
    predicate is_max(integer a, integer b, integer result) =
        result >= a && 
        result >= b && 
        (result == a || result == b);
*/

/*@
    assigns \nothing;
    ensures is_max(a, b, \result);
*/
int max(int a, int b) {
  int max_val = a >= b ? a : b;
  return max_val;
}

/*@
    predicate is_min(integer a, integer b, integer result) =
        result <= a && 
        result <= b && 
        (result == a || result == b);
*/

/*@
    assigns \nothing;
    ensures is_min(a, b, \result);
*/
int min(int a, int b) {
  int min_val = a >= b ? b : a;
  return min_val;
}

/*@
    requires n > 0;
    requires \valid(prices + (0..(n-1)));
    assigns \nothing;
    ensures e_1: \forall integer p, q; 0 < p < q < n ==> \result >= prices[q] - prices[p];
*/
int _max_profit(int* prices, int n) {
    int minprice = 2147483647, maxprofit = 0;

    // Loop A
    /*@
        [Hint] Please infer the loop invariant for the following loop.

        loop assigns i, maxprofit, minprice;
    */
    for (int i = 0; i < n ; i++) {
        int price = prices[i];
        maxprofit = max(maxprofit, price - minprice);
        minprice = min(price, minprice);
    }
    return maxprofit;
}
You are an expert in program verification, and please generate loop invariant as C annotation comments at the hint location (annotated by "[Hint] Please infer the loop invariant for the following loop.") using ACSL language.
ACSL is a specification language for C programs that conforms to the design by contract paradigm, utilizing Hoare style pre- and postconditions and invariants. Note that the `loop invariant` clause is a condition that is true at the beginning and end of every loop iteration.
Specifically, for the current verification task:
    - Pre-condition: the function's `requires` clauses
    - Post-condition: e_1:\forall integer p, q; 0 < p < q < n ==> \result >= prices[q] - prices[p]; 
Please verify that the generated loop invariant is consistent with these constraints. If these specific pre- or post-conditions are not provided or empty, please infer the loop invariant strictly based on the program's execution logic and standard correctness.
In order to get a correct answer, You may want to consider both the situation of not entering the loop and the situation of jumping out of the loop. If some of the pre-conditions are also loop invariant, you need to add them to your answer as well.
Use '&&', '||', '==>', '\forall' or '\exists' if necessary. For instance:
```
loop invariant 1 <= x;
loop invariant x == y;
loop invariant 0 < x ==> y <= z;
loop invariant z % 2 == 1 || x == y;
loop invariant z % 2 == 1 && x <= y;
loop invariant \forall integer k;  0 <= k < i ==> max >=  a[k];
loop invariant \exists integer k;  0 <= k < i &&  max == a[k];
loop invariant \forall integer p; 0 <= p < \at(k, End_l) ==> res[p] == \at(res[p], End_l);
```
Your answer should follow the following format:
```
loop invariant ...;
loop invariant ...;
...
```
No explanation. No commentary. Just show me the loop invariant.
 /no_think
--------------------------
----------Response----------
[unused16][unused17]loop invariant 0 <= i < n;
loop invariant maxprofit >= a_max; 
loop invariant minprice <= a_max;
loop invariant maxprofit <= a_max;
loop invariant \forall i; 0 <= i < n ==> maxprofit >= \max(a[i], maxprofit);
loop invariant \forall i; 0 <= i < n ==> minprice <= \min(a[i], minprice);
loop invariant \forall i; 0 <= i < n && maxprofit <= \max(a[i], maxprofit) && minprice <= \min(a[i], minprice);
loop invariant \forall i; 0 <= i < n && maxprofit >= a[i] && minprice <= a[i];
loop invariant \forall i; 0 <= i < n && maxprofit >= \max(a[i], maxprofit) && minprice <= \min(a[i], minprice);
loop invariant \forall i; 0 <= i < n ==> maxprofit >= a[i];
loop invariant \forall i; 0 <= i < n ==> minprice <= a[i];
----------------------------
------------Invariant Info-----------
LOOP A:
i_0: 0 <= i < n
i_1: maxprofit >= a_max
i_2: minprice <= a_max
i_3: maxprofit <= a_max
i_4: \forall i; 0 <= i < n ==> maxprofit >= \max(a[i], maxprofit)
i_5: \forall i; 0 <= i < n ==> minprice <= \min(a[i], minprice)
i_6: \forall i; 0 <= i < n && maxprofit <= \max(a[i], maxprofit) && minprice <= \min(a[i], minprice)
i_7: \forall i; 0 <= i < n && maxprofit >= a[i] && minprice <= a[i]
i_8: \forall i; 0 <= i < n && maxprofit >= \max(a[i], maxprofit) && minprice <= \min(a[i], minprice)
i_9: \forall i; 0 <= i < n ==> maxprofit >= a[i]
i_10: \forall i; 0 <= i < n ==> minprice <= a[i]
------------------------------------
----------Code with Invariants----------

/*@
    predicate is_max(integer a, integer b, integer result) =
        result >= a && 
        result >= b && 
        (result == a || result == b);
*/

/*@
    assigns \nothing;
    ensures is_max(a, b, \result);
*/
int max(int a, int b) {
  int max_val = a >= b ? a : b;
  return max_val;
}

/*@
    predicate is_min(integer a, integer b, integer result) =
        result <= a && 
        result <= b && 
        (result == a || result == b);
*/

/*@
    assigns \nothing;
    ensures is_min(a, b, \result);
*/
int min(int a, int b) {
  int min_val = a >= b ? b : a;
  return min_val;
}

/*@
    requires n > 0;
    requires \valid(prices + (0..(n-1)));
    assigns \nothing;
    ensures e_1: \forall integer p, q; 0 < p < q < n ==> \result >= prices[q] - prices[p];
*/
int _max_profit(int* prices, int n) {
    int minprice = 2147483647, maxprofit = 0;

    // Loop A
    /*@
        loop invariant i_0: 0 <= i < n;

        loop invariant i_1: maxprofit >= a_max;

        loop invariant i_2: minprice <= a_max;

        loop invariant i_3: maxprofit <= a_max;

        loop invariant i_4: \forall i; 0 <= i < n ==> maxprofit >= \max(a[i], maxprofit);

        loop invariant i_5: \forall i; 0 <= i < n ==> minprice <= \min(a[i], minprice);

        loop invariant i_6: \forall i; 0 <= i < n && maxprofit <= \max(a[i], maxprofit) && minprice <= \min(a[i], minprice);

        loop invariant i_7: \forall i; 0 <= i < n && maxprofit >= a[i] && minprice <= a[i];

        loop invariant i_8: \forall i; 0 <= i < n && maxprofit >= \max(a[i], maxprofit) && minprice <= \min(a[i], minprice);

        loop invariant i_9: \forall i; 0 <= i < n ==> maxprofit >= a[i];

        loop invariant i_10: \forall i; 0 <= i < n ==> minprice <= a[i];


        loop assigns i, maxprofit, minprice;
    */
    for (int i = 0; i < n ; i++) {
        int price = prices[i];
        maxprofit = max(maxprofit, price - minprice);
        minprice = min(price, minprice);
    }
    return maxprofit;
}
----------------------------------------
------------Invariant Info-----------
LOOP A:
i_0: 0 <= i < n
i_1: maxprofit >= a_max
i_2: minprice <= a_max
i_3: maxprofit <= a_max
i_5: \forall i; 0 <= i < n ==> minprice <= \min(a[i], minprice)
i_6: \forall i; 0 <= i < n && maxprofit <= \max(a[i], maxprofit) && minprice <= \min(a[i], minprice)
i_7: \forall i; 0 <= i < n && maxprofit >= a[i] && minprice <= a[i]
i_8: \forall i; 0 <= i < n && maxprofit >= \max(a[i], maxprofit) && minprice <= \min(a[i], minprice)
i_9: \forall i; 0 <= i < n ==> maxprofit >= a[i]
i_10: \forall i; 0 <= i < n ==> minprice <= a[i]
------------------------------------
----------Code with Invariants----------

/*@
    predicate is_max(integer a, integer b, integer result) =
        result >= a && 
        result >= b && 
        (result == a || result == b);
*/

/*@
    assigns \nothing;
    ensures is_max(a, b, \result);
*/
int max(int a, int b) {
  int max_val = a >= b ? a : b;
  return max_val;
}

/*@
    predicate is_min(integer a, integer b, integer result) =
        result <= a && 
        result <= b && 
        (result == a || result == b);
*/

/*@
    assigns \nothing;
    ensures is_min(a, b, \result);
*/
int min(int a, int b) {
  int min_val = a >= b ? b : a;
  return min_val;
}

/*@
    requires n > 0;
    requires \valid(prices + (0..(n-1)));
    assigns \nothing;
    ensures e_1: \forall integer p, q; 0 < p < q < n ==> \result >= prices[q] - prices[p];
*/
int _max_profit(int* prices, int n) {
    int minprice = 2147483647, maxprofit = 0;

    // Loop A
    /*@
        loop invariant i_0: 0 <= i < n;

        loop invariant i_1: maxprofit >= a_max;

        loop invariant i_2: minprice <= a_max;

        loop invariant i_3: maxprofit <= a_max;

        loop invariant i_5: \forall i; 0 <= i < n ==> minprice <= \min(a[i], minprice);

        loop invariant i_6: \forall i; 0 <= i < n && maxprofit <= \max(a[i], maxprofit) && minprice <= \min(a[i], minprice);

        loop invariant i_7: \forall i; 0 <= i < n && maxprofit >= a[i] && minprice <= a[i];

        loop invariant i_8: \forall i; 0 <= i < n && maxprofit >= \max(a[i], maxprofit) && minprice <= \min(a[i], minprice);

        loop invariant i_9: \forall i; 0 <= i < n ==> maxprofit >= a[i];

        loop invariant i_10: \forall i; 0 <= i < n ==> minprice <= a[i];


        loop assigns i, maxprofit, minprice;
    */
    for (int i = 0; i < n ; i++) {
        int price = prices[i];
        maxprofit = max(maxprofit, price - minprice);
        minprice = min(price, minprice);
    }
    return maxprofit;
}
----------------------------------------
------------Invariant Info-----------
LOOP A:
i_0: 0 <= i < n
i_1: maxprofit >= a_max
i_2: minprice <= a_max
i_3: maxprofit <= a_max
i_6: \forall i; 0 <= i < n && maxprofit <= \max(a[i], maxprofit) && minprice <= \min(a[i], minprice)
i_7: \forall i; 0 <= i < n && maxprofit >= a[i] && minprice <= a[i]
i_8: \forall i; 0 <= i < n && maxprofit >= \max(a[i], maxprofit) && minprice <= \min(a[i], minprice)
i_9: \forall i; 0 <= i < n ==> maxprofit >= a[i]
i_10: \forall i; 0 <= i < n ==> minprice <= a[i]
------------------------------------
----------Code with Invariants----------

/*@
    predicate is_max(integer a, integer b, integer result) =
        result >= a && 
        result >= b && 
        (result == a || result == b);
*/

/*@
    assigns \nothing;
    ensures is_max(a, b, \result);
*/
int max(int a, int b) {
  int max_val = a >= b ? a : b;
  return max_val;
}

/*@
    predicate is_min(integer a, integer b, integer result) =
        result <= a && 
        result <= b && 
        (result == a || result == b);
*/

/*@
    assigns \nothing;
    ensures is_min(a, b, \result);
*/
int min(int a, int b) {
  int min_val = a >= b ? b : a;
  return min_val;
}

/*@
    requires n > 0;
    requires \valid(prices + (0..(n-1)));
    assigns \nothing;
    ensures e_1: \forall integer p, q; 0 < p < q < n ==> \result >= prices[q] - prices[p];
*/
int _max_profit(int* prices, int n) {
    int minprice = 2147483647, maxprofit = 0;

    // Loop A
    /*@
        loop invariant i_0: 0 <= i < n;

        loop invariant i_1: maxprofit >= a_max;

        loop invariant i_2: minprice <= a_max;

        loop invariant i_3: maxprofit <= a_max;

        loop invariant i_6: \forall i; 0 <= i < n && maxprofit <= \max(a[i], maxprofit) && minprice <= \min(a[i], minprice);

        loop invariant i_7: \forall i; 0 <= i < n && maxprofit >= a[i] && minprice <= a[i];

        loop invariant i_8: \forall i; 0 <= i < n && maxprofit >= \max(a[i], maxprofit) && minprice <= \min(a[i], minprice);

        loop invariant i_9: \forall i; 0 <= i < n ==> maxprofit >= a[i];

        loop invariant i_10: \forall i; 0 <= i < n ==> minprice <= a[i];


        loop assigns i, maxprofit, minprice;
    */
    for (int i = 0; i < n ; i++) {
        int price = prices[i];
        maxprofit = max(maxprofit, price - minprice);
        minprice = min(price, minprice);
    }
    return maxprofit;
}
----------------------------------------
------------Invariant Info-----------
LOOP A:
i_0: 0 <= i < n
i_1: maxprofit >= a_max
i_2: minprice <= a_max
i_3: maxprofit <= a_max
i_7: \forall i; 0 <= i < n && maxprofit >= a[i] && minprice <= a[i]
i_8: \forall i; 0 <= i < n && maxprofit >= \max(a[i], maxprofit) && minprice <= \min(a[i], minprice)
i_9: \forall i; 0 <= i < n ==> maxprofit >= a[i]
i_10: \forall i; 0 <= i < n ==> minprice <= a[i]
------------------------------------
----------Code with Invariants----------

/*@
    predicate is_max(integer a, integer b, integer result) =
        result >= a && 
        result >= b && 
        (result == a || result == b);
*/

/*@
    assigns \nothing;
    ensures is_max(a, b, \result);
*/
int max(int a, int b) {
  int max_val = a >= b ? a : b;
  return max_val;
}

/*@
    predicate is_min(integer a, integer b, integer result) =
        result <= a && 
        result <= b && 
        (result == a || result == b);
*/

/*@
    assigns \nothing;
    ensures is_min(a, b, \result);
*/
int min(int a, int b) {
  int min_val = a >= b ? b : a;
  return min_val;
}

/*@
    requires n > 0;
    requires \valid(prices + (0..(n-1)));
    assigns \nothing;
    ensures e_1: \forall integer p, q; 0 < p < q < n ==> \result >= prices[q] - prices[p];
*/
int _max_profit(int* prices, int n) {
    int minprice = 2147483647, maxprofit = 0;

    // Loop A
    /*@
        loop invariant i_0: 0 <= i < n;

        loop invariant i_1: maxprofit >= a_max;

        loop invariant i_2: minprice <= a_max;

        loop invariant i_3: maxprofit <= a_max;

        loop invariant i_7: \forall i; 0 <= i < n && maxprofit >= a[i] && minprice <= a[i];

        loop invariant i_8: \forall i; 0 <= i < n && maxprofit >= \max(a[i], maxprofit) && minprice <= \min(a[i], minprice);

        loop invariant i_9: \forall i; 0 <= i < n ==> maxprofit >= a[i];

        loop invariant i_10: \forall i; 0 <= i < n ==> minprice <= a[i];


        loop assigns i, maxprofit, minprice;
    */
    for (int i = 0; i < n ; i++) {
        int price = prices[i];
        maxprofit = max(maxprofit, price - minprice);
        minprice = min(price, minprice);
    }
    return maxprofit;
}
----------------------------------------
------------Invariant Info-----------
LOOP A:
i_0: 0 <= i < n
i_1: maxprofit >= a_max
i_2: minprice <= a_max
i_3: maxprofit <= a_max
i_8: \forall i; 0 <= i < n && maxprofit >= \max(a[i], maxprofit) && minprice <= \min(a[i], minprice)
i_9: \forall i; 0 <= i < n ==> maxprofit >= a[i]
i_10: \forall i; 0 <= i < n ==> minprice <= a[i]
------------------------------------
----------Code with Invariants----------

/*@
    predicate is_max(integer a, integer b, integer result) =
        result >= a && 
        result >= b && 
        (result == a || result == b);
*/

/*@
    assigns \nothing;
    ensures is_max(a, b, \result);
*/
int max(int a, int b) {
  int max_val = a >= b ? a : b;
  return max_val;
}

/*@
    predicate is_min(integer a, integer b, integer result) =
        result <= a && 
        result <= b && 
        (result == a || result == b);
*/

/*@
    assigns \nothing;
    ensures is_min(a, b, \result);
*/
int min(int a, int b) {
  int min_val = a >= b ? b : a;
  return min_val;
}

/*@
    requires n > 0;
    requires \valid(prices + (0..(n-1)));
    assigns \nothing;
    ensures e_1: \forall integer p, q; 0 < p < q < n ==> \result >= prices[q] - prices[p];
*/
int _max_profit(int* prices, int n) {
    int minprice = 2147483647, maxprofit = 0;

    // Loop A
    /*@
        loop invariant i_0: 0 <= i < n;

        loop invariant i_1: maxprofit >= a_max;

        loop invariant i_2: minprice <= a_max;

        loop invariant i_3: maxprofit <= a_max;

        loop invariant i_8: \forall i; 0 <= i < n && maxprofit >= \max(a[i], maxprofit) && minprice <= \min(a[i], minprice);

        loop invariant i_9: \forall i; 0 <= i < n ==> maxprofit >= a[i];

        loop invariant i_10: \forall i; 0 <= i < n ==> minprice <= a[i];


        loop assigns i, maxprofit, minprice;
    */
    for (int i = 0; i < n ; i++) {
        int price = prices[i];
        maxprofit = max(maxprofit, price - minprice);
        minprice = min(price, minprice);
    }
    return maxprofit;
}
----------------------------------------
------------Invariant Info-----------
LOOP A:
i_0: 0 <= i < n
i_1: maxprofit >= a_max
i_2: minprice <= a_max
i_3: maxprofit <= a_max
i_9: \forall i; 0 <= i < n ==> maxprofit >= a[i]
i_10: \forall i; 0 <= i < n ==> minprice <= a[i]
------------------------------------
----------Code with Invariants----------

/*@
    predicate is_max(integer a, integer b, integer result) =
        result >= a && 
        result >= b && 
        (result == a || result == b);
*/

/*@
    assigns \nothing;
    ensures is_max(a, b, \result);
*/
int max(int a, int b) {
  int max_val = a >= b ? a : b;
  return max_val;
}

/*@
    predicate is_min(integer a, integer b, integer result) =
        result <= a && 
        result <= b && 
        (result == a || result == b);
*/

/*@
    assigns \nothing;
    ensures is_min(a, b, \result);
*/
int min(int a, int b) {
  int min_val = a >= b ? b : a;
  return min_val;
}

/*@
    requires n > 0;
    requires \valid(prices + (0..(n-1)));
    assigns \nothing;
    ensures e_1: \forall integer p, q; 0 < p < q < n ==> \result >= prices[q] - prices[p];
*/
int _max_profit(int* prices, int n) {
    int minprice = 2147483647, maxprofit = 0;

    // Loop A
    /*@
        loop invariant i_0: 0 <= i < n;

        loop invariant i_1: maxprofit >= a_max;

        loop invariant i_2: minprice <= a_max;

        loop invariant i_3: maxprofit <= a_max;

        loop invariant i_9: \forall i; 0 <= i < n ==> maxprofit >= a[i];

        loop invariant i_10: \forall i; 0 <= i < n ==> minprice <= a[i];


        loop assigns i, maxprofit, minprice;
    */
    for (int i = 0; i < n ; i++) {
        int price = prices[i];
        maxprofit = max(maxprofit, price - minprice);
        minprice = min(price, minprice);
    }
    return maxprofit;
}
----------------------------------------
------------Invariant Info-----------
LOOP A:
i_0: 0 <= i < n
i_1: maxprofit >= a_max
i_2: minprice <= a_max
i_3: maxprofit <= a_max
i_10: \forall i; 0 <= i < n ==> minprice <= a[i]
------------------------------------
----------Code with Invariants----------

/*@
    predicate is_max(integer a, integer b, integer result) =
        result >= a && 
        result >= b && 
        (result == a || result == b);
*/

/*@
    assigns \nothing;
    ensures is_max(a, b, \result);
*/
int max(int a, int b) {
  int max_val = a >= b ? a : b;
  return max_val;
}

/*@
    predicate is_min(integer a, integer b, integer result) =
        result <= a && 
        result <= b && 
        (result == a || result == b);
*/

/*@
    assigns \nothing;
    ensures is_min(a, b, \result);
*/
int min(int a, int b) {
  int min_val = a >= b ? b : a;
  return min_val;
}

/*@
    requires n > 0;
    requires \valid(prices + (0..(n-1)));
    assigns \nothing;
    ensures e_1: \forall integer p, q; 0 < p < q < n ==> \result >= prices[q] - prices[p];
*/
int _max_profit(int* prices, int n) {
    int minprice = 2147483647, maxprofit = 0;

    // Loop A
    /*@
        loop invariant i_0: 0 <= i < n;

        loop invariant i_1: maxprofit >= a_max;

        loop invariant i_2: minprice <= a_max;

        loop invariant i_3: maxprofit <= a_max;

        loop invariant i_10: \forall i; 0 <= i < n ==> minprice <= a[i];


        loop assigns i, maxprofit, minprice;
    */
    for (int i = 0; i < n ; i++) {
        int price = prices[i];
        maxprofit = max(maxprofit, price - minprice);
        minprice = min(price, minprice);
    }
    return maxprofit;
}
----------------------------------------
------------Invariant Info-----------
LOOP A:
i_0: 0 <= i < n
i_1: maxprofit >= a_max
i_2: minprice <= a_max
i_3: maxprofit <= a_max
------------------------------------
----------Code with Invariants----------

/*@
    predicate is_max(integer a, integer b, integer result) =
        result >= a && 
        result >= b && 
        (result == a || result == b);
*/

/*@
    assigns \nothing;
    ensures is_max(a, b, \result);
*/
int max(int a, int b) {
  int max_val = a >= b ? a : b;
  return max_val;
}

/*@
    predicate is_min(integer a, integer b, integer result) =
        result <= a && 
        result <= b && 
        (result == a || result == b);
*/

/*@
    assigns \nothing;
    ensures is_min(a, b, \result);
*/
int min(int a, int b) {
  int min_val = a >= b ? b : a;
  return min_val;
}

/*@
    requires n > 0;
    requires \valid(prices + (0..(n-1)));
    assigns \nothing;
    ensures e_1: \forall integer p, q; 0 < p < q < n ==> \result >= prices[q] - prices[p];
*/
int _max_profit(int* prices, int n) {
    int minprice = 2147483647, maxprofit = 0;

    // Loop A
    /*@
        loop invariant i_0: 0 <= i < n;

        loop invariant i_1: maxprofit >= a_max;

        loop invariant i_2: minprice <= a_max;

        loop invariant i_3: maxprofit <= a_max;


        loop assigns i, maxprofit, minprice;
    */
    for (int i = 0; i < n ; i++) {
        int price = prices[i];
        maxprofit = max(maxprofit, price - minprice);
        minprice = min(price, minprice);
    }
    return maxprofit;
}
----------------------------------------
------------Invariant Info-----------
LOOP A:
i_0: 0 <= i < n
i_2: minprice <= a_max
i_3: maxprofit <= a_max
------------------------------------
----------Code with Invariants----------

/*@
    predicate is_max(integer a, integer b, integer result) =
        result >= a && 
        result >= b && 
        (result == a || result == b);
*/

/*@
    assigns \nothing;
    ensures is_max(a, b, \result);
*/
int max(int a, int b) {
  int max_val = a >= b ? a : b;
  return max_val;
}

/*@
    predicate is_min(integer a, integer b, integer result) =
        result <= a && 
        result <= b && 
        (result == a || result == b);
*/

/*@
    assigns \nothing;
    ensures is_min(a, b, \result);
*/
int min(int a, int b) {
  int min_val = a >= b ? b : a;
  return min_val;
}

/*@
    requires n > 0;
    requires \valid(prices + (0..(n-1)));
    assigns \nothing;
    ensures e_1: \forall integer p, q; 0 < p < q < n ==> \result >= prices[q] - prices[p];
*/
int _max_profit(int* prices, int n) {
    int minprice = 2147483647, maxprofit = 0;

    // Loop A
    /*@
        loop invariant i_0: 0 <= i < n;

        loop invariant i_2: minprice <= a_max;

        loop invariant i_3: maxprofit <= a_max;


        loop assigns i, maxprofit, minprice;
    */
    for (int i = 0; i < n ; i++) {
        int price = prices[i];
        maxprofit = max(maxprofit, price - minprice);
        minprice = min(price, minprice);
    }
    return maxprofit;
}
----------------------------------------
------------Invariant Info-----------
LOOP A:
i_0: 0 <= i < n
i_3: maxprofit <= a_max
------------------------------------
----------Code with Invariants----------

/*@
    predicate is_max(integer a, integer b, integer result) =
        result >= a && 
        result >= b && 
        (result == a || result == b);
*/

/*@
    assigns \nothing;
    ensures is_max(a, b, \result);
*/
int max(int a, int b) {
  int max_val = a >= b ? a : b;
  return max_val;
}

/*@
    predicate is_min(integer a, integer b, integer result) =
        result <= a && 
        result <= b && 
        (result == a || result == b);
*/

/*@
    assigns \nothing;
    ensures is_min(a, b, \result);
*/
int min(int a, int b) {
  int min_val = a >= b ? b : a;
  return min_val;
}

/*@
    requires n > 0;
    requires \valid(prices + (0..(n-1)));
    assigns \nothing;
    ensures e_1: \forall integer p, q; 0 < p < q < n ==> \result >= prices[q] - prices[p];
*/
int _max_profit(int* prices, int n) {
    int minprice = 2147483647, maxprofit = 0;

    // Loop A
    /*@
        loop invariant i_0: 0 <= i < n;

        loop invariant i_3: maxprofit <= a_max;


        loop assigns i, maxprofit, minprice;
    */
    for (int i = 0; i < n ; i++) {
        int price = prices[i];
        maxprofit = max(maxprofit, price - minprice);
        minprice = min(price, minprice);
    }
    return maxprofit;
}
----------------------------------------
------------Invariant Info-----------
LOOP A:
i_0: 0 <= i < n
------------------------------------
----------Code with Invariants----------

/*@
    predicate is_max(integer a, integer b, integer result) =
        result >= a && 
        result >= b && 
        (result == a || result == b);
*/

/*@
    assigns \nothing;
    ensures is_max(a, b, \result);
*/
int max(int a, int b) {
  int max_val = a >= b ? a : b;
  return max_val;
}

/*@
    predicate is_min(integer a, integer b, integer result) =
        result <= a && 
        result <= b && 
        (result == a || result == b);
*/

/*@
    assigns \nothing;
    ensures is_min(a, b, \result);
*/
int min(int a, int b) {
  int min_val = a >= b ? b : a;
  return min_val;
}

/*@
    requires n > 0;
    requires \valid(prices + (0..(n-1)));
    assigns \nothing;
    ensures e_1: \forall integer p, q; 0 < p < q < n ==> \result >= prices[q] - prices[p];
*/
int _max_profit(int* prices, int n) {
    int minprice = 2147483647, maxprofit = 0;

    // Loop A
    /*@
        loop invariant i_0: 0 <= i < n;


        loop assigns i, maxprofit, minprice;
    */
    for (int i = 0; i < n ; i++) {
        int price = prices[i];
        maxprofit = max(maxprofit, price - minprice);
        minprice = min(price, minprice);
    }
    return maxprofit;
}
----------------------------------------
----------Begin Revise----------
-------------Preservation_self: i_0: preservation---------------
----------Prompt----------


/*@
    predicate is_max(integer a, integer b, integer result) =
        result >= a && 
        result >= b && 
        (result == a || result == b);
*/

/*@
    assigns \nothing;
    ensures is_max(a, b, \result);
*/
int max(int a, int b) {
  int max_val = a >= b ? a : b;
  return max_val;
}

/*@
    predicate is_min(integer a, integer b, integer result) =
        result <= a && 
        result <= b && 
        (result == a || result == b);
*/

/*@
    assigns \nothing;
    ensures is_min(a, b, \result);
*/
int min(int a, int b) {
  int min_val = a >= b ? b : a;
  return min_val;
}

/*@
    requires n > 0;
    requires \valid(prices + (0..(n-1)));
    assigns \nothing;
    ensures e_1: \forall integer p, q; 0 < p < q < n ==> \result >= prices[q] - prices[p];
*/
int _max_profit(int* prices, int n) {
    int minprice = 2147483647, maxprofit = 0;

    // Loop A
    /*@
        [Hint] Invariant 0 <= i < n not preserved in this loop. Fix or supplement invariants.

        loop invariant i_0: 0 <= i < n;


        loop assigns i, maxprofit, minprice;
    */
    for (int i = 0; i < n ; i++) {
        int price = prices[i];
        maxprofit = max(maxprofit, price - minprice);
        minprice = min(price, minprice);
    }
    return maxprofit;
}
You are an expert in deductive program verification using ACSL and Frama-C.
[Unprovable Invariant] 0 <= i < n
The above loop invariant of loop "A" fails the preservation (inductive) condition:
after executing one iteration of the loop body, the invariant cannot be re-established.
[Loop Body]
int price = prices[i]; maxprofit = max(maxprofit, price - minprice); minprice = min(price, minprice); i++;
This failure indicates that the current invariant may be incorrect or incomplete.  
There are two typical causes:
  1) The invariant is logically incorrect, so it does not hold after the loop body executes once.
     - In this case, you must adjust the invariant so that it is preserved by the loop body.
  2) The invariant is insufficient, i.e., it misses essential supporting conditions needed to re-establish itself.
     - In this case, you must introduce additional invariants so that the whole set becomes inductive.
Your task is to produce the corrected and/or auxiliary invariants that make the preservation step succeed.
IMPORTANT RULES:
1. You MUST NOT output any of the original invariants already in the code. Only output the new or modified invariants.
2. All invariants you produce must satisfy:
   - Establishment: they hold on loop entry.
   - Preservation: after executing the loop body exactly once, the invariant still holds.
   - Zero-iteration case: the invariant is valid even if the loop never executes.
3. The answer must follow this format exactly:
   ```
   loop invariant ...;
   loop invariant ...;
   ...
   ```
4. All invariants must follow ACSL syntax and be valid loop invariants.
5. No explanation. No commentary. Just show me the loop invariant.
 /no_think
--------------------------
----------Response----------
[unused16][unused17]```
loop invariant 0 <= i < n && 0 <= i_0 < n;
loop invariant i_0: 0 <= i < n && 0 <= i_0 < n;
```
----------------------------
--------------------------------
------------Invariant Info-----------
LOOP A:
i_0: 0 <= i < n
i_11: 0 <= i < n && 0 <= i_0 < n
------------------------------------
----------Code with Invariants----------

/*@
    predicate is_max(integer a, integer b, integer result) =
        result >= a && 
        result >= b && 
        (result == a || result == b);
*/

/*@
    assigns \nothing;
    ensures is_max(a, b, \result);
*/
int max(int a, int b) {
  int max_val = a >= b ? a : b;
  return max_val;
}

/*@
    predicate is_min(integer a, integer b, integer result) =
        result <= a && 
        result <= b && 
        (result == a || result == b);
*/

/*@
    assigns \nothing;
    ensures is_min(a, b, \result);
*/
int min(int a, int b) {
  int min_val = a >= b ? b : a;
  return min_val;
}

/*@
    requires n > 0;
    requires \valid(prices + (0..(n-1)));
    assigns \nothing;
    ensures e_1: \forall integer p, q; 0 < p < q < n ==> \result >= prices[q] - prices[p];
*/
int _max_profit(int* prices, int n) {
    int minprice = 2147483647, maxprofit = 0;

    // Loop A
    /*@
        loop invariant i_0: 0 <= i < n;

        loop invariant i_11: 0 <= i < n && 0 <= i_0 < n;


        loop assigns i, maxprofit, minprice;
    */
    for (int i = 0; i < n ; i++) {
        int price = prices[i];
        maxprofit = max(maxprofit, price - minprice);
        minprice = min(price, minprice);
    }
    return maxprofit;
}
----------------------------------------
---------Result---------
Fail
Model: openPangu-Embedded-7B-V1.1
Running time: 58.835124254226685
Proposal number: 12
Verified code:

------------------------
