-----------Model-----------
Model type:
PanguEmbeddedForCausalLM(
  (model): PanguEmbeddedModel(
    (embed_tokens): Embedding(153376, 4096, padding_idx=0)
    (layers): ModuleList(
      (0-33): 34 x PanguEmbeddedDecoderLayer(
        (self_attn): PanguEmbeddedAttention(
          (q_proj): Linear(in_features=4096, out_features=4096, bias=True)
          (k_proj): Linear(in_features=4096, out_features=1024, bias=True)
          (v_proj): Linear(in_features=4096, out_features=1024, bias=True)
          (o_proj): Linear(in_features=4096, out_features=4096, bias=True)
        )
        (mlp): PanguEmbeddedMLP(
          (gate_proj): Linear(in_features=4096, out_features=12800, bias=False)
          (up_proj): Linear(in_features=4096, out_features=12800, bias=False)
          (down_proj): Linear(in_features=12800, out_features=4096, bias=False)
          (act_fn): SiLU()
        )
        (input_layernorm): PanguEmbeddedRMSNorm((4096,), eps=1e-05)
        (post_attention_layernorm): PanguEmbeddedRMSNorm((4096,), eps=1e-05)
      )
    )
    (norm): PanguEmbeddedRMSNorm((4096,), eps=1e-05)
    (rotary_emb): PanguEmbeddedRotaryEmbedding()
  )
  (lm_head): Linear(in_features=4096, out_features=153376, bias=False)
)
Model device:
npu:1
---------------------------
File Path: ../Benchmark/OOPSLA/oopsla_08.c
----------Code----------
#include <assert.h>
int unknown1();
int unknown2();
int unknown3();

/*
 *  Based on "Automatically refining abstract interpretations" fig.1
 */

void oopsla_08() {
    int x = 0, y = 0;
    /*@
        loop assigns y;
        loop assigns x;
    */
    while(unknown1()) {
        if(unknown2()) { 
            x++; 
            y += 100; 
        }
        else if (unknown3()){ 
            if (x >= 4) { 
                x++; 
                y++; 
            } 
            if (x < 0) {
                y--;
            }
        }
    
    }
    //@ assert a_1: x < 4 || y > 2;
}

------------------------
========== Attempt 1 ==========
----------Prompt----------

#include <assert.h>
int unknown1();
int unknown2();
int unknown3();

/*
 *  Based on "Automatically refining abstract interpretations" fig.1
 */

void oopsla_08() {
    int x = 0, y = 0;
    // Loop A
    /*@
        [Hint] Please infer the loop invariant for the following loop.

        loop assigns y;
        loop assigns x;
    */
    while(unknown1()) {
        if(unknown2()) { 
            x++; 
            y += 100; 
        }
        else if (unknown3()){ 
            if (x >= 4) { 
                x++; 
                y++; 
            } 
            if (x < 0) {
                y--;
            }
        }
    
    }
    //@ assert a_1: x < 4 || y > 2;
}

You are an expert in program verification, and please generate loop invariant as C annotation comments at the hint location (annotated by "[Hint] Please infer the loop invariant for the following loop.") using ACSL language.
ACSL is a specification language for C programs that conforms to the design by contract paradigm, utilizing Hoare style pre- and postconditions and invariants. Note that the `loop invariant` clause is a condition that is true at the beginning and end of every loop iteration.
Specifically, for the current verification task:
    - Pre-condition: the function's `requires` clauses
    - Post-condition: a_1:x < 4 || y > 2; 
Please verify that the generated loop invariant is consistent with these constraints. If these specific pre- or post-conditions are not provided or empty, please infer the loop invariant strictly based on the program's execution logic and standard correctness.
In order to get a correct answer, You may want to consider both the situation of not entering the loop and the situation of jumping out of the loop. If some of the pre-conditions are also loop invariant, you need to add them to your answer as well.
Use '&&', '||', '==>', '\forall' or '\exists' if necessary. For instance:
```
loop invariant 1 <= x;
loop invariant x == y;
loop invariant 0 < x ==> y <= z;
loop invariant z % 2 == 1 || x == y;
loop invariant z % 2 == 1 && x <= y;
loop invariant \forall integer k;  0 <= k < i ==> max >=  a[k];
loop invariant \exists integer k;  0 <= k < i &&  max == a[k];
loop invariant \forall integer p; 0 <= p < \at(k, End_l) ==> res[p] == \at(res[p], End_l);
```
Your answer should follow the following format:
```
loop invariant ...;
loop invariant ...;
...
```
No explanation. No commentary. Just show me the loop invariant.
 /no_think
--------------------------
----------Response----------
[unused16][unused17][Loop <LOOP A>]
loop invariant x >= 0 && y >= 0 && x <= 4;
loop invariant y >= 2 || (x == 0 || x == 1 || x == 2 || x == 3);

[Loop <LOOP B>]
loop invariant x >= 0 && y >= 0 && x <= 4 && y >= 2 || x == 0 || x == 1 || x == 2 || x == 3;
loop invariant x >= 0 && y >= 0 && x <= 4 && (y >= 2 || x == 0 || x == 1 || x == 2 || x == 3);

[Loop <LOOP C>]
loop invariant x >= 0 && y >= 0 && x <= 4;
loop invariant x >= 0 && y >= 0 && x <= 4 && y >= 2 || x == 0 || x == 1 || x == 2 || x == 3;
----------------------------
------------Invariant Info-----------
LOOP A:
i_0: x >= 0 && y >= 0 && x <= 4
i_1: y >= 2 || (x == 0 || x == 1 || x == 2 || x == 3)
i_2: x >= 0 && y >= 0 && x <= 4 && y >= 2 || x == 0 || x == 1 || x == 2 || x == 3
i_3: x >= 0 && y >= 0 && x <= 4 && (y >= 2 || x == 0 || x == 1 || x == 2 || x == 3)
------------------------------------
---------- Code with Invariants ----------
#include <assert.h>
int unknown1();
int unknown2();
int unknown3();

/*
 *  Based on "Automatically refining abstract interpretations" fig.1
 */

void oopsla_08() {
    int x = 0, y = 0;
    // Loop A
    /*@
        loop invariant i_0: x >= 0 && y >= 0 && x <= 4;

        loop invariant i_1: y >= 2 || (x == 0 || x == 1 || x == 2 || x == 3);

        loop invariant i_2: x >= 0 && y >= 0 && x <= 4 && y >= 2 || x == 0 || x == 1 || x == 2 || x == 3;

        loop invariant i_3: x >= 0 && y >= 0 && x <= 4 && (y >= 2 || x == 0 || x == 1 || x == 2 || x == 3);


        loop assigns y;
        loop assigns x;
    */
    while(unknown1()) {
        if(unknown2()) { 
            x++; 
            y += 100; 
        }
        else if (unknown3()){ 
            if (x >= 4) { 
                x++; 
                y++; 
            } 
            if (x < 0) {
                y--;
            }
        }
    
    }
    //@ assert a_1: x < 4 || y > 2;
}

------------------------------------------
Verification failed (Fail_12_14), removing all invariants and retrying.
========== Attempt 2 ==========
----------Prompt----------

#include <assert.h>
int unknown1();
int unknown2();
int unknown3();

/*
 *  Based on "Automatically refining abstract interpretations" fig.1
 */

void oopsla_08() {
    int x = 0, y = 0;
    // Loop A
    /*@
        [Hint] Please infer the loop invariant for the following loop.

        loop assigns y;
        loop assigns x;
    */
    while(unknown1()) {
        if(unknown2()) { 
            x++; 
            y += 100; 
        }
        else if (unknown3()){ 
            if (x >= 4) { 
                x++; 
                y++; 
            } 
            if (x < 0) {
                y--;
            }
        }
    
    }
    //@ assert a_1: x < 4 || y > 2;
}

You are an expert in program verification, and please generate loop invariant as C annotation comments at the hint location (annotated by "[Hint] Please infer the loop invariant for the following loop.") using ACSL language.
ACSL is a specification language for C programs that conforms to the design by contract paradigm, utilizing Hoare style pre- and postconditions and invariants. Note that the `loop invariant` clause is a condition that is true at the beginning and end of every loop iteration.
Specifically, for the current verification task:
    - Pre-condition: the function's `requires` clauses
    - Post-condition: a_1:x < 4 || y > 2; 
Please verify that the generated loop invariant is consistent with these constraints. If these specific pre- or post-conditions are not provided or empty, please infer the loop invariant strictly based on the program's execution logic and standard correctness.
In order to get a correct answer, You may want to consider both the situation of not entering the loop and the situation of jumping out of the loop. If some of the pre-conditions are also loop invariant, you need to add them to your answer as well.
Use '&&', '||', '==>', '\forall' or '\exists' if necessary. For instance:
```
loop invariant 1 <= x;
loop invariant x == y;
loop invariant 0 < x ==> y <= z;
loop invariant z % 2 == 1 || x == y;
loop invariant z % 2 == 1 && x <= y;
loop invariant \forall integer k;  0 <= k < i ==> max >=  a[k];
loop invariant \exists integer k;  0 <= k < i &&  max == a[k];
loop invariant \forall integer p; 0 <= p < \at(k, End_l) ==> res[p] == \at(res[p], End_l);
```
Your answer should follow the following format:
```
loop invariant ...;
loop invariant ...;
...
```
No explanation. No commentary. Just show me the loop invariant.
 /no_think
--------------------------
----------Response----------
[unused16][unused17]```
loop invariant x >= 0 && y >= 0;
loop invariant x < 4 || y > 2;
```
----------------------------
------------Invariant Info-----------
LOOP A:
i_4: x >= 0 && y >= 0
i_5: x < 4 || y > 2
------------------------------------
---------- Code with Invariants ----------
#include <assert.h>
int unknown1();
int unknown2();
int unknown3();

/*
 *  Based on "Automatically refining abstract interpretations" fig.1
 */

void oopsla_08() {
    int x = 0, y = 0;
    // Loop A
    /*@
        loop invariant i_4: x >= 0 && y >= 0;

        loop invariant i_5: x < 4 || y > 2;


        loop assigns y;
        loop assigns x;
    */
    while(unknown1()) {
        if(unknown2()) { 
            x++; 
            y += 100; 
        }
        else if (unknown3()){ 
            if (x >= 4) { 
                x++; 
                y++; 
            } 
            if (x < 0) {
                y--;
            }
        }
    
    }
    //@ assert a_1: x < 4 || y > 2;
}

------------------------------------------
Verification succeeded.
---------Result---------
Success
Model: openPangu-Embedded-7B-V1.1
Running time: 41.76964855194092
Proposal number: 2
Verified code:
#include <assert.h>
int unknown1();
int unknown2();
int unknown3();

/*
 *  Based on "Automatically refining abstract interpretations" fig.1
 */

void oopsla_08() {
    int x = 0, y = 0;
    // Loop A
    /*@
        loop invariant i_4: x >= 0 && y >= 0;

        loop invariant i_5: x < 4 || y > 2;


        loop assigns y;
        loop assigns x;
    */
    while(unknown1()) {
        if(unknown2()) { 
            x++; 
            y += 100; 
        }
        else if (unknown3()){ 
            if (x >= 4) { 
                x++; 
                y++; 
            } 
            if (x < 0) {
                y--;
            }
        }
    
    }
    //@ assert a_1: x < 4 || y > 2;
}

------------------------
