-----------Model-----------
Model type:
PanguEmbeddedForCausalLM(
  (model): PanguEmbeddedModel(
    (embed_tokens): Embedding(153376, 4096, padding_idx=0)
    (layers): ModuleList(
      (0-33): 34 x PanguEmbeddedDecoderLayer(
        (self_attn): PanguEmbeddedAttention(
          (q_proj): Linear(in_features=4096, out_features=4096, bias=True)
          (k_proj): Linear(in_features=4096, out_features=1024, bias=True)
          (v_proj): Linear(in_features=4096, out_features=1024, bias=True)
          (o_proj): Linear(in_features=4096, out_features=4096, bias=True)
        )
        (mlp): PanguEmbeddedMLP(
          (gate_proj): Linear(in_features=4096, out_features=12800, bias=False)
          (up_proj): Linear(in_features=4096, out_features=12800, bias=False)
          (down_proj): Linear(in_features=12800, out_features=4096, bias=False)
          (act_fn): SiLU()
        )
        (input_layernorm): PanguEmbeddedRMSNorm((4096,), eps=1e-05)
        (post_attention_layernorm): PanguEmbeddedRMSNorm((4096,), eps=1e-05)
      )
    )
    (norm): PanguEmbeddedRMSNorm((4096,), eps=1e-05)
    (rotary_emb): PanguEmbeddedRotaryEmbedding()
  )
  (lm_head): Linear(in_features=4096, out_features=153376, bias=False)
)
Model device:
npu:1
---------------------------
File Path: ../Benchmark/SVCOMP/svcomp_14.c
----------Code----------
#include "assert.h"

/*@
    requires 0 <= n && n < 10;
    requires 0 <= v && v < 2;
*/
int svcomp_14(int n, int v) {
    int c1 = 4000;
    int c2 = 2000;
    int c3 = 10000;

    int i, k, j;

    k = 0;
    i = 0;

    /*@
        loop assigns i, k;
    */
    while(i < n) {
        i++;

        if( v == 0 )
            k += c1;
        else if( v == 1 )
            k += c2;
        else
            k += c3;
    }

    j = 0;
    
    /*@
        loop assigns j, k;
    */
    while( j < n ) {
        //@ assert k > 0;
        j++;
        k--;
    }

    return 0;
}
------------------------
========== Attempt 1 ==========
----------Prompt----------

#include "assert.h"

/*@
    requires 0 <= n && n < 10;
    requires 0 <= v && v < 2;
*/
int svcomp_14(int n, int v) {
    int c1 = 4000;
    int c2 = 2000;
    int c3 = 10000;

    int i, k, j;

    k = 0;
    i = 0;

    // Loop A
    /*@
        [Hint] Please infer the loop invariant for the following loop.

        loop assigns i, k;
    */
    while(i < n) {
        i++;

        if( v == 0 )
            k += c1;
        else if( v == 1 )
            k += c2;
        else
            k += c3;
    }

    j = 0;
    
    // Loop B
    /*@
        loop assigns j, k;
    */
    while( j < n ) {
        //@ assert k > 0;
        j++;
        k--;
    }

    return 0;
}
You are an expert in program verification, and please generate loop invariant as C annotation comments at the hint location (annotated by "[Hint] Please infer the loop invariant for the following loop.") using ACSL language.
ACSL is a specification language for C programs that conforms to the design by contract paradigm, utilizing Hoare style pre- and postconditions and invariants. Note that the `loop invariant` clause is a condition that is true at the beginning and end of every loop iteration.
Specifically, for the current verification task:
    - Pre-condition: the function's `requires` clauses
    - Post-condition: 
Please verify that the generated loop invariant is consistent with these constraints. If these specific pre- or post-conditions are not provided or empty, please infer the loop invariant strictly based on the program's execution logic and standard correctness.
In order to get a correct answer, You may want to consider both the situation of not entering the loop and the situation of jumping out of the loop. If some of the pre-conditions are also loop invariant, you need to add them to your answer as well.
Use '&&', '||', '==>', '\forall' or '\exists' if necessary. For instance:
```
loop invariant 1 <= x;
loop invariant x == y;
loop invariant 0 < x ==> y <= z;
loop invariant z % 2 == 1 || x == y;
loop invariant z % 2 == 1 && x <= y;
loop invariant \forall integer k;  0 <= k < i ==> max >=  a[k];
loop invariant \exists integer k;  0 <= k < i &&  max == a[k];
loop invariant \forall integer p; 0 <= p < \at(k, End_l) ==> res[p] == \at(res[p], End_l);
```
Your answer should follow the following format:
```
loop invariant ...;
loop invariant ...;
...
```
No explanation. No commentary. Just show me the loop invariant.
 /no_think
--------------------------
----------Response----------
[unused16][unused17]loop invariant i < n && i >= 0;
loop invariant k >= 0;
loop invariant i <= n - 1 && k >= 0 ==> i < n;
loop invariant k == n * (100 - v) && i < n && k >= 0;
```
----------------------------
----------Prompt----------

#include "assert.h"

/*@
    requires 0 <= n && n < 10;
    requires 0 <= v && v < 2;
*/
int svcomp_14(int n, int v) {
    int c1 = 4000;
    int c2 = 2000;
    int c3 = 10000;

    int i, k, j;

    k = 0;
    i = 0;

    // Loop A
    /*@
        loop invariant i_0: i < n && i >= 0;

        loop invariant i_1: k >= 0;

        loop invariant i_2: i <= n - 1 && k >= 0 ==> i < n;

        loop invariant i_3: k == n * (100 - v) && i < n && k >= 0;


        loop assigns i, k;
    */
    while(i < n) {
        i++;

        if( v == 0 )
            k += c1;
        else if( v == 1 )
            k += c2;
        else
            k += c3;
    }

    j = 0;
    
    // Loop B
    /*@
        [Hint] Please infer the loop invariant for the following loop.

        loop assigns j, k;
    */
    while( j < n ) {
        //@ assert k > 0;
        j++;
        k--;
    }

    return 0;
}
You are an expert in program verification, and please generate loop invariant as C annotation comments at the hint location (annotated by "[Hint] Please infer the loop invariant for the following loop.") using ACSL language.
ACSL is a specification language for C programs that conforms to the design by contract paradigm, utilizing Hoare style pre- and postconditions and invariants. Note that the `loop invariant` clause is a condition that is true at the beginning and end of every loop iteration.
Specifically, for the current verification task:
    - Pre-condition: i_0:i < n && i >= 0; i_1:k >= 0; i_2:i <= n - 1 && k >= 0 ==> i < n; i_3:k == n * (100 - v) && i < n && k >= 0; 
    - Post-condition: 1:k > 0; 
Please verify that the generated loop invariant is consistent with these constraints. If these specific pre- or post-conditions are not provided or empty, please infer the loop invariant strictly based on the program's execution logic and standard correctness.
In order to get a correct answer, You may want to consider both the situation of not entering the loop and the situation of jumping out of the loop. If some of the pre-conditions are also loop invariant, you need to add them to your answer as well.
Use '&&', '||', '==>', '\forall' or '\exists' if necessary. For instance:
```
loop invariant 1 <= x;
loop invariant x == y;
loop invariant 0 < x ==> y <= z;
loop invariant z % 2 == 1 || x == y;
loop invariant z % 2 == 1 && x <= y;
loop invariant \forall integer k;  0 <= k < i ==> max >=  a[k];
loop invariant \exists integer k;  0 <= k < i &&  max == a[k];
loop invariant \forall integer p; 0 <= p < \at(k, End_l) ==> res[p] == \at(res[p], End_l);
```
Your answer should follow the following format:
```
loop invariant ...;
loop invariant ...;
...
```
No explanation. No commentary. Just show me the loop invariant.
 /no_think
--------------------------
----------Response----------
[unused16][unused17][Loop B]
loop invariant j < n && j >= 0;

[Loop B]
loop invariant j < n && j >= 0;
----------------------------
------------Invariant Info-----------
LOOP A:
i_0: i < n && i >= 0
i_1: k >= 0
i_2: i <= n - 1 && k >= 0 ==> i < n
i_3: k == n * (100 - v) && i < n && k >= 0
LOOP B:
i_4: j < n && j >= 0
------------------------------------
---------- Code with Invariants ----------
#include "assert.h"

/*@
    requires 0 <= n && n < 10;
    requires 0 <= v && v < 2;
*/
int svcomp_14(int n, int v) {
    int c1 = 4000;
    int c2 = 2000;
    int c3 = 10000;

    int i, k, j;

    k = 0;
    i = 0;

    // Loop A
    /*@
        loop invariant i_0: i < n && i >= 0;

        loop invariant i_1: k >= 0;

        loop invariant i_2: i <= n - 1 && k >= 0 ==> i < n;

        loop invariant i_3: k == n * (100 - v) && i < n && k >= 0;


        loop assigns i, k;
    */
    while(i < n) {
        i++;

        if( v == 0 )
            k += c1;
        else if( v == 1 )
            k += c2;
        else
            k += c3;
    }

    j = 0;
    
    // Loop B
    /*@
        loop invariant i_4: j < n && j >= 0;


        loop assigns j, k;
    */
    while( j < n ) {
        //@ assert k > 0;
        j++;
        k--;
    }

    return 0;
}
------------------------------------------
Verification failed (Fail_12_14), removing all invariants and retrying.
========== Attempt 2 ==========
----------Prompt----------

#include "assert.h"

/*@
    requires 0 <= n && n < 10;
    requires 0 <= v && v < 2;
*/
int svcomp_14(int n, int v) {
    int c1 = 4000;
    int c2 = 2000;
    int c3 = 10000;

    int i, k, j;

    k = 0;
    i = 0;

    // Loop A
    /*@
        [Hint] Please infer the loop invariant for the following loop.

        loop assigns i, k;
    */
    while(i < n) {
        i++;

        if( v == 0 )
            k += c1;
        else if( v == 1 )
            k += c2;
        else
            k += c3;
    }

    j = 0;
    
    // Loop B
    /*@
        loop assigns j, k;
    */
    while( j < n ) {
        //@ assert k > 0;
        j++;
        k--;
    }

    return 0;
}
You are an expert in program verification, and please generate loop invariant as C annotation comments at the hint location (annotated by "[Hint] Please infer the loop invariant for the following loop.") using ACSL language.
ACSL is a specification language for C programs that conforms to the design by contract paradigm, utilizing Hoare style pre- and postconditions and invariants. Note that the `loop invariant` clause is a condition that is true at the beginning and end of every loop iteration.
Specifically, for the current verification task:
    - Pre-condition: the function's `requires` clauses
    - Post-condition: 
Please verify that the generated loop invariant is consistent with these constraints. If these specific pre- or post-conditions are not provided or empty, please infer the loop invariant strictly based on the program's execution logic and standard correctness.
In order to get a correct answer, You may want to consider both the situation of not entering the loop and the situation of jumping out of the loop. If some of the pre-conditions are also loop invariant, you need to add them to your answer as well.
Use '&&', '||', '==>', '\forall' or '\exists' if necessary. For instance:
```
loop invariant 1 <= x;
loop invariant x == y;
loop invariant 0 < x ==> y <= z;
loop invariant z % 2 == 1 || x == y;
loop invariant z % 2 == 1 && x <= y;
loop invariant \forall integer k;  0 <= k < i ==> max >=  a[k];
loop invariant \exists integer k;  0 <= k < i &&  max == a[k];
loop invariant \forall integer p; 0 <= p < \at(k, End_l) ==> res[p] == \at(res[p], End_l);
```
Your answer should follow the following format:
```
loop invariant ...;
loop invariant ...;
...
```
No explanation. No commentary. Just show me the loop invariant.
 /no_think
--------------------------
----------Response----------
[unused16][unused17]loop invariant i >= 0 && i < n;
loop invariant k >= 0;
loop invariant j >= 0 && j < n;
loop invariant k > 0;

// Loop A
loop invariant i >= 0 && i < n;
loop invariant k >= 0 && k > 0;

// Loop B
loop invariant j >= 0 && j < n;
loop invariant k >= 1;
----------------------------
----------Prompt----------

#include "assert.h"

/*@
    requires 0 <= n && n < 10;
    requires 0 <= v && v < 2;
*/
int svcomp_14(int n, int v) {
    int c1 = 4000;
    int c2 = 2000;
    int c3 = 10000;

    int i, k, j;

    k = 0;
    i = 0;

    // Loop A
    /*@
        loop invariant i_5: i >= 0 && i < n;

        loop invariant i_6: k >= 0;

        loop invariant i_7: j >= 0 && j < n;

        loop invariant i_8: k > 0;

        loop invariant i_9: k >= 0 && k > 0;

        loop invariant i_10: k >= 1;


        loop assigns i, k;
    */
    while(i < n) {
        i++;

        if( v == 0 )
            k += c1;
        else if( v == 1 )
            k += c2;
        else
            k += c3;
    }

    j = 0;
    
    // Loop B
    /*@
        [Hint] Please infer the loop invariant for the following loop.

        loop assigns j, k;
    */
    while( j < n ) {
        //@ assert k > 0;
        j++;
        k--;
    }

    return 0;
}
You are an expert in program verification, and please generate loop invariant as C annotation comments at the hint location (annotated by "[Hint] Please infer the loop invariant for the following loop.") using ACSL language.
ACSL is a specification language for C programs that conforms to the design by contract paradigm, utilizing Hoare style pre- and postconditions and invariants. Note that the `loop invariant` clause is a condition that is true at the beginning and end of every loop iteration.
Specifically, for the current verification task:
    - Pre-condition: i_5:i >= 0 && i < n; i_6:k >= 0; i_7:j >= 0 && j < n; i_8:k > 0; i_9:k >= 0 && k > 0; i_10:k >= 1; 
    - Post-condition: 1:k > 0; 
Please verify that the generated loop invariant is consistent with these constraints. If these specific pre- or post-conditions are not provided or empty, please infer the loop invariant strictly based on the program's execution logic and standard correctness.
In order to get a correct answer, You may want to consider both the situation of not entering the loop and the situation of jumping out of the loop. If some of the pre-conditions are also loop invariant, you need to add them to your answer as well.
Use '&&', '||', '==>', '\forall' or '\exists' if necessary. For instance:
```
loop invariant 1 <= x;
loop invariant x == y;
loop invariant 0 < x ==> y <= z;
loop invariant z % 2 == 1 || x == y;
loop invariant z % 2 == 1 && x <= y;
loop invariant \forall integer k;  0 <= k < i ==> max >=  a[k];
loop invariant \exists integer k;  0 <= k < i &&  max == a[k];
loop invariant \forall integer p; 0 <= p < \at(k, End_l) ==> res[p] == \at(res[p], End_l);
```
Your answer should follow the following format:
```
loop invariant ...;
loop invariant ...;
...
```
No explanation. No commentary. Just show me the loop invariant.
 /no_think
--------------------------
----------Response----------
[unused16][unused17][Loop <CUR_LOOP>]
loop invariant k > 0;
loop invariant j >= 0 && j < n;
loop invariant k >= 0 && k > 0;
loop invariant i >= 0 && i < n;
----------------------------
------------Invariant Info-----------
LOOP A:
i_5: i >= 0 && i < n
i_6: k >= 0
i_7: j >= 0 && j < n
i_8: k > 0
i_9: k >= 0 && k > 0
i_10: k >= 1
LOOP B:
i_11: k > 0
i_12: j >= 0 && j < n
i_13: k >= 0 && k > 0
i_14: i >= 0 && i < n
------------------------------------
---------- Code with Invariants ----------
#include "assert.h"

/*@
    requires 0 <= n && n < 10;
    requires 0 <= v && v < 2;
*/
int svcomp_14(int n, int v) {
    int c1 = 4000;
    int c2 = 2000;
    int c3 = 10000;

    int i, k, j;

    k = 0;
    i = 0;

    // Loop A
    /*@
        loop invariant i_5: i >= 0 && i < n;

        loop invariant i_6: k >= 0;

        loop invariant i_7: j >= 0 && j < n;

        loop invariant i_8: k > 0;

        loop invariant i_9: k >= 0 && k > 0;

        loop invariant i_10: k >= 1;


        loop assigns i, k;
    */
    while(i < n) {
        i++;

        if( v == 0 )
            k += c1;
        else if( v == 1 )
            k += c2;
        else
            k += c3;
    }

    j = 0;
    
    // Loop B
    /*@
        loop invariant i_11: k > 0;

        loop invariant i_12: j >= 0 && j < n;

        loop invariant i_13: k >= 0 && k > 0;

        loop invariant i_14: i >= 0 && i < n;


        loop assigns j, k;
    */
    while( j < n ) {
        //@ assert k > 0;
        j++;
        k--;
    }

    return 0;
}
------------------------------------------
Verification failed (Fail_21_24), removing all invariants and retrying.
========== Attempt 3 ==========
----------Prompt----------

#include "assert.h"

/*@
    requires 0 <= n && n < 10;
    requires 0 <= v && v < 2;
*/
int svcomp_14(int n, int v) {
    int c1 = 4000;
    int c2 = 2000;
    int c3 = 10000;

    int i, k, j;

    k = 0;
    i = 0;

    // Loop A
    /*@
        [Hint] Please infer the loop invariant for the following loop.

        loop assigns i, k;
    */
    while(i < n) {
        i++;

        if( v == 0 )
            k += c1;
        else if( v == 1 )
            k += c2;
        else
            k += c3;
    }

    j = 0;
    
    // Loop B
    /*@
        loop assigns j, k;
    */
    while( j < n ) {
        //@ assert k > 0;
        j++;
        k--;
    }

    return 0;
}
You are an expert in program verification, and please generate loop invariant as C annotation comments at the hint location (annotated by "[Hint] Please infer the loop invariant for the following loop.") using ACSL language.
ACSL is a specification language for C programs that conforms to the design by contract paradigm, utilizing Hoare style pre- and postconditions and invariants. Note that the `loop invariant` clause is a condition that is true at the beginning and end of every loop iteration.
Specifically, for the current verification task:
    - Pre-condition: the function's `requires` clauses
    - Post-condition: 
Please verify that the generated loop invariant is consistent with these constraints. If these specific pre- or post-conditions are not provided or empty, please infer the loop invariant strictly based on the program's execution logic and standard correctness.
In order to get a correct answer, You may want to consider both the situation of not entering the loop and the situation of jumping out of the loop. If some of the pre-conditions are also loop invariant, you need to add them to your answer as well.
Use '&&', '||', '==>', '\forall' or '\exists' if necessary. For instance:
```
loop invariant 1 <= x;
loop invariant x == y;
loop invariant 0 < x ==> y <= z;
loop invariant z % 2 == 1 || x == y;
loop invariant z % 2 == 1 && x <= y;
loop invariant \forall integer k;  0 <= k < i ==> max >=  a[k];
loop invariant \exists integer k;  0 <= k < i &&  max == a[k];
loop invariant \forall integer p; 0 <= p < \at(k, End_l) ==> res[p] == \at(res[p], End_l);
```
Your answer should follow the following format:
```
loop invariant ...;
loop invariant ...;
...
```
No explanation. No commentary. Just show me the loop invariant.
 /no_think
--------------------------
----------Response----------
[unused16][unused17][Loop <Loop A>]
loop invariant i >= 0 && i < n && k >= 0;

[Loop <Loop B>]
loop invariant j >= 0 && j < n && k > 0;
----------------------------
----------Prompt----------

#include "assert.h"

/*@
    requires 0 <= n && n < 10;
    requires 0 <= v && v < 2;
*/
int svcomp_14(int n, int v) {
    int c1 = 4000;
    int c2 = 2000;
    int c3 = 10000;

    int i, k, j;

    k = 0;
    i = 0;

    // Loop A
    /*@
        loop invariant i_15: i >= 0 && i < n && k >= 0;

        loop invariant i_16: j >= 0 && j < n && k > 0;


        loop assigns i, k;
    */
    while(i < n) {
        i++;

        if( v == 0 )
            k += c1;
        else if( v == 1 )
            k += c2;
        else
            k += c3;
    }

    j = 0;
    
    // Loop B
    /*@
        [Hint] Please infer the loop invariant for the following loop.

        loop assigns j, k;
    */
    while( j < n ) {
        //@ assert k > 0;
        j++;
        k--;
    }

    return 0;
}
You are an expert in program verification, and please generate loop invariant as C annotation comments at the hint location (annotated by "[Hint] Please infer the loop invariant for the following loop.") using ACSL language.
ACSL is a specification language for C programs that conforms to the design by contract paradigm, utilizing Hoare style pre- and postconditions and invariants. Note that the `loop invariant` clause is a condition that is true at the beginning and end of every loop iteration.
Specifically, for the current verification task:
    - Pre-condition: i_15:i >= 0 && i < n && k >= 0; i_16:j >= 0 && j < n && k > 0; 
    - Post-condition: 1:k > 0; 
Please verify that the generated loop invariant is consistent with these constraints. If these specific pre- or post-conditions are not provided or empty, please infer the loop invariant strictly based on the program's execution logic and standard correctness.
In order to get a correct answer, You may want to consider both the situation of not entering the loop and the situation of jumping out of the loop. If some of the pre-conditions are also loop invariant, you need to add them to your answer as well.
Use '&&', '||', '==>', '\forall' or '\exists' if necessary. For instance:
```
loop invariant 1 <= x;
loop invariant x == y;
loop invariant 0 < x ==> y <= z;
loop invariant z % 2 == 1 || x == y;
loop invariant z % 2 == 1 && x <= y;
loop invariant \forall integer k;  0 <= k < i ==> max >=  a[k];
loop invariant \exists integer k;  0 <= k < i &&  max == a[k];
loop invariant \forall integer p; 0 <= p < \at(k, End_l) ==> res[p] == \at(res[p], End_l);
```
Your answer should follow the following format:
```
loop invariant ...;
loop invariant ...;
...
```
No explanation. No commentary. Just show me the loop invariant.
 /no_think
--------------------------
----------Response----------
[unused16][unused17][Loop B]
loop invariant j >= 0 && j < n && k >= 0;

[Loop A]
loop invariant i >= 0 && i < n && k >= 0 && k < c1 + c2 + c3;
----------------------------
------------Invariant Info-----------
LOOP A:
i_15: i >= 0 && i < n && k >= 0
i_16: j >= 0 && j < n && k > 0
i_18: i >= 0 && i < n && k >= 0 && k < c1 + c2 + c3
LOOP B:
i_17: j >= 0 && j < n && k >= 0
------------------------------------
---------- Code with Invariants ----------
#include "assert.h"

/*@
    requires 0 <= n && n < 10;
    requires 0 <= v && v < 2;
*/
int svcomp_14(int n, int v) {
    int c1 = 4000;
    int c2 = 2000;
    int c3 = 10000;

    int i, k, j;

    k = 0;
    i = 0;

    // Loop A
    /*@
        loop invariant i_15: i >= 0 && i < n && k >= 0;

        loop invariant i_16: j >= 0 && j < n && k > 0;

        loop invariant i_18: i >= 0 && i < n && k >= 0 && k < c1 + c2 + c3;


        loop assigns i, k;
    */
    while(i < n) {
        i++;

        if( v == 0 )
            k += c1;
        else if( v == 1 )
            k += c2;
        else
            k += c3;
    }

    j = 0;
    
    // Loop B
    /*@
        loop invariant i_17: j >= 0 && j < n && k >= 0;


        loop assigns j, k;
    */
    while( j < n ) {
        //@ assert k > 0;
        j++;
        k--;
    }

    return 0;
}
------------------------------------------
Verification failed (Fail_10_12), removing all invariants and retrying.
========== Attempt 4 ==========
----------Prompt----------

#include "assert.h"

/*@
    requires 0 <= n && n < 10;
    requires 0 <= v && v < 2;
*/
int svcomp_14(int n, int v) {
    int c1 = 4000;
    int c2 = 2000;
    int c3 = 10000;

    int i, k, j;

    k = 0;
    i = 0;

    // Loop A
    /*@
        [Hint] Please infer the loop invariant for the following loop.

        loop assigns i, k;
    */
    while(i < n) {
        i++;

        if( v == 0 )
            k += c1;
        else if( v == 1 )
            k += c2;
        else
            k += c3;
    }

    j = 0;
    
    // Loop B
    /*@
        loop assigns j, k;
    */
    while( j < n ) {
        //@ assert k > 0;
        j++;
        k--;
    }

    return 0;
}
You are an expert in program verification, and please generate loop invariant as C annotation comments at the hint location (annotated by "[Hint] Please infer the loop invariant for the following loop.") using ACSL language.
ACSL is a specification language for C programs that conforms to the design by contract paradigm, utilizing Hoare style pre- and postconditions and invariants. Note that the `loop invariant` clause is a condition that is true at the beginning and end of every loop iteration.
Specifically, for the current verification task:
    - Pre-condition: the function's `requires` clauses
    - Post-condition: 
Please verify that the generated loop invariant is consistent with these constraints. If these specific pre- or post-conditions are not provided or empty, please infer the loop invariant strictly based on the program's execution logic and standard correctness.
In order to get a correct answer, You may want to consider both the situation of not entering the loop and the situation of jumping out of the loop. If some of the pre-conditions are also loop invariant, you need to add them to your answer as well.
Use '&&', '||', '==>', '\forall' or '\exists' if necessary. For instance:
```
loop invariant 1 <= x;
loop invariant x == y;
loop invariant 0 < x ==> y <= z;
loop invariant z % 2 == 1 || x == y;
loop invariant z % 2 == 1 && x <= y;
loop invariant \forall integer k;  0 <= k < i ==> max >=  a[k];
loop invariant \exists integer k;  0 <= k < i &&  max == a[k];
loop invariant \forall integer p; 0 <= p < \at(k, End_l) ==> res[p] == \at(res[p], End_l);
```
Your answer should follow the following format:
```
loop invariant ...;
loop invariant ...;
...
```
No explanation. No commentary. Just show me the loop invariant.
 /no_think
--------------------------
----------Response----------
[unused16][unused17]```
loop invariant i >= 0 && i < n && k >= 0;
loop invariant j >= 0 && j < n;
```
----------------------------
----------Prompt----------

#include "assert.h"

/*@
    requires 0 <= n && n < 10;
    requires 0 <= v && v < 2;
*/
int svcomp_14(int n, int v) {
    int c1 = 4000;
    int c2 = 2000;
    int c3 = 10000;

    int i, k, j;

    k = 0;
    i = 0;

    // Loop A
    /*@
        loop invariant i_19: i >= 0 && i < n && k >= 0;

        loop invariant i_20: j >= 0 && j < n;


        loop assigns i, k;
    */
    while(i < n) {
        i++;

        if( v == 0 )
            k += c1;
        else if( v == 1 )
            k += c2;
        else
            k += c3;
    }

    j = 0;
    
    // Loop B
    /*@
        [Hint] Please infer the loop invariant for the following loop.

        loop assigns j, k;
    */
    while( j < n ) {
        //@ assert k > 0;
        j++;
        k--;
    }

    return 0;
}
You are an expert in program verification, and please generate loop invariant as C annotation comments at the hint location (annotated by "[Hint] Please infer the loop invariant for the following loop.") using ACSL language.
ACSL is a specification language for C programs that conforms to the design by contract paradigm, utilizing Hoare style pre- and postconditions and invariants. Note that the `loop invariant` clause is a condition that is true at the beginning and end of every loop iteration.
Specifically, for the current verification task:
    - Pre-condition: i_19:i >= 0 && i < n && k >= 0; i_20:j >= 0 && j < n; 
    - Post-condition: 1:k > 0; 
Please verify that the generated loop invariant is consistent with these constraints. If these specific pre- or post-conditions are not provided or empty, please infer the loop invariant strictly based on the program's execution logic and standard correctness.
In order to get a correct answer, You may want to consider both the situation of not entering the loop and the situation of jumping out of the loop. If some of the pre-conditions are also loop invariant, you need to add them to your answer as well.
Use '&&', '||', '==>', '\forall' or '\exists' if necessary. For instance:
```
loop invariant 1 <= x;
loop invariant x == y;
loop invariant 0 < x ==> y <= z;
loop invariant z % 2 == 1 || x == y;
loop invariant z % 2 == 1 && x <= y;
loop invariant \forall integer k;  0 <= k < i ==> max >=  a[k];
loop invariant \exists integer k;  0 <= k < i &&  max == a[k];
loop invariant \forall integer p; 0 <= p < \at(k, End_l) ==> res[p] == \at(res[p], End_l);
```
Your answer should follow the following format:
```
loop invariant ...;
loop invariant ...;
...
```
No explanation. No commentary. Just show me the loop invariant.
 /no_think
--------------------------
----------Response----------
[unused16][unused17][Loop B]
loop invariant j >= 0 && j < n && k >= 1;

[Loop B]
loop invariant j >= 0 && j < n && k >= 1;
----------------------------
------------Invariant Info-----------
LOOP A:
i_19: i >= 0 && i < n && k >= 0
i_20: j >= 0 && j < n
LOOP B:
i_21: j >= 0 && j < n && k >= 1
------------------------------------
---------- Code with Invariants ----------
#include "assert.h"

/*@
    requires 0 <= n && n < 10;
    requires 0 <= v && v < 2;
*/
int svcomp_14(int n, int v) {
    int c1 = 4000;
    int c2 = 2000;
    int c3 = 10000;

    int i, k, j;

    k = 0;
    i = 0;

    // Loop A
    /*@
        loop invariant i_19: i >= 0 && i < n && k >= 0;

        loop invariant i_20: j >= 0 && j < n;


        loop assigns i, k;
    */
    while(i < n) {
        i++;

        if( v == 0 )
            k += c1;
        else if( v == 1 )
            k += c2;
        else
            k += c3;
    }

    j = 0;
    
    // Loop B
    /*@
        loop invariant i_21: j >= 0 && j < n && k >= 1;


        loop assigns j, k;
    */
    while( j < n ) {
        //@ assert k > 0;
        j++;
        k--;
    }

    return 0;
}
------------------------------------------
Verification failed (Fail_7_10), removing all invariants and retrying.
========== Attempt 5 ==========
----------Prompt----------

#include "assert.h"

/*@
    requires 0 <= n && n < 10;
    requires 0 <= v && v < 2;
*/
int svcomp_14(int n, int v) {
    int c1 = 4000;
    int c2 = 2000;
    int c3 = 10000;

    int i, k, j;

    k = 0;
    i = 0;

    // Loop A
    /*@
        [Hint] Please infer the loop invariant for the following loop.

        loop assigns i, k;
    */
    while(i < n) {
        i++;

        if( v == 0 )
            k += c1;
        else if( v == 1 )
            k += c2;
        else
            k += c3;
    }

    j = 0;
    
    // Loop B
    /*@
        loop assigns j, k;
    */
    while( j < n ) {
        //@ assert k > 0;
        j++;
        k--;
    }

    return 0;
}
You are an expert in program verification, and please generate loop invariant as C annotation comments at the hint location (annotated by "[Hint] Please infer the loop invariant for the following loop.") using ACSL language.
ACSL is a specification language for C programs that conforms to the design by contract paradigm, utilizing Hoare style pre- and postconditions and invariants. Note that the `loop invariant` clause is a condition that is true at the beginning and end of every loop iteration.
Specifically, for the current verification task:
    - Pre-condition: the function's `requires` clauses
    - Post-condition: 
Please verify that the generated loop invariant is consistent with these constraints. If these specific pre- or post-conditions are not provided or empty, please infer the loop invariant strictly based on the program's execution logic and standard correctness.
In order to get a correct answer, You may want to consider both the situation of not entering the loop and the situation of jumping out of the loop. If some of the pre-conditions are also loop invariant, you need to add them to your answer as well.
Use '&&', '||', '==>', '\forall' or '\exists' if necessary. For instance:
```
loop invariant 1 <= x;
loop invariant x == y;
loop invariant 0 < x ==> y <= z;
loop invariant z % 2 == 1 || x == y;
loop invariant z % 2 == 1 && x <= y;
loop invariant \forall integer k;  0 <= k < i ==> max >=  a[k];
loop invariant \exists integer k;  0 <= k < i &&  max == a[k];
loop invariant \forall integer p; 0 <= p < \at(k, End_l) ==> res[p] == \at(res[p], End_l);
```
Your answer should follow the following format:
```
loop invariant ...;
loop invariant ...;
...
```
No explanation. No commentary. Just show me the loop invariant.
 /no_think
--------------------------
----------Response----------
[unused16][unused17]loop invariant i >= 0 && i <= n && k >= 0;
loop invariant j >= 0 && j <= n && k > 0;
----------------------------
----------Prompt----------

#include "assert.h"

/*@
    requires 0 <= n && n < 10;
    requires 0 <= v && v < 2;
*/
int svcomp_14(int n, int v) {
    int c1 = 4000;
    int c2 = 2000;
    int c3 = 10000;

    int i, k, j;

    k = 0;
    i = 0;

    // Loop A
    /*@
        loop invariant i_22: i >= 0 && i <= n && k >= 0;

        loop invariant i_23: j >= 0 && j <= n && k > 0;


        loop assigns i, k;
    */
    while(i < n) {
        i++;

        if( v == 0 )
            k += c1;
        else if( v == 1 )
            k += c2;
        else
            k += c3;
    }

    j = 0;
    
    // Loop B
    /*@
        [Hint] Please infer the loop invariant for the following loop.

        loop assigns j, k;
    */
    while( j < n ) {
        //@ assert k > 0;
        j++;
        k--;
    }

    return 0;
}
You are an expert in program verification, and please generate loop invariant as C annotation comments at the hint location (annotated by "[Hint] Please infer the loop invariant for the following loop.") using ACSL language.
ACSL is a specification language for C programs that conforms to the design by contract paradigm, utilizing Hoare style pre- and postconditions and invariants. Note that the `loop invariant` clause is a condition that is true at the beginning and end of every loop iteration.
Specifically, for the current verification task:
    - Pre-condition: i_22:i >= 0 && i <= n && k >= 0; i_23:j >= 0 && j <= n && k > 0; 
    - Post-condition: 1:k > 0; 
Please verify that the generated loop invariant is consistent with these constraints. If these specific pre- or post-conditions are not provided or empty, please infer the loop invariant strictly based on the program's execution logic and standard correctness.
In order to get a correct answer, You may want to consider both the situation of not entering the loop and the situation of jumping out of the loop. If some of the pre-conditions are also loop invariant, you need to add them to your answer as well.
Use '&&', '||', '==>', '\forall' or '\exists' if necessary. For instance:
```
loop invariant 1 <= x;
loop invariant x == y;
loop invariant 0 < x ==> y <= z;
loop invariant z % 2 == 1 || x == y;
loop invariant z % 2 == 1 && x <= y;
loop invariant \forall integer k;  0 <= k < i ==> max >=  a[k];
loop invariant \exists integer k;  0 <= k < i &&  max == a[k];
loop invariant \forall integer p; 0 <= p < \at(k, End_l) ==> res[p] == \at(res[p], End_l);
```
Your answer should follow the following format:
```
loop invariant ...;
loop invariant ...;
...
```
No explanation. No commentary. Just show me the loop invariant.
 /no_think
--------------------------
----------Response----------
[unused16][unused17][Loop <Loop B>]
loop invariant j >= 0 && j <= n && k > 0;

[Loop <Loop A>]
loop invariant i >= 0 && i <= n && k >= 0;
loop invariant j >= 0 && j <= n && k > 0;
----------------------------
------------Invariant Info-----------
LOOP A:
i_22: i >= 0 && i <= n && k >= 0
i_23: j >= 0 && j <= n && k > 0
LOOP B:
i_24: j >= 0 && j <= n && k > 0
i_25: i >= 0 && i <= n && k >= 0
------------------------------------
---------- Code with Invariants ----------
#include "assert.h"

/*@
    requires 0 <= n && n < 10;
    requires 0 <= v && v < 2;
*/
int svcomp_14(int n, int v) {
    int c1 = 4000;
    int c2 = 2000;
    int c3 = 10000;

    int i, k, j;

    k = 0;
    i = 0;

    // Loop A
    /*@
        loop invariant i_22: i >= 0 && i <= n && k >= 0;

        loop invariant i_23: j >= 0 && j <= n && k > 0;


        loop assigns i, k;
    */
    while(i < n) {
        i++;

        if( v == 0 )
            k += c1;
        else if( v == 1 )
            k += c2;
        else
            k += c3;
    }

    j = 0;
    
    // Loop B
    /*@
        loop invariant i_24: j >= 0 && j <= n && k > 0;

        loop invariant i_25: i >= 0 && i <= n && k >= 0;


        loop assigns j, k;
    */
    while( j < n ) {
        //@ assert k > 0;
        j++;
        k--;
    }

    return 0;
}
------------------------------------------
Verification failed (Fail_11_12), removing all invariants and retrying.
Verification failed: reached maximum attempts.
---------Result---------
Fail
Model: openPangu-Embedded-7B-V1.1
Running time: 125.16996026039124
Proposal number: 5
Verified code:

------------------------
