-----------Model-----------
Model type:
PanguEmbeddedForCausalLM(
  (model): PanguEmbeddedModel(
    (embed_tokens): Embedding(153376, 4096, padding_idx=0)
    (layers): ModuleList(
      (0-33): 34 x PanguEmbeddedDecoderLayer(
        (self_attn): PanguEmbeddedAttention(
          (q_proj): Linear(in_features=4096, out_features=4096, bias=True)
          (k_proj): Linear(in_features=4096, out_features=1024, bias=True)
          (v_proj): Linear(in_features=4096, out_features=1024, bias=True)
          (o_proj): Linear(in_features=4096, out_features=4096, bias=True)
        )
        (mlp): PanguEmbeddedMLP(
          (gate_proj): Linear(in_features=4096, out_features=12800, bias=False)
          (up_proj): Linear(in_features=4096, out_features=12800, bias=False)
          (down_proj): Linear(in_features=12800, out_features=4096, bias=False)
          (act_fn): SiLU()
        )
        (input_layernorm): PanguEmbeddedRMSNorm((4096,), eps=1e-05)
        (post_attention_layernorm): PanguEmbeddedRMSNorm((4096,), eps=1e-05)
      )
    )
    (norm): PanguEmbeddedRMSNorm((4096,), eps=1e-05)
    (rotary_emb): PanguEmbeddedRotaryEmbedding()
  )
  (lm_head): Linear(in_features=4096, out_features=153376, bias=False)
)
Model device:
npu:1
---------------------------
File Path: ../Benchmark/acsl-algorithms/_bst_search.c
----------Code----------
#include <stddef.h>
#include <stdio.h>

struct Node {
    int key;
    struct Node *left;
    struct Node *right;
};

/*@
    predicate BST{L}(struct Node* t) =
        t == \null || (\valid(t) &&
        (t->left == \null || t->left->key <= t->key) &&
        (t->right == \null || t->right->key >= t->key) &&
        BST(t->left) && BST(t->right));

    logic integer height(struct Node* t) =
        t == \null ? 0 : 1 + \max(height(t->left), height(t->right));
*/

/*@
    requires BST(root);
    assigns \nothing;
    ensures e_1: \result == \null || \result->key == key;
*/
struct Node *_bst_search(struct Node *root, int key) {
    struct Node *cur = root;
    /*@
        loop assigns cur;
    */
    while (cur != NULL && cur->key != key) {
        if (key < cur->key)
            cur = cur->left;
        else
            cur = cur->right;
    }
    return cur;
}
------------------------
========== Attempt 1 ==========
----------Prompt----------

#include <stddef.h>
#include <stdio.h>

struct Node {
    int key;
    struct Node *left;
    struct Node *right;
};

/*@
    predicate BST{L}(struct Node* t) =
        t == \null || (\valid(t) &&
        (t->left == \null || t->left->key <= t->key) &&
        (t->right == \null || t->right->key >= t->key) &&
        BST(t->left) && BST(t->right));

    logic integer height(struct Node* t) =
        t == \null ? 0 : 1 + \max(height(t->left), height(t->right));
*/

/*@
    requires BST(root);
    assigns \nothing;
    ensures e_1: \result == \null || \result->key == key;
*/
struct Node *_bst_search(struct Node *root, int key) {
    struct Node *cur = root;
    // Loop A
    /*@
        [Hint] Please infer the loop invariant for the following loop.

        loop assigns cur;
    */
    while (cur != NULL && cur->key != key) {
        if (key < cur->key)
            cur = cur->left;
        else
            cur = cur->right;
    }
    return cur;
}
You are an expert in program verification, and please generate loop invariant as C annotation comments at the hint location (annotated by "[Hint] Please infer the loop invariant for the following loop.") using ACSL language.
ACSL is a specification language for C programs that conforms to the design by contract paradigm, utilizing Hoare style pre- and postconditions and invariants. Note that the `loop invariant` clause is a condition that is true at the beginning and end of every loop iteration.
Specifically, for the current verification task:
    - Pre-condition: the function's `requires` clauses
    - Post-condition: e_1:\result == \null || \result->key == key; 
Please verify that the generated loop invariant is consistent with these constraints. If these specific pre- or post-conditions are not provided or empty, please infer the loop invariant strictly based on the program's execution logic and standard correctness.
In order to get a correct answer, You may want to consider both the situation of not entering the loop and the situation of jumping out of the loop. If some of the pre-conditions are also loop invariant, you need to add them to your answer as well.
Use '&&', '||', '==>', '\forall' or '\exists' if necessary. For instance:
```
loop invariant 1 <= x;
loop invariant x == y;
loop invariant 0 < x ==> y <= z;
loop invariant z % 2 == 1 || x == y;
loop invariant z % 2 == 1 && x <= y;
loop invariant \forall integer k;  0 <= k < i ==> max >=  a[k];
loop invariant \exists integer k;  0 <= k < i &&  max == a[k];
loop invariant \forall integer p; 0 <= p < \at(k, End_l) ==> res[p] == \at(res[p], End_l);
```
Your answer should follow the following format:
```
loop invariant ...;
loop invariant ...;
...
```
No explanation. No commentary. Just show me the loop invariant.
 /no_think
--------------------------
----------Response----------
[unused16][unused17]```
loop invariant && cur == root || cur == \null || (\valid(cur) && (cur->left == \null || cur->left->key <= key) && (cur->right == \null || cur->right->key >= key) && BST(cur->left) && BST(cur->right));
loop invariant cur == \null || (\valid(cur) && (cur->left == \null || cur->left->key <= key) && (cur->right == \null || cur->right->key >= key) && BST(cur->left) && BST(cur->right));
```
----------------------------
------------Invariant Info-----------
LOOP A:
i_0: && cur == root || cur == \null || (\valid(cur) && (cur->left == \null || cur->left->key <= key) && (cur->right == \null || cur->right->key >= key) && BST(cur->left) && BST(cur->right))
i_1: cur == \null || (\valid(cur) && (cur->left == \null || cur->left->key <= key) && (cur->right == \null || cur->right->key >= key) && BST(cur->left) && BST(cur->right))
------------------------------------
---------- Code with Invariants ----------
#include <stddef.h>
#include <stdio.h>

struct Node {
    int key;
    struct Node *left;
    struct Node *right;
};

/*@
    predicate BST{L}(struct Node* t) =
        t == \null || (\valid(t) &&
        (t->left == \null || t->left->key <= t->key) &&
        (t->right == \null || t->right->key >= t->key) &&
        BST(t->left) && BST(t->right));

    logic integer height(struct Node* t) =
        t == \null ? 0 : 1 + \max(height(t->left), height(t->right));
*/

/*@
    requires BST(root);
    assigns \nothing;
    ensures e_1: \result == \null || \result->key == key;
*/
struct Node *_bst_search(struct Node *root, int key) {
    struct Node *cur = root;
    // Loop A
    /*@
        loop invariant i_0: && cur == root || cur == \null || (\valid(cur) && (cur->left == \null || cur->left->key <= key) && (cur->right == \null || cur->right->key >= key) && BST(cur->left) && BST(cur->right));

        loop invariant i_1: cur == \null || (\valid(cur) && (cur->left == \null || cur->left->key <= key) && (cur->right == \null || cur->right->key >= key) && BST(cur->left) && BST(cur->right));


        loop assigns cur;
    */
    while (cur != NULL && cur->key != key) {
        if (key < cur->key)
            cur = cur->left;
        else
            cur = cur->right;
    }
    return cur;
}
------------------------------------------
Verification failed (Invalid), removing all invariants and retrying.
========== Attempt 2 ==========
----------Prompt----------

#include <stddef.h>
#include <stdio.h>

struct Node {
    int key;
    struct Node *left;
    struct Node *right;
};

/*@
    predicate BST{L}(struct Node* t) =
        t == \null || (\valid(t) &&
        (t->left == \null || t->left->key <= t->key) &&
        (t->right == \null || t->right->key >= t->key) &&
        BST(t->left) && BST(t->right));

    logic integer height(struct Node* t) =
        t == \null ? 0 : 1 + \max(height(t->left), height(t->right));
*/

/*@
    requires BST(root);
    assigns \nothing;
    ensures e_1: \result == \null || \result->key == key;
*/
struct Node *_bst_search(struct Node *root, int key) {
    struct Node *cur = root;
    // Loop A
    /*@
        [Hint] Please infer the loop invariant for the following loop.

        loop assigns cur;
    */
    while (cur != NULL && cur->key != key) {
        if (key < cur->key)
            cur = cur->left;
        else
            cur = cur->right;
    }
    return cur;
}
You are an expert in program verification, and please generate loop invariant as C annotation comments at the hint location (annotated by "[Hint] Please infer the loop invariant for the following loop.") using ACSL language.
ACSL is a specification language for C programs that conforms to the design by contract paradigm, utilizing Hoare style pre- and postconditions and invariants. Note that the `loop invariant` clause is a condition that is true at the beginning and end of every loop iteration.
Specifically, for the current verification task:
    - Pre-condition: the function's `requires` clauses
    - Post-condition: e_1:\result == \null || \result->key == key; 
Please verify that the generated loop invariant is consistent with these constraints. If these specific pre- or post-conditions are not provided or empty, please infer the loop invariant strictly based on the program's execution logic and standard correctness.
In order to get a correct answer, You may want to consider both the situation of not entering the loop and the situation of jumping out of the loop. If some of the pre-conditions are also loop invariant, you need to add them to your answer as well.
Use '&&', '||', '==>', '\forall' or '\exists' if necessary. For instance:
```
loop invariant 1 <= x;
loop invariant x == y;
loop invariant 0 < x ==> y <= z;
loop invariant z % 2 == 1 || x == y;
loop invariant z % 2 == 1 && x <= y;
loop invariant \forall integer k;  0 <= k < i ==> max >=  a[k];
loop invariant \exists integer k;  0 <= k < i &&  max == a[k];
loop invariant \forall integer p; 0 <= p < \at(k, End_l) ==> res[p] == \at(res[p], End_l);
```
Your answer should follow the following format:
```
loop invariant ...;
loop invariant ...;
...
```
No explanation. No commentary. Just show me the loop invariant.
 /no_think
--------------------------
----------Response----------
[unused16][unused17][Loop <LOOP A>]
loop invariant cur == root || cur == null || cur->key == key;
loop invariant cur != null && (cur->key >= key || cur->left == null);
loop invariant cur != null && (cur->key >= key || cur->left == null);
```
----------------------------
------------Invariant Info-----------
LOOP A:
i_2: cur == root || cur == null || cur->key == key
i_3: cur != null && (cur->key >= key || cur->left == null)
------------------------------------
---------- Code with Invariants ----------
#include <stddef.h>
#include <stdio.h>

struct Node {
    int key;
    struct Node *left;
    struct Node *right;
};

/*@
    predicate BST{L}(struct Node* t) =
        t == \null || (\valid(t) &&
        (t->left == \null || t->left->key <= t->key) &&
        (t->right == \null || t->right->key >= t->key) &&
        BST(t->left) && BST(t->right));

    logic integer height(struct Node* t) =
        t == \null ? 0 : 1 + \max(height(t->left), height(t->right));
*/

/*@
    requires BST(root);
    assigns \nothing;
    ensures e_1: \result == \null || \result->key == key;
*/
struct Node *_bst_search(struct Node *root, int key) {
    struct Node *cur = root;
    // Loop A
    /*@
        loop invariant i_2: cur == root || cur == null || cur->key == key;

        loop invariant i_3: cur != null && (cur->key >= key || cur->left == null);


        loop assigns cur;
    */
    while (cur != NULL && cur->key != key) {
        if (key < cur->key)
            cur = cur->left;
        else
            cur = cur->right;
    }
    return cur;
}
------------------------------------------
Verification failed (Invalid), removing all invariants and retrying.
========== Attempt 3 ==========
----------Prompt----------

#include <stddef.h>
#include <stdio.h>

struct Node {
    int key;
    struct Node *left;
    struct Node *right;
};

/*@
    predicate BST{L}(struct Node* t) =
        t == \null || (\valid(t) &&
        (t->left == \null || t->left->key <= t->key) &&
        (t->right == \null || t->right->key >= t->key) &&
        BST(t->left) && BST(t->right));

    logic integer height(struct Node* t) =
        t == \null ? 0 : 1 + \max(height(t->left), height(t->right));
*/

/*@
    requires BST(root);
    assigns \nothing;
    ensures e_1: \result == \null || \result->key == key;
*/
struct Node *_bst_search(struct Node *root, int key) {
    struct Node *cur = root;
    // Loop A
    /*@
        [Hint] Please infer the loop invariant for the following loop.

        loop assigns cur;
    */
    while (cur != NULL && cur->key != key) {
        if (key < cur->key)
            cur = cur->left;
        else
            cur = cur->right;
    }
    return cur;
}
You are an expert in program verification, and please generate loop invariant as C annotation comments at the hint location (annotated by "[Hint] Please infer the loop invariant for the following loop.") using ACSL language.
ACSL is a specification language for C programs that conforms to the design by contract paradigm, utilizing Hoare style pre- and postconditions and invariants. Note that the `loop invariant` clause is a condition that is true at the beginning and end of every loop iteration.
Specifically, for the current verification task:
    - Pre-condition: the function's `requires` clauses
    - Post-condition: e_1:\result == \null || \result->key == key; 
Please verify that the generated loop invariant is consistent with these constraints. If these specific pre- or post-conditions are not provided or empty, please infer the loop invariant strictly based on the program's execution logic and standard correctness.
In order to get a correct answer, You may want to consider both the situation of not entering the loop and the situation of jumping out of the loop. If some of the pre-conditions are also loop invariant, you need to add them to your answer as well.
Use '&&', '||', '==>', '\forall' or '\exists' if necessary. For instance:
```
loop invariant 1 <= x;
loop invariant x == y;
loop invariant 0 < x ==> y <= z;
loop invariant z % 2 == 1 || x == y;
loop invariant z % 2 == 1 && x <= y;
loop invariant \forall integer k;  0 <= k < i ==> max >=  a[k];
loop invariant \exists integer k;  0 <= k < i &&  max == a[k];
loop invariant \forall integer p; 0 <= p < \at(k, End_l) ==> res[p] == \at(res[p], End_l);
```
Your answer should follow the following format:
```
loop invariant ...;
loop invariant ...;
...
```
No explanation. No commentary. Just show me the loop invariant.
 /no_think
--------------------------
----------Response----------
[unused16][unused17]```
loop invariant /*@
    \exists Node *cur; cur == root && (\invalid(cur) || (cur->left == \null || cur->left->key <= key) && (cur->right == \null || cur->right->key >= key));
`;
```
----------------------------
------------Invariant Info-----------
LOOP A:
i_4: /*@ \exists Node *cur; cur == root && (\invalid(cur) || (cur->left == \null || cur->left->key <= key) && (cur->right == \null || cur->right->key >= key))
------------------------------------
---------- Code with Invariants ----------
#include <stddef.h>
#include <stdio.h>

struct Node {
    int key;
    struct Node *left;
    struct Node *right;
};

/*@
    predicate BST{L}(struct Node* t) =
        t == \null || (\valid(t) &&
        (t->left == \null || t->left->key <= t->key) &&
        (t->right == \null || t->right->key >= t->key) &&
        BST(t->left) && BST(t->right));

    logic integer height(struct Node* t) =
        t == \null ? 0 : 1 + \max(height(t->left), height(t->right));
*/

/*@
    requires BST(root);
    assigns \nothing;
    ensures e_1: \result == \null || \result->key == key;
*/
struct Node *_bst_search(struct Node *root, int key) {
    struct Node *cur = root;
    // Loop A
    /*@
        loop invariant i_4: /*@ \exists Node *cur; cur == root && (\invalid(cur) || (cur->left == \null || cur->left->key <= key) && (cur->right == \null || cur->right->key >= key));


        loop assigns cur;
    */
    while (cur != NULL && cur->key != key) {
        if (key < cur->key)
            cur = cur->left;
        else
            cur = cur->right;
    }
    return cur;
}
------------------------------------------
Verification failed (Invalid), removing all invariants and retrying.
========== Attempt 4 ==========
----------Prompt----------

#include <stddef.h>
#include <stdio.h>

struct Node {
    int key;
    struct Node *left;
    struct Node *right;
};

/*@
    predicate BST{L}(struct Node* t) =
        t == \null || (\valid(t) &&
        (t->left == \null || t->left->key <= t->key) &&
        (t->right == \null || t->right->key >= t->key) &&
        BST(t->left) && BST(t->right));

    logic integer height(struct Node* t) =
        t == \null ? 0 : 1 + \max(height(t->left), height(t->right));
*/

/*@
    requires BST(root);
    assigns \nothing;
    ensures e_1: \result == \null || \result->key == key;
*/
struct Node *_bst_search(struct Node *root, int key) {
    struct Node *cur = root;
    // Loop A
    /*@
        [Hint] Please infer the loop invariant for the following loop.

        loop assigns cur;
    */
    while (cur != NULL && cur->key != key) {
        if (key < cur->key)
            cur = cur->left;
        else
            cur = cur->right;
    }
    return cur;
}
You are an expert in program verification, and please generate loop invariant as C annotation comments at the hint location (annotated by "[Hint] Please infer the loop invariant for the following loop.") using ACSL language.
ACSL is a specification language for C programs that conforms to the design by contract paradigm, utilizing Hoare style pre- and postconditions and invariants. Note that the `loop invariant` clause is a condition that is true at the beginning and end of every loop iteration.
Specifically, for the current verification task:
    - Pre-condition: the function's `requires` clauses
    - Post-condition: e_1:\result == \null || \result->key == key; 
Please verify that the generated loop invariant is consistent with these constraints. If these specific pre- or post-conditions are not provided or empty, please infer the loop invariant strictly based on the program's execution logic and standard correctness.
In order to get a correct answer, You may want to consider both the situation of not entering the loop and the situation of jumping out of the loop. If some of the pre-conditions are also loop invariant, you need to add them to your answer as well.
Use '&&', '||', '==>', '\forall' or '\exists' if necessary. For instance:
```
loop invariant 1 <= x;
loop invariant x == y;
loop invariant 0 < x ==> y <= z;
loop invariant z % 2 == 1 || x == y;
loop invariant z % 2 == 1 && x <= y;
loop invariant \forall integer k;  0 <= k < i ==> max >=  a[k];
loop invariant \exists integer k;  0 <= k < i &&  max == a[k];
loop invariant \forall integer p; 0 <= p < \at(k, End_l) ==> res[p] == \at(res[p], End_l);
```
Your answer should follow the following format:
```
loop invariant ...;
loop invariant ...;
...
```
No explanation. No commentary. Just show me the loop invariant.
 /no_think
--------------------------
----------Response----------
[unused16][unused17]loop invariant cur == cur;
loop invariant cur != NULL && cur->key != key;
```
----------------------------
------------Invariant Info-----------
LOOP A:
i_5: cur == cur
i_6: cur != NULL && cur->key != key
------------------------------------
---------- Code with Invariants ----------
#include <stddef.h>
#include <stdio.h>

struct Node {
    int key;
    struct Node *left;
    struct Node *right;
};

/*@
    predicate BST{L}(struct Node* t) =
        t == \null || (\valid(t) &&
        (t->left == \null || t->left->key <= t->key) &&
        (t->right == \null || t->right->key >= t->key) &&
        BST(t->left) && BST(t->right));

    logic integer height(struct Node* t) =
        t == \null ? 0 : 1 + \max(height(t->left), height(t->right));
*/

/*@
    requires BST(root);
    assigns \nothing;
    ensures e_1: \result == \null || \result->key == key;
*/
struct Node *_bst_search(struct Node *root, int key) {
    struct Node *cur = root;
    // Loop A
    /*@
        loop invariant i_5: cur == cur;

        loop invariant i_6: cur != NULL && cur->key != key;


        loop assigns cur;
    */
    while (cur != NULL && cur->key != key) {
        if (key < cur->key)
            cur = cur->left;
        else
            cur = cur->right;
    }
    return cur;
}
------------------------------------------
Verification failed (Fail_6_8), removing all invariants and retrying.
========== Attempt 5 ==========
----------Prompt----------

#include <stddef.h>
#include <stdio.h>

struct Node {
    int key;
    struct Node *left;
    struct Node *right;
};

/*@
    predicate BST{L}(struct Node* t) =
        t == \null || (\valid(t) &&
        (t->left == \null || t->left->key <= t->key) &&
        (t->right == \null || t->right->key >= t->key) &&
        BST(t->left) && BST(t->right));

    logic integer height(struct Node* t) =
        t == \null ? 0 : 1 + \max(height(t->left), height(t->right));
*/

/*@
    requires BST(root);
    assigns \nothing;
    ensures e_1: \result == \null || \result->key == key;
*/
struct Node *_bst_search(struct Node *root, int key) {
    struct Node *cur = root;
    // Loop A
    /*@
        [Hint] Please infer the loop invariant for the following loop.

        loop assigns cur;
    */
    while (cur != NULL && cur->key != key) {
        if (key < cur->key)
            cur = cur->left;
        else
            cur = cur->right;
    }
    return cur;
}
You are an expert in program verification, and please generate loop invariant as C annotation comments at the hint location (annotated by "[Hint] Please infer the loop invariant for the following loop.") using ACSL language.
ACSL is a specification language for C programs that conforms to the design by contract paradigm, utilizing Hoare style pre- and postconditions and invariants. Note that the `loop invariant` clause is a condition that is true at the beginning and end of every loop iteration.
Specifically, for the current verification task:
    - Pre-condition: the function's `requires` clauses
    - Post-condition: e_1:\result == \null || \result->key == key; 
Please verify that the generated loop invariant is consistent with these constraints. If these specific pre- or post-conditions are not provided or empty, please infer the loop invariant strictly based on the program's execution logic and standard correctness.
In order to get a correct answer, You may want to consider both the situation of not entering the loop and the situation of jumping out of the loop. If some of the pre-conditions are also loop invariant, you need to add them to your answer as well.
Use '&&', '||', '==>', '\forall' or '\exists' if necessary. For instance:
```
loop invariant 1 <= x;
loop invariant x == y;
loop invariant 0 < x ==> y <= z;
loop invariant z % 2 == 1 || x == y;
loop invariant z % 2 == 1 && x <= y;
loop invariant \forall integer k;  0 <= k < i ==> max >=  a[k];
loop invariant \exists integer k;  0 <= k < i &&  max == a[k];
loop invariant \forall integer p; 0 <= p < \at(k, End_l) ==> res[p] == \at(res[p], End_l);
```
Your answer should follow the following format:
```
loop invariant ...;
loop invariant ...;
...
```
No explanation. No commentary. Just show me the loop invariant.
 /no_think
--------------------------
----------Response----------
[unused16][unused17][Loop <LOOP>]
loop invariant cur != NULL && cur->key != key && (key < cur->key || cur->key < key);
loop invariant cur == root || \exists i < i_prev; root->left == cur || root->right == cur;
loop invariant \exists integer i; 0 <= i <= i_prev; cur == \at(i, root) && (key <= \at(cur, key) || key >= \at(cur, key));
loop invariant \forall integer i;  i == 0 || \at(cur, key) >= key;
loop invariant \forall integer i; \at(cur, key) <= key || \at(cur, key) == key;
loop invariant \forall integer i; \at(cur, key) >= key || \at(cur, key) <= key;
```
----------------------------
------------Invariant Info-----------
LOOP A:
i_7: cur != NULL && cur->key != key && (key < cur->key || cur->key < key)
i_8: cur == root || \exists i < i_prev; root->left == cur || root->right == cur
i_9: \exists integer i; 0 <= i <= i_prev
i_10: \forall integer i; i == 0 || \at(cur, key) >= key
i_11: \forall integer i; \at(cur, key) <= key || \at(cur, key) == key
i_12: \forall integer i; \at(cur, key) >= key || \at(cur, key) <= key
------------------------------------
---------- Code with Invariants ----------
#include <stddef.h>
#include <stdio.h>

struct Node {
    int key;
    struct Node *left;
    struct Node *right;
};

/*@
    predicate BST{L}(struct Node* t) =
        t == \null || (\valid(t) &&
        (t->left == \null || t->left->key <= t->key) &&
        (t->right == \null || t->right->key >= t->key) &&
        BST(t->left) && BST(t->right));

    logic integer height(struct Node* t) =
        t == \null ? 0 : 1 + \max(height(t->left), height(t->right));
*/

/*@
    requires BST(root);
    assigns \nothing;
    ensures e_1: \result == \null || \result->key == key;
*/
struct Node *_bst_search(struct Node *root, int key) {
    struct Node *cur = root;
    // Loop A
    /*@
        loop invariant i_7: cur != NULL && cur->key != key && (key < cur->key || cur->key < key);

        loop invariant i_8: cur == root || \exists i < i_prev; root->left == cur || root->right == cur;

        loop invariant i_9: \exists integer i; 0 <= i <= i_prev;

        loop invariant i_10: \forall integer i; i == 0 || \at(cur, key) >= key;

        loop invariant i_11: \forall integer i; \at(cur, key) <= key || \at(cur, key) == key;

        loop invariant i_12: \forall integer i; \at(cur, key) >= key || \at(cur, key) <= key;


        loop assigns cur;
    */
    while (cur != NULL && cur->key != key) {
        if (key < cur->key)
            cur = cur->left;
        else
            cur = cur->right;
    }
    return cur;
}
------------------------------------------
Verification failed (Invalid), removing all invariants and retrying.
Verification failed: reached maximum attempts.
---------Result---------
Fail
Model: openPangu-Embedded-7B-V1.1
Running time: 80.80225372314453
Proposal number: 5
Verified code:

------------------------
