-----------Model-----------
Model type:
PanguEmbeddedForCausalLM(
  (model): PanguEmbeddedModel(
    (embed_tokens): Embedding(153376, 4096, padding_idx=0)
    (layers): ModuleList(
      (0-33): 34 x PanguEmbeddedDecoderLayer(
        (self_attn): PanguEmbeddedAttention(
          (q_proj): Linear(in_features=4096, out_features=4096, bias=True)
          (k_proj): Linear(in_features=4096, out_features=1024, bias=True)
          (v_proj): Linear(in_features=4096, out_features=1024, bias=True)
          (o_proj): Linear(in_features=4096, out_features=4096, bias=True)
        )
        (mlp): PanguEmbeddedMLP(
          (gate_proj): Linear(in_features=4096, out_features=12800, bias=False)
          (up_proj): Linear(in_features=4096, out_features=12800, bias=False)
          (down_proj): Linear(in_features=12800, out_features=4096, bias=False)
          (act_fn): SiLU()
        )
        (input_layernorm): PanguEmbeddedRMSNorm((4096,), eps=1e-05)
        (post_attention_layernorm): PanguEmbeddedRMSNorm((4096,), eps=1e-05)
      )
    )
    (norm): PanguEmbeddedRMSNorm((4096,), eps=1e-05)
    (rotary_emb): PanguEmbeddedRotaryEmbedding()
  )
  (lm_head): Linear(in_features=4096, out_features=153376, bias=False)
)
Model device:
npu:1
---------------------------
File Path: ../Benchmark/OOPSLA/oopsla_36.c
----------Code----------
int unknown1();
int unknown2();
int unknown3();

void oopsla_36(int flag) {
    int a = 0;
    int b = 0;
    int x = 0;
    int y = 0;
    int z = 0;
    int w = 0;
    int j = w;
    int i = z;
    int k = 0;

    /*@
        loop assigns i, j, k, x, y, z, w;
    */
    while (unknown1()) {
        i = z;
        j = w;
        k = 0;

        /*@
            loop assigns k, i;
        */
        while (i < j) {
            k++;
            i++;
        }

        x = z;
        y = k;

        if (x % 2 == 1) {
            x++;
            y--;
        }

        /*@
            loop assigns x, y;
        */
        while (unknown2()) {
            if (x % 2 == 0) {
                x += 2;
                y -= 2;
            } 
            else {
                x--;
                y--;
            }
        }
        z++;
        w = x + y + 1;
    }

    int c = 0;
    int d = 0;
    
    /*@
        loop assigns a, b, c, d;
    */
    while (unknown3()) {
        c++;
        d++;
        if (flag) {
            a++;
            b++;
        } else {
            a += c;
            b += d;
        }
    }

    //@ assert a_1: (w >= z && a - b == 0);
}
------------------------
----------Prompt----------

int unknown1();
int unknown2();
int unknown3();

void oopsla_36(int flag) {
    int a = 0;
    int b = 0;
    int x = 0;
    int y = 0;
    int z = 0;
    int w = 0;
    int j = w;
    int i = z;
    int k = 0;

    // Loop A
    /*@
        [Hint] Please infer the loop invariant for the following loop.

        loop assigns i, j, k, x, y, z, w;
    */
    while (unknown1()) {
        i = z;
        j = w;
        k = 0;

        // Loop B
        /*@
            loop assigns k, i;
        */
        while (i < j) {
            k++;
            i++;
        }

        x = z;
        y = k;

        if (x % 2 == 1) {
            x++;
            y--;
        }

        // Loop C
        /*@
            loop assigns x, y;
        */
        while (unknown2()) {
            if (x % 2 == 0) {
                x += 2;
                y -= 2;
            } 
            else {
                x--;
                y--;
            }
        }
        z++;
        w = x + y + 1;
    }

    int c = 0;
    int d = 0;
    
    // Loop D
    /*@
        loop assigns a, b, c, d;
    */
    while (unknown3()) {
        c++;
        d++;
        if (flag) {
            a++;
            b++;
        } else {
            a += c;
            b += d;
        }
    }

    //@ assert a_1: (w >= z && a - b == 0);
}
You are an expert in program verification, and please generate loop invariant as C annotation comments at the hint location (annotated by "[Hint] Please infer the loop invariant for the following loop.") using ACSL language.
ACSL is a specification language for C programs that conforms to the design by contract paradigm, utilizing Hoare style pre- and postconditions and invariants. Note that the `loop invariant` clause is a condition that is true at the beginning and end of every loop iteration.
Specifically, for the current verification task:
    - Pre-condition: the function's `requires` clauses
    - Post-condition: 
Please verify that the generated loop invariant is consistent with these constraints. If these specific pre- or post-conditions are not provided or empty, please infer the loop invariant strictly based on the program's execution logic and standard correctness.
In order to get a correct answer, You may want to consider both the situation of not entering the loop and the situation of jumping out of the loop. If some of the pre-conditions are also loop invariant, you need to add them to your answer as well.
Use '&&', '||', '==>', '\forall' or '\exists' if necessary. For instance:
```
loop invariant 1 <= x;
loop invariant x == y;
loop invariant 0 < x ==> y <= z;
loop invariant z % 2 == 1 || x == y;
loop invariant z % 2 == 1 && x <= y;
loop invariant \forall integer k;  0 <= k < i ==> max >=  a[k];
loop invariant \exists integer k;  0 <= k < i &&  max == a[k];
loop invariant \forall integer p; 0 <= p < \at(k, End_l) ==> res[p] == \at(res[p], End_l);
```
Your answer should follow the following format:
```
loop invariant ...;
loop invariant ...;
...
```
No explanation. No commentary. Just show me the loop invariant.
 /no_think
--------------------------
----------Response----------
[unused16][unused17]```
loop invariant i == z;
loop invariant j == w;
loop invariant k == 0 || i < j;
loop invariant x == z && (x % 2 == 0 || x == y);
loop invariant y == k;
loop invariant z % 2 == 1 || x % 2 == 1;
loop invariant w == j;
loop invariant x + y + z + w == 0;
loop invariant c == 0 && d == 0;
```
----------------------------
----------Prompt----------

int unknown1();
int unknown2();
int unknown3();

void oopsla_36(int flag) {
    int a = 0;
    int b = 0;
    int x = 0;
    int y = 0;
    int z = 0;
    int w = 0;
    int j = w;
    int i = z;
    int k = 0;

    // Loop A
    /*@
        loop invariant i_0: i == z;

        loop invariant i_1: j == w;

        loop invariant i_2: k == 0 || i < j;

        loop invariant i_3: x == z && (x % 2 == 0 || x == y);

        loop invariant i_4: y == k;

        loop invariant i_5: z % 2 == 1 || x % 2 == 1;

        loop invariant i_6: w == j;

        loop invariant i_7: x + y + z + w == 0;

        loop invariant i_8: c == 0 && d == 0;


        loop assigns i, j, k, x, y, z, w;
    */
    while (unknown1()) {
        i = z;
        j = w;
        k = 0;

        // Loop B
        /*@
            loop assigns k, i;
        */
        while (i < j) {
            k++;
            i++;
        }

        x = z;
        y = k;

        if (x % 2 == 1) {
            x++;
            y--;
        }

        // Loop C
        /*@
            loop assigns x, y;
        */
        while (unknown2()) {
            if (x % 2 == 0) {
                x += 2;
                y -= 2;
            } 
            else {
                x--;
                y--;
            }
        }
        z++;
        w = x + y + 1;
    }

    int c = 0;
    int d = 0;
    
    // Loop D
    /*@
        [Hint] Please infer the loop invariant for the following loop.

        loop assigns a, b, c, d;
    */
    while (unknown3()) {
        c++;
        d++;
        if (flag) {
            a++;
            b++;
        } else {
            a += c;
            b += d;
        }
    }

    //@ assert a_1: (w >= z && a - b == 0);
}
You are an expert in program verification, and please generate loop invariant as C annotation comments at the hint location (annotated by "[Hint] Please infer the loop invariant for the following loop.") using ACSL language.
ACSL is a specification language for C programs that conforms to the design by contract paradigm, utilizing Hoare style pre- and postconditions and invariants. Note that the `loop invariant` clause is a condition that is true at the beginning and end of every loop iteration.
Specifically, for the current verification task:
    - Pre-condition: i_0:i == z; i_1:j == w; i_2:k == 0 || i < j; i_3:x == z && (x % 2 == 0 || x == y); i_4:y == k; i_5:z % 2 == 1 || x % 2 == 1; i_6:w == j; i_7:x + y + z + w == 0; i_8:c == 0 && d == 0; 
    - Post-condition: a_1:(w >= z && a - b == 0); 
Please verify that the generated loop invariant is consistent with these constraints. If these specific pre- or post-conditions are not provided or empty, please infer the loop invariant strictly based on the program's execution logic and standard correctness.
In order to get a correct answer, You may want to consider both the situation of not entering the loop and the situation of jumping out of the loop. If some of the pre-conditions are also loop invariant, you need to add them to your answer as well.
Use '&&', '||', '==>', '\forall' or '\exists' if necessary. For instance:
```
loop invariant 1 <= x;
loop invariant x == y;
loop invariant 0 < x ==> y <= z;
loop invariant z % 2 == 1 || x == y;
loop invariant z % 2 == 1 && x <= y;
loop invariant \forall integer k;  0 <= k < i ==> max >=  a[k];
loop invariant \exists integer k;  0 <= k < i &&  max == a[k];
loop invariant \forall integer p; 0 <= p < \at(k, End_l) ==> res[p] == \at(res[p], End_l);
```
Your answer should follow the following format:
```
loop invariant ...;
loop invariant ...;
...
```
No explanation. No commentary. Just show me the loop invariant.
 /no_think
--------------------------
----------Response----------
[unused16][unused17]```
loop invariant c == 0 && d == 0 && flag == 0 && z == 0 && w == j && x == z && (x % 2 == 0 || x == y) && k == 0 || i < j;
loop invariant i == z && y == k && x + y + z + w == 0;
```
----------------------------
----------Prompt----------

int unknown1();
int unknown2();
int unknown3();

void oopsla_36(int flag) {
    int a = 0;
    int b = 0;
    int x = 0;
    int y = 0;
    int z = 0;
    int w = 0;
    int j = w;
    int i = z;
    int k = 0;

    // Loop A
    /*@
        loop invariant i_0: i == z;

        loop invariant i_1: j == w;

        loop invariant i_2: k == 0 || i < j;

        loop invariant i_3: x == z && (x % 2 == 0 || x == y);

        loop invariant i_4: y == k;

        loop invariant i_5: z % 2 == 1 || x % 2 == 1;

        loop invariant i_6: w == j;

        loop invariant i_7: x + y + z + w == 0;

        loop invariant i_8: c == 0 && d == 0;


        loop assigns i, j, k, x, y, z, w;
    */
    while (unknown1()) {
        i = z;
        j = w;
        k = 0;

        // Loop B
        /*@
            [Hint] Please infer the loop invariant for the following loop.

            loop assigns k, i;
        */
        while (i < j) {
            k++;
            i++;
        }

        x = z;
        y = k;

        if (x % 2 == 1) {
            x++;
            y--;
        }

        // Loop C
        /*@
            loop assigns x, y;
        */
        while (unknown2()) {
            if (x % 2 == 0) {
                x += 2;
                y -= 2;
            } 
            else {
                x--;
                y--;
            }
        }
        z++;
        w = x + y + 1;
    }

    int c = 0;
    int d = 0;
    
    // Loop D
    /*@
        loop invariant i_9: c == 0 && d == 0 && flag == 0 && z == 0 && w == j && x == z && (x % 2 == 0 || x == y) && k == 0 || i < j;

        loop invariant i_10: i == z && y == k && x + y + z + w == 0;


        loop assigns a, b, c, d;
    */
    while (unknown3()) {
        c++;
        d++;
        if (flag) {
            a++;
            b++;
        } else {
            a += c;
            b += d;
        }
    }

    //@ assert a_1: (w >= z && a - b == 0);
}
You are an expert in program verification, and please generate loop invariant as C annotation comments at the hint location (annotated by "[Hint] Please infer the loop invariant for the following loop.") using ACSL language.
ACSL is a specification language for C programs that conforms to the design by contract paradigm, utilizing Hoare style pre- and postconditions and invariants. Note that the `loop invariant` clause is a condition that is true at the beginning and end of every loop iteration.
Specifically, for the current verification task:
    - Pre-condition: i_0:i == z; i_1:j == w; i_2:k == 0 || i < j; i_3:x == z && (x % 2 == 0 || x == y); i_4:y == k; i_5:z % 2 == 1 || x % 2 == 1; i_6:w == j; i_7:x + y + z + w == 0; i_8:c == 0 && d == 0; 
    - Post-condition: 
Please verify that the generated loop invariant is consistent with these constraints. If these specific pre- or post-conditions are not provided or empty, please infer the loop invariant strictly based on the program's execution logic and standard correctness.
In order to get a correct answer, You may want to consider both the situation of not entering the loop and the situation of jumping out of the loop. If some of the pre-conditions are also loop invariant, you need to add them to your answer as well.
Use '&&', '||', '==>', '\forall' or '\exists' if necessary. For instance:
```
loop invariant 1 <= x;
loop invariant x == y;
loop invariant 0 < x ==> y <= z;
loop invariant z % 2 == 1 || x == y;
loop invariant z % 2 == 1 && x <= y;
loop invariant \forall integer k;  0 <= k < i ==> max >=  a[k];
loop invariant \exists integer k;  0 <= k < i &&  max == a[k];
loop invariant \forall integer p; 0 <= p < \at(k, End_l) ==> res[p] == \at(res[p], End_l);
```
Your answer should follow the following format:
```
loop invariant ...;
loop invariant ...;
...
```
No explanation. No commentary. Just show me the loop invariant.
 /no_think
--------------------------
----------Response----------
[unused16][unused17]```
loop invariant i == z && y == k && x + y + z + w == 0 && (x % 2 == 0 || x == y) && k == 0 || i < j;
loop invariant z % 2 == 1 || x % 2 == 1;
```
----------------------------
----------Prompt----------

int unknown1();
int unknown2();
int unknown3();

void oopsla_36(int flag) {
    int a = 0;
    int b = 0;
    int x = 0;
    int y = 0;
    int z = 0;
    int w = 0;
    int j = w;
    int i = z;
    int k = 0;

    // Loop A
    /*@
        loop invariant i_0: i == z;

        loop invariant i_1: j == w;

        loop invariant i_2: k == 0 || i < j;

        loop invariant i_3: x == z && (x % 2 == 0 || x == y);

        loop invariant i_4: y == k;

        loop invariant i_5: z % 2 == 1 || x % 2 == 1;

        loop invariant i_6: w == j;

        loop invariant i_7: x + y + z + w == 0;

        loop invariant i_8: c == 0 && d == 0;


        loop assigns i, j, k, x, y, z, w;
    */
    while (unknown1()) {
        i = z;
        j = w;
        k = 0;

        // Loop B
        /*@
            loop invariant i_11: i == z && y == k && x + y + z + w == 0 && (x % 2 == 0 || x == y) && k == 0 || i < j;

            loop invariant i_12: z % 2 == 1 || x % 2 == 1;


            loop assigns k, i;
        */
        while (i < j) {
            k++;
            i++;
        }

        x = z;
        y = k;

        if (x % 2 == 1) {
            x++;
            y--;
        }

        // Loop C
        /*@
            [Hint] Please infer the loop invariant for the following loop.

            loop assigns x, y;
        */
        while (unknown2()) {
            if (x % 2 == 0) {
                x += 2;
                y -= 2;
            } 
            else {
                x--;
                y--;
            }
        }
        z++;
        w = x + y + 1;
    }

    int c = 0;
    int d = 0;
    
    // Loop D
    /*@
        loop invariant i_9: c == 0 && d == 0 && flag == 0 && z == 0 && w == j && x == z && (x % 2 == 0 || x == y) && k == 0 || i < j;

        loop invariant i_10: i == z && y == k && x + y + z + w == 0;


        loop assigns a, b, c, d;
    */
    while (unknown3()) {
        c++;
        d++;
        if (flag) {
            a++;
            b++;
        } else {
            a += c;
            b += d;
        }
    }

    //@ assert a_1: (w >= z && a - b == 0);
}
You are an expert in program verification, and please generate loop invariant as C annotation comments at the hint location (annotated by "[Hint] Please infer the loop invariant for the following loop.") using ACSL language.
ACSL is a specification language for C programs that conforms to the design by contract paradigm, utilizing Hoare style pre- and postconditions and invariants. Note that the `loop invariant` clause is a condition that is true at the beginning and end of every loop iteration.
Specifically, for the current verification task:
    - Pre-condition: i_11:i == z && y == k && x + y + z + w == 0 && (x % 2 == 0 || x == y) && k == 0 || i < j; i_12:z % 2 == 1 || x % 2 == 1; 
    - Post-condition: i_0:i == z; i_1:j == w; i_2:k == 0 || i < j; i_3:x == z && (x % 2 == 0 || x == y); i_4:y == k; i_5:z % 2 == 1 || x % 2 == 1; i_6:w == j; i_7:x + y + z + w == 0; i_8:c == 0 && d == 0; 
Please verify that the generated loop invariant is consistent with these constraints. If these specific pre- or post-conditions are not provided or empty, please infer the loop invariant strictly based on the program's execution logic and standard correctness.
In order to get a correct answer, You may want to consider both the situation of not entering the loop and the situation of jumping out of the loop. If some of the pre-conditions are also loop invariant, you need to add them to your answer as well.
Use '&&', '||', '==>', '\forall' or '\exists' if necessary. For instance:
```
loop invariant 1 <= x;
loop invariant x == y;
loop invariant 0 < x ==> y <= z;
loop invariant z % 2 == 1 || x == y;
loop invariant z % 2 == 1 && x <= y;
loop invariant \forall integer k;  0 <= k < i ==> max >=  a[k];
loop invariant \exists integer k;  0 <= k < i &&  max == a[k];
loop invariant \forall integer p; 0 <= p < \at(k, End_l) ==> res[p] == \at(res[p], End_l);
```
Your answer should follow the following format:
```
loop invariant ...;
loop invariant ...;
...
```
No explanation. No commentary. Just show me the loop invariant.
 /no_think
--------------------------
----------Response----------
[unused16][unused17][Loop C]
loop invariant i == z && y == k && x + y + z + w == 0 && (x % 2 == 0 || x == y) && k == 0 || i < j;

[Loop D]
loop invariant c == 0 && d == 0 && flag == 0 && z == 0 && w == j && x == z && (x % 2 == 0 || x == y) && k == 0 || i < j;
----------------------------
------------Invariant Info-----------
LOOP A:
i_0: i == z
i_1: j == w
i_2: k == 0 || i < j
i_3: x == z && (x % 2 == 0 || x == y)
i_4: y == k
i_5: z % 2 == 1 || x % 2 == 1
i_6: w == j
i_7: x + y + z + w == 0
i_8: c == 0 && d == 0
LOOP B:
i_11: i == z && y == k && x + y + z + w == 0 && (x % 2 == 0 || x == y) && k == 0 || i < j
i_12: z % 2 == 1 || x % 2 == 1
LOOP C:
i_13: i == z && y == k && x + y + z + w == 0 && (x % 2 == 0 || x == y) && k == 0 || i < j
LOOP D:
i_9: c == 0 && d == 0 && flag == 0 && z == 0 && w == j && x == z && (x % 2 == 0 || x == y) && k == 0 || i < j
i_10: i == z && y == k && x + y + z + w == 0
------------------------------------
----------Code with Invariants----------
int unknown1();
int unknown2();
int unknown3();

void oopsla_36(int flag) {
    int a = 0;
    int b = 0;
    int x = 0;
    int y = 0;
    int z = 0;
    int w = 0;
    int j = w;
    int i = z;
    int k = 0;

    // Loop A
    /*@
        loop invariant i_0: i == z;

        loop invariant i_1: j == w;

        loop invariant i_2: k == 0 || i < j;

        loop invariant i_3: x == z && (x % 2 == 0 || x == y);

        loop invariant i_4: y == k;

        loop invariant i_5: z % 2 == 1 || x % 2 == 1;

        loop invariant i_6: w == j;

        loop invariant i_7: x + y + z + w == 0;

        loop invariant i_8: c == 0 && d == 0;


        loop assigns i, j, k, x, y, z, w;
    */
    while (unknown1()) {
        i = z;
        j = w;
        k = 0;

        // Loop B
        /*@
            loop invariant i_11: i == z && y == k && x + y + z + w == 0 && (x % 2 == 0 || x == y) && k == 0 || i < j;

            loop invariant i_12: z % 2 == 1 || x % 2 == 1;


            loop assigns k, i;
        */
        while (i < j) {
            k++;
            i++;
        }

        x = z;
        y = k;

        if (x % 2 == 1) {
            x++;
            y--;
        }

        // Loop C
        /*@
            loop invariant i_13: i == z && y == k && x + y + z + w == 0 && (x % 2 == 0 || x == y) && k == 0 || i < j;


            loop assigns x, y;
        */
        while (unknown2()) {
            if (x % 2 == 0) {
                x += 2;
                y -= 2;
            } 
            else {
                x--;
                y--;
            }
        }
        z++;
        w = x + y + 1;
    }

    int c = 0;
    int d = 0;
    
    // Loop D
    /*@
        loop invariant i_9: c == 0 && d == 0 && flag == 0 && z == 0 && w == j && x == z && (x % 2 == 0 || x == y) && k == 0 || i < j;

        loop invariant i_10: i == z && y == k && x + y + z + w == 0;


        loop assigns a, b, c, d;
    */
    while (unknown3()) {
        c++;
        d++;
        if (flag) {
            a++;
            b++;
        } else {
            a += c;
            b += d;
        }
    }

    //@ assert a_1: (w >= z && a - b == 0);
}
----------------------------------------
------------Invariant Info-----------
LOOP A:
i_0: i == z
i_1: j == w
i_2: k == 0 || i < j
i_3: x == z && (x % 2 == 0 || x == y)
i_4: y == k
i_5: z % 2 == 1 || x % 2 == 1
i_6: w == j
i_7: x + y + z + w == 0
i_8: c == 0 && d == 0
LOOP B:
i_11: i == z && y == k && x + y + z + w == 0 && (x % 2 == 0 || x == y) && k == 0 || i < j
i_12: z % 2 == 1 || x % 2 == 1
LOOP C:
i_13: i == z && y == k && x + y + z + w == 0 && (x % 2 == 0 || x == y) && k == 0 || i < j
LOOP D:
i_9: c == 0 && d == 0 && flag == 0 && z == 0 && w == j && x == z && (x % 2 == 0 || x == y) && k == 0 || i < j
i_10: i == z && y == k && x + y + z + w == 0
------------------------------------
----------Code with Invariants----------
int unknown1();
int unknown2();
int unknown3();

void oopsla_36(int flag) {
    int a = 0;
    int b = 0;
    int x = 0;
    int y = 0;
    int z = 0;
    int w = 0;
    int j = w;
    int i = z;
    int k = 0;

    // Loop A
    /*@
        loop invariant i_0: i == z;

        loop invariant i_1: j == w;

        loop invariant i_2: k == 0 || i < j;

        loop invariant i_3: x == z && (x % 2 == 0 || x == y);

        loop invariant i_4: y == k;

        loop invariant i_5: z % 2 == 1 || x % 2 == 1;

        loop invariant i_6: w == j;

        loop invariant i_7: x + y + z + w == 0;

        loop invariant i_8: c == 0 && d == 0;


        loop assigns i, j, k, x, y, z, w;
    */
    while (unknown1()) {
        i = z;
        j = w;
        k = 0;

        // Loop B
        /*@
            loop invariant i_11: i == z && y == k && x + y + z + w == 0 && (x % 2 == 0 || x == y) && k == 0 || i < j;

            loop invariant i_12: z % 2 == 1 || x % 2 == 1;


            loop assigns k, i;
        */
        while (i < j) {
            k++;
            i++;
        }

        x = z;
        y = k;

        if (x % 2 == 1) {
            x++;
            y--;
        }

        // Loop C
        /*@
            loop invariant i_13: i == z && y == k && x + y + z + w == 0 && (x % 2 == 0 || x == y) && k == 0 || i < j;


            loop assigns x, y;
        */
        while (unknown2()) {
            if (x % 2 == 0) {
                x += 2;
                y -= 2;
            } 
            else {
                x--;
                y--;
            }
        }
        z++;
        w = x + y + 1;
    }

    int c = 0;
    int d = 0;
    
    // Loop D
    /*@
        loop invariant i_9: c == 0 && d == 0 && flag == 0 && z == 0 && w == j && x == z && (x % 2 == 0 || x == y) && k == 0 || i < j;

        loop invariant i_10: i == z && y == k && x + y + z + w == 0;


        loop assigns a, b, c, d;
    */
    while (unknown3()) {
        c++;
        d++;
        if (flag) {
            a++;
            b++;
        } else {
            a += c;
            b += d;
        }
    }

    //@ assert a_1: (w >= z && a - b == 0);
}
----------------------------------------
------------Invariant Info-----------
LOOP A:
i_0: i == z
i_1: j == w
i_2: k == 0 || i < j
i_3: x == z && (x % 2 == 0 || x == y)
i_4: y == k
i_5: z % 2 == 1 || x % 2 == 1
i_6: w == j
i_7: x + y + z + w == 0
i_8: c == 0 && d == 0
LOOP B:
i_11: i == z && y == k && x + y + z + w == 0 && (x % 2 == 0 || x == y) && k == 0 || i < j
i_12: z % 2 == 1 || x % 2 == 1
LOOP C:
i_13: i == z && y == k && x + y + z + w == 0 && (x % 2 == 0 || x == y) && k == 0 || i < j
LOOP D:
i_9: c == 0 && d == 0 && flag == 0 && z == 0 && w == j && x == z && (x % 2 == 0 || x == y) && k == 0 || i < j
i_10: i == z && y == k && x + y + z + w == 0
------------------------------------
----------Code with Invariants----------
int unknown1();
int unknown2();
int unknown3();

void oopsla_36(int flag) {
    int a = 0;
    int b = 0;
    int x = 0;
    int y = 0;
    int z = 0;
    int w = 0;
    int j = w;
    int i = z;
    int k = 0;

    // Loop A
    /*@
        loop invariant i_0: i == z;

        loop invariant i_1: j == w;

        loop invariant i_2: k == 0 || i < j;

        loop invariant i_3: x == z && (x % 2 == 0 || x == y);

        loop invariant i_4: y == k;

        loop invariant i_5: z % 2 == 1 || x % 2 == 1;

        loop invariant i_6: w == j;

        loop invariant i_7: x + y + z + w == 0;

        loop invariant i_8: c == 0 && d == 0;


        loop assigns i, j, k, x, y, z, w;
    */
    while (unknown1()) {
        i = z;
        j = w;
        k = 0;

        // Loop B
        /*@
            loop invariant i_11: i == z && y == k && x + y + z + w == 0 && (x % 2 == 0 || x == y) && k == 0 || i < j;

            loop invariant i_12: z % 2 == 1 || x % 2 == 1;


            loop assigns k, i;
        */
        while (i < j) {
            k++;
            i++;
        }

        x = z;
        y = k;

        if (x % 2 == 1) {
            x++;
            y--;
        }

        // Loop C
        /*@
            loop invariant i_13: i == z && y == k && x + y + z + w == 0 && (x % 2 == 0 || x == y) && k == 0 || i < j;


            loop assigns x, y;
        */
        while (unknown2()) {
            if (x % 2 == 0) {
                x += 2;
                y -= 2;
            } 
            else {
                x--;
                y--;
            }
        }
        z++;
        w = x + y + 1;
    }

    int c = 0;
    int d = 0;
    
    // Loop D
    /*@
        loop invariant i_9: c == 0 && d == 0 && flag == 0 && z == 0 && w == j && x == z && (x % 2 == 0 || x == y) && k == 0 || i < j;

        loop invariant i_10: i == z && y == k && x + y + z + w == 0;


        loop assigns a, b, c, d;
    */
    while (unknown3()) {
        c++;
        d++;
        if (flag) {
            a++;
            b++;
        } else {
            a += c;
            b += d;
        }
    }

    //@ assert a_1: (w >= z && a - b == 0);
}
----------------------------------------
------------Invariant Info-----------
LOOP A:
i_0: i == z
i_1: j == w
i_2: k == 0 || i < j
i_3: x == z && (x % 2 == 0 || x == y)
i_4: y == k
i_5: z % 2 == 1 || x % 2 == 1
i_6: w == j
i_7: x + y + z + w == 0
i_8: c == 0 && d == 0
LOOP B:
i_11: i == z && y == k && x + y + z + w == 0 && (x % 2 == 0 || x == y) && k == 0 || i < j
i_12: z % 2 == 1 || x % 2 == 1
LOOP C:
i_13: i == z && y == k && x + y + z + w == 0 && (x % 2 == 0 || x == y) && k == 0 || i < j
LOOP D:
i_9: c == 0 && d == 0 && flag == 0 && z == 0 && w == j && x == z && (x % 2 == 0 || x == y) && k == 0 || i < j
i_10: i == z && y == k && x + y + z + w == 0
------------------------------------
----------Code with Invariants----------
int unknown1();
int unknown2();
int unknown3();

void oopsla_36(int flag) {
    int a = 0;
    int b = 0;
    int x = 0;
    int y = 0;
    int z = 0;
    int w = 0;
    int j = w;
    int i = z;
    int k = 0;

    // Loop A
    /*@
        loop invariant i_0: i == z;

        loop invariant i_1: j == w;

        loop invariant i_2: k == 0 || i < j;

        loop invariant i_3: x == z && (x % 2 == 0 || x == y);

        loop invariant i_4: y == k;

        loop invariant i_5: z % 2 == 1 || x % 2 == 1;

        loop invariant i_6: w == j;

        loop invariant i_7: x + y + z + w == 0;

        loop invariant i_8: c == 0 && d == 0;


        loop assigns i, j, k, x, y, z, w;
    */
    while (unknown1()) {
        i = z;
        j = w;
        k = 0;

        // Loop B
        /*@
            loop invariant i_11: i == z && y == k && x + y + z + w == 0 && (x % 2 == 0 || x == y) && k == 0 || i < j;

            loop invariant i_12: z % 2 == 1 || x % 2 == 1;


            loop assigns k, i;
        */
        while (i < j) {
            k++;
            i++;
        }

        x = z;
        y = k;

        if (x % 2 == 1) {
            x++;
            y--;
        }

        // Loop C
        /*@
            loop invariant i_13: i == z && y == k && x + y + z + w == 0 && (x % 2 == 0 || x == y) && k == 0 || i < j;


            loop assigns x, y;
        */
        while (unknown2()) {
            if (x % 2 == 0) {
                x += 2;
                y -= 2;
            } 
            else {
                x--;
                y--;
            }
        }
        z++;
        w = x + y + 1;
    }

    int c = 0;
    int d = 0;
    
    // Loop D
    /*@
        loop invariant i_9: c == 0 && d == 0 && flag == 0 && z == 0 && w == j && x == z && (x % 2 == 0 || x == y) && k == 0 || i < j;

        loop invariant i_10: i == z && y == k && x + y + z + w == 0;


        loop assigns a, b, c, d;
    */
    while (unknown3()) {
        c++;
        d++;
        if (flag) {
            a++;
            b++;
        } else {
            a += c;
            b += d;
        }
    }

    //@ assert a_1: (w >= z && a - b == 0);
}
----------------------------------------
------------Invariant Info-----------
LOOP A:
i_0: i == z
i_1: j == w
i_2: k == 0 || i < j
i_3: x == z && (x % 2 == 0 || x == y)
i_4: y == k
i_5: z % 2 == 1 || x % 2 == 1
i_6: w == j
i_7: x + y + z + w == 0
i_8: c == 0 && d == 0
LOOP B:
i_11: i == z && y == k && x + y + z + w == 0 && (x % 2 == 0 || x == y) && k == 0 || i < j
i_12: z % 2 == 1 || x % 2 == 1
LOOP C:
i_13: i == z && y == k && x + y + z + w == 0 && (x % 2 == 0 || x == y) && k == 0 || i < j
LOOP D:
i_9: c == 0 && d == 0 && flag == 0 && z == 0 && w == j && x == z && (x % 2 == 0 || x == y) && k == 0 || i < j
i_10: i == z && y == k && x + y + z + w == 0
------------------------------------
----------Code with Invariants----------
int unknown1();
int unknown2();
int unknown3();

void oopsla_36(int flag) {
    int a = 0;
    int b = 0;
    int x = 0;
    int y = 0;
    int z = 0;
    int w = 0;
    int j = w;
    int i = z;
    int k = 0;

    // Loop A
    /*@
        loop invariant i_0: i == z;

        loop invariant i_1: j == w;

        loop invariant i_2: k == 0 || i < j;

        loop invariant i_3: x == z && (x % 2 == 0 || x == y);

        loop invariant i_4: y == k;

        loop invariant i_5: z % 2 == 1 || x % 2 == 1;

        loop invariant i_6: w == j;

        loop invariant i_7: x + y + z + w == 0;

        loop invariant i_8: c == 0 && d == 0;


        loop assigns i, j, k, x, y, z, w;
    */
    while (unknown1()) {
        i = z;
        j = w;
        k = 0;

        // Loop B
        /*@
            loop invariant i_11: i == z && y == k && x + y + z + w == 0 && (x % 2 == 0 || x == y) && k == 0 || i < j;

            loop invariant i_12: z % 2 == 1 || x % 2 == 1;


            loop assigns k, i;
        */
        while (i < j) {
            k++;
            i++;
        }

        x = z;
        y = k;

        if (x % 2 == 1) {
            x++;
            y--;
        }

        // Loop C
        /*@
            loop invariant i_13: i == z && y == k && x + y + z + w == 0 && (x % 2 == 0 || x == y) && k == 0 || i < j;


            loop assigns x, y;
        */
        while (unknown2()) {
            if (x % 2 == 0) {
                x += 2;
                y -= 2;
            } 
            else {
                x--;
                y--;
            }
        }
        z++;
        w = x + y + 1;
    }

    int c = 0;
    int d = 0;
    
    // Loop D
    /*@
        loop invariant i_9: c == 0 && d == 0 && flag == 0 && z == 0 && w == j && x == z && (x % 2 == 0 || x == y) && k == 0 || i < j;

        loop invariant i_10: i == z && y == k && x + y + z + w == 0;


        loop assigns a, b, c, d;
    */
    while (unknown3()) {
        c++;
        d++;
        if (flag) {
            a++;
            b++;
        } else {
            a += c;
            b += d;
        }
    }

    //@ assert a_1: (w >= z && a - b == 0);
}
----------------------------------------
------------Invariant Info-----------
LOOP A:
i_0: i == z
i_1: j == w
i_2: k == 0 || i < j
i_3: x == z && (x % 2 == 0 || x == y)
i_4: y == k
i_5: z % 2 == 1 || x % 2 == 1
i_6: w == j
i_7: x + y + z + w == 0
i_8: c == 0 && d == 0
LOOP B:
i_11: i == z && y == k && x + y + z + w == 0 && (x % 2 == 0 || x == y) && k == 0 || i < j
i_12: z % 2 == 1 || x % 2 == 1
LOOP C:
i_13: i == z && y == k && x + y + z + w == 0 && (x % 2 == 0 || x == y) && k == 0 || i < j
LOOP D:
i_9: c == 0 && d == 0 && flag == 0 && z == 0 && w == j && x == z && (x % 2 == 0 || x == y) && k == 0 || i < j
i_10: i == z && y == k && x + y + z + w == 0
------------------------------------
----------Code with Invariants----------
int unknown1();
int unknown2();
int unknown3();

void oopsla_36(int flag) {
    int a = 0;
    int b = 0;
    int x = 0;
    int y = 0;
    int z = 0;
    int w = 0;
    int j = w;
    int i = z;
    int k = 0;

    // Loop A
    /*@
        loop invariant i_0: i == z;

        loop invariant i_1: j == w;

        loop invariant i_2: k == 0 || i < j;

        loop invariant i_3: x == z && (x % 2 == 0 || x == y);

        loop invariant i_4: y == k;

        loop invariant i_5: z % 2 == 1 || x % 2 == 1;

        loop invariant i_6: w == j;

        loop invariant i_7: x + y + z + w == 0;

        loop invariant i_8: c == 0 && d == 0;


        loop assigns i, j, k, x, y, z, w;
    */
    while (unknown1()) {
        i = z;
        j = w;
        k = 0;

        // Loop B
        /*@
            loop invariant i_11: i == z && y == k && x + y + z + w == 0 && (x % 2 == 0 || x == y) && k == 0 || i < j;

            loop invariant i_12: z % 2 == 1 || x % 2 == 1;


            loop assigns k, i;
        */
        while (i < j) {
            k++;
            i++;
        }

        x = z;
        y = k;

        if (x % 2 == 1) {
            x++;
            y--;
        }

        // Loop C
        /*@
            loop invariant i_13: i == z && y == k && x + y + z + w == 0 && (x % 2 == 0 || x == y) && k == 0 || i < j;


            loop assigns x, y;
        */
        while (unknown2()) {
            if (x % 2 == 0) {
                x += 2;
                y -= 2;
            } 
            else {
                x--;
                y--;
            }
        }
        z++;
        w = x + y + 1;
    }

    int c = 0;
    int d = 0;
    
    // Loop D
    /*@
        loop invariant i_9: c == 0 && d == 0 && flag == 0 && z == 0 && w == j && x == z && (x % 2 == 0 || x == y) && k == 0 || i < j;

        loop invariant i_10: i == z && y == k && x + y + z + w == 0;


        loop assigns a, b, c, d;
    */
    while (unknown3()) {
        c++;
        d++;
        if (flag) {
            a++;
            b++;
        } else {
            a += c;
            b += d;
        }
    }

    //@ assert a_1: (w >= z && a - b == 0);
}
----------------------------------------
------------Invariant Info-----------
LOOP A:
i_0: i == z
i_1: j == w
i_2: k == 0 || i < j
i_3: x == z && (x % 2 == 0 || x == y)
i_4: y == k
i_5: z % 2 == 1 || x % 2 == 1
i_6: w == j
i_7: x + y + z + w == 0
i_8: c == 0 && d == 0
LOOP B:
i_11: i == z && y == k && x + y + z + w == 0 && (x % 2 == 0 || x == y) && k == 0 || i < j
i_12: z % 2 == 1 || x % 2 == 1
LOOP C:
i_13: i == z && y == k && x + y + z + w == 0 && (x % 2 == 0 || x == y) && k == 0 || i < j
LOOP D:
i_9: c == 0 && d == 0 && flag == 0 && z == 0 && w == j && x == z && (x % 2 == 0 || x == y) && k == 0 || i < j
i_10: i == z && y == k && x + y + z + w == 0
------------------------------------
----------Code with Invariants----------
int unknown1();
int unknown2();
int unknown3();

void oopsla_36(int flag) {
    int a = 0;
    int b = 0;
    int x = 0;
    int y = 0;
    int z = 0;
    int w = 0;
    int j = w;
    int i = z;
    int k = 0;

    // Loop A
    /*@
        loop invariant i_0: i == z;

        loop invariant i_1: j == w;

        loop invariant i_2: k == 0 || i < j;

        loop invariant i_3: x == z && (x % 2 == 0 || x == y);

        loop invariant i_4: y == k;

        loop invariant i_5: z % 2 == 1 || x % 2 == 1;

        loop invariant i_6: w == j;

        loop invariant i_7: x + y + z + w == 0;

        loop invariant i_8: c == 0 && d == 0;


        loop assigns i, j, k, x, y, z, w;
    */
    while (unknown1()) {
        i = z;
        j = w;
        k = 0;

        // Loop B
        /*@
            loop invariant i_11: i == z && y == k && x + y + z + w == 0 && (x % 2 == 0 || x == y) && k == 0 || i < j;

            loop invariant i_12: z % 2 == 1 || x % 2 == 1;


            loop assigns k, i;
        */
        while (i < j) {
            k++;
            i++;
        }

        x = z;
        y = k;

        if (x % 2 == 1) {
            x++;
            y--;
        }

        // Loop C
        /*@
            loop invariant i_13: i == z && y == k && x + y + z + w == 0 && (x % 2 == 0 || x == y) && k == 0 || i < j;


            loop assigns x, y;
        */
        while (unknown2()) {
            if (x % 2 == 0) {
                x += 2;
                y -= 2;
            } 
            else {
                x--;
                y--;
            }
        }
        z++;
        w = x + y + 1;
    }

    int c = 0;
    int d = 0;
    
    // Loop D
    /*@
        loop invariant i_9: c == 0 && d == 0 && flag == 0 && z == 0 && w == j && x == z && (x % 2 == 0 || x == y) && k == 0 || i < j;

        loop invariant i_10: i == z && y == k && x + y + z + w == 0;


        loop assigns a, b, c, d;
    */
    while (unknown3()) {
        c++;
        d++;
        if (flag) {
            a++;
            b++;
        } else {
            a += c;
            b += d;
        }
    }

    //@ assert a_1: (w >= z && a - b == 0);
}
----------------------------------------
------------Invariant Info-----------
LOOP A:
i_0: i == z
i_1: j == w
i_2: k == 0 || i < j
i_3: x == z && (x % 2 == 0 || x == y)
i_4: y == k
i_5: z % 2 == 1 || x % 2 == 1
i_6: w == j
i_7: x + y + z + w == 0
i_8: c == 0 && d == 0
LOOP B:
i_11: i == z && y == k && x + y + z + w == 0 && (x % 2 == 0 || x == y) && k == 0 || i < j
i_12: z % 2 == 1 || x % 2 == 1
LOOP C:
i_13: i == z && y == k && x + y + z + w == 0 && (x % 2 == 0 || x == y) && k == 0 || i < j
LOOP D:
i_9: c == 0 && d == 0 && flag == 0 && z == 0 && w == j && x == z && (x % 2 == 0 || x == y) && k == 0 || i < j
i_10: i == z && y == k && x + y + z + w == 0
------------------------------------
----------Code with Invariants----------
int unknown1();
int unknown2();
int unknown3();

void oopsla_36(int flag) {
    int a = 0;
    int b = 0;
    int x = 0;
    int y = 0;
    int z = 0;
    int w = 0;
    int j = w;
    int i = z;
    int k = 0;

    // Loop A
    /*@
        loop invariant i_0: i == z;

        loop invariant i_1: j == w;

        loop invariant i_2: k == 0 || i < j;

        loop invariant i_3: x == z && (x % 2 == 0 || x == y);

        loop invariant i_4: y == k;

        loop invariant i_5: z % 2 == 1 || x % 2 == 1;

        loop invariant i_6: w == j;

        loop invariant i_7: x + y + z + w == 0;

        loop invariant i_8: c == 0 && d == 0;


        loop assigns i, j, k, x, y, z, w;
    */
    while (unknown1()) {
        i = z;
        j = w;
        k = 0;

        // Loop B
        /*@
            loop invariant i_11: i == z && y == k && x + y + z + w == 0 && (x % 2 == 0 || x == y) && k == 0 || i < j;

            loop invariant i_12: z % 2 == 1 || x % 2 == 1;


            loop assigns k, i;
        */
        while (i < j) {
            k++;
            i++;
        }

        x = z;
        y = k;

        if (x % 2 == 1) {
            x++;
            y--;
        }

        // Loop C
        /*@
            loop invariant i_13: i == z && y == k && x + y + z + w == 0 && (x % 2 == 0 || x == y) && k == 0 || i < j;


            loop assigns x, y;
        */
        while (unknown2()) {
            if (x % 2 == 0) {
                x += 2;
                y -= 2;
            } 
            else {
                x--;
                y--;
            }
        }
        z++;
        w = x + y + 1;
    }

    int c = 0;
    int d = 0;
    
    // Loop D
    /*@
        loop invariant i_9: c == 0 && d == 0 && flag == 0 && z == 0 && w == j && x == z && (x % 2 == 0 || x == y) && k == 0 || i < j;

        loop invariant i_10: i == z && y == k && x + y + z + w == 0;


        loop assigns a, b, c, d;
    */
    while (unknown3()) {
        c++;
        d++;
        if (flag) {
            a++;
            b++;
        } else {
            a += c;
            b += d;
        }
    }

    //@ assert a_1: (w >= z && a - b == 0);
}
----------------------------------------
------------Invariant Info-----------
LOOP A:
i_0: i == z
i_1: j == w
i_2: k == 0 || i < j
i_3: x == z && (x % 2 == 0 || x == y)
i_4: y == k
i_5: z % 2 == 1 || x % 2 == 1
i_6: w == j
i_7: x + y + z + w == 0
i_8: c == 0 && d == 0
LOOP B:
i_11: i == z && y == k && x + y + z + w == 0 && (x % 2 == 0 || x == y) && k == 0 || i < j
i_12: z % 2 == 1 || x % 2 == 1
LOOP C:
i_13: i == z && y == k && x + y + z + w == 0 && (x % 2 == 0 || x == y) && k == 0 || i < j
LOOP D:
i_9: c == 0 && d == 0 && flag == 0 && z == 0 && w == j && x == z && (x % 2 == 0 || x == y) && k == 0 || i < j
i_10: i == z && y == k && x + y + z + w == 0
------------------------------------
----------Code with Invariants----------
int unknown1();
int unknown2();
int unknown3();

void oopsla_36(int flag) {
    int a = 0;
    int b = 0;
    int x = 0;
    int y = 0;
    int z = 0;
    int w = 0;
    int j = w;
    int i = z;
    int k = 0;

    // Loop A
    /*@
        loop invariant i_0: i == z;

        loop invariant i_1: j == w;

        loop invariant i_2: k == 0 || i < j;

        loop invariant i_3: x == z && (x % 2 == 0 || x == y);

        loop invariant i_4: y == k;

        loop invariant i_5: z % 2 == 1 || x % 2 == 1;

        loop invariant i_6: w == j;

        loop invariant i_7: x + y + z + w == 0;

        loop invariant i_8: c == 0 && d == 0;


        loop assigns i, j, k, x, y, z, w;
    */
    while (unknown1()) {
        i = z;
        j = w;
        k = 0;

        // Loop B
        /*@
            loop invariant i_11: i == z && y == k && x + y + z + w == 0 && (x % 2 == 0 || x == y) && k == 0 || i < j;

            loop invariant i_12: z % 2 == 1 || x % 2 == 1;


            loop assigns k, i;
        */
        while (i < j) {
            k++;
            i++;
        }

        x = z;
        y = k;

        if (x % 2 == 1) {
            x++;
            y--;
        }

        // Loop C
        /*@
            loop invariant i_13: i == z && y == k && x + y + z + w == 0 && (x % 2 == 0 || x == y) && k == 0 || i < j;


            loop assigns x, y;
        */
        while (unknown2()) {
            if (x % 2 == 0) {
                x += 2;
                y -= 2;
            } 
            else {
                x--;
                y--;
            }
        }
        z++;
        w = x + y + 1;
    }

    int c = 0;
    int d = 0;
    
    // Loop D
    /*@
        loop invariant i_9: c == 0 && d == 0 && flag == 0 && z == 0 && w == j && x == z && (x % 2 == 0 || x == y) && k == 0 || i < j;

        loop invariant i_10: i == z && y == k && x + y + z + w == 0;


        loop assigns a, b, c, d;
    */
    while (unknown3()) {
        c++;
        d++;
        if (flag) {
            a++;
            b++;
        } else {
            a += c;
            b += d;
        }
    }

    //@ assert a_1: (w >= z && a - b == 0);
}
----------------------------------------
------------Invariant Info-----------
LOOP A:
i_0: i == z
i_1: j == w
i_2: k == 0 || i < j
i_3: x == z && (x % 2 == 0 || x == y)
i_4: y == k
i_5: z % 2 == 1 || x % 2 == 1
i_6: w == j
i_7: x + y + z + w == 0
i_8: c == 0 && d == 0
LOOP B:
i_11: i == z && y == k && x + y + z + w == 0 && (x % 2 == 0 || x == y) && k == 0 || i < j
i_12: z % 2 == 1 || x % 2 == 1
LOOP C:
i_13: i == z && y == k && x + y + z + w == 0 && (x % 2 == 0 || x == y) && k == 0 || i < j
LOOP D:
i_9: c == 0 && d == 0 && flag == 0 && z == 0 && w == j && x == z && (x % 2 == 0 || x == y) && k == 0 || i < j
i_10: i == z && y == k && x + y + z + w == 0
------------------------------------
----------Code with Invariants----------
int unknown1();
int unknown2();
int unknown3();

void oopsla_36(int flag) {
    int a = 0;
    int b = 0;
    int x = 0;
    int y = 0;
    int z = 0;
    int w = 0;
    int j = w;
    int i = z;
    int k = 0;

    // Loop A
    /*@
        loop invariant i_0: i == z;

        loop invariant i_1: j == w;

        loop invariant i_2: k == 0 || i < j;

        loop invariant i_3: x == z && (x % 2 == 0 || x == y);

        loop invariant i_4: y == k;

        loop invariant i_5: z % 2 == 1 || x % 2 == 1;

        loop invariant i_6: w == j;

        loop invariant i_7: x + y + z + w == 0;

        loop invariant i_8: c == 0 && d == 0;


        loop assigns i, j, k, x, y, z, w;
    */
    while (unknown1()) {
        i = z;
        j = w;
        k = 0;

        // Loop B
        /*@
            loop invariant i_11: i == z && y == k && x + y + z + w == 0 && (x % 2 == 0 || x == y) && k == 0 || i < j;

            loop invariant i_12: z % 2 == 1 || x % 2 == 1;


            loop assigns k, i;
        */
        while (i < j) {
            k++;
            i++;
        }

        x = z;
        y = k;

        if (x % 2 == 1) {
            x++;
            y--;
        }

        // Loop C
        /*@
            loop invariant i_13: i == z && y == k && x + y + z + w == 0 && (x % 2 == 0 || x == y) && k == 0 || i < j;


            loop assigns x, y;
        */
        while (unknown2()) {
            if (x % 2 == 0) {
                x += 2;
                y -= 2;
            } 
            else {
                x--;
                y--;
            }
        }
        z++;
        w = x + y + 1;
    }

    int c = 0;
    int d = 0;
    
    // Loop D
    /*@
        loop invariant i_9: c == 0 && d == 0 && flag == 0 && z == 0 && w == j && x == z && (x % 2 == 0 || x == y) && k == 0 || i < j;

        loop invariant i_10: i == z && y == k && x + y + z + w == 0;


        loop assigns a, b, c, d;
    */
    while (unknown3()) {
        c++;
        d++;
        if (flag) {
            a++;
            b++;
        } else {
            a += c;
            b += d;
        }
    }

    //@ assert a_1: (w >= z && a - b == 0);
}
----------------------------------------
------------Invariant Info-----------
LOOP A:
i_0: i == z
i_1: j == w
i_2: k == 0 || i < j
i_3: x == z && (x % 2 == 0 || x == y)
i_4: y == k
i_5: z % 2 == 1 || x % 2 == 1
i_6: w == j
i_7: x + y + z + w == 0
i_8: c == 0 && d == 0
LOOP B:
i_11: i == z && y == k && x + y + z + w == 0 && (x % 2 == 0 || x == y) && k == 0 || i < j
i_12: z % 2 == 1 || x % 2 == 1
LOOP C:
i_13: i == z && y == k && x + y + z + w == 0 && (x % 2 == 0 || x == y) && k == 0 || i < j
LOOP D:
i_9: c == 0 && d == 0 && flag == 0 && z == 0 && w == j && x == z && (x % 2 == 0 || x == y) && k == 0 || i < j
i_10: i == z && y == k && x + y + z + w == 0
------------------------------------
----------Code with Invariants----------
int unknown1();
int unknown2();
int unknown3();

void oopsla_36(int flag) {
    int a = 0;
    int b = 0;
    int x = 0;
    int y = 0;
    int z = 0;
    int w = 0;
    int j = w;
    int i = z;
    int k = 0;

    // Loop A
    /*@
        loop invariant i_0: i == z;

        loop invariant i_1: j == w;

        loop invariant i_2: k == 0 || i < j;

        loop invariant i_3: x == z && (x % 2 == 0 || x == y);

        loop invariant i_4: y == k;

        loop invariant i_5: z % 2 == 1 || x % 2 == 1;

        loop invariant i_6: w == j;

        loop invariant i_7: x + y + z + w == 0;

        loop invariant i_8: c == 0 && d == 0;


        loop assigns i, j, k, x, y, z, w;
    */
    while (unknown1()) {
        i = z;
        j = w;
        k = 0;

        // Loop B
        /*@
            loop invariant i_11: i == z && y == k && x + y + z + w == 0 && (x % 2 == 0 || x == y) && k == 0 || i < j;

            loop invariant i_12: z % 2 == 1 || x % 2 == 1;


            loop assigns k, i;
        */
        while (i < j) {
            k++;
            i++;
        }

        x = z;
        y = k;

        if (x % 2 == 1) {
            x++;
            y--;
        }

        // Loop C
        /*@
            loop invariant i_13: i == z && y == k && x + y + z + w == 0 && (x % 2 == 0 || x == y) && k == 0 || i < j;


            loop assigns x, y;
        */
        while (unknown2()) {
            if (x % 2 == 0) {
                x += 2;
                y -= 2;
            } 
            else {
                x--;
                y--;
            }
        }
        z++;
        w = x + y + 1;
    }

    int c = 0;
    int d = 0;
    
    // Loop D
    /*@
        loop invariant i_9: c == 0 && d == 0 && flag == 0 && z == 0 && w == j && x == z && (x % 2 == 0 || x == y) && k == 0 || i < j;

        loop invariant i_10: i == z && y == k && x + y + z + w == 0;


        loop assigns a, b, c, d;
    */
    while (unknown3()) {
        c++;
        d++;
        if (flag) {
            a++;
            b++;
        } else {
            a += c;
            b += d;
        }
    }

    //@ assert a_1: (w >= z && a - b == 0);
}
----------------------------------------
---------Result---------
Fail
Model: openPangu-Embedded-7B-V1.1
Running time: 52.663840770721436
Proposal number: 11
Verified code:

------------------------
