-----------Model-----------
Model type:
PanguEmbeddedForCausalLM(
  (model): PanguEmbeddedModel(
    (embed_tokens): Embedding(153376, 4096, padding_idx=0)
    (layers): ModuleList(
      (0-33): 34 x PanguEmbeddedDecoderLayer(
        (self_attn): PanguEmbeddedAttention(
          (q_proj): Linear(in_features=4096, out_features=4096, bias=True)
          (k_proj): Linear(in_features=4096, out_features=1024, bias=True)
          (v_proj): Linear(in_features=4096, out_features=1024, bias=True)
          (o_proj): Linear(in_features=4096, out_features=4096, bias=True)
        )
        (mlp): PanguEmbeddedMLP(
          (gate_proj): Linear(in_features=4096, out_features=12800, bias=False)
          (up_proj): Linear(in_features=4096, out_features=12800, bias=False)
          (down_proj): Linear(in_features=12800, out_features=4096, bias=False)
          (act_fn): SiLU()
        )
        (input_layernorm): PanguEmbeddedRMSNorm((4096,), eps=1e-05)
        (post_attention_layernorm): PanguEmbeddedRMSNorm((4096,), eps=1e-05)
      )
    )
    (norm): PanguEmbeddedRMSNorm((4096,), eps=1e-05)
    (rotary_emb): PanguEmbeddedRotaryEmbedding()
  )
  (lm_head): Linear(in_features=4096, out_features=153376, bias=False)
)
Model device:
npu:1
---------------------------
File Path: ../Benchmark/acsl-algorithms/_string_same_judge.c
----------Code----------
/*@
    predicate string_same(char* t, char* p, integer n, integer m, integer match) =
        n < m || \forall integer k; 0 <= k < m ==> p[k] == t[match + k];
*/

/*@
    requires \valid_read(t);
    requires \valid_read(p);
    requires \valid(t + (0..n - 1));
    requires \valid(p + (0..m - 1));
    requires \separated(&t[0..(n - 1)], &p[0..(m - 1)]);
    requires n > 0;
    requires m > 0;
    assigns \nothing;
    ensures e_1: \result == 1 ==> string_same(t, p, n, m, match);
*/
int _string_same_judge(char* t, char* p, int n, int m, int match){
    /*@
        loop assigns j;
    */
    for (int j = 0; j < m; j++){
        if (p[j] == t[match + j]) {
            continue;
        }
        else{
            return 0;
        }
    }
    return 1;
}

------------------------
========== Attempt 1 ==========
----------Prompt----------

/*@
    predicate string_same(char* t, char* p, integer n, integer m, integer match) =
        n < m || \forall integer k; 0 <= k < m ==> p[k] == t[match + k];
*/

/*@
    requires \valid_read(t);
    requires \valid_read(p);
    requires \valid(t + (0..n - 1));
    requires \valid(p + (0..m - 1));
    requires \separated(&t[0..(n - 1)], &p[0..(m - 1)]);
    requires n > 0;
    requires m > 0;
    assigns \nothing;
    ensures e_1: \result == 1 ==> string_same(t, p, n, m, match);
*/
int _string_same_judge(char* t, char* p, int n, int m, int match){
    // Loop A
    /*@
        [Hint] Please infer the loop invariant for the following loop.

        loop assigns j;
    */
    for (int j = 0; j < m; j++){
        if (p[j] == t[match + j]) {
            continue;
        }
        else{
            return 0;
        }
    }
    return 1;
}

You are an expert in program verification, and please generate loop invariant as C annotation comments at the hint location (annotated by "[Hint] Please infer the loop invariant for the following loop.") using ACSL language.
ACSL is a specification language for C programs that conforms to the design by contract paradigm, utilizing Hoare style pre- and postconditions and invariants. Note that the `loop invariant` clause is a condition that is true at the beginning and end of every loop iteration.
Specifically, for the current verification task:
    - Pre-condition: the function's `requires` clauses
    - Post-condition: e_1:\result == 1 ==> string_same(t, p, n, m, match); 
Please verify that the generated loop invariant is consistent with these constraints. If these specific pre- or post-conditions are not provided or empty, please infer the loop invariant strictly based on the program's execution logic and standard correctness.
In order to get a correct answer, You may want to consider both the situation of not entering the loop and the situation of jumping out of the loop. If some of the pre-conditions are also loop invariant, you need to add them to your answer as well.
Use '&&', '||', '==>', '\forall' or '\exists' if necessary. For instance:
```
loop invariant 1 <= x;
loop invariant x == y;
loop invariant 0 < x ==> y <= z;
loop invariant z % 2 == 1 || x == y;
loop invariant z % 2 == 1 && x <= y;
loop invariant \forall integer k;  0 <= k < i ==> max >=  a[k];
loop invariant \exists integer k;  0 <= k < i &&  max == a[k];
loop invariant \forall integer p; 0 <= p < \at(k, End_l) ==> res[p] == \at(res[p], End_l);
```
Your answer should follow the following format:
```
loop invariant ...;
loop invariant ...;
...
```
No explanation. No commentary. Just show me the loop invariant.
 /no_think
--------------------------
----------Response----------
[unused16][unused17][Loop <Loop A>]
loop invariant m >= 0 && n > 0;
loop invariant \forall integer j;  0 <= j < m ==> p[j] == t[match + j];
loop invariant \exists integer k;  0 <= k < n && t[k] == p[0];
loop invariant \forall integer j;  0 <= j < m ==> \separated(&t[0..(n - 1)], &p[0..(m - 1)]);

[Loop <Loop B>]  
loop invariant true;
----------------------------
------------Invariant Info-----------
LOOP A:
i_0: m >= 0 && n > 0
i_1: \forall integer j; 0 <= j < m ==> p[j] == t[match + j]
i_2: \exists integer k; 0 <= k < n && t[k] == p[0]
i_3: \forall integer j; 0 <= j < m ==> \separated(&t[0..(n - 1)], &p[0..(m - 1)])
i_4: true
------------------------------------
---------- Code with Invariants ----------
/*@
    predicate string_same(char* t, char* p, integer n, integer m, integer match) =
        n < m || \forall integer k; 0 <= k < m ==> p[k] == t[match + k];
*/

/*@
    requires \valid_read(t);
    requires \valid_read(p);
    requires \valid(t + (0..n - 1));
    requires \valid(p + (0..m - 1));
    requires \separated(&t[0..(n - 1)], &p[0..(m - 1)]);
    requires n > 0;
    requires m > 0;
    assigns \nothing;
    ensures e_1: \result == 1 ==> string_same(t, p, n, m, match);
*/
int _string_same_judge(char* t, char* p, int n, int m, int match){
    // Loop A
    /*@
        loop invariant i_0: m >= 0 && n > 0;

        loop invariant i_1: \forall integer j; 0 <= j < m ==> p[j] == t[match + j];

        loop invariant i_2: \exists integer k; 0 <= k < n && t[k] == p[0];

        loop invariant i_3: \forall integer j; 0 <= j < m ==> \separated(&t[0..(n - 1)], &p[0..(m - 1)]);

        loop invariant i_4: true;


        loop assigns j;
    */
    for (int j = 0; j < m; j++){
        if (p[j] == t[match + j]) {
            continue;
        }
        else{
            return 0;
        }
    }
    return 1;
}

------------------------------------------
Verification failed (Invalid), removing all invariants and retrying.
========== Attempt 2 ==========
----------Prompt----------

/*@
    predicate string_same(char* t, char* p, integer n, integer m, integer match) =
        n < m || \forall integer k; 0 <= k < m ==> p[k] == t[match + k];
*/

/*@
    requires \valid_read(t);
    requires \valid_read(p);
    requires \valid(t + (0..n - 1));
    requires \valid(p + (0..m - 1));
    requires \separated(&t[0..(n - 1)], &p[0..(m - 1)]);
    requires n > 0;
    requires m > 0;
    assigns \nothing;
    ensures e_1: \result == 1 ==> string_same(t, p, n, m, match);
*/
int _string_same_judge(char* t, char* p, int n, int m, int match){
    // Loop A
    /*@
        [Hint] Please infer the loop invariant for the following loop.

        loop assigns j;
    */
    for (int j = 0; j < m; j++){
        if (p[j] == t[match + j]) {
            continue;
        }
        else{
            return 0;
        }
    }
    return 1;
}

You are an expert in program verification, and please generate loop invariant as C annotation comments at the hint location (annotated by "[Hint] Please infer the loop invariant for the following loop.") using ACSL language.
ACSL is a specification language for C programs that conforms to the design by contract paradigm, utilizing Hoare style pre- and postconditions and invariants. Note that the `loop invariant` clause is a condition that is true at the beginning and end of every loop iteration.
Specifically, for the current verification task:
    - Pre-condition: the function's `requires` clauses
    - Post-condition: e_1:\result == 1 ==> string_same(t, p, n, m, match); 
Please verify that the generated loop invariant is consistent with these constraints. If these specific pre- or post-conditions are not provided or empty, please infer the loop invariant strictly based on the program's execution logic and standard correctness.
In order to get a correct answer, You may want to consider both the situation of not entering the loop and the situation of jumping out of the loop. If some of the pre-conditions are also loop invariant, you need to add them to your answer as well.
Use '&&', '||', '==>', '\forall' or '\exists' if necessary. For instance:
```
loop invariant 1 <= x;
loop invariant x == y;
loop invariant 0 < x ==> y <= z;
loop invariant z % 2 == 1 || x == y;
loop invariant z % 2 == 1 && x <= y;
loop invariant \forall integer k;  0 <= k < i ==> max >=  a[k];
loop invariant \exists integer k;  0 <= k < i &&  max == a[k];
loop invariant \forall integer p; 0 <= p < \at(k, End_l) ==> res[p] == \at(res[p], End_l);
```
Your answer should follow the following format:
```
loop invariant ...;
loop invariant ...;
...
```
No explanation. No commentary. Just show me the loop invariant.
 /no_think
--------------------------
----------Response----------
[unused16][unused17]loop invariant 0 <= j < m;
loop invariant \forall integer k; 0 <= k < j ==> p[k] == t[match + k];
loop invariant match + j < match + m;
----------------------------
------------Invariant Info-----------
LOOP A:
i_5: 0 <= j < m
i_6: \forall integer k; 0 <= k < j ==> p[k] == t[match + k]
i_7: match + j < match + m
------------------------------------
---------- Code with Invariants ----------
/*@
    predicate string_same(char* t, char* p, integer n, integer m, integer match) =
        n < m || \forall integer k; 0 <= k < m ==> p[k] == t[match + k];
*/

/*@
    requires \valid_read(t);
    requires \valid_read(p);
    requires \valid(t + (0..n - 1));
    requires \valid(p + (0..m - 1));
    requires \separated(&t[0..(n - 1)], &p[0..(m - 1)]);
    requires n > 0;
    requires m > 0;
    assigns \nothing;
    ensures e_1: \result == 1 ==> string_same(t, p, n, m, match);
*/
int _string_same_judge(char* t, char* p, int n, int m, int match){
    // Loop A
    /*@
        loop invariant i_5: 0 <= j < m;

        loop invariant i_6: \forall integer k; 0 <= k < j ==> p[k] == t[match + k];

        loop invariant i_7: match + j < match + m;


        loop assigns j;
    */
    for (int j = 0; j < m; j++){
        if (p[j] == t[match + j]) {
            continue;
        }
        else{
            return 0;
        }
    }
    return 1;
}

------------------------------------------
Verification failed (Fail_11_12), removing all invariants and retrying.
========== Attempt 3 ==========
----------Prompt----------

/*@
    predicate string_same(char* t, char* p, integer n, integer m, integer match) =
        n < m || \forall integer k; 0 <= k < m ==> p[k] == t[match + k];
*/

/*@
    requires \valid_read(t);
    requires \valid_read(p);
    requires \valid(t + (0..n - 1));
    requires \valid(p + (0..m - 1));
    requires \separated(&t[0..(n - 1)], &p[0..(m - 1)]);
    requires n > 0;
    requires m > 0;
    assigns \nothing;
    ensures e_1: \result == 1 ==> string_same(t, p, n, m, match);
*/
int _string_same_judge(char* t, char* p, int n, int m, int match){
    // Loop A
    /*@
        [Hint] Please infer the loop invariant for the following loop.

        loop assigns j;
    */
    for (int j = 0; j < m; j++){
        if (p[j] == t[match + j]) {
            continue;
        }
        else{
            return 0;
        }
    }
    return 1;
}

You are an expert in program verification, and please generate loop invariant as C annotation comments at the hint location (annotated by "[Hint] Please infer the loop invariant for the following loop.") using ACSL language.
ACSL is a specification language for C programs that conforms to the design by contract paradigm, utilizing Hoare style pre- and postconditions and invariants. Note that the `loop invariant` clause is a condition that is true at the beginning and end of every loop iteration.
Specifically, for the current verification task:
    - Pre-condition: the function's `requires` clauses
    - Post-condition: e_1:\result == 1 ==> string_same(t, p, n, m, match); 
Please verify that the generated loop invariant is consistent with these constraints. If these specific pre- or post-conditions are not provided or empty, please infer the loop invariant strictly based on the program's execution logic and standard correctness.
In order to get a correct answer, You may want to consider both the situation of not entering the loop and the situation of jumping out of the loop. If some of the pre-conditions are also loop invariant, you need to add them to your answer as well.
Use '&&', '||', '==>', '\forall' or '\exists' if necessary. For instance:
```
loop invariant 1 <= x;
loop invariant x == y;
loop invariant 0 < x ==> y <= z;
loop invariant z % 2 == 1 || x == y;
loop invariant z % 2 == 1 && x <= y;
loop invariant \forall integer k;  0 <= k < i ==> max >=  a[k];
loop invariant \exists integer k;  0 <= k < i &&  max == a[k];
loop invariant \forall integer p; 0 <= p < \at(k, End_l) ==> res[p] == \at(res[p], End_l);
```
Your answer should follow the following format:
```
loop invariant ...;
loop invariant ...;
...
```
No explanation. No commentary. Just show me the loop invariant.
 /no_think
--------------------------
----------Response----------
[unused16][unused17][Loop <Loop A>]
loop invariant m > 0;
loop invariant \forall integer j;  0 <= j < m && p[j] == t[match + j];
loop invariant \exists integer k;  0 <= k < m && \forall integer \ell;  \ell < m ==> p[\ell] == t[match + \ell];
loop invariant \forall integer j;  0 <= j < m;
loop invariant \forall integer j;  0 <= match + j < n;
loop invariant \forall integer j;  t[match + j] == p[j];
loop invariant \forall integer j;  0 <= match + j <= n - 1;
loop invariant \forall integer j;  \forall integer k;  0 <= k < n ==> \forall integer \ell;  0 <= \ell < m && p[\ell] == t[match + \ell];
loop invariant \exists integer k;  0 <= k < m && \forall integer \ell;  \ell < n && t[match + \ell] == p[\ell];
loop invariant \forall integer j;  0 <= match + j < n;
loop invariant \exists integer k;  0 <= k < m && \forall integer \ell;  \ell < n && t[match + \ell] == p[\ell];
loop invariant \forall integer j;  0 <= match + j <= n - 1;
```
----------------------------
------------Invariant Info-----------
LOOP A:
i_8: m > 0
i_9: \forall integer j; 0 <= j < m && p[j] == t[match + j]
i_10: \exists integer k; 0 <= k < m && \forall integer \ell; \ell < m ==> p[\ell] == t[match + \ell]
i_11: \forall integer j; 0 <= j < m
i_12: \forall integer j; 0 <= match + j < n
i_13: \forall integer j; t[match + j] == p[j]
i_14: \forall integer j; 0 <= match + j <= n - 1
i_15: \forall integer j; \forall integer k; 0 <= k < n ==> \forall integer \ell; 0 <= \ell < m && p[\ell] == t[match + \ell]
i_16: \exists integer k; 0 <= k < m && \forall integer \ell; \ell < n && t[match + \ell] == p[\ell]
------------------------------------
---------- Code with Invariants ----------
/*@
    predicate string_same(char* t, char* p, integer n, integer m, integer match) =
        n < m || \forall integer k; 0 <= k < m ==> p[k] == t[match + k];
*/

/*@
    requires \valid_read(t);
    requires \valid_read(p);
    requires \valid(t + (0..n - 1));
    requires \valid(p + (0..m - 1));
    requires \separated(&t[0..(n - 1)], &p[0..(m - 1)]);
    requires n > 0;
    requires m > 0;
    assigns \nothing;
    ensures e_1: \result == 1 ==> string_same(t, p, n, m, match);
*/
int _string_same_judge(char* t, char* p, int n, int m, int match){
    // Loop A
    /*@
        loop invariant i_8: m > 0;

        loop invariant i_9: \forall integer j; 0 <= j < m && p[j] == t[match + j];

        loop invariant i_10: \exists integer k; 0 <= k < m && \forall integer \ell; \ell < m ==> p[\ell] == t[match + \ell];

        loop invariant i_11: \forall integer j; 0 <= j < m;

        loop invariant i_12: \forall integer j; 0 <= match + j < n;

        loop invariant i_13: \forall integer j; t[match + j] == p[j];

        loop invariant i_14: \forall integer j; 0 <= match + j <= n - 1;

        loop invariant i_15: \forall integer j; \forall integer k; 0 <= k < n ==> \forall integer \ell; 0 <= \ell < m && p[\ell] == t[match + \ell];

        loop invariant i_16: \exists integer k; 0 <= k < m && \forall integer \ell; \ell < n && t[match + \ell] == p[\ell];


        loop assigns j;
    */
    for (int j = 0; j < m; j++){
        if (p[j] == t[match + j]) {
            continue;
        }
        else{
            return 0;
        }
    }
    return 1;
}

------------------------------------------
Verification failed (Fail_23_24), removing all invariants and retrying.
========== Attempt 4 ==========
----------Prompt----------

/*@
    predicate string_same(char* t, char* p, integer n, integer m, integer match) =
        n < m || \forall integer k; 0 <= k < m ==> p[k] == t[match + k];
*/

/*@
    requires \valid_read(t);
    requires \valid_read(p);
    requires \valid(t + (0..n - 1));
    requires \valid(p + (0..m - 1));
    requires \separated(&t[0..(n - 1)], &p[0..(m - 1)]);
    requires n > 0;
    requires m > 0;
    assigns \nothing;
    ensures e_1: \result == 1 ==> string_same(t, p, n, m, match);
*/
int _string_same_judge(char* t, char* p, int n, int m, int match){
    // Loop A
    /*@
        [Hint] Please infer the loop invariant for the following loop.

        loop assigns j;
    */
    for (int j = 0; j < m; j++){
        if (p[j] == t[match + j]) {
            continue;
        }
        else{
            return 0;
        }
    }
    return 1;
}

You are an expert in program verification, and please generate loop invariant as C annotation comments at the hint location (annotated by "[Hint] Please infer the loop invariant for the following loop.") using ACSL language.
ACSL is a specification language for C programs that conforms to the design by contract paradigm, utilizing Hoare style pre- and postconditions and invariants. Note that the `loop invariant` clause is a condition that is true at the beginning and end of every loop iteration.
Specifically, for the current verification task:
    - Pre-condition: the function's `requires` clauses
    - Post-condition: e_1:\result == 1 ==> string_same(t, p, n, m, match); 
Please verify that the generated loop invariant is consistent with these constraints. If these specific pre- or post-conditions are not provided or empty, please infer the loop invariant strictly based on the program's execution logic and standard correctness.
In order to get a correct answer, You may want to consider both the situation of not entering the loop and the situation of jumping out of the loop. If some of the pre-conditions are also loop invariant, you need to add them to your answer as well.
Use '&&', '||', '==>', '\forall' or '\exists' if necessary. For instance:
```
loop invariant 1 <= x;
loop invariant x == y;
loop invariant 0 < x ==> y <= z;
loop invariant z % 2 == 1 || x == y;
loop invariant z % 2 == 1 && x <= y;
loop invariant \forall integer k;  0 <= k < i ==> max >=  a[k];
loop invariant \exists integer k;  0 <= k < i &&  max == a[k];
loop invariant \forall integer p; 0 <= p < \at(k, End_l) ==> res[p] == \at(res[p], End_l);
```
Your answer should follow the following format:
```
loop invariant ...;
loop invariant ...;
...
```
No explanation. No commentary. Just show me the loop invariant.
 /no_think
--------------------------
----------Response----------
[unused16][unused17]loop invariant j >= 0 && j < m;
loop invariant \forall integer k; 0 <= k < j ==> p[k] == t[match + k];
----------------------------
------------Invariant Info-----------
LOOP A:
i_17: j >= 0 && j < m
i_18: \forall integer k; 0 <= k < j ==> p[k] == t[match + k]
------------------------------------
---------- Code with Invariants ----------
/*@
    predicate string_same(char* t, char* p, integer n, integer m, integer match) =
        n < m || \forall integer k; 0 <= k < m ==> p[k] == t[match + k];
*/

/*@
    requires \valid_read(t);
    requires \valid_read(p);
    requires \valid(t + (0..n - 1));
    requires \valid(p + (0..m - 1));
    requires \separated(&t[0..(n - 1)], &p[0..(m - 1)]);
    requires n > 0;
    requires m > 0;
    assigns \nothing;
    ensures e_1: \result == 1 ==> string_same(t, p, n, m, match);
*/
int _string_same_judge(char* t, char* p, int n, int m, int match){
    // Loop A
    /*@
        loop invariant i_17: j >= 0 && j < m;

        loop invariant i_18: \forall integer k; 0 <= k < j ==> p[k] == t[match + k];


        loop assigns j;
    */
    for (int j = 0; j < m; j++){
        if (p[j] == t[match + j]) {
            continue;
        }
        else{
            return 0;
        }
    }
    return 1;
}

------------------------------------------
Verification failed (Fail_9_10), removing all invariants and retrying.
========== Attempt 5 ==========
----------Prompt----------

/*@
    predicate string_same(char* t, char* p, integer n, integer m, integer match) =
        n < m || \forall integer k; 0 <= k < m ==> p[k] == t[match + k];
*/

/*@
    requires \valid_read(t);
    requires \valid_read(p);
    requires \valid(t + (0..n - 1));
    requires \valid(p + (0..m - 1));
    requires \separated(&t[0..(n - 1)], &p[0..(m - 1)]);
    requires n > 0;
    requires m > 0;
    assigns \nothing;
    ensures e_1: \result == 1 ==> string_same(t, p, n, m, match);
*/
int _string_same_judge(char* t, char* p, int n, int m, int match){
    // Loop A
    /*@
        [Hint] Please infer the loop invariant for the following loop.

        loop assigns j;
    */
    for (int j = 0; j < m; j++){
        if (p[j] == t[match + j]) {
            continue;
        }
        else{
            return 0;
        }
    }
    return 1;
}

You are an expert in program verification, and please generate loop invariant as C annotation comments at the hint location (annotated by "[Hint] Please infer the loop invariant for the following loop.") using ACSL language.
ACSL is a specification language for C programs that conforms to the design by contract paradigm, utilizing Hoare style pre- and postconditions and invariants. Note that the `loop invariant` clause is a condition that is true at the beginning and end of every loop iteration.
Specifically, for the current verification task:
    - Pre-condition: the function's `requires` clauses
    - Post-condition: e_1:\result == 1 ==> string_same(t, p, n, m, match); 
Please verify that the generated loop invariant is consistent with these constraints. If these specific pre- or post-conditions are not provided or empty, please infer the loop invariant strictly based on the program's execution logic and standard correctness.
In order to get a correct answer, You may want to consider both the situation of not entering the loop and the situation of jumping out of the loop. If some of the pre-conditions are also loop invariant, you need to add them to your answer as well.
Use '&&', '||', '==>', '\forall' or '\exists' if necessary. For instance:
```
loop invariant 1 <= x;
loop invariant x == y;
loop invariant 0 < x ==> y <= z;
loop invariant z % 2 == 1 || x == y;
loop invariant z % 2 == 1 && x <= y;
loop invariant \forall integer k;  0 <= k < i ==> max >=  a[k];
loop invariant \exists integer k;  0 <= k < i &&  max == a[k];
loop invariant \forall integer p; 0 <= p < \at(k, End_l) ==> res[p] == \at(res[p], End_l);
```
Your answer should follow the following format:
```
loop invariant ...;
loop invariant ...;
...
```
No explanation. No commentary. Just show me the loop invariant.
 /no_think
--------------------------
----------Response----------
[unused16][unused17][Loop <Loop A>]
loop invariant && 0..m == 1;
loop invariant j == 0 || p[j] == t[match + j];
loop invariant \forall integer i; 0 <= i < j ==> p[i] == t[match + i];
loop invariant \exists integer k; 0 <= k < j && p[k] == t[match + k]; \\exists integer k; 0 <= k < j ==> p[k] == t[match + k]; \\forall integer i; 0 <= i < j ==> p[i] == t[match + i]; \\exists integer k; 0 <= k < j && p[k] == t[match + k];

[Loop <Loop B>]
loop invariant 1 == 1;
loop invariant match == match;
loop invariant \forall integer j; j < m ==> match + j is valid memory address;
loop invariant \forall integer j; 0 <= j < m ==> p[j] == t[match + j]; \\forall integer j; 0 <= j < m ==> p[j] == t[match + j]; \\exists integer j; 0 <= j < m && p[j] != t[match + j]; \\exists integer j; 0 <= j < m && p[j] == t[match + j]; \\forall integer j; 0 <= j < m ==> p[j] == t[match + j]; \\exists integer j; 0 <= j < m && p[j] != t[match + j];
loop invariant p == p;
----------------------------
------------Invariant Info-----------
LOOP A:
i_19: && 0..m == 1
i_20: j == 0 || p[j] == t[match + j]
i_21: \forall integer i; 0 <= i < j ==> p[i] == t[match + i]
i_22: \exists integer k; 0 <= k < j && p[k] == t[match + k]
i_23: 1 == 1
i_24: match == match
i_25: \forall integer j; j < m ==> match + j is valid memory address
i_26: \forall integer j; 0 <= j < m ==> p[j] == t[match + j]
i_27: p == p
------------------------------------
---------- Code with Invariants ----------
/*@
    predicate string_same(char* t, char* p, integer n, integer m, integer match) =
        n < m || \forall integer k; 0 <= k < m ==> p[k] == t[match + k];
*/

/*@
    requires \valid_read(t);
    requires \valid_read(p);
    requires \valid(t + (0..n - 1));
    requires \valid(p + (0..m - 1));
    requires \separated(&t[0..(n - 1)], &p[0..(m - 1)]);
    requires n > 0;
    requires m > 0;
    assigns \nothing;
    ensures e_1: \result == 1 ==> string_same(t, p, n, m, match);
*/
int _string_same_judge(char* t, char* p, int n, int m, int match){
    // Loop A
    /*@
        loop invariant i_19: && 0..m == 1;

        loop invariant i_20: j == 0 || p[j] == t[match + j];

        loop invariant i_21: \forall integer i; 0 <= i < j ==> p[i] == t[match + i];

        loop invariant i_22: \exists integer k; 0 <= k < j && p[k] == t[match + k];

        loop invariant i_23: 1 == 1;

        loop invariant i_24: match == match;

        loop invariant i_25: \forall integer j; j < m ==> match + j is valid memory address;

        loop invariant i_26: \forall integer j; 0 <= j < m ==> p[j] == t[match + j];

        loop invariant i_27: p == p;


        loop assigns j;
    */
    for (int j = 0; j < m; j++){
        if (p[j] == t[match + j]) {
            continue;
        }
        else{
            return 0;
        }
    }
    return 1;
}

------------------------------------------
Verification failed (Invalid), removing all invariants and retrying.
Verification failed: reached maximum attempts.
---------Result---------
Fail
Model: openPangu-Embedded-7B-V1.1
Running time: 148.53815054893494
Proposal number: 5
Verified code:

------------------------
