-----------Model-----------
Model type:
PanguEmbeddedForCausalLM(
  (model): PanguEmbeddedModel(
    (embed_tokens): Embedding(153376, 4096, padding_idx=0)
    (layers): ModuleList(
      (0-33): 34 x PanguEmbeddedDecoderLayer(
        (self_attn): PanguEmbeddedAttention(
          (q_proj): Linear(in_features=4096, out_features=4096, bias=True)
          (k_proj): Linear(in_features=4096, out_features=1024, bias=True)
          (v_proj): Linear(in_features=4096, out_features=1024, bias=True)
          (o_proj): Linear(in_features=4096, out_features=4096, bias=True)
        )
        (mlp): PanguEmbeddedMLP(
          (gate_proj): Linear(in_features=4096, out_features=12800, bias=False)
          (up_proj): Linear(in_features=4096, out_features=12800, bias=False)
          (down_proj): Linear(in_features=12800, out_features=4096, bias=False)
          (act_fn): SiLU()
        )
        (input_layernorm): PanguEmbeddedRMSNorm((4096,), eps=1e-05)
        (post_attention_layernorm): PanguEmbeddedRMSNorm((4096,), eps=1e-05)
      )
    )
    (norm): PanguEmbeddedRMSNorm((4096,), eps=1e-05)
    (rotary_emb): PanguEmbeddedRotaryEmbedding()
  )
  (lm_head): Linear(in_features=4096, out_features=153376, bias=False)
)
Model device:
npu:1
---------------------------
File Path: ../Benchmark/OOPSLA/oopsla_33.c
----------Code----------
int unknown1();
int unknown2();
int unknown3();

void oopsla_33(int k){
    int z = k;
    int x = 0;
    int y = 0;
    int c = 0;

    /*@
        loop assigns z, y, x;
    */
    while(unknown1()){
        int c = 0;
        /*@
            loop assigns  y, x, c;
        */
        while(unknown2()){
            if(z==k+y-c){
                x++;
                y++;
                c++;
            }
            else{
                x++;
                y--;
                c++;
            }
        }
        /*@
            loop assigns y;
            loop assigns x;
        */
        while(unknown3()){
            x--;
            y--;
        }
        z=k+y;
    }
    //@ assert  a_1: x==y;
}

------------------------
========== Attempt 1 ==========
----------Prompt----------

int unknown1();
int unknown2();
int unknown3();

void oopsla_33(int k){
    int z = k;
    int x = 0;
    int y = 0;
    int c = 0;

    // Loop A
    /*@
        [Hint] Please infer the loop invariant for the following loop.

        loop assigns z, y, x;
    */
    while(unknown1()){
        int c = 0;
        // Loop B
        /*@
            loop assigns  y, x, c;
        */
        while(unknown2()){
            if(z==k+y-c){
                x++;
                y++;
                c++;
            }
            else{
                x++;
                y--;
                c++;
            }
        }
        // Loop C
        /*@
            loop assigns y;
            loop assigns x;
        */
        while(unknown3()){
            x--;
            y--;
        }
        z=k+y;
    }
    //@ assert  a_1: x==y;
}

You are an expert in program verification, and please generate loop invariant as C annotation comments at the hint location (annotated by "[Hint] Please infer the loop invariant for the following loop.") using ACSL language.
ACSL is a specification language for C programs that conforms to the design by contract paradigm, utilizing Hoare style pre- and postconditions and invariants. Note that the `loop invariant` clause is a condition that is true at the beginning and end of every loop iteration.
Specifically, for the current verification task:
    - Pre-condition: the function's `requires` clauses
    - Post-condition: 
Please verify that the generated loop invariant is consistent with these constraints. If these specific pre- or post-conditions are not provided or empty, please infer the loop invariant strictly based on the program's execution logic and standard correctness.
In order to get a correct answer, You may want to consider both the situation of not entering the loop and the situation of jumping out of the loop. If some of the pre-conditions are also loop invariant, you need to add them to your answer as well.
Use '&&', '||', '==>', '\forall' or '\exists' if necessary. For instance:
```
loop invariant 1 <= x;
loop invariant x == y;
loop invariant 0 < x ==> y <= z;
loop invariant z % 2 == 1 || x == y;
loop invariant z % 2 == 1 && x <= y;
loop invariant \forall integer k;  0 <= k < i ==> max >=  a[k];
loop invariant \exists integer k;  0 <= k < i &&  max == a[k];
loop invariant \forall integer p; 0 <= p < \at(k, End_l) ==> res[p] == \at(res[p], End_l);
```
Your answer should follow the following format:
```
loop invariant ...;
loop invariant ...;
...
```
No explanation. No commentary. Just show me the loop invariant.
 /no_think
--------------------------
----------Response----------
[unused16][unused17]loop invariant x + y + c == z;
loop invariant z == k + y - c;
loop invariant 0 <= x && 0 <= y && 0 <= c;
loop invariant x == y && c == 0;
loop invariant z % 2 == x % 2;
loop invariant z >= x && z >= y;
loop invariant y >= c;
loop invariant x >= 0 && y >= 0 && c >= 0;
----------------------------
----------Prompt----------

int unknown1();
int unknown2();
int unknown3();

void oopsla_33(int k){
    int z = k;
    int x = 0;
    int y = 0;
    int c = 0;

    // Loop A
    /*@
        loop invariant i_0: x + y + c == z;

        loop invariant i_1: z == k + y - c;

        loop invariant i_2: 0 <= x && 0 <= y && 0 <= c;

        loop invariant i_3: x == y && c == 0;

        loop invariant i_4: z % 2 == x % 2;

        loop invariant i_5: z >= x && z >= y;

        loop invariant i_6: y >= c;

        loop invariant i_7: x >= 0 && y >= 0 && c >= 0;


        loop assigns z, y, x;
    */
    while(unknown1()){
        int c = 0;
        // Loop B
        /*@
            loop assigns  y, x, c;
        */
        while(unknown2()){
            if(z==k+y-c){
                x++;
                y++;
                c++;
            }
            else{
                x++;
                y--;
                c++;
            }
        }
        // Loop C
        /*@
            [Hint] Please infer the loop invariant for the following loop.

            loop assigns y;
            loop assigns x;
        */
        while(unknown3()){
            x--;
            y--;
        }
        z=k+y;
    }
    //@ assert  a_1: x==y;
}

You are an expert in program verification, and please generate loop invariant as C annotation comments at the hint location (annotated by "[Hint] Please infer the loop invariant for the following loop.") using ACSL language.
ACSL is a specification language for C programs that conforms to the design by contract paradigm, utilizing Hoare style pre- and postconditions and invariants. Note that the `loop invariant` clause is a condition that is true at the beginning and end of every loop iteration.
Specifically, for the current verification task:
    - Pre-condition: 
    - Post-condition: i_0:x + y + c == z; i_1:z == k + y - c; i_2:0 <= x && 0 <= y && 0 <= c; i_3:x == y && c == 0; i_4:z % 2 == x % 2; i_5:z >= x && z >= y; i_6:y >= c; i_7:x >= 0 && y >= 0 && c >= 0; 
Please verify that the generated loop invariant is consistent with these constraints. If these specific pre- or post-conditions are not provided or empty, please infer the loop invariant strictly based on the program's execution logic and standard correctness.
In order to get a correct answer, You may want to consider both the situation of not entering the loop and the situation of jumping out of the loop. If some of the pre-conditions are also loop invariant, you need to add them to your answer as well.
Use '&&', '||', '==>', '\forall' or '\exists' if necessary. For instance:
```
loop invariant 1 <= x;
loop invariant x == y;
loop invariant 0 < x ==> y <= z;
loop invariant z % 2 == 1 || x == y;
loop invariant z % 2 == 1 && x <= y;
loop invariant \forall integer k;  0 <= k < i ==> max >=  a[k];
loop invariant \exists integer k;  0 <= k < i &&  max == a[k];
loop invariant \forall integer p; 0 <= p < \at(k, End_l) ==> res[p] == \at(res[p], End_l);
```
Your answer should follow the following format:
```
loop invariant ...;
loop invariant ...;
...
```
No explanation. No commentary. Just show me the loop invariant.
 /no_think
--------------------------
----------Response----------
[unused16][unused17][Loop C]
loop invariant x == y && c == 0;
----------------------------
----------Prompt----------

int unknown1();
int unknown2();
int unknown3();

void oopsla_33(int k){
    int z = k;
    int x = 0;
    int y = 0;
    int c = 0;

    // Loop A
    /*@
        loop invariant i_0: x + y + c == z;

        loop invariant i_1: z == k + y - c;

        loop invariant i_2: 0 <= x && 0 <= y && 0 <= c;

        loop invariant i_3: x == y && c == 0;

        loop invariant i_4: z % 2 == x % 2;

        loop invariant i_5: z >= x && z >= y;

        loop invariant i_6: y >= c;

        loop invariant i_7: x >= 0 && y >= 0 && c >= 0;


        loop assigns z, y, x;
    */
    while(unknown1()){
        int c = 0;
        // Loop B
        /*@
            [Hint] Please infer the loop invariant for the following loop.

            loop assigns  y, x, c;
        */
        while(unknown2()){
            if(z==k+y-c){
                x++;
                y++;
                c++;
            }
            else{
                x++;
                y--;
                c++;
            }
        }
        // Loop C
        /*@
            loop invariant i_8: x == y && c == 0;


            loop assigns y;
            loop assigns x;
        */
        while(unknown3()){
            x--;
            y--;
        }
        z=k+y;
    }
    //@ assert  a_1: x==y;
}

You are an expert in program verification, and please generate loop invariant as C annotation comments at the hint location (annotated by "[Hint] Please infer the loop invariant for the following loop.") using ACSL language.
ACSL is a specification language for C programs that conforms to the design by contract paradigm, utilizing Hoare style pre- and postconditions and invariants. Note that the `loop invariant` clause is a condition that is true at the beginning and end of every loop iteration.
Specifically, for the current verification task:
    - Pre-condition: i_0:x + y + c == z; i_1:z == k + y - c; i_2:0 <= x && 0 <= y && 0 <= c; i_3:x == y && c == 0; i_4:z % 2 == x % 2; i_5:z >= x && z >= y; i_6:y >= c; i_7:x >= 0 && y >= 0 && c >= 0; 
    - Post-condition: i_8:x == y && c == 0; 
Please verify that the generated loop invariant is consistent with these constraints. If these specific pre- or post-conditions are not provided or empty, please infer the loop invariant strictly based on the program's execution logic and standard correctness.
In order to get a correct answer, You may want to consider both the situation of not entering the loop and the situation of jumping out of the loop. If some of the pre-conditions are also loop invariant, you need to add them to your answer as well.
Use '&&', '||', '==>', '\forall' or '\exists' if necessary. For instance:
```
loop invariant 1 <= x;
loop invariant x == y;
loop invariant 0 < x ==> y <= z;
loop invariant z % 2 == 1 || x == y;
loop invariant z % 2 == 1 && x <= y;
loop invariant \forall integer k;  0 <= k < i ==> max >=  a[k];
loop invariant \exists integer k;  0 <= k < i &&  max == a[k];
loop invariant \forall integer p; 0 <= p < \at(k, End_l) ==> res[p] == \at(res[p], End_l);
```
Your answer should follow the following format:
```
loop invariant ...;
loop invariant ...;
...
```
No explanation. No commentary. Just show me the loop invariant.
 /no_think
--------------------------
----------Response----------
[unused16][unused17]loop invariant x == y && c == 0;
----------------------------
------------Invariant Info-----------
LOOP A:
i_0: x + y + c == z
i_1: z == k + y - c
i_2: 0 <= x && 0 <= y && 0 <= c
i_3: x == y && c == 0
i_4: z % 2 == x % 2
i_5: z >= x && z >= y
i_6: y >= c
i_7: x >= 0 && y >= 0 && c >= 0
LOOP B:
i_9: x == y && c == 0
LOOP C:
i_8: x == y && c == 0
------------------------------------
---------- Code with Invariants ----------
int unknown1();
int unknown2();
int unknown3();

void oopsla_33(int k){
    int z = k;
    int x = 0;
    int y = 0;
    int c = 0;

    // Loop A
    /*@
        loop invariant i_0: x + y + c == z;

        loop invariant i_1: z == k + y - c;

        loop invariant i_2: 0 <= x && 0 <= y && 0 <= c;

        loop invariant i_3: x == y && c == 0;

        loop invariant i_4: z % 2 == x % 2;

        loop invariant i_5: z >= x && z >= y;

        loop invariant i_6: y >= c;

        loop invariant i_7: x >= 0 && y >= 0 && c >= 0;


        loop assigns z, y, x;
    */
    while(unknown1()){
        int c = 0;
        // Loop B
        /*@
            loop invariant i_9: x == y && c == 0;


            loop assigns  y, x, c;
        */
        while(unknown2()){
            if(z==k+y-c){
                x++;
                y++;
                c++;
            }
            else{
                x++;
                y--;
                c++;
            }
        }
        // Loop C
        /*@
            loop invariant i_8: x == y && c == 0;


            loop assigns y;
            loop assigns x;
        */
        while(unknown3()){
            x--;
            y--;
        }
        z=k+y;
    }
    //@ assert  a_1: x==y;
}

------------------------------------------
Verification failed (Fail_28_31), removing all invariants and retrying.
========== Attempt 2 ==========
----------Prompt----------

int unknown1();
int unknown2();
int unknown3();

void oopsla_33(int k){
    int z = k;
    int x = 0;
    int y = 0;
    int c = 0;

    // Loop A
    /*@
        [Hint] Please infer the loop invariant for the following loop.

        loop assigns z, y, x;
    */
    while(unknown1()){
        int c = 0;
        // Loop B
        /*@
            loop assigns  y, x, c;
        */
        while(unknown2()){
            if(z==k+y-c){
                x++;
                y++;
                c++;
            }
            else{
                x++;
                y--;
                c++;
            }
        }
        // Loop C
        /*@
            loop assigns y;
            loop assigns x;
        */
        while(unknown3()){
            x--;
            y--;
        }
        z=k+y;
    }
    //@ assert  a_1: x==y;
}

You are an expert in program verification, and please generate loop invariant as C annotation comments at the hint location (annotated by "[Hint] Please infer the loop invariant for the following loop.") using ACSL language.
ACSL is a specification language for C programs that conforms to the design by contract paradigm, utilizing Hoare style pre- and postconditions and invariants. Note that the `loop invariant` clause is a condition that is true at the beginning and end of every loop iteration.
Specifically, for the current verification task:
    - Pre-condition: the function's `requires` clauses
    - Post-condition: 
Please verify that the generated loop invariant is consistent with these constraints. If these specific pre- or post-conditions are not provided or empty, please infer the loop invariant strictly based on the program's execution logic and standard correctness.
In order to get a correct answer, You may want to consider both the situation of not entering the loop and the situation of jumping out of the loop. If some of the pre-conditions are also loop invariant, you need to add them to your answer as well.
Use '&&', '||', '==>', '\forall' or '\exists' if necessary. For instance:
```
loop invariant 1 <= x;
loop invariant x == y;
loop invariant 0 < x ==> y <= z;
loop invariant z % 2 == 1 || x == y;
loop invariant z % 2 == 1 && x <= y;
loop invariant \forall integer k;  0 <= k < i ==> max >=  a[k];
loop invariant \exists integer k;  0 <= k < i &&  max == a[k];
loop invariant \forall integer p; 0 <= p < \at(k, End_l) ==> res[p] == \at(res[p], End_l);
```
Your answer should follow the following format:
```
loop invariant ...;
loop invariant ...;
...
```
No explanation. No commentary. Just show me the loop invariant.
 /no_think
--------------------------
----------Response----------
[unused16][unused17][Loop <Loop A>]
loop invariant && z >= x && z <= k;
loop invariant && x <= y && c <= k;
loop invariant && y >= c && x >= 0;

[Loop <Loop B>]
loop invariant && z % 2 == 1 || x == y;
loop invariant && x == y || c % 2 == 0;
loop invariant && z == k + y - c;

[Loop <Loop C>]
loop invariant && x == y;
loop invariant && x >= 0 && y >= 0;
loop invariant && z == k + y;
loop invariant && c == 0;

loop invariant z >= x && z <= k;
loop invariant x <= y && c <= k;
loop invariant y >= c && x >= 0;
loop invariant z % 2 == 1 && x == y;
loop invariant z % 2 == 1 || x == y;
loop invariant z % 2 == 1 && x == y && c % 2 == 0;
loop invariant z % 2 == 1 && x == y && c == 0;
loop invariant z == k + y && x == y && c == 0;
loop invariant z == k + y - c && x == y && c == 0;
----------------------------
----------Prompt----------

int unknown1();
int unknown2();
int unknown3();

void oopsla_33(int k){
    int z = k;
    int x = 0;
    int y = 0;
    int c = 0;

    // Loop A
    /*@
        loop invariant i_10: && z >= x && z <= k;

        loop invariant i_11: && x <= y && c <= k;

        loop invariant i_12: && y >= c && x >= 0;

        loop invariant i_13: && z % 2 == 1 || x == y;

        loop invariant i_14: && x == y || c % 2 == 0;

        loop invariant i_15: && z == k + y - c;

        loop invariant i_16: && x == y;

        loop invariant i_17: && x >= 0 && y >= 0;

        loop invariant i_18: && z == k + y;

        loop invariant i_19: && c == 0;

        loop invariant i_20: z >= x && z <= k;

        loop invariant i_21: x <= y && c <= k;

        loop invariant i_22: y >= c && x >= 0;

        loop invariant i_23: z % 2 == 1 && x == y;

        loop invariant i_24: z % 2 == 1 || x == y;

        loop invariant i_25: z % 2 == 1 && x == y && c % 2 == 0;

        loop invariant i_26: z % 2 == 1 && x == y && c == 0;

        loop invariant i_27: z == k + y && x == y && c == 0;

        loop invariant i_28: z == k + y - c && x == y && c == 0;


        loop assigns z, y, x;
    */
    while(unknown1()){
        int c = 0;
        // Loop B
        /*@
            loop assigns  y, x, c;
        */
        while(unknown2()){
            if(z==k+y-c){
                x++;
                y++;
                c++;
            }
            else{
                x++;
                y--;
                c++;
            }
        }
        // Loop C
        /*@
            [Hint] Please infer the loop invariant for the following loop.

            loop assigns y;
            loop assigns x;
        */
        while(unknown3()){
            x--;
            y--;
        }
        z=k+y;
    }
    //@ assert  a_1: x==y;
}

You are an expert in program verification, and please generate loop invariant as C annotation comments at the hint location (annotated by "[Hint] Please infer the loop invariant for the following loop.") using ACSL language.
ACSL is a specification language for C programs that conforms to the design by contract paradigm, utilizing Hoare style pre- and postconditions and invariants. Note that the `loop invariant` clause is a condition that is true at the beginning and end of every loop iteration.
Specifically, for the current verification task:
    - Pre-condition: 
    - Post-condition: i_10:&& z >= x && z <= k; i_11:&& x <= y && c <= k; i_12:&& y >= c && x >= 0; i_13:&& z % 2 == 1 || x == y; i_14:&& x == y || c % 2 == 0; i_15:&& z == k + y - c; i_16:&& x == y; i_17:&& x >= 0 && y >= 0; i_18:&& z == k + y; i_19:&& c == 0; i_20:z >= x && z <= k; i_21:x <= y && c <= k; i_22:y >= c && x >= 0; i_23:z % 2 == 1 && x == y; i_24:z % 2 == 1 || x == y; i_25:z % 2 == 1 && x == y && c % 2 == 0; i_26:z % 2 == 1 && x == y && c == 0; i_27:z == k + y && x == y && c == 0; i_28:z == k + y - c && x == y && c == 0; 
Please verify that the generated loop invariant is consistent with these constraints. If these specific pre- or post-conditions are not provided or empty, please infer the loop invariant strictly based on the program's execution logic and standard correctness.
In order to get a correct answer, You may want to consider both the situation of not entering the loop and the situation of jumping out of the loop. If some of the pre-conditions are also loop invariant, you need to add them to your answer as well.
Use '&&', '||', '==>', '\forall' or '\exists' if necessary. For instance:
```
loop invariant 1 <= x;
loop invariant x == y;
loop invariant 0 < x ==> y <= z;
loop invariant z % 2 == 1 || x == y;
loop invariant z % 2 == 1 && x <= y;
loop invariant \forall integer k;  0 <= k < i ==> max >=  a[k];
loop invariant \exists integer k;  0 <= k < i &&  max == a[k];
loop invariant \forall integer p; 0 <= p < \at(k, End_l) ==> res[p] == \at(res[p], End_l);
```
Your answer should follow the following format:
```
loop invariant ...;
loop invariant ...;
...
```
No explanation. No commentary. Just show me the loop invariant.
 /no_think
--------------------------
----------Response----------
[unused16][unused17][Loop C]
loop invariant i_28: z == k + y - c && x == y && c == 0;
----------------------------
----------Prompt----------

int unknown1();
int unknown2();
int unknown3();

void oopsla_33(int k){
    int z = k;
    int x = 0;
    int y = 0;
    int c = 0;

    // Loop A
    /*@
        loop invariant i_10: && z >= x && z <= k;

        loop invariant i_11: && x <= y && c <= k;

        loop invariant i_12: && y >= c && x >= 0;

        loop invariant i_13: && z % 2 == 1 || x == y;

        loop invariant i_14: && x == y || c % 2 == 0;

        loop invariant i_15: && z == k + y - c;

        loop invariant i_16: && x == y;

        loop invariant i_17: && x >= 0 && y >= 0;

        loop invariant i_18: && z == k + y;

        loop invariant i_19: && c == 0;

        loop invariant i_20: z >= x && z <= k;

        loop invariant i_21: x <= y && c <= k;

        loop invariant i_22: y >= c && x >= 0;

        loop invariant i_23: z % 2 == 1 && x == y;

        loop invariant i_24: z % 2 == 1 || x == y;

        loop invariant i_25: z % 2 == 1 && x == y && c % 2 == 0;

        loop invariant i_26: z % 2 == 1 && x == y && c == 0;

        loop invariant i_27: z == k + y && x == y && c == 0;

        loop invariant i_28: z == k + y - c && x == y && c == 0;


        loop assigns z, y, x;
    */
    while(unknown1()){
        int c = 0;
        // Loop B
        /*@
            [Hint] Please infer the loop invariant for the following loop.

            loop assigns  y, x, c;
        */
        while(unknown2()){
            if(z==k+y-c){
                x++;
                y++;
                c++;
            }
            else{
                x++;
                y--;
                c++;
            }
        }
        // Loop C
        /*@
            loop invariant i_29: z == k + y - c && x == y && c == 0;


            loop assigns y;
            loop assigns x;
        */
        while(unknown3()){
            x--;
            y--;
        }
        z=k+y;
    }
    //@ assert  a_1: x==y;
}

You are an expert in program verification, and please generate loop invariant as C annotation comments at the hint location (annotated by "[Hint] Please infer the loop invariant for the following loop.") using ACSL language.
ACSL is a specification language for C programs that conforms to the design by contract paradigm, utilizing Hoare style pre- and postconditions and invariants. Note that the `loop invariant` clause is a condition that is true at the beginning and end of every loop iteration.
Specifically, for the current verification task:
    - Pre-condition: i_10:&& z >= x && z <= k; i_11:&& x <= y && c <= k; i_12:&& y >= c && x >= 0; i_13:&& z % 2 == 1 || x == y; i_14:&& x == y || c % 2 == 0; i_15:&& z == k + y - c; i_16:&& x == y; i_17:&& x >= 0 && y >= 0; i_18:&& z == k + y; i_19:&& c == 0; i_20:z >= x && z <= k; i_21:x <= y && c <= k; i_22:y >= c && x >= 0; i_23:z % 2 == 1 && x == y; i_24:z % 2 == 1 || x == y; i_25:z % 2 == 1 && x == y && c % 2 == 0; i_26:z % 2 == 1 && x == y && c == 0; i_27:z == k + y && x == y && c == 0; i_28:z == k + y - c && x == y && c == 0; 
    - Post-condition: i_29:z == k + y - c && x == y && c == 0; 
Please verify that the generated loop invariant is consistent with these constraints. If these specific pre- or post-conditions are not provided or empty, please infer the loop invariant strictly based on the program's execution logic and standard correctness.
In order to get a correct answer, You may want to consider both the situation of not entering the loop and the situation of jumping out of the loop. If some of the pre-conditions are also loop invariant, you need to add them to your answer as well.
Use '&&', '||', '==>', '\forall' or '\exists' if necessary. For instance:
```
loop invariant 1 <= x;
loop invariant x == y;
loop invariant 0 < x ==> y <= z;
loop invariant z % 2 == 1 || x == y;
loop invariant z % 2 == 1 && x <= y;
loop invariant \forall integer k;  0 <= k < i ==> max >=  a[k];
loop invariant \exists integer k;  0 <= k < i &&  max == a[k];
loop invariant \forall integer p; 0 <= p < \at(k, End_l) ==> res[p] == \at(res[p], End_l);
```
Your answer should follow the following format:
```
loop invariant ...;
loop invariant ...;
...
```
No explanation. No commentary. Just show me the loop invariant.
 /no_think
--------------------------
----------Response----------
[unused16][unused17]```
loop invariant z == k + y - c && x == y && c == 0;
```
----------------------------
------------Invariant Info-----------
LOOP A:
i_10: && z >= x && z <= k
i_11: && x <= y && c <= k
i_12: && y >= c && x >= 0
i_13: && z % 2 == 1 || x == y
i_14: && x == y || c % 2 == 0
i_15: && z == k + y - c
i_16: && x == y
i_17: && x >= 0 && y >= 0
i_18: && z == k + y
i_19: && c == 0
i_20: z >= x && z <= k
i_21: x <= y && c <= k
i_22: y >= c && x >= 0
i_23: z % 2 == 1 && x == y
i_24: z % 2 == 1 || x == y
i_25: z % 2 == 1 && x == y && c % 2 == 0
i_26: z % 2 == 1 && x == y && c == 0
i_27: z == k + y && x == y && c == 0
i_28: z == k + y - c && x == y && c == 0
LOOP B:
i_30: z == k + y - c && x == y && c == 0
LOOP C:
i_29: z == k + y - c && x == y && c == 0
------------------------------------
---------- Code with Invariants ----------
int unknown1();
int unknown2();
int unknown3();

void oopsla_33(int k){
    int z = k;
    int x = 0;
    int y = 0;
    int c = 0;

    // Loop A
    /*@
        loop invariant i_10: && z >= x && z <= k;

        loop invariant i_11: && x <= y && c <= k;

        loop invariant i_12: && y >= c && x >= 0;

        loop invariant i_13: && z % 2 == 1 || x == y;

        loop invariant i_14: && x == y || c % 2 == 0;

        loop invariant i_15: && z == k + y - c;

        loop invariant i_16: && x == y;

        loop invariant i_17: && x >= 0 && y >= 0;

        loop invariant i_18: && z == k + y;

        loop invariant i_19: && c == 0;

        loop invariant i_20: z >= x && z <= k;

        loop invariant i_21: x <= y && c <= k;

        loop invariant i_22: y >= c && x >= 0;

        loop invariant i_23: z % 2 == 1 && x == y;

        loop invariant i_24: z % 2 == 1 || x == y;

        loop invariant i_25: z % 2 == 1 && x == y && c % 2 == 0;

        loop invariant i_26: z % 2 == 1 && x == y && c == 0;

        loop invariant i_27: z == k + y && x == y && c == 0;

        loop invariant i_28: z == k + y - c && x == y && c == 0;


        loop assigns z, y, x;
    */
    while(unknown1()){
        int c = 0;
        // Loop B
        /*@
            loop invariant i_30: z == k + y - c && x == y && c == 0;


            loop assigns  y, x, c;
        */
        while(unknown2()){
            if(z==k+y-c){
                x++;
                y++;
                c++;
            }
            else{
                x++;
                y--;
                c++;
            }
        }
        // Loop C
        /*@
            loop invariant i_29: z == k + y - c && x == y && c == 0;


            loop assigns y;
            loop assigns x;
        */
        while(unknown3()){
            x--;
            y--;
        }
        z=k+y;
    }
    //@ assert  a_1: x==y;
}

------------------------------------------
Verification failed (Invalid), removing all invariants and retrying.
========== Attempt 3 ==========
----------Prompt----------

int unknown1();
int unknown2();
int unknown3();

void oopsla_33(int k){
    int z = k;
    int x = 0;
    int y = 0;
    int c = 0;

    // Loop A
    /*@
        [Hint] Please infer the loop invariant for the following loop.

        loop assigns z, y, x;
    */
    while(unknown1()){
        int c = 0;
        // Loop B
        /*@
            loop assigns  y, x, c;
        */
        while(unknown2()){
            if(z==k+y-c){
                x++;
                y++;
                c++;
            }
            else{
                x++;
                y--;
                c++;
            }
        }
        // Loop C
        /*@
            loop assigns y;
            loop assigns x;
        */
        while(unknown3()){
            x--;
            y--;
        }
        z=k+y;
    }
    //@ assert  a_1: x==y;
}

You are an expert in program verification, and please generate loop invariant as C annotation comments at the hint location (annotated by "[Hint] Please infer the loop invariant for the following loop.") using ACSL language.
ACSL is a specification language for C programs that conforms to the design by contract paradigm, utilizing Hoare style pre- and postconditions and invariants. Note that the `loop invariant` clause is a condition that is true at the beginning and end of every loop iteration.
Specifically, for the current verification task:
    - Pre-condition: the function's `requires` clauses
    - Post-condition: 
Please verify that the generated loop invariant is consistent with these constraints. If these specific pre- or post-conditions are not provided or empty, please infer the loop invariant strictly based on the program's execution logic and standard correctness.
In order to get a correct answer, You may want to consider both the situation of not entering the loop and the situation of jumping out of the loop. If some of the pre-conditions are also loop invariant, you need to add them to your answer as well.
Use '&&', '||', '==>', '\forall' or '\exists' if necessary. For instance:
```
loop invariant 1 <= x;
loop invariant x == y;
loop invariant 0 < x ==> y <= z;
loop invariant z % 2 == 1 || x == y;
loop invariant z % 2 == 1 && x <= y;
loop invariant \forall integer k;  0 <= k < i ==> max >=  a[k];
loop invariant \exists integer k;  0 <= k < i &&  max == a[k];
loop invariant \forall integer p; 0 <= p < \at(k, End_l) ==> res[p] == \at(res[p], End_l);
```
Your answer should follow the following format:
```
loop invariant ...;
loop invariant ...;
...
```
No explanation. No commentary. Just show me the loop invariant.
 /no_think
--------------------------
----------Response----------
[unused16][unused17]loop invariant 0 <= z && z == k + y;
loop invariant 0 <= x && x == z - k + y;
loop invariant 0 <= y && y == z - k - x;
loop invariant z >= x - y - c;
loop invariant c >= 0;
```
----------------------------
----------Prompt----------

int unknown1();
int unknown2();
int unknown3();

void oopsla_33(int k){
    int z = k;
    int x = 0;
    int y = 0;
    int c = 0;

    // Loop A
    /*@
        loop invariant i_31: 0 <= z && z == k + y;

        loop invariant i_32: 0 <= x && x == z - k + y;

        loop invariant i_33: 0 <= y && y == z - k - x;

        loop invariant i_34: z >= x - y - c;

        loop invariant i_35: c >= 0;


        loop assigns z, y, x;
    */
    while(unknown1()){
        int c = 0;
        // Loop B
        /*@
            loop assigns  y, x, c;
        */
        while(unknown2()){
            if(z==k+y-c){
                x++;
                y++;
                c++;
            }
            else{
                x++;
                y--;
                c++;
            }
        }
        // Loop C
        /*@
            [Hint] Please infer the loop invariant for the following loop.

            loop assigns y;
            loop assigns x;
        */
        while(unknown3()){
            x--;
            y--;
        }
        z=k+y;
    }
    //@ assert  a_1: x==y;
}

You are an expert in program verification, and please generate loop invariant as C annotation comments at the hint location (annotated by "[Hint] Please infer the loop invariant for the following loop.") using ACSL language.
ACSL is a specification language for C programs that conforms to the design by contract paradigm, utilizing Hoare style pre- and postconditions and invariants. Note that the `loop invariant` clause is a condition that is true at the beginning and end of every loop iteration.
Specifically, for the current verification task:
    - Pre-condition: 
    - Post-condition: i_31:0 <= z && z == k + y; i_32:0 <= x && x == z - k + y; i_33:0 <= y && y == z - k - x; i_34:z >= x - y - c; i_35:c >= 0; 
Please verify that the generated loop invariant is consistent with these constraints. If these specific pre- or post-conditions are not provided or empty, please infer the loop invariant strictly based on the program's execution logic and standard correctness.
In order to get a correct answer, You may want to consider both the situation of not entering the loop and the situation of jumping out of the loop. If some of the pre-conditions are also loop invariant, you need to add them to your answer as well.
Use '&&', '||', '==>', '\forall' or '\exists' if necessary. For instance:
```
loop invariant 1 <= x;
loop invariant x == y;
loop invariant 0 < x ==> y <= z;
loop invariant z % 2 == 1 || x == y;
loop invariant z % 2 == 1 && x <= y;
loop invariant \forall integer k;  0 <= k < i ==> max >=  a[k];
loop invariant \exists integer k;  0 <= k < i &&  max == a[k];
loop invariant \forall integer p; 0 <= p < \at(k, End_l) ==> res[p] == \at(res[p], End_l);
```
Your answer should follow the following format:
```
loop invariant ...;
loop invariant ...;
...
```
No explanation. No commentary. Just show me the loop invariant.
 /no_think
--------------------------
----------Response----------
[unused16][unused17][Loop <Loop C>]
loop invariant 0 <= x && x == z - k - y;

[Loop <Loop C>]
loop invariant 0 <= y && y == z - k - x;

loop invariant 0 <= c && c == k + y - x;
----------------------------
----------Prompt----------

int unknown1();
int unknown2();
int unknown3();

void oopsla_33(int k){
    int z = k;
    int x = 0;
    int y = 0;
    int c = 0;

    // Loop A
    /*@
        loop invariant i_31: 0 <= z && z == k + y;

        loop invariant i_32: 0 <= x && x == z - k + y;

        loop invariant i_33: 0 <= y && y == z - k - x;

        loop invariant i_34: z >= x - y - c;

        loop invariant i_35: c >= 0;


        loop assigns z, y, x;
    */
    while(unknown1()){
        int c = 0;
        // Loop B
        /*@
            [Hint] Please infer the loop invariant for the following loop.

            loop assigns  y, x, c;
        */
        while(unknown2()){
            if(z==k+y-c){
                x++;
                y++;
                c++;
            }
            else{
                x++;
                y--;
                c++;
            }
        }
        // Loop C
        /*@
            loop invariant i_36: 0 <= x && x == z - k - y;

            loop invariant i_37: 0 <= y && y == z - k - x;

            loop invariant i_38: 0 <= c && c == k + y - x;


            loop assigns y;
            loop assigns x;
        */
        while(unknown3()){
            x--;
            y--;
        }
        z=k+y;
    }
    //@ assert  a_1: x==y;
}

You are an expert in program verification, and please generate loop invariant as C annotation comments at the hint location (annotated by "[Hint] Please infer the loop invariant for the following loop.") using ACSL language.
ACSL is a specification language for C programs that conforms to the design by contract paradigm, utilizing Hoare style pre- and postconditions and invariants. Note that the `loop invariant` clause is a condition that is true at the beginning and end of every loop iteration.
Specifically, for the current verification task:
    - Pre-condition: i_31:0 <= z && z == k + y; i_32:0 <= x && x == z - k + y; i_33:0 <= y && y == z - k - x; i_34:z >= x - y - c; i_35:c >= 0; 
    - Post-condition: i_36:0 <= x && x == z - k - y; i_37:0 <= y && y == z - k - x; i_38:0 <= c && c == k + y - x; 
Please verify that the generated loop invariant is consistent with these constraints. If these specific pre- or post-conditions are not provided or empty, please infer the loop invariant strictly based on the program's execution logic and standard correctness.
In order to get a correct answer, You may want to consider both the situation of not entering the loop and the situation of jumping out of the loop. If some of the pre-conditions are also loop invariant, you need to add them to your answer as well.
Use '&&', '||', '==>', '\forall' or '\exists' if necessary. For instance:
```
loop invariant 1 <= x;
loop invariant x == y;
loop invariant 0 < x ==> y <= z;
loop invariant z % 2 == 1 || x == y;
loop invariant z % 2 == 1 && x <= y;
loop invariant \forall integer k;  0 <= k < i ==> max >=  a[k];
loop invariant \exists integer k;  0 <= k < i &&  max == a[k];
loop invariant \forall integer p; 0 <= p < \at(k, End_l) ==> res[p] == \at(res[p], End_l);
```
Your answer should follow the following format:
```
loop invariant ...;
loop invariant ...;
...
```
No explanation. No commentary. Just show me the loop invariant.
 /no_think
--------------------------
----------Response----------
[unused16][unused17]loop invariant 0 <= z && z == k + y;
loop invariant 0 <= x && x == z - k + y;
loop invariant 0 <= y && y == z - k - x;
loop invariant z >= x - y - c;
loop invariant c >= 0;
loop invariant 0 <= x && x == z - k - y;
loop invariant 0 <= y && y == z - k - x;
loop invariant 0 <= c && c == k + y - x;
----------------------------
------------Invariant Info-----------
LOOP A:
i_31: 0 <= z && z == k + y
i_32: 0 <= x && x == z - k + y
i_33: 0 <= y && y == z - k - x
i_34: z >= x - y - c
i_35: c >= 0
LOOP B:
i_39: 0 <= z && z == k + y
i_40: 0 <= x && x == z - k + y
i_41: 0 <= y && y == z - k - x
i_42: z >= x - y - c
i_43: c >= 0
i_44: 0 <= x && x == z - k - y
i_45: 0 <= c && c == k + y - x
LOOP C:
i_36: 0 <= x && x == z - k - y
i_37: 0 <= y && y == z - k - x
i_38: 0 <= c && c == k + y - x
------------------------------------
---------- Code with Invariants ----------
int unknown1();
int unknown2();
int unknown3();

void oopsla_33(int k){
    int z = k;
    int x = 0;
    int y = 0;
    int c = 0;

    // Loop A
    /*@
        loop invariant i_31: 0 <= z && z == k + y;

        loop invariant i_32: 0 <= x && x == z - k + y;

        loop invariant i_33: 0 <= y && y == z - k - x;

        loop invariant i_34: z >= x - y - c;

        loop invariant i_35: c >= 0;


        loop assigns z, y, x;
    */
    while(unknown1()){
        int c = 0;
        // Loop B
        /*@
            loop invariant i_39: 0 <= z && z == k + y;

            loop invariant i_40: 0 <= x && x == z - k + y;

            loop invariant i_41: 0 <= y && y == z - k - x;

            loop invariant i_42: z >= x - y - c;

            loop invariant i_43: c >= 0;

            loop invariant i_44: 0 <= x && x == z - k - y;

            loop invariant i_45: 0 <= c && c == k + y - x;


            loop assigns  y, x, c;
        */
        while(unknown2()){
            if(z==k+y-c){
                x++;
                y++;
                c++;
            }
            else{
                x++;
                y--;
                c++;
            }
        }
        // Loop C
        /*@
            loop invariant i_36: 0 <= x && x == z - k - y;

            loop invariant i_37: 0 <= y && y == z - k - x;

            loop invariant i_38: 0 <= c && c == k + y - x;


            loop assigns y;
            loop assigns x;
        */
        while(unknown3()){
            x--;
            y--;
        }
        z=k+y;
    }
    //@ assert  a_1: x==y;
}

------------------------------------------
Verification failed (Fail_37_41), removing all invariants and retrying.
========== Attempt 4 ==========
----------Prompt----------

int unknown1();
int unknown2();
int unknown3();

void oopsla_33(int k){
    int z = k;
    int x = 0;
    int y = 0;
    int c = 0;

    // Loop A
    /*@
        [Hint] Please infer the loop invariant for the following loop.

        loop assigns z, y, x;
    */
    while(unknown1()){
        int c = 0;
        // Loop B
        /*@
            loop assigns  y, x, c;
        */
        while(unknown2()){
            if(z==k+y-c){
                x++;
                y++;
                c++;
            }
            else{
                x++;
                y--;
                c++;
            }
        }
        // Loop C
        /*@
            loop assigns y;
            loop assigns x;
        */
        while(unknown3()){
            x--;
            y--;
        }
        z=k+y;
    }
    //@ assert  a_1: x==y;
}

You are an expert in program verification, and please generate loop invariant as C annotation comments at the hint location (annotated by "[Hint] Please infer the loop invariant for the following loop.") using ACSL language.
ACSL is a specification language for C programs that conforms to the design by contract paradigm, utilizing Hoare style pre- and postconditions and invariants. Note that the `loop invariant` clause is a condition that is true at the beginning and end of every loop iteration.
Specifically, for the current verification task:
    - Pre-condition: the function's `requires` clauses
    - Post-condition: 
Please verify that the generated loop invariant is consistent with these constraints. If these specific pre- or post-conditions are not provided or empty, please infer the loop invariant strictly based on the program's execution logic and standard correctness.
In order to get a correct answer, You may want to consider both the situation of not entering the loop and the situation of jumping out of the loop. If some of the pre-conditions are also loop invariant, you need to add them to your answer as well.
Use '&&', '||', '==>', '\forall' or '\exists' if necessary. For instance:
```
loop invariant 1 <= x;
loop invariant x == y;
loop invariant 0 < x ==> y <= z;
loop invariant z % 2 == 1 || x == y;
loop invariant z % 2 == 1 && x <= y;
loop invariant \forall integer k;  0 <= k < i ==> max >=  a[k];
loop invariant \exists integer k;  0 <= k < i &&  max == a[k];
loop invariant \forall integer p; 0 <= p < \at(k, End_l) ==> res[p] == \at(res[p], End_l);
```
Your answer should follow the following format:
```
loop invariant ...;
loop invariant ...;
...
```
No explanation. No commentary. Just show me the loop invariant.
 /no_think
--------------------------
----------Response----------
[unused16][unused17][Loop <Loop A>]
loop invariant z >= y - c;

[Loop <Loop B>]
loop invariant z == k + y - c;

[Loop <Loop C>]
loop invariant y <= k + z;

loop invariant x <= z;

loop invariant 0 <= x;
----------------------------
----------Prompt----------

int unknown1();
int unknown2();
int unknown3();

void oopsla_33(int k){
    int z = k;
    int x = 0;
    int y = 0;
    int c = 0;

    // Loop A
    /*@
        loop invariant i_46: z >= y - c;

        loop invariant i_47: z == k + y - c;

        loop invariant i_48: y <= k + z;

        loop invariant i_49: x <= z;

        loop invariant i_50: 0 <= x;


        loop assigns z, y, x;
    */
    while(unknown1()){
        int c = 0;
        // Loop B
        /*@
            loop assigns  y, x, c;
        */
        while(unknown2()){
            if(z==k+y-c){
                x++;
                y++;
                c++;
            }
            else{
                x++;
                y--;
                c++;
            }
        }
        // Loop C
        /*@
            [Hint] Please infer the loop invariant for the following loop.

            loop assigns y;
            loop assigns x;
        */
        while(unknown3()){
            x--;
            y--;
        }
        z=k+y;
    }
    //@ assert  a_1: x==y;
}

You are an expert in program verification, and please generate loop invariant as C annotation comments at the hint location (annotated by "[Hint] Please infer the loop invariant for the following loop.") using ACSL language.
ACSL is a specification language for C programs that conforms to the design by contract paradigm, utilizing Hoare style pre- and postconditions and invariants. Note that the `loop invariant` clause is a condition that is true at the beginning and end of every loop iteration.
Specifically, for the current verification task:
    - Pre-condition: 
    - Post-condition: i_46:z >= y - c; i_47:z == k + y - c; i_48:y <= k + z; i_49:x <= z; i_50:0 <= x; 
Please verify that the generated loop invariant is consistent with these constraints. If these specific pre- or post-conditions are not provided or empty, please infer the loop invariant strictly based on the program's execution logic and standard correctness.
In order to get a correct answer, You may want to consider both the situation of not entering the loop and the situation of jumping out of the loop. If some of the pre-conditions are also loop invariant, you need to add them to your answer as well.
Use '&&', '||', '==>', '\forall' or '\exists' if necessary. For instance:
```
loop invariant 1 <= x;
loop invariant x == y;
loop invariant 0 < x ==> y <= z;
loop invariant z % 2 == 1 || x == y;
loop invariant z % 2 == 1 && x <= y;
loop invariant \forall integer k;  0 <= k < i ==> max >=  a[k];
loop invariant \exists integer k;  0 <= k < i &&  max == a[k];
loop invariant \forall integer p; 0 <= p < \at(k, End_l) ==> res[p] == \at(res[p], End_l);
```
Your answer should follow the following format:
```
loop invariant ...;
loop invariant ...;
...
```
No explanation. No commentary. Just show me the loop invariant.
 /no_think
--------------------------
----------Response----------
[unused16][unused17][Loop C]
loop invariant x == y;

[Loop B]
loop invariant z == k + y - c;
----------------------------
----------Prompt----------

int unknown1();
int unknown2();
int unknown3();

void oopsla_33(int k){
    int z = k;
    int x = 0;
    int y = 0;
    int c = 0;

    // Loop A
    /*@
        loop invariant i_46: z >= y - c;

        loop invariant i_47: z == k + y - c;

        loop invariant i_48: y <= k + z;

        loop invariant i_49: x <= z;

        loop invariant i_50: 0 <= x;


        loop assigns z, y, x;
    */
    while(unknown1()){
        int c = 0;
        // Loop B
        /*@
            [Hint] Please infer the loop invariant for the following loop.

            loop invariant i_52: z == k + y - c;


            loop assigns  y, x, c;
        */
        while(unknown2()){
            if(z==k+y-c){
                x++;
                y++;
                c++;
            }
            else{
                x++;
                y--;
                c++;
            }
        }
        // Loop C
        /*@
            loop invariant i_51: x == y;


            loop assigns y;
            loop assigns x;
        */
        while(unknown3()){
            x--;
            y--;
        }
        z=k+y;
    }
    //@ assert  a_1: x==y;
}

You are an expert in program verification, and please generate loop invariant as C annotation comments at the hint location (annotated by "[Hint] Please infer the loop invariant for the following loop.") using ACSL language.
ACSL is a specification language for C programs that conforms to the design by contract paradigm, utilizing Hoare style pre- and postconditions and invariants. Note that the `loop invariant` clause is a condition that is true at the beginning and end of every loop iteration.
Specifically, for the current verification task:
    - Pre-condition: i_46:z >= y - c; i_47:z == k + y - c; i_48:y <= k + z; i_49:x <= z; i_50:0 <= x; 
    - Post-condition: i_51:x == y; 
Please verify that the generated loop invariant is consistent with these constraints. If these specific pre- or post-conditions are not provided or empty, please infer the loop invariant strictly based on the program's execution logic and standard correctness.
In order to get a correct answer, You may want to consider both the situation of not entering the loop and the situation of jumping out of the loop. If some of the pre-conditions are also loop invariant, you need to add them to your answer as well.
Use '&&', '||', '==>', '\forall' or '\exists' if necessary. For instance:
```
loop invariant 1 <= x;
loop invariant x == y;
loop invariant 0 < x ==> y <= z;
loop invariant z % 2 == 1 || x == y;
loop invariant z % 2 == 1 && x <= y;
loop invariant \forall integer k;  0 <= k < i ==> max >=  a[k];
loop invariant \exists integer k;  0 <= k < i &&  max == a[k];
loop invariant \forall integer p; 0 <= p < \at(k, End_l) ==> res[p] == \at(res[p], End_l);
```
Your answer should follow the following format:
```
loop invariant ...;
loop invariant ...;
...
```
No explanation. No commentary. Just show me the loop invariant.
 /no_think
--------------------------
----------Response----------
[unused16][unused17]```
loop invariant i_46: z >= y - c;
loop invariant i_47: z == k + y - c;
loop invariant i_48: y <= k + z;
loop invariant i_49: x <= z;
loop invariant i_50: 0 <= x;
loop invariant i_51: x == y;
```
----------------------------
------------Invariant Info-----------
LOOP A:
i_46: z >= y - c
i_47: z == k + y - c
i_48: y <= k + z
i_49: x <= z
i_50: 0 <= x
LOOP B:
i_52: z == k + y - c
i_53: z >= y - c
i_54: y <= k + z
i_55: x <= z
i_56: 0 <= x
i_57: x == y
LOOP C:
i_51: x == y
------------------------------------
---------- Code with Invariants ----------
int unknown1();
int unknown2();
int unknown3();

void oopsla_33(int k){
    int z = k;
    int x = 0;
    int y = 0;
    int c = 0;

    // Loop A
    /*@
        loop invariant i_46: z >= y - c;

        loop invariant i_47: z == k + y - c;

        loop invariant i_48: y <= k + z;

        loop invariant i_49: x <= z;

        loop invariant i_50: 0 <= x;


        loop assigns z, y, x;
    */
    while(unknown1()){
        int c = 0;
        // Loop B
        /*@
            loop invariant i_52: z == k + y - c;

            loop invariant i_53: z >= y - c;

            loop invariant i_54: y <= k + z;

            loop invariant i_55: x <= z;

            loop invariant i_56: 0 <= x;

            loop invariant i_57: x == y;


            loop assigns  y, x, c;
        */
        while(unknown2()){
            if(z==k+y-c){
                x++;
                y++;
                c++;
            }
            else{
                x++;
                y--;
                c++;
            }
        }
        // Loop C
        /*@
            loop invariant i_51: x == y;


            loop assigns y;
            loop assigns x;
        */
        while(unknown3()){
            x--;
            y--;
        }
        z=k+y;
    }
    //@ assert  a_1: x==y;
}

------------------------------------------
Verification failed (Fail_29_35), removing all invariants and retrying.
========== Attempt 5 ==========
----------Prompt----------

int unknown1();
int unknown2();
int unknown3();

void oopsla_33(int k){
    int z = k;
    int x = 0;
    int y = 0;
    int c = 0;

    // Loop A
    /*@
        [Hint] Please infer the loop invariant for the following loop.

        loop assigns z, y, x;
    */
    while(unknown1()){
        int c = 0;
        // Loop B
        /*@
            loop assigns  y, x, c;
        */
        while(unknown2()){
            if(z==k+y-c){
                x++;
                y++;
                c++;
            }
            else{
                x++;
                y--;
                c++;
            }
        }
        // Loop C
        /*@
            loop assigns y;
            loop assigns x;
        */
        while(unknown3()){
            x--;
            y--;
        }
        z=k+y;
    }
    //@ assert  a_1: x==y;
}

You are an expert in program verification, and please generate loop invariant as C annotation comments at the hint location (annotated by "[Hint] Please infer the loop invariant for the following loop.") using ACSL language.
ACSL is a specification language for C programs that conforms to the design by contract paradigm, utilizing Hoare style pre- and postconditions and invariants. Note that the `loop invariant` clause is a condition that is true at the beginning and end of every loop iteration.
Specifically, for the current verification task:
    - Pre-condition: the function's `requires` clauses
    - Post-condition: 
Please verify that the generated loop invariant is consistent with these constraints. If these specific pre- or post-conditions are not provided or empty, please infer the loop invariant strictly based on the program's execution logic and standard correctness.
In order to get a correct answer, You may want to consider both the situation of not entering the loop and the situation of jumping out of the loop. If some of the pre-conditions are also loop invariant, you need to add them to your answer as well.
Use '&&', '||', '==>', '\forall' or '\exists' if necessary. For instance:
```
loop invariant 1 <= x;
loop invariant x == y;
loop invariant 0 < x ==> y <= z;
loop invariant z % 2 == 1 || x == y;
loop invariant z % 2 == 1 && x <= y;
loop invariant \forall integer k;  0 <= k < i ==> max >=  a[k];
loop invariant \exists integer k;  0 <= k < i &&  max == a[k];
loop invariant \forall integer p; 0 <= p < \at(k, End_l) ==> res[p] == \at(res[p], End_l);
```
Your answer should follow the following format:
```
loop invariant ...;
loop invariant ...;
...
```
No explanation. No commentary. Just show me the loop invariant.
 /no_think
--------------------------
----------Response----------
[unused16][unused17]loop invariant z == k + y - c;
loop invariant x == y;
loop invariant z % 2 == 1;
loop invariant y >= 0 && y <= k;
loop invariant z >= 0 && z <= k;
loop invariant c >= 0 && c <= k;
loop invariant \forall int i; unknown1(i) && unknown2(i) && unknown3(i) ==> i >= 0 && i < k;
loop invariant \exists int i; i >= 0 && i < k;
```
----------------------------
----------Prompt----------

int unknown1();
int unknown2();
int unknown3();

void oopsla_33(int k){
    int z = k;
    int x = 0;
    int y = 0;
    int c = 0;

    // Loop A
    /*@
        loop invariant i_58: z == k + y - c;

        loop invariant i_59: x == y;

        loop invariant i_60: z % 2 == 1;

        loop invariant i_61: y >= 0 && y <= k;

        loop invariant i_62: z >= 0 && z <= k;

        loop invariant i_63: c >= 0 && c <= k;

        loop invariant i_64: \forall int i; unknown1(i) && unknown2(i) && unknown3(i) ==> i >= 0 && i < k;

        loop invariant i_65: \exists int i; i >= 0 && i < k;


        loop assigns z, y, x;
    */
    while(unknown1()){
        int c = 0;
        // Loop B
        /*@
            loop assigns  y, x, c;
        */
        while(unknown2()){
            if(z==k+y-c){
                x++;
                y++;
                c++;
            }
            else{
                x++;
                y--;
                c++;
            }
        }
        // Loop C
        /*@
            [Hint] Please infer the loop invariant for the following loop.

            loop assigns y;
            loop assigns x;
        */
        while(unknown3()){
            x--;
            y--;
        }
        z=k+y;
    }
    //@ assert  a_1: x==y;
}

You are an expert in program verification, and please generate loop invariant as C annotation comments at the hint location (annotated by "[Hint] Please infer the loop invariant for the following loop.") using ACSL language.
ACSL is a specification language for C programs that conforms to the design by contract paradigm, utilizing Hoare style pre- and postconditions and invariants. Note that the `loop invariant` clause is a condition that is true at the beginning and end of every loop iteration.
Specifically, for the current verification task:
    - Pre-condition: 
    - Post-condition: i_58:z == k + y - c; i_59:x == y; i_60:z % 2 == 1; i_61:y >= 0 && y <= k; i_62:z >= 0 && z <= k; i_63:c >= 0 && c <= k; i_64:\forall int i; unknown1(i) && unknown2(i) && unknown3(i) ==> i >= 0 && i < k; i_65:\exists int i; i >= 0 && i < k; 
Please verify that the generated loop invariant is consistent with these constraints. If these specific pre- or post-conditions are not provided or empty, please infer the loop invariant strictly based on the program's execution logic and standard correctness.
In order to get a correct answer, You may want to consider both the situation of not entering the loop and the situation of jumping out of the loop. If some of the pre-conditions are also loop invariant, you need to add them to your answer as well.
Use '&&', '||', '==>', '\forall' or '\exists' if necessary. For instance:
```
loop invariant 1 <= x;
loop invariant x == y;
loop invariant 0 < x ==> y <= z;
loop invariant z % 2 == 1 || x == y;
loop invariant z % 2 == 1 && x <= y;
loop invariant \forall integer k;  0 <= k < i ==> max >=  a[k];
loop invariant \exists integer k;  0 <= k < i &&  max == a[k];
loop invariant \forall integer p; 0 <= p < \at(k, End_l) ==> res[p] == \at(res[p], End_l);
```
Your answer should follow the following format:
```
loop invariant ...;
loop invariant ...;
...
```
No explanation. No commentary. Just show me the loop invariant.
 /no_think
--------------------------
----------Response----------
[unused16][unused17][Loop C]
loop invariant i_65: \exists int i; i >= 0 && i < k;

[Loop B]
loop invariant i_60: z == k + y - c;

loop invariant i_61: x == y;

loop invariant i_62: z >= 0 && z <= k;

loop invariant i_63: c >= 0 && c <= k;

loop invariant i_64: \forall int i; unknown1(i) && unknown2(i) && unknown3(i) ==> i >= 0 && i < k;

loop invariant i_65: \exists int i; i >= 0 && i < k;

[Loop C]
loop invariant x >= y;

loop invariant x >= 0 && y >= 0;

loop invariant x <= y;

loop invariant y <= k;

loop invariant x <= k;

loop invariant \forall int i; unknown1(i) && unknown2(i) && unknown3(i) ==> i >= 0 && i < k;

[Loop C]
----------------------------
----------Prompt----------

int unknown1();
int unknown2();
int unknown3();

void oopsla_33(int k){
    int z = k;
    int x = 0;
    int y = 0;
    int c = 0;

    // Loop A
    /*@
        loop invariant i_58: z == k + y - c;

        loop invariant i_59: x == y;

        loop invariant i_60: z % 2 == 1;

        loop invariant i_61: y >= 0 && y <= k;

        loop invariant i_62: z >= 0 && z <= k;

        loop invariant i_63: c >= 0 && c <= k;

        loop invariant i_64: \forall int i; unknown1(i) && unknown2(i) && unknown3(i) ==> i >= 0 && i < k;

        loop invariant i_65: \exists int i; i >= 0 && i < k;


        loop assigns z, y, x;
    */
    while(unknown1()){
        int c = 0;
        // Loop B
        /*@
            [Hint] Please infer the loop invariant for the following loop.

            loop invariant i_66: z == k + y - c;

            loop invariant i_67: x == y;

            loop invariant i_68: z >= 0 && z <= k;

            loop invariant i_69: c >= 0 && c <= k;

            loop invariant i_70: \forall int i; unknown1(i) && unknown2(i) && unknown3(i) ==> i >= 0 && i < k;

            loop invariant i_71: \exists int i; i >= 0 && i < k;


            loop assigns  y, x, c;
        */
        while(unknown2()){
            if(z==k+y-c){
                x++;
                y++;
                c++;
            }
            else{
                x++;
                y--;
                c++;
            }
        }
        // Loop C
        /*@
            loop assigns y;
            loop assigns x;
        */
        while(unknown3()){
            x--;
            y--;
        }
        z=k+y;
    }
    //@ assert  a_1: x==y;
}

You are an expert in program verification, and please generate loop invariant as C annotation comments at the hint location (annotated by "[Hint] Please infer the loop invariant for the following loop.") using ACSL language.
ACSL is a specification language for C programs that conforms to the design by contract paradigm, utilizing Hoare style pre- and postconditions and invariants. Note that the `loop invariant` clause is a condition that is true at the beginning and end of every loop iteration.
Specifically, for the current verification task:
    - Pre-condition: i_58:z == k + y - c; i_59:x == y; i_60:z % 2 == 1; i_61:y >= 0 && y <= k; i_62:z >= 0 && z <= k; i_63:c >= 0 && c <= k; i_64:\forall int i; unknown1(i) && unknown2(i) && unknown3(i) ==> i >= 0 && i < k; i_65:\exists int i; i >= 0 && i < k; 
    - Post-condition: 
Please verify that the generated loop invariant is consistent with these constraints. If these specific pre- or post-conditions are not provided or empty, please infer the loop invariant strictly based on the program's execution logic and standard correctness.
In order to get a correct answer, You may want to consider both the situation of not entering the loop and the situation of jumping out of the loop. If some of the pre-conditions are also loop invariant, you need to add them to your answer as well.
Use '&&', '||', '==>', '\forall' or '\exists' if necessary. For instance:
```
loop invariant 1 <= x;
loop invariant x == y;
loop invariant 0 < x ==> y <= z;
loop invariant z % 2 == 1 || x == y;
loop invariant z % 2 == 1 && x <= y;
loop invariant \forall integer k;  0 <= k < i ==> max >=  a[k];
loop invariant \exists integer k;  0 <= k < i &&  max == a[k];
loop invariant \forall integer p; 0 <= p < \at(k, End_l) ==> res[p] == \at(res[p], End_l);
```
Your answer should follow the following format:
```
loop invariant ...;
loop invariant ...;
...
```
No explanation. No commentary. Just show me the loop invariant.
 /no_think
--------------------------
----------Response----------
[unused16][unused17]```
loop invariant i_66: z == k + y - c;

loop invariant i_67: x == y;

loop invariant i_68: z >= 0 && z <= k;

loop invariant i_69: c >= 0 && c <= k;

loop invariant i_70: \forall int i; unknown1(i) && unknown2(i) && unknown3(i) ==> i >= 0 && i < k;

loop invariant i_71: \exists int i; i >= 0 && i < k;

loop invariant i_72: y >= 0 && y <= k;

loop invariant i_73: \forall int i; unknown1(i) && unknown2(i) && unknown3(i) ==> i >= 0 && i < k;
```
----------------------------
------------Invariant Info-----------
LOOP A:
i_58: z == k + y - c
i_59: x == y
i_60: z % 2 == 1
i_61: y >= 0 && y <= k
i_62: z >= 0 && z <= k
i_63: c >= 0 && c <= k
i_64: \forall int i; unknown1(i) && unknown2(i) && unknown3(i) ==> i >= 0 && i < k
i_65: \exists int i; i >= 0 && i < k
LOOP B:
i_66: z == k + y - c
i_67: x == y
i_68: z >= 0 && z <= k
i_69: c >= 0 && c <= k
i_70: \forall int i; unknown1(i) && unknown2(i) && unknown3(i) ==> i >= 0 && i < k
i_71: \exists int i; i >= 0 && i < k
i_72: y >= 0 && y <= k
LOOP C:
------------------------------------
---------- Code with Invariants ----------
int unknown1();
int unknown2();
int unknown3();

void oopsla_33(int k){
    int z = k;
    int x = 0;
    int y = 0;
    int c = 0;

    // Loop A
    /*@
        loop invariant i_58: z == k + y - c;

        loop invariant i_59: x == y;

        loop invariant i_60: z % 2 == 1;

        loop invariant i_61: y >= 0 && y <= k;

        loop invariant i_62: z >= 0 && z <= k;

        loop invariant i_63: c >= 0 && c <= k;

        loop invariant i_64: \forall int i; unknown1(i) && unknown2(i) && unknown3(i) ==> i >= 0 && i < k;

        loop invariant i_65: \exists int i; i >= 0 && i < k;


        loop assigns z, y, x;
    */
    while(unknown1()){
        int c = 0;
        // Loop B
        /*@
            loop invariant i_66: z == k + y - c;

            loop invariant i_67: x == y;

            loop invariant i_68: z >= 0 && z <= k;

            loop invariant i_69: c >= 0 && c <= k;

            loop invariant i_70: \forall int i; unknown1(i) && unknown2(i) && unknown3(i) ==> i >= 0 && i < k;

            loop invariant i_71: \exists int i; i >= 0 && i < k;

            loop invariant i_72: y >= 0 && y <= k;


            loop assigns  y, x, c;
        */
        while(unknown2()){
            if(z==k+y-c){
                x++;
                y++;
                c++;
            }
            else{
                x++;
                y--;
                c++;
            }
        }
        // Loop C
        /*@
            loop assigns y;
            loop assigns x;
        */
        while(unknown3()){
            x--;
            y--;
        }
        z=k+y;
    }
    //@ assert  a_1: x==y;
}

------------------------------------------
Verification failed (Invalid), removing all invariants and retrying.
Verification failed: reached maximum attempts.
---------Result---------
Fail
Model: openPangu-Embedded-7B-V1.1
Running time: 215.53125548362732
Proposal number: 5
Verified code:

------------------------
