-----------Model-----------
Model type:
PanguEmbeddedForCausalLM(
  (model): PanguEmbeddedModel(
    (embed_tokens): Embedding(153376, 4096, padding_idx=0)
    (layers): ModuleList(
      (0-33): 34 x PanguEmbeddedDecoderLayer(
        (self_attn): PanguEmbeddedAttention(
          (q_proj): Linear(in_features=4096, out_features=4096, bias=True)
          (k_proj): Linear(in_features=4096, out_features=1024, bias=True)
          (v_proj): Linear(in_features=4096, out_features=1024, bias=True)
          (o_proj): Linear(in_features=4096, out_features=4096, bias=True)
        )
        (mlp): PanguEmbeddedMLP(
          (gate_proj): Linear(in_features=4096, out_features=12800, bias=False)
          (up_proj): Linear(in_features=4096, out_features=12800, bias=False)
          (down_proj): Linear(in_features=12800, out_features=4096, bias=False)
          (act_fn): SiLU()
        )
        (input_layernorm): PanguEmbeddedRMSNorm((4096,), eps=1e-05)
        (post_attention_layernorm): PanguEmbeddedRMSNorm((4096,), eps=1e-05)
      )
    )
    (norm): PanguEmbeddedRMSNorm((4096,), eps=1e-05)
    (rotary_emb): PanguEmbeddedRotaryEmbedding()
  )
  (lm_head): Linear(in_features=4096, out_features=153376, bias=False)
)
Model device:
npu:1
---------------------------
File Path: ../Benchmark/acsl-algorithms/_insertion_sort.c
----------Code----------
/*@
  predicate Sorted(int *t, integer lo, integer hi) =
    \forall integer i, j; lo <= i <= j < hi ==> t[i] <= t[j];
*/

/*@ requires \valid(t+(0..(n - 1)));
    requires n > 0;
    ensures e_1: Sorted(t, 0, n);
    assigns t[0..n-1];
 */
void _insertion_sort(int t[], int n) {
    int i = 1, j = 1;
    int mv;
    
    /*@
        loop assigns i, j, mv, t[0..n-1];
     */
    for (i = 1; i < n; i++) {
        mv = t[i];
        /*@
            loop assigns j, t[0..i];
         */
        for (j = i; j > 0; j--) {
            if (t[j - 1] <= mv) break;
            t[j] = t[j - 1];
        }
        t[j] = mv;
    }
}
------------------------
----------Prompt----------

/*@
  predicate Sorted(int *t, integer lo, integer hi) =
    \forall integer i, j; lo <= i <= j < hi ==> t[i] <= t[j];
*/

/*@ requires \valid(t+(0..(n - 1)));
    requires n > 0;
    ensures e_1: Sorted(t, 0, n);
    assigns t[0..n-1];
 */
void _insertion_sort(int t[], int n) {
    int i = 1, j = 1;
    int mv;
    
    // Loop A
    /*@
        [Hint] Please infer the loop invariant for the following loop.

        loop assigns i, j, mv, t[0..n-1];
     */
    for (i = 1; i < n; i++) {
        mv = t[i];
        // Loop B
        /*@
            loop assigns j, t[0..i];
         */
        for (j = i; j > 0; j--) {
            if (t[j - 1] <= mv) break;
            t[j] = t[j - 1];
        }
        t[j] = mv;
    }
}
You are an expert in program verification, and please generate loop invariant as C annotation comments at the hint location (annotated by "[Hint] Please infer the loop invariant for the following loop.") using ACSL language.
ACSL is a specification language for C programs that conforms to the design by contract paradigm, utilizing Hoare style pre- and postconditions and invariants. Note that the `loop invariant` clause is a condition that is true at the beginning and end of every loop iteration.
Specifically, for the current verification task:
    - Pre-condition: the function's `requires` clauses
    - Post-condition: 
Please verify that the generated loop invariant is consistent with these constraints. If these specific pre- or post-conditions are not provided or empty, please infer the loop invariant strictly based on the program's execution logic and standard correctness.
In order to get a correct answer, You may want to consider both the situation of not entering the loop and the situation of jumping out of the loop. If some of the pre-conditions are also loop invariant, you need to add them to your answer as well.
Use '&&', '||', '==>', '\forall' or '\exists' if necessary. For instance:
```
loop invariant 1 <= x;
loop invariant x == y;
loop invariant 0 < x ==> y <= z;
loop invariant z % 2 == 1 || x == y;
loop invariant z % 2 == 1 && x <= y;
loop invariant \forall integer k;  0 <= k < i ==> max >=  a[k];
loop invariant \exists integer k;  0 <= k < i &&  max == a[k];
loop invariant \forall integer p; 0 <= p < \at(k, End_l) ==> res[p] == \at(res[p], End_l);
```
Your answer should follow the following format:
```
loop invariant ...;
loop invariant ...;
...
```
No explanation. No commentary. Just show me the loop invariant.
 /no_think
--------------------------
----------Response----------
[unused16][unused17]loop invariant 1 <= i <= n;
loop invariant j >= i && j <= i;
loop invariant mv == t[i];
loop invariant \forall integer k in [0, i-1]; t[k] <= mv;
loop invariant t[j] == mv;
loop invariant \forall integer k in [0, j-1]; t[k] <= t[j];
```

```
loop invariant 1 <= i <= n;
loop invariant j >= i && j <= i;
loop invariant mv == t[i];
loop invariant \forall integer k in [0, i-1]; t[k] <= mv;
loop invariant t[j] == mv;
loop invariant \forall integer k in [0, j-1]; t[k] <= t[j];
```
----------------------------
----------Prompt----------

/*@
  predicate Sorted(int *t, integer lo, integer hi) =
    \forall integer i, j; lo <= i <= j < hi ==> t[i] <= t[j];
*/

/*@ requires \valid(t+(0..(n - 1)));
    requires n > 0;
    ensures e_1: Sorted(t, 0, n);
    assigns t[0..n-1];
 */
void _insertion_sort(int t[], int n) {
    int i = 1, j = 1;
    int mv;
    
    // Loop A
    /*@
        loop invariant i_0: 1 <= i <= n;

        loop invariant i_1: j >= i && j <= i;

        loop invariant i_2: mv == t[i];

        loop invariant i_3: \forall integer k in [0, i-1]; t[k] <= mv;

        loop invariant i_4: t[j] == mv;

        loop invariant i_5: \forall integer k in [0, j-1]; t[k] <= t[j];


        loop assigns i, j, mv, t[0..n-1];
     */
    for (i = 1; i < n; i++) {
        mv = t[i];
        // Loop B
        /*@
            [Hint] Please infer the loop invariant for the following loop.

            loop assigns j, t[0..i];
         */
        for (j = i; j > 0; j--) {
            if (t[j - 1] <= mv) break;
            t[j] = t[j - 1];
        }
        t[j] = mv;
    }
}
You are an expert in program verification, and please generate loop invariant as C annotation comments at the hint location (annotated by "[Hint] Please infer the loop invariant for the following loop.") using ACSL language.
ACSL is a specification language for C programs that conforms to the design by contract paradigm, utilizing Hoare style pre- and postconditions and invariants. Note that the `loop invariant` clause is a condition that is true at the beginning and end of every loop iteration.
Specifically, for the current verification task:
    - Pre-condition: i_0:1 <= i <= n; i_1:j >= i && j <= i; i_2:mv == t[i]; i_3:\forall integer k in [0, i-1]; t[k] <= mv; i_4:t[j] == mv; i_5:\forall integer k in [0, j-1]; t[k] <= t[j]; 
    - Post-condition: i_0:1 <= i <= n; i_1:j >= i && j <= i; i_2:mv == t[i]; i_3:\forall integer k in [0, i-1]; t[k] <= mv; i_4:t[j] == mv; i_5:\forall integer k in [0, j-1]; t[k] <= t[j]; 
Please verify that the generated loop invariant is consistent with these constraints. If these specific pre- or post-conditions are not provided or empty, please infer the loop invariant strictly based on the program's execution logic and standard correctness.
In order to get a correct answer, You may want to consider both the situation of not entering the loop and the situation of jumping out of the loop. If some of the pre-conditions are also loop invariant, you need to add them to your answer as well.
Use '&&', '||', '==>', '\forall' or '\exists' if necessary. For instance:
```
loop invariant 1 <= x;
loop invariant x == y;
loop invariant 0 < x ==> y <= z;
loop invariant z % 2 == 1 || x == y;
loop invariant z % 2 == 1 && x <= y;
loop invariant \forall integer k;  0 <= k < i ==> max >=  a[k];
loop invariant \exists integer k;  0 <= k < i &&  max == a[k];
loop invariant \forall integer p; 0 <= p < \at(k, End_l) ==> res[p] == \at(res[p], End_l);
```
Your answer should follow the following format:
```
loop invariant ...;
loop invariant ...;
...
```
No explanation. No commentary. Just show me the loop invariant.
 /no_think
--------------------------
----------Response----------
[unused16][unused17][Loop <Loop B>]
loop invariant 1 <= j <= i;
loop invariant mv == t[i];
loop invariant \forall integer k in [0, i-1]; t[k] <= mv;
loop invariant t[j] == mv;
loop invariant \forall integer k in [0, j-1]; t[k] <= t[j]; 

[Loop <Loop A>]
loop invariant 1 <= i <= n;
loop invariant i_1: j >= i && j <= i;
loop invariant i_2: mv == t[i];
loop invariant i_3: \forall integer k in [0, i-1]; t[k] <= mv;
loop invariant i_4: t[j] == mv;
loop invariant i_5: \forall integer k in [0, j-1]; t[k] <= t[j];
----------------------------
------------Invariant Info-----------
LOOP A:
i_0: 1 <= i <= n
i_1: j >= i && j <= i
i_2: mv == t[i]
i_3: \forall integer k in [0, i-1]; t[k] <= mv
i_4: t[j] == mv
i_5: \forall integer k in [0, j-1]; t[k] <= t[j]
LOOP B:
i_6: 1 <= j <= i
i_7: mv == t[i]
i_8: \forall integer k in [0, i-1]; t[k] <= mv
i_9: t[j] == mv
i_10: \forall integer k in [0, j-1]; t[k] <= t[j]
i_11: 1 <= i <= n
i_12: j >= i && j <= i
------------------------------------
----------Code with Invariants----------
/*@
  predicate Sorted(int *t, integer lo, integer hi) =
    \forall integer i, j; lo <= i <= j < hi ==> t[i] <= t[j];
*/

/*@ requires \valid(t+(0..(n - 1)));
    requires n > 0;
    ensures e_1: Sorted(t, 0, n);
    assigns t[0..n-1];
 */
void _insertion_sort(int t[], int n) {
    int i = 1, j = 1;
    int mv;
    
    // Loop A
    /*@
        loop invariant i_0: 1 <= i <= n;

        loop invariant i_1: j >= i && j <= i;

        loop invariant i_2: mv == t[i];

        loop invariant i_3: \forall integer k in [0, i-1]; t[k] <= mv;

        loop invariant i_4: t[j] == mv;

        loop invariant i_5: \forall integer k in [0, j-1]; t[k] <= t[j];


        loop assigns i, j, mv, t[0..n-1];
     */
    for (i = 1; i < n; i++) {
        mv = t[i];
        // Loop B
        /*@
            loop invariant i_6: 1 <= j <= i;

            loop invariant i_7: mv == t[i];

            loop invariant i_8: \forall integer k in [0, i-1]; t[k] <= mv;

            loop invariant i_9: t[j] == mv;

            loop invariant i_10: \forall integer k in [0, j-1]; t[k] <= t[j];

            loop invariant i_11: 1 <= i <= n;

            loop invariant i_12: j >= i && j <= i;


            loop assigns j, t[0..i];
         */
        for (j = i; j > 0; j--) {
            if (t[j - 1] <= mv) break;
            t[j] = t[j - 1];
        }
        t[j] = mv;
    }
}
----------------------------------------
------------Invariant Info-----------
LOOP A:
i_0: 1 <= i <= n
i_1: j >= i && j <= i
i_2: mv == t[i]
i_4: t[j] == mv
i_5: \forall integer k in [0, j-1]; t[k] <= t[j]
LOOP B:
i_6: 1 <= j <= i
i_7: mv == t[i]
i_8: \forall integer k in [0, i-1]; t[k] <= mv
i_9: t[j] == mv
i_10: \forall integer k in [0, j-1]; t[k] <= t[j]
i_11: 1 <= i <= n
i_12: j >= i && j <= i
------------------------------------
----------Code with Invariants----------
/*@
  predicate Sorted(int *t, integer lo, integer hi) =
    \forall integer i, j; lo <= i <= j < hi ==> t[i] <= t[j];
*/

/*@ requires \valid(t+(0..(n - 1)));
    requires n > 0;
    ensures e_1: Sorted(t, 0, n);
    assigns t[0..n-1];
 */
void _insertion_sort(int t[], int n) {
    int i = 1, j = 1;
    int mv;
    
    // Loop A
    /*@
        loop invariant i_0: 1 <= i <= n;

        loop invariant i_1: j >= i && j <= i;

        loop invariant i_2: mv == t[i];

        loop invariant i_4: t[j] == mv;

        loop invariant i_5: \forall integer k in [0, j-1]; t[k] <= t[j];


        loop assigns i, j, mv, t[0..n-1];
     */
    for (i = 1; i < n; i++) {
        mv = t[i];
        // Loop B
        /*@
            loop invariant i_6: 1 <= j <= i;

            loop invariant i_7: mv == t[i];

            loop invariant i_8: \forall integer k in [0, i-1]; t[k] <= mv;

            loop invariant i_9: t[j] == mv;

            loop invariant i_10: \forall integer k in [0, j-1]; t[k] <= t[j];

            loop invariant i_11: 1 <= i <= n;

            loop invariant i_12: j >= i && j <= i;


            loop assigns j, t[0..i];
         */
        for (j = i; j > 0; j--) {
            if (t[j - 1] <= mv) break;
            t[j] = t[j - 1];
        }
        t[j] = mv;
    }
}
----------------------------------------
------------Invariant Info-----------
LOOP A:
i_0: 1 <= i <= n
i_1: j >= i && j <= i
i_2: mv == t[i]
i_4: t[j] == mv
LOOP B:
i_6: 1 <= j <= i
i_7: mv == t[i]
i_8: \forall integer k in [0, i-1]; t[k] <= mv
i_9: t[j] == mv
i_10: \forall integer k in [0, j-1]; t[k] <= t[j]
i_11: 1 <= i <= n
i_12: j >= i && j <= i
------------------------------------
----------Code with Invariants----------
/*@
  predicate Sorted(int *t, integer lo, integer hi) =
    \forall integer i, j; lo <= i <= j < hi ==> t[i] <= t[j];
*/

/*@ requires \valid(t+(0..(n - 1)));
    requires n > 0;
    ensures e_1: Sorted(t, 0, n);
    assigns t[0..n-1];
 */
void _insertion_sort(int t[], int n) {
    int i = 1, j = 1;
    int mv;
    
    // Loop A
    /*@
        loop invariant i_0: 1 <= i <= n;

        loop invariant i_1: j >= i && j <= i;

        loop invariant i_2: mv == t[i];

        loop invariant i_4: t[j] == mv;


        loop assigns i, j, mv, t[0..n-1];
     */
    for (i = 1; i < n; i++) {
        mv = t[i];
        // Loop B
        /*@
            loop invariant i_6: 1 <= j <= i;

            loop invariant i_7: mv == t[i];

            loop invariant i_8: \forall integer k in [0, i-1]; t[k] <= mv;

            loop invariant i_9: t[j] == mv;

            loop invariant i_10: \forall integer k in [0, j-1]; t[k] <= t[j];

            loop invariant i_11: 1 <= i <= n;

            loop invariant i_12: j >= i && j <= i;


            loop assigns j, t[0..i];
         */
        for (j = i; j > 0; j--) {
            if (t[j - 1] <= mv) break;
            t[j] = t[j - 1];
        }
        t[j] = mv;
    }
}
----------------------------------------
------------Invariant Info-----------
LOOP A:
i_0: 1 <= i <= n
i_1: j >= i && j <= i
i_2: mv == t[i]
i_4: t[j] == mv
LOOP B:
i_6: 1 <= j <= i
i_7: mv == t[i]
i_9: t[j] == mv
i_10: \forall integer k in [0, j-1]; t[k] <= t[j]
i_11: 1 <= i <= n
i_12: j >= i && j <= i
------------------------------------
----------Code with Invariants----------
/*@
  predicate Sorted(int *t, integer lo, integer hi) =
    \forall integer i, j; lo <= i <= j < hi ==> t[i] <= t[j];
*/

/*@ requires \valid(t+(0..(n - 1)));
    requires n > 0;
    ensures e_1: Sorted(t, 0, n);
    assigns t[0..n-1];
 */
void _insertion_sort(int t[], int n) {
    int i = 1, j = 1;
    int mv;
    
    // Loop A
    /*@
        loop invariant i_0: 1 <= i <= n;

        loop invariant i_1: j >= i && j <= i;

        loop invariant i_2: mv == t[i];

        loop invariant i_4: t[j] == mv;


        loop assigns i, j, mv, t[0..n-1];
     */
    for (i = 1; i < n; i++) {
        mv = t[i];
        // Loop B
        /*@
            loop invariant i_6: 1 <= j <= i;

            loop invariant i_7: mv == t[i];

            loop invariant i_9: t[j] == mv;

            loop invariant i_10: \forall integer k in [0, j-1]; t[k] <= t[j];

            loop invariant i_11: 1 <= i <= n;

            loop invariant i_12: j >= i && j <= i;


            loop assigns j, t[0..i];
         */
        for (j = i; j > 0; j--) {
            if (t[j - 1] <= mv) break;
            t[j] = t[j - 1];
        }
        t[j] = mv;
    }
}
----------------------------------------
------------Invariant Info-----------
LOOP A:
i_0: 1 <= i <= n
i_1: j >= i && j <= i
i_2: mv == t[i]
i_4: t[j] == mv
LOOP B:
i_6: 1 <= j <= i
i_7: mv == t[i]
i_9: t[j] == mv
i_11: 1 <= i <= n
i_12: j >= i && j <= i
------------------------------------
----------Code with Invariants----------
/*@
  predicate Sorted(int *t, integer lo, integer hi) =
    \forall integer i, j; lo <= i <= j < hi ==> t[i] <= t[j];
*/

/*@ requires \valid(t+(0..(n - 1)));
    requires n > 0;
    ensures e_1: Sorted(t, 0, n);
    assigns t[0..n-1];
 */
void _insertion_sort(int t[], int n) {
    int i = 1, j = 1;
    int mv;
    
    // Loop A
    /*@
        loop invariant i_0: 1 <= i <= n;

        loop invariant i_1: j >= i && j <= i;

        loop invariant i_2: mv == t[i];

        loop invariant i_4: t[j] == mv;


        loop assigns i, j, mv, t[0..n-1];
     */
    for (i = 1; i < n; i++) {
        mv = t[i];
        // Loop B
        /*@
            loop invariant i_6: 1 <= j <= i;

            loop invariant i_7: mv == t[i];

            loop invariant i_9: t[j] == mv;

            loop invariant i_11: 1 <= i <= n;

            loop invariant i_12: j >= i && j <= i;


            loop assigns j, t[0..i];
         */
        for (j = i; j > 0; j--) {
            if (t[j - 1] <= mv) break;
            t[j] = t[j - 1];
        }
        t[j] = mv;
    }
}
----------------------------------------
----------Begin Revise----------
-------------Establishment_requires: i_2: establishment---------------
----------Prompt----------

/*@
  predicate Sorted(int *t, integer lo, integer hi) =
    \forall integer i, j; lo <= i <= j < hi ==> t[i] <= t[j];
*/

/*@ requires \valid(t+(0..(n - 1)));
    requires n > 0;
    ensures e_1: Sorted(t, 0, n);
    assigns t[0..n-1];
 */
void _insertion_sort(int t[], int n) {
    int i = 1, j = 1;
    int mv;
    
    // Loop A
    /*@
        [Hint] Loop invariant mv == t[i] too strong initially. Relax it.

        loop invariant i_0: 1 <= i <= n;

        loop invariant i_1: j >= i && j <= i;

        loop invariant i_2: mv == t[i];

        loop invariant i_4: t[j] == mv;


        loop assigns i, j, mv, t[0..n-1];
     */
    for (i = 1; i < n; i++) {
        mv = t[i];
        // Loop B
        /*@
            loop invariant i_6: 1 <= j <= i;

            loop invariant i_7: mv == t[i];

            loop invariant i_9: t[j] == mv;

            loop invariant i_11: 1 <= i <= n;

            loop invariant i_12: j >= i && j <= i;


            loop assigns j, t[0..i];
         */
        for (j = i; j > 0; j--) {
            if (t[j - 1] <= mv) break;
            t[j] = t[j - 1];
        }
        t[j] = mv;
    }
}
You are an expert in deductive program verification using ACSL and Frama-C.
The following loop invariant of the loop labeled "A" cannot be established from the function's `requires` clauses:
[Unprovable Initial Invariant] mv == t[i]
This means the loop invariant is too strong at the loop entry, violating the establishment condition of loop correctness.  
Your task is to relax or weaken the loop invariant at the position marked by: "[Hint] Loop invariant too strong initially. Relax it."
IMPORTANT RULES:
1. The relaxed invariants must still hold:
   - Establishment: They must be provable solely from the function's requires clauses and the program state before entering the loop.
   - Preservation: after executing the loop body exactly once, the invariant still holds.
   - Zero-iteration case: the invariant is valid even if the loop never executes.
2. Do NOT restate or print any of the existing loop invariants.  
   Only output the modified (weakened) invariants necessary to make the establishment step succeed.
3. Your answer must be solely in the form:
   ```
   loop invariant ...;
   loop invariant ...;
   ...
   ```
4. All invariants must follow ACSL syntax and be valid loop invariants.
5. No explanation. No commentary. Just show me the loop invariant.
 /no_think
--------------------------
----------Response----------
[unused16][unused17]```
loop invariant 1 <= i <= n;

loop invariant i_1: j >= i && j <= i;

loop invariant i_2: mv == t[i];

loop invariant i_4: t[j] == mv;

loop invariant i_11: 1 <= i <= n;

loop invariant i_12: j >= i && j <= i;
```
----------------------------
-------------Preservation_self: i_7: preservation---------------
----------Prompt----------

/*@
  predicate Sorted(int *t, integer lo, integer hi) =
    \forall integer i, j; lo <= i <= j < hi ==> t[i] <= t[j];
*/

/*@ requires \valid(t+(0..(n - 1)));
    requires n > 0;
    ensures e_1: Sorted(t, 0, n);
    assigns t[0..n-1];
 */
void _insertion_sort(int t[], int n) {
    int i = 1, j = 1;
    int mv;
    
    // Loop A
    /*@
        loop invariant i_0: 1 <= i <= n;

        loop invariant i_1: j >= i && j <= i;

        loop invariant i_2: mv == t[i];

        loop invariant i_4: t[j] == mv;


        loop assigns i, j, mv, t[0..n-1];
     */
    for (i = 1; i < n; i++) {
        mv = t[i];
        // Loop B
        /*@
            [Hint] Invariant mv == t[i] not preserved in this loop. Fix or supplement invariants.

            loop invariant i_6: 1 <= j <= i;

            loop invariant i_7: mv == t[i];

            loop invariant i_9: t[j] == mv;

            loop invariant i_11: 1 <= i <= n;

            loop invariant i_12: j >= i && j <= i;


            loop assigns j, t[0..i];
         */
        for (j = i; j > 0; j--) {
            if (t[j - 1] <= mv) break;
            t[j] = t[j - 1];
        }
        t[j] = mv;
    }
}
You are an expert in deductive program verification using ACSL and Frama-C.
[Unprovable Invariant] mv == t[i]
The above loop invariant of loop "B" fails the preservation (inductive) condition:
after executing one iteration of the loop body, the invariant cannot be re-established.
[Loop Body]
if (t[j - 1] <= mv) break; t[j] = t[j - 1]; j--;
This failure indicates that the current invariant may be incorrect or incomplete.  
There are two typical causes:
  1) The invariant is logically incorrect, so it does not hold after the loop body executes once.
     - In this case, you must adjust the invariant so that it is preserved by the loop body.
  2) The invariant is insufficient, i.e., it misses essential supporting conditions needed to re-establish itself.
     - In this case, you must introduce additional invariants so that the whole set becomes inductive.
Your task is to produce the corrected and/or auxiliary invariants that make the preservation step succeed.
IMPORTANT RULES:
1. You MUST NOT output any of the original invariants already in the code. Only output the new or modified invariants.
2. All invariants you produce must satisfy:
   - Establishment: they hold on loop entry.
   - Preservation: after executing the loop body exactly once, the invariant still holds.
   - Zero-iteration case: the invariant is valid even if the loop never executes.
3. The answer must follow this format exactly:
   ```
   loop invariant ...;
   loop invariant ...;
   ...
   ```
4. All invariants must follow ACSL syntax and be valid loop invariants.
5. No explanation. No commentary. Just show me the loop invariant.
 /no_think
--------------------------
----------Response----------
[unused16][unused17]```
loop invariant i_6: 1 <= j <= i;

loop invariant i_7: mv == t[i];

loop invariant i_9: t[j] == mv;

loop invariant i_11: 1 <= i <= n;

loop invariant i_12: j >= 1 && j <= i;
```
----------------------------
-------------Preservation_self: i_6: preservation---------------
----------Prompt----------

/*@
  predicate Sorted(int *t, integer lo, integer hi) =
    \forall integer i, j; lo <= i <= j < hi ==> t[i] <= t[j];
*/

/*@ requires \valid(t+(0..(n - 1)));
    requires n > 0;
    ensures e_1: Sorted(t, 0, n);
    assigns t[0..n-1];
 */
void _insertion_sort(int t[], int n) {
    int i = 1, j = 1;
    int mv;
    
    // Loop A
    /*@
        loop invariant i_0: 1 <= i <= n;

        loop invariant i_1: j >= i && j <= i;

        loop invariant i_2: mv == t[i];

        loop invariant i_4: t[j] == mv;


        loop assigns i, j, mv, t[0..n-1];
     */
    for (i = 1; i < n; i++) {
        mv = t[i];
        // Loop B
        /*@
            [Hint] Invariant 1 <= j <= i not preserved in this loop. Fix or supplement invariants.

            loop invariant i_6: 1 <= j <= i;

            loop invariant i_7: mv == t[i];

            loop invariant i_9: t[j] == mv;

            loop invariant i_11: 1 <= i <= n;

            loop invariant i_12: j >= i && j <= i;

            loop invariant i_13: j >= 1 && j <= i;


            loop assigns j, t[0..i];
         */
        for (j = i; j > 0; j--) {
            if (t[j - 1] <= mv) break;
            t[j] = t[j - 1];
        }
        t[j] = mv;
    }
}
You are an expert in deductive program verification using ACSL and Frama-C.
[Unprovable Invariant] 1 <= j <= i
The above loop invariant of loop "B" fails the preservation (inductive) condition:
after executing one iteration of the loop body, the invariant cannot be re-established.
[Loop Body]
if (t[j - 1] <= mv) break; t[j] = t[j - 1]; j--;
This failure indicates that the current invariant may be incorrect or incomplete.  
There are two typical causes:
  1) The invariant is logically incorrect, so it does not hold after the loop body executes once.
     - In this case, you must adjust the invariant so that it is preserved by the loop body.
  2) The invariant is insufficient, i.e., it misses essential supporting conditions needed to re-establish itself.
     - In this case, you must introduce additional invariants so that the whole set becomes inductive.
Your task is to produce the corrected and/or auxiliary invariants that make the preservation step succeed.
IMPORTANT RULES:
1. You MUST NOT output any of the original invariants already in the code. Only output the new or modified invariants.
2. All invariants you produce must satisfy:
   - Establishment: they hold on loop entry.
   - Preservation: after executing the loop body exactly once, the invariant still holds.
   - Zero-iteration case: the invariant is valid even if the loop never executes.
3. The answer must follow this format exactly:
   ```
   loop invariant ...;
   loop invariant ...;
   ...
   ```
4. All invariants must follow ACSL syntax and be valid loop invariants.
5. No explanation. No commentary. Just show me the loop invariant.
 /no_think
--------------------------
----------Response----------
[unused16][unused17]loop invariant 1 <= j <= i && j >= 1 && j <= i;

loop invariant mv == t[i];

loop invariant 1 <= i <= n;

loop invariant j >= i && j <= i;

loop invariant j >= 1 && j <= i;
----------------------------
-------------Preservation_nested: i_1: preservation---------------
----------Prompt----------

/*@
  predicate Sorted(int *t, integer lo, integer hi) =
    \forall integer i, j; lo <= i <= j < hi ==> t[i] <= t[j];
*/

/*@ requires \valid(t+(0..(n - 1)));
    requires n > 0;
    ensures e_1: Sorted(t, 0, n);
    assigns t[0..n-1];
 */
void _insertion_sort(int t[], int n) {
    int i = 1, j = 1;
    int mv;
    
    // Loop A
    /*@
        [Hint] Invariant j >= i && j <= i not preserved. Fix or supplement invariants the last inner loop or in this loop.

        loop invariant i_0: 1 <= i <= n;

        loop invariant i_1: j >= i && j <= i;

        loop invariant i_2: mv == t[i];

        loop invariant i_4: t[j] == mv;


        loop assigns i, j, mv, t[0..n-1];
     */
    for (i = 1; i < n; i++) {
        mv = t[i];
        // Loop B
        /*@
            loop invariant i_6: 1 <= j <= i;

            loop invariant i_7: mv == t[i];

            loop invariant i_9: t[j] == mv;

            loop invariant i_11: 1 <= i <= n;

            loop invariant i_12: j >= i && j <= i;

            loop invariant i_13: j >= 1 && j <= i;

            loop invariant i_14: 1 <= j <= i && j >= 1 && j <= i;


            loop assigns j, t[0..i];
         */
        for (j = i; j > 0; j--) {
            if (t[j - 1] <= mv) break;
            t[j] = t[j - 1];
        }
        t[j] = mv;
    }
}
You are an expert in deductive program verification using ACSL and Frama-C.
[Unprovable Invariant] j >= i && j <= i
The loop invariant of the loop labeled "A" fails the *preservation* check. After one iteration of the loop body, the invariant cannot be re-established.
Accordingly, there are two distinct possibilities that may prevent the preservation of the current loop invariant:
  1) The unprovable invariant of "Loop A" is incorrect:
     - It cannot be re-established from itself after executing the loop body.
     - Remedy: modify the unprovable invariant of "A" so that it becomes inductive.

  2) The invariant(s) of the nested inner loop "Loop B" are too weak:
     - They do not guarantee enough facts after the completion of the inner loop to re-establish "A"'s invariant.
     - Remedy: strengthen the invariant(s) of "B" so that the preservation of "A" becomes provable.

Your task is to adjust the invariants so that the preservation of "Loop A" succeeds.
IMPORTANT RULES:
1. You may modify either:
   - only the current loop "A", or
   - only the inner loop "B", or
   - both, if needed.
2. Do NOT output any of the original invariants. Only output the new or modified invariants you propose.
3. Output must contain two blocks, even if one block is empty:
   ```
   [Loop B]
   loop invariant ...;
   loop invariant ...;

   [Loop A]
   loop invariant ...;
   loop invariant ...;
   ```
4. Each block may contain zero or more invariants. If a block has no changes, leave it empty but keep the block header.
5. All invariants must strictly satisfy ACSL rules and must be valid inductive loop invariants.
6. No explanation. No commentary. Just show me the loop invariant.
 /no_think
--------------------------
----------Response----------
[unused16][unused17][Loop B]
loop invariant j >= i && j <= i;
loop invariant mv == t[i];

[Loop A]
loop invariant i_1: 1 <= i <= n;
loop invariant i_2: mv == t[i];
loop invariant i_4: t[j] == mv;
loop invariant i_7: 1 <= j <= i && j >= 1 && j <= i;

[Loop B]
loop invariant j >= i && j <= i;

[Loop A]
loop invariant i_1: 1 <= i <= n;
loop invariant i_2: mv == t[i];
loop invariant i_4: t[j] == mv;
loop invariant i_7: 1 <= j <= i && j >= 1 && j <= i;

[Loop B]
loop invariant j >= i && j <= i;
loop invariant mv == t[i];
```
----------------------------
-------------Ensure Revise: e_1: Sorted(t, 0, n)---------------
----------Prompt----------

/*@
  predicate Sorted(int *t, integer lo, integer hi) =
    \forall integer i, j; lo <= i <= j < hi ==> t[i] <= t[j];
*/

/*@ requires \valid(t+(0..(n - 1)));
    requires n > 0;
    ensures e_1: Sorted(t, 0, n);
    assigns t[0..n-1];
 */
void _insertion_sort(int t[], int n) {
    int i = 1, j = 1;
    int mv;
    
    // Loop A
    /*@
        loop invariant i_0: 1 <= i <= n;

        loop invariant i_1: j >= i && j <= i;

        loop invariant i_2: mv == t[i];

        loop invariant i_4: t[j] == mv;

        loop invariant i_15: 1 <= j <= i && j >= 1 && j <= i;


        loop assigns i, j, mv, t[0..n-1];
     */
    for (i = 1; i < n; i++) {
        mv = t[i];
        // Loop B
        /*@
            [Hint] Please strengthen the loop invariant in the following loop.

            loop invariant i_6: 1 <= j <= i;

            loop invariant i_7: mv == t[i];

            loop invariant i_9: t[j] == mv;

            loop invariant i_11: 1 <= i <= n;

            loop invariant i_12: j >= i && j <= i;

            loop invariant i_13: j >= 1 && j <= i;

            loop invariant i_14: 1 <= j <= i && j >= 1 && j <= i;


            loop assigns j, t[0..i];
         */
        for (j = i; j > 0; j--) {
            if (t[j - 1] <= mv) break;
            t[j] = t[j - 1];
        }
        t[j] = mv;
    }
}
You are an expert in deductive program verification using ACSL and Frama-C.
The program has failed to prove the following `ensures` clause:
[Unproved Ensures]  Sorted(t, 0, n)
To help Frama-C discharge this postcondition, you must strengthen the loop invariant of the LAST executed loop, which is the loop labeled by alphabet "B".  
You should insert additional `loop invariant` clauses only at the location marked by "[Hint] Please strengthen the loop invariant in the following loop."
IMPORTANT RULES:
1. Do NOT repeat or reprint the existing loop invariants already present in the code.
2. Your task is to provide only the new invariants that are necessary to establish the failed ensures clause.
3. The new invariants must be strong enough to imply the ensures clause upon normal loop termination.
4. All invariants you produce must satisfy:
   - Establishment: they hold on loop entry.
   - Preservation: after executing the loop body exactly once, the invariant still holds.
   - Zero-iteration case: the invariant is valid even if the loop never executes.
5. Your answer should follow the following format:
   ```
   loop invariant ...;
   loop invariant ...;
   ...
   ```
5. All invariants must follow ACSL syntax and be valid loop invariants.
6. No explanation. No commentary. Just show me the loop invariant.
 /no_think
--------------------------
----------Response----------
[unused16][unused17]```
loop invariant i_6: 1 <= j <= i;

loop invariant i_7: mv == t[i];

loop invariant i_9: t[j] == mv;

loop invariant i_11: 1 <= i <= n;

loop invariant i_12: j >= i && j <= i;

loop invariant i_13: j >= 1 && j <= i;

loop invariant i_14: 1 <= j <= i && j >= 1 && j <= i;
```
----------------------------
--------------------------------
------------Invariant Info-----------
LOOP A:
i_0: 1 <= i <= n
i_1: j >= i && j <= i
i_2: mv == t[i]
i_4: t[j] == mv
i_15: 1 <= j <= i && j >= 1 && j <= i
LOOP B:
i_6: 1 <= j <= i
i_7: mv == t[i]
i_9: t[j] == mv
i_11: 1 <= i <= n
i_12: j >= i && j <= i
i_13: j >= 1 && j <= i
i_14: 1 <= j <= i && j >= 1 && j <= i
------------------------------------
----------Code with Invariants----------
/*@
  predicate Sorted(int *t, integer lo, integer hi) =
    \forall integer i, j; lo <= i <= j < hi ==> t[i] <= t[j];
*/

/*@ requires \valid(t+(0..(n - 1)));
    requires n > 0;
    ensures e_1: Sorted(t, 0, n);
    assigns t[0..n-1];
 */
void _insertion_sort(int t[], int n) {
    int i = 1, j = 1;
    int mv;
    
    // Loop A
    /*@
        loop invariant i_0: 1 <= i <= n;

        loop invariant i_1: j >= i && j <= i;

        loop invariant i_2: mv == t[i];

        loop invariant i_4: t[j] == mv;

        loop invariant i_15: 1 <= j <= i && j >= 1 && j <= i;


        loop assigns i, j, mv, t[0..n-1];
     */
    for (i = 1; i < n; i++) {
        mv = t[i];
        // Loop B
        /*@
            loop invariant i_6: 1 <= j <= i;

            loop invariant i_7: mv == t[i];

            loop invariant i_9: t[j] == mv;

            loop invariant i_11: 1 <= i <= n;

            loop invariant i_12: j >= i && j <= i;

            loop invariant i_13: j >= 1 && j <= i;

            loop invariant i_14: 1 <= j <= i && j >= 1 && j <= i;


            loop assigns j, t[0..i];
         */
        for (j = i; j > 0; j--) {
            if (t[j - 1] <= mv) break;
            t[j] = t[j - 1];
        }
        t[j] = mv;
    }
}
----------------------------------------
----------Begin Revise----------
-------------Establishment_requires: i_2: establishment---------------
----------Prompt----------

/*@
  predicate Sorted(int *t, integer lo, integer hi) =
    \forall integer i, j; lo <= i <= j < hi ==> t[i] <= t[j];
*/

/*@ requires \valid(t+(0..(n - 1)));
    requires n > 0;
    ensures e_1: Sorted(t, 0, n);
    assigns t[0..n-1];
 */
void _insertion_sort(int t[], int n) {
    int i = 1, j = 1;
    int mv;
    
    // Loop A
    /*@
        [Hint] Loop invariant mv == t[i] too strong initially. Relax it.

        loop invariant i_0: 1 <= i <= n;

        loop invariant i_1: j >= i && j <= i;

        loop invariant i_2: mv == t[i];

        loop invariant i_4: t[j] == mv;

        loop invariant i_15: 1 <= j <= i && j >= 1 && j <= i;


        loop assigns i, j, mv, t[0..n-1];
     */
    for (i = 1; i < n; i++) {
        mv = t[i];
        // Loop B
        /*@
            loop invariant i_6: 1 <= j <= i;

            loop invariant i_7: mv == t[i];

            loop invariant i_9: t[j] == mv;

            loop invariant i_11: 1 <= i <= n;

            loop invariant i_12: j >= i && j <= i;

            loop invariant i_13: j >= 1 && j <= i;

            loop invariant i_14: 1 <= j <= i && j >= 1 && j <= i;


            loop assigns j, t[0..i];
         */
        for (j = i; j > 0; j--) {
            if (t[j - 1] <= mv) break;
            t[j] = t[j - 1];
        }
        t[j] = mv;
    }
}
You are an expert in deductive program verification using ACSL and Frama-C.
The following loop invariant of the loop labeled "A" cannot be established from the function's `requires` clauses:
[Unprovable Initial Invariant] mv == t[i]
This means the loop invariant is too strong at the loop entry, violating the establishment condition of loop correctness.  
Your task is to relax or weaken the loop invariant at the position marked by: "[Hint] Loop invariant too strong initially. Relax it."
IMPORTANT RULES:
1. The relaxed invariants must still hold:
   - Establishment: They must be provable solely from the function's requires clauses and the program state before entering the loop.
   - Preservation: after executing the loop body exactly once, the invariant still holds.
   - Zero-iteration case: the invariant is valid even if the loop never executes.
2. Do NOT restate or print any of the existing loop invariants.  
   Only output the modified (weakened) invariants necessary to make the establishment step succeed.
3. Your answer must be solely in the form:
   ```
   loop invariant ...;
   loop invariant ...;
   ...
   ```
4. All invariants must follow ACSL syntax and be valid loop invariants.
5. No explanation. No commentary. Just show me the loop invariant.
 /no_think
--------------------------
----------Response----------
[unused16][unused17]```
loop invariant i_0: 1 <= i <= n;

loop invariant i_1: j >= i && j <= i;

loop invariant i_2: mv == t[i];

loop invariant i_4: t[j] == mv;

loop invariant i_15: 1 <= j <= i && j >= 1 && j <= i;

loop invariant i_11: 1 <= i <= n;

loop invariant i_6: 1 <= j <= i;

loop invariant i_7: mv == t[i];

loop invariant i_9: t[j] == mv;

loop invariant i_12: j >= i && j <= i;

loop invariant i_13: j >= 1 && j <= i;

loop invariant i_14: 1 <= j <= i && j >= 1 && j <= i;
```
----------------------------
-------------Preservation_self: i_6: preservation---------------
----------Prompt----------

/*@
  predicate Sorted(int *t, integer lo, integer hi) =
    \forall integer i, j; lo <= i <= j < hi ==> t[i] <= t[j];
*/

/*@ requires \valid(t+(0..(n - 1)));
    requires n > 0;
    ensures e_1: Sorted(t, 0, n);
    assigns t[0..n-1];
 */
void _insertion_sort(int t[], int n) {
    int i = 1, j = 1;
    int mv;
    
    // Loop A
    /*@
        loop invariant i_0: 1 <= i <= n;

        loop invariant i_1: j >= i && j <= i;

        loop invariant i_2: mv == t[i];

        loop invariant i_4: t[j] == mv;

        loop invariant i_15: 1 <= j <= i && j >= 1 && j <= i;

        loop invariant i_16: 1 <= j <= i;

        loop invariant i_17: j >= 1 && j <= i;


        loop assigns i, j, mv, t[0..n-1];
     */
    for (i = 1; i < n; i++) {
        mv = t[i];
        // Loop B
        /*@
            [Hint] Invariant 1 <= j <= i not preserved in this loop. Fix or supplement invariants.

            loop invariant i_6: 1 <= j <= i;

            loop invariant i_7: mv == t[i];

            loop invariant i_9: t[j] == mv;

            loop invariant i_11: 1 <= i <= n;

            loop invariant i_12: j >= i && j <= i;

            loop invariant i_13: j >= 1 && j <= i;

            loop invariant i_14: 1 <= j <= i && j >= 1 && j <= i;


            loop assigns j, t[0..i];
         */
        for (j = i; j > 0; j--) {
            if (t[j - 1] <= mv) break;
            t[j] = t[j - 1];
        }
        t[j] = mv;
    }
}
You are an expert in deductive program verification using ACSL and Frama-C.
[Unprovable Invariant] 1 <= j <= i
The above loop invariant of loop "B" fails the preservation (inductive) condition:
after executing one iteration of the loop body, the invariant cannot be re-established.
[Loop Body]
if (t[j - 1] <= mv) break; t[j] = t[j - 1]; j--;
This failure indicates that the current invariant may be incorrect or incomplete.  
There are two typical causes:
  1) The invariant is logically incorrect, so it does not hold after the loop body executes once.
     - In this case, you must adjust the invariant so that it is preserved by the loop body.
  2) The invariant is insufficient, i.e., it misses essential supporting conditions needed to re-establish itself.
     - In this case, you must introduce additional invariants so that the whole set becomes inductive.
Your task is to produce the corrected and/or auxiliary invariants that make the preservation step succeed.
IMPORTANT RULES:
1. You MUST NOT output any of the original invariants already in the code. Only output the new or modified invariants.
2. All invariants you produce must satisfy:
   - Establishment: they hold on loop entry.
   - Preservation: after executing the loop body exactly once, the invariant still holds.
   - Zero-iteration case: the invariant is valid even if the loop never executes.
3. The answer must follow this format exactly:
   ```
   loop invariant ...;
   loop invariant ...;
   ...
   ```
4. All invariants must follow ACSL syntax and be valid loop invariants.
5. No explanation. No commentary. Just show me the loop invariant.
 /no_think
--------------------------
----------Response----------
[unused16][unused17]```
loop invariant 1 <= j <= i;
loop invariant j >= i && j <= i;
loop invariant mv == t[i];
loop invariant t[j] == mv;
loop invariant 1 <= i <= n;
loop invariant j >= 1 && j <= i;
loop invariant 1 <= j <= i && j >= 1 && j <= i;
```
----------------------------
-------------Preservation_self: i_7: preservation---------------
----------Prompt----------

/*@
  predicate Sorted(int *t, integer lo, integer hi) =
    \forall integer i, j; lo <= i <= j < hi ==> t[i] <= t[j];
*/

/*@ requires \valid(t+(0..(n - 1)));
    requires n > 0;
    ensures e_1: Sorted(t, 0, n);
    assigns t[0..n-1];
 */
void _insertion_sort(int t[], int n) {
    int i = 1, j = 1;
    int mv;
    
    // Loop A
    /*@
        loop invariant i_0: 1 <= i <= n;

        loop invariant i_1: j >= i && j <= i;

        loop invariant i_2: mv == t[i];

        loop invariant i_4: t[j] == mv;

        loop invariant i_15: 1 <= j <= i && j >= 1 && j <= i;

        loop invariant i_16: 1 <= j <= i;

        loop invariant i_17: j >= 1 && j <= i;


        loop assigns i, j, mv, t[0..n-1];
     */
    for (i = 1; i < n; i++) {
        mv = t[i];
        // Loop B
        /*@
            [Hint] Invariant mv == t[i] not preserved in this loop. Fix or supplement invariants.

            loop invariant i_6: 1 <= j <= i;

            loop invariant i_7: mv == t[i];

            loop invariant i_9: t[j] == mv;

            loop invariant i_11: 1 <= i <= n;

            loop invariant i_12: j >= i && j <= i;

            loop invariant i_13: j >= 1 && j <= i;

            loop invariant i_14: 1 <= j <= i && j >= 1 && j <= i;


            loop assigns j, t[0..i];
         */
        for (j = i; j > 0; j--) {
            if (t[j - 1] <= mv) break;
            t[j] = t[j - 1];
        }
        t[j] = mv;
    }
}
You are an expert in deductive program verification using ACSL and Frama-C.
[Unprovable Invariant] mv == t[i]
The above loop invariant of loop "B" fails the preservation (inductive) condition:
after executing one iteration of the loop body, the invariant cannot be re-established.
[Loop Body]
if (t[j - 1] <= mv) break; t[j] = t[j - 1]; j--;
This failure indicates that the current invariant may be incorrect or incomplete.  
There are two typical causes:
  1) The invariant is logically incorrect, so it does not hold after the loop body executes once.
     - In this case, you must adjust the invariant so that it is preserved by the loop body.
  2) The invariant is insufficient, i.e., it misses essential supporting conditions needed to re-establish itself.
     - In this case, you must introduce additional invariants so that the whole set becomes inductive.
Your task is to produce the corrected and/or auxiliary invariants that make the preservation step succeed.
IMPORTANT RULES:
1. You MUST NOT output any of the original invariants already in the code. Only output the new or modified invariants.
2. All invariants you produce must satisfy:
   - Establishment: they hold on loop entry.
   - Preservation: after executing the loop body exactly once, the invariant still holds.
   - Zero-iteration case: the invariant is valid even if the loop never executes.
3. The answer must follow this format exactly:
   ```
   loop invariant ...;
   loop invariant ...;
   ...
   ```
4. All invariants must follow ACSL syntax and be valid loop invariants.
5. No explanation. No commentary. Just show me the loop invariant.
 /no_think
--------------------------
----------Response----------
[unused16][unused17]```
loop invariant j >= 1 && j <= i;

loop invariant mv == t[i];

loop invariant i >= 1 && i <= n;

loop invariant t[j-1] <= mv;

loop invariant j >= 1 && j <= i && t[j-1] <= mv;
```
----------------------------
-------------Preservation_nested: i_1: preservation---------------
----------Prompt----------

/*@
  predicate Sorted(int *t, integer lo, integer hi) =
    \forall integer i, j; lo <= i <= j < hi ==> t[i] <= t[j];
*/

/*@ requires \valid(t+(0..(n - 1)));
    requires n > 0;
    ensures e_1: Sorted(t, 0, n);
    assigns t[0..n-1];
 */
void _insertion_sort(int t[], int n) {
    int i = 1, j = 1;
    int mv;
    
    // Loop A
    /*@
        [Hint] Invariant j >= i && j <= i not preserved. Fix or supplement invariants the last inner loop or in this loop.

        loop invariant i_0: 1 <= i <= n;

        loop invariant i_1: j >= i && j <= i;

        loop invariant i_2: mv == t[i];

        loop invariant i_4: t[j] == mv;

        loop invariant i_15: 1 <= j <= i && j >= 1 && j <= i;

        loop invariant i_16: 1 <= j <= i;

        loop invariant i_17: j >= 1 && j <= i;


        loop assigns i, j, mv, t[0..n-1];
     */
    for (i = 1; i < n; i++) {
        mv = t[i];
        // Loop B
        /*@
            loop invariant i_6: 1 <= j <= i;

            loop invariant i_7: mv == t[i];

            loop invariant i_9: t[j] == mv;

            loop invariant i_11: 1 <= i <= n;

            loop invariant i_12: j >= i && j <= i;

            loop invariant i_13: j >= 1 && j <= i;

            loop invariant i_14: 1 <= j <= i && j >= 1 && j <= i;

            loop invariant i_18: i >= 1 && i <= n;

            loop invariant i_19: t[j-1] <= mv;

            loop invariant i_20: j >= 1 && j <= i && t[j-1] <= mv;


            loop assigns j, t[0..i];
         */
        for (j = i; j > 0; j--) {
            if (t[j - 1] <= mv) break;
            t[j] = t[j - 1];
        }
        t[j] = mv;
    }
}
You are an expert in deductive program verification using ACSL and Frama-C.
[Unprovable Invariant] j >= i && j <= i
The loop invariant of the loop labeled "A" fails the *preservation* check. After one iteration of the loop body, the invariant cannot be re-established.
Accordingly, there are two distinct possibilities that may prevent the preservation of the current loop invariant:
  1) The unprovable invariant of "Loop A" is incorrect:
     - It cannot be re-established from itself after executing the loop body.
     - Remedy: modify the unprovable invariant of "A" so that it becomes inductive.

  2) The invariant(s) of the nested inner loop "Loop B" are too weak:
     - They do not guarantee enough facts after the completion of the inner loop to re-establish "A"'s invariant.
     - Remedy: strengthen the invariant(s) of "B" so that the preservation of "A" becomes provable.

Your task is to adjust the invariants so that the preservation of "Loop A" succeeds.
IMPORTANT RULES:
1. You may modify either:
   - only the current loop "A", or
   - only the inner loop "B", or
   - both, if needed.
2. Do NOT output any of the original invariants. Only output the new or modified invariants you propose.
3. Output must contain two blocks, even if one block is empty:
   ```
   [Loop B]
   loop invariant ...;
   loop invariant ...;

   [Loop A]
   loop invariant ...;
   loop invariant ...;
   ```
4. Each block may contain zero or more invariants. If a block has no changes, leave it empty but keep the block header.
5. All invariants must strictly satisfy ACSL rules and must be valid inductive loop invariants.
6. No explanation. No commentary. Just show me the loop invariant.
 /no_think
--------------------------
----------Response----------
[unused16][unused17][Loop B]
loop invariant 1 <= i <= n;

[Loop A]
loop invariant j >= i && j <= i;

loop invariant mv == t[i];

loop invariant t[j] == mv;

loop invariant 1 <= j <= i && j >= 1 && j <= i;

loop invariant 1 <= j <= i;

loop invariant i >= 1 && i <= n;

loop invariant t[j-1] <= mv;

loop invariant j >= 1 && j <= i && t[j-1] <= mv;

[Loop B]
loop invariant 1 <= j <= i;

loop invariant mv == t[i];

loop invariant t[j] == mv;

loop invariant 1 <= j <= i && j >= 1 && j <= i;

loop invariant 1 <= j <= i;

loop invariant i >= 1 && i <= n;

loop invariant t[j-1] <= mv;

loop invariant j >= 1 && j <= i && t[j-1] <= mv;
----------------------------
-------------Ensure Revise: e_1: Sorted(t, 0, n)---------------
----------Prompt----------

/*@
  predicate Sorted(int *t, integer lo, integer hi) =
    \forall integer i, j; lo <= i <= j < hi ==> t[i] <= t[j];
*/

/*@ requires \valid(t+(0..(n - 1)));
    requires n > 0;
    ensures e_1: Sorted(t, 0, n);
    assigns t[0..n-1];
 */
void _insertion_sort(int t[], int n) {
    int i = 1, j = 1;
    int mv;
    
    // Loop A
    /*@
        loop invariant i_0: 1 <= i <= n;

        loop invariant i_1: j >= i && j <= i;

        loop invariant i_2: mv == t[i];

        loop invariant i_4: t[j] == mv;

        loop invariant i_15: 1 <= j <= i && j >= 1 && j <= i;

        loop invariant i_16: 1 <= j <= i;

        loop invariant i_17: j >= 1 && j <= i;

        loop invariant i_21: i >= 1 && i <= n;

        loop invariant i_22: t[j-1] <= mv;

        loop invariant i_23: j >= 1 && j <= i && t[j-1] <= mv;


        loop assigns i, j, mv, t[0..n-1];
     */
    for (i = 1; i < n; i++) {
        mv = t[i];
        // Loop B
        /*@
            [Hint] Please strengthen the loop invariant in the following loop.

            loop invariant i_6: 1 <= j <= i;

            loop invariant i_7: mv == t[i];

            loop invariant i_9: t[j] == mv;

            loop invariant i_11: 1 <= i <= n;

            loop invariant i_12: j >= i && j <= i;

            loop invariant i_13: j >= 1 && j <= i;

            loop invariant i_14: 1 <= j <= i && j >= 1 && j <= i;

            loop invariant i_18: i >= 1 && i <= n;

            loop invariant i_19: t[j-1] <= mv;

            loop invariant i_20: j >= 1 && j <= i && t[j-1] <= mv;


            loop assigns j, t[0..i];
         */
        for (j = i; j > 0; j--) {
            if (t[j - 1] <= mv) break;
            t[j] = t[j - 1];
        }
        t[j] = mv;
    }
}
You are an expert in deductive program verification using ACSL and Frama-C.
The program has failed to prove the following `ensures` clause:
[Unproved Ensures]  Sorted(t, 0, n)
To help Frama-C discharge this postcondition, you must strengthen the loop invariant of the LAST executed loop, which is the loop labeled by alphabet "B".  
You should insert additional `loop invariant` clauses only at the location marked by "[Hint] Please strengthen the loop invariant in the following loop."
IMPORTANT RULES:
1. Do NOT repeat or reprint the existing loop invariants already present in the code.
2. Your task is to provide only the new invariants that are necessary to establish the failed ensures clause.
3. The new invariants must be strong enough to imply the ensures clause upon normal loop termination.
4. All invariants you produce must satisfy:
   - Establishment: they hold on loop entry.
   - Preservation: after executing the loop body exactly once, the invariant still holds.
   - Zero-iteration case: the invariant is valid even if the loop never executes.
5. Your answer should follow the following format:
   ```
   loop invariant ...;
   loop invariant ...;
   ...
   ```
5. All invariants must follow ACSL syntax and be valid loop invariants.
6. No explanation. No commentary. Just show me the loop invariant.
 /no_think
--------------------------
----------Response----------
[unused16][unused17]loop invariant i_6: 1 <= j <= i;

loop invariant i_7: mv == t[i];

loop invariant i_9: t[j] == mv;

loop invariant i_11: 1 <= i <= n;

loop invariant i_12: j >= i && j <= i;

loop invariant i_13: j >= 1 && j <= i;

loop invariant i_14: 1 <= j <= i && j >= 1 && j <= i;

loop invariant i_18: i >= 1 && i <= n;

loop invariant i_19: t[j-1] <= mv;

loop invariant i_20: j >= 1 && j <= i && t[j-1] <= mv;
----------------------------
--------------------------------
------------Invariant Info-----------
LOOP A:
i_0: 1 <= i <= n
i_1: j >= i && j <= i
i_2: mv == t[i]
i_4: t[j] == mv
i_15: 1 <= j <= i && j >= 1 && j <= i
i_16: 1 <= j <= i
i_17: j >= 1 && j <= i
i_21: i >= 1 && i <= n
i_22: t[j-1] <= mv
i_23: j >= 1 && j <= i && t[j-1] <= mv
LOOP B:
i_6: 1 <= j <= i
i_7: mv == t[i]
i_9: t[j] == mv
i_11: 1 <= i <= n
i_12: j >= i && j <= i
i_13: j >= 1 && j <= i
i_14: 1 <= j <= i && j >= 1 && j <= i
i_18: i >= 1 && i <= n
i_19: t[j-1] <= mv
i_20: j >= 1 && j <= i && t[j-1] <= mv
------------------------------------
----------Code with Invariants----------
/*@
  predicate Sorted(int *t, integer lo, integer hi) =
    \forall integer i, j; lo <= i <= j < hi ==> t[i] <= t[j];
*/

/*@ requires \valid(t+(0..(n - 1)));
    requires n > 0;
    ensures e_1: Sorted(t, 0, n);
    assigns t[0..n-1];
 */
void _insertion_sort(int t[], int n) {
    int i = 1, j = 1;
    int mv;
    
    // Loop A
    /*@
        loop invariant i_0: 1 <= i <= n;

        loop invariant i_1: j >= i && j <= i;

        loop invariant i_2: mv == t[i];

        loop invariant i_4: t[j] == mv;

        loop invariant i_15: 1 <= j <= i && j >= 1 && j <= i;

        loop invariant i_16: 1 <= j <= i;

        loop invariant i_17: j >= 1 && j <= i;

        loop invariant i_21: i >= 1 && i <= n;

        loop invariant i_22: t[j-1] <= mv;

        loop invariant i_23: j >= 1 && j <= i && t[j-1] <= mv;


        loop assigns i, j, mv, t[0..n-1];
     */
    for (i = 1; i < n; i++) {
        mv = t[i];
        // Loop B
        /*@
            loop invariant i_6: 1 <= j <= i;

            loop invariant i_7: mv == t[i];

            loop invariant i_9: t[j] == mv;

            loop invariant i_11: 1 <= i <= n;

            loop invariant i_12: j >= i && j <= i;

            loop invariant i_13: j >= 1 && j <= i;

            loop invariant i_14: 1 <= j <= i && j >= 1 && j <= i;

            loop invariant i_18: i >= 1 && i <= n;

            loop invariant i_19: t[j-1] <= mv;

            loop invariant i_20: j >= 1 && j <= i && t[j-1] <= mv;


            loop assigns j, t[0..i];
         */
        for (j = i; j > 0; j--) {
            if (t[j - 1] <= mv) break;
            t[j] = t[j - 1];
        }
        t[j] = mv;
    }
}
----------------------------------------
----------Begin Revise----------
-------------Establishment_requires: i_22: establishment---------------
----------Prompt----------

/*@
  predicate Sorted(int *t, integer lo, integer hi) =
    \forall integer i, j; lo <= i <= j < hi ==> t[i] <= t[j];
*/

/*@ requires \valid(t+(0..(n - 1)));
    requires n > 0;
    ensures e_1: Sorted(t, 0, n);
    assigns t[0..n-1];
 */
void _insertion_sort(int t[], int n) {
    int i = 1, j = 1;
    int mv;
    
    // Loop A
    /*@
        [Hint] Loop invariant t[j-1] <= mv too strong initially. Relax it.

        loop invariant i_0: 1 <= i <= n;

        loop invariant i_1: j >= i && j <= i;

        loop invariant i_2: mv == t[i];

        loop invariant i_4: t[j] == mv;

        loop invariant i_15: 1 <= j <= i && j >= 1 && j <= i;

        loop invariant i_16: 1 <= j <= i;

        loop invariant i_17: j >= 1 && j <= i;

        loop invariant i_21: i >= 1 && i <= n;

        loop invariant i_22: t[j-1] <= mv;

        loop invariant i_23: j >= 1 && j <= i && t[j-1] <= mv;


        loop assigns i, j, mv, t[0..n-1];
     */
    for (i = 1; i < n; i++) {
        mv = t[i];
        // Loop B
        /*@
            loop invariant i_6: 1 <= j <= i;

            loop invariant i_7: mv == t[i];

            loop invariant i_9: t[j] == mv;

            loop invariant i_11: 1 <= i <= n;

            loop invariant i_12: j >= i && j <= i;

            loop invariant i_13: j >= 1 && j <= i;

            loop invariant i_14: 1 <= j <= i && j >= 1 && j <= i;

            loop invariant i_18: i >= 1 && i <= n;

            loop invariant i_19: t[j-1] <= mv;

            loop invariant i_20: j >= 1 && j <= i && t[j-1] <= mv;


            loop assigns j, t[0..i];
         */
        for (j = i; j > 0; j--) {
            if (t[j - 1] <= mv) break;
            t[j] = t[j - 1];
        }
        t[j] = mv;
    }
}
You are an expert in deductive program verification using ACSL and Frama-C.
The following loop invariant of the loop labeled "A" cannot be established from the function's `requires` clauses:
[Unprovable Initial Invariant] t[j-1] <= mv
This means the loop invariant is too strong at the loop entry, violating the establishment condition of loop correctness.  
Your task is to relax or weaken the loop invariant at the position marked by: "[Hint] Loop invariant too strong initially. Relax it."
IMPORTANT RULES:
1. The relaxed invariants must still hold:
   - Establishment: They must be provable solely from the function's requires clauses and the program state before entering the loop.
   - Preservation: after executing the loop body exactly once, the invariant still holds.
   - Zero-iteration case: the invariant is valid even if the loop never executes.
2. Do NOT restate or print any of the existing loop invariants.  
   Only output the modified (weakened) invariants necessary to make the establishment step succeed.
3. Your answer must be solely in the form:
   ```
   loop invariant ...;
   loop invariant ...;
   ...
   ```
4. All invariants must follow ACSL syntax and be valid loop invariants.
5. No explanation. No commentary. Just show me the loop invariant.
 /no_think
--------------------------
----------Response----------
[unused16][unused17]```
loop invariant i_1: 1 <= i <= n;

loop invariant i_2: j >= i && j <= i;

loop invariant i_3: mv == t[i];

loop invariant i_4: t[j-1] <= mv;

loop invariant i_5: j >= 1 && j <= i;

loop invariant i_6: 1 <= j <= i && j >= 1 && j <= i;

loop invariant i_7: 1 <= j <= i && j >= 1 && j <= i;

loop invariant i_8: i >= 1 && i <= n;

loop invariant i_9: t[j-1] <= mv;
```
----------------------------
-------------Establishment_requires: i_2: establishment---------------
----------Prompt----------

/*@
  predicate Sorted(int *t, integer lo, integer hi) =
    \forall integer i, j; lo <= i <= j < hi ==> t[i] <= t[j];
*/

/*@ requires \valid(t+(0..(n - 1)));
    requires n > 0;
    ensures e_1: Sorted(t, 0, n);
    assigns t[0..n-1];
 */
void _insertion_sort(int t[], int n) {
    int i = 1, j = 1;
    int mv;
    
    // Loop A
    /*@
        [Hint] Loop invariant mv == t[i] too strong initially. Relax it.

        loop invariant i_0: 1 <= i <= n;

        loop invariant i_1: j >= i && j <= i;

        loop invariant i_2: mv == t[i];

        loop invariant i_4: t[j] == mv;

        loop invariant i_15: 1 <= j <= i && j >= 1 && j <= i;

        loop invariant i_16: 1 <= j <= i;

        loop invariant i_17: j >= 1 && j <= i;

        loop invariant i_21: i >= 1 && i <= n;

        loop invariant i_22: t[j-1] <= mv;

        loop invariant i_23: j >= 1 && j <= i && t[j-1] <= mv;


        loop assigns i, j, mv, t[0..n-1];
     */
    for (i = 1; i < n; i++) {
        mv = t[i];
        // Loop B
        /*@
            loop invariant i_6: 1 <= j <= i;

            loop invariant i_7: mv == t[i];

            loop invariant i_9: t[j] == mv;

            loop invariant i_11: 1 <= i <= n;

            loop invariant i_12: j >= i && j <= i;

            loop invariant i_13: j >= 1 && j <= i;

            loop invariant i_14: 1 <= j <= i && j >= 1 && j <= i;

            loop invariant i_18: i >= 1 && i <= n;

            loop invariant i_19: t[j-1] <= mv;

            loop invariant i_20: j >= 1 && j <= i && t[j-1] <= mv;


            loop assigns j, t[0..i];
         */
        for (j = i; j > 0; j--) {
            if (t[j - 1] <= mv) break;
            t[j] = t[j - 1];
        }
        t[j] = mv;
    }
}
You are an expert in deductive program verification using ACSL and Frama-C.
The following loop invariant of the loop labeled "A" cannot be established from the function's `requires` clauses:
[Unprovable Initial Invariant] mv == t[i]
This means the loop invariant is too strong at the loop entry, violating the establishment condition of loop correctness.  
Your task is to relax or weaken the loop invariant at the position marked by: "[Hint] Loop invariant too strong initially. Relax it."
IMPORTANT RULES:
1. The relaxed invariants must still hold:
   - Establishment: They must be provable solely from the function's requires clauses and the program state before entering the loop.
   - Preservation: after executing the loop body exactly once, the invariant still holds.
   - Zero-iteration case: the invariant is valid even if the loop never executes.
2. Do NOT restate or print any of the existing loop invariants.  
   Only output the modified (weakened) invariants necessary to make the establishment step succeed.
3. Your answer must be solely in the form:
   ```
   loop invariant ...;
   loop invariant ...;
   ...
   ```
4. All invariants must follow ACSL syntax and be valid loop invariants.
5. No explanation. No commentary. Just show me the loop invariant.
 /no_think
--------------------------
----------Response----------
[unused16][unused17]```
loop invariant i_15: 1 <= j <= i && j >= 1 && j <= i;

loop invariant i_23: j >= 1 && j <= i && t[j-1] <= mv;
```
----------------------------
-------------Preservation_nested: i_1: preservation---------------
----------Prompt----------

/*@
  predicate Sorted(int *t, integer lo, integer hi) =
    \forall integer i, j; lo <= i <= j < hi ==> t[i] <= t[j];
*/

/*@ requires \valid(t+(0..(n - 1)));
    requires n > 0;
    ensures e_1: Sorted(t, 0, n);
    assigns t[0..n-1];
 */
void _insertion_sort(int t[], int n) {
    int i = 1, j = 1;
    int mv;
    
    // Loop A
    /*@
        [Hint] Invariant j >= i && j <= i not preserved. Fix or supplement invariants the last inner loop or in this loop.

        loop invariant i_0: 1 <= i <= n;

        loop invariant i_1: j >= i && j <= i;

        loop invariant i_2: mv == t[i];

        loop invariant i_4: t[j] == mv;

        loop invariant i_15: 1 <= j <= i && j >= 1 && j <= i;

        loop invariant i_16: 1 <= j <= i;

        loop invariant i_17: j >= 1 && j <= i;

        loop invariant i_21: i >= 1 && i <= n;

        loop invariant i_22: t[j-1] <= mv;

        loop invariant i_23: j >= 1 && j <= i && t[j-1] <= mv;


        loop assigns i, j, mv, t[0..n-1];
     */
    for (i = 1; i < n; i++) {
        mv = t[i];
        // Loop B
        /*@
            loop invariant i_6: 1 <= j <= i;

            loop invariant i_7: mv == t[i];

            loop invariant i_9: t[j] == mv;

            loop invariant i_11: 1 <= i <= n;

            loop invariant i_12: j >= i && j <= i;

            loop invariant i_13: j >= 1 && j <= i;

            loop invariant i_14: 1 <= j <= i && j >= 1 && j <= i;

            loop invariant i_18: i >= 1 && i <= n;

            loop invariant i_19: t[j-1] <= mv;

            loop invariant i_20: j >= 1 && j <= i && t[j-1] <= mv;


            loop assigns j, t[0..i];
         */
        for (j = i; j > 0; j--) {
            if (t[j - 1] <= mv) break;
            t[j] = t[j - 1];
        }
        t[j] = mv;
    }
}
You are an expert in deductive program verification using ACSL and Frama-C.
[Unprovable Invariant] j >= i && j <= i
The loop invariant of the loop labeled "A" fails the *preservation* check. After one iteration of the loop body, the invariant cannot be re-established.
Accordingly, there are two distinct possibilities that may prevent the preservation of the current loop invariant:
  1) The unprovable invariant of "Loop A" is incorrect:
     - It cannot be re-established from itself after executing the loop body.
     - Remedy: modify the unprovable invariant of "A" so that it becomes inductive.

  2) The invariant(s) of the nested inner loop "Loop B" are too weak:
     - They do not guarantee enough facts after the completion of the inner loop to re-establish "A"'s invariant.
     - Remedy: strengthen the invariant(s) of "B" so that the preservation of "A" becomes provable.

Your task is to adjust the invariants so that the preservation of "Loop A" succeeds.
IMPORTANT RULES:
1. You may modify either:
   - only the current loop "A", or
   - only the inner loop "B", or
   - both, if needed.
2. Do NOT output any of the original invariants. Only output the new or modified invariants you propose.
3. Output must contain two blocks, even if one block is empty:
   ```
   [Loop B]
   loop invariant ...;
   loop invariant ...;

   [Loop A]
   loop invariant ...;
   loop invariant ...;
   ```
4. Each block may contain zero or more invariants. If a block has no changes, leave it empty but keep the block header.
5. All invariants must strictly satisfy ACSL rules and must be valid inductive loop invariants.
6. No explanation. No commentary. Just show me the loop invariant.
 /no_think
--------------------------
----------Response----------
[unused16][unused17]```
[Loop B]
loop invariant j >= i && j <= i;

[Loop A]
loop invariant j >= 1 && j <= i && j >= 1 && j <= i;
```
----------------------------
-------------Ensure Revise: e_1: Sorted(t, 0, n)---------------
----------Prompt----------

/*@
  predicate Sorted(int *t, integer lo, integer hi) =
    \forall integer i, j; lo <= i <= j < hi ==> t[i] <= t[j];
*/

/*@ requires \valid(t+(0..(n - 1)));
    requires n > 0;
    ensures e_1: Sorted(t, 0, n);
    assigns t[0..n-1];
 */
void _insertion_sort(int t[], int n) {
    int i = 1, j = 1;
    int mv;
    
    // Loop A
    /*@
        loop invariant i_0: 1 <= i <= n;

        loop invariant i_1: j >= i && j <= i;

        loop invariant i_2: mv == t[i];

        loop invariant i_4: t[j] == mv;

        loop invariant i_15: 1 <= j <= i && j >= 1 && j <= i;

        loop invariant i_16: 1 <= j <= i;

        loop invariant i_17: j >= 1 && j <= i;

        loop invariant i_21: i >= 1 && i <= n;

        loop invariant i_22: t[j-1] <= mv;

        loop invariant i_23: j >= 1 && j <= i && t[j-1] <= mv;

        loop invariant i_24: j >= 1 && j <= i && j >= 1 && j <= i;


        loop assigns i, j, mv, t[0..n-1];
     */
    for (i = 1; i < n; i++) {
        mv = t[i];
        // Loop B
        /*@
            [Hint] Please strengthen the loop invariant in the following loop.

            loop invariant i_6: 1 <= j <= i;

            loop invariant i_7: mv == t[i];

            loop invariant i_9: t[j] == mv;

            loop invariant i_11: 1 <= i <= n;

            loop invariant i_12: j >= i && j <= i;

            loop invariant i_13: j >= 1 && j <= i;

            loop invariant i_14: 1 <= j <= i && j >= 1 && j <= i;

            loop invariant i_18: i >= 1 && i <= n;

            loop invariant i_19: t[j-1] <= mv;

            loop invariant i_20: j >= 1 && j <= i && t[j-1] <= mv;


            loop assigns j, t[0..i];
         */
        for (j = i; j > 0; j--) {
            if (t[j - 1] <= mv) break;
            t[j] = t[j - 1];
        }
        t[j] = mv;
    }
}
You are an expert in deductive program verification using ACSL and Frama-C.
The program has failed to prove the following `ensures` clause:
[Unproved Ensures]  Sorted(t, 0, n)
To help Frama-C discharge this postcondition, you must strengthen the loop invariant of the LAST executed loop, which is the loop labeled by alphabet "B".  
You should insert additional `loop invariant` clauses only at the location marked by "[Hint] Please strengthen the loop invariant in the following loop."
IMPORTANT RULES:
1. Do NOT repeat or reprint the existing loop invariants already present in the code.
2. Your task is to provide only the new invariants that are necessary to establish the failed ensures clause.
3. The new invariants must be strong enough to imply the ensures clause upon normal loop termination.
4. All invariants you produce must satisfy:
   - Establishment: they hold on loop entry.
   - Preservation: after executing the loop body exactly once, the invariant still holds.
   - Zero-iteration case: the invariant is valid even if the loop never executes.
5. Your answer should follow the following format:
   ```
   loop invariant ...;
   loop invariant ...;
   ...
   ```
5. All invariants must follow ACSL syntax and be valid loop invariants.
6. No explanation. No commentary. Just show me the loop invariant.
 /no_think
--------------------------
----------Response----------
[unused16][unused17]```
loop invariant i_11: 1 <= i <= n;

loop invariant i_12: j >= i && j <= i;

loop invariant i_7: mv == t[i];

loop invariant i_9: t[j] == mv;

loop invariant i_14: 1 <= j <= i && j >= 1;

loop invariant i_19: t[j-1] <= mv;

loop invariant i_20: j >= 1 && j <= i && t[j-1] <= mv;
```
----------------------------
--------------------------------
------------Invariant Info-----------
LOOP A:
i_0: 1 <= i <= n
i_1: j >= i && j <= i
i_2: mv == t[i]
i_4: t[j] == mv
i_15: 1 <= j <= i && j >= 1 && j <= i
i_16: 1 <= j <= i
i_17: j >= 1 && j <= i
i_21: i >= 1 && i <= n
i_22: t[j-1] <= mv
i_23: j >= 1 && j <= i && t[j-1] <= mv
i_24: j >= 1 && j <= i && j >= 1 && j <= i
LOOP B:
i_6: 1 <= j <= i
i_7: mv == t[i]
i_9: t[j] == mv
i_11: 1 <= i <= n
i_12: j >= i && j <= i
i_13: j >= 1 && j <= i
i_14: 1 <= j <= i && j >= 1 && j <= i
i_18: i >= 1 && i <= n
i_19: t[j-1] <= mv
i_20: j >= 1 && j <= i && t[j-1] <= mv
i_25: 1 <= j <= i && j >= 1
------------------------------------
----------Code with Invariants----------
/*@
  predicate Sorted(int *t, integer lo, integer hi) =
    \forall integer i, j; lo <= i <= j < hi ==> t[i] <= t[j];
*/

/*@ requires \valid(t+(0..(n - 1)));
    requires n > 0;
    ensures e_1: Sorted(t, 0, n);
    assigns t[0..n-1];
 */
void _insertion_sort(int t[], int n) {
    int i = 1, j = 1;
    int mv;
    
    // Loop A
    /*@
        loop invariant i_0: 1 <= i <= n;

        loop invariant i_1: j >= i && j <= i;

        loop invariant i_2: mv == t[i];

        loop invariant i_4: t[j] == mv;

        loop invariant i_15: 1 <= j <= i && j >= 1 && j <= i;

        loop invariant i_16: 1 <= j <= i;

        loop invariant i_17: j >= 1 && j <= i;

        loop invariant i_21: i >= 1 && i <= n;

        loop invariant i_22: t[j-1] <= mv;

        loop invariant i_23: j >= 1 && j <= i && t[j-1] <= mv;

        loop invariant i_24: j >= 1 && j <= i && j >= 1 && j <= i;


        loop assigns i, j, mv, t[0..n-1];
     */
    for (i = 1; i < n; i++) {
        mv = t[i];
        // Loop B
        /*@
            loop invariant i_6: 1 <= j <= i;

            loop invariant i_7: mv == t[i];

            loop invariant i_9: t[j] == mv;

            loop invariant i_11: 1 <= i <= n;

            loop invariant i_12: j >= i && j <= i;

            loop invariant i_13: j >= 1 && j <= i;

            loop invariant i_14: 1 <= j <= i && j >= 1 && j <= i;

            loop invariant i_18: i >= 1 && i <= n;

            loop invariant i_19: t[j-1] <= mv;

            loop invariant i_20: j >= 1 && j <= i && t[j-1] <= mv;

            loop invariant i_25: 1 <= j <= i && j >= 1;


            loop assigns j, t[0..i];
         */
        for (j = i; j > 0; j--) {
            if (t[j - 1] <= mv) break;
            t[j] = t[j - 1];
        }
        t[j] = mv;
    }
}
----------------------------------------
----------Begin Revise----------
-------------Establishment_requires: i_22: establishment---------------
----------Prompt----------

/*@
  predicate Sorted(int *t, integer lo, integer hi) =
    \forall integer i, j; lo <= i <= j < hi ==> t[i] <= t[j];
*/

/*@ requires \valid(t+(0..(n - 1)));
    requires n > 0;
    ensures e_1: Sorted(t, 0, n);
    assigns t[0..n-1];
 */
void _insertion_sort(int t[], int n) {
    int i = 1, j = 1;
    int mv;
    
    // Loop A
    /*@
        [Hint] Loop invariant t[j-1] <= mv too strong initially. Relax it.

        loop invariant i_0: 1 <= i <= n;

        loop invariant i_1: j >= i && j <= i;

        loop invariant i_2: mv == t[i];

        loop invariant i_4: t[j] == mv;

        loop invariant i_15: 1 <= j <= i && j >= 1 && j <= i;

        loop invariant i_16: 1 <= j <= i;

        loop invariant i_17: j >= 1 && j <= i;

        loop invariant i_21: i >= 1 && i <= n;

        loop invariant i_22: t[j-1] <= mv;

        loop invariant i_23: j >= 1 && j <= i && t[j-1] <= mv;

        loop invariant i_24: j >= 1 && j <= i && j >= 1 && j <= i;


        loop assigns i, j, mv, t[0..n-1];
     */
    for (i = 1; i < n; i++) {
        mv = t[i];
        // Loop B
        /*@
            loop invariant i_6: 1 <= j <= i;

            loop invariant i_7: mv == t[i];

            loop invariant i_9: t[j] == mv;

            loop invariant i_11: 1 <= i <= n;

            loop invariant i_12: j >= i && j <= i;

            loop invariant i_13: j >= 1 && j <= i;

            loop invariant i_14: 1 <= j <= i && j >= 1 && j <= i;

            loop invariant i_18: i >= 1 && i <= n;

            loop invariant i_19: t[j-1] <= mv;

            loop invariant i_20: j >= 1 && j <= i && t[j-1] <= mv;

            loop invariant i_25: 1 <= j <= i && j >= 1;


            loop assigns j, t[0..i];
         */
        for (j = i; j > 0; j--) {
            if (t[j - 1] <= mv) break;
            t[j] = t[j - 1];
        }
        t[j] = mv;
    }
}
You are an expert in deductive program verification using ACSL and Frama-C.
The following loop invariant of the loop labeled "A" cannot be established from the function's `requires` clauses:
[Unprovable Initial Invariant] t[j-1] <= mv
This means the loop invariant is too strong at the loop entry, violating the establishment condition of loop correctness.  
Your task is to relax or weaken the loop invariant at the position marked by: "[Hint] Loop invariant too strong initially. Relax it."
IMPORTANT RULES:
1. The relaxed invariants must still hold:
   - Establishment: They must be provable solely from the function's requires clauses and the program state before entering the loop.
   - Preservation: after executing the loop body exactly once, the invariant still holds.
   - Zero-iteration case: the invariant is valid even if the loop never executes.
2. Do NOT restate or print any of the existing loop invariants.  
   Only output the modified (weakened) invariants necessary to make the establishment step succeed.
3. Your answer must be solely in the form:
   ```
   loop invariant ...;
   loop invariant ...;
   ...
   ```
4. All invariants must follow ACSL syntax and be valid loop invariants.
5. No explanation. No commentary. Just show me the loop invariant.
 /no_think
--------------------------
----------Response----------
[unused16][unused17]```
loop invariant i_24: 1 <= j <= i && j >= 1 && j <= i;

loop invariant i_23: j >= 1 && j <= i && t[j-1] <= mv;

loop invariant i_22: i >= 1 && i <= n;

loop invariant i_21: j >= 1 && j <= i;

loop invariant i_19: i >= 1 && i <= n && j >= 1 && j <= i;

loop invariant i_18: 1 <= j <= i && j >= 1;

loop invariant i_17: 1 <= j <= i;

loop invariant i_16: 1 <= j <= i;

loop invariant i_15: 1 <= j <= i && j >= 1 && j <= i;

loop invariant i_14: j >= i && j <= i;

loop invariant i_13: 1 <= i <= n;

loop invariant i_12: mv == t[i];

loop invariant i_11: 1 <= i <= n;

loop invariant i_10: j >= 1 && j <= i;

loop invariant i_9: t[j] == mv;

loop invariant i_8: 1 <= j <= i;

loop invariant i_7: mv == t[i];

loop invariant i_6: 1 <= j <= i;

loop invariant i_5: 1 <= i <= n;

loop invariant i_4: mv == t[i];

loop invariant i_3: j >= i && j <= i;

loop invariant i_2: 1 <= j <= i;

loop invariant i_1: 1 <= i <= n;
```
----------------------------
-------------Establishment_requires: i_2: establishment---------------
----------Prompt----------

/*@
  predicate Sorted(int *t, integer lo, integer hi) =
    \forall integer i, j; lo <= i <= j < hi ==> t[i] <= t[j];
*/

/*@ requires \valid(t+(0..(n - 1)));
    requires n > 0;
    ensures e_1: Sorted(t, 0, n);
    assigns t[0..n-1];
 */
void _insertion_sort(int t[], int n) {
    int i = 1, j = 1;
    int mv;
    
    // Loop A
    /*@
        [Hint] Loop invariant mv == t[i] too strong initially. Relax it.

        loop invariant i_0: 1 <= i <= n;

        loop invariant i_1: j >= i && j <= i;

        loop invariant i_2: mv == t[i];

        loop invariant i_4: t[j] == mv;

        loop invariant i_15: 1 <= j <= i && j >= 1 && j <= i;

        loop invariant i_16: 1 <= j <= i;

        loop invariant i_17: j >= 1 && j <= i;

        loop invariant i_21: i >= 1 && i <= n;

        loop invariant i_22: t[j-1] <= mv;

        loop invariant i_23: j >= 1 && j <= i && t[j-1] <= mv;

        loop invariant i_24: j >= 1 && j <= i && j >= 1 && j <= i;

        loop invariant i_26: i >= 1 && i <= n && j >= 1 && j <= i;

        loop invariant i_27: 1 <= j <= i && j >= 1;


        loop assigns i, j, mv, t[0..n-1];
     */
    for (i = 1; i < n; i++) {
        mv = t[i];
        // Loop B
        /*@
            loop invariant i_6: 1 <= j <= i;

            loop invariant i_7: mv == t[i];

            loop invariant i_9: t[j] == mv;

            loop invariant i_11: 1 <= i <= n;

            loop invariant i_12: j >= i && j <= i;

            loop invariant i_13: j >= 1 && j <= i;

            loop invariant i_14: 1 <= j <= i && j >= 1 && j <= i;

            loop invariant i_18: i >= 1 && i <= n;

            loop invariant i_19: t[j-1] <= mv;

            loop invariant i_20: j >= 1 && j <= i && t[j-1] <= mv;

            loop invariant i_25: 1 <= j <= i && j >= 1;


            loop assigns j, t[0..i];
         */
        for (j = i; j > 0; j--) {
            if (t[j - 1] <= mv) break;
            t[j] = t[j - 1];
        }
        t[j] = mv;
    }
}
You are an expert in deductive program verification using ACSL and Frama-C.
The following loop invariant of the loop labeled "A" cannot be established from the function's `requires` clauses:
[Unprovable Initial Invariant] mv == t[i]
This means the loop invariant is too strong at the loop entry, violating the establishment condition of loop correctness.  
Your task is to relax or weaken the loop invariant at the position marked by: "[Hint] Loop invariant too strong initially. Relax it."
IMPORTANT RULES:
1. The relaxed invariants must still hold:
   - Establishment: They must be provable solely from the function's requires clauses and the program state before entering the loop.
   - Preservation: after executing the loop body exactly once, the invariant still holds.
   - Zero-iteration case: the invariant is valid even if the loop never executes.
2. Do NOT restate or print any of the existing loop invariants.  
   Only output the modified (weakened) invariants necessary to make the establishment step succeed.
3. Your answer must be solely in the form:
   ```
   loop invariant ...;
   loop invariant ...;
   ...
   ```
4. All invariants must follow ACSL syntax and be valid loop invariants.
5. No explanation. No commentary. Just show me the loop invariant.
 /no_think
--------------------------
----------Response----------
[unused16][unused17]```
loop invariant i_0: 1 <= i <= n;
loop invariant i_1: j >= i && j <= i;
loop invariant i_2: mv == t[i];
loop invariant i_4: t[j] == mv;
loop invariant i_15: 1 <= j <= i && j >= 1 && j <= i;
loop invariant i_16: 1 <= j <= i;
loop invariant i_17: j >= 1 && j <= i;
loop invariant i_21: i >= 1 && i <= n;
loop invariant i_22: t[j-1] <= mv;
loop invariant i_23: j >= 1 && j <= i && t[j-1] <= mv;
loop invariant i_27: 1 <= j <= i && j >= 1;
```
----------------------------
-------------Preservation_nested: i_1: preservation---------------
----------Prompt----------

/*@
  predicate Sorted(int *t, integer lo, integer hi) =
    \forall integer i, j; lo <= i <= j < hi ==> t[i] <= t[j];
*/

/*@ requires \valid(t+(0..(n - 1)));
    requires n > 0;
    ensures e_1: Sorted(t, 0, n);
    assigns t[0..n-1];
 */
void _insertion_sort(int t[], int n) {
    int i = 1, j = 1;
    int mv;
    
    // Loop A
    /*@
        [Hint] Invariant j >= i && j <= i not preserved. Fix or supplement invariants the last inner loop or in this loop.

        loop invariant i_0: 1 <= i <= n;

        loop invariant i_1: j >= i && j <= i;

        loop invariant i_2: mv == t[i];

        loop invariant i_4: t[j] == mv;

        loop invariant i_15: 1 <= j <= i && j >= 1 && j <= i;

        loop invariant i_16: 1 <= j <= i;

        loop invariant i_17: j >= 1 && j <= i;

        loop invariant i_21: i >= 1 && i <= n;

        loop invariant i_22: t[j-1] <= mv;

        loop invariant i_23: j >= 1 && j <= i && t[j-1] <= mv;

        loop invariant i_24: j >= 1 && j <= i && j >= 1 && j <= i;

        loop invariant i_26: i >= 1 && i <= n && j >= 1 && j <= i;

        loop invariant i_27: 1 <= j <= i && j >= 1;


        loop assigns i, j, mv, t[0..n-1];
     */
    for (i = 1; i < n; i++) {
        mv = t[i];
        // Loop B
        /*@
            loop invariant i_6: 1 <= j <= i;

            loop invariant i_7: mv == t[i];

            loop invariant i_9: t[j] == mv;

            loop invariant i_11: 1 <= i <= n;

            loop invariant i_12: j >= i && j <= i;

            loop invariant i_13: j >= 1 && j <= i;

            loop invariant i_14: 1 <= j <= i && j >= 1 && j <= i;

            loop invariant i_18: i >= 1 && i <= n;

            loop invariant i_19: t[j-1] <= mv;

            loop invariant i_20: j >= 1 && j <= i && t[j-1] <= mv;

            loop invariant i_25: 1 <= j <= i && j >= 1;


            loop assigns j, t[0..i];
         */
        for (j = i; j > 0; j--) {
            if (t[j - 1] <= mv) break;
            t[j] = t[j - 1];
        }
        t[j] = mv;
    }
}
You are an expert in deductive program verification using ACSL and Frama-C.
[Unprovable Invariant] j >= i && j <= i
The loop invariant of the loop labeled "A" fails the *preservation* check. After one iteration of the loop body, the invariant cannot be re-established.
Accordingly, there are two distinct possibilities that may prevent the preservation of the current loop invariant:
  1) The unprovable invariant of "Loop A" is incorrect:
     - It cannot be re-established from itself after executing the loop body.
     - Remedy: modify the unprovable invariant of "A" so that it becomes inductive.

  2) The invariant(s) of the nested inner loop "Loop B" are too weak:
     - They do not guarantee enough facts after the completion of the inner loop to re-establish "A"'s invariant.
     - Remedy: strengthen the invariant(s) of "B" so that the preservation of "A" becomes provable.

Your task is to adjust the invariants so that the preservation of "Loop A" succeeds.
IMPORTANT RULES:
1. You may modify either:
   - only the current loop "A", or
   - only the inner loop "B", or
   - both, if needed.
2. Do NOT output any of the original invariants. Only output the new or modified invariants you propose.
3. Output must contain two blocks, even if one block is empty:
   ```
   [Loop B]
   loop invariant ...;
   loop invariant ...;

   [Loop A]
   loop invariant ...;
   loop invariant ...;
   ```
4. Each block may contain zero or more invariants. If a block has no changes, leave it empty but keep the block header.
5. All invariants must strictly satisfy ACSL rules and must be valid inductive loop invariants.
6. No explanation. No commentary. Just show me the loop invariant.
 /no_think
--------------------------
