-----------Model-----------
Model type:
PanguEmbeddedForCausalLM(
  (model): PanguEmbeddedModel(
    (embed_tokens): Embedding(153376, 4096, padding_idx=0)
    (layers): ModuleList(
      (0-33): 34 x PanguEmbeddedDecoderLayer(
        (self_attn): PanguEmbeddedAttention(
          (q_proj): Linear(in_features=4096, out_features=4096, bias=True)
          (k_proj): Linear(in_features=4096, out_features=1024, bias=True)
          (v_proj): Linear(in_features=4096, out_features=1024, bias=True)
          (o_proj): Linear(in_features=4096, out_features=4096, bias=True)
        )
        (mlp): PanguEmbeddedMLP(
          (gate_proj): Linear(in_features=4096, out_features=12800, bias=False)
          (up_proj): Linear(in_features=4096, out_features=12800, bias=False)
          (down_proj): Linear(in_features=12800, out_features=4096, bias=False)
          (act_fn): SiLU()
        )
        (input_layernorm): PanguEmbeddedRMSNorm((4096,), eps=1e-05)
        (post_attention_layernorm): PanguEmbeddedRMSNorm((4096,), eps=1e-05)
      )
    )
    (norm): PanguEmbeddedRMSNorm((4096,), eps=1e-05)
    (rotary_emb): PanguEmbeddedRotaryEmbedding()
  )
  (lm_head): Linear(in_features=4096, out_features=153376, bias=False)
)
Model device:
npu:1
---------------------------
File Path: ../Benchmark/SVCOMP/svcomp_20.c
----------Code----------
//terminator_03_true-unreach-call_true-termination.c

/*@
    requires y <= 1000000;
*/
int svcomp_20(int x, int y) {

	if (y > 0) {
		/*@
            loop assigns y;
            loop assigns x;
		*/
		while (x < 100) {
			x = x + y;
		}
	}
	
	//@ assert y <= 0 || (y > 0 && x >= 100);

	return 0;
}

------------------------
----------Prompt----------

//terminator_03_true-unreach-call_true-termination.c

/*@
    requires y <= 1000000;
*/
int svcomp_20(int x, int y) {

	if (y > 0) {
        // Loop A
		/*@
            [Hint] Please infer the loop invariant for the following loop.

            loop assigns y;
            loop assigns x;
		*/
		while (x < 100) {
			x = x + y;
		}
	}
	
	//@ assert y <= 0 || (y > 0 && x >= 100);

	return 0;
}

You are an expert in program verification, and please generate loop invariant as C annotation comments at the hint location (annotated by "[Hint] Please infer the loop invariant for the following loop.") using ACSL language.
ACSL is a specification language for C programs that conforms to the design by contract paradigm, utilizing Hoare style pre- and postconditions and invariants. Note that the `loop invariant` clause is a condition that is true at the beginning and end of every loop iteration.
Specifically, for the current verification task:
    - Pre-condition: the function's `requires` clauses
    - Post-condition: 1:y <= 0 || (y > 0 && x >= 100); 
Please verify that the generated loop invariant is consistent with these constraints. If these specific pre- or post-conditions are not provided or empty, please infer the loop invariant strictly based on the program's execution logic and standard correctness.
In order to get a correct answer, You may want to consider both the situation of not entering the loop and the situation of jumping out of the loop. If some of the pre-conditions are also loop invariant, you need to add them to your answer as well.
Use '&&', '||', '==>', '\forall' or '\exists' if necessary. For instance:
```
loop invariant 1 <= x;
loop invariant x == y;
loop invariant 0 < x ==> y <= z;
loop invariant z % 2 == 1 || x == y;
loop invariant z % 2 == 1 && x <= y;
loop invariant \forall integer k;  0 <= k < i ==> max >=  a[k];
loop invariant \exists integer k;  0 <= k < i &&  max == a[k];
loop invariant \forall integer p; 0 <= p < \at(k, End_l) ==> res[p] == \at(res[p], End_l);
```
Your answer should follow the following format:
```
loop invariant ...;
loop invariant ...;
...
```
No explanation. No commentary. Just show me the loop invariant.
 /no_think
--------------------------
----------Response----------
[unused16][unused17]loop invariant y <= 1000000;
loop invariant y >= 0;
loop invariant x < 100 && y > 0;
loop invariant x == y - 100 * x;
loop invariant y <= 0 || x >= 100;
----------------------------
------------Invariant Info-----------
LOOP A:
i_0: y <= 1000000
i_1: y >= 0
i_2: x < 100 && y > 0
i_3: x == y - 100 * x
i_4: y <= 0 || x >= 100
------------------------------------
----------Code with Invariants----------
//terminator_03_true-unreach-call_true-termination.c

/*@
    requires y <= 1000000;
*/
int svcomp_20(int x, int y) {

	if (y > 0) {
        // Loop A
		/*@
            loop invariant i_0: y <= 1000000;

            loop invariant i_1: y >= 0;

            loop invariant i_2: x < 100 && y > 0;

            loop invariant i_3: x == y - 100 * x;

            loop invariant i_4: y <= 0 || x >= 100;


            loop assigns y;
            loop assigns x;
		*/
		while (x < 100) {
			x = x + y;
		}
	}
	
	//@ assert y <= 0 || (y > 0 && x >= 100);

	return 0;
}

----------------------------------------
----------Begin Revise----------
-------------Establishment_requires: i_4: establishment---------------
----------Prompt----------

//terminator_03_true-unreach-call_true-termination.c

/*@
    requires y <= 1000000;
*/
int svcomp_20(int x, int y) {

	if (y > 0) {
        // Loop A
		/*@
            [Hint] Loop invariant y <= 0 || x >= 100 too strong initially. Relax it.

            loop invariant i_0: y <= 1000000;

            loop invariant i_1: y >= 0;

            loop invariant i_2: x < 100 && y > 0;

            loop invariant i_3: x == y - 100 * x;

            loop invariant i_4: y <= 0 || x >= 100;


            loop assigns y;
            loop assigns x;
		*/
		while (x < 100) {
			x = x + y;
		}
	}
	
	//@ assert y <= 0 || (y > 0 && x >= 100);

	return 0;
}

You are an expert in deductive program verification using ACSL and Frama-C.
The following loop invariant of the loop labeled "A" cannot be established from the function's `requires` clauses:
[Unprovable Initial Invariant] y <= 0 || x >= 100
This means the loop invariant is too strong at the loop entry, violating the establishment condition of loop correctness.  
Your task is to relax or weaken the loop invariant at the position marked by: "[Hint] Loop invariant too strong initially. Relax it."
IMPORTANT RULES:
1. The relaxed invariants must still hold:
   - Establishment: They must be provable solely from the function's requires clauses and the program state before entering the loop.
   - Preservation: after executing the loop body exactly once, the invariant still holds.
   - Zero-iteration case: the invariant is valid even if the loop never executes.
2. Do NOT restate or print any of the existing loop invariants.  
   Only output the modified (weakened) invariants necessary to make the establishment step succeed.
3. Your answer must be solely in the form:
   ```
   loop invariant ...;
   loop invariant ...;
   ...
   ```
4. All invariants must follow ACSL syntax and be valid loop invariants.
5. No explanation. No commentary. Just show me the loop invariant.
 /no_think
--------------------------
----------Response----------
[unused16][unused17]```
loop invariant y <= 1000000;
loop invariant y >= 0;
loop invariant x < 100;
loop invariant y > 0 || x >= 100;
```
----------------------------
-------------Establishment_requires: i_3: establishment---------------
----------Prompt----------

//terminator_03_true-unreach-call_true-termination.c

/*@
    requires y <= 1000000;
*/
int svcomp_20(int x, int y) {

	if (y > 0) {
        // Loop A
		/*@
            [Hint] Loop invariant x == y - 100 * x too strong initially. Relax it.

            loop invariant i_0: y <= 1000000;

            loop invariant i_1: y >= 0;

            loop invariant i_2: x < 100 && y > 0;

            loop invariant i_3: x == y - 100 * x;

            loop invariant i_4: y <= 0 || x >= 100;

            loop invariant i_5: x < 100;

            loop invariant i_6: y > 0 || x >= 100;


            loop assigns y;
            loop assigns x;
		*/
		while (x < 100) {
			x = x + y;
		}
	}
	
	//@ assert y <= 0 || (y > 0 && x >= 100);

	return 0;
}

You are an expert in deductive program verification using ACSL and Frama-C.
The following loop invariant of the loop labeled "A" cannot be established from the function's `requires` clauses:
[Unprovable Initial Invariant] x == y - 100 * x
This means the loop invariant is too strong at the loop entry, violating the establishment condition of loop correctness.  
Your task is to relax or weaken the loop invariant at the position marked by: "[Hint] Loop invariant too strong initially. Relax it."
IMPORTANT RULES:
1. The relaxed invariants must still hold:
   - Establishment: They must be provable solely from the function's requires clauses and the program state before entering the loop.
   - Preservation: after executing the loop body exactly once, the invariant still holds.
   - Zero-iteration case: the invariant is valid even if the loop never executes.
2. Do NOT restate or print any of the existing loop invariants.  
   Only output the modified (weakened) invariants necessary to make the establishment step succeed.
3. Your answer must be solely in the form:
   ```
   loop invariant ...;
   loop invariant ...;
   ...
   ```
4. All invariants must follow ACSL syntax and be valid loop invariants.
5. No explanation. No commentary. Just show me the loop invariant.
 /no_think
--------------------------
----------Response----------
[unused16][unused17]```
loop invariant y <= 1000000;
loop invariant y >= 0;
loop invariant x < 100 && y > 0;
loop invariant x == y - 100 * x;
loop invariant y <= 0 || x >= 100;
loop invariant x < 100;
loop invariant y > 0 || x >= 100;
```
----------------------------
-------------Establishment_requires: i_2: establishment---------------
----------Prompt----------

//terminator_03_true-unreach-call_true-termination.c

/*@
    requires y <= 1000000;
*/
int svcomp_20(int x, int y) {

	if (y > 0) {
        // Loop A
		/*@
            [Hint] Loop invariant x < 100 && y > 0 too strong initially. Relax it.

            loop invariant i_0: y <= 1000000;

            loop invariant i_1: y >= 0;

            loop invariant i_2: x < 100 && y > 0;

            loop invariant i_3: x == y - 100 * x;

            loop invariant i_4: y <= 0 || x >= 100;

            loop invariant i_5: x < 100;

            loop invariant i_6: y > 0 || x >= 100;


            loop assigns y;
            loop assigns x;
		*/
		while (x < 100) {
			x = x + y;
		}
	}
	
	//@ assert y <= 0 || (y > 0 && x >= 100);

	return 0;
}

You are an expert in deductive program verification using ACSL and Frama-C.
The following loop invariant of the loop labeled "A" cannot be established from the function's `requires` clauses:
[Unprovable Initial Invariant] x < 100 && y > 0
This means the loop invariant is too strong at the loop entry, violating the establishment condition of loop correctness.  
Your task is to relax or weaken the loop invariant at the position marked by: "[Hint] Loop invariant too strong initially. Relax it."
IMPORTANT RULES:
1. The relaxed invariants must still hold:
   - Establishment: They must be provable solely from the function's requires clauses and the program state before entering the loop.
   - Preservation: after executing the loop body exactly once, the invariant still holds.
   - Zero-iteration case: the invariant is valid even if the loop never executes.
2. Do NOT restate or print any of the existing loop invariants.  
   Only output the modified (weakened) invariants necessary to make the establishment step succeed.
3. Your answer must be solely in the form:
   ```
   loop invariant ...;
   loop invariant ...;
   ...
   ```
4. All invariants must follow ACSL syntax and be valid loop invariants.
5. No explanation. No commentary. Just show me the loop invariant.
 /no_think
--------------------------
----------Response----------
[unused16][unused17]```
loop invariant x < 100 && y > 0;
loop invariant y <= 1000000;
```
----------------------------
--------------------------------
------------Invariant Info-----------
LOOP A:
i_0: y <= 1000000
i_1: y >= 0
i_2: x < 100 && y > 0
i_3: x == y - 100 * x
i_4: y <= 0 || x >= 100
i_5: x < 100
i_6: y > 0 || x >= 100
------------------------------------
----------Code with Invariants----------
//terminator_03_true-unreach-call_true-termination.c

/*@
    requires y <= 1000000;
*/
int svcomp_20(int x, int y) {

	if (y > 0) {
        // Loop A
		/*@
            loop invariant i_0: y <= 1000000;

            loop invariant i_1: y >= 0;

            loop invariant i_2: x < 100 && y > 0;

            loop invariant i_3: x == y - 100 * x;

            loop invariant i_4: y <= 0 || x >= 100;

            loop invariant i_5: x < 100;

            loop invariant i_6: y > 0 || x >= 100;


            loop assigns y;
            loop assigns x;
		*/
		while (x < 100) {
			x = x + y;
		}
	}
	
	//@ assert y <= 0 || (y > 0 && x >= 100);

	return 0;
}

----------------------------------------
----------Begin Revise----------
-------------Establishment_requires: i_4: establishment---------------
----------Prompt----------

//terminator_03_true-unreach-call_true-termination.c

/*@
    requires y <= 1000000;
*/
int svcomp_20(int x, int y) {

	if (y > 0) {
        // Loop A
		/*@
            [Hint] Loop invariant y <= 0 || x >= 100 too strong initially. Relax it.

            loop invariant i_0: y <= 1000000;

            loop invariant i_1: y >= 0;

            loop invariant i_2: x < 100 && y > 0;

            loop invariant i_3: x == y - 100 * x;

            loop invariant i_4: y <= 0 || x >= 100;

            loop invariant i_5: x < 100;

            loop invariant i_6: y > 0 || x >= 100;


            loop assigns y;
            loop assigns x;
		*/
		while (x < 100) {
			x = x + y;
		}
	}
	
	//@ assert y <= 0 || (y > 0 && x >= 100);

	return 0;
}

You are an expert in deductive program verification using ACSL and Frama-C.
The following loop invariant of the loop labeled "A" cannot be established from the function's `requires` clauses:
[Unprovable Initial Invariant] y <= 0 || x >= 100
This means the loop invariant is too strong at the loop entry, violating the establishment condition of loop correctness.  
Your task is to relax or weaken the loop invariant at the position marked by: "[Hint] Loop invariant too strong initially. Relax it."
IMPORTANT RULES:
1. The relaxed invariants must still hold:
   - Establishment: They must be provable solely from the function's requires clauses and the program state before entering the loop.
   - Preservation: after executing the loop body exactly once, the invariant still holds.
   - Zero-iteration case: the invariant is valid even if the loop never executes.
2. Do NOT restate or print any of the existing loop invariants.  
   Only output the modified (weakened) invariants necessary to make the establishment step succeed.
3. Your answer must be solely in the form:
   ```
   loop invariant ...;
   loop invariant ...;
   ...
   ```
4. All invariants must follow ACSL syntax and be valid loop invariants.
5. No explanation. No commentary. Just show me the loop invariant.
 /no_think
--------------------------
----------Response----------
[unused16][unused17]```
loop invariant y <= 1000000;
loop invariant y >= 0;
loop invariant x < 100;
loop invariant x + y == y - 100 * x;
```
----------------------------
-------------Establishment_requires: i_3: establishment---------------
----------Prompt----------

//terminator_03_true-unreach-call_true-termination.c

/*@
    requires y <= 1000000;
*/
int svcomp_20(int x, int y) {

	if (y > 0) {
        // Loop A
		/*@
            [Hint] Loop invariant x == y - 100 * x too strong initially. Relax it.

            loop invariant i_0: y <= 1000000;

            loop invariant i_1: y >= 0;

            loop invariant i_2: x < 100 && y > 0;

            loop invariant i_3: x == y - 100 * x;

            loop invariant i_4: y <= 0 || x >= 100;

            loop invariant i_5: x < 100;

            loop invariant i_6: y > 0 || x >= 100;

            loop invariant i_7: x + y == y - 100 * x;


            loop assigns y;
            loop assigns x;
		*/
		while (x < 100) {
			x = x + y;
		}
	}
	
	//@ assert y <= 0 || (y > 0 && x >= 100);

	return 0;
}

You are an expert in deductive program verification using ACSL and Frama-C.
The following loop invariant of the loop labeled "A" cannot be established from the function's `requires` clauses:
[Unprovable Initial Invariant] x == y - 100 * x
This means the loop invariant is too strong at the loop entry, violating the establishment condition of loop correctness.  
Your task is to relax or weaken the loop invariant at the position marked by: "[Hint] Loop invariant too strong initially. Relax it."
IMPORTANT RULES:
1. The relaxed invariants must still hold:
   - Establishment: They must be provable solely from the function's requires clauses and the program state before entering the loop.
   - Preservation: after executing the loop body exactly once, the invariant still holds.
   - Zero-iteration case: the invariant is valid even if the loop never executes.
2. Do NOT restate or print any of the existing loop invariants.  
   Only output the modified (weakened) invariants necessary to make the establishment step succeed.
3. Your answer must be solely in the form:
   ```
   loop invariant ...;
   loop invariant ...;
   ...
   ```
4. All invariants must follow ACSL syntax and be valid loop invariants.
5. No explanation. No commentary. Just show me the loop invariant.
 /no_think
--------------------------
----------Response----------
[unused16][unused17]```
loop invariant y <= 1000000;
loop invariant y >= 0;
loop invariant x < 100;
```
----------------------------
-------------Establishment_requires: i_2: establishment---------------
----------Prompt----------

//terminator_03_true-unreach-call_true-termination.c

/*@
    requires y <= 1000000;
*/
int svcomp_20(int x, int y) {

	if (y > 0) {
        // Loop A
		/*@
            [Hint] Loop invariant x < 100 && y > 0 too strong initially. Relax it.

            loop invariant i_0: y <= 1000000;

            loop invariant i_1: y >= 0;

            loop invariant i_2: x < 100 && y > 0;

            loop invariant i_3: x == y - 100 * x;

            loop invariant i_4: y <= 0 || x >= 100;

            loop invariant i_5: x < 100;

            loop invariant i_6: y > 0 || x >= 100;

            loop invariant i_7: x + y == y - 100 * x;


            loop assigns y;
            loop assigns x;
		*/
		while (x < 100) {
			x = x + y;
		}
	}
	
	//@ assert y <= 0 || (y > 0 && x >= 100);

	return 0;
}

You are an expert in deductive program verification using ACSL and Frama-C.
The following loop invariant of the loop labeled "A" cannot be established from the function's `requires` clauses:
[Unprovable Initial Invariant] x < 100 && y > 0
This means the loop invariant is too strong at the loop entry, violating the establishment condition of loop correctness.  
Your task is to relax or weaken the loop invariant at the position marked by: "[Hint] Loop invariant too strong initially. Relax it."
IMPORTANT RULES:
1. The relaxed invariants must still hold:
   - Establishment: They must be provable solely from the function's requires clauses and the program state before entering the loop.
   - Preservation: after executing the loop body exactly once, the invariant still holds.
   - Zero-iteration case: the invariant is valid even if the loop never executes.
2. Do NOT restate or print any of the existing loop invariants.  
   Only output the modified (weakened) invariants necessary to make the establishment step succeed.
3. Your answer must be solely in the form:
   ```
   loop invariant ...;
   loop invariant ...;
   ...
   ```
4. All invariants must follow ACSL syntax and be valid loop invariants.
5. No explanation. No commentary. Just show me the loop invariant.
 /no_think
--------------------------
----------Response----------
[unused16][unused17]```
loop invariant i_0: y <= 1000000;
loop invariant i_1: y >= 0;
loop invariant i_2: x < 100 || y == 0;
loop invariant i_3: x + y == y - 100 * x;
```
----------------------------
--------------------------------
------------Invariant Info-----------
LOOP A:
i_0: y <= 1000000
i_1: y >= 0
i_2: x < 100 && y > 0
i_3: x == y - 100 * x
i_4: y <= 0 || x >= 100
i_5: x < 100
i_6: y > 0 || x >= 100
i_7: x + y == y - 100 * x
i_8: x < 100 || y == 0
------------------------------------
----------Code with Invariants----------
//terminator_03_true-unreach-call_true-termination.c

/*@
    requires y <= 1000000;
*/
int svcomp_20(int x, int y) {

	if (y > 0) {
        // Loop A
		/*@
            loop invariant i_0: y <= 1000000;

            loop invariant i_1: y >= 0;

            loop invariant i_2: x < 100 && y > 0;

            loop invariant i_3: x == y - 100 * x;

            loop invariant i_4: y <= 0 || x >= 100;

            loop invariant i_5: x < 100;

            loop invariant i_6: y > 0 || x >= 100;

            loop invariant i_7: x + y == y - 100 * x;

            loop invariant i_8: x < 100 || y == 0;


            loop assigns y;
            loop assigns x;
		*/
		while (x < 100) {
			x = x + y;
		}
	}
	
	//@ assert y <= 0 || (y > 0 && x >= 100);

	return 0;
}

----------------------------------------
----------Begin Revise----------
-------------Establishment_requires: i_4: establishment---------------
----------Prompt----------

//terminator_03_true-unreach-call_true-termination.c

/*@
    requires y <= 1000000;
*/
int svcomp_20(int x, int y) {

	if (y > 0) {
        // Loop A
		/*@
            [Hint] Loop invariant y <= 0 || x >= 100 too strong initially. Relax it.

            loop invariant i_0: y <= 1000000;

            loop invariant i_1: y >= 0;

            loop invariant i_2: x < 100 && y > 0;

            loop invariant i_3: x == y - 100 * x;

            loop invariant i_4: y <= 0 || x >= 100;

            loop invariant i_5: x < 100;

            loop invariant i_6: y > 0 || x >= 100;

            loop invariant i_7: x + y == y - 100 * x;

            loop invariant i_8: x < 100 || y == 0;


            loop assigns y;
            loop assigns x;
		*/
		while (x < 100) {
			x = x + y;
		}
	}
	
	//@ assert y <= 0 || (y > 0 && x >= 100);

	return 0;
}

You are an expert in deductive program verification using ACSL and Frama-C.
The following loop invariant of the loop labeled "A" cannot be established from the function's `requires` clauses:
[Unprovable Initial Invariant] y <= 0 || x >= 100
This means the loop invariant is too strong at the loop entry, violating the establishment condition of loop correctness.  
Your task is to relax or weaken the loop invariant at the position marked by: "[Hint] Loop invariant too strong initially. Relax it."
IMPORTANT RULES:
1. The relaxed invariants must still hold:
   - Establishment: They must be provable solely from the function's requires clauses and the program state before entering the loop.
   - Preservation: after executing the loop body exactly once, the invariant still holds.
   - Zero-iteration case: the invariant is valid even if the loop never executes.
2. Do NOT restate or print any of the existing loop invariants.  
   Only output the modified (weakened) invariants necessary to make the establishment step succeed.
3. Your answer must be solely in the form:
   ```
   loop invariant ...;
   loop invariant ...;
   ...
   ```
4. All invariants must follow ACSL syntax and be valid loop invariants.
5. No explanation. No commentary. Just show me the loop invariant.
 /no_think
--------------------------
----------Response----------
[unused16][unused17]```
loop invariant y <= 1000000;
loop invariant y >= 0;
```
----------------------------
-------------Establishment_requires: i_3: establishment---------------
----------Prompt----------

//terminator_03_true-unreach-call_true-termination.c

/*@
    requires y <= 1000000;
*/
int svcomp_20(int x, int y) {

	if (y > 0) {
        // Loop A
		/*@
            [Hint] Loop invariant x == y - 100 * x too strong initially. Relax it.

            loop invariant i_0: y <= 1000000;

            loop invariant i_1: y >= 0;

            loop invariant i_2: x < 100 && y > 0;

            loop invariant i_3: x == y - 100 * x;

            loop invariant i_4: y <= 0 || x >= 100;

            loop invariant i_5: x < 100;

            loop invariant i_6: y > 0 || x >= 100;

            loop invariant i_7: x + y == y - 100 * x;

            loop invariant i_8: x < 100 || y == 0;


            loop assigns y;
            loop assigns x;
		*/
		while (x < 100) {
			x = x + y;
		}
	}
	
	//@ assert y <= 0 || (y > 0 && x >= 100);

	return 0;
}

You are an expert in deductive program verification using ACSL and Frama-C.
The following loop invariant of the loop labeled "A" cannot be established from the function's `requires` clauses:
[Unprovable Initial Invariant] x == y - 100 * x
This means the loop invariant is too strong at the loop entry, violating the establishment condition of loop correctness.  
Your task is to relax or weaken the loop invariant at the position marked by: "[Hint] Loop invariant too strong initially. Relax it."
IMPORTANT RULES:
1. The relaxed invariants must still hold:
   - Establishment: They must be provable solely from the function's requires clauses and the program state before entering the loop.
   - Preservation: after executing the loop body exactly once, the invariant still holds.
   - Zero-iteration case: the invariant is valid even if the loop never executes.
2. Do NOT restate or print any of the existing loop invariants.  
   Only output the modified (weakened) invariants necessary to make the establishment step succeed.
3. Your answer must be solely in the form:
   ```
   loop invariant ...;
   loop invariant ...;
   ...
   ```
4. All invariants must follow ACSL syntax and be valid loop invariants.
5. No explanation. No commentary. Just show me the loop invariant.
 /no_think
--------------------------
----------Response----------
[unused16][unused17]```
loop invariant y <= 1000000;
loop invariant y >= 0;
loop invariant x < 100 && y > 0;
loop invariant x == y - 100 * x;
```
----------------------------
-------------Establishment_requires: i_2: establishment---------------
----------Prompt----------

//terminator_03_true-unreach-call_true-termination.c

/*@
    requires y <= 1000000;
*/
int svcomp_20(int x, int y) {

	if (y > 0) {
        // Loop A
		/*@
            [Hint] Loop invariant x < 100 && y > 0 too strong initially. Relax it.

            loop invariant i_0: y <= 1000000;

            loop invariant i_1: y >= 0;

            loop invariant i_2: x < 100 && y > 0;

            loop invariant i_3: x == y - 100 * x;

            loop invariant i_4: y <= 0 || x >= 100;

            loop invariant i_5: x < 100;

            loop invariant i_6: y > 0 || x >= 100;

            loop invariant i_7: x + y == y - 100 * x;

            loop invariant i_8: x < 100 || y == 0;


            loop assigns y;
            loop assigns x;
		*/
		while (x < 100) {
			x = x + y;
		}
	}
	
	//@ assert y <= 0 || (y > 0 && x >= 100);

	return 0;
}

You are an expert in deductive program verification using ACSL and Frama-C.
The following loop invariant of the loop labeled "A" cannot be established from the function's `requires` clauses:
[Unprovable Initial Invariant] x < 100 && y > 0
This means the loop invariant is too strong at the loop entry, violating the establishment condition of loop correctness.  
Your task is to relax or weaken the loop invariant at the position marked by: "[Hint] Loop invariant too strong initially. Relax it."
IMPORTANT RULES:
1. The relaxed invariants must still hold:
   - Establishment: They must be provable solely from the function's requires clauses and the program state before entering the loop.
   - Preservation: after executing the loop body exactly once, the invariant still holds.
   - Zero-iteration case: the invariant is valid even if the loop never executes.
2. Do NOT restate or print any of the existing loop invariants.  
   Only output the modified (weakened) invariants necessary to make the establishment step succeed.
3. Your answer must be solely in the form:
   ```
   loop invariant ...;
   loop invariant ...;
   ...
   ```
4. All invariants must follow ACSL syntax and be valid loop invariants.
5. No explanation. No commentary. Just show me the loop invariant.
 /no_think
--------------------------
----------Response----------
[unused16][unused17]```
loop invariant x < 100;
loop invariant y >= 0;
```
----------------------------
--------------------------------
------------Invariant Info-----------
LOOP A:
i_0: y <= 1000000
i_1: y >= 0
i_2: x < 100 && y > 0
i_3: x == y - 100 * x
i_4: y <= 0 || x >= 100
i_5: x < 100
i_6: y > 0 || x >= 100
i_7: x + y == y - 100 * x
i_8: x < 100 || y == 0
------------------------------------
----------Code with Invariants----------
//terminator_03_true-unreach-call_true-termination.c

/*@
    requires y <= 1000000;
*/
int svcomp_20(int x, int y) {

	if (y > 0) {
        // Loop A
		/*@
            loop invariant i_0: y <= 1000000;

            loop invariant i_1: y >= 0;

            loop invariant i_2: x < 100 && y > 0;

            loop invariant i_3: x == y - 100 * x;

            loop invariant i_4: y <= 0 || x >= 100;

            loop invariant i_5: x < 100;

            loop invariant i_6: y > 0 || x >= 100;

            loop invariant i_7: x + y == y - 100 * x;

            loop invariant i_8: x < 100 || y == 0;


            loop assigns y;
            loop assigns x;
		*/
		while (x < 100) {
			x = x + y;
		}
	}
	
	//@ assert y <= 0 || (y > 0 && x >= 100);

	return 0;
}

----------------------------------------
----------Begin Revise----------
-------------Establishment_requires: i_2: establishment---------------
----------Prompt----------

//terminator_03_true-unreach-call_true-termination.c

/*@
    requires y <= 1000000;
*/
int svcomp_20(int x, int y) {

	if (y > 0) {
        // Loop A
		/*@
            [Hint] Loop invariant x < 100 && y > 0 too strong initially. Relax it.

            loop invariant i_0: y <= 1000000;

            loop invariant i_1: y >= 0;

            loop invariant i_2: x < 100 && y > 0;

            loop invariant i_3: x == y - 100 * x;

            loop invariant i_4: y <= 0 || x >= 100;

            loop invariant i_5: x < 100;

            loop invariant i_6: y > 0 || x >= 100;

            loop invariant i_7: x + y == y - 100 * x;

            loop invariant i_8: x < 100 || y == 0;


            loop assigns y;
            loop assigns x;
		*/
		while (x < 100) {
			x = x + y;
		}
	}
	
	//@ assert y <= 0 || (y > 0 && x >= 100);

	return 0;
}

You are an expert in deductive program verification using ACSL and Frama-C.
The following loop invariant of the loop labeled "A" cannot be established from the function's `requires` clauses:
[Unprovable Initial Invariant] x < 100 && y > 0
This means the loop invariant is too strong at the loop entry, violating the establishment condition of loop correctness.  
Your task is to relax or weaken the loop invariant at the position marked by: "[Hint] Loop invariant too strong initially. Relax it."
IMPORTANT RULES:
1. The relaxed invariants must still hold:
   - Establishment: They must be provable solely from the function's requires clauses and the program state before entering the loop.
   - Preservation: after executing the loop body exactly once, the invariant still holds.
   - Zero-iteration case: the invariant is valid even if the loop never executes.
2. Do NOT restate or print any of the existing loop invariants.  
   Only output the modified (weakened) invariants necessary to make the establishment step succeed.
3. Your answer must be solely in the form:
   ```
   loop invariant ...;
   loop invariant ...;
   ...
   ```
4. All invariants must follow ACSL syntax and be valid loop invariants.
5. No explanation. No commentary. Just show me the loop invariant.
 /no_think
--------------------------
----------Response----------
[unused16][unused17]```
loop invariant x < 100 && y > 0;
```
----------------------------
-------------Establishment_requires: i_4: establishment---------------
----------Prompt----------

//terminator_03_true-unreach-call_true-termination.c

/*@
    requires y <= 1000000;
*/
int svcomp_20(int x, int y) {

	if (y > 0) {
        // Loop A
		/*@
            [Hint] Loop invariant y <= 0 || x >= 100 too strong initially. Relax it.

            loop invariant i_0: y <= 1000000;

            loop invariant i_1: y >= 0;

            loop invariant i_2: x < 100 && y > 0;

            loop invariant i_3: x == y - 100 * x;

            loop invariant i_4: y <= 0 || x >= 100;

            loop invariant i_5: x < 100;

            loop invariant i_6: y > 0 || x >= 100;

            loop invariant i_7: x + y == y - 100 * x;

            loop invariant i_8: x < 100 || y == 0;


            loop assigns y;
            loop assigns x;
		*/
		while (x < 100) {
			x = x + y;
		}
	}
	
	//@ assert y <= 0 || (y > 0 && x >= 100);

	return 0;
}

You are an expert in deductive program verification using ACSL and Frama-C.
The following loop invariant of the loop labeled "A" cannot be established from the function's `requires` clauses:
[Unprovable Initial Invariant] y <= 0 || x >= 100
This means the loop invariant is too strong at the loop entry, violating the establishment condition of loop correctness.  
Your task is to relax or weaken the loop invariant at the position marked by: "[Hint] Loop invariant too strong initially. Relax it."
IMPORTANT RULES:
1. The relaxed invariants must still hold:
   - Establishment: They must be provable solely from the function's requires clauses and the program state before entering the loop.
   - Preservation: after executing the loop body exactly once, the invariant still holds.
   - Zero-iteration case: the invariant is valid even if the loop never executes.
2. Do NOT restate or print any of the existing loop invariants.  
   Only output the modified (weakened) invariants necessary to make the establishment step succeed.
3. Your answer must be solely in the form:
   ```
   loop invariant ...;
   loop invariant ...;
   ...
   ```
4. All invariants must follow ACSL syntax and be valid loop invariants.
5. No explanation. No commentary. Just show me the loop invariant.
 /no_think
--------------------------
----------Response----------
[unused16][unused17]```
loop invariant y <= 1000000;
loop invariant y >= 0;
```
----------------------------
-------------Establishment_requires: i_3: establishment---------------
----------Prompt----------

//terminator_03_true-unreach-call_true-termination.c

/*@
    requires y <= 1000000;
*/
int svcomp_20(int x, int y) {

	if (y > 0) {
        // Loop A
		/*@
            [Hint] Loop invariant x == y - 100 * x too strong initially. Relax it.

            loop invariant i_0: y <= 1000000;

            loop invariant i_1: y >= 0;

            loop invariant i_2: x < 100 && y > 0;

            loop invariant i_3: x == y - 100 * x;

            loop invariant i_4: y <= 0 || x >= 100;

            loop invariant i_5: x < 100;

            loop invariant i_6: y > 0 || x >= 100;

            loop invariant i_7: x + y == y - 100 * x;

            loop invariant i_8: x < 100 || y == 0;


            loop assigns y;
            loop assigns x;
		*/
		while (x < 100) {
			x = x + y;
		}
	}
	
	//@ assert y <= 0 || (y > 0 && x >= 100);

	return 0;
}

You are an expert in deductive program verification using ACSL and Frama-C.
The following loop invariant of the loop labeled "A" cannot be established from the function's `requires` clauses:
[Unprovable Initial Invariant] x == y - 100 * x
This means the loop invariant is too strong at the loop entry, violating the establishment condition of loop correctness.  
Your task is to relax or weaken the loop invariant at the position marked by: "[Hint] Loop invariant too strong initially. Relax it."
IMPORTANT RULES:
1. The relaxed invariants must still hold:
   - Establishment: They must be provable solely from the function's requires clauses and the program state before entering the loop.
   - Preservation: after executing the loop body exactly once, the invariant still holds.
   - Zero-iteration case: the invariant is valid even if the loop never executes.
2. Do NOT restate or print any of the existing loop invariants.  
   Only output the modified (weakened) invariants necessary to make the establishment step succeed.
3. Your answer must be solely in the form:
   ```
   loop invariant ...;
   loop invariant ...;
   ...
   ```
4. All invariants must follow ACSL syntax and be valid loop invariants.
5. No explanation. No commentary. Just show me the loop invariant.
 /no_think
--------------------------
----------Response----------
[unused16][unused17]```
loop invariant y <= 1000000;
loop invariant y >= 0;
loop invariant x < 100 && y > 0;
loop invariant x == y - 100 * x;
loop invariant y <= 0 || x >= 100;
loop invariant x < 100 || y == 0;
```
----------------------------
--------------------------------
------------Invariant Info-----------
LOOP A:
i_0: y <= 1000000
i_1: y >= 0
i_2: x < 100 && y > 0
i_3: x == y - 100 * x
i_4: y <= 0 || x >= 100
i_5: x < 100
i_6: y > 0 || x >= 100
i_7: x + y == y - 100 * x
i_8: x < 100 || y == 0
------------------------------------
----------Code with Invariants----------
//terminator_03_true-unreach-call_true-termination.c

/*@
    requires y <= 1000000;
*/
int svcomp_20(int x, int y) {

	if (y > 0) {
        // Loop A
		/*@
            loop invariant i_0: y <= 1000000;

            loop invariant i_1: y >= 0;

            loop invariant i_2: x < 100 && y > 0;

            loop invariant i_3: x == y - 100 * x;

            loop invariant i_4: y <= 0 || x >= 100;

            loop invariant i_5: x < 100;

            loop invariant i_6: y > 0 || x >= 100;

            loop invariant i_7: x + y == y - 100 * x;

            loop invariant i_8: x < 100 || y == 0;


            loop assigns y;
            loop assigns x;
		*/
		while (x < 100) {
			x = x + y;
		}
	}
	
	//@ assert y <= 0 || (y > 0 && x >= 100);

	return 0;
}

----------------------------------------
----------Begin Revise----------
-------------Establishment_requires: i_2: establishment---------------
----------Prompt----------

//terminator_03_true-unreach-call_true-termination.c

/*@
    requires y <= 1000000;
*/
int svcomp_20(int x, int y) {

	if (y > 0) {
        // Loop A
		/*@
            [Hint] Loop invariant x < 100 && y > 0 too strong initially. Relax it.

            loop invariant i_0: y <= 1000000;

            loop invariant i_1: y >= 0;

            loop invariant i_2: x < 100 && y > 0;

            loop invariant i_3: x == y - 100 * x;

            loop invariant i_4: y <= 0 || x >= 100;

            loop invariant i_5: x < 100;

            loop invariant i_6: y > 0 || x >= 100;

            loop invariant i_7: x + y == y - 100 * x;

            loop invariant i_8: x < 100 || y == 0;


            loop assigns y;
            loop assigns x;
		*/
		while (x < 100) {
			x = x + y;
		}
	}
	
	//@ assert y <= 0 || (y > 0 && x >= 100);

	return 0;
}

You are an expert in deductive program verification using ACSL and Frama-C.
The following loop invariant of the loop labeled "A" cannot be established from the function's `requires` clauses:
[Unprovable Initial Invariant] x < 100 && y > 0
This means the loop invariant is too strong at the loop entry, violating the establishment condition of loop correctness.  
Your task is to relax or weaken the loop invariant at the position marked by: "[Hint] Loop invariant too strong initially. Relax it."
IMPORTANT RULES:
1. The relaxed invariants must still hold:
   - Establishment: They must be provable solely from the function's requires clauses and the program state before entering the loop.
   - Preservation: after executing the loop body exactly once, the invariant still holds.
   - Zero-iteration case: the invariant is valid even if the loop never executes.
2. Do NOT restate or print any of the existing loop invariants.  
   Only output the modified (weakened) invariants necessary to make the establishment step succeed.
3. Your answer must be solely in the form:
   ```
   loop invariant ...;
   loop invariant ...;
   ...
   ```
4. All invariants must follow ACSL syntax and be valid loop invariants.
5. No explanation. No commentary. Just show me the loop invariant.
 /no_think
--------------------------
----------Response----------
[unused16][unused17]```
loop invariant x < 100 && y > 0;
loop invariant y <= 1000000;
```
----------------------------
-------------Establishment_requires: i_4: establishment---------------
----------Prompt----------

//terminator_03_true-unreach-call_true-termination.c

/*@
    requires y <= 1000000;
*/
int svcomp_20(int x, int y) {

	if (y > 0) {
        // Loop A
		/*@
            [Hint] Loop invariant y <= 0 || x >= 100 too strong initially. Relax it.

            loop invariant i_0: y <= 1000000;

            loop invariant i_1: y >= 0;

            loop invariant i_2: x < 100 && y > 0;

            loop invariant i_3: x == y - 100 * x;

            loop invariant i_4: y <= 0 || x >= 100;

            loop invariant i_5: x < 100;

            loop invariant i_6: y > 0 || x >= 100;

            loop invariant i_7: x + y == y - 100 * x;

            loop invariant i_8: x < 100 || y == 0;


            loop assigns y;
            loop assigns x;
		*/
		while (x < 100) {
			x = x + y;
		}
	}
	
	//@ assert y <= 0 || (y > 0 && x >= 100);

	return 0;
}

You are an expert in deductive program verification using ACSL and Frama-C.
The following loop invariant of the loop labeled "A" cannot be established from the function's `requires` clauses:
[Unprovable Initial Invariant] y <= 0 || x >= 100
This means the loop invariant is too strong at the loop entry, violating the establishment condition of loop correctness.  
Your task is to relax or weaken the loop invariant at the position marked by: "[Hint] Loop invariant too strong initially. Relax it."
IMPORTANT RULES:
1. The relaxed invariants must still hold:
   - Establishment: They must be provable solely from the function's requires clauses and the program state before entering the loop.
   - Preservation: after executing the loop body exactly once, the invariant still holds.
   - Zero-iteration case: the invariant is valid even if the loop never executes.
2. Do NOT restate or print any of the existing loop invariants.  
   Only output the modified (weakened) invariants necessary to make the establishment step succeed.
3. Your answer must be solely in the form:
   ```
   loop invariant ...;
   loop invariant ...;
   ...
   ```
4. All invariants must follow ACSL syntax and be valid loop invariants.
5. No explanation. No commentary. Just show me the loop invariant.
 /no_think
--------------------------
----------Response----------
[unused16][unused17]```
loop invariant y <= 1000000;
loop invariant y >= 0;
loop invariant x < 100 && y > 0;
loop invariant y <= 0 || x >= 100;
loop invariant x < 100;
loop invariant y > 0 || x >= 100;
loop invariant x + y == y - 100 * x;
loop invariant x < 100 || y == 0;
```
----------------------------
-------------Establishment_requires: i_3: establishment---------------
----------Prompt----------

//terminator_03_true-unreach-call_true-termination.c

/*@
    requires y <= 1000000;
*/
int svcomp_20(int x, int y) {

	if (y > 0) {
        // Loop A
		/*@
            [Hint] Loop invariant x == y - 100 * x too strong initially. Relax it.

            loop invariant i_0: y <= 1000000;

            loop invariant i_1: y >= 0;

            loop invariant i_2: x < 100 && y > 0;

            loop invariant i_3: x == y - 100 * x;

            loop invariant i_4: y <= 0 || x >= 100;

            loop invariant i_5: x < 100;

            loop invariant i_6: y > 0 || x >= 100;

            loop invariant i_7: x + y == y - 100 * x;

            loop invariant i_8: x < 100 || y == 0;


            loop assigns y;
            loop assigns x;
		*/
		while (x < 100) {
			x = x + y;
		}
	}
	
	//@ assert y <= 0 || (y > 0 && x >= 100);

	return 0;
}

You are an expert in deductive program verification using ACSL and Frama-C.
The following loop invariant of the loop labeled "A" cannot be established from the function's `requires` clauses:
[Unprovable Initial Invariant] x == y - 100 * x
This means the loop invariant is too strong at the loop entry, violating the establishment condition of loop correctness.  
Your task is to relax or weaken the loop invariant at the position marked by: "[Hint] Loop invariant too strong initially. Relax it."
IMPORTANT RULES:
1. The relaxed invariants must still hold:
   - Establishment: They must be provable solely from the function's requires clauses and the program state before entering the loop.
   - Preservation: after executing the loop body exactly once, the invariant still holds.
   - Zero-iteration case: the invariant is valid even if the loop never executes.
2. Do NOT restate or print any of the existing loop invariants.  
   Only output the modified (weakened) invariants necessary to make the establishment step succeed.
3. Your answer must be solely in the form:
   ```
   loop invariant ...;
   loop invariant ...;
   ...
   ```
4. All invariants must follow ACSL syntax and be valid loop invariants.
5. No explanation. No commentary. Just show me the loop invariant.
 /no_think
--------------------------
----------Response----------
[unused16][unused17]```
loop invariant y <= 1000000;
loop invariant y >= 0;
loop invariant x < 100 && y > 0;
loop invariant x == y - 100 * x;
loop invariant y <= 0 || x >= 100;
loop invariant x < 100 || y == 0;
```
----------------------------
--------------------------------
------------Invariant Info-----------
LOOP A:
i_0: y <= 1000000
i_1: y >= 0
i_2: x < 100 && y > 0
i_3: x == y - 100 * x
i_4: y <= 0 || x >= 100
i_5: x < 100
i_6: y > 0 || x >= 100
i_7: x + y == y - 100 * x
i_8: x < 100 || y == 0
------------------------------------
----------Code with Invariants----------
//terminator_03_true-unreach-call_true-termination.c

/*@
    requires y <= 1000000;
*/
int svcomp_20(int x, int y) {

	if (y > 0) {
        // Loop A
		/*@
            loop invariant i_0: y <= 1000000;

            loop invariant i_1: y >= 0;

            loop invariant i_2: x < 100 && y > 0;

            loop invariant i_3: x == y - 100 * x;

            loop invariant i_4: y <= 0 || x >= 100;

            loop invariant i_5: x < 100;

            loop invariant i_6: y > 0 || x >= 100;

            loop invariant i_7: x + y == y - 100 * x;

            loop invariant i_8: x < 100 || y == 0;


            loop assigns y;
            loop assigns x;
		*/
		while (x < 100) {
			x = x + y;
		}
	}
	
	//@ assert y <= 0 || (y > 0 && x >= 100);

	return 0;
}

----------------------------------------
----------Begin Revise----------
-------------Establishment_requires: i_4: establishment---------------
----------Prompt----------

//terminator_03_true-unreach-call_true-termination.c

/*@
    requires y <= 1000000;
*/
int svcomp_20(int x, int y) {

	if (y > 0) {
        // Loop A
		/*@
            [Hint] Loop invariant y <= 0 || x >= 100 too strong initially. Relax it.

            loop invariant i_0: y <= 1000000;

            loop invariant i_1: y >= 0;

            loop invariant i_2: x < 100 && y > 0;

            loop invariant i_3: x == y - 100 * x;

            loop invariant i_4: y <= 0 || x >= 100;

            loop invariant i_5: x < 100;

            loop invariant i_6: y > 0 || x >= 100;

            loop invariant i_7: x + y == y - 100 * x;

            loop invariant i_8: x < 100 || y == 0;


            loop assigns y;
            loop assigns x;
		*/
		while (x < 100) {
			x = x + y;
		}
	}
	
	//@ assert y <= 0 || (y > 0 && x >= 100);

	return 0;
}

You are an expert in deductive program verification using ACSL and Frama-C.
The following loop invariant of the loop labeled "A" cannot be established from the function's `requires` clauses:
[Unprovable Initial Invariant] y <= 0 || x >= 100
This means the loop invariant is too strong at the loop entry, violating the establishment condition of loop correctness.  
Your task is to relax or weaken the loop invariant at the position marked by: "[Hint] Loop invariant too strong initially. Relax it."
IMPORTANT RULES:
1. The relaxed invariants must still hold:
   - Establishment: They must be provable solely from the function's requires clauses and the program state before entering the loop.
   - Preservation: after executing the loop body exactly once, the invariant still holds.
   - Zero-iteration case: the invariant is valid even if the loop never executes.
2. Do NOT restate or print any of the existing loop invariants.  
   Only output the modified (weakened) invariants necessary to make the establishment step succeed.
3. Your answer must be solely in the form:
   ```
   loop invariant ...;
   loop invariant ...;
   ...
   ```
4. All invariants must follow ACSL syntax and be valid loop invariants.
5. No explanation. No commentary. Just show me the loop invariant.
 /no_think
--------------------------
----------Response----------
[unused16][unused17]```
loop invariant i_0: y <= 1000000;
loop invariant i_1: y >= 0;
loop invariant i_2: x < 100 || y == 0;
loop invariant i_3: x + y == y - 100 * x;
```
----------------------------
-------------Establishment_requires: i_3: establishment---------------
----------Prompt----------

//terminator_03_true-unreach-call_true-termination.c

/*@
    requires y <= 1000000;
*/
int svcomp_20(int x, int y) {

	if (y > 0) {
        // Loop A
		/*@
            [Hint] Loop invariant x == y - 100 * x too strong initially. Relax it.

            loop invariant i_0: y <= 1000000;

            loop invariant i_1: y >= 0;

            loop invariant i_2: x < 100 && y > 0;

            loop invariant i_3: x == y - 100 * x;

            loop invariant i_4: y <= 0 || x >= 100;

            loop invariant i_5: x < 100;

            loop invariant i_6: y > 0 || x >= 100;

            loop invariant i_7: x + y == y - 100 * x;

            loop invariant i_8: x < 100 || y == 0;


            loop assigns y;
            loop assigns x;
		*/
		while (x < 100) {
			x = x + y;
		}
	}
	
	//@ assert y <= 0 || (y > 0 && x >= 100);

	return 0;
}

You are an expert in deductive program verification using ACSL and Frama-C.
The following loop invariant of the loop labeled "A" cannot be established from the function's `requires` clauses:
[Unprovable Initial Invariant] x == y - 100 * x
This means the loop invariant is too strong at the loop entry, violating the establishment condition of loop correctness.  
Your task is to relax or weaken the loop invariant at the position marked by: "[Hint] Loop invariant too strong initially. Relax it."
IMPORTANT RULES:
1. The relaxed invariants must still hold:
   - Establishment: They must be provable solely from the function's requires clauses and the program state before entering the loop.
   - Preservation: after executing the loop body exactly once, the invariant still holds.
   - Zero-iteration case: the invariant is valid even if the loop never executes.
2. Do NOT restate or print any of the existing loop invariants.  
   Only output the modified (weakened) invariants necessary to make the establishment step succeed.
3. Your answer must be solely in the form:
   ```
   loop invariant ...;
   loop invariant ...;
   ...
   ```
4. All invariants must follow ACSL syntax and be valid loop invariants.
5. No explanation. No commentary. Just show me the loop invariant.
 /no_think
--------------------------
----------Response----------
[unused16][unused17]```
loop invariant y <= 1000000;
loop invariant y >= 0;
loop invariant x < 100;
loop invariant x + y == y - 100 * x;
```
----------------------------
-------------Establishment_requires: i_2: establishment---------------
----------Prompt----------

//terminator_03_true-unreach-call_true-termination.c

/*@
    requires y <= 1000000;
*/
int svcomp_20(int x, int y) {

	if (y > 0) {
        // Loop A
		/*@
            [Hint] Loop invariant x < 100 && y > 0 too strong initially. Relax it.

            loop invariant i_0: y <= 1000000;

            loop invariant i_1: y >= 0;

            loop invariant i_2: x < 100 && y > 0;

            loop invariant i_3: x == y - 100 * x;

            loop invariant i_4: y <= 0 || x >= 100;

            loop invariant i_5: x < 100;

            loop invariant i_6: y > 0 || x >= 100;

            loop invariant i_7: x + y == y - 100 * x;

            loop invariant i_8: x < 100 || y == 0;


            loop assigns y;
            loop assigns x;
		*/
		while (x < 100) {
			x = x + y;
		}
	}
	
	//@ assert y <= 0 || (y > 0 && x >= 100);

	return 0;
}

You are an expert in deductive program verification using ACSL and Frama-C.
The following loop invariant of the loop labeled "A" cannot be established from the function's `requires` clauses:
[Unprovable Initial Invariant] x < 100 && y > 0
This means the loop invariant is too strong at the loop entry, violating the establishment condition of loop correctness.  
Your task is to relax or weaken the loop invariant at the position marked by: "[Hint] Loop invariant too strong initially. Relax it."
IMPORTANT RULES:
1. The relaxed invariants must still hold:
   - Establishment: They must be provable solely from the function's requires clauses and the program state before entering the loop.
   - Preservation: after executing the loop body exactly once, the invariant still holds.
   - Zero-iteration case: the invariant is valid even if the loop never executes.
2. Do NOT restate or print any of the existing loop invariants.  
   Only output the modified (weakened) invariants necessary to make the establishment step succeed.
3. Your answer must be solely in the form:
   ```
   loop invariant ...;
   loop invariant ...;
   ...
   ```
4. All invariants must follow ACSL syntax and be valid loop invariants.
5. No explanation. No commentary. Just show me the loop invariant.
 /no_think
--------------------------
----------Response----------
[unused16][unused17]```
loop invariant i_0: y <= 1000000;
loop invariant i_1: y >= 0;
loop invariant i_2: x < 100 || y == 0;
loop invariant i_3: x + y == y - 100 * x;
```
----------------------------
--------------------------------
------------Invariant Info-----------
LOOP A:
i_0: y <= 1000000
i_1: y >= 0
i_2: x < 100 && y > 0
i_3: x == y - 100 * x
i_4: y <= 0 || x >= 100
i_5: x < 100
i_6: y > 0 || x >= 100
i_7: x + y == y - 100 * x
i_8: x < 100 || y == 0
------------------------------------
----------Code with Invariants----------
//terminator_03_true-unreach-call_true-termination.c

/*@
    requires y <= 1000000;
*/
int svcomp_20(int x, int y) {

	if (y > 0) {
        // Loop A
		/*@
            loop invariant i_0: y <= 1000000;

            loop invariant i_1: y >= 0;

            loop invariant i_2: x < 100 && y > 0;

            loop invariant i_3: x == y - 100 * x;

            loop invariant i_4: y <= 0 || x >= 100;

            loop invariant i_5: x < 100;

            loop invariant i_6: y > 0 || x >= 100;

            loop invariant i_7: x + y == y - 100 * x;

            loop invariant i_8: x < 100 || y == 0;


            loop assigns y;
            loop assigns x;
		*/
		while (x < 100) {
			x = x + y;
		}
	}
	
	//@ assert y <= 0 || (y > 0 && x >= 100);

	return 0;
}

----------------------------------------
----------Begin Revise----------
--------------------------------
------------Invariant Info-----------
LOOP A:
i_0: y <= 1000000
i_1: y >= 0
i_5: x < 100
i_6: y > 0 || x >= 100
i_7: x + y == y - 100 * x
i_8: x < 100 || y == 0
------------------------------------
----------Code with Invariants----------
//terminator_03_true-unreach-call_true-termination.c

/*@
    requires y <= 1000000;
*/
int svcomp_20(int x, int y) {

	if (y > 0) {
        // Loop A
		/*@
            loop invariant i_0: y <= 1000000;

            loop invariant i_1: y >= 0;

            loop invariant i_5: x < 100;

            loop invariant i_6: y > 0 || x >= 100;

            loop invariant i_7: x + y == y - 100 * x;

            loop invariant i_8: x < 100 || y == 0;


            loop assigns y;
            loop assigns x;
		*/
		while (x < 100) {
			x = x + y;
		}
	}
	
	//@ assert y <= 0 || (y > 0 && x >= 100);

	return 0;
}

----------------------------------------
----------Begin Revise----------
--------------------------------
------------Invariant Info-----------
LOOP A:
i_0: y <= 1000000
i_1: y >= 0
i_6: y > 0 || x >= 100
i_8: x < 100 || y == 0
------------------------------------
----------Code with Invariants----------
//terminator_03_true-unreach-call_true-termination.c

/*@
    requires y <= 1000000;
*/
int svcomp_20(int x, int y) {

	if (y > 0) {
        // Loop A
		/*@
            loop invariant i_0: y <= 1000000;

            loop invariant i_1: y >= 0;

            loop invariant i_6: y > 0 || x >= 100;

            loop invariant i_8: x < 100 || y == 0;


            loop assigns y;
            loop assigns x;
		*/
		while (x < 100) {
			x = x + y;
		}
	}
	
	//@ assert y <= 0 || (y > 0 && x >= 100);

	return 0;
}

----------------------------------------
----------Begin Revise----------
--------------------------------
------------Invariant Info-----------
LOOP A:
i_0: y <= 1000000
i_1: y >= 0
i_6: y > 0 || x >= 100
------------------------------------
----------Code with Invariants----------
//terminator_03_true-unreach-call_true-termination.c

/*@
    requires y <= 1000000;
*/
int svcomp_20(int x, int y) {

	if (y > 0) {
        // Loop A
		/*@
            loop invariant i_0: y <= 1000000;

            loop invariant i_1: y >= 0;

            loop invariant i_6: y > 0 || x >= 100;


            loop assigns y;
            loop assigns x;
		*/
		while (x < 100) {
			x = x + y;
		}
	}
	
	//@ assert y <= 0 || (y > 0 && x >= 100);

	return 0;
}

----------------------------------------
---------Result---------
Success
Model: openPangu-Embedded-7B-V1.1
Running time: 220.26596450805664
Proposal number: 10
Verified code:
//terminator_03_true-unreach-call_true-termination.c

/*@
    requires y <= 1000000;
*/
int svcomp_20(int x, int y) {

	if (y > 0) {
        // Loop A
		/*@
            loop invariant i_0: y <= 1000000;

            loop invariant i_1: y >= 0;

            loop invariant i_6: y > 0 || x >= 100;


            loop assigns y;
            loop assigns x;
		*/
		while (x < 100) {
			x = x + y;
		}
	}
	
	//@ assert y <= 0 || (y > 0 && x >= 100);

	return 0;
}

------------------------
