-----------Model-----------
Model type:
PanguEmbeddedForCausalLM(
  (model): PanguEmbeddedModel(
    (embed_tokens): Embedding(153376, 4096, padding_idx=0)
    (layers): ModuleList(
      (0-33): 34 x PanguEmbeddedDecoderLayer(
        (self_attn): PanguEmbeddedAttention(
          (q_proj): Linear(in_features=4096, out_features=4096, bias=True)
          (k_proj): Linear(in_features=4096, out_features=1024, bias=True)
          (v_proj): Linear(in_features=4096, out_features=1024, bias=True)
          (o_proj): Linear(in_features=4096, out_features=4096, bias=True)
        )
        (mlp): PanguEmbeddedMLP(
          (gate_proj): Linear(in_features=4096, out_features=12800, bias=False)
          (up_proj): Linear(in_features=4096, out_features=12800, bias=False)
          (down_proj): Linear(in_features=12800, out_features=4096, bias=False)
          (act_fn): SiLU()
        )
        (input_layernorm): PanguEmbeddedRMSNorm((4096,), eps=1e-05)
        (post_attention_layernorm): PanguEmbeddedRMSNorm((4096,), eps=1e-05)
      )
    )
    (norm): PanguEmbeddedRMSNorm((4096,), eps=1e-05)
    (rotary_emb): PanguEmbeddedRotaryEmbedding()
  )
  (lm_head): Linear(in_features=4096, out_features=153376, bias=False)
)
Model device:
npu:1
---------------------------
File Path: ../Benchmark/OOPSLA/oopsla_12.c
----------Code----------
int unknown1();
int unknown2();


void oopsla_12(int flag){
    int t = 0;
    int s = 0;
    int a = 0;
    int b = 0;
    /*@
        loop assigns t;
        loop assigns s;
        loop assigns b;
        loop assigns a;
    */
    while(unknown1()) {
        a++;
        b++;
        s += a;
        t += b;
        if(flag) {
            t += a;
        }
    } 

    int x = 1;
    if(flag) {
        x = t - 2*s + 2;
    }
    int y = 0;

    /*@
        loop assigns y;
    */
    while(y <= x){
        if(unknown2()) {
            y++;
        }
        else{ 
            y += 2;
    
        }
    }

    //@ assert  a_1: y <= 4;
}


------------------------
========== Attempt 1 ==========
----------Prompt----------

int unknown1();
int unknown2();


void oopsla_12(int flag){
    int t = 0;
    int s = 0;
    int a = 0;
    int b = 0;
    // Loop A
    /*@
        [Hint] Please infer the loop invariant for the following loop.

        loop assigns t;
        loop assigns s;
        loop assigns b;
        loop assigns a;
    */
    while(unknown1()) {
        a++;
        b++;
        s += a;
        t += b;
        if(flag) {
            t += a;
        }
    } 

    int x = 1;
    if(flag) {
        x = t - 2*s + 2;
    }
    int y = 0;

    // Loop B
    /*@
        loop assigns y;
    */
    while(y <= x){
        if(unknown2()) {
            y++;
        }
        else{ 
            y += 2;
    
        }
    }

    //@ assert  a_1: y <= 4;
}


You are an expert in program verification, and please generate loop invariant as C annotation comments at the hint location (annotated by "[Hint] Please infer the loop invariant for the following loop.") using ACSL language.
ACSL is a specification language for C programs that conforms to the design by contract paradigm, utilizing Hoare style pre- and postconditions and invariants. Note that the `loop invariant` clause is a condition that is true at the beginning and end of every loop iteration.
Specifically, for the current verification task:
    - Pre-condition: the function's `requires` clauses
    - Post-condition: 
Please verify that the generated loop invariant is consistent with these constraints. If these specific pre- or post-conditions are not provided or empty, please infer the loop invariant strictly based on the program's execution logic and standard correctness.
In order to get a correct answer, You may want to consider both the situation of not entering the loop and the situation of jumping out of the loop. If some of the pre-conditions are also loop invariant, you need to add them to your answer as well.
Use '&&', '||', '==>', '\forall' or '\exists' if necessary. For instance:
```
loop invariant 1 <= x;
loop invariant x == y;
loop invariant 0 < x ==> y <= z;
loop invariant z % 2 == 1 || x == y;
loop invariant z % 2 == 1 && x <= y;
loop invariant \forall integer k;  0 <= k < i ==> max >=  a[k];
loop invariant \exists integer k;  0 <= k < i &&  max == a[k];
loop invariant \forall integer p; 0 <= p < \at(k, End_l) ==> res[p] == \at(res[p], End_l);
```
Your answer should follow the following format:
```
loop invariant ...;
loop invariant ...;
...
```
No explanation. No commentary. Just show me the loop invariant.
 /no_think
--------------------------
----------Response----------
[unused16][unused17][Loop <Loop A>]
loop invariant 0 <= t && 0 <= s && 0 <= a && 0 <= b;

[Loop <Loop B>]
loop invariant 0 <= y && y == x - 2*s + 2 && 0 <= t && t == a + b;

[Loop <Loop A>]
loop invariant 0 <= t && 0 <= s && 0 <= a && 0 <= b;

[Loop <Loop B>]
loop invariant 0 <= y && y == x - 2*s + 2 && 0 <= t && t == a + b;
----------------------------
----------Prompt----------

int unknown1();
int unknown2();


void oopsla_12(int flag){
    int t = 0;
    int s = 0;
    int a = 0;
    int b = 0;
    // Loop A
    /*@
        loop invariant i_0: 0 <= t && 0 <= s && 0 <= a && 0 <= b;

        loop invariant i_1: 0 <= y && y == x - 2*s + 2 && 0 <= t && t == a + b;


        loop assigns t;
        loop assigns s;
        loop assigns b;
        loop assigns a;
    */
    while(unknown1()) {
        a++;
        b++;
        s += a;
        t += b;
        if(flag) {
            t += a;
        }
    } 

    int x = 1;
    if(flag) {
        x = t - 2*s + 2;
    }
    int y = 0;

    // Loop B
    /*@
        [Hint] Please infer the loop invariant for the following loop.

        loop assigns y;
    */
    while(y <= x){
        if(unknown2()) {
            y++;
        }
        else{ 
            y += 2;
    
        }
    }

    //@ assert  a_1: y <= 4;
}


You are an expert in program verification, and please generate loop invariant as C annotation comments at the hint location (annotated by "[Hint] Please infer the loop invariant for the following loop.") using ACSL language.
ACSL is a specification language for C programs that conforms to the design by contract paradigm, utilizing Hoare style pre- and postconditions and invariants. Note that the `loop invariant` clause is a condition that is true at the beginning and end of every loop iteration.
Specifically, for the current verification task:
    - Pre-condition: i_0:0 <= t && 0 <= s && 0 <= a && 0 <= b; i_1:0 <= y && y == x - 2*s + 2 && 0 <= t && t == a + b; 
    - Post-condition: a_1:y <= 4; 
Please verify that the generated loop invariant is consistent with these constraints. If these specific pre- or post-conditions are not provided or empty, please infer the loop invariant strictly based on the program's execution logic and standard correctness.
In order to get a correct answer, You may want to consider both the situation of not entering the loop and the situation of jumping out of the loop. If some of the pre-conditions are also loop invariant, you need to add them to your answer as well.
Use '&&', '||', '==>', '\forall' or '\exists' if necessary. For instance:
```
loop invariant 1 <= x;
loop invariant x == y;
loop invariant 0 < x ==> y <= z;
loop invariant z % 2 == 1 || x == y;
loop invariant z % 2 == 1 && x <= y;
loop invariant \forall integer k;  0 <= k < i ==> max >=  a[k];
loop invariant \exists integer k;  0 <= k < i &&  max == a[k];
loop invariant \forall integer p; 0 <= p < \at(k, End_l) ==> res[p] == \at(res[p], End_l);
```
Your answer should follow the following format:
```
loop invariant ...;
loop invariant ...;
...
```
No explanation. No commentary. Just show me the loop invariant.
 /no_think
--------------------------
----------Response----------
[unused16][unused17][Loop <Loop B>]
loop invariant 0 <= y && y <= x;

[Loop <Loop A>]
loop invariant 0 <= t && 0 <= s && 0 <= a && 0 <= b && 0 <= y && y <= x;

loop invariant 0 <= t && 0 <= s && 0 <= a && 0 <= b && 0 <= y && y <= x;

[Loop <Loop B>]
loop invariant 0 <= y && y <= x;

[Loop <Loop A>]
loop invariant 0 <= t && 0 <= s && 0 <= a && 0 <= b && 0 <= y && y <= x;

[Loop <Loop B>]
loop invariant 0 <= y && y <= x;

[Loop <Loop A>]
loop invariant 0 <= t && 0 <= s && 0 <= a && 0 <= b && 0 <= y && y <= x;

[Loop <Loop B>]
loop invariant 0 <= y && y <= x;
----------------------------
------------Invariant Info-----------
LOOP A:
i_0: 0 <= t && 0 <= s && 0 <= a && 0 <= b
i_1: 0 <= y && y == x - 2*s + 2 && 0 <= t && t == a + b
LOOP B:
i_2: 0 <= y && y <= x
i_3: 0 <= t && 0 <= s && 0 <= a && 0 <= b && 0 <= y && y <= x
------------------------------------
---------- Code with Invariants ----------
int unknown1();
int unknown2();


void oopsla_12(int flag){
    int t = 0;
    int s = 0;
    int a = 0;
    int b = 0;
    // Loop A
    /*@
        loop invariant i_0: 0 <= t && 0 <= s && 0 <= a && 0 <= b;

        loop invariant i_1: 0 <= y && y == x - 2*s + 2 && 0 <= t && t == a + b;


        loop assigns t;
        loop assigns s;
        loop assigns b;
        loop assigns a;
    */
    while(unknown1()) {
        a++;
        b++;
        s += a;
        t += b;
        if(flag) {
            t += a;
        }
    } 

    int x = 1;
    if(flag) {
        x = t - 2*s + 2;
    }
    int y = 0;

    // Loop B
    /*@
        loop invariant i_2: 0 <= y && y <= x;

        loop invariant i_3: 0 <= t && 0 <= s && 0 <= a && 0 <= b && 0 <= y && y <= x;


        loop assigns y;
    */
    while(y <= x){
        if(unknown2()) {
            y++;
        }
        else{ 
            y += 2;
    
        }
    }

    //@ assert  a_1: y <= 4;
}


------------------------------------------
Verification failed (Invalid), removing all invariants and retrying.
========== Attempt 2 ==========
----------Prompt----------

int unknown1();
int unknown2();


void oopsla_12(int flag){
    int t = 0;
    int s = 0;
    int a = 0;
    int b = 0;
    // Loop A
    /*@
        [Hint] Please infer the loop invariant for the following loop.

        loop assigns t;
        loop assigns s;
        loop assigns b;
        loop assigns a;
    */
    while(unknown1()) {
        a++;
        b++;
        s += a;
        t += b;
        if(flag) {
            t += a;
        }
    } 

    int x = 1;
    if(flag) {
        x = t - 2*s + 2;
    }
    int y = 0;

    // Loop B
    /*@
        loop assigns y;
    */
    while(y <= x){
        if(unknown2()) {
            y++;
        }
        else{ 
            y += 2;
    
        }
    }

    //@ assert  a_1: y <= 4;
}


You are an expert in program verification, and please generate loop invariant as C annotation comments at the hint location (annotated by "[Hint] Please infer the loop invariant for the following loop.") using ACSL language.
ACSL is a specification language for C programs that conforms to the design by contract paradigm, utilizing Hoare style pre- and postconditions and invariants. Note that the `loop invariant` clause is a condition that is true at the beginning and end of every loop iteration.
Specifically, for the current verification task:
    - Pre-condition: the function's `requires` clauses
    - Post-condition: 
Please verify that the generated loop invariant is consistent with these constraints. If these specific pre- or post-conditions are not provided or empty, please infer the loop invariant strictly based on the program's execution logic and standard correctness.
In order to get a correct answer, You may want to consider both the situation of not entering the loop and the situation of jumping out of the loop. If some of the pre-conditions are also loop invariant, you need to add them to your answer as well.
Use '&&', '||', '==>', '\forall' or '\exists' if necessary. For instance:
```
loop invariant 1 <= x;
loop invariant x == y;
loop invariant 0 < x ==> y <= z;
loop invariant z % 2 == 1 || x == y;
loop invariant z % 2 == 1 && x <= y;
loop invariant \forall integer k;  0 <= k < i ==> max >=  a[k];
loop invariant \exists integer k;  0 <= k < i &&  max == a[k];
loop invariant \forall integer p; 0 <= p < \at(k, End_l) ==> res[p] == \at(res[p], End_l);
```
Your answer should follow the following format:
```
loop invariant ...;
loop invariant ...;
...
```
No explanation. No commentary. Just show me the loop invariant.
 /no_think
--------------------------
----------Response----------
[unused16][unused17][Loop <Loop A>]
loop invariant t == b;
loop invariant s == a;
loop invariant s + a <= t;
loop invariant t - b >= 0;
```
[Loop <Loop B>]
loop invariant y <= x;
```
----------------------------
----------Prompt----------

int unknown1();
int unknown2();


void oopsla_12(int flag){
    int t = 0;
    int s = 0;
    int a = 0;
    int b = 0;
    // Loop A
    /*@
        loop invariant i_4: t == b;

        loop invariant i_5: s == a;

        loop invariant i_6: s + a <= t;

        loop invariant i_7: t - b >= 0;

        loop invariant i_8: y <= x;


        loop assigns t;
        loop assigns s;
        loop assigns b;
        loop assigns a;
    */
    while(unknown1()) {
        a++;
        b++;
        s += a;
        t += b;
        if(flag) {
            t += a;
        }
    } 

    int x = 1;
    if(flag) {
        x = t - 2*s + 2;
    }
    int y = 0;

    // Loop B
    /*@
        [Hint] Please infer the loop invariant for the following loop.

        loop assigns y;
    */
    while(y <= x){
        if(unknown2()) {
            y++;
        }
        else{ 
            y += 2;
    
        }
    }

    //@ assert  a_1: y <= 4;
}


You are an expert in program verification, and please generate loop invariant as C annotation comments at the hint location (annotated by "[Hint] Please infer the loop invariant for the following loop.") using ACSL language.
ACSL is a specification language for C programs that conforms to the design by contract paradigm, utilizing Hoare style pre- and postconditions and invariants. Note that the `loop invariant` clause is a condition that is true at the beginning and end of every loop iteration.
Specifically, for the current verification task:
    - Pre-condition: i_4:t == b; i_5:s == a; i_6:s + a <= t; i_7:t - b >= 0; i_8:y <= x; 
    - Post-condition: a_1:y <= 4; 
Please verify that the generated loop invariant is consistent with these constraints. If these specific pre- or post-conditions are not provided or empty, please infer the loop invariant strictly based on the program's execution logic and standard correctness.
In order to get a correct answer, You may want to consider both the situation of not entering the loop and the situation of jumping out of the loop. If some of the pre-conditions are also loop invariant, you need to add them to your answer as well.
Use '&&', '||', '==>', '\forall' or '\exists' if necessary. For instance:
```
loop invariant 1 <= x;
loop invariant x == y;
loop invariant 0 < x ==> y <= z;
loop invariant z % 2 == 1 || x == y;
loop invariant z % 2 == 1 && x <= y;
loop invariant \forall integer k;  0 <= k < i ==> max >=  a[k];
loop invariant \exists integer k;  0 <= k < i &&  max == a[k];
loop invariant \forall integer p; 0 <= p < \at(k, End_l) ==> res[p] == \at(res[p], End_l);
```
Your answer should follow the following format:
```
loop invariant ...;
loop invariant ...;
...
```
No explanation. No commentary. Just show me the loop invariant.
 /no_think
--------------------------
----------Response----------
[unused16][unused17][Loop <Loop A>]
loop invariant t == b && s == a && s + a <= t && t - b >= 0 && y <= x;

[Loop <Loop B>]
loop invariant y == x - 2 * (y - x) % 2 == 0;
----------------------------
------------Invariant Info-----------
LOOP A:
i_4: t == b
i_5: s == a
i_6: s + a <= t
i_7: t - b >= 0
i_8: y <= x
LOOP B:
i_9: t == b && s == a && s + a <= t && t - b >= 0 && y <= x
i_10: y == x - 2 * (y - x) % 2 == 0
------------------------------------
---------- Code with Invariants ----------
int unknown1();
int unknown2();


void oopsla_12(int flag){
    int t = 0;
    int s = 0;
    int a = 0;
    int b = 0;
    // Loop A
    /*@
        loop invariant i_4: t == b;

        loop invariant i_5: s == a;

        loop invariant i_6: s + a <= t;

        loop invariant i_7: t - b >= 0;

        loop invariant i_8: y <= x;


        loop assigns t;
        loop assigns s;
        loop assigns b;
        loop assigns a;
    */
    while(unknown1()) {
        a++;
        b++;
        s += a;
        t += b;
        if(flag) {
            t += a;
        }
    } 

    int x = 1;
    if(flag) {
        x = t - 2*s + 2;
    }
    int y = 0;

    // Loop B
    /*@
        loop invariant i_9: t == b && s == a && s + a <= t && t - b >= 0 && y <= x;

        loop invariant i_10: y == x - 2 * (y - x) % 2 == 0;


        loop assigns y;
    */
    while(y <= x){
        if(unknown2()) {
            y++;
        }
        else{ 
            y += 2;
    
        }
    }

    //@ assert  a_1: y <= 4;
}


------------------------------------------
Verification failed (Invalid), removing all invariants and retrying.
========== Attempt 3 ==========
----------Prompt----------

int unknown1();
int unknown2();


void oopsla_12(int flag){
    int t = 0;
    int s = 0;
    int a = 0;
    int b = 0;
    // Loop A
    /*@
        [Hint] Please infer the loop invariant for the following loop.

        loop assigns t;
        loop assigns s;
        loop assigns b;
        loop assigns a;
    */
    while(unknown1()) {
        a++;
        b++;
        s += a;
        t += b;
        if(flag) {
            t += a;
        }
    } 

    int x = 1;
    if(flag) {
        x = t - 2*s + 2;
    }
    int y = 0;

    // Loop B
    /*@
        loop assigns y;
    */
    while(y <= x){
        if(unknown2()) {
            y++;
        }
        else{ 
            y += 2;
    
        }
    }

    //@ assert  a_1: y <= 4;
}


You are an expert in program verification, and please generate loop invariant as C annotation comments at the hint location (annotated by "[Hint] Please infer the loop invariant for the following loop.") using ACSL language.
ACSL is a specification language for C programs that conforms to the design by contract paradigm, utilizing Hoare style pre- and postconditions and invariants. Note that the `loop invariant` clause is a condition that is true at the beginning and end of every loop iteration.
Specifically, for the current verification task:
    - Pre-condition: the function's `requires` clauses
    - Post-condition: 
Please verify that the generated loop invariant is consistent with these constraints. If these specific pre- or post-conditions are not provided or empty, please infer the loop invariant strictly based on the program's execution logic and standard correctness.
In order to get a correct answer, You may want to consider both the situation of not entering the loop and the situation of jumping out of the loop. If some of the pre-conditions are also loop invariant, you need to add them to your answer as well.
Use '&&', '||', '==>', '\forall' or '\exists' if necessary. For instance:
```
loop invariant 1 <= x;
loop invariant x == y;
loop invariant 0 < x ==> y <= z;
loop invariant z % 2 == 1 || x == y;
loop invariant z % 2 == 1 && x <= y;
loop invariant \forall integer k;  0 <= k < i ==> max >=  a[k];
loop invariant \exists integer k;  0 <= k < i &&  max == a[k];
loop invariant \forall integer p; 0 <= p < \at(k, End_l) ==> res[p] == \at(res[p], End_l);
```
Your answer should follow the following format:
```
loop invariant ...;
loop invariant ...;
...
```
No explanation. No commentary. Just show me the loop invariant.
 /no_think
--------------------------
----------Response----------
[unused16][unused17][Loop <Loop A>]
loop invariant t == b;
loop invariant s == a;
loop invariant a >= 0;
loop invariant t >= s;
loop invariant s <= t;

[Loop <Loop B>]
loop invariant y <= x;
loop invariant x == t - 2*s + 2;
```
----------------------------
----------Prompt----------

int unknown1();
int unknown2();


void oopsla_12(int flag){
    int t = 0;
    int s = 0;
    int a = 0;
    int b = 0;
    // Loop A
    /*@
        loop invariant i_11: t == b;

        loop invariant i_12: s == a;

        loop invariant i_13: a >= 0;

        loop invariant i_14: t >= s;

        loop invariant i_15: s <= t;

        loop invariant i_16: y <= x;

        loop invariant i_17: x == t - 2*s + 2;


        loop assigns t;
        loop assigns s;
        loop assigns b;
        loop assigns a;
    */
    while(unknown1()) {
        a++;
        b++;
        s += a;
        t += b;
        if(flag) {
            t += a;
        }
    } 

    int x = 1;
    if(flag) {
        x = t - 2*s + 2;
    }
    int y = 0;

    // Loop B
    /*@
        [Hint] Please infer the loop invariant for the following loop.

        loop assigns y;
    */
    while(y <= x){
        if(unknown2()) {
            y++;
        }
        else{ 
            y += 2;
    
        }
    }

    //@ assert  a_1: y <= 4;
}


You are an expert in program verification, and please generate loop invariant as C annotation comments at the hint location (annotated by "[Hint] Please infer the loop invariant for the following loop.") using ACSL language.
ACSL is a specification language for C programs that conforms to the design by contract paradigm, utilizing Hoare style pre- and postconditions and invariants. Note that the `loop invariant` clause is a condition that is true at the beginning and end of every loop iteration.
Specifically, for the current verification task:
    - Pre-condition: i_11:t == b; i_12:s == a; i_13:a >= 0; i_14:t >= s; i_15:s <= t; i_16:y <= x; i_17:x == t - 2*s + 2; 
    - Post-condition: a_1:y <= 4; 
Please verify that the generated loop invariant is consistent with these constraints. If these specific pre- or post-conditions are not provided or empty, please infer the loop invariant strictly based on the program's execution logic and standard correctness.
In order to get a correct answer, You may want to consider both the situation of not entering the loop and the situation of jumping out of the loop. If some of the pre-conditions are also loop invariant, you need to add them to your answer as well.
Use '&&', '||', '==>', '\forall' or '\exists' if necessary. For instance:
```
loop invariant 1 <= x;
loop invariant x == y;
loop invariant 0 < x ==> y <= z;
loop invariant z % 2 == 1 || x == y;
loop invariant z % 2 == 1 && x <= y;
loop invariant \forall integer k;  0 <= k < i ==> max >=  a[k];
loop invariant \exists integer k;  0 <= k < i &&  max == a[k];
loop invariant \forall integer p; 0 <= p < \at(k, End_l) ==> res[p] == \at(res[p], End_l);
```
Your answer should follow the following format:
```
loop invariant ...;
loop invariant ...;
...
```
No explanation. No commentary. Just show me the loop invariant.
 /no_think
--------------------------
----------Response----------
[unused16][unused17]```
[Loop B]
loop invariant y == x - 2;

[Loop A]
loop invariant t >= s;
loop invariant s <= t;
loop invariant a >= 0;
```
----------------------------
------------Invariant Info-----------
LOOP A:
i_11: t == b
i_12: s == a
i_13: a >= 0
i_14: t >= s
i_15: s <= t
i_16: y <= x
i_17: x == t - 2*s + 2
LOOP B:
i_18: y == x - 2
------------------------------------
---------- Code with Invariants ----------
int unknown1();
int unknown2();


void oopsla_12(int flag){
    int t = 0;
    int s = 0;
    int a = 0;
    int b = 0;
    // Loop A
    /*@
        loop invariant i_11: t == b;

        loop invariant i_12: s == a;

        loop invariant i_13: a >= 0;

        loop invariant i_14: t >= s;

        loop invariant i_15: s <= t;

        loop invariant i_16: y <= x;

        loop invariant i_17: x == t - 2*s + 2;


        loop assigns t;
        loop assigns s;
        loop assigns b;
        loop assigns a;
    */
    while(unknown1()) {
        a++;
        b++;
        s += a;
        t += b;
        if(flag) {
            t += a;
        }
    } 

    int x = 1;
    if(flag) {
        x = t - 2*s + 2;
    }
    int y = 0;

    // Loop B
    /*@
        loop invariant i_18: y == x - 2;


        loop assigns y;
    */
    while(y <= x){
        if(unknown2()) {
            y++;
        }
        else{ 
            y += 2;
    
        }
    }

    //@ assert  a_1: y <= 4;
}


------------------------------------------
Verification failed (Invalid), removing all invariants and retrying.
========== Attempt 4 ==========
----------Prompt----------

int unknown1();
int unknown2();


void oopsla_12(int flag){
    int t = 0;
    int s = 0;
    int a = 0;
    int b = 0;
    // Loop A
    /*@
        [Hint] Please infer the loop invariant for the following loop.

        loop assigns t;
        loop assigns s;
        loop assigns b;
        loop assigns a;
    */
    while(unknown1()) {
        a++;
        b++;
        s += a;
        t += b;
        if(flag) {
            t += a;
        }
    } 

    int x = 1;
    if(flag) {
        x = t - 2*s + 2;
    }
    int y = 0;

    // Loop B
    /*@
        loop assigns y;
    */
    while(y <= x){
        if(unknown2()) {
            y++;
        }
        else{ 
            y += 2;
    
        }
    }

    //@ assert  a_1: y <= 4;
}


You are an expert in program verification, and please generate loop invariant as C annotation comments at the hint location (annotated by "[Hint] Please infer the loop invariant for the following loop.") using ACSL language.
ACSL is a specification language for C programs that conforms to the design by contract paradigm, utilizing Hoare style pre- and postconditions and invariants. Note that the `loop invariant` clause is a condition that is true at the beginning and end of every loop iteration.
Specifically, for the current verification task:
    - Pre-condition: the function's `requires` clauses
    - Post-condition: 
Please verify that the generated loop invariant is consistent with these constraints. If these specific pre- or post-conditions are not provided or empty, please infer the loop invariant strictly based on the program's execution logic and standard correctness.
In order to get a correct answer, You may want to consider both the situation of not entering the loop and the situation of jumping out of the loop. If some of the pre-conditions are also loop invariant, you need to add them to your answer as well.
Use '&&', '||', '==>', '\forall' or '\exists' if necessary. For instance:
```
loop invariant 1 <= x;
loop invariant x == y;
loop invariant 0 < x ==> y <= z;
loop invariant z % 2 == 1 || x == y;
loop invariant z % 2 == 1 && x <= y;
loop invariant \forall integer k;  0 <= k < i ==> max >=  a[k];
loop invariant \exists integer k;  0 <= k < i &&  max == a[k];
loop invariant \forall integer p; 0 <= p < \at(k, End_l) ==> res[p] == \at(res[p], End_l);
```
Your answer should follow the following format:
```
loop invariant ...;
loop invariant ...;
...
```
No explanation. No commentary. Just show me the loop invariant.
 /no_think
--------------------------
----------Response----------
[unused16][unused17]```
loop invariant t >= 0 && s >= 0 && a >= 0 && b >= 0;
loop invariant y <= x;
```
----------------------------
----------Prompt----------

int unknown1();
int unknown2();


void oopsla_12(int flag){
    int t = 0;
    int s = 0;
    int a = 0;
    int b = 0;
    // Loop A
    /*@
        loop invariant i_19: t >= 0 && s >= 0 && a >= 0 && b >= 0;

        loop invariant i_20: y <= x;


        loop assigns t;
        loop assigns s;
        loop assigns b;
        loop assigns a;
    */
    while(unknown1()) {
        a++;
        b++;
        s += a;
        t += b;
        if(flag) {
            t += a;
        }
    } 

    int x = 1;
    if(flag) {
        x = t - 2*s + 2;
    }
    int y = 0;

    // Loop B
    /*@
        [Hint] Please infer the loop invariant for the following loop.

        loop assigns y;
    */
    while(y <= x){
        if(unknown2()) {
            y++;
        }
        else{ 
            y += 2;
    
        }
    }

    //@ assert  a_1: y <= 4;
}


You are an expert in program verification, and please generate loop invariant as C annotation comments at the hint location (annotated by "[Hint] Please infer the loop invariant for the following loop.") using ACSL language.
ACSL is a specification language for C programs that conforms to the design by contract paradigm, utilizing Hoare style pre- and postconditions and invariants. Note that the `loop invariant` clause is a condition that is true at the beginning and end of every loop iteration.
Specifically, for the current verification task:
    - Pre-condition: i_19:t >= 0 && s >= 0 && a >= 0 && b >= 0; i_20:y <= x; 
    - Post-condition: a_1:y <= 4; 
Please verify that the generated loop invariant is consistent with these constraints. If these specific pre- or post-conditions are not provided or empty, please infer the loop invariant strictly based on the program's execution logic and standard correctness.
In order to get a correct answer, You may want to consider both the situation of not entering the loop and the situation of jumping out of the loop. If some of the pre-conditions are also loop invariant, you need to add them to your answer as well.
Use '&&', '||', '==>', '\forall' or '\exists' if necessary. For instance:
```
loop invariant 1 <= x;
loop invariant x == y;
loop invariant 0 < x ==> y <= z;
loop invariant z % 2 == 1 || x == y;
loop invariant z % 2 == 1 && x <= y;
loop invariant \forall integer k;  0 <= k < i ==> max >=  a[k];
loop invariant \exists integer k;  0 <= k < i &&  max == a[k];
loop invariant \forall integer p; 0 <= p < \at(k, End_l) ==> res[p] == \at(res[p], End_l);
```
Your answer should follow the following format:
```
loop invariant ...;
loop invariant ...;
...
```
No explanation. No commentary. Just show me the loop invariant.
 /no_think
--------------------------
----------Response----------
[unused16][unused17][Loop <Loop A>]
loop invariant t >= 0 && s >= 0 && a >= 0 && b >= 0 && y <= x;

[Loop <Loop B>]
loop invariant y <= x && y >= 0;
----------------------------
------------Invariant Info-----------
LOOP A:
i_19: t >= 0 && s >= 0 && a >= 0 && b >= 0
i_20: y <= x
LOOP B:
i_21: t >= 0 && s >= 0 && a >= 0 && b >= 0 && y <= x
i_22: y <= x && y >= 0
------------------------------------
---------- Code with Invariants ----------
int unknown1();
int unknown2();


void oopsla_12(int flag){
    int t = 0;
    int s = 0;
    int a = 0;
    int b = 0;
    // Loop A
    /*@
        loop invariant i_19: t >= 0 && s >= 0 && a >= 0 && b >= 0;

        loop invariant i_20: y <= x;


        loop assigns t;
        loop assigns s;
        loop assigns b;
        loop assigns a;
    */
    while(unknown1()) {
        a++;
        b++;
        s += a;
        t += b;
        if(flag) {
            t += a;
        }
    } 

    int x = 1;
    if(flag) {
        x = t - 2*s + 2;
    }
    int y = 0;

    // Loop B
    /*@
        loop invariant i_21: t >= 0 && s >= 0 && a >= 0 && b >= 0 && y <= x;

        loop invariant i_22: y <= x && y >= 0;


        loop assigns y;
    */
    while(y <= x){
        if(unknown2()) {
            y++;
        }
        else{ 
            y += 2;
    
        }
    }

    //@ assert  a_1: y <= 4;
}


------------------------------------------
Verification failed (Invalid), removing all invariants and retrying.
========== Attempt 5 ==========
----------Prompt----------

int unknown1();
int unknown2();


void oopsla_12(int flag){
    int t = 0;
    int s = 0;
    int a = 0;
    int b = 0;
    // Loop A
    /*@
        [Hint] Please infer the loop invariant for the following loop.

        loop assigns t;
        loop assigns s;
        loop assigns b;
        loop assigns a;
    */
    while(unknown1()) {
        a++;
        b++;
        s += a;
        t += b;
        if(flag) {
            t += a;
        }
    } 

    int x = 1;
    if(flag) {
        x = t - 2*s + 2;
    }
    int y = 0;

    // Loop B
    /*@
        loop assigns y;
    */
    while(y <= x){
        if(unknown2()) {
            y++;
        }
        else{ 
            y += 2;
    
        }
    }

    //@ assert  a_1: y <= 4;
}


You are an expert in program verification, and please generate loop invariant as C annotation comments at the hint location (annotated by "[Hint] Please infer the loop invariant for the following loop.") using ACSL language.
ACSL is a specification language for C programs that conforms to the design by contract paradigm, utilizing Hoare style pre- and postconditions and invariants. Note that the `loop invariant` clause is a condition that is true at the beginning and end of every loop iteration.
Specifically, for the current verification task:
    - Pre-condition: the function's `requires` clauses
    - Post-condition: 
Please verify that the generated loop invariant is consistent with these constraints. If these specific pre- or post-conditions are not provided or empty, please infer the loop invariant strictly based on the program's execution logic and standard correctness.
In order to get a correct answer, You may want to consider both the situation of not entering the loop and the situation of jumping out of the loop. If some of the pre-conditions are also loop invariant, you need to add them to your answer as well.
Use '&&', '||', '==>', '\forall' or '\exists' if necessary. For instance:
```
loop invariant 1 <= x;
loop invariant x == y;
loop invariant 0 < x ==> y <= z;
loop invariant z % 2 == 1 || x == y;
loop invariant z % 2 == 1 && x <= y;
loop invariant \forall integer k;  0 <= k < i ==> max >=  a[k];
loop invariant \exists integer k;  0 <= k < i &&  max == a[k];
loop invariant \forall integer p; 0 <= p < \at(k, End_l) ==> res[p] == \at(res[p], End_l);
```
Your answer should follow the following format:
```
loop invariant ...;
loop invariant ...;
...
```
No explanation. No commentary. Just show me the loop invariant.
 /no_think
--------------------------
----------Response----------
[unused16][unused17][Loop <Loop A>]
loop invariant t == b;
loop invariant s == a;
loop invariant s >= t;
loop invariant a <= t;
loop invariant s >= a;
loop invariant t <= s;
loop invariant 0 <= a || flag;
loop invariant 0 <= b || flag;

[Loop <Loop B>]
loop invariant y <= x;
```
----------------------------
----------Prompt----------

int unknown1();
int unknown2();


void oopsla_12(int flag){
    int t = 0;
    int s = 0;
    int a = 0;
    int b = 0;
    // Loop A
    /*@
        loop invariant i_23: t == b;

        loop invariant i_24: s == a;

        loop invariant i_25: s >= t;

        loop invariant i_26: a <= t;

        loop invariant i_27: s >= a;

        loop invariant i_28: t <= s;

        loop invariant i_29: 0 <= a || flag;

        loop invariant i_30: 0 <= b || flag;

        loop invariant i_31: y <= x;


        loop assigns t;
        loop assigns s;
        loop assigns b;
        loop assigns a;
    */
    while(unknown1()) {
        a++;
        b++;
        s += a;
        t += b;
        if(flag) {
            t += a;
        }
    } 

    int x = 1;
    if(flag) {
        x = t - 2*s + 2;
    }
    int y = 0;

    // Loop B
    /*@
        [Hint] Please infer the loop invariant for the following loop.

        loop assigns y;
    */
    while(y <= x){
        if(unknown2()) {
            y++;
        }
        else{ 
            y += 2;
    
        }
    }

    //@ assert  a_1: y <= 4;
}


You are an expert in program verification, and please generate loop invariant as C annotation comments at the hint location (annotated by "[Hint] Please infer the loop invariant for the following loop.") using ACSL language.
ACSL is a specification language for C programs that conforms to the design by contract paradigm, utilizing Hoare style pre- and postconditions and invariants. Note that the `loop invariant` clause is a condition that is true at the beginning and end of every loop iteration.
Specifically, for the current verification task:
    - Pre-condition: i_23:t == b; i_24:s == a; i_25:s >= t; i_26:a <= t; i_27:s >= a; i_28:t <= s; i_29:0 <= a || flag; i_30:0 <= b || flag; i_31:y <= x; 
    - Post-condition: a_1:y <= 4; 
Please verify that the generated loop invariant is consistent with these constraints. If these specific pre- or post-conditions are not provided or empty, please infer the loop invariant strictly based on the program's execution logic and standard correctness.
In order to get a correct answer, You may want to consider both the situation of not entering the loop and the situation of jumping out of the loop. If some of the pre-conditions are also loop invariant, you need to add them to your answer as well.
Use '&&', '||', '==>', '\forall' or '\exists' if necessary. For instance:
```
loop invariant 1 <= x;
loop invariant x == y;
loop invariant 0 < x ==> y <= z;
loop invariant z % 2 == 1 || x == y;
loop invariant z % 2 == 1 && x <= y;
loop invariant \forall integer k;  0 <= k < i ==> max >=  a[k];
loop invariant \exists integer k;  0 <= k < i &&  max == a[k];
loop invariant \forall integer p; 0 <= p < \at(k, End_l) ==> res[p] == \at(res[p], End_l);
```
Your answer should follow the following format:
```
loop invariant ...;
loop invariant ...;
...
```
No explanation. No commentary. Just show me the loop invariant.
 /no_think
--------------------------
----------Response----------
[unused16][unused17][Loop <Loop B>]
loop invariant y == x;

[Loop <Loop A>]
loop invariant t == b && s == a && a == 0 || flag && b == 0;

[Loop <Loop B>]
loop invariant y <= x;
----------------------------
------------Invariant Info-----------
LOOP A:
i_23: t == b
i_24: s == a
i_25: s >= t
i_26: a <= t
i_27: s >= a
i_28: t <= s
i_29: 0 <= a || flag
i_30: 0 <= b || flag
i_31: y <= x
LOOP B:
i_32: y == x
i_33: t == b && s == a && a == 0 || flag && b == 0
i_34: y <= x
------------------------------------
---------- Code with Invariants ----------
int unknown1();
int unknown2();


void oopsla_12(int flag){
    int t = 0;
    int s = 0;
    int a = 0;
    int b = 0;
    // Loop A
    /*@
        loop invariant i_23: t == b;

        loop invariant i_24: s == a;

        loop invariant i_25: s >= t;

        loop invariant i_26: a <= t;

        loop invariant i_27: s >= a;

        loop invariant i_28: t <= s;

        loop invariant i_29: 0 <= a || flag;

        loop invariant i_30: 0 <= b || flag;

        loop invariant i_31: y <= x;


        loop assigns t;
        loop assigns s;
        loop assigns b;
        loop assigns a;
    */
    while(unknown1()) {
        a++;
        b++;
        s += a;
        t += b;
        if(flag) {
            t += a;
        }
    } 

    int x = 1;
    if(flag) {
        x = t - 2*s + 2;
    }
    int y = 0;

    // Loop B
    /*@
        loop invariant i_32: y == x;

        loop invariant i_33: t == b && s == a && a == 0 || flag && b == 0;

        loop invariant i_34: y <= x;


        loop assigns y;
    */
    while(y <= x){
        if(unknown2()) {
            y++;
        }
        else{ 
            y += 2;
    
        }
    }

    //@ assert  a_1: y <= 4;
}


------------------------------------------
Verification failed (Invalid), removing all invariants and retrying.
Verification failed: reached maximum attempts.
---------Result---------
Fail
Model: openPangu-Embedded-7B-V1.1
Running time: 110.68399143218994
Proposal number: 5
Verified code:

------------------------
