-----------Model-----------
Model type:
PanguEmbeddedForCausalLM(
  (model): PanguEmbeddedModel(
    (embed_tokens): Embedding(153376, 4096, padding_idx=0)
    (layers): ModuleList(
      (0-33): 34 x PanguEmbeddedDecoderLayer(
        (self_attn): PanguEmbeddedAttention(
          (q_proj): Linear(in_features=4096, out_features=4096, bias=True)
          (k_proj): Linear(in_features=4096, out_features=1024, bias=True)
          (v_proj): Linear(in_features=4096, out_features=1024, bias=True)
          (o_proj): Linear(in_features=4096, out_features=4096, bias=True)
        )
        (mlp): PanguEmbeddedMLP(
          (gate_proj): Linear(in_features=4096, out_features=12800, bias=False)
          (up_proj): Linear(in_features=4096, out_features=12800, bias=False)
          (down_proj): Linear(in_features=12800, out_features=4096, bias=False)
          (act_fn): SiLU()
        )
        (input_layernorm): PanguEmbeddedRMSNorm((4096,), eps=1e-05)
        (post_attention_layernorm): PanguEmbeddedRMSNorm((4096,), eps=1e-05)
      )
    )
    (norm): PanguEmbeddedRMSNorm((4096,), eps=1e-05)
    (rotary_emb): PanguEmbeddedRotaryEmbedding()
  )
  (lm_head): Linear(in_features=4096, out_features=153376, bias=False)
)
Model device:
npu:1
---------------------------
File Path: ../Benchmark/acsl-algorithms/_partition_lomuto.c
----------Code----------
/*@
    requires \valid(x) && \valid(y);
    assigns *x, *y;
    ensures *x == \old(*y) && *y == \old(*x);
*/
void swap(int *x, int *y) {
    int tmp = *x;
    *x = *y;
    *y = tmp;
}

/*@
    requires lo <= hi;
    requires \valid(a + (lo .. hi));
    assigns a[lo..hi];
    ensures lo <= \result && \result <= hi;
    ensures e_1: \forall integer i; lo <= i <= \result ==> a[i] <= a[\result];
    ensures e_2: \forall integer i; \result <= i <= hi ==> a[i] >= a[\result];
*/
int _partition_lomuto(int* a, int lo, int hi) {
    int pivot = a[hi];
    int i = lo - 1;
    int j;

    /*@
        loop assigns a[lo..hi], i, j;
    */
    for (j = lo; j < hi; j++) {
        if (a[j] <= pivot) {
            i++;
            swap(&a[i], &a[j]);
        }
    }
    swap(&a[i + 1], &a[hi]);
    return i + 1;
}
------------------------
========== Attempt 1 ==========
----------Prompt----------

/*@
    requires \valid(x) && \valid(y);
    assigns *x, *y;
    ensures *x == \old(*y) && *y == \old(*x);
*/
void swap(int *x, int *y) {
    int tmp = *x;
    *x = *y;
    *y = tmp;
}

/*@
    requires lo <= hi;
    requires \valid(a + (lo .. hi));
    assigns a[lo..hi];
    ensures lo <= \result && \result <= hi;
    ensures e_1: \forall integer i; lo <= i <= \result ==> a[i] <= a[\result];
    ensures e_2: \forall integer i; \result <= i <= hi ==> a[i] >= a[\result];
*/
int _partition_lomuto(int* a, int lo, int hi) {
    int pivot = a[hi];
    int i = lo - 1;
    int j;

    // Loop A
    /*@
        [Hint] Please infer the loop invariant for the following loop.

        loop assigns a[lo..hi], i, j;
    */
    for (j = lo; j < hi; j++) {
        if (a[j] <= pivot) {
            i++;
            swap(&a[i], &a[j]);
        }
    }
    swap(&a[i + 1], &a[hi]);
    return i + 1;
}
You are an expert in program verification, and please generate loop invariant as C annotation comments at the hint location (annotated by "[Hint] Please infer the loop invariant for the following loop.") using ACSL language.
ACSL is a specification language for C programs that conforms to the design by contract paradigm, utilizing Hoare style pre- and postconditions and invariants. Note that the `loop invariant` clause is a condition that is true at the beginning and end of every loop iteration.
Specifically, for the current verification task:
    - Pre-condition: the function's `requires` clauses
    - Post-condition: 1:lo <= \result && \result <= hi; e_1:\forall integer i; lo <= i <= \result ==> a[i] <= a[\result]; e_2:\forall integer i; \result <= i <= hi ==> a[i] >= a[\result]; 
Please verify that the generated loop invariant is consistent with these constraints. If these specific pre- or post-conditions are not provided or empty, please infer the loop invariant strictly based on the program's execution logic and standard correctness.
In order to get a correct answer, You may want to consider both the situation of not entering the loop and the situation of jumping out of the loop. If some of the pre-conditions are also loop invariant, you need to add them to your answer as well.
Use '&&', '||', '==>', '\forall' or '\exists' if necessary. For instance:
```
loop invariant 1 <= x;
loop invariant x == y;
loop invariant 0 < x ==> y <= z;
loop invariant z % 2 == 1 || x == y;
loop invariant z % 2 == 1 && x <= y;
loop invariant \forall integer k;  0 <= k < i ==> max >=  a[k];
loop invariant \exists integer k;  0 <= k < i &&  max == a[k];
loop invariant \forall integer p; 0 <= p < \at(k, End_l) ==> res[p] == \at(res[p], End_l);
```
Your answer should follow the following format:
```
loop invariant ...;
loop invariant ...;
...
```
No explanation. No commentary. Just show me the loop invariant.
 /no_think
--------------------------
----------Response----------
[unused16][unused17]```
loop invariant 0 <= i <= hi && \exists integer k; 0 <= k < i && max == a[k];
loop invariant i >= lo - 1;
loop invariant \forall integer j; i + 1 <= j && j <= hi;
loop invariant \forall integer j; j >= lo && j < hi;
```
----------------------------
------------Invariant Info-----------
LOOP A:
i_0: 0 <= i <= hi && \exists integer k; 0 <= k < i && max == a[k]
i_1: i >= lo - 1
i_2: \forall integer j; i + 1 <= j && j <= hi
i_3: \forall integer j; j >= lo && j < hi
------------------------------------
---------- Code with Invariants ----------
/*@
    requires \valid(x) && \valid(y);
    assigns *x, *y;
    ensures *x == \old(*y) && *y == \old(*x);
*/
void swap(int *x, int *y) {
    int tmp = *x;
    *x = *y;
    *y = tmp;
}

/*@
    requires lo <= hi;
    requires \valid(a + (lo .. hi));
    assigns a[lo..hi];
    ensures lo <= \result && \result <= hi;
    ensures e_1: \forall integer i; lo <= i <= \result ==> a[i] <= a[\result];
    ensures e_2: \forall integer i; \result <= i <= hi ==> a[i] >= a[\result];
*/
int _partition_lomuto(int* a, int lo, int hi) {
    int pivot = a[hi];
    int i = lo - 1;
    int j;

    // Loop A
    /*@
        loop invariant i_0: 0 <= i <= hi && \exists integer k; 0 <= k < i && max == a[k];

        loop invariant i_1: i >= lo - 1;

        loop invariant i_2: \forall integer j; i + 1 <= j && j <= hi;

        loop invariant i_3: \forall integer j; j >= lo && j < hi;


        loop assigns a[lo..hi], i, j;
    */
    for (j = lo; j < hi; j++) {
        if (a[j] <= pivot) {
            i++;
            swap(&a[i], &a[j]);
        }
    }
    swap(&a[i + 1], &a[hi]);
    return i + 1;
}
------------------------------------------
Verification failed (Invalid), removing all invariants and retrying.
========== Attempt 2 ==========
----------Prompt----------

/*@
    requires \valid(x) && \valid(y);
    assigns *x, *y;
    ensures *x == \old(*y) && *y == \old(*x);
*/
void swap(int *x, int *y) {
    int tmp = *x;
    *x = *y;
    *y = tmp;
}

/*@
    requires lo <= hi;
    requires \valid(a + (lo .. hi));
    assigns a[lo..hi];
    ensures lo <= \result && \result <= hi;
    ensures e_1: \forall integer i; lo <= i <= \result ==> a[i] <= a[\result];
    ensures e_2: \forall integer i; \result <= i <= hi ==> a[i] >= a[\result];
*/
int _partition_lomuto(int* a, int lo, int hi) {
    int pivot = a[hi];
    int i = lo - 1;
    int j;

    // Loop A
    /*@
        [Hint] Please infer the loop invariant for the following loop.

        loop assigns a[lo..hi], i, j;
    */
    for (j = lo; j < hi; j++) {
        if (a[j] <= pivot) {
            i++;
            swap(&a[i], &a[j]);
        }
    }
    swap(&a[i + 1], &a[hi]);
    return i + 1;
}
You are an expert in program verification, and please generate loop invariant as C annotation comments at the hint location (annotated by "[Hint] Please infer the loop invariant for the following loop.") using ACSL language.
ACSL is a specification language for C programs that conforms to the design by contract paradigm, utilizing Hoare style pre- and postconditions and invariants. Note that the `loop invariant` clause is a condition that is true at the beginning and end of every loop iteration.
Specifically, for the current verification task:
    - Pre-condition: the function's `requires` clauses
    - Post-condition: 1:lo <= \result && \result <= hi; e_1:\forall integer i; lo <= i <= \result ==> a[i] <= a[\result]; e_2:\forall integer i; \result <= i <= hi ==> a[i] >= a[\result]; 
Please verify that the generated loop invariant is consistent with these constraints. If these specific pre- or post-conditions are not provided or empty, please infer the loop invariant strictly based on the program's execution logic and standard correctness.
In order to get a correct answer, You may want to consider both the situation of not entering the loop and the situation of jumping out of the loop. If some of the pre-conditions are also loop invariant, you need to add them to your answer as well.
Use '&&', '||', '==>', '\forall' or '\exists' if necessary. For instance:
```
loop invariant 1 <= x;
loop invariant x == y;
loop invariant 0 < x ==> y <= z;
loop invariant z % 2 == 1 || x == y;
loop invariant z % 2 == 1 && x <= y;
loop invariant \forall integer k;  0 <= k < i ==> max >=  a[k];
loop invariant \exists integer k;  0 <= k < i &&  max == a[k];
loop invariant \forall integer p; 0 <= p < \at(k, End_l) ==> res[p] == \at(res[p], End_l);
```
Your answer should follow the following format:
```
loop invariant ...;
loop invariant ...;
...
```
No explanation. No commentary. Just show me the loop invariant.
 /no_think
--------------------------
----------Response----------
[unused16][unused17]```
loop invariant && lo <= i < hi;
loop invariant && a[lo..hi] valid;
loop invariant && *x == \old(*y) && *y == \old(*x);
```
----------------------------
------------Invariant Info-----------
LOOP A:
i_4: && lo <= i < hi
i_5: && a[lo..hi] valid
i_6: && *x == \old(*y) && *y == \old(*x)
------------------------------------
---------- Code with Invariants ----------
/*@
    requires \valid(x) && \valid(y);
    assigns *x, *y;
    ensures *x == \old(*y) && *y == \old(*x);
*/
void swap(int *x, int *y) {
    int tmp = *x;
    *x = *y;
    *y = tmp;
}

/*@
    requires lo <= hi;
    requires \valid(a + (lo .. hi));
    assigns a[lo..hi];
    ensures lo <= \result && \result <= hi;
    ensures e_1: \forall integer i; lo <= i <= \result ==> a[i] <= a[\result];
    ensures e_2: \forall integer i; \result <= i <= hi ==> a[i] >= a[\result];
*/
int _partition_lomuto(int* a, int lo, int hi) {
    int pivot = a[hi];
    int i = lo - 1;
    int j;

    // Loop A
    /*@
        loop invariant i_4: && lo <= i < hi;

        loop invariant i_5: && a[lo..hi] valid;

        loop invariant i_6: && *x == \old(*y) && *y == \old(*x);


        loop assigns a[lo..hi], i, j;
    */
    for (j = lo; j < hi; j++) {
        if (a[j] <= pivot) {
            i++;
            swap(&a[i], &a[j]);
        }
    }
    swap(&a[i + 1], &a[hi]);
    return i + 1;
}
------------------------------------------
Verification failed (Invalid), removing all invariants and retrying.
========== Attempt 3 ==========
----------Prompt----------

/*@
    requires \valid(x) && \valid(y);
    assigns *x, *y;
    ensures *x == \old(*y) && *y == \old(*x);
*/
void swap(int *x, int *y) {
    int tmp = *x;
    *x = *y;
    *y = tmp;
}

/*@
    requires lo <= hi;
    requires \valid(a + (lo .. hi));
    assigns a[lo..hi];
    ensures lo <= \result && \result <= hi;
    ensures e_1: \forall integer i; lo <= i <= \result ==> a[i] <= a[\result];
    ensures e_2: \forall integer i; \result <= i <= hi ==> a[i] >= a[\result];
*/
int _partition_lomuto(int* a, int lo, int hi) {
    int pivot = a[hi];
    int i = lo - 1;
    int j;

    // Loop A
    /*@
        [Hint] Please infer the loop invariant for the following loop.

        loop assigns a[lo..hi], i, j;
    */
    for (j = lo; j < hi; j++) {
        if (a[j] <= pivot) {
            i++;
            swap(&a[i], &a[j]);
        }
    }
    swap(&a[i + 1], &a[hi]);
    return i + 1;
}
You are an expert in program verification, and please generate loop invariant as C annotation comments at the hint location (annotated by "[Hint] Please infer the loop invariant for the following loop.") using ACSL language.
ACSL is a specification language for C programs that conforms to the design by contract paradigm, utilizing Hoare style pre- and postconditions and invariants. Note that the `loop invariant` clause is a condition that is true at the beginning and end of every loop iteration.
Specifically, for the current verification task:
    - Pre-condition: the function's `requires` clauses
    - Post-condition: 1:lo <= \result && \result <= hi; e_1:\forall integer i; lo <= i <= \result ==> a[i] <= a[\result]; e_2:\forall integer i; \result <= i <= hi ==> a[i] >= a[\result]; 
Please verify that the generated loop invariant is consistent with these constraints. If these specific pre- or post-conditions are not provided or empty, please infer the loop invariant strictly based on the program's execution logic and standard correctness.
In order to get a correct answer, You may want to consider both the situation of not entering the loop and the situation of jumping out of the loop. If some of the pre-conditions are also loop invariant, you need to add them to your answer as well.
Use '&&', '||', '==>', '\forall' or '\exists' if necessary. For instance:
```
loop invariant 1 <= x;
loop invariant x == y;
loop invariant 0 < x ==> y <= z;
loop invariant z % 2 == 1 || x == y;
loop invariant z % 2 == 1 && x <= y;
loop invariant \forall integer k;  0 <= k < i ==> max >=  a[k];
loop invariant \exists integer k;  0 <= k < i &&  max == a[k];
loop invariant \forall integer p; 0 <= p < \at(k, End_l) ==> res[p] == \at(res[p], End_l);
```
Your answer should follow the following format:
```
loop invariant ...;
loop invariant ...;
...
```
No explanation. No commentary. Just show me the loop invariant.
 /no_think
--------------------------
----------Response----------
[unused16][unused17]loop invariant: \forall integer k; lo <= k < hi ==> a[k] <= pivot && \texttt{?};  
loop invariant j == lo + \texttt{i};  
loop invariant \exists integer j; lo <= j < hi && a[j] <= pivot;  
loop invariant *a[j] == a[lo + \texttt{i}];  
loop invariant \forall integer k; \texttt{i} < k < \texttt{j} ==> a[k] > pivot;  
loop invariant \forall integer k; k < \texttt{?} ==> a[k] <= pivot;  
loop invariant \texttt{i} >= \texttt{j};  
loop invariant \forall integer k; \texttt{i} < k < \texttt{j} ==> a[k] > pivot;  
loop invariant \texttt{i} < \texttt{j};  
loop invariant \exists integer j; \texttt{i} >= \texttt{j} && \texttt{i} < \texttt{j} ==> a[\texttt{i} + \texttt{j}] == pivot;  
loop invariant \forall integer k; \texttt{i} <= k <= \texttt{j} && a[\texttt{i} + \texttt{k}] == pivot;  
loop invariant \texttt{j} == \texttt{i} + 1;  
```
----------------------------
------------Invariant Info-----------
LOOP A:
i_7: : \forall integer k; lo <= k < hi ==> a[k] <= pivot && \texttt{?}
i_8: j == lo + \texttt{i}
i_9: \exists integer j; lo <= j < hi && a[j] <= pivot
i_10: *a[j] == a[lo + \texttt{i}]
i_11: \forall integer k; \texttt{i} < k < \texttt{j} ==> a[k] > pivot
i_12: \forall integer k; k < \texttt{?} ==> a[k] <= pivot
i_13: \texttt{i} >= \texttt{j}
i_14: \texttt{i} < \texttt{j}
i_15: \exists integer j; \texttt{i} >= \texttt{j} && \texttt{i} < \texttt{j} ==> a[\texttt{i} + \texttt{j}] == pivot
i_16: \forall integer k; \texttt{i} <= k <= \texttt{j} && a[\texttt{i} + \texttt{k}] == pivot
i_17: \texttt{j} == \texttt{i} + 1
------------------------------------
---------- Code with Invariants ----------
/*@
    requires \valid(x) && \valid(y);
    assigns *x, *y;
    ensures *x == \old(*y) && *y == \old(*x);
*/
void swap(int *x, int *y) {
    int tmp = *x;
    *x = *y;
    *y = tmp;
}

/*@
    requires lo <= hi;
    requires \valid(a + (lo .. hi));
    assigns a[lo..hi];
    ensures lo <= \result && \result <= hi;
    ensures e_1: \forall integer i; lo <= i <= \result ==> a[i] <= a[\result];
    ensures e_2: \forall integer i; \result <= i <= hi ==> a[i] >= a[\result];
*/
int _partition_lomuto(int* a, int lo, int hi) {
    int pivot = a[hi];
    int i = lo - 1;
    int j;

    // Loop A
    /*@
        loop invariant i_7: : \forall integer k; lo <= k < hi ==> a[k] <= pivot && \texttt{?};

        loop invariant i_8: j == lo + \texttt{i};

        loop invariant i_9: \exists integer j; lo <= j < hi && a[j] <= pivot;

        loop invariant i_10: *a[j] == a[lo + \texttt{i}];

        loop invariant i_11: \forall integer k; \texttt{i} < k < \texttt{j} ==> a[k] > pivot;

        loop invariant i_12: \forall integer k; k < \texttt{?} ==> a[k] <= pivot;

        loop invariant i_13: \texttt{i} >= \texttt{j};

        loop invariant i_14: \texttt{i} < \texttt{j};

        loop invariant i_15: \exists integer j; \texttt{i} >= \texttt{j} && \texttt{i} < \texttt{j} ==> a[\texttt{i} + \texttt{j}] == pivot;

        loop invariant i_16: \forall integer k; \texttt{i} <= k <= \texttt{j} && a[\texttt{i} + \texttt{k}] == pivot;

        loop invariant i_17: \texttt{j} == \texttt{i} + 1;


        loop assigns a[lo..hi], i, j;
    */
    for (j = lo; j < hi; j++) {
        if (a[j] <= pivot) {
            i++;
            swap(&a[i], &a[j]);
        }
    }
    swap(&a[i + 1], &a[hi]);
    return i + 1;
}
------------------------------------------
Verification failed (Invalid), removing all invariants and retrying.
========== Attempt 4 ==========
----------Prompt----------

/*@
    requires \valid(x) && \valid(y);
    assigns *x, *y;
    ensures *x == \old(*y) && *y == \old(*x);
*/
void swap(int *x, int *y) {
    int tmp = *x;
    *x = *y;
    *y = tmp;
}

/*@
    requires lo <= hi;
    requires \valid(a + (lo .. hi));
    assigns a[lo..hi];
    ensures lo <= \result && \result <= hi;
    ensures e_1: \forall integer i; lo <= i <= \result ==> a[i] <= a[\result];
    ensures e_2: \forall integer i; \result <= i <= hi ==> a[i] >= a[\result];
*/
int _partition_lomuto(int* a, int lo, int hi) {
    int pivot = a[hi];
    int i = lo - 1;
    int j;

    // Loop A
    /*@
        [Hint] Please infer the loop invariant for the following loop.

        loop assigns a[lo..hi], i, j;
    */
    for (j = lo; j < hi; j++) {
        if (a[j] <= pivot) {
            i++;
            swap(&a[i], &a[j]);
        }
    }
    swap(&a[i + 1], &a[hi]);
    return i + 1;
}
You are an expert in program verification, and please generate loop invariant as C annotation comments at the hint location (annotated by "[Hint] Please infer the loop invariant for the following loop.") using ACSL language.
ACSL is a specification language for C programs that conforms to the design by contract paradigm, utilizing Hoare style pre- and postconditions and invariants. Note that the `loop invariant` clause is a condition that is true at the beginning and end of every loop iteration.
Specifically, for the current verification task:
    - Pre-condition: the function's `requires` clauses
    - Post-condition: 1:lo <= \result && \result <= hi; e_1:\forall integer i; lo <= i <= \result ==> a[i] <= a[\result]; e_2:\forall integer i; \result <= i <= hi ==> a[i] >= a[\result]; 
Please verify that the generated loop invariant is consistent with these constraints. If these specific pre- or post-conditions are not provided or empty, please infer the loop invariant strictly based on the program's execution logic and standard correctness.
In order to get a correct answer, You may want to consider both the situation of not entering the loop and the situation of jumping out of the loop. If some of the pre-conditions are also loop invariant, you need to add them to your answer as well.
Use '&&', '||', '==>', '\forall' or '\exists' if necessary. For instance:
```
loop invariant 1 <= x;
loop invariant x == y;
loop invariant 0 < x ==> y <= z;
loop invariant z % 2 == 1 || x == y;
loop invariant z % 2 == 1 && x <= y;
loop invariant \forall integer k;  0 <= k < i ==> max >=  a[k];
loop invariant \exists integer k;  0 <= k < i &&  max == a[k];
loop invariant \forall integer p; 0 <= p < \at(k, End_l) ==> res[p] == \at(res[p], End_l);
```
Your answer should follow the following format:
```
loop invariant ...;
loop invariant ...;
...
```
No explanation. No commentary. Just show me the loop invariant.
 /no_think
--------------------------
----------Response----------
[unused16][unused17]```
loop invariant 1 <= hi && lo <= hi;
loop invariant j <= hi;
loop invariant i >= lo - 1;
loop invariant \forall integer k; lo <= k < hi ==> a[k] <= a[hi];
loop invariant \exists integer m; a[m] == pivot && m >= lo && m < hi;
```
----------------------------
------------Invariant Info-----------
LOOP A:
i_18: 1 <= hi && lo <= hi
i_19: j <= hi
i_20: i >= lo - 1
i_21: \forall integer k; lo <= k < hi ==> a[k] <= a[hi]
i_22: \exists integer m; a[m] == pivot && m >= lo && m < hi
------------------------------------
---------- Code with Invariants ----------
/*@
    requires \valid(x) && \valid(y);
    assigns *x, *y;
    ensures *x == \old(*y) && *y == \old(*x);
*/
void swap(int *x, int *y) {
    int tmp = *x;
    *x = *y;
    *y = tmp;
}

/*@
    requires lo <= hi;
    requires \valid(a + (lo .. hi));
    assigns a[lo..hi];
    ensures lo <= \result && \result <= hi;
    ensures e_1: \forall integer i; lo <= i <= \result ==> a[i] <= a[\result];
    ensures e_2: \forall integer i; \result <= i <= hi ==> a[i] >= a[\result];
*/
int _partition_lomuto(int* a, int lo, int hi) {
    int pivot = a[hi];
    int i = lo - 1;
    int j;

    // Loop A
    /*@
        loop invariant i_18: 1 <= hi && lo <= hi;

        loop invariant i_19: j <= hi;

        loop invariant i_20: i >= lo - 1;

        loop invariant i_21: \forall integer k; lo <= k < hi ==> a[k] <= a[hi];

        loop invariant i_22: \exists integer m; a[m] == pivot && m >= lo && m < hi;


        loop assigns a[lo..hi], i, j;
    */
    for (j = lo; j < hi; j++) {
        if (a[j] <= pivot) {
            i++;
            swap(&a[i], &a[j]);
        }
    }
    swap(&a[i + 1], &a[hi]);
    return i + 1;
}
------------------------------------------
Verification failed (Fail_20_32), removing all invariants and retrying.
========== Attempt 5 ==========
----------Prompt----------

/*@
    requires \valid(x) && \valid(y);
    assigns *x, *y;
    ensures *x == \old(*y) && *y == \old(*x);
*/
void swap(int *x, int *y) {
    int tmp = *x;
    *x = *y;
    *y = tmp;
}

/*@
    requires lo <= hi;
    requires \valid(a + (lo .. hi));
    assigns a[lo..hi];
    ensures lo <= \result && \result <= hi;
    ensures e_1: \forall integer i; lo <= i <= \result ==> a[i] <= a[\result];
    ensures e_2: \forall integer i; \result <= i <= hi ==> a[i] >= a[\result];
*/
int _partition_lomuto(int* a, int lo, int hi) {
    int pivot = a[hi];
    int i = lo - 1;
    int j;

    // Loop A
    /*@
        [Hint] Please infer the loop invariant for the following loop.

        loop assigns a[lo..hi], i, j;
    */
    for (j = lo; j < hi; j++) {
        if (a[j] <= pivot) {
            i++;
            swap(&a[i], &a[j]);
        }
    }
    swap(&a[i + 1], &a[hi]);
    return i + 1;
}
You are an expert in program verification, and please generate loop invariant as C annotation comments at the hint location (annotated by "[Hint] Please infer the loop invariant for the following loop.") using ACSL language.
ACSL is a specification language for C programs that conforms to the design by contract paradigm, utilizing Hoare style pre- and postconditions and invariants. Note that the `loop invariant` clause is a condition that is true at the beginning and end of every loop iteration.
Specifically, for the current verification task:
    - Pre-condition: the function's `requires` clauses
    - Post-condition: 1:lo <= \result && \result <= hi; e_1:\forall integer i; lo <= i <= \result ==> a[i] <= a[\result]; e_2:\forall integer i; \result <= i <= hi ==> a[i] >= a[\result]; 
Please verify that the generated loop invariant is consistent with these constraints. If these specific pre- or post-conditions are not provided or empty, please infer the loop invariant strictly based on the program's execution logic and standard correctness.
In order to get a correct answer, You may want to consider both the situation of not entering the loop and the situation of jumping out of the loop. If some of the pre-conditions are also loop invariant, you need to add them to your answer as well.
Use '&&', '||', '==>', '\forall' or '\exists' if necessary. For instance:
```
loop invariant 1 <= x;
loop invariant x == y;
loop invariant 0 < x ==> y <= z;
loop invariant z % 2 == 1 || x == y;
loop invariant z % 2 == 1 && x <= y;
loop invariant \forall integer k;  0 <= k < i ==> max >=  a[k];
loop invariant \exists integer k;  0 <= k < i &&  max == a[k];
loop invariant \forall integer p; 0 <= p < \at(k, End_l) ==> res[p] == \at(res[p], End_l);
```
Your answer should follow the following format:
```
loop invariant ...;
loop invariant ...;
...
```
No explanation. No commentary. Just show me the loop invariant.
 /no_think
--------------------------
----------Response----------
[unused16][unused17][Loop <LOOP A>]
loop invariant lo <= i < hi && \forall integer k; lo <= k <= i ==> a[k] <= pivot;
loop invariant \exists integer j; 0 <= j <= hi && (j == i || a[j] > pivot);
[Loop <LOOP B>]
loop invariant \exists integer j; 0 <= j <= hi && (j == i || a[j] > pivot);
loop invariant lo <= \result <= hi && \forall integer i; lo <= i <= \result ==> a[i] <= a[\result];
loop invariant \forall integer i; \result <= i <= hi ==> a[i] >= a[\result];
----------------------------
------------Invariant Info-----------
LOOP A:
i_23: lo <= i < hi && \forall integer k; lo <= k <= i ==> a[k] <= pivot
i_24: \exists integer j; 0 <= j <= hi && (j == i || a[j] > pivot)
i_25: lo <= \result <= hi && \forall integer i; lo <= i <= \result ==> a[i] <= a[\result]
i_26: \forall integer i; \result <= i <= hi ==> a[i] >= a[\result]
------------------------------------
---------- Code with Invariants ----------
/*@
    requires \valid(x) && \valid(y);
    assigns *x, *y;
    ensures *x == \old(*y) && *y == \old(*x);
*/
void swap(int *x, int *y) {
    int tmp = *x;
    *x = *y;
    *y = tmp;
}

/*@
    requires lo <= hi;
    requires \valid(a + (lo .. hi));
    assigns a[lo..hi];
    ensures lo <= \result && \result <= hi;
    ensures e_1: \forall integer i; lo <= i <= \result ==> a[i] <= a[\result];
    ensures e_2: \forall integer i; \result <= i <= hi ==> a[i] >= a[\result];
*/
int _partition_lomuto(int* a, int lo, int hi) {
    int pivot = a[hi];
    int i = lo - 1;
    int j;

    // Loop A
    /*@
        loop invariant i_23: lo <= i < hi && \forall integer k; lo <= k <= i ==> a[k] <= pivot;

        loop invariant i_24: \exists integer j; 0 <= j <= hi && (j == i || a[j] > pivot);

        loop invariant i_25: lo <= \result <= hi && \forall integer i; lo <= i <= \result ==> a[i] <= a[\result];

        loop invariant i_26: \forall integer i; \result <= i <= hi ==> a[i] >= a[\result];


        loop assigns a[lo..hi], i, j;
    */
    for (j = lo; j < hi; j++) {
        if (a[j] <= pivot) {
            i++;
            swap(&a[i], &a[j]);
        }
    }
    swap(&a[i + 1], &a[hi]);
    return i + 1;
}
------------------------------------------
Verification failed (Invalid), removing all invariants and retrying.
Verification failed: reached maximum attempts.
---------Result---------
Fail
Model: openPangu-Embedded-7B-V1.1
Running time: 103.28382921218872
Proposal number: 5
Verified code:

------------------------
