-----------Model-----------
Model type:
PanguEmbeddedForCausalLM(
  (model): PanguEmbeddedModel(
    (embed_tokens): Embedding(153376, 4096, padding_idx=0)
    (layers): ModuleList(
      (0-33): 34 x PanguEmbeddedDecoderLayer(
        (self_attn): PanguEmbeddedAttention(
          (q_proj): Linear(in_features=4096, out_features=4096, bias=True)
          (k_proj): Linear(in_features=4096, out_features=1024, bias=True)
          (v_proj): Linear(in_features=4096, out_features=1024, bias=True)
          (o_proj): Linear(in_features=4096, out_features=4096, bias=True)
        )
        (mlp): PanguEmbeddedMLP(
          (gate_proj): Linear(in_features=4096, out_features=12800, bias=False)
          (up_proj): Linear(in_features=4096, out_features=12800, bias=False)
          (down_proj): Linear(in_features=12800, out_features=4096, bias=False)
          (act_fn): SiLU()
        )
        (input_layernorm): PanguEmbeddedRMSNorm((4096,), eps=1e-05)
        (post_attention_layernorm): PanguEmbeddedRMSNorm((4096,), eps=1e-05)
      )
    )
    (norm): PanguEmbeddedRMSNorm((4096,), eps=1e-05)
    (rotary_emb): PanguEmbeddedRotaryEmbedding()
  )
  (lm_head): Linear(in_features=4096, out_features=153376, bias=False)
)
Model device:
npu:1
---------------------------
File Path: ../Benchmark/OOPSLA/oopsla_22.c
----------Code----------
#include <assert.h>
int unknown1();
int unknown2();
int unknown3();
int unknown4();

void oopsla_22(){
    int x = 0;
    int y = 0;
    int z = 0;
    int k = 0;

    /*@
        loop assigns z;
        loop assigns y;
        loop assigns x;
        loop assigns k;
    */
    while(unknown1())
    {
        if(k%3 == 0){
            x++;
        }
        y++;
        z++;
        k = x+y+z;
    }

    //@ assert a_1: x==y;
    //@ assert a_2: y==z;
 
}
------------------------
========== Attempt 1 ==========
----------Prompt----------

#include <assert.h>
int unknown1();
int unknown2();
int unknown3();
int unknown4();

void oopsla_22(){
    int x = 0;
    int y = 0;
    int z = 0;
    int k = 0;

    // Loop A
    /*@
        [Hint] Please infer the loop invariant for the following loop.

        loop assigns z;
        loop assigns y;
        loop assigns x;
        loop assigns k;
    */
    while(unknown1())
    {
        if(k%3 == 0){
            x++;
        }
        y++;
        z++;
        k = x+y+z;
    }

    //@ assert a_1: x==y;
    //@ assert a_2: y==z;
 
}
You are an expert in program verification, and please generate loop invariant as C annotation comments at the hint location (annotated by "[Hint] Please infer the loop invariant for the following loop.") using ACSL language.
ACSL is a specification language for C programs that conforms to the design by contract paradigm, utilizing Hoare style pre- and postconditions and invariants. Note that the `loop invariant` clause is a condition that is true at the beginning and end of every loop iteration.
Specifically, for the current verification task:
    - Pre-condition: the function's `requires` clauses
    - Post-condition: a_1:x==y; a_2:y==z; 
Please verify that the generated loop invariant is consistent with these constraints. If these specific pre- or post-conditions are not provided or empty, please infer the loop invariant strictly based on the program's execution logic and standard correctness.
In order to get a correct answer, You may want to consider both the situation of not entering the loop and the situation of jumping out of the loop. If some of the pre-conditions are also loop invariant, you need to add them to your answer as well.
Use '&&', '||', '==>', '\forall' or '\exists' if necessary. For instance:
```
loop invariant 1 <= x;
loop invariant x == y;
loop invariant 0 < x ==> y <= z;
loop invariant z % 2 == 1 || x == y;
loop invariant z % 2 == 1 && x <= y;
loop invariant \forall integer k;  0 <= k < i ==> max >=  a[k];
loop invariant \exists integer k;  0 <= k < i &&  max == a[k];
loop invariant \forall integer p; 0 <= p < \at(k, End_l) ==> res[p] == \at(res[p], End_l);
```
Your answer should follow the following format:
```
loop invariant ...;
loop invariant ...;
...
```
No explanation. No commentary. Just show me the loop invariant.
 /no_think
--------------------------
----------Response----------
[unused16][unused17]loop invariant k == x + y + z;
loop invariant x == y;
loop invariant y == z;
```json
[
  {
    "error": "Invalid value for 'x'. Expected a number, but got 'unknown1'.",
    "error": "Invalid value for 'y'. Expected a number, but got 'unknown2'.",
    "error": "Invalid value for 'z'. Expected a number, but got 'unknown3'.",
    "error": "Invalid value for 'k'. Expected a number, but got 'unknown4'."
  }
]
```
----------------------------
------------Invariant Info-----------
LOOP A:
i_0: k == x + y + z
i_1: x == y
i_2: y == z
------------------------------------
---------- Code with Invariants ----------
#include <assert.h>
int unknown1();
int unknown2();
int unknown3();
int unknown4();

void oopsla_22(){
    int x = 0;
    int y = 0;
    int z = 0;
    int k = 0;

    // Loop A
    /*@
        loop invariant i_0: k == x + y + z;

        loop invariant i_1: x == y;

        loop invariant i_2: y == z;


        loop assigns z;
        loop assigns y;
        loop assigns x;
        loop assigns k;
    */
    while(unknown1())
    {
        if(k%3 == 0){
            x++;
        }
        y++;
        z++;
        k = x+y+z;
    }

    //@ assert a_1: x==y;
    //@ assert a_2: y==z;
 
}
------------------------------------------
Verification succeeded.
---------Result---------
Success
Model: openPangu-Embedded-7B-V1.1
Running time: 17.480878353118896
Proposal number: 1
Verified code:
#include <assert.h>
int unknown1();
int unknown2();
int unknown3();
int unknown4();

void oopsla_22(){
    int x = 0;
    int y = 0;
    int z = 0;
    int k = 0;

    // Loop A
    /*@
        loop invariant i_0: k == x + y + z;

        loop invariant i_1: x == y;

        loop invariant i_2: y == z;


        loop assigns z;
        loop assigns y;
        loop assigns x;
        loop assigns k;
    */
    while(unknown1())
    {
        if(k%3 == 0){
            x++;
        }
        y++;
        z++;
        k = x+y+z;
    }

    //@ assert a_1: x==y;
    //@ assert a_2: y==z;
 
}
------------------------
