-----------Model-----------
Model type:
PanguEmbeddedForCausalLM(
  (model): PanguEmbeddedModel(
    (embed_tokens): Embedding(153376, 4096, padding_idx=0)
    (layers): ModuleList(
      (0-33): 34 x PanguEmbeddedDecoderLayer(
        (self_attn): PanguEmbeddedAttention(
          (q_proj): Linear(in_features=4096, out_features=4096, bias=True)
          (k_proj): Linear(in_features=4096, out_features=1024, bias=True)
          (v_proj): Linear(in_features=4096, out_features=1024, bias=True)
          (o_proj): Linear(in_features=4096, out_features=4096, bias=True)
        )
        (mlp): PanguEmbeddedMLP(
          (gate_proj): Linear(in_features=4096, out_features=12800, bias=False)
          (up_proj): Linear(in_features=4096, out_features=12800, bias=False)
          (down_proj): Linear(in_features=12800, out_features=4096, bias=False)
          (act_fn): SiLU()
        )
        (input_layernorm): PanguEmbeddedRMSNorm((4096,), eps=1e-05)
        (post_attention_layernorm): PanguEmbeddedRMSNorm((4096,), eps=1e-05)
      )
    )
    (norm): PanguEmbeddedRMSNorm((4096,), eps=1e-05)
    (rotary_emb): PanguEmbeddedRotaryEmbedding()
  )
  (lm_head): Linear(in_features=4096, out_features=153376, bias=False)
)
Model device:
npu:1
---------------------------
File Path: ../Benchmark/OOPSLA/oopsla_11.c
----------Code----------
int unknown1();
int unknown2();
int unknown3();
int unknown4();

/*
 * Based on ex3 from NECLA Static Analysis Benchmarks
 */


void oopsla_11(){
    int j = 0;
    int i;
    int x = 100;
    
    /*@
        loop assigns j;
        loop assigns i;
    */
    for (i = 0; i < x ; i++){
        j = j + 2;
    }

    //@ assert a_1: j == 2*x;
}



------------------------
----------Prompt----------

int unknown1();
int unknown2();
int unknown3();
int unknown4();

/*
 * Based on ex3 from NECLA Static Analysis Benchmarks
 */


void oopsla_11(){
    int j = 0;
    int i;
    int x = 100;
    
    // Loop A
    /*@
        [Hint] Please infer the loop invariant for the following loop.

        loop assigns j;
        loop assigns i;
    */
    for (i = 0; i < x ; i++){
        j = j + 2;
    }

    //@ assert a_1: j == 2*x;
}



You are an expert in program verification, and please generate loop invariant as C annotation comments at the hint location (annotated by "[Hint] Please infer the loop invariant for the following loop.") using ACSL language.
ACSL is a specification language for C programs that conforms to the design by contract paradigm, utilizing Hoare style pre- and postconditions and invariants. Note that the `loop invariant` clause is a condition that is true at the beginning and end of every loop iteration.
Specifically, for the current verification task:
    - Pre-condition: the function's `requires` clauses
    - Post-condition: a_1:j == 2*x; 
Please verify that the generated loop invariant is consistent with these constraints. If these specific pre- or post-conditions are not provided or empty, please infer the loop invariant strictly based on the program's execution logic and standard correctness.
In order to get a correct answer, You may want to consider both the situation of not entering the loop and the situation of jumping out of the loop. If some of the pre-conditions are also loop invariant, you need to add them to your answer as well.
Use '&&', '||', '==>', '\forall' or '\exists' if necessary. For instance:
```
loop invariant 1 <= x;
loop invariant x == y;
loop invariant 0 < x ==> y <= z;
loop invariant z % 2 == 1 || x == y;
loop invariant z % 2 == 1 && x <= y;
loop invariant \forall integer k;  0 <= k < i ==> max >=  a[k];
loop invariant \exists integer k;  0 <= k < i &&  max == a[k];
loop invariant \forall integer p; 0 <= p < \at(k, End_l) ==> res[p] == \at(res[p], End_l);
```
Your answer should follow the following format:
```
loop invariant ...;
loop invariant ...;
...
```
No explanation. No commentary. Just show me the loop invariant.
 /no_think
--------------------------
----------Response----------
[unused16][unused17]loop invariant j == 0 || x == 100;
```
----------------------------
------------Invariant Info-----------
LOOP A:
i_0: j == 0 || x == 100
------------------------------------
----------Code with Invariants----------
int unknown1();
int unknown2();
int unknown3();
int unknown4();

/*
 * Based on ex3 from NECLA Static Analysis Benchmarks
 */


void oopsla_11(){
    int j = 0;
    int i;
    int x = 100;
    
    // Loop A
    /*@
        loop invariant i_0: j == 0 || x == 100;


        loop assigns j;
        loop assigns i;
    */
    for (i = 0; i < x ; i++){
        j = j + 2;
    }

    //@ assert a_1: j == 2*x;
}



----------------------------------------
----------Begin Revise----------
-------------Ensure Revise: a_1: j == 2*x---------------
----------Prompt----------

int unknown1();
int unknown2();
int unknown3();
int unknown4();

/*
 * Based on ex3 from NECLA Static Analysis Benchmarks
 */


void oopsla_11(){
    int j = 0;
    int i;
    int x = 100;
    
    // Loop A
    /*@
        [Hint] Please strengthen the loop invariant in the following loop.

        loop invariant i_0: j == 0 || x == 100;


        loop assigns j;
        loop assigns i;
    */
    for (i = 0; i < x ; i++){
        j = j + 2;
    }

    //@ assert a_1: j == 2*x;
}



You are an expert in deductive program verification using ACSL and Frama-C.
The program has failed to prove the following `ensures` clause:
[Unproved Ensures]  j == 2*x
To help Frama-C discharge this postcondition, you must strengthen the loop invariant of the LAST executed loop, which is the loop labeled by alphabet "A".  
You should insert additional `loop invariant` clauses only at the location marked by "[Hint] Please strengthen the loop invariant in the following loop."
IMPORTANT RULES:
1. Do NOT repeat or reprint the existing loop invariants already present in the code.
2. Your task is to provide only the new invariants that are necessary to establish the failed ensures clause.
3. The new invariants must be strong enough to imply the ensures clause upon normal loop termination.
4. All invariants you produce must satisfy:
   - Establishment: they hold on loop entry.
   - Preservation: after executing the loop body exactly once, the invariant still holds.
   - Zero-iteration case: the invariant is valid even if the loop never executes.
5. Your answer should follow the following format:
   ```
   loop invariant ...;
   loop invariant ...;
   ...
   ```
5. All invariants must follow ACSL syntax and be valid loop invariants.
6. No explanation. No commentary. Just show me the loop invariant.
 /no_think
--------------------------
----------Response----------
[unused16][unused17]```
loop invariant j <= 2*x;
```
----------------------------
--------------------------------
------------Invariant Info-----------
LOOP A:
i_0: j == 0 || x == 100
i_1: j <= 2*x
------------------------------------
----------Code with Invariants----------
int unknown1();
int unknown2();
int unknown3();
int unknown4();

/*
 * Based on ex3 from NECLA Static Analysis Benchmarks
 */


void oopsla_11(){
    int j = 0;
    int i;
    int x = 100;
    
    // Loop A
    /*@
        loop invariant i_0: j == 0 || x == 100;

        loop invariant i_1: j <= 2*x;


        loop assigns j;
        loop assigns i;
    */
    for (i = 0; i < x ; i++){
        j = j + 2;
    }

    //@ assert a_1: j == 2*x;
}



----------------------------------------
----------Begin Revise----------
-------------Preservation_self: i_1: preservation---------------
----------Prompt----------

int unknown1();
int unknown2();
int unknown3();
int unknown4();

/*
 * Based on ex3 from NECLA Static Analysis Benchmarks
 */


void oopsla_11(){
    int j = 0;
    int i;
    int x = 100;
    
    // Loop A
    /*@
        [Hint] Invariant j <= 2*x not preserved in this loop. Fix or supplement invariants.

        loop invariant i_0: j == 0 || x == 100;

        loop invariant i_1: j <= 2*x;


        loop assigns j;
        loop assigns i;
    */
    for (i = 0; i < x ; i++){
        j = j + 2;
    }

    //@ assert a_1: j == 2*x;
}



You are an expert in deductive program verification using ACSL and Frama-C.
[Unprovable Invariant] j <= 2*x
The above loop invariant of loop "A" fails the preservation (inductive) condition:
after executing one iteration of the loop body, the invariant cannot be re-established.
[Loop Body]
j = j + 2; i++;
This failure indicates that the current invariant may be incorrect or incomplete.  
There are two typical causes:
  1) The invariant is logically incorrect, so it does not hold after the loop body executes once.
     - In this case, you must adjust the invariant so that it is preserved by the loop body.
  2) The invariant is insufficient, i.e., it misses essential supporting conditions needed to re-establish itself.
     - In this case, you must introduce additional invariants so that the whole set becomes inductive.
Your task is to produce the corrected and/or auxiliary invariants that make the preservation step succeed.
IMPORTANT RULES:
1. You MUST NOT output any of the original invariants already in the code. Only output the new or modified invariants.
2. All invariants you produce must satisfy:
   - Establishment: they hold on loop entry.
   - Preservation: after executing the loop body exactly once, the invariant still holds.
   - Zero-iteration case: the invariant is valid even if the loop never executes.
3. The answer must follow this format exactly:
   ```
   loop invariant ...;
   loop invariant ...;
   ...
   ```
4. All invariants must follow ACSL syntax and be valid loop invariants.
5. No explanation. No commentary. Just show me the loop invariant.
 /no_think
--------------------------
----------Response----------
[unused16][unused17]loop invariant j <= 2*x;

loop invariant i_0: j == 0 || x == 100;

loop invariant i_1: j <= 2*x && i < x;

loop invariant j <= 2*x && j - 2*x is divisible by x;

loop invariant j <= 2*x && (j - 2*x) % x == 0;

loop invariant j <= 2*x && (j - 2*x) % x == 0;

loop invariant j <= 2*x && (j - 2*x) mod x == 0;
----------------------------
-------------Ensure Revise: a_1: j == 2*x---------------
----------Prompt----------

int unknown1();
int unknown2();
int unknown3();
int unknown4();

/*
 * Based on ex3 from NECLA Static Analysis Benchmarks
 */


void oopsla_11(){
    int j = 0;
    int i;
    int x = 100;
    
    // Loop A
    /*@
        [Hint] Please strengthen the loop invariant in the following loop.

        loop invariant i_0: j == 0 || x == 100;

        loop invariant i_1: j <= 2*x;

        loop invariant i_2: j <= 2*x && i < x;

        loop invariant i_3: j <= 2*x && j - 2*x is divisible by x;

        loop invariant i_4: j <= 2*x && (j - 2*x) % x == 0;

        loop invariant i_5: j <= 2*x && (j - 2*x) mod x == 0;


        loop assigns j;
        loop assigns i;
    */
    for (i = 0; i < x ; i++){
        j = j + 2;
    }

    //@ assert a_1: j == 2*x;
}



You are an expert in deductive program verification using ACSL and Frama-C.
The program has failed to prove the following `ensures` clause:
[Unproved Ensures]  j == 2*x
To help Frama-C discharge this postcondition, you must strengthen the loop invariant of the LAST executed loop, which is the loop labeled by alphabet "A".  
You should insert additional `loop invariant` clauses only at the location marked by "[Hint] Please strengthen the loop invariant in the following loop."
IMPORTANT RULES:
1. Do NOT repeat or reprint the existing loop invariants already present in the code.
2. Your task is to provide only the new invariants that are necessary to establish the failed ensures clause.
3. The new invariants must be strong enough to imply the ensures clause upon normal loop termination.
4. All invariants you produce must satisfy:
   - Establishment: they hold on loop entry.
   - Preservation: after executing the loop body exactly once, the invariant still holds.
   - Zero-iteration case: the invariant is valid even if the loop never executes.
5. Your answer should follow the following format:
   ```
   loop invariant ...;
   loop invariant ...;
   ...
   ```
5. All invariants must follow ACSL syntax and be valid loop invariants.
6. No explanation. No commentary. Just show me the loop invariant.
 /no_think
--------------------------
----------Response----------
[unused16][unused17]loop invariant j <= 2*x;

loop invariant j - 2*x is divisible by x;

loop invariant j <= 2*x && (j - 2*x) % x == 0;
----------------------------
--------------------------------
------------Invariant Info-----------
LOOP A:
i_0: j == 0 || x == 100
i_1: j <= 2*x
i_2: j <= 2*x && i < x
i_3: j <= 2*x && j - 2*x is divisible by x
i_4: j <= 2*x && (j - 2*x) % x == 0
i_5: j <= 2*x && (j - 2*x) mod x == 0
i_6: j - 2*x is divisible by x
------------------------------------
----------Code with Invariants----------
int unknown1();
int unknown2();
int unknown3();
int unknown4();

/*
 * Based on ex3 from NECLA Static Analysis Benchmarks
 */


void oopsla_11(){
    int j = 0;
    int i;
    int x = 100;
    
    // Loop A
    /*@
        loop invariant i_0: j == 0 || x == 100;

        loop invariant i_1: j <= 2*x;

        loop invariant i_2: j <= 2*x && i < x;

        loop invariant i_3: j <= 2*x && j - 2*x is divisible by x;

        loop invariant i_4: j <= 2*x && (j - 2*x) % x == 0;

        loop invariant i_5: j <= 2*x && (j - 2*x) mod x == 0;

        loop invariant i_6: j - 2*x is divisible by x;


        loop assigns j;
        loop assigns i;
    */
    for (i = 0; i < x ; i++){
        j = j + 2;
    }

    //@ assert a_1: j == 2*x;
}



----------------------------------------
------------Invariant Info-----------
LOOP A:
i_0: j == 0 || x == 100
i_1: j <= 2*x
i_2: j <= 2*x && i < x
i_4: j <= 2*x && (j - 2*x) % x == 0
i_5: j <= 2*x && (j - 2*x) mod x == 0
i_6: j - 2*x is divisible by x
------------------------------------
----------Code with Invariants----------
int unknown1();
int unknown2();
int unknown3();
int unknown4();

/*
 * Based on ex3 from NECLA Static Analysis Benchmarks
 */


void oopsla_11(){
    int j = 0;
    int i;
    int x = 100;
    
    // Loop A
    /*@
        loop invariant i_0: j == 0 || x == 100;

        loop invariant i_1: j <= 2*x;

        loop invariant i_2: j <= 2*x && i < x;

        loop invariant i_4: j <= 2*x && (j - 2*x) % x == 0;

        loop invariant i_5: j <= 2*x && (j - 2*x) mod x == 0;

        loop invariant i_6: j - 2*x is divisible by x;


        loop assigns j;
        loop assigns i;
    */
    for (i = 0; i < x ; i++){
        j = j + 2;
    }

    //@ assert a_1: j == 2*x;
}



----------------------------------------
------------Invariant Info-----------
LOOP A:
i_0: j == 0 || x == 100
i_1: j <= 2*x
i_2: j <= 2*x && i < x
i_4: j <= 2*x && (j - 2*x) % x == 0
i_6: j - 2*x is divisible by x
------------------------------------
----------Code with Invariants----------
int unknown1();
int unknown2();
int unknown3();
int unknown4();

/*
 * Based on ex3 from NECLA Static Analysis Benchmarks
 */


void oopsla_11(){
    int j = 0;
    int i;
    int x = 100;
    
    // Loop A
    /*@
        loop invariant i_0: j == 0 || x == 100;

        loop invariant i_1: j <= 2*x;

        loop invariant i_2: j <= 2*x && i < x;

        loop invariant i_4: j <= 2*x && (j - 2*x) % x == 0;

        loop invariant i_6: j - 2*x is divisible by x;


        loop assigns j;
        loop assigns i;
    */
    for (i = 0; i < x ; i++){
        j = j + 2;
    }

    //@ assert a_1: j == 2*x;
}



----------------------------------------
------------Invariant Info-----------
LOOP A:
i_0: j == 0 || x == 100
i_1: j <= 2*x
i_2: j <= 2*x && i < x
i_4: j <= 2*x && (j - 2*x) % x == 0
------------------------------------
----------Code with Invariants----------
int unknown1();
int unknown2();
int unknown3();
int unknown4();

/*
 * Based on ex3 from NECLA Static Analysis Benchmarks
 */


void oopsla_11(){
    int j = 0;
    int i;
    int x = 100;
    
    // Loop A
    /*@
        loop invariant i_0: j == 0 || x == 100;

        loop invariant i_1: j <= 2*x;

        loop invariant i_2: j <= 2*x && i < x;

        loop invariant i_4: j <= 2*x && (j - 2*x) % x == 0;


        loop assigns j;
        loop assigns i;
    */
    for (i = 0; i < x ; i++){
        j = j + 2;
    }

    //@ assert a_1: j == 2*x;
}



----------------------------------------
----------Begin Revise----------
-------------Preservation_self: i_4: preservation---------------
----------Prompt----------

int unknown1();
int unknown2();
int unknown3();
int unknown4();

/*
 * Based on ex3 from NECLA Static Analysis Benchmarks
 */


void oopsla_11(){
    int j = 0;
    int i;
    int x = 100;
    
    // Loop A
    /*@
        [Hint] Invariant j <= 2*x && (j - 2*x) % x == 0 not preserved in this loop. Fix or supplement invariants.

        loop invariant i_0: j == 0 || x == 100;

        loop invariant i_1: j <= 2*x;

        loop invariant i_2: j <= 2*x && i < x;

        loop invariant i_4: j <= 2*x && (j - 2*x) % x == 0;


        loop assigns j;
        loop assigns i;
    */
    for (i = 0; i < x ; i++){
        j = j + 2;
    }

    //@ assert a_1: j == 2*x;
}



You are an expert in deductive program verification using ACSL and Frama-C.
[Unprovable Invariant] j <= 2*x && (j - 2*x) % x == 0
The above loop invariant of loop "A" fails the preservation (inductive) condition:
after executing one iteration of the loop body, the invariant cannot be re-established.
[Loop Body]
j = j + 2; i++;
This failure indicates that the current invariant may be incorrect or incomplete.  
There are two typical causes:
  1) The invariant is logically incorrect, so it does not hold after the loop body executes once.
     - In this case, you must adjust the invariant so that it is preserved by the loop body.
  2) The invariant is insufficient, i.e., it misses essential supporting conditions needed to re-establish itself.
     - In this case, you must introduce additional invariants so that the whole set becomes inductive.
Your task is to produce the corrected and/or auxiliary invariants that make the preservation step succeed.
IMPORTANT RULES:
1. You MUST NOT output any of the original invariants already in the code. Only output the new or modified invariants.
2. All invariants you produce must satisfy:
   - Establishment: they hold on loop entry.
   - Preservation: after executing the loop body exactly once, the invariant still holds.
   - Zero-iteration case: the invariant is valid even if the loop never executes.
3. The answer must follow this format exactly:
   ```
   loop invariant ...;
   loop invariant ...;
   ...
   ```
4. All invariants must follow ACSL syntax and be valid loop invariants.
5. No explanation. No commentary. Just show me the loop invariant.
 /no_think
--------------------------
----------Response----------
[unused16][unused17]```
loop invariant j <= 2*x && (j - 2*x) % x == 0;
```
----------------------------
-------------Preservation_self: i_2: preservation---------------
----------Prompt----------

int unknown1();
int unknown2();
int unknown3();
int unknown4();

/*
 * Based on ex3 from NECLA Static Analysis Benchmarks
 */


void oopsla_11(){
    int j = 0;
    int i;
    int x = 100;
    
    // Loop A
    /*@
        [Hint] Invariant j <= 2*x && i < x not preserved in this loop. Fix or supplement invariants.

        loop invariant i_0: j == 0 || x == 100;

        loop invariant i_1: j <= 2*x;

        loop invariant i_2: j <= 2*x && i < x;

        loop invariant i_4: j <= 2*x && (j - 2*x) % x == 0;


        loop assigns j;
        loop assigns i;
    */
    for (i = 0; i < x ; i++){
        j = j + 2;
    }

    //@ assert a_1: j == 2*x;
}



You are an expert in deductive program verification using ACSL and Frama-C.
[Unprovable Invariant] j <= 2*x && i < x
The above loop invariant of loop "A" fails the preservation (inductive) condition:
after executing one iteration of the loop body, the invariant cannot be re-established.
[Loop Body]
j = j + 2; i++;
This failure indicates that the current invariant may be incorrect or incomplete.  
There are two typical causes:
  1) The invariant is logically incorrect, so it does not hold after the loop body executes once.
     - In this case, you must adjust the invariant so that it is preserved by the loop body.
  2) The invariant is insufficient, i.e., it misses essential supporting conditions needed to re-establish itself.
     - In this case, you must introduce additional invariants so that the whole set becomes inductive.
Your task is to produce the corrected and/or auxiliary invariants that make the preservation step succeed.
IMPORTANT RULES:
1. You MUST NOT output any of the original invariants already in the code. Only output the new or modified invariants.
2. All invariants you produce must satisfy:
   - Establishment: they hold on loop entry.
   - Preservation: after executing the loop body exactly once, the invariant still holds.
   - Zero-iteration case: the invariant is valid even if the loop never executes.
3. The answer must follow this format exactly:
   ```
   loop invariant ...;
   loop invariant ...;
   ...
   ```
4. All invariants must follow ACSL syntax and be valid loop invariants.
5. No explanation. No commentary. Just show me the loop invariant.
 /no_think
--------------------------
----------Response----------
[unused16][unused17]loop invariant j <= 2*x;

loop invariant j <= 2*x && i < x;

loop invariant j <= 2*x && (j - 2*x) % x == 0;

loop invariant j <= 2*x && (j - 2*x) % x == 0;
----------------------------
-------------Preservation_self: i_1: preservation---------------
----------Prompt----------

int unknown1();
int unknown2();
int unknown3();
int unknown4();

/*
 * Based on ex3 from NECLA Static Analysis Benchmarks
 */


void oopsla_11(){
    int j = 0;
    int i;
    int x = 100;
    
    // Loop A
    /*@
        [Hint] Invariant j <= 2*x not preserved in this loop. Fix or supplement invariants.

        loop invariant i_0: j == 0 || x == 100;

        loop invariant i_1: j <= 2*x;

        loop invariant i_2: j <= 2*x && i < x;

        loop invariant i_4: j <= 2*x && (j - 2*x) % x == 0;


        loop assigns j;
        loop assigns i;
    */
    for (i = 0; i < x ; i++){
        j = j + 2;
    }

    //@ assert a_1: j == 2*x;
}



You are an expert in deductive program verification using ACSL and Frama-C.
[Unprovable Invariant] j <= 2*x
The above loop invariant of loop "A" fails the preservation (inductive) condition:
after executing one iteration of the loop body, the invariant cannot be re-established.
[Loop Body]
j = j + 2; i++;
This failure indicates that the current invariant may be incorrect or incomplete.  
There are two typical causes:
  1) The invariant is logically incorrect, so it does not hold after the loop body executes once.
     - In this case, you must adjust the invariant so that it is preserved by the loop body.
  2) The invariant is insufficient, i.e., it misses essential supporting conditions needed to re-establish itself.
     - In this case, you must introduce additional invariants so that the whole set becomes inductive.
Your task is to produce the corrected and/or auxiliary invariants that make the preservation step succeed.
IMPORTANT RULES:
1. You MUST NOT output any of the original invariants already in the code. Only output the new or modified invariants.
2. All invariants you produce must satisfy:
   - Establishment: they hold on loop entry.
   - Preservation: after executing the loop body exactly once, the invariant still holds.
   - Zero-iteration case: the invariant is valid even if the loop never executes.
3. The answer must follow this format exactly:
   ```
   loop invariant ...;
   loop invariant ...;
   ...
   ```
4. All invariants must follow ACSL syntax and be valid loop invariants.
5. No explanation. No commentary. Just show me the loop invariant.
 /no_think
--------------------------
----------Response----------
[unused16][unused17]```
loop invariant j <= 2*x;

loop invariant j <= 2*x && j % x == 0;

loop invariant j <= 2*x && (j - 2*x) % x == 0;
```
----------------------------
--------------------------------
------------Invariant Info-----------
LOOP A:
i_0: j == 0 || x == 100
i_1: j <= 2*x
i_2: j <= 2*x && i < x
i_4: j <= 2*x && (j - 2*x) % x == 0
i_7: j <= 2*x && j % x == 0
------------------------------------
----------Code with Invariants----------
int unknown1();
int unknown2();
int unknown3();
int unknown4();

/*
 * Based on ex3 from NECLA Static Analysis Benchmarks
 */


void oopsla_11(){
    int j = 0;
    int i;
    int x = 100;
    
    // Loop A
    /*@
        loop invariant i_0: j == 0 || x == 100;

        loop invariant i_1: j <= 2*x;

        loop invariant i_2: j <= 2*x && i < x;

        loop invariant i_4: j <= 2*x && (j - 2*x) % x == 0;

        loop invariant i_7: j <= 2*x && j % x == 0;


        loop assigns j;
        loop assigns i;
    */
    for (i = 0; i < x ; i++){
        j = j + 2;
    }

    //@ assert a_1: j == 2*x;
}



----------------------------------------
----------Begin Revise----------
-------------Preservation_self: i_1: preservation---------------
----------Prompt----------

int unknown1();
int unknown2();
int unknown3();
int unknown4();

/*
 * Based on ex3 from NECLA Static Analysis Benchmarks
 */


void oopsla_11(){
    int j = 0;
    int i;
    int x = 100;
    
    // Loop A
    /*@
        [Hint] Invariant j <= 2*x not preserved in this loop. Fix or supplement invariants.

        loop invariant i_0: j == 0 || x == 100;

        loop invariant i_1: j <= 2*x;

        loop invariant i_2: j <= 2*x && i < x;

        loop invariant i_4: j <= 2*x && (j - 2*x) % x == 0;

        loop invariant i_7: j <= 2*x && j % x == 0;


        loop assigns j;
        loop assigns i;
    */
    for (i = 0; i < x ; i++){
        j = j + 2;
    }

    //@ assert a_1: j == 2*x;
}



You are an expert in deductive program verification using ACSL and Frama-C.
[Unprovable Invariant] j <= 2*x
The above loop invariant of loop "A" fails the preservation (inductive) condition:
after executing one iteration of the loop body, the invariant cannot be re-established.
[Loop Body]
j = j + 2; i++;
This failure indicates that the current invariant may be incorrect or incomplete.  
There are two typical causes:
  1) The invariant is logically incorrect, so it does not hold after the loop body executes once.
     - In this case, you must adjust the invariant so that it is preserved by the loop body.
  2) The invariant is insufficient, i.e., it misses essential supporting conditions needed to re-establish itself.
     - In this case, you must introduce additional invariants so that the whole set becomes inductive.
Your task is to produce the corrected and/or auxiliary invariants that make the preservation step succeed.
IMPORTANT RULES:
1. You MUST NOT output any of the original invariants already in the code. Only output the new or modified invariants.
2. All invariants you produce must satisfy:
   - Establishment: they hold on loop entry.
   - Preservation: after executing the loop body exactly once, the invariant still holds.
   - Zero-iteration case: the invariant is valid even if the loop never executes.
3. The answer must follow this format exactly:
   ```
   loop invariant ...;
   loop invariant ...;
   ...
   ```
4. All invariants must follow ACSL syntax and be valid loop invariants.
5. No explanation. No commentary. Just show me the loop invariant.
 /no_think
--------------------------
----------Response----------
[unused16][unused17]```
loop invariant j <= 2*x && j % x == 0;
```
----------------------------
-------------Preservation_self: i_4: preservation---------------
----------Prompt----------

int unknown1();
int unknown2();
int unknown3();
int unknown4();

/*
 * Based on ex3 from NECLA Static Analysis Benchmarks
 */


void oopsla_11(){
    int j = 0;
    int i;
    int x = 100;
    
    // Loop A
    /*@
        [Hint] Invariant j <= 2*x && (j - 2*x) % x == 0 not preserved in this loop. Fix or supplement invariants.

        loop invariant i_0: j == 0 || x == 100;

        loop invariant i_1: j <= 2*x;

        loop invariant i_2: j <= 2*x && i < x;

        loop invariant i_4: j <= 2*x && (j - 2*x) % x == 0;

        loop invariant i_7: j <= 2*x && j % x == 0;


        loop assigns j;
        loop assigns i;
    */
    for (i = 0; i < x ; i++){
        j = j + 2;
    }

    //@ assert a_1: j == 2*x;
}



You are an expert in deductive program verification using ACSL and Frama-C.
[Unprovable Invariant] j <= 2*x && (j - 2*x) % x == 0
The above loop invariant of loop "A" fails the preservation (inductive) condition:
after executing one iteration of the loop body, the invariant cannot be re-established.
[Loop Body]
j = j + 2; i++;
This failure indicates that the current invariant may be incorrect or incomplete.  
There are two typical causes:
  1) The invariant is logically incorrect, so it does not hold after the loop body executes once.
     - In this case, you must adjust the invariant so that it is preserved by the loop body.
  2) The invariant is insufficient, i.e., it misses essential supporting conditions needed to re-establish itself.
     - In this case, you must introduce additional invariants so that the whole set becomes inductive.
Your task is to produce the corrected and/or auxiliary invariants that make the preservation step succeed.
IMPORTANT RULES:
1. You MUST NOT output any of the original invariants already in the code. Only output the new or modified invariants.
2. All invariants you produce must satisfy:
   - Establishment: they hold on loop entry.
   - Preservation: after executing the loop body exactly once, the invariant still holds.
   - Zero-iteration case: the invariant is valid even if the loop never executes.
3. The answer must follow this format exactly:
   ```
   loop invariant ...;
   loop invariant ...;
   ...
   ```
4. All invariants must follow ACSL syntax and be valid loop invariants.
5. No explanation. No commentary. Just show me the loop invariant.
 /no_think
--------------------------
----------Response----------
[unused16][unused17]loop invariant j <= 2*x && (j - 2*x) % x == 0;
----------------------------
-------------Preservation_self: i_2: preservation---------------
----------Prompt----------

int unknown1();
int unknown2();
int unknown3();
int unknown4();

/*
 * Based on ex3 from NECLA Static Analysis Benchmarks
 */


void oopsla_11(){
    int j = 0;
    int i;
    int x = 100;
    
    // Loop A
    /*@
        [Hint] Invariant j <= 2*x && i < x not preserved in this loop. Fix or supplement invariants.

        loop invariant i_0: j == 0 || x == 100;

        loop invariant i_1: j <= 2*x;

        loop invariant i_2: j <= 2*x && i < x;

        loop invariant i_4: j <= 2*x && (j - 2*x) % x == 0;

        loop invariant i_7: j <= 2*x && j % x == 0;


        loop assigns j;
        loop assigns i;
    */
    for (i = 0; i < x ; i++){
        j = j + 2;
    }

    //@ assert a_1: j == 2*x;
}



You are an expert in deductive program verification using ACSL and Frama-C.
[Unprovable Invariant] j <= 2*x && i < x
The above loop invariant of loop "A" fails the preservation (inductive) condition:
after executing one iteration of the loop body, the invariant cannot be re-established.
[Loop Body]
j = j + 2; i++;
This failure indicates that the current invariant may be incorrect or incomplete.  
There are two typical causes:
  1) The invariant is logically incorrect, so it does not hold after the loop body executes once.
     - In this case, you must adjust the invariant so that it is preserved by the loop body.
  2) The invariant is insufficient, i.e., it misses essential supporting conditions needed to re-establish itself.
     - In this case, you must introduce additional invariants so that the whole set becomes inductive.
Your task is to produce the corrected and/or auxiliary invariants that make the preservation step succeed.
IMPORTANT RULES:
1. You MUST NOT output any of the original invariants already in the code. Only output the new or modified invariants.
2. All invariants you produce must satisfy:
   - Establishment: they hold on loop entry.
   - Preservation: after executing the loop body exactly once, the invariant still holds.
   - Zero-iteration case: the invariant is valid even if the loop never executes.
3. The answer must follow this format exactly:
   ```
   loop invariant ...;
   loop invariant ...;
   ...
   ```
4. All invariants must follow ACSL syntax and be valid loop invariants.
5. No explanation. No commentary. Just show me the loop invariant.
 /no_think
--------------------------
----------Response----------
[unused16][unused17]loop invariant j <= 2*x && i < x;

loop invariant j <= 2*x && (j - 2*x) % x == 0;

loop invariant j <= 2*x && j % x == 0;
----------------------------
--------------------------------
------------Invariant Info-----------
LOOP A:
i_0: j == 0 || x == 100
i_1: j <= 2*x
i_2: j <= 2*x && i < x
i_4: j <= 2*x && (j - 2*x) % x == 0
i_7: j <= 2*x && j % x == 0
------------------------------------
----------Code with Invariants----------
int unknown1();
int unknown2();
int unknown3();
int unknown4();

/*
 * Based on ex3 from NECLA Static Analysis Benchmarks
 */


void oopsla_11(){
    int j = 0;
    int i;
    int x = 100;
    
    // Loop A
    /*@
        loop invariant i_0: j == 0 || x == 100;

        loop invariant i_1: j <= 2*x;

        loop invariant i_2: j <= 2*x && i < x;

        loop invariant i_4: j <= 2*x && (j - 2*x) % x == 0;

        loop invariant i_7: j <= 2*x && j % x == 0;


        loop assigns j;
        loop assigns i;
    */
    for (i = 0; i < x ; i++){
        j = j + 2;
    }

    //@ assert a_1: j == 2*x;
}



----------------------------------------
----------Begin Revise----------
-------------Preservation_self: i_2: preservation---------------
----------Prompt----------

int unknown1();
int unknown2();
int unknown3();
int unknown4();

/*
 * Based on ex3 from NECLA Static Analysis Benchmarks
 */


void oopsla_11(){
    int j = 0;
    int i;
    int x = 100;
    
    // Loop A
    /*@
        [Hint] Invariant j <= 2*x && i < x not preserved in this loop. Fix or supplement invariants.

        loop invariant i_0: j == 0 || x == 100;

        loop invariant i_1: j <= 2*x;

        loop invariant i_2: j <= 2*x && i < x;

        loop invariant i_4: j <= 2*x && (j - 2*x) % x == 0;

        loop invariant i_7: j <= 2*x && j % x == 0;


        loop assigns j;
        loop assigns i;
    */
    for (i = 0; i < x ; i++){
        j = j + 2;
    }

    //@ assert a_1: j == 2*x;
}



You are an expert in deductive program verification using ACSL and Frama-C.
[Unprovable Invariant] j <= 2*x && i < x
The above loop invariant of loop "A" fails the preservation (inductive) condition:
after executing one iteration of the loop body, the invariant cannot be re-established.
[Loop Body]
j = j + 2; i++;
This failure indicates that the current invariant may be incorrect or incomplete.  
There are two typical causes:
  1) The invariant is logically incorrect, so it does not hold after the loop body executes once.
     - In this case, you must adjust the invariant so that it is preserved by the loop body.
  2) The invariant is insufficient, i.e., it misses essential supporting conditions needed to re-establish itself.
     - In this case, you must introduce additional invariants so that the whole set becomes inductive.
Your task is to produce the corrected and/or auxiliary invariants that make the preservation step succeed.
IMPORTANT RULES:
1. You MUST NOT output any of the original invariants already in the code. Only output the new or modified invariants.
2. All invariants you produce must satisfy:
   - Establishment: they hold on loop entry.
   - Preservation: after executing the loop body exactly once, the invariant still holds.
   - Zero-iteration case: the invariant is valid even if the loop never executes.
3. The answer must follow this format exactly:
   ```
   loop invariant ...;
   loop invariant ...;
   ...
   ```
4. All invariants must follow ACSL syntax and be valid loop invariants.
5. No explanation. No commentary. Just show me the loop invariant.
 /no_think
--------------------------
----------Response----------
[unused16][unused17]loop invariant j <= 2*x && i < x;

loop invariant j <= 2*x && (j - 2*x) % x == 0;
----------------------------
-------------Preservation_self: i_4: preservation---------------
----------Prompt----------

int unknown1();
int unknown2();
int unknown3();
int unknown4();

/*
 * Based on ex3 from NECLA Static Analysis Benchmarks
 */


void oopsla_11(){
    int j = 0;
    int i;
    int x = 100;
    
    // Loop A
    /*@
        [Hint] Invariant j <= 2*x && (j - 2*x) % x == 0 not preserved in this loop. Fix or supplement invariants.

        loop invariant i_0: j == 0 || x == 100;

        loop invariant i_1: j <= 2*x;

        loop invariant i_2: j <= 2*x && i < x;

        loop invariant i_4: j <= 2*x && (j - 2*x) % x == 0;

        loop invariant i_7: j <= 2*x && j % x == 0;


        loop assigns j;
        loop assigns i;
    */
    for (i = 0; i < x ; i++){
        j = j + 2;
    }

    //@ assert a_1: j == 2*x;
}



You are an expert in deductive program verification using ACSL and Frama-C.
[Unprovable Invariant] j <= 2*x && (j - 2*x) % x == 0
The above loop invariant of loop "A" fails the preservation (inductive) condition:
after executing one iteration of the loop body, the invariant cannot be re-established.
[Loop Body]
j = j + 2; i++;
This failure indicates that the current invariant may be incorrect or incomplete.  
There are two typical causes:
  1) The invariant is logically incorrect, so it does not hold after the loop body executes once.
     - In this case, you must adjust the invariant so that it is preserved by the loop body.
  2) The invariant is insufficient, i.e., it misses essential supporting conditions needed to re-establish itself.
     - In this case, you must introduce additional invariants so that the whole set becomes inductive.
Your task is to produce the corrected and/or auxiliary invariants that make the preservation step succeed.
IMPORTANT RULES:
1. You MUST NOT output any of the original invariants already in the code. Only output the new or modified invariants.
2. All invariants you produce must satisfy:
   - Establishment: they hold on loop entry.
   - Preservation: after executing the loop body exactly once, the invariant still holds.
   - Zero-iteration case: the invariant is valid even if the loop never executes.
3. The answer must follow this format exactly:
   ```
   loop invariant ...;
   loop invariant ...;
   ...
   ```
4. All invariants must follow ACSL syntax and be valid loop invariants.
5. No explanation. No commentary. Just show me the loop invariant.
 /no_think
--------------------------
----------Response----------
[unused16][unused17]```
loop invariant j <= 2*x;
loop invariant j <= 2*x && (j - 2*x) % x == 0;
```
----------------------------
-------------Preservation_self: i_1: preservation---------------
----------Prompt----------

int unknown1();
int unknown2();
int unknown3();
int unknown4();

/*
 * Based on ex3 from NECLA Static Analysis Benchmarks
 */


void oopsla_11(){
    int j = 0;
    int i;
    int x = 100;
    
    // Loop A
    /*@
        [Hint] Invariant j <= 2*x not preserved in this loop. Fix or supplement invariants.

        loop invariant i_0: j == 0 || x == 100;

        loop invariant i_1: j <= 2*x;

        loop invariant i_2: j <= 2*x && i < x;

        loop invariant i_4: j <= 2*x && (j - 2*x) % x == 0;

        loop invariant i_7: j <= 2*x && j % x == 0;


        loop assigns j;
        loop assigns i;
    */
    for (i = 0; i < x ; i++){
        j = j + 2;
    }

    //@ assert a_1: j == 2*x;
}



You are an expert in deductive program verification using ACSL and Frama-C.
[Unprovable Invariant] j <= 2*x
The above loop invariant of loop "A" fails the preservation (inductive) condition:
after executing one iteration of the loop body, the invariant cannot be re-established.
[Loop Body]
j = j + 2; i++;
This failure indicates that the current invariant may be incorrect or incomplete.  
There are two typical causes:
  1) The invariant is logically incorrect, so it does not hold after the loop body executes once.
     - In this case, you must adjust the invariant so that it is preserved by the loop body.
  2) The invariant is insufficient, i.e., it misses essential supporting conditions needed to re-establish itself.
     - In this case, you must introduce additional invariants so that the whole set becomes inductive.
Your task is to produce the corrected and/or auxiliary invariants that make the preservation step succeed.
IMPORTANT RULES:
1. You MUST NOT output any of the original invariants already in the code. Only output the new or modified invariants.
2. All invariants you produce must satisfy:
   - Establishment: they hold on loop entry.
   - Preservation: after executing the loop body exactly once, the invariant still holds.
   - Zero-iteration case: the invariant is valid even if the loop never executes.
3. The answer must follow this format exactly:
   ```
   loop invariant ...;
   loop invariant ...;
   ...
   ```
4. All invariants must follow ACSL syntax and be valid loop invariants.
5. No explanation. No commentary. Just show me the loop invariant.
 /no_think
--------------------------
----------Response----------
[unused16][unused17]loop invariant j <= 2*x;

loop invariant j <= 2*x && j % x == 0;

loop invariant j <= 2*x && (j - 2*x) % x == 0;

loop invariant j <= 2*x && i == 0 || j % x == 0;

loop invariant j <= 2*x && i < x;

loop invariant j <= 2*x && (j - 2*x) % x == 0 && i < x;

loop invariant j <= 2*x && j % x == 0 && i < x;

loop invariant j <= 2*x && (j - 2*x) % x == 0 && i < x;
----------------------------
--------------------------------
------------Invariant Info-----------
LOOP A:
i_0: j == 0 || x == 100
i_1: j <= 2*x
i_2: j <= 2*x && i < x
i_4: j <= 2*x && (j - 2*x) % x == 0
i_7: j <= 2*x && j % x == 0
i_8: j <= 2*x && i == 0 || j % x == 0
i_9: j <= 2*x && (j - 2*x) % x == 0 && i < x
i_10: j <= 2*x && j % x == 0 && i < x
------------------------------------
----------Code with Invariants----------
int unknown1();
int unknown2();
int unknown3();
int unknown4();

/*
 * Based on ex3 from NECLA Static Analysis Benchmarks
 */


void oopsla_11(){
    int j = 0;
    int i;
    int x = 100;
    
    // Loop A
    /*@
        loop invariant i_0: j == 0 || x == 100;

        loop invariant i_1: j <= 2*x;

        loop invariant i_2: j <= 2*x && i < x;

        loop invariant i_4: j <= 2*x && (j - 2*x) % x == 0;

        loop invariant i_7: j <= 2*x && j % x == 0;

        loop invariant i_8: j <= 2*x && i == 0 || j % x == 0;

        loop invariant i_9: j <= 2*x && (j - 2*x) % x == 0 && i < x;

        loop invariant i_10: j <= 2*x && j % x == 0 && i < x;


        loop assigns j;
        loop assigns i;
    */
    for (i = 0; i < x ; i++){
        j = j + 2;
    }

    //@ assert a_1: j == 2*x;
}



----------------------------------------
----------Begin Revise----------
-------------Preservation_self: i_1: preservation---------------
----------Prompt----------

int unknown1();
int unknown2();
int unknown3();
int unknown4();

/*
 * Based on ex3 from NECLA Static Analysis Benchmarks
 */


void oopsla_11(){
    int j = 0;
    int i;
    int x = 100;
    
    // Loop A
    /*@
        [Hint] Invariant j <= 2*x not preserved in this loop. Fix or supplement invariants.

        loop invariant i_0: j == 0 || x == 100;

        loop invariant i_1: j <= 2*x;

        loop invariant i_2: j <= 2*x && i < x;

        loop invariant i_4: j <= 2*x && (j - 2*x) % x == 0;

        loop invariant i_7: j <= 2*x && j % x == 0;

        loop invariant i_8: j <= 2*x && i == 0 || j % x == 0;

        loop invariant i_9: j <= 2*x && (j - 2*x) % x == 0 && i < x;

        loop invariant i_10: j <= 2*x && j % x == 0 && i < x;


        loop assigns j;
        loop assigns i;
    */
    for (i = 0; i < x ; i++){
        j = j + 2;
    }

    //@ assert a_1: j == 2*x;
}



You are an expert in deductive program verification using ACSL and Frama-C.
[Unprovable Invariant] j <= 2*x
The above loop invariant of loop "A" fails the preservation (inductive) condition:
after executing one iteration of the loop body, the invariant cannot be re-established.
[Loop Body]
j = j + 2; i++;
This failure indicates that the current invariant may be incorrect or incomplete.  
There are two typical causes:
  1) The invariant is logically incorrect, so it does not hold after the loop body executes once.
     - In this case, you must adjust the invariant so that it is preserved by the loop body.
  2) The invariant is insufficient, i.e., it misses essential supporting conditions needed to re-establish itself.
     - In this case, you must introduce additional invariants so that the whole set becomes inductive.
Your task is to produce the corrected and/or auxiliary invariants that make the preservation step succeed.
IMPORTANT RULES:
1. You MUST NOT output any of the original invariants already in the code. Only output the new or modified invariants.
2. All invariants you produce must satisfy:
   - Establishment: they hold on loop entry.
   - Preservation: after executing the loop body exactly once, the invariant still holds.
   - Zero-iteration case: the invariant is valid even if the loop never executes.
3. The answer must follow this format exactly:
   ```
   loop invariant ...;
   loop invariant ...;
   ...
   ```
4. All invariants must follow ACSL syntax and be valid loop invariants.
5. No explanation. No commentary. Just show me the loop invariant.
 /no_think
--------------------------
----------Response----------
[unused16][unused17]loop invariant j <= 2*x;

loop invariant i_0: j == 0 || x == 100;

loop invariant i_1: j <= 2*x;

loop invariant i_2: j <= 2*x && i < x;

loop invariant i_4: j <= 2*x && (j - 2*x) % x == 0;

loop invariant i_7: j <= 2*x && j % x == 0;

loop invariant i_8: j <= 2*x && i == 0 || j % x == 0;

loop invariant i_9: j <= 2*x && i < x && (j - 2*x) % x == 0;

loop invariant i_10: j <= 2*x && j % x == 0 && i < x;
----------------------------
-------------Preservation_self: i_4: preservation---------------
----------Prompt----------

int unknown1();
int unknown2();
int unknown3();
int unknown4();

/*
 * Based on ex3 from NECLA Static Analysis Benchmarks
 */


void oopsla_11(){
    int j = 0;
    int i;
    int x = 100;
    
    // Loop A
    /*@
        [Hint] Invariant j <= 2*x && (j - 2*x) % x == 0 not preserved in this loop. Fix or supplement invariants.

        loop invariant i_0: j == 0 || x == 100;

        loop invariant i_1: j <= 2*x;

        loop invariant i_2: j <= 2*x && i < x;

        loop invariant i_4: j <= 2*x && (j - 2*x) % x == 0;

        loop invariant i_7: j <= 2*x && j % x == 0;

        loop invariant i_8: j <= 2*x && i == 0 || j % x == 0;

        loop invariant i_9: j <= 2*x && (j - 2*x) % x == 0 && i < x;

        loop invariant i_10: j <= 2*x && j % x == 0 && i < x;

        loop invariant i_11: j <= 2*x && i < x && (j - 2*x) % x == 0;


        loop assigns j;
        loop assigns i;
    */
    for (i = 0; i < x ; i++){
        j = j + 2;
    }

    //@ assert a_1: j == 2*x;
}



You are an expert in deductive program verification using ACSL and Frama-C.
[Unprovable Invariant] j <= 2*x && (j - 2*x) % x == 0
The above loop invariant of loop "A" fails the preservation (inductive) condition:
after executing one iteration of the loop body, the invariant cannot be re-established.
[Loop Body]
j = j + 2; i++;
This failure indicates that the current invariant may be incorrect or incomplete.  
There are two typical causes:
  1) The invariant is logically incorrect, so it does not hold after the loop body executes once.
     - In this case, you must adjust the invariant so that it is preserved by the loop body.
  2) The invariant is insufficient, i.e., it misses essential supporting conditions needed to re-establish itself.
     - In this case, you must introduce additional invariants so that the whole set becomes inductive.
Your task is to produce the corrected and/or auxiliary invariants that make the preservation step succeed.
IMPORTANT RULES:
1. You MUST NOT output any of the original invariants already in the code. Only output the new or modified invariants.
2. All invariants you produce must satisfy:
   - Establishment: they hold on loop entry.
   - Preservation: after executing the loop body exactly once, the invariant still holds.
   - Zero-iteration case: the invariant is valid even if the loop never executes.
3. The answer must follow this format exactly:
   ```
   loop invariant ...;
   loop invariant ...;
   ...
   ```
4. All invariants must follow ACSL syntax and be valid loop invariants.
5. No explanation. No commentary. Just show me the loop invariant.
 /no_think
--------------------------
----------Response----------
[unused16][unused17]loop invariant j <= 2*x && (j - 2*x) % x == 0;
----------------------------
-------------Preservation_self: i_2: preservation---------------
----------Prompt----------

int unknown1();
int unknown2();
int unknown3();
int unknown4();

/*
 * Based on ex3 from NECLA Static Analysis Benchmarks
 */


void oopsla_11(){
    int j = 0;
    int i;
    int x = 100;
    
    // Loop A
    /*@
        [Hint] Invariant j <= 2*x && i < x not preserved in this loop. Fix or supplement invariants.

        loop invariant i_0: j == 0 || x == 100;

        loop invariant i_1: j <= 2*x;

        loop invariant i_2: j <= 2*x && i < x;

        loop invariant i_4: j <= 2*x && (j - 2*x) % x == 0;

        loop invariant i_7: j <= 2*x && j % x == 0;

        loop invariant i_8: j <= 2*x && i == 0 || j % x == 0;

        loop invariant i_9: j <= 2*x && (j - 2*x) % x == 0 && i < x;

        loop invariant i_10: j <= 2*x && j % x == 0 && i < x;

        loop invariant i_11: j <= 2*x && i < x && (j - 2*x) % x == 0;


        loop assigns j;
        loop assigns i;
    */
    for (i = 0; i < x ; i++){
        j = j + 2;
    }

    //@ assert a_1: j == 2*x;
}



You are an expert in deductive program verification using ACSL and Frama-C.
[Unprovable Invariant] j <= 2*x && i < x
The above loop invariant of loop "A" fails the preservation (inductive) condition:
after executing one iteration of the loop body, the invariant cannot be re-established.
[Loop Body]
j = j + 2; i++;
This failure indicates that the current invariant may be incorrect or incomplete.  
There are two typical causes:
  1) The invariant is logically incorrect, so it does not hold after the loop body executes once.
     - In this case, you must adjust the invariant so that it is preserved by the loop body.
  2) The invariant is insufficient, i.e., it misses essential supporting conditions needed to re-establish itself.
     - In this case, you must introduce additional invariants so that the whole set becomes inductive.
Your task is to produce the corrected and/or auxiliary invariants that make the preservation step succeed.
IMPORTANT RULES:
1. You MUST NOT output any of the original invariants already in the code. Only output the new or modified invariants.
2. All invariants you produce must satisfy:
   - Establishment: they hold on loop entry.
   - Preservation: after executing the loop body exactly once, the invariant still holds.
   - Zero-iteration case: the invariant is valid even if the loop never executes.
3. The answer must follow this format exactly:
   ```
   loop invariant ...;
   loop invariant ...;
   ...
   ```
4. All invariants must follow ACSL syntax and be valid loop invariants.
5. No explanation. No commentary. Just show me the loop invariant.
 /no_think
--------------------------
----------Response----------
[unused16][unused17]loop invariant j <= 2*x && i < x;

loop invariant j <= 2*x && (j - 2*x) % x == 0;

loop invariant j <= 2*x && i < x && (j - 2*x) % x == 0;
----------------------------
--------------------------------
------------Invariant Info-----------
LOOP A:
i_0: j == 0 || x == 100
i_1: j <= 2*x
i_2: j <= 2*x && i < x
i_4: j <= 2*x && (j - 2*x) % x == 0
i_7: j <= 2*x && j % x == 0
i_8: j <= 2*x && i == 0 || j % x == 0
i_9: j <= 2*x && (j - 2*x) % x == 0 && i < x
i_10: j <= 2*x && j % x == 0 && i < x
i_11: j <= 2*x && i < x && (j - 2*x) % x == 0
------------------------------------
----------Code with Invariants----------
int unknown1();
int unknown2();
int unknown3();
int unknown4();

/*
 * Based on ex3 from NECLA Static Analysis Benchmarks
 */


void oopsla_11(){
    int j = 0;
    int i;
    int x = 100;
    
    // Loop A
    /*@
        loop invariant i_0: j == 0 || x == 100;

        loop invariant i_1: j <= 2*x;

        loop invariant i_2: j <= 2*x && i < x;

        loop invariant i_4: j <= 2*x && (j - 2*x) % x == 0;

        loop invariant i_7: j <= 2*x && j % x == 0;

        loop invariant i_8: j <= 2*x && i == 0 || j % x == 0;

        loop invariant i_9: j <= 2*x && (j - 2*x) % x == 0 && i < x;

        loop invariant i_10: j <= 2*x && j % x == 0 && i < x;

        loop invariant i_11: j <= 2*x && i < x && (j - 2*x) % x == 0;


        loop assigns j;
        loop assigns i;
    */
    for (i = 0; i < x ; i++){
        j = j + 2;
    }

    //@ assert a_1: j == 2*x;
}



----------------------------------------
----------Begin Revise----------
-------------Preservation_self: i_4: preservation---------------
----------Prompt----------

int unknown1();
int unknown2();
int unknown3();
int unknown4();

/*
 * Based on ex3 from NECLA Static Analysis Benchmarks
 */


void oopsla_11(){
    int j = 0;
    int i;
    int x = 100;
    
    // Loop A
    /*@
        [Hint] Invariant j <= 2*x && (j - 2*x) % x == 0 not preserved in this loop. Fix or supplement invariants.

        loop invariant i_0: j == 0 || x == 100;

        loop invariant i_1: j <= 2*x;

        loop invariant i_2: j <= 2*x && i < x;

        loop invariant i_4: j <= 2*x && (j - 2*x) % x == 0;

        loop invariant i_7: j <= 2*x && j % x == 0;

        loop invariant i_8: j <= 2*x && i == 0 || j % x == 0;

        loop invariant i_9: j <= 2*x && (j - 2*x) % x == 0 && i < x;

        loop invariant i_10: j <= 2*x && j % x == 0 && i < x;

        loop invariant i_11: j <= 2*x && i < x && (j - 2*x) % x == 0;


        loop assigns j;
        loop assigns i;
    */
    for (i = 0; i < x ; i++){
        j = j + 2;
    }

    //@ assert a_1: j == 2*x;
}



You are an expert in deductive program verification using ACSL and Frama-C.
[Unprovable Invariant] j <= 2*x && (j - 2*x) % x == 0
The above loop invariant of loop "A" fails the preservation (inductive) condition:
after executing one iteration of the loop body, the invariant cannot be re-established.
[Loop Body]
j = j + 2; i++;
This failure indicates that the current invariant may be incorrect or incomplete.  
There are two typical causes:
  1) The invariant is logically incorrect, so it does not hold after the loop body executes once.
     - In this case, you must adjust the invariant so that it is preserved by the loop body.
  2) The invariant is insufficient, i.e., it misses essential supporting conditions needed to re-establish itself.
     - In this case, you must introduce additional invariants so that the whole set becomes inductive.
Your task is to produce the corrected and/or auxiliary invariants that make the preservation step succeed.
IMPORTANT RULES:
1. You MUST NOT output any of the original invariants already in the code. Only output the new or modified invariants.
2. All invariants you produce must satisfy:
   - Establishment: they hold on loop entry.
   - Preservation: after executing the loop body exactly once, the invariant still holds.
   - Zero-iteration case: the invariant is valid even if the loop never executes.
3. The answer must follow this format exactly:
   ```
   loop invariant ...;
   loop invariant ...;
   ...
   ```
4. All invariants must follow ACSL syntax and be valid loop invariants.
5. No explanation. No commentary. Just show me the loop invariant.
 /no_think
--------------------------
----------Response----------
[unused16][unused17]```
loop invariant i_0: j == 0 || x == 100;
loop invariant i_1: j <= 2*x;
loop invariant i_2: j <= 2*x && i < x;
loop invariant i_4: j <= 2*x && (j - 2*x) % x == 0;
loop invariant i_7: j <= 2*x && j % x == 0;
loop invariant i_8: j <= 2*x && (i == 0 || j % x == 0);
loop invariant i_9: j <= 2*x && i < x && (j - 2*x) % x == 0;
loop invariant i_11: j <= 2*x && i < x && (j - 2*x) % x == 0;
```
----------------------------
-------------Preservation_self: i_1: preservation---------------
----------Prompt----------

int unknown1();
int unknown2();
int unknown3();
int unknown4();

/*
 * Based on ex3 from NECLA Static Analysis Benchmarks
 */


void oopsla_11(){
    int j = 0;
    int i;
    int x = 100;
    
    // Loop A
    /*@
        [Hint] Invariant j <= 2*x not preserved in this loop. Fix or supplement invariants.

        loop invariant i_0: j == 0 || x == 100;

        loop invariant i_1: j <= 2*x;

        loop invariant i_2: j <= 2*x && i < x;

        loop invariant i_4: j <= 2*x && (j - 2*x) % x == 0;

        loop invariant i_7: j <= 2*x && j % x == 0;

        loop invariant i_8: j <= 2*x && i == 0 || j % x == 0;

        loop invariant i_9: j <= 2*x && (j - 2*x) % x == 0 && i < x;

        loop invariant i_10: j <= 2*x && j % x == 0 && i < x;

        loop invariant i_11: j <= 2*x && i < x && (j - 2*x) % x == 0;

        loop invariant i_12: j <= 2*x && (i == 0 || j % x == 0);


        loop assigns j;
        loop assigns i;
    */
    for (i = 0; i < x ; i++){
        j = j + 2;
    }

    //@ assert a_1: j == 2*x;
}



You are an expert in deductive program verification using ACSL and Frama-C.
[Unprovable Invariant] j <= 2*x
The above loop invariant of loop "A" fails the preservation (inductive) condition:
after executing one iteration of the loop body, the invariant cannot be re-established.
[Loop Body]
j = j + 2; i++;
This failure indicates that the current invariant may be incorrect or incomplete.  
There are two typical causes:
  1) The invariant is logically incorrect, so it does not hold after the loop body executes once.
     - In this case, you must adjust the invariant so that it is preserved by the loop body.
  2) The invariant is insufficient, i.e., it misses essential supporting conditions needed to re-establish itself.
     - In this case, you must introduce additional invariants so that the whole set becomes inductive.
Your task is to produce the corrected and/or auxiliary invariants that make the preservation step succeed.
IMPORTANT RULES:
1. You MUST NOT output any of the original invariants already in the code. Only output the new or modified invariants.
2. All invariants you produce must satisfy:
   - Establishment: they hold on loop entry.
   - Preservation: after executing the loop body exactly once, the invariant still holds.
   - Zero-iteration case: the invariant is valid even if the loop never executes.
3. The answer must follow this format exactly:
   ```
   loop invariant ...;
   loop invariant ...;
   ...
   ```
4. All invariants must follow ACSL syntax and be valid loop invariants.
5. No explanation. No commentary. Just show me the loop invariant.
 /no_think
--------------------------
----------Response----------
[unused16][unused17]```
loop invariant j <= 2*x;
loop invariant j == j + 2;
```
----------------------------
-------------Preservation_self: i_2: preservation---------------
----------Prompt----------

int unknown1();
int unknown2();
int unknown3();
int unknown4();

/*
 * Based on ex3 from NECLA Static Analysis Benchmarks
 */


void oopsla_11(){
    int j = 0;
    int i;
    int x = 100;
    
    // Loop A
    /*@
        [Hint] Invariant j <= 2*x && i < x not preserved in this loop. Fix or supplement invariants.

        loop invariant i_0: j == 0 || x == 100;

        loop invariant i_1: j <= 2*x;

        loop invariant i_2: j <= 2*x && i < x;

        loop invariant i_4: j <= 2*x && (j - 2*x) % x == 0;

        loop invariant i_7: j <= 2*x && j % x == 0;

        loop invariant i_8: j <= 2*x && i == 0 || j % x == 0;

        loop invariant i_9: j <= 2*x && (j - 2*x) % x == 0 && i < x;

        loop invariant i_10: j <= 2*x && j % x == 0 && i < x;

        loop invariant i_11: j <= 2*x && i < x && (j - 2*x) % x == 0;

        loop invariant i_12: j <= 2*x && (i == 0 || j % x == 0);

        loop invariant i_13: j == j + 2;


        loop assigns j;
        loop assigns i;
    */
    for (i = 0; i < x ; i++){
        j = j + 2;
    }

    //@ assert a_1: j == 2*x;
}



You are an expert in deductive program verification using ACSL and Frama-C.
[Unprovable Invariant] j <= 2*x && i < x
The above loop invariant of loop "A" fails the preservation (inductive) condition:
after executing one iteration of the loop body, the invariant cannot be re-established.
[Loop Body]
j = j + 2; i++;
This failure indicates that the current invariant may be incorrect or incomplete.  
There are two typical causes:
  1) The invariant is logically incorrect, so it does not hold after the loop body executes once.
     - In this case, you must adjust the invariant so that it is preserved by the loop body.
  2) The invariant is insufficient, i.e., it misses essential supporting conditions needed to re-establish itself.
     - In this case, you must introduce additional invariants so that the whole set becomes inductive.
Your task is to produce the corrected and/or auxiliary invariants that make the preservation step succeed.
IMPORTANT RULES:
1. You MUST NOT output any of the original invariants already in the code. Only output the new or modified invariants.
2. All invariants you produce must satisfy:
   - Establishment: they hold on loop entry.
   - Preservation: after executing the loop body exactly once, the invariant still holds.
   - Zero-iteration case: the invariant is valid even if the loop never executes.
3. The answer must follow this format exactly:
   ```
   loop invariant ...;
   loop invariant ...;
   ...
   ```
4. All invariants must follow ACSL syntax and be valid loop invariants.
5. No explanation. No commentary. Just show me the loop invariant.
 /no_think
--------------------------
----------Response----------
[unused16][unused17]```
loop invariant j <= 2*x && i < x;
loop invariant j <= 2*x;
```
----------------------------
--------------------------------
------------Invariant Info-----------
LOOP A:
i_0: j == 0 || x == 100
i_1: j <= 2*x
i_2: j <= 2*x && i < x
i_4: j <= 2*x && (j - 2*x) % x == 0
i_7: j <= 2*x && j % x == 0
i_8: j <= 2*x && i == 0 || j % x == 0
i_9: j <= 2*x && (j - 2*x) % x == 0 && i < x
i_10: j <= 2*x && j % x == 0 && i < x
i_11: j <= 2*x && i < x && (j - 2*x) % x == 0
i_12: j <= 2*x && (i == 0 || j % x == 0)
i_13: j == j + 2
------------------------------------
----------Code with Invariants----------
int unknown1();
int unknown2();
int unknown3();
int unknown4();

/*
 * Based on ex3 from NECLA Static Analysis Benchmarks
 */


void oopsla_11(){
    int j = 0;
    int i;
    int x = 100;
    
    // Loop A
    /*@
        loop invariant i_0: j == 0 || x == 100;

        loop invariant i_1: j <= 2*x;

        loop invariant i_2: j <= 2*x && i < x;

        loop invariant i_4: j <= 2*x && (j - 2*x) % x == 0;

        loop invariant i_7: j <= 2*x && j % x == 0;

        loop invariant i_8: j <= 2*x && i == 0 || j % x == 0;

        loop invariant i_9: j <= 2*x && (j - 2*x) % x == 0 && i < x;

        loop invariant i_10: j <= 2*x && j % x == 0 && i < x;

        loop invariant i_11: j <= 2*x && i < x && (j - 2*x) % x == 0;

        loop invariant i_12: j <= 2*x && (i == 0 || j % x == 0);

        loop invariant i_13: j == j + 2;


        loop assigns j;
        loop assigns i;
    */
    for (i = 0; i < x ; i++){
        j = j + 2;
    }

    //@ assert a_1: j == 2*x;
}



----------------------------------------
----------Begin Revise----------
-------------Establishment_requires: i_13: establishment---------------
----------Prompt----------

int unknown1();
int unknown2();
int unknown3();
int unknown4();

/*
 * Based on ex3 from NECLA Static Analysis Benchmarks
 */


void oopsla_11(){
    int j = 0;
    int i;
    int x = 100;
    
    // Loop A
    /*@
        [Hint] Loop invariant j == j + 2 too strong initially. Relax it.

        loop invariant i_0: j == 0 || x == 100;

        loop invariant i_1: j <= 2*x;

        loop invariant i_2: j <= 2*x && i < x;

        loop invariant i_4: j <= 2*x && (j - 2*x) % x == 0;

        loop invariant i_7: j <= 2*x && j % x == 0;

        loop invariant i_8: j <= 2*x && i == 0 || j % x == 0;

        loop invariant i_9: j <= 2*x && (j - 2*x) % x == 0 && i < x;

        loop invariant i_10: j <= 2*x && j % x == 0 && i < x;

        loop invariant i_11: j <= 2*x && i < x && (j - 2*x) % x == 0;

        loop invariant i_12: j <= 2*x && (i == 0 || j % x == 0);

        loop invariant i_13: j == j + 2;


        loop assigns j;
        loop assigns i;
    */
    for (i = 0; i < x ; i++){
        j = j + 2;
    }

    //@ assert a_1: j == 2*x;
}



You are an expert in deductive program verification using ACSL and Frama-C.
The following loop invariant of the loop labeled "A" cannot be established from the function's `requires` clauses:
[Unprovable Initial Invariant] j == j + 2
This means the loop invariant is too strong at the loop entry, violating the establishment condition of loop correctness.  
Your task is to relax or weaken the loop invariant at the position marked by: "[Hint] Loop invariant too strong initially. Relax it."
IMPORTANT RULES:
1. The relaxed invariants must still hold:
   - Establishment: They must be provable solely from the function's requires clauses and the program state before entering the loop.
   - Preservation: after executing the loop body exactly once, the invariant still holds.
   - Zero-iteration case: the invariant is valid even if the loop never executes.
2. Do NOT restate or print any of the existing loop invariants.  
   Only output the modified (weakened) invariants necessary to make the establishment step succeed.
3. Your answer must be solely in the form:
   ```
   loop invariant ...;
   loop invariant ...;
   ...
   ```
4. All invariants must follow ACSL syntax and be valid loop invariants.
5. No explanation. No commentary. Just show me the loop invariant.
 /no_think
--------------------------
----------Response----------
[unused16][unused17]```
loop invariant j <= 2*x;
```
----------------------------
--------------------------------
------------Invariant Info-----------
LOOP A:
i_0: j == 0 || x == 100
i_1: j <= 2*x
i_2: j <= 2*x && i < x
i_4: j <= 2*x && (j - 2*x) % x == 0
i_7: j <= 2*x && j % x == 0
i_8: j <= 2*x && i == 0 || j % x == 0
i_9: j <= 2*x && (j - 2*x) % x == 0 && i < x
i_10: j <= 2*x && j % x == 0 && i < x
i_11: j <= 2*x && i < x && (j - 2*x) % x == 0
i_12: j <= 2*x && (i == 0 || j % x == 0)
i_13: j == j + 2
------------------------------------
----------Code with Invariants----------
int unknown1();
int unknown2();
int unknown3();
int unknown4();

/*
 * Based on ex3 from NECLA Static Analysis Benchmarks
 */


void oopsla_11(){
    int j = 0;
    int i;
    int x = 100;
    
    // Loop A
    /*@
        loop invariant i_0: j == 0 || x == 100;

        loop invariant i_1: j <= 2*x;

        loop invariant i_2: j <= 2*x && i < x;

        loop invariant i_4: j <= 2*x && (j - 2*x) % x == 0;

        loop invariant i_7: j <= 2*x && j % x == 0;

        loop invariant i_8: j <= 2*x && i == 0 || j % x == 0;

        loop invariant i_9: j <= 2*x && (j - 2*x) % x == 0 && i < x;

        loop invariant i_10: j <= 2*x && j % x == 0 && i < x;

        loop invariant i_11: j <= 2*x && i < x && (j - 2*x) % x == 0;

        loop invariant i_12: j <= 2*x && (i == 0 || j % x == 0);

        loop invariant i_13: j == j + 2;


        loop assigns j;
        loop assigns i;
    */
    for (i = 0; i < x ; i++){
        j = j + 2;
    }

    //@ assert a_1: j == 2*x;
}



----------------------------------------
----------Begin Revise----------
-------------Establishment_requires: i_13: establishment---------------
----------Prompt----------

int unknown1();
int unknown2();
int unknown3();
int unknown4();

/*
 * Based on ex3 from NECLA Static Analysis Benchmarks
 */


void oopsla_11(){
    int j = 0;
    int i;
    int x = 100;
    
    // Loop A
    /*@
        [Hint] Loop invariant j == j + 2 too strong initially. Relax it.

        loop invariant i_0: j == 0 || x == 100;

        loop invariant i_1: j <= 2*x;

        loop invariant i_2: j <= 2*x && i < x;

        loop invariant i_4: j <= 2*x && (j - 2*x) % x == 0;

        loop invariant i_7: j <= 2*x && j % x == 0;

        loop invariant i_8: j <= 2*x && i == 0 || j % x == 0;

        loop invariant i_9: j <= 2*x && (j - 2*x) % x == 0 && i < x;

        loop invariant i_10: j <= 2*x && j % x == 0 && i < x;

        loop invariant i_11: j <= 2*x && i < x && (j - 2*x) % x == 0;

        loop invariant i_12: j <= 2*x && (i == 0 || j % x == 0);

        loop invariant i_13: j == j + 2;


        loop assigns j;
        loop assigns i;
    */
    for (i = 0; i < x ; i++){
        j = j + 2;
    }

    //@ assert a_1: j == 2*x;
}



You are an expert in deductive program verification using ACSL and Frama-C.
The following loop invariant of the loop labeled "A" cannot be established from the function's `requires` clauses:
[Unprovable Initial Invariant] j == j + 2
This means the loop invariant is too strong at the loop entry, violating the establishment condition of loop correctness.  
Your task is to relax or weaken the loop invariant at the position marked by: "[Hint] Loop invariant too strong initially. Relax it."
IMPORTANT RULES:
1. The relaxed invariants must still hold:
   - Establishment: They must be provable solely from the function's requires clauses and the program state before entering the loop.
   - Preservation: after executing the loop body exactly once, the invariant still holds.
   - Zero-iteration case: the invariant is valid even if the loop never executes.
2. Do NOT restate or print any of the existing loop invariants.  
   Only output the modified (weakened) invariants necessary to make the establishment step succeed.
3. Your answer must be solely in the form:
   ```
   loop invariant ...;
   loop invariant ...;
   ...
   ```
4. All invariants must follow ACSL syntax and be valid loop invariants.
5. No explanation. No commentary. Just show me the loop invariant.
 /no_think
--------------------------
----------Response----------
[unused16][unused17]```
loop invariant j <= 2*x;
```
----------------------------
--------------------------------
------------Invariant Info-----------
LOOP A:
i_0: j == 0 || x == 100
i_1: j <= 2*x
i_2: j <= 2*x && i < x
i_4: j <= 2*x && (j - 2*x) % x == 0
i_7: j <= 2*x && j % x == 0
i_8: j <= 2*x && i == 0 || j % x == 0
i_9: j <= 2*x && (j - 2*x) % x == 0 && i < x
i_10: j <= 2*x && j % x == 0 && i < x
i_11: j <= 2*x && i < x && (j - 2*x) % x == 0
i_12: j <= 2*x && (i == 0 || j % x == 0)
i_13: j == j + 2
------------------------------------
----------Code with Invariants----------
int unknown1();
int unknown2();
int unknown3();
int unknown4();

/*
 * Based on ex3 from NECLA Static Analysis Benchmarks
 */


void oopsla_11(){
    int j = 0;
    int i;
    int x = 100;
    
    // Loop A
    /*@
        loop invariant i_0: j == 0 || x == 100;

        loop invariant i_1: j <= 2*x;

        loop invariant i_2: j <= 2*x && i < x;

        loop invariant i_4: j <= 2*x && (j - 2*x) % x == 0;

        loop invariant i_7: j <= 2*x && j % x == 0;

        loop invariant i_8: j <= 2*x && i == 0 || j % x == 0;

        loop invariant i_9: j <= 2*x && (j - 2*x) % x == 0 && i < x;

        loop invariant i_10: j <= 2*x && j % x == 0 && i < x;

        loop invariant i_11: j <= 2*x && i < x && (j - 2*x) % x == 0;

        loop invariant i_12: j <= 2*x && (i == 0 || j % x == 0);

        loop invariant i_13: j == j + 2;


        loop assigns j;
        loop assigns i;
    */
    for (i = 0; i < x ; i++){
        j = j + 2;
    }

    //@ assert a_1: j == 2*x;
}



----------------------------------------
----------Begin Revise----------
-------------Establishment_requires: i_13: establishment---------------
----------Prompt----------

int unknown1();
int unknown2();
int unknown3();
int unknown4();

/*
 * Based on ex3 from NECLA Static Analysis Benchmarks
 */


void oopsla_11(){
    int j = 0;
    int i;
    int x = 100;
    
    // Loop A
    /*@
        [Hint] Loop invariant j == j + 2 too strong initially. Relax it.

        loop invariant i_0: j == 0 || x == 100;

        loop invariant i_1: j <= 2*x;

        loop invariant i_2: j <= 2*x && i < x;

        loop invariant i_4: j <= 2*x && (j - 2*x) % x == 0;

        loop invariant i_7: j <= 2*x && j % x == 0;

        loop invariant i_8: j <= 2*x && i == 0 || j % x == 0;

        loop invariant i_9: j <= 2*x && (j - 2*x) % x == 0 && i < x;

        loop invariant i_10: j <= 2*x && j % x == 0 && i < x;

        loop invariant i_11: j <= 2*x && i < x && (j - 2*x) % x == 0;

        loop invariant i_12: j <= 2*x && (i == 0 || j % x == 0);

        loop invariant i_13: j == j + 2;


        loop assigns j;
        loop assigns i;
    */
    for (i = 0; i < x ; i++){
        j = j + 2;
    }

    //@ assert a_1: j == 2*x;
}



You are an expert in deductive program verification using ACSL and Frama-C.
The following loop invariant of the loop labeled "A" cannot be established from the function's `requires` clauses:
[Unprovable Initial Invariant] j == j + 2
This means the loop invariant is too strong at the loop entry, violating the establishment condition of loop correctness.  
Your task is to relax or weaken the loop invariant at the position marked by: "[Hint] Loop invariant too strong initially. Relax it."
IMPORTANT RULES:
1. The relaxed invariants must still hold:
   - Establishment: They must be provable solely from the function's requires clauses and the program state before entering the loop.
   - Preservation: after executing the loop body exactly once, the invariant still holds.
   - Zero-iteration case: the invariant is valid even if the loop never executes.
2. Do NOT restate or print any of the existing loop invariants.  
   Only output the modified (weakened) invariants necessary to make the establishment step succeed.
3. Your answer must be solely in the form:
   ```
   loop invariant ...;
   loop invariant ...;
   ...
   ```
4. All invariants must follow ACSL syntax and be valid loop invariants.
5. No explanation. No commentary. Just show me the loop invariant.
 /no_think
--------------------------
----------Response----------
[unused16][unused17]```
loop invariant j == j + 2 && i == 0;
```
----------------------------
--------------------------------
------------Invariant Info-----------
LOOP A:
i_0: j == 0 || x == 100
i_1: j <= 2*x
i_2: j <= 2*x && i < x
i_4: j <= 2*x && (j - 2*x) % x == 0
i_7: j <= 2*x && j % x == 0
i_8: j <= 2*x && i == 0 || j % x == 0
i_9: j <= 2*x && (j - 2*x) % x == 0 && i < x
i_10: j <= 2*x && j % x == 0 && i < x
i_11: j <= 2*x && i < x && (j - 2*x) % x == 0
i_12: j <= 2*x && (i == 0 || j % x == 0)
i_13: j == j + 2
i_14: j == j + 2 && i == 0
------------------------------------
----------Code with Invariants----------
int unknown1();
int unknown2();
int unknown3();
int unknown4();

/*
 * Based on ex3 from NECLA Static Analysis Benchmarks
 */


void oopsla_11(){
    int j = 0;
    int i;
    int x = 100;
    
    // Loop A
    /*@
        loop invariant i_0: j == 0 || x == 100;

        loop invariant i_1: j <= 2*x;

        loop invariant i_2: j <= 2*x && i < x;

        loop invariant i_4: j <= 2*x && (j - 2*x) % x == 0;

        loop invariant i_7: j <= 2*x && j % x == 0;

        loop invariant i_8: j <= 2*x && i == 0 || j % x == 0;

        loop invariant i_9: j <= 2*x && (j - 2*x) % x == 0 && i < x;

        loop invariant i_10: j <= 2*x && j % x == 0 && i < x;

        loop invariant i_11: j <= 2*x && i < x && (j - 2*x) % x == 0;

        loop invariant i_12: j <= 2*x && (i == 0 || j % x == 0);

        loop invariant i_13: j == j + 2;

        loop invariant i_14: j == j + 2 && i == 0;


        loop assigns j;
        loop assigns i;
    */
    for (i = 0; i < x ; i++){
        j = j + 2;
    }

    //@ assert a_1: j == 2*x;
}



----------------------------------------
------------Invariant Info-----------
LOOP A:
i_0: j == 0 || x == 100
i_1: j <= 2*x
i_2: j <= 2*x && i < x
i_4: j <= 2*x && (j - 2*x) % x == 0
i_7: j <= 2*x && j % x == 0
i_8: j <= 2*x && i == 0 || j % x == 0
i_9: j <= 2*x && (j - 2*x) % x == 0 && i < x
i_10: j <= 2*x && j % x == 0 && i < x
i_11: j <= 2*x && i < x && (j - 2*x) % x == 0
i_12: j <= 2*x && (i == 0 || j % x == 0)
i_14: j == j + 2 && i == 0
------------------------------------
----------Code with Invariants----------
int unknown1();
int unknown2();
int unknown3();
int unknown4();

/*
 * Based on ex3 from NECLA Static Analysis Benchmarks
 */


void oopsla_11(){
    int j = 0;
    int i;
    int x = 100;
    
    // Loop A
    /*@
        loop invariant i_0: j == 0 || x == 100;

        loop invariant i_1: j <= 2*x;

        loop invariant i_2: j <= 2*x && i < x;

        loop invariant i_4: j <= 2*x && (j - 2*x) % x == 0;

        loop invariant i_7: j <= 2*x && j % x == 0;

        loop invariant i_8: j <= 2*x && i == 0 || j % x == 0;

        loop invariant i_9: j <= 2*x && (j - 2*x) % x == 0 && i < x;

        loop invariant i_10: j <= 2*x && j % x == 0 && i < x;

        loop invariant i_11: j <= 2*x && i < x && (j - 2*x) % x == 0;

        loop invariant i_12: j <= 2*x && (i == 0 || j % x == 0);

        loop invariant i_14: j == j + 2 && i == 0;


        loop assigns j;
        loop assigns i;
    */
    for (i = 0; i < x ; i++){
        j = j + 2;
    }

    //@ assert a_1: j == 2*x;
}



----------------------------------------
------------Invariant Info-----------
LOOP A:
i_0: j == 0 || x == 100
i_1: j <= 2*x
i_2: j <= 2*x && i < x
i_4: j <= 2*x && (j - 2*x) % x == 0
i_7: j <= 2*x && j % x == 0
i_8: j <= 2*x && i == 0 || j % x == 0
i_9: j <= 2*x && (j - 2*x) % x == 0 && i < x
i_10: j <= 2*x && j % x == 0 && i < x
i_11: j <= 2*x && i < x && (j - 2*x) % x == 0
i_12: j <= 2*x && (i == 0 || j % x == 0)
------------------------------------
----------Code with Invariants----------
int unknown1();
int unknown2();
int unknown3();
int unknown4();

/*
 * Based on ex3 from NECLA Static Analysis Benchmarks
 */


void oopsla_11(){
    int j = 0;
    int i;
    int x = 100;
    
    // Loop A
    /*@
        loop invariant i_0: j == 0 || x == 100;

        loop invariant i_1: j <= 2*x;

        loop invariant i_2: j <= 2*x && i < x;

        loop invariant i_4: j <= 2*x && (j - 2*x) % x == 0;

        loop invariant i_7: j <= 2*x && j % x == 0;

        loop invariant i_8: j <= 2*x && i == 0 || j % x == 0;

        loop invariant i_9: j <= 2*x && (j - 2*x) % x == 0 && i < x;

        loop invariant i_10: j <= 2*x && j % x == 0 && i < x;

        loop invariant i_11: j <= 2*x && i < x && (j - 2*x) % x == 0;

        loop invariant i_12: j <= 2*x && (i == 0 || j % x == 0);


        loop assigns j;
        loop assigns i;
    */
    for (i = 0; i < x ; i++){
        j = j + 2;
    }

    //@ assert a_1: j == 2*x;
}



----------------------------------------
------------Invariant Info-----------
LOOP A:
i_0: j == 0 || x == 100
i_7: j <= 2*x && j % x == 0
i_8: j <= 2*x && i == 0 || j % x == 0
i_9: j <= 2*x && (j - 2*x) % x == 0 && i < x
i_10: j <= 2*x && j % x == 0 && i < x
i_11: j <= 2*x && i < x && (j - 2*x) % x == 0
i_12: j <= 2*x && (i == 0 || j % x == 0)
------------------------------------
----------Code with Invariants----------
int unknown1();
int unknown2();
int unknown3();
int unknown4();

/*
 * Based on ex3 from NECLA Static Analysis Benchmarks
 */


void oopsla_11(){
    int j = 0;
    int i;
    int x = 100;
    
    // Loop A
    /*@
        loop invariant i_0: j == 0 || x == 100;

        loop invariant i_7: j <= 2*x && j % x == 0;

        loop invariant i_8: j <= 2*x && i == 0 || j % x == 0;

        loop invariant i_9: j <= 2*x && (j - 2*x) % x == 0 && i < x;

        loop invariant i_10: j <= 2*x && j % x == 0 && i < x;

        loop invariant i_11: j <= 2*x && i < x && (j - 2*x) % x == 0;

        loop invariant i_12: j <= 2*x && (i == 0 || j % x == 0);


        loop assigns j;
        loop assigns i;
    */
    for (i = 0; i < x ; i++){
        j = j + 2;
    }

    //@ assert a_1: j == 2*x;
}



----------------------------------------
------------Invariant Info-----------
LOOP A:
i_0: j == 0 || x == 100
i_8: j <= 2*x && i == 0 || j % x == 0
i_9: j <= 2*x && (j - 2*x) % x == 0 && i < x
i_10: j <= 2*x && j % x == 0 && i < x
i_11: j <= 2*x && i < x && (j - 2*x) % x == 0
i_12: j <= 2*x && (i == 0 || j % x == 0)
------------------------------------
----------Code with Invariants----------
int unknown1();
int unknown2();
int unknown3();
int unknown4();

/*
 * Based on ex3 from NECLA Static Analysis Benchmarks
 */


void oopsla_11(){
    int j = 0;
    int i;
    int x = 100;
    
    // Loop A
    /*@
        loop invariant i_0: j == 0 || x == 100;

        loop invariant i_8: j <= 2*x && i == 0 || j % x == 0;

        loop invariant i_9: j <= 2*x && (j - 2*x) % x == 0 && i < x;

        loop invariant i_10: j <= 2*x && j % x == 0 && i < x;

        loop invariant i_11: j <= 2*x && i < x && (j - 2*x) % x == 0;

        loop invariant i_12: j <= 2*x && (i == 0 || j % x == 0);


        loop assigns j;
        loop assigns i;
    */
    for (i = 0; i < x ; i++){
        j = j + 2;
    }

    //@ assert a_1: j == 2*x;
}



----------------------------------------
------------Invariant Info-----------
LOOP A:
i_0: j == 0 || x == 100
i_10: j <= 2*x && j % x == 0 && i < x
i_11: j <= 2*x && i < x && (j - 2*x) % x == 0
i_12: j <= 2*x && (i == 0 || j % x == 0)
------------------------------------
----------Code with Invariants----------
int unknown1();
int unknown2();
int unknown3();
int unknown4();

/*
 * Based on ex3 from NECLA Static Analysis Benchmarks
 */


void oopsla_11(){
    int j = 0;
    int i;
    int x = 100;
    
    // Loop A
    /*@
        loop invariant i_0: j == 0 || x == 100;

        loop invariant i_10: j <= 2*x && j % x == 0 && i < x;

        loop invariant i_11: j <= 2*x && i < x && (j - 2*x) % x == 0;

        loop invariant i_12: j <= 2*x && (i == 0 || j % x == 0);


        loop assigns j;
        loop assigns i;
    */
    for (i = 0; i < x ; i++){
        j = j + 2;
    }

    //@ assert a_1: j == 2*x;
}



----------------------------------------
------------Invariant Info-----------
LOOP A:
i_0: j == 0 || x == 100
i_11: j <= 2*x && i < x && (j - 2*x) % x == 0
i_12: j <= 2*x && (i == 0 || j % x == 0)
------------------------------------
----------Code with Invariants----------
int unknown1();
int unknown2();
int unknown3();
int unknown4();

/*
 * Based on ex3 from NECLA Static Analysis Benchmarks
 */


void oopsla_11(){
    int j = 0;
    int i;
    int x = 100;
    
    // Loop A
    /*@
        loop invariant i_0: j == 0 || x == 100;

        loop invariant i_11: j <= 2*x && i < x && (j - 2*x) % x == 0;

        loop invariant i_12: j <= 2*x && (i == 0 || j % x == 0);


        loop assigns j;
        loop assigns i;
    */
    for (i = 0; i < x ; i++){
        j = j + 2;
    }

    //@ assert a_1: j == 2*x;
}



----------------------------------------
------------Invariant Info-----------
LOOP A:
i_0: j == 0 || x == 100
i_12: j <= 2*x && (i == 0 || j % x == 0)
------------------------------------
----------Code with Invariants----------
int unknown1();
int unknown2();
int unknown3();
int unknown4();

/*
 * Based on ex3 from NECLA Static Analysis Benchmarks
 */


void oopsla_11(){
    int j = 0;
    int i;
    int x = 100;
    
    // Loop A
    /*@
        loop invariant i_0: j == 0 || x == 100;

        loop invariant i_12: j <= 2*x && (i == 0 || j % x == 0);


        loop assigns j;
        loop assigns i;
    */
    for (i = 0; i < x ; i++){
        j = j + 2;
    }

    //@ assert a_1: j == 2*x;
}



----------------------------------------
------------Invariant Info-----------
LOOP A:
i_0: j == 0 || x == 100
------------------------------------
----------Code with Invariants----------
int unknown1();
int unknown2();
int unknown3();
int unknown4();

/*
 * Based on ex3 from NECLA Static Analysis Benchmarks
 */


void oopsla_11(){
    int j = 0;
    int i;
    int x = 100;
    
    // Loop A
    /*@
        loop invariant i_0: j == 0 || x == 100;


        loop assigns j;
        loop assigns i;
    */
    for (i = 0; i < x ; i++){
        j = j + 2;
    }

    //@ assert a_1: j == 2*x;
}



----------------------------------------
---------Result---------
Fail
Model: openPangu-Embedded-7B-V1.1
Running time: 372.69429421424866
Proposal number: 22
Verified code:

------------------------
