-----------Model-----------
Model type:
PanguEmbeddedForCausalLM(
  (model): PanguEmbeddedModel(
    (embed_tokens): Embedding(153376, 4096, padding_idx=0)
    (layers): ModuleList(
      (0-33): 34 x PanguEmbeddedDecoderLayer(
        (self_attn): PanguEmbeddedAttention(
          (q_proj): Linear(in_features=4096, out_features=4096, bias=True)
          (k_proj): Linear(in_features=4096, out_features=1024, bias=True)
          (v_proj): Linear(in_features=4096, out_features=1024, bias=True)
          (o_proj): Linear(in_features=4096, out_features=4096, bias=True)
        )
        (mlp): PanguEmbeddedMLP(
          (gate_proj): Linear(in_features=4096, out_features=12800, bias=False)
          (up_proj): Linear(in_features=4096, out_features=12800, bias=False)
          (down_proj): Linear(in_features=12800, out_features=4096, bias=False)
          (act_fn): SiLU()
        )
        (input_layernorm): PanguEmbeddedRMSNorm((4096,), eps=1e-05)
        (post_attention_layernorm): PanguEmbeddedRMSNorm((4096,), eps=1e-05)
      )
    )
    (norm): PanguEmbeddedRMSNorm((4096,), eps=1e-05)
    (rotary_emb): PanguEmbeddedRotaryEmbedding()
  )
  (lm_head): Linear(in_features=4096, out_features=153376, bias=False)
)
Model device:
npu:1
---------------------------
File Path: ../Benchmark/OOPSLA/oopsla_20.c
----------Code----------
#include<assert.h>

int unknown1();
int unknown2();
int unknown3();
int unknown4();

/*@
    requires (x + y) == k;
    requires n > 0;
*/
void oopsla_20(int x, int y, int k, int j, int i, int n) {
    int m = 0;
    j = 0;

    /*@
        loop assigns y;
        loop assigns x;
        loop assigns m;
        loop assigns j;
    */
    while (j < n) {
        if (j == i) {
            x++;
            y--;
        } 
        else {
            y++;
            x--;
        }
        if (unknown1()){
            m = j;
        }
        j++;
    }

    //@ assert  a_1: (x + y) == k;
    //@ assert  a_2: n > 0 ==> 0 <= m;
    //@ assert  a_3: n > 0 ==> m < n;
}
------------------------
========== Attempt 1 ==========
----------Prompt----------

#include<assert.h>

int unknown1();
int unknown2();
int unknown3();
int unknown4();

/*@
    requires (x + y) == k;
    requires n > 0;
*/
void oopsla_20(int x, int y, int k, int j, int i, int n) {
    int m = 0;
    j = 0;

    // Loop A
    /*@
        [Hint] Please infer the loop invariant for the following loop.

        loop assigns y;
        loop assigns x;
        loop assigns m;
        loop assigns j;
    */
    while (j < n) {
        if (j == i) {
            x++;
            y--;
        } 
        else {
            y++;
            x--;
        }
        if (unknown1()){
            m = j;
        }
        j++;
    }

    //@ assert  a_1: (x + y) == k;
    //@ assert  a_2: n > 0 ==> 0 <= m;
    //@ assert  a_3: n > 0 ==> m < n;
}
You are an expert in program verification, and please generate loop invariant as C annotation comments at the hint location (annotated by "[Hint] Please infer the loop invariant for the following loop.") using ACSL language.
ACSL is a specification language for C programs that conforms to the design by contract paradigm, utilizing Hoare style pre- and postconditions and invariants. Note that the `loop invariant` clause is a condition that is true at the beginning and end of every loop iteration.
Specifically, for the current verification task:
    - Pre-condition: the function's `requires` clauses
    - Post-condition: a_1:(x + y) == k; a_2:n > 0 ==> 0 <= m; a_3:n > 0 ==> m < n; 
Please verify that the generated loop invariant is consistent with these constraints. If these specific pre- or post-conditions are not provided or empty, please infer the loop invariant strictly based on the program's execution logic and standard correctness.
In order to get a correct answer, You may want to consider both the situation of not entering the loop and the situation of jumping out of the loop. If some of the pre-conditions are also loop invariant, you need to add them to your answer as well.
Use '&&', '||', '==>', '\forall' or '\exists' if necessary. For instance:
```
loop invariant 1 <= x;
loop invariant x == y;
loop invariant 0 < x ==> y <= z;
loop invariant z % 2 == 1 || x == y;
loop invariant z % 2 == 1 && x <= y;
loop invariant \forall integer k;  0 <= k < i ==> max >=  a[k];
loop invariant \exists integer k;  0 <= k < i &&  max == a[k];
loop invariant \forall integer p; 0 <= p < \at(k, End_l) ==> res[p] == \at(res[p], End_l);
```
Your answer should follow the following format:
```
loop invariant ...;
loop invariant ...;
...
```
No explanation. No commentary. Just show me the loop invariant.
 /no_think
--------------------------
----------Response----------
[unused16][unused17]loop invariant m >= 0 && m <= n;
loop invariant n > 0 ==> m < n;
loop invariant m == 0 ==> j == 0;
loop invariant x + y == k;
```
----------------------------
------------Invariant Info-----------
LOOP A:
i_0: m >= 0 && m <= n
i_1: n > 0 ==> m < n
i_2: m == 0 ==> j == 0
i_3: x + y == k
------------------------------------
---------- Code with Invariants ----------
#include<assert.h>

int unknown1();
int unknown2();
int unknown3();
int unknown4();

/*@
    requires (x + y) == k;
    requires n > 0;
*/
void oopsla_20(int x, int y, int k, int j, int i, int n) {
    int m = 0;
    j = 0;

    // Loop A
    /*@
        loop invariant i_0: m >= 0 && m <= n;

        loop invariant i_1: n > 0 ==> m < n;

        loop invariant i_2: m == 0 ==> j == 0;

        loop invariant i_3: x + y == k;


        loop assigns y;
        loop assigns x;
        loop assigns m;
        loop assigns j;
    */
    while (j < n) {
        if (j == i) {
            x++;
            y--;
        } 
        else {
            y++;
            x--;
        }
        if (unknown1()){
            m = j;
        }
        j++;
    }

    //@ assert  a_1: (x + y) == k;
    //@ assert  a_2: n > 0 ==> 0 <= m;
    //@ assert  a_3: n > 0 ==> m < n;
}
------------------------------------------
Verification failed (Fail_12_14), removing all invariants and retrying.
========== Attempt 2 ==========
----------Prompt----------

#include<assert.h>

int unknown1();
int unknown2();
int unknown3();
int unknown4();

/*@
    requires (x + y) == k;
    requires n > 0;
*/
void oopsla_20(int x, int y, int k, int j, int i, int n) {
    int m = 0;
    j = 0;

    // Loop A
    /*@
        [Hint] Please infer the loop invariant for the following loop.

        loop assigns y;
        loop assigns x;
        loop assigns m;
        loop assigns j;
    */
    while (j < n) {
        if (j == i) {
            x++;
            y--;
        } 
        else {
            y++;
            x--;
        }
        if (unknown1()){
            m = j;
        }
        j++;
    }

    //@ assert  a_1: (x + y) == k;
    //@ assert  a_2: n > 0 ==> 0 <= m;
    //@ assert  a_3: n > 0 ==> m < n;
}
You are an expert in program verification, and please generate loop invariant as C annotation comments at the hint location (annotated by "[Hint] Please infer the loop invariant for the following loop.") using ACSL language.
ACSL is a specification language for C programs that conforms to the design by contract paradigm, utilizing Hoare style pre- and postconditions and invariants. Note that the `loop invariant` clause is a condition that is true at the beginning and end of every loop iteration.
Specifically, for the current verification task:
    - Pre-condition: the function's `requires` clauses
    - Post-condition: a_1:(x + y) == k; a_2:n > 0 ==> 0 <= m; a_3:n > 0 ==> m < n; 
Please verify that the generated loop invariant is consistent with these constraints. If these specific pre- or post-conditions are not provided or empty, please infer the loop invariant strictly based on the program's execution logic and standard correctness.
In order to get a correct answer, You may want to consider both the situation of not entering the loop and the situation of jumping out of the loop. If some of the pre-conditions are also loop invariant, you need to add them to your answer as well.
Use '&&', '||', '==>', '\forall' or '\exists' if necessary. For instance:
```
loop invariant 1 <= x;
loop invariant x == y;
loop invariant 0 < x ==> y <= z;
loop invariant z % 2 == 1 || x == y;
loop invariant z % 2 == 1 && x <= y;
loop invariant \forall integer k;  0 <= k < i ==> max >=  a[k];
loop invariant \exists integer k;  0 <= k < i &&  max == a[k];
loop invariant \forall integer p; 0 <= p < \at(k, End_l) ==> res[p] == \at(res[p], End_l);
```
Your answer should follow the following format:
```
loop invariant ...;
loop invariant ...;
...
```
No explanation. No commentary. Just show me the loop invariant.
 /no_think
--------------------------
----------Response----------
[unused16][unused17]```
loop invariant 0 <= j < n;
loop invariant (x + y) == k;
```
----------------------------
------------Invariant Info-----------
LOOP A:
i_4: 0 <= j < n
i_5: (x + y) == k
------------------------------------
---------- Code with Invariants ----------
#include<assert.h>

int unknown1();
int unknown2();
int unknown3();
int unknown4();

/*@
    requires (x + y) == k;
    requires n > 0;
*/
void oopsla_20(int x, int y, int k, int j, int i, int n) {
    int m = 0;
    j = 0;

    // Loop A
    /*@
        loop invariant i_4: 0 <= j < n;

        loop invariant i_5: (x + y) == k;


        loop assigns y;
        loop assigns x;
        loop assigns m;
        loop assigns j;
    */
    while (j < n) {
        if (j == i) {
            x++;
            y--;
        } 
        else {
            y++;
            x--;
        }
        if (unknown1()){
            m = j;
        }
        j++;
    }

    //@ assert  a_1: (x + y) == k;
    //@ assert  a_2: n > 0 ==> 0 <= m;
    //@ assert  a_3: n > 0 ==> m < n;
}
------------------------------------------
Verification failed (Fail_9_10), removing all invariants and retrying.
========== Attempt 3 ==========
----------Prompt----------

#include<assert.h>

int unknown1();
int unknown2();
int unknown3();
int unknown4();

/*@
    requires (x + y) == k;
    requires n > 0;
*/
void oopsla_20(int x, int y, int k, int j, int i, int n) {
    int m = 0;
    j = 0;

    // Loop A
    /*@
        [Hint] Please infer the loop invariant for the following loop.

        loop assigns y;
        loop assigns x;
        loop assigns m;
        loop assigns j;
    */
    while (j < n) {
        if (j == i) {
            x++;
            y--;
        } 
        else {
            y++;
            x--;
        }
        if (unknown1()){
            m = j;
        }
        j++;
    }

    //@ assert  a_1: (x + y) == k;
    //@ assert  a_2: n > 0 ==> 0 <= m;
    //@ assert  a_3: n > 0 ==> m < n;
}
You are an expert in program verification, and please generate loop invariant as C annotation comments at the hint location (annotated by "[Hint] Please infer the loop invariant for the following loop.") using ACSL language.
ACSL is a specification language for C programs that conforms to the design by contract paradigm, utilizing Hoare style pre- and postconditions and invariants. Note that the `loop invariant` clause is a condition that is true at the beginning and end of every loop iteration.
Specifically, for the current verification task:
    - Pre-condition: the function's `requires` clauses
    - Post-condition: a_1:(x + y) == k; a_2:n > 0 ==> 0 <= m; a_3:n > 0 ==> m < n; 
Please verify that the generated loop invariant is consistent with these constraints. If these specific pre- or post-conditions are not provided or empty, please infer the loop invariant strictly based on the program's execution logic and standard correctness.
In order to get a correct answer, You may want to consider both the situation of not entering the loop and the situation of jumping out of the loop. If some of the pre-conditions are also loop invariant, you need to add them to your answer as well.
Use '&&', '||', '==>', '\forall' or '\exists' if necessary. For instance:
```
loop invariant 1 <= x;
loop invariant x == y;
loop invariant 0 < x ==> y <= z;
loop invariant z % 2 == 1 || x == y;
loop invariant z % 2 == 1 && x <= y;
loop invariant \forall integer k;  0 <= k < i ==> max >=  a[k];
loop invariant \exists integer k;  0 <= k < i &&  max == a[k];
loop invariant \forall integer p; 0 <= p < \at(k, End_l) ==> res[p] == \at(res[p], End_l);
```
Your answer should follow the following format:
```
loop invariant ...;
loop invariant ...;
...
```
No explanation. No commentary. Just show me the loop invariant.
 /no_think
--------------------------
----------Response----------
[unused16][unused17]loop invariant m >= 0;
loop invariant j <= n;
loop invariant (x + y) == k && n > 0 && m < n;
loop invariant m == j || (j == i && x >= 0) || (j < i && y <= 0);
loop invariant (x + y) == k;
loop invariant n > 0 || j == n;
loop invariant j < n && (j == i || y > 0);
```
----------------------------
------------Invariant Info-----------
LOOP A:
i_6: m >= 0
i_7: j <= n
i_8: (x + y) == k && n > 0 && m < n
i_9: m == j || (j == i && x >= 0) || (j < i && y <= 0)
i_10: (x + y) == k
i_11: n > 0 || j == n
i_12: j < n && (j == i || y > 0)
------------------------------------
---------- Code with Invariants ----------
#include<assert.h>

int unknown1();
int unknown2();
int unknown3();
int unknown4();

/*@
    requires (x + y) == k;
    requires n > 0;
*/
void oopsla_20(int x, int y, int k, int j, int i, int n) {
    int m = 0;
    j = 0;

    // Loop A
    /*@
        loop invariant i_6: m >= 0;

        loop invariant i_7: j <= n;

        loop invariant i_8: (x + y) == k && n > 0 && m < n;

        loop invariant i_9: m == j || (j == i && x >= 0) || (j < i && y <= 0);

        loop invariant i_10: (x + y) == k;

        loop invariant i_11: n > 0 || j == n;

        loop invariant i_12: j < n && (j == i || y > 0);


        loop assigns y;
        loop assigns x;
        loop assigns m;
        loop assigns j;
    */
    while (j < n) {
        if (j == i) {
            x++;
            y--;
        } 
        else {
            y++;
            x--;
        }
        if (unknown1()){
            m = j;
        }
        j++;
    }

    //@ assert  a_1: (x + y) == k;
    //@ assert  a_2: n > 0 ==> 0 <= m;
    //@ assert  a_3: n > 0 ==> m < n;
}
------------------------------------------
Verification failed (Fail_16_20), removing all invariants and retrying.
========== Attempt 4 ==========
----------Prompt----------

#include<assert.h>

int unknown1();
int unknown2();
int unknown3();
int unknown4();

/*@
    requires (x + y) == k;
    requires n > 0;
*/
void oopsla_20(int x, int y, int k, int j, int i, int n) {
    int m = 0;
    j = 0;

    // Loop A
    /*@
        [Hint] Please infer the loop invariant for the following loop.

        loop assigns y;
        loop assigns x;
        loop assigns m;
        loop assigns j;
    */
    while (j < n) {
        if (j == i) {
            x++;
            y--;
        } 
        else {
            y++;
            x--;
        }
        if (unknown1()){
            m = j;
        }
        j++;
    }

    //@ assert  a_1: (x + y) == k;
    //@ assert  a_2: n > 0 ==> 0 <= m;
    //@ assert  a_3: n > 0 ==> m < n;
}
You are an expert in program verification, and please generate loop invariant as C annotation comments at the hint location (annotated by "[Hint] Please infer the loop invariant for the following loop.") using ACSL language.
ACSL is a specification language for C programs that conforms to the design by contract paradigm, utilizing Hoare style pre- and postconditions and invariants. Note that the `loop invariant` clause is a condition that is true at the beginning and end of every loop iteration.
Specifically, for the current verification task:
    - Pre-condition: the function's `requires` clauses
    - Post-condition: a_1:(x + y) == k; a_2:n > 0 ==> 0 <= m; a_3:n > 0 ==> m < n; 
Please verify that the generated loop invariant is consistent with these constraints. If these specific pre- or post-conditions are not provided or empty, please infer the loop invariant strictly based on the program's execution logic and standard correctness.
In order to get a correct answer, You may want to consider both the situation of not entering the loop and the situation of jumping out of the loop. If some of the pre-conditions are also loop invariant, you need to add them to your answer as well.
Use '&&', '||', '==>', '\forall' or '\exists' if necessary. For instance:
```
loop invariant 1 <= x;
loop invariant x == y;
loop invariant 0 < x ==> y <= z;
loop invariant z % 2 == 1 || x == y;
loop invariant z % 2 == 1 && x <= y;
loop invariant \forall integer k;  0 <= k < i ==> max >=  a[k];
loop invariant \exists integer k;  0 <= k < i &&  max == a[k];
loop invariant \forall integer p; 0 <= p < \at(k, End_l) ==> res[p] == \at(res[p], End_l);
```
Your answer should follow the following format:
```
loop invariant ...;
loop invariant ...;
...
```
No explanation. No commentary. Just show me the loop invariant.
 /no_think
--------------------------
----------Response----------
[unused16][unused17]loop invariant j < n;
loop invariant m >= 0;
loop invariant x + y == k;
```
loop invariant j < n && m >= 0;
loop invariant x + y == k;
```
----------------------------
------------Invariant Info-----------
LOOP A:
i_13: j < n
i_14: m >= 0
i_15: x + y == k
i_16: j < n && m >= 0
------------------------------------
---------- Code with Invariants ----------
#include<assert.h>

int unknown1();
int unknown2();
int unknown3();
int unknown4();

/*@
    requires (x + y) == k;
    requires n > 0;
*/
void oopsla_20(int x, int y, int k, int j, int i, int n) {
    int m = 0;
    j = 0;

    // Loop A
    /*@
        loop invariant i_13: j < n;

        loop invariant i_14: m >= 0;

        loop invariant i_15: x + y == k;

        loop invariant i_16: j < n && m >= 0;


        loop assigns y;
        loop assigns x;
        loop assigns m;
        loop assigns j;
    */
    while (j < n) {
        if (j == i) {
            x++;
            y--;
        } 
        else {
            y++;
            x--;
        }
        if (unknown1()){
            m = j;
        }
        j++;
    }

    //@ assert  a_1: (x + y) == k;
    //@ assert  a_2: n > 0 ==> 0 <= m;
    //@ assert  a_3: n > 0 ==> m < n;
}
------------------------------------------
Verification failed (Fail_12_14), removing all invariants and retrying.
========== Attempt 5 ==========
----------Prompt----------

#include<assert.h>

int unknown1();
int unknown2();
int unknown3();
int unknown4();

/*@
    requires (x + y) == k;
    requires n > 0;
*/
void oopsla_20(int x, int y, int k, int j, int i, int n) {
    int m = 0;
    j = 0;

    // Loop A
    /*@
        [Hint] Please infer the loop invariant for the following loop.

        loop assigns y;
        loop assigns x;
        loop assigns m;
        loop assigns j;
    */
    while (j < n) {
        if (j == i) {
            x++;
            y--;
        } 
        else {
            y++;
            x--;
        }
        if (unknown1()){
            m = j;
        }
        j++;
    }

    //@ assert  a_1: (x + y) == k;
    //@ assert  a_2: n > 0 ==> 0 <= m;
    //@ assert  a_3: n > 0 ==> m < n;
}
You are an expert in program verification, and please generate loop invariant as C annotation comments at the hint location (annotated by "[Hint] Please infer the loop invariant for the following loop.") using ACSL language.
ACSL is a specification language for C programs that conforms to the design by contract paradigm, utilizing Hoare style pre- and postconditions and invariants. Note that the `loop invariant` clause is a condition that is true at the beginning and end of every loop iteration.
Specifically, for the current verification task:
    - Pre-condition: the function's `requires` clauses
    - Post-condition: a_1:(x + y) == k; a_2:n > 0 ==> 0 <= m; a_3:n > 0 ==> m < n; 
Please verify that the generated loop invariant is consistent with these constraints. If these specific pre- or post-conditions are not provided or empty, please infer the loop invariant strictly based on the program's execution logic and standard correctness.
In order to get a correct answer, You may want to consider both the situation of not entering the loop and the situation of jumping out of the loop. If some of the pre-conditions are also loop invariant, you need to add them to your answer as well.
Use '&&', '||', '==>', '\forall' or '\exists' if necessary. For instance:
```
loop invariant 1 <= x;
loop invariant x == y;
loop invariant 0 < x ==> y <= z;
loop invariant z % 2 == 1 || x == y;
loop invariant z % 2 == 1 && x <= y;
loop invariant \forall integer k;  0 <= k < i ==> max >=  a[k];
loop invariant \exists integer k;  0 <= k < i &&  max == a[k];
loop invariant \forall integer p; 0 <= p < \at(k, End_l) ==> res[p] == \at(res[p], End_l);
```
Your answer should follow the following format:
```
loop invariant ...;
loop invariant ...;
...
```
No explanation. No commentary. Just show me the loop invariant.
 /no_think
--------------------------
----------Response----------
[unused16][unused17]loop invariant j < n;
loop invariant m < n;
loop invariant x + y == k;
loop invariant j == 0 || (x + y == k && j >= 1);
loop invariant (j == 0) || (x == y && j >= 1);
loop invariant \forall integer j;  j < n ==> m <= j;
loop invariant \exists integer j;  j < n && m == j;
```
----------------------------
------------Invariant Info-----------
LOOP A:
i_17: j < n
i_18: m < n
i_19: x + y == k
i_20: j == 0 || (x + y == k && j >= 1)
i_21: (j == 0) || (x == y && j >= 1)
i_22: \forall integer j; j < n ==> m <= j
i_23: \exists integer j; j < n && m == j
------------------------------------
---------- Code with Invariants ----------
#include<assert.h>

int unknown1();
int unknown2();
int unknown3();
int unknown4();

/*@
    requires (x + y) == k;
    requires n > 0;
*/
void oopsla_20(int x, int y, int k, int j, int i, int n) {
    int m = 0;
    j = 0;

    // Loop A
    /*@
        loop invariant i_17: j < n;

        loop invariant i_18: m < n;

        loop invariant i_19: x + y == k;

        loop invariant i_20: j == 0 || (x + y == k && j >= 1);

        loop invariant i_21: (j == 0) || (x == y && j >= 1);

        loop invariant i_22: \forall integer j; j < n ==> m <= j;

        loop invariant i_23: \exists integer j; j < n && m == j;


        loop assigns y;
        loop assigns x;
        loop assigns m;
        loop assigns j;
    */
    while (j < n) {
        if (j == i) {
            x++;
            y--;
        } 
        else {
            y++;
            x--;
        }
        if (unknown1()){
            m = j;
        }
        j++;
    }

    //@ assert  a_1: (x + y) == k;
    //@ assert  a_2: n > 0 ==> 0 <= m;
    //@ assert  a_3: n > 0 ==> m < n;
}
------------------------------------------
Verification failed (Fail_19_20), removing all invariants and retrying.
Verification failed: reached maximum attempts.
---------Result---------
Fail
Model: openPangu-Embedded-7B-V1.1
Running time: 101.03806805610657
Proposal number: 5
Verified code:

------------------------
