-----------Model-----------
Model type:
PanguEmbeddedForCausalLM(
  (model): PanguEmbeddedModel(
    (embed_tokens): Embedding(153376, 4096, padding_idx=0)
    (layers): ModuleList(
      (0-33): 34 x PanguEmbeddedDecoderLayer(
        (self_attn): PanguEmbeddedAttention(
          (q_proj): Linear(in_features=4096, out_features=4096, bias=True)
          (k_proj): Linear(in_features=4096, out_features=1024, bias=True)
          (v_proj): Linear(in_features=4096, out_features=1024, bias=True)
          (o_proj): Linear(in_features=4096, out_features=4096, bias=True)
        )
        (mlp): PanguEmbeddedMLP(
          (gate_proj): Linear(in_features=4096, out_features=12800, bias=False)
          (up_proj): Linear(in_features=4096, out_features=12800, bias=False)
          (down_proj): Linear(in_features=12800, out_features=4096, bias=False)
          (act_fn): SiLU()
        )
        (input_layernorm): PanguEmbeddedRMSNorm((4096,), eps=1e-05)
        (post_attention_layernorm): PanguEmbeddedRMSNorm((4096,), eps=1e-05)
      )
    )
    (norm): PanguEmbeddedRMSNorm((4096,), eps=1e-05)
    (rotary_emb): PanguEmbeddedRotaryEmbedding()
  )
  (lm_head): Linear(in_features=4096, out_features=153376, bias=False)
)
Model device:
npu:1
---------------------------
File Path: ../Benchmark/SVCOMP/svcomp_15.c
----------Code----------
# define INT_MAX 2147483647

int unknown1();

/*@
    requires l > 0;
    requires l < INT_MAX;
    requires n < INT_MAX;
*/
void svcomp_15(int n, int l) {
    int i, k;
    /*@
        loop assigns i, k, l;
    */
    for (k = 1; k < n; k++){
        /*@
            loop assigns i;
        */
        for (i = l; i < n; i++){  
            //@ assert 1 <= i;
        }
        if(unknown1()) {
            l = l + 1;
        }
    }
}
------------------------
========== Attempt 1 ==========
----------Prompt----------

# define INT_MAX 2147483647

int unknown1();

/*@
    requires l > 0;
    requires l < INT_MAX;
    requires n < INT_MAX;
*/
void svcomp_15(int n, int l) {
    int i, k;
    // Loop A
    /*@
        [Hint] Please infer the loop invariant for the following loop.

        loop assigns i, k, l;
    */
    for (k = 1; k < n; k++){
        // Loop B
        /*@
            loop assigns i;
        */
        for (i = l; i < n; i++){  
            //@ assert 1 <= i;
        }
        if(unknown1()) {
            l = l + 1;
        }
    }
}
You are an expert in program verification, and please generate loop invariant as C annotation comments at the hint location (annotated by "[Hint] Please infer the loop invariant for the following loop.") using ACSL language.
ACSL is a specification language for C programs that conforms to the design by contract paradigm, utilizing Hoare style pre- and postconditions and invariants. Note that the `loop invariant` clause is a condition that is true at the beginning and end of every loop iteration.
Specifically, for the current verification task:
    - Pre-condition: the function's `requires` clauses
    - Post-condition: 
Please verify that the generated loop invariant is consistent with these constraints. If these specific pre- or post-conditions are not provided or empty, please infer the loop invariant strictly based on the program's execution logic and standard correctness.
In order to get a correct answer, You may want to consider both the situation of not entering the loop and the situation of jumping out of the loop. If some of the pre-conditions are also loop invariant, you need to add them to your answer as well.
Use '&&', '||', '==>', '\forall' or '\exists' if necessary. For instance:
```
loop invariant 1 <= x;
loop invariant x == y;
loop invariant 0 < x ==> y <= z;
loop invariant z % 2 == 1 || x == y;
loop invariant z % 2 == 1 && x <= y;
loop invariant \forall integer k;  0 <= k < i ==> max >=  a[k];
loop invariant \exists integer k;  0 <= k < i &&  max == a[k];
loop invariant \forall integer p; 0 <= p < \at(k, End_l) ==> res[p] == \at(res[p], End_l);
```
Your answer should follow the following format:
```
loop invariant ...;
loop invariant ...;
...
```
No explanation. No commentary. Just show me the loop invariant.
 /no_think
--------------------------
----------Response----------
[unused16][unused17]```
loop invariant k < n && 1 <= k;
loop invariant 1 <= i <= l && i < n;
```
----------------------------
----------Prompt----------

# define INT_MAX 2147483647

int unknown1();

/*@
    requires l > 0;
    requires l < INT_MAX;
    requires n < INT_MAX;
*/
void svcomp_15(int n, int l) {
    int i, k;
    // Loop A
    /*@
        loop invariant i_0: k < n && 1 <= k;

        loop invariant i_1: 1 <= i <= l && i < n;


        loop assigns i, k, l;
    */
    for (k = 1; k < n; k++){
        // Loop B
        /*@
            [Hint] Please infer the loop invariant for the following loop.

            loop assigns i;
        */
        for (i = l; i < n; i++){  
            //@ assert 1 <= i;
        }
        if(unknown1()) {
            l = l + 1;
        }
    }
}
You are an expert in program verification, and please generate loop invariant as C annotation comments at the hint location (annotated by "[Hint] Please infer the loop invariant for the following loop.") using ACSL language.
ACSL is a specification language for C programs that conforms to the design by contract paradigm, utilizing Hoare style pre- and postconditions and invariants. Note that the `loop invariant` clause is a condition that is true at the beginning and end of every loop iteration.
Specifically, for the current verification task:
    - Pre-condition: i_0:k < n && 1 <= k; i_1:1 <= i <= l && i < n; 
    - Post-condition: i_0:k < n && 1 <= k; i_1:1 <= i <= l && i < n; 
Please verify that the generated loop invariant is consistent with these constraints. If these specific pre- or post-conditions are not provided or empty, please infer the loop invariant strictly based on the program's execution logic and standard correctness.
In order to get a correct answer, You may want to consider both the situation of not entering the loop and the situation of jumping out of the loop. If some of the pre-conditions are also loop invariant, you need to add them to your answer as well.
Use '&&', '||', '==>', '\forall' or '\exists' if necessary. For instance:
```
loop invariant 1 <= x;
loop invariant x == y;
loop invariant 0 < x ==> y <= z;
loop invariant z % 2 == 1 || x == y;
loop invariant z % 2 == 1 && x <= y;
loop invariant \forall integer k;  0 <= k < i ==> max >=  a[k];
loop invariant \exists integer k;  0 <= k < i &&  max == a[k];
loop invariant \forall integer p; 0 <= p < \at(k, End_l) ==> res[p] == \at(res[p], End_l);
```
Your answer should follow the following format:
```
loop invariant ...;
loop invariant ...;
...
```
No explanation. No commentary. Just show me the loop invariant.
 /no_think
--------------------------
----------Response----------
[unused16][unused17]loop invariant k < n && 1 <= k;
loop invariant 1 <= i <= l && i < n;
```
loop invariant k < n && 1 <= k;
loop invariant 1 <= i <= l && i < n;
```
----------------------------
------------Invariant Info-----------
LOOP A:
i_0: k < n && 1 <= k
i_1: 1 <= i <= l && i < n
LOOP B:
i_2: k < n && 1 <= k
i_3: 1 <= i <= l && i < n
------------------------------------
---------- Code with Invariants ----------
# define INT_MAX 2147483647

int unknown1();

/*@
    requires l > 0;
    requires l < INT_MAX;
    requires n < INT_MAX;
*/
void svcomp_15(int n, int l) {
    int i, k;
    // Loop A
    /*@
        loop invariant i_0: k < n && 1 <= k;

        loop invariant i_1: 1 <= i <= l && i < n;


        loop assigns i, k, l;
    */
    for (k = 1; k < n; k++){
        // Loop B
        /*@
            loop invariant i_2: k < n && 1 <= k;

            loop invariant i_3: 1 <= i <= l && i < n;


            loop assigns i;
        */
        for (i = l; i < n; i++){  
            //@ assert 1 <= i;
        }
        if(unknown1()) {
            l = l + 1;
        }
    }
}
------------------------------------------
Verification failed (Fail_9_13), removing all invariants and retrying.
========== Attempt 2 ==========
----------Prompt----------

# define INT_MAX 2147483647

int unknown1();

/*@
    requires l > 0;
    requires l < INT_MAX;
    requires n < INT_MAX;
*/
void svcomp_15(int n, int l) {
    int i, k;
    // Loop A
    /*@
        [Hint] Please infer the loop invariant for the following loop.

        loop assigns i, k, l;
    */
    for (k = 1; k < n; k++){
        // Loop B
        /*@
            loop assigns i;
        */
        for (i = l; i < n; i++){  
            //@ assert 1 <= i;
        }
        if(unknown1()) {
            l = l + 1;
        }
    }
}
You are an expert in program verification, and please generate loop invariant as C annotation comments at the hint location (annotated by "[Hint] Please infer the loop invariant for the following loop.") using ACSL language.
ACSL is a specification language for C programs that conforms to the design by contract paradigm, utilizing Hoare style pre- and postconditions and invariants. Note that the `loop invariant` clause is a condition that is true at the beginning and end of every loop iteration.
Specifically, for the current verification task:
    - Pre-condition: the function's `requires` clauses
    - Post-condition: 
Please verify that the generated loop invariant is consistent with these constraints. If these specific pre- or post-conditions are not provided or empty, please infer the loop invariant strictly based on the program's execution logic and standard correctness.
In order to get a correct answer, You may want to consider both the situation of not entering the loop and the situation of jumping out of the loop. If some of the pre-conditions are also loop invariant, you need to add them to your answer as well.
Use '&&', '||', '==>', '\forall' or '\exists' if necessary. For instance:
```
loop invariant 1 <= x;
loop invariant x == y;
loop invariant 0 < x ==> y <= z;
loop invariant z % 2 == 1 || x == y;
loop invariant z % 2 == 1 && x <= y;
loop invariant \forall integer k;  0 <= k < i ==> max >=  a[k];
loop invariant \exists integer k;  0 <= k < i &&  max == a[k];
loop invariant \forall integer p; 0 <= p < \at(k, End_l) ==> res[p] == \at(res[p], End_l);
```
Your answer should follow the following format:
```
loop invariant ...;
loop invariant ...;
...
```
No explanation. No commentary. Just show me the loop invariant.
 /no_think
--------------------------
----------Response----------
[unused16][unused17]loop invariant k < n && 1 <= l;
loop invariant 1 <= i && i < n;
```
----------------------------
----------Prompt----------

# define INT_MAX 2147483647

int unknown1();

/*@
    requires l > 0;
    requires l < INT_MAX;
    requires n < INT_MAX;
*/
void svcomp_15(int n, int l) {
    int i, k;
    // Loop A
    /*@
        loop invariant i_4: k < n && 1 <= l;

        loop invariant i_5: 1 <= i && i < n;


        loop assigns i, k, l;
    */
    for (k = 1; k < n; k++){
        // Loop B
        /*@
            [Hint] Please infer the loop invariant for the following loop.

            loop assigns i;
        */
        for (i = l; i < n; i++){  
            //@ assert 1 <= i;
        }
        if(unknown1()) {
            l = l + 1;
        }
    }
}
You are an expert in program verification, and please generate loop invariant as C annotation comments at the hint location (annotated by "[Hint] Please infer the loop invariant for the following loop.") using ACSL language.
ACSL is a specification language for C programs that conforms to the design by contract paradigm, utilizing Hoare style pre- and postconditions and invariants. Note that the `loop invariant` clause is a condition that is true at the beginning and end of every loop iteration.
Specifically, for the current verification task:
    - Pre-condition: i_4:k < n && 1 <= l; i_5:1 <= i && i < n; 
    - Post-condition: i_4:k < n && 1 <= l; i_5:1 <= i && i < n; 
Please verify that the generated loop invariant is consistent with these constraints. If these specific pre- or post-conditions are not provided or empty, please infer the loop invariant strictly based on the program's execution logic and standard correctness.
In order to get a correct answer, You may want to consider both the situation of not entering the loop and the situation of jumping out of the loop. If some of the pre-conditions are also loop invariant, you need to add them to your answer as well.
Use '&&', '||', '==>', '\forall' or '\exists' if necessary. For instance:
```
loop invariant 1 <= x;
loop invariant x == y;
loop invariant 0 < x ==> y <= z;
loop invariant z % 2 == 1 || x == y;
loop invariant z % 2 == 1 && x <= y;
loop invariant \forall integer k;  0 <= k < i ==> max >=  a[k];
loop invariant \exists integer k;  0 <= k < i &&  max == a[k];
loop invariant \forall integer p; 0 <= p < \at(k, End_l) ==> res[p] == \at(res[p], End_l);
```
Your answer should follow the following format:
```
loop invariant ...;
loop invariant ...;
...
```
No explanation. No commentary. Just show me the loop invariant.
 /no_think
--------------------------
----------Response----------
[unused16][unused17]```
loop invariant k < n && 1 <= l;
loop invariant 1 <= i && i < n;
```
----------------------------
------------Invariant Info-----------
LOOP A:
i_4: k < n && 1 <= l
i_5: 1 <= i && i < n
LOOP B:
i_6: k < n && 1 <= l
i_7: 1 <= i && i < n
------------------------------------
---------- Code with Invariants ----------
# define INT_MAX 2147483647

int unknown1();

/*@
    requires l > 0;
    requires l < INT_MAX;
    requires n < INT_MAX;
*/
void svcomp_15(int n, int l) {
    int i, k;
    // Loop A
    /*@
        loop invariant i_4: k < n && 1 <= l;

        loop invariant i_5: 1 <= i && i < n;


        loop assigns i, k, l;
    */
    for (k = 1; k < n; k++){
        // Loop B
        /*@
            loop invariant i_6: k < n && 1 <= l;

            loop invariant i_7: 1 <= i && i < n;


            loop assigns i;
        */
        for (i = l; i < n; i++){  
            //@ assert 1 <= i;
        }
        if(unknown1()) {
            l = l + 1;
        }
    }
}
------------------------------------------
Verification failed (Fail_9_13), removing all invariants and retrying.
========== Attempt 3 ==========
----------Prompt----------

# define INT_MAX 2147483647

int unknown1();

/*@
    requires l > 0;
    requires l < INT_MAX;
    requires n < INT_MAX;
*/
void svcomp_15(int n, int l) {
    int i, k;
    // Loop A
    /*@
        [Hint] Please infer the loop invariant for the following loop.

        loop assigns i, k, l;
    */
    for (k = 1; k < n; k++){
        // Loop B
        /*@
            loop assigns i;
        */
        for (i = l; i < n; i++){  
            //@ assert 1 <= i;
        }
        if(unknown1()) {
            l = l + 1;
        }
    }
}
You are an expert in program verification, and please generate loop invariant as C annotation comments at the hint location (annotated by "[Hint] Please infer the loop invariant for the following loop.") using ACSL language.
ACSL is a specification language for C programs that conforms to the design by contract paradigm, utilizing Hoare style pre- and postconditions and invariants. Note that the `loop invariant` clause is a condition that is true at the beginning and end of every loop iteration.
Specifically, for the current verification task:
    - Pre-condition: the function's `requires` clauses
    - Post-condition: 
Please verify that the generated loop invariant is consistent with these constraints. If these specific pre- or post-conditions are not provided or empty, please infer the loop invariant strictly based on the program's execution logic and standard correctness.
In order to get a correct answer, You may want to consider both the situation of not entering the loop and the situation of jumping out of the loop. If some of the pre-conditions are also loop invariant, you need to add them to your answer as well.
Use '&&', '||', '==>', '\forall' or '\exists' if necessary. For instance:
```
loop invariant 1 <= x;
loop invariant x == y;
loop invariant 0 < x ==> y <= z;
loop invariant z % 2 == 1 || x == y;
loop invariant z % 2 == 1 && x <= y;
loop invariant \forall integer k;  0 <= k < i ==> max >=  a[k];
loop invariant \exists integer k;  0 <= k < i &&  max == a[k];
loop invariant \forall integer p; 0 <= p < \at(k, End_l) ==> res[p] == \at(res[p], End_l);
```
Your answer should follow the following format:
```
loop invariant ...;
loop invariant ...;
...
```
No explanation. No commentary. Just show me the loop invariant.
 /no_think
--------------------------
----------Response----------
[unused16][unused17]loop invariant 1 <= l;
loop invariant l < INT_MAX;
loop invariant k == k;
loop invariant i == l;
```
----------------------------
----------Prompt----------

# define INT_MAX 2147483647

int unknown1();

/*@
    requires l > 0;
    requires l < INT_MAX;
    requires n < INT_MAX;
*/
void svcomp_15(int n, int l) {
    int i, k;
    // Loop A
    /*@
        loop invariant i_8: 1 <= l;

        loop invariant i_9: l < INT_MAX;

        loop invariant i_10: k == k;

        loop invariant i_11: i == l;


        loop assigns i, k, l;
    */
    for (k = 1; k < n; k++){
        // Loop B
        /*@
            [Hint] Please infer the loop invariant for the following loop.

            loop assigns i;
        */
        for (i = l; i < n; i++){  
            //@ assert 1 <= i;
        }
        if(unknown1()) {
            l = l + 1;
        }
    }
}
You are an expert in program verification, and please generate loop invariant as C annotation comments at the hint location (annotated by "[Hint] Please infer the loop invariant for the following loop.") using ACSL language.
ACSL is a specification language for C programs that conforms to the design by contract paradigm, utilizing Hoare style pre- and postconditions and invariants. Note that the `loop invariant` clause is a condition that is true at the beginning and end of every loop iteration.
Specifically, for the current verification task:
    - Pre-condition: i_8:1 <= l; i_9:l < INT_MAX; i_10:k == k; i_11:i == l; 
    - Post-condition: i_8:1 <= l; i_9:l < INT_MAX; i_10:k == k; i_11:i == l; 
Please verify that the generated loop invariant is consistent with these constraints. If these specific pre- or post-conditions are not provided or empty, please infer the loop invariant strictly based on the program's execution logic and standard correctness.
In order to get a correct answer, You may want to consider both the situation of not entering the loop and the situation of jumping out of the loop. If some of the pre-conditions are also loop invariant, you need to add them to your answer as well.
Use '&&', '||', '==>', '\forall' or '\exists' if necessary. For instance:
```
loop invariant 1 <= x;
loop invariant x == y;
loop invariant 0 < x ==> y <= z;
loop invariant z % 2 == 1 || x == y;
loop invariant z % 2 == 1 && x <= y;
loop invariant \forall integer k;  0 <= k < i ==> max >=  a[k];
loop invariant \exists integer k;  0 <= k < i &&  max == a[k];
loop invariant \forall integer p; 0 <= p < \at(k, End_l) ==> res[p] == \at(res[p], End_l);
```
Your answer should follow the following format:
```
loop invariant ...;
loop invariant ...;
...
```
No explanation. No commentary. Just show me the loop invariant.
 /no_think
--------------------------
----------Response----------
[unused16][unused17]```
loop invariant 1 <= l;
loop invariant l < INT_MAX;
loop invariant k == k;
loop invariant i == l;
```
----------------------------
------------Invariant Info-----------
LOOP A:
i_8: 1 <= l
i_9: l < INT_MAX
i_10: k == k
i_11: i == l
LOOP B:
i_12: 1 <= l
i_13: l < INT_MAX
i_14: k == k
i_15: i == l
------------------------------------
---------- Code with Invariants ----------
# define INT_MAX 2147483647

int unknown1();

/*@
    requires l > 0;
    requires l < INT_MAX;
    requires n < INT_MAX;
*/
void svcomp_15(int n, int l) {
    int i, k;
    // Loop A
    /*@
        loop invariant i_8: 1 <= l;

        loop invariant i_9: l < INT_MAX;

        loop invariant i_10: k == k;

        loop invariant i_11: i == l;


        loop assigns i, k, l;
    */
    for (k = 1; k < n; k++){
        // Loop B
        /*@
            loop invariant i_12: 1 <= l;

            loop invariant i_13: l < INT_MAX;

            loop invariant i_14: k == k;

            loop invariant i_15: i == l;


            loop assigns i;
        */
        for (i = l; i < n; i++){  
            //@ assert 1 <= i;
        }
        if(unknown1()) {
            l = l + 1;
        }
    }
}
------------------------------------------
Verification failed (Fail_17_21), removing all invariants and retrying.
========== Attempt 4 ==========
----------Prompt----------

# define INT_MAX 2147483647

int unknown1();

/*@
    requires l > 0;
    requires l < INT_MAX;
    requires n < INT_MAX;
*/
void svcomp_15(int n, int l) {
    int i, k;
    // Loop A
    /*@
        [Hint] Please infer the loop invariant for the following loop.

        loop assigns i, k, l;
    */
    for (k = 1; k < n; k++){
        // Loop B
        /*@
            loop assigns i;
        */
        for (i = l; i < n; i++){  
            //@ assert 1 <= i;
        }
        if(unknown1()) {
            l = l + 1;
        }
    }
}
You are an expert in program verification, and please generate loop invariant as C annotation comments at the hint location (annotated by "[Hint] Please infer the loop invariant for the following loop.") using ACSL language.
ACSL is a specification language for C programs that conforms to the design by contract paradigm, utilizing Hoare style pre- and postconditions and invariants. Note that the `loop invariant` clause is a condition that is true at the beginning and end of every loop iteration.
Specifically, for the current verification task:
    - Pre-condition: the function's `requires` clauses
    - Post-condition: 
Please verify that the generated loop invariant is consistent with these constraints. If these specific pre- or post-conditions are not provided or empty, please infer the loop invariant strictly based on the program's execution logic and standard correctness.
In order to get a correct answer, You may want to consider both the situation of not entering the loop and the situation of jumping out of the loop. If some of the pre-conditions are also loop invariant, you need to add them to your answer as well.
Use '&&', '||', '==>', '\forall' or '\exists' if necessary. For instance:
```
loop invariant 1 <= x;
loop invariant x == y;
loop invariant 0 < x ==> y <= z;
loop invariant z % 2 == 1 || x == y;
loop invariant z % 2 == 1 && x <= y;
loop invariant \forall integer k;  0 <= k < i ==> max >=  a[k];
loop invariant \exists integer k;  0 <= k < i &&  max == a[k];
loop invariant \forall integer p; 0 <= p < \at(k, End_l) ==> res[p] == \at(res[p], End_l);
```
Your answer should follow the following format:
```
loop invariant ...;
loop invariant ...;
...
```
No explanation. No commentary. Just show me the loop invariant.
 /no_think
--------------------------
----------Response----------
[unused16][unused17]loop invariant k >= 1;
loop invariant l >= 1;
loop invariant l <= INT_MAX;
```
----------------------------
----------Prompt----------

# define INT_MAX 2147483647

int unknown1();

/*@
    requires l > 0;
    requires l < INT_MAX;
    requires n < INT_MAX;
*/
void svcomp_15(int n, int l) {
    int i, k;
    // Loop A
    /*@
        loop invariant i_16: k >= 1;

        loop invariant i_17: l >= 1;

        loop invariant i_18: l <= INT_MAX;


        loop assigns i, k, l;
    */
    for (k = 1; k < n; k++){
        // Loop B
        /*@
            [Hint] Please infer the loop invariant for the following loop.

            loop assigns i;
        */
        for (i = l; i < n; i++){  
            //@ assert 1 <= i;
        }
        if(unknown1()) {
            l = l + 1;
        }
    }
}
You are an expert in program verification, and please generate loop invariant as C annotation comments at the hint location (annotated by "[Hint] Please infer the loop invariant for the following loop.") using ACSL language.
ACSL is a specification language for C programs that conforms to the design by contract paradigm, utilizing Hoare style pre- and postconditions and invariants. Note that the `loop invariant` clause is a condition that is true at the beginning and end of every loop iteration.
Specifically, for the current verification task:
    - Pre-condition: i_16:k >= 1; i_17:l >= 1; i_18:l <= INT_MAX; 
    - Post-condition: i_16:k >= 1; i_17:l >= 1; i_18:l <= INT_MAX; 
Please verify that the generated loop invariant is consistent with these constraints. If these specific pre- or post-conditions are not provided or empty, please infer the loop invariant strictly based on the program's execution logic and standard correctness.
In order to get a correct answer, You may want to consider both the situation of not entering the loop and the situation of jumping out of the loop. If some of the pre-conditions are also loop invariant, you need to add them to your answer as well.
Use '&&', '||', '==>', '\forall' or '\exists' if necessary. For instance:
```
loop invariant 1 <= x;
loop invariant x == y;
loop invariant 0 < x ==> y <= z;
loop invariant z % 2 == 1 || x == y;
loop invariant z % 2 == 1 && x <= y;
loop invariant \forall integer k;  0 <= k < i ==> max >=  a[k];
loop invariant \exists integer k;  0 <= k < i &&  max == a[k];
loop invariant \forall integer p; 0 <= p < \at(k, End_l) ==> res[p] == \at(res[p], End_l);
```
Your answer should follow the following format:
```
loop invariant ...;
loop invariant ...;
...
```
No explanation. No commentary. Just show me the loop invariant.
 /no_think
--------------------------
----------Response----------
[unused16][unused17]```
loop invariant k >= 1 && k < n;
loop invariant l >= 1 && l <= INT_MAX;
```
----------------------------
------------Invariant Info-----------
LOOP A:
i_16: k >= 1
i_17: l >= 1
i_18: l <= INT_MAX
LOOP B:
i_19: k >= 1 && k < n
i_20: l >= 1 && l <= INT_MAX
------------------------------------
---------- Code with Invariants ----------
# define INT_MAX 2147483647

int unknown1();

/*@
    requires l > 0;
    requires l < INT_MAX;
    requires n < INT_MAX;
*/
void svcomp_15(int n, int l) {
    int i, k;
    // Loop A
    /*@
        loop invariant i_16: k >= 1;

        loop invariant i_17: l >= 1;

        loop invariant i_18: l <= INT_MAX;


        loop assigns i, k, l;
    */
    for (k = 1; k < n; k++){
        // Loop B
        /*@
            loop invariant i_19: k >= 1 && k < n;

            loop invariant i_20: l >= 1 && l <= INT_MAX;


            loop assigns i;
        */
        for (i = l; i < n; i++){  
            //@ assert 1 <= i;
        }
        if(unknown1()) {
            l = l + 1;
        }
    }
}
------------------------------------------
Verification failed (Fail_14_15), removing all invariants and retrying.
========== Attempt 5 ==========
----------Prompt----------

# define INT_MAX 2147483647

int unknown1();

/*@
    requires l > 0;
    requires l < INT_MAX;
    requires n < INT_MAX;
*/
void svcomp_15(int n, int l) {
    int i, k;
    // Loop A
    /*@
        [Hint] Please infer the loop invariant for the following loop.

        loop assigns i, k, l;
    */
    for (k = 1; k < n; k++){
        // Loop B
        /*@
            loop assigns i;
        */
        for (i = l; i < n; i++){  
            //@ assert 1 <= i;
        }
        if(unknown1()) {
            l = l + 1;
        }
    }
}
You are an expert in program verification, and please generate loop invariant as C annotation comments at the hint location (annotated by "[Hint] Please infer the loop invariant for the following loop.") using ACSL language.
ACSL is a specification language for C programs that conforms to the design by contract paradigm, utilizing Hoare style pre- and postconditions and invariants. Note that the `loop invariant` clause is a condition that is true at the beginning and end of every loop iteration.
Specifically, for the current verification task:
    - Pre-condition: the function's `requires` clauses
    - Post-condition: 
Please verify that the generated loop invariant is consistent with these constraints. If these specific pre- or post-conditions are not provided or empty, please infer the loop invariant strictly based on the program's execution logic and standard correctness.
In order to get a correct answer, You may want to consider both the situation of not entering the loop and the situation of jumping out of the loop. If some of the pre-conditions are also loop invariant, you need to add them to your answer as well.
Use '&&', '||', '==>', '\forall' or '\exists' if necessary. For instance:
```
loop invariant 1 <= x;
loop invariant x == y;
loop invariant 0 < x ==> y <= z;
loop invariant z % 2 == 1 || x == y;
loop invariant z % 2 == 1 && x <= y;
loop invariant \forall integer k;  0 <= k < i ==> max >=  a[k];
loop invariant \exists integer k;  0 <= k < i &&  max == a[k];
loop invariant \forall integer p; 0 <= p < \at(k, End_l) ==> res[p] == \at(res[p], End_l);
```
Your answer should follow the following format:
```
loop invariant ...;
loop invariant ...;
...
```
No explanation. No commentary. Just show me the loop invariant.
 /no_think
--------------------------
----------Response----------
[unused16][unused17]```
loop invariant 1 <= l && 1 <= k && k < n;
```
----------------------------
----------Prompt----------

# define INT_MAX 2147483647

int unknown1();

/*@
    requires l > 0;
    requires l < INT_MAX;
    requires n < INT_MAX;
*/
void svcomp_15(int n, int l) {
    int i, k;
    // Loop A
    /*@
        loop invariant i_21: 1 <= l && 1 <= k && k < n;


        loop assigns i, k, l;
    */
    for (k = 1; k < n; k++){
        // Loop B
        /*@
            [Hint] Please infer the loop invariant for the following loop.

            loop assigns i;
        */
        for (i = l; i < n; i++){  
            //@ assert 1 <= i;
        }
        if(unknown1()) {
            l = l + 1;
        }
    }
}
You are an expert in program verification, and please generate loop invariant as C annotation comments at the hint location (annotated by "[Hint] Please infer the loop invariant for the following loop.") using ACSL language.
ACSL is a specification language for C programs that conforms to the design by contract paradigm, utilizing Hoare style pre- and postconditions and invariants. Note that the `loop invariant` clause is a condition that is true at the beginning and end of every loop iteration.
Specifically, for the current verification task:
    - Pre-condition: i_21:1 <= l && 1 <= k && k < n; 
    - Post-condition: i_21:1 <= l && 1 <= k && k < n; 
Please verify that the generated loop invariant is consistent with these constraints. If these specific pre- or post-conditions are not provided or empty, please infer the loop invariant strictly based on the program's execution logic and standard correctness.
In order to get a correct answer, You may want to consider both the situation of not entering the loop and the situation of jumping out of the loop. If some of the pre-conditions are also loop invariant, you need to add them to your answer as well.
Use '&&', '||', '==>', '\forall' or '\exists' if necessary. For instance:
```
loop invariant 1 <= x;
loop invariant x == y;
loop invariant 0 < x ==> y <= z;
loop invariant z % 2 == 1 || x == y;
loop invariant z % 2 == 1 && x <= y;
loop invariant \forall integer k;  0 <= k < i ==> max >=  a[k];
loop invariant \exists integer k;  0 <= k < i &&  max == a[k];
loop invariant \forall integer p; 0 <= p < \at(k, End_l) ==> res[p] == \at(res[p], End_l);
```
Your answer should follow the following format:
```
loop invariant ...;
loop invariant ...;
...
```
No explanation. No commentary. Just show me the loop invariant.
 /no_think
--------------------------
----------Response----------
[unused16][unused17][Loop <Loop A>]
loop invariant 1 <= l && 1 <= k && k < n;

[Loop <Loop B>]
loop invariant 1 <= i && i < n && 1 <= k && k < n;
----------------------------
------------Invariant Info-----------
LOOP A:
i_21: 1 <= l && 1 <= k && k < n
LOOP B:
i_22: 1 <= l && 1 <= k && k < n
i_23: 1 <= i && i < n && 1 <= k && k < n
------------------------------------
---------- Code with Invariants ----------
# define INT_MAX 2147483647

int unknown1();

/*@
    requires l > 0;
    requires l < INT_MAX;
    requires n < INT_MAX;
*/
void svcomp_15(int n, int l) {
    int i, k;
    // Loop A
    /*@
        loop invariant i_21: 1 <= l && 1 <= k && k < n;


        loop assigns i, k, l;
    */
    for (k = 1; k < n; k++){
        // Loop B
        /*@
            loop invariant i_22: 1 <= l && 1 <= k && k < n;

            loop invariant i_23: 1 <= i && i < n && 1 <= k && k < n;


            loop assigns i;
        */
        for (i = l; i < n; i++){  
            //@ assert 1 <= i;
        }
        if(unknown1()) {
            l = l + 1;
        }
    }
}
------------------------------------------
Verification failed (Fail_8_11), removing all invariants and retrying.
Verification failed: reached maximum attempts.
---------Result---------
Fail
Model: openPangu-Embedded-7B-V1.1
Running time: 104.76445627212524
Proposal number: 5
Verified code:

------------------------
