-----------Model-----------
Model type:
PanguEmbeddedForCausalLM(
  (model): PanguEmbeddedModel(
    (embed_tokens): Embedding(153376, 4096, padding_idx=0)
    (layers): ModuleList(
      (0-33): 34 x PanguEmbeddedDecoderLayer(
        (self_attn): PanguEmbeddedAttention(
          (q_proj): Linear(in_features=4096, out_features=4096, bias=True)
          (k_proj): Linear(in_features=4096, out_features=1024, bias=True)
          (v_proj): Linear(in_features=4096, out_features=1024, bias=True)
          (o_proj): Linear(in_features=4096, out_features=4096, bias=True)
        )
        (mlp): PanguEmbeddedMLP(
          (gate_proj): Linear(in_features=4096, out_features=12800, bias=False)
          (up_proj): Linear(in_features=4096, out_features=12800, bias=False)
          (down_proj): Linear(in_features=12800, out_features=4096, bias=False)
          (act_fn): SiLU()
        )
        (input_layernorm): PanguEmbeddedRMSNorm((4096,), eps=1e-05)
        (post_attention_layernorm): PanguEmbeddedRMSNorm((4096,), eps=1e-05)
      )
    )
    (norm): PanguEmbeddedRMSNorm((4096,), eps=1e-05)
    (rotary_emb): PanguEmbeddedRotaryEmbedding()
  )
  (lm_head): Linear(in_features=4096, out_features=153376, bias=False)
)
Model device:
npu:1
---------------------------
File Path: ../Benchmark/OOPSLA/oopsla_17.c
----------Code----------
#include <assert.h>
int unknown1();
int unknown2();
int unknown3();
int unknown4();

/*@
    requires n > 0;
*/
void oopsla_17(int n){
    int k=1;
    int i=1;
    int j=0;
    
    /*@
        loop assigns i, j;
    */
    while(i < n) {
        j = 0;

        /*@
            loop assigns k, j;
        */
        while(j < i) {
            k += (i-j);
            j++;
        }
        i++;
    }

    //@ assert a_1: (k >= n);
}

------------------------
----------Prompt----------

#include <assert.h>
int unknown1();
int unknown2();
int unknown3();
int unknown4();

/*@
    requires n > 0;
*/
void oopsla_17(int n){
    int k=1;
    int i=1;
    int j=0;
    
    // Loop A
    /*@
        [Hint] Please infer the loop invariant for the following loop.

        loop assigns i, j;
    */
    while(i < n) {
        j = 0;

        // Loop B
        /*@
            loop assigns k, j;
        */
        while(j < i) {
            k += (i-j);
            j++;
        }
        i++;
    }

    //@ assert a_1: (k >= n);
}

You are an expert in program verification, and please generate loop invariant as C annotation comments at the hint location (annotated by "[Hint] Please infer the loop invariant for the following loop.") using ACSL language.
ACSL is a specification language for C programs that conforms to the design by contract paradigm, utilizing Hoare style pre- and postconditions and invariants. Note that the `loop invariant` clause is a condition that is true at the beginning and end of every loop iteration.
Specifically, for the current verification task:
    - Pre-condition: the function's `requires` clauses
    - Post-condition: 
Please verify that the generated loop invariant is consistent with these constraints. If these specific pre- or post-conditions are not provided or empty, please infer the loop invariant strictly based on the program's execution logic and standard correctness.
In order to get a correct answer, You may want to consider both the situation of not entering the loop and the situation of jumping out of the loop. If some of the pre-conditions are also loop invariant, you need to add them to your answer as well.
Use '&&', '||', '==>', '\forall' or '\exists' if necessary. For instance:
```
loop invariant 1 <= x;
loop invariant x == y;
loop invariant 0 < x ==> y <= z;
loop invariant z % 2 == 1 || x == y;
loop invariant z % 2 == 1 && x <= y;
loop invariant \forall integer k;  0 <= k < i ==> max >=  a[k];
loop invariant \exists integer k;  0 <= k < i &&  max == a[k];
loop invariant \forall integer p; 0 <= p < \at(k, End_l) ==> res[p] == \at(res[p], End_l);
```
Your answer should follow the following format:
```
loop invariant ...;
loop invariant ...;
...
```
No explanation. No commentary. Just show me the loop invariant.
 /no_think
--------------------------
----------Response----------
[unused16][unused17]loop invariant i <= n;
loop invariant j <= i;
loop invariant k <= j;
```
    k += (i - j);
    j++;
```
----------------------------
----------Prompt----------

#include <assert.h>
int unknown1();
int unknown2();
int unknown3();
int unknown4();

/*@
    requires n > 0;
*/
void oopsla_17(int n){
    int k=1;
    int i=1;
    int j=0;
    
    // Loop A
    /*@
        loop invariant i_0: i <= n;

        loop invariant i_1: j <= i;

        loop invariant i_2: k <= j;


        loop assigns i, j;
    */
    while(i < n) {
        j = 0;

        // Loop B
        /*@
            [Hint] Please infer the loop invariant for the following loop.

            loop assigns k, j;
        */
        while(j < i) {
            k += (i-j);
            j++;
        }
        i++;
    }

    //@ assert a_1: (k >= n);
}

You are an expert in program verification, and please generate loop invariant as C annotation comments at the hint location (annotated by "[Hint] Please infer the loop invariant for the following loop.") using ACSL language.
ACSL is a specification language for C programs that conforms to the design by contract paradigm, utilizing Hoare style pre- and postconditions and invariants. Note that the `loop invariant` clause is a condition that is true at the beginning and end of every loop iteration.
Specifically, for the current verification task:
    - Pre-condition: i_0:i <= n; i_1:j <= i; i_2:k <= j; 
    - Post-condition: i_0:i <= n; i_1:j <= i; i_2:k <= j; 
Please verify that the generated loop invariant is consistent with these constraints. If these specific pre- or post-conditions are not provided or empty, please infer the loop invariant strictly based on the program's execution logic and standard correctness.
In order to get a correct answer, You may want to consider both the situation of not entering the loop and the situation of jumping out of the loop. If some of the pre-conditions are also loop invariant, you need to add them to your answer as well.
Use '&&', '||', '==>', '\forall' or '\exists' if necessary. For instance:
```
loop invariant 1 <= x;
loop invariant x == y;
loop invariant 0 < x ==> y <= z;
loop invariant z % 2 == 1 || x == y;
loop invariant z % 2 == 1 && x <= y;
loop invariant \forall integer k;  0 <= k < i ==> max >=  a[k];
loop invariant \exists integer k;  0 <= k < i &&  max == a[k];
loop invariant \forall integer p; 0 <= p < \at(k, End_l) ==> res[p] == \at(res[p], End_l);
```
Your answer should follow the following format:
```
loop invariant ...;
loop invariant ...;
...
```
No explanation. No commentary. Just show me the loop invariant.
 /no_think
--------------------------
----------Response----------
[unused16][unused17][Loop <Loop B>]
loop invariant k <= i;

[Loop <Loop A>]
loop invariant i <= n; && j <= i; && k <= j;
----------------------------
------------Invariant Info-----------
LOOP A:
i_0: i <= n
i_1: j <= i
i_2: k <= j
LOOP B:
i_3: k <= i
i_4: i <= n
------------------------------------
----------Code with Invariants----------
#include <assert.h>
int unknown1();
int unknown2();
int unknown3();
int unknown4();

/*@
    requires n > 0;
*/
void oopsla_17(int n){
    int k=1;
    int i=1;
    int j=0;
    
    // Loop A
    /*@
        loop invariant i_0: i <= n;

        loop invariant i_1: j <= i;

        loop invariant i_2: k <= j;


        loop assigns i, j;
    */
    while(i < n) {
        j = 0;

        // Loop B
        /*@
            loop invariant i_3: k <= i;

            loop invariant i_4: i <= n;


            loop assigns k, j;
        */
        while(j < i) {
            k += (i-j);
            j++;
        }
        i++;
    }

    //@ assert a_1: (k >= n);
}

----------------------------------------
----------Begin Revise----------
-------------Establishment_requires: i_2: establishment---------------
----------Prompt----------

#include <assert.h>
int unknown1();
int unknown2();
int unknown3();
int unknown4();

/*@
    requires n > 0;
*/
void oopsla_17(int n){
    int k=1;
    int i=1;
    int j=0;
    
    // Loop A
    /*@
        [Hint] Loop invariant k <= j too strong initially. Relax it.

        loop invariant i_0: i <= n;

        loop invariant i_1: j <= i;

        loop invariant i_2: k <= j;


        loop assigns i, j;
    */
    while(i < n) {
        j = 0;

        // Loop B
        /*@
            loop invariant i_3: k <= i;

            loop invariant i_4: i <= n;


            loop assigns k, j;
        */
        while(j < i) {
            k += (i-j);
            j++;
        }
        i++;
    }

    //@ assert a_1: (k >= n);
}

You are an expert in deductive program verification using ACSL and Frama-C.
The following loop invariant of the loop labeled "A" cannot be established from the function's `requires` clauses:
[Unprovable Initial Invariant] k <= j
This means the loop invariant is too strong at the loop entry, violating the establishment condition of loop correctness.  
Your task is to relax or weaken the loop invariant at the position marked by: "[Hint] Loop invariant too strong initially. Relax it."
IMPORTANT RULES:
1. The relaxed invariants must still hold:
   - Establishment: They must be provable solely from the function's requires clauses and the program state before entering the loop.
   - Preservation: after executing the loop body exactly once, the invariant still holds.
   - Zero-iteration case: the invariant is valid even if the loop never executes.
2. Do NOT restate or print any of the existing loop invariants.  
   Only output the modified (weakened) invariants necessary to make the establishment step succeed.
3. Your answer must be solely in the form:
   ```
   loop invariant ...;
   loop invariant ...;
   ...
   ```
4. All invariants must follow ACSL syntax and be valid loop invariants.
5. No explanation. No commentary. Just show me the loop invariant.
 /no_think
--------------------------
----------Response----------
[unused16][unused17]```
loop invariant i <= n;
loop invariant j <= i;
loop invariant k <= j;
```
----------------------------
--------------------------------
------------Invariant Info-----------
LOOP A:
i_0: i <= n
i_1: j <= i
i_2: k <= j
LOOP B:
i_3: k <= i
i_4: i <= n
------------------------------------
----------Code with Invariants----------
#include <assert.h>
int unknown1();
int unknown2();
int unknown3();
int unknown4();

/*@
    requires n > 0;
*/
void oopsla_17(int n){
    int k=1;
    int i=1;
    int j=0;
    
    // Loop A
    /*@
        loop invariant i_0: i <= n;

        loop invariant i_1: j <= i;

        loop invariant i_2: k <= j;


        loop assigns i, j;
    */
    while(i < n) {
        j = 0;

        // Loop B
        /*@
            loop invariant i_3: k <= i;

            loop invariant i_4: i <= n;


            loop assigns k, j;
        */
        while(j < i) {
            k += (i-j);
            j++;
        }
        i++;
    }

    //@ assert a_1: (k >= n);
}

----------------------------------------
----------Begin Revise----------
-------------Establishment_requires: i_2: establishment---------------
----------Prompt----------

#include <assert.h>
int unknown1();
int unknown2();
int unknown3();
int unknown4();

/*@
    requires n > 0;
*/
void oopsla_17(int n){
    int k=1;
    int i=1;
    int j=0;
    
    // Loop A
    /*@
        [Hint] Loop invariant k <= j too strong initially. Relax it.

        loop invariant i_0: i <= n;

        loop invariant i_1: j <= i;

        loop invariant i_2: k <= j;


        loop assigns i, j;
    */
    while(i < n) {
        j = 0;

        // Loop B
        /*@
            loop invariant i_3: k <= i;

            loop invariant i_4: i <= n;


            loop assigns k, j;
        */
        while(j < i) {
            k += (i-j);
            j++;
        }
        i++;
    }

    //@ assert a_1: (k >= n);
}

You are an expert in deductive program verification using ACSL and Frama-C.
The following loop invariant of the loop labeled "A" cannot be established from the function's `requires` clauses:
[Unprovable Initial Invariant] k <= j
This means the loop invariant is too strong at the loop entry, violating the establishment condition of loop correctness.  
Your task is to relax or weaken the loop invariant at the position marked by: "[Hint] Loop invariant too strong initially. Relax it."
IMPORTANT RULES:
1. The relaxed invariants must still hold:
   - Establishment: They must be provable solely from the function's requires clauses and the program state before entering the loop.
   - Preservation: after executing the loop body exactly once, the invariant still holds.
   - Zero-iteration case: the invariant is valid even if the loop never executes.
2. Do NOT restate or print any of the existing loop invariants.  
   Only output the modified (weakened) invariants necessary to make the establishment step succeed.
3. Your answer must be solely in the form:
   ```
   loop invariant ...;
   loop invariant ...;
   ...
   ```
4. All invariants must follow ACSL syntax and be valid loop invariants.
5. No explanation. No commentary. Just show me the loop invariant.
 /no_think
--------------------------
----------Response----------
[unused16][unused17]```
loop invariant i <= n;
loop invariant j <= i;
```
----------------------------
--------------------------------
------------Invariant Info-----------
LOOP A:
i_0: i <= n
i_1: j <= i
i_2: k <= j
LOOP B:
i_3: k <= i
i_4: i <= n
------------------------------------
----------Code with Invariants----------
#include <assert.h>
int unknown1();
int unknown2();
int unknown3();
int unknown4();

/*@
    requires n > 0;
*/
void oopsla_17(int n){
    int k=1;
    int i=1;
    int j=0;
    
    // Loop A
    /*@
        loop invariant i_0: i <= n;

        loop invariant i_1: j <= i;

        loop invariant i_2: k <= j;


        loop assigns i, j;
    */
    while(i < n) {
        j = 0;

        // Loop B
        /*@
            loop invariant i_3: k <= i;

            loop invariant i_4: i <= n;


            loop assigns k, j;
        */
        while(j < i) {
            k += (i-j);
            j++;
        }
        i++;
    }

    //@ assert a_1: (k >= n);
}

----------------------------------------
----------Begin Revise----------
-------------Establishment_requires: i_2: establishment---------------
----------Prompt----------

#include <assert.h>
int unknown1();
int unknown2();
int unknown3();
int unknown4();

/*@
    requires n > 0;
*/
void oopsla_17(int n){
    int k=1;
    int i=1;
    int j=0;
    
    // Loop A
    /*@
        [Hint] Loop invariant k <= j too strong initially. Relax it.

        loop invariant i_0: i <= n;

        loop invariant i_1: j <= i;

        loop invariant i_2: k <= j;


        loop assigns i, j;
    */
    while(i < n) {
        j = 0;

        // Loop B
        /*@
            loop invariant i_3: k <= i;

            loop invariant i_4: i <= n;


            loop assigns k, j;
        */
        while(j < i) {
            k += (i-j);
            j++;
        }
        i++;
    }

    //@ assert a_1: (k >= n);
}

You are an expert in deductive program verification using ACSL and Frama-C.
The following loop invariant of the loop labeled "A" cannot be established from the function's `requires` clauses:
[Unprovable Initial Invariant] k <= j
This means the loop invariant is too strong at the loop entry, violating the establishment condition of loop correctness.  
Your task is to relax or weaken the loop invariant at the position marked by: "[Hint] Loop invariant too strong initially. Relax it."
IMPORTANT RULES:
1. The relaxed invariants must still hold:
   - Establishment: They must be provable solely from the function's requires clauses and the program state before entering the loop.
   - Preservation: after executing the loop body exactly once, the invariant still holds.
   - Zero-iteration case: the invariant is valid even if the loop never executes.
2. Do NOT restate or print any of the existing loop invariants.  
   Only output the modified (weakened) invariants necessary to make the establishment step succeed.
3. Your answer must be solely in the form:
   ```
   loop invariant ...;
   loop invariant ...;
   ...
   ```
4. All invariants must follow ACSL syntax and be valid loop invariants.
5. No explanation. No commentary. Just show me the loop invariant.
 /no_think
--------------------------
----------Response----------
[unused16][unused17]```
loop invariant i <= n;
```
----------------------------
--------------------------------
------------Invariant Info-----------
LOOP A:
i_0: i <= n
i_1: j <= i
i_2: k <= j
LOOP B:
i_3: k <= i
i_4: i <= n
------------------------------------
----------Code with Invariants----------
#include <assert.h>
int unknown1();
int unknown2();
int unknown3();
int unknown4();

/*@
    requires n > 0;
*/
void oopsla_17(int n){
    int k=1;
    int i=1;
    int j=0;
    
    // Loop A
    /*@
        loop invariant i_0: i <= n;

        loop invariant i_1: j <= i;

        loop invariant i_2: k <= j;


        loop assigns i, j;
    */
    while(i < n) {
        j = 0;

        // Loop B
        /*@
            loop invariant i_3: k <= i;

            loop invariant i_4: i <= n;


            loop assigns k, j;
        */
        while(j < i) {
            k += (i-j);
            j++;
        }
        i++;
    }

    //@ assert a_1: (k >= n);
}

----------------------------------------
----------Begin Revise----------
-------------Establishment_requires: i_2: establishment---------------
----------Prompt----------

#include <assert.h>
int unknown1();
int unknown2();
int unknown3();
int unknown4();

/*@
    requires n > 0;
*/
void oopsla_17(int n){
    int k=1;
    int i=1;
    int j=0;
    
    // Loop A
    /*@
        [Hint] Loop invariant k <= j too strong initially. Relax it.

        loop invariant i_0: i <= n;

        loop invariant i_1: j <= i;

        loop invariant i_2: k <= j;


        loop assigns i, j;
    */
    while(i < n) {
        j = 0;

        // Loop B
        /*@
            loop invariant i_3: k <= i;

            loop invariant i_4: i <= n;


            loop assigns k, j;
        */
        while(j < i) {
            k += (i-j);
            j++;
        }
        i++;
    }

    //@ assert a_1: (k >= n);
}

You are an expert in deductive program verification using ACSL and Frama-C.
The following loop invariant of the loop labeled "A" cannot be established from the function's `requires` clauses:
[Unprovable Initial Invariant] k <= j
This means the loop invariant is too strong at the loop entry, violating the establishment condition of loop correctness.  
Your task is to relax or weaken the loop invariant at the position marked by: "[Hint] Loop invariant too strong initially. Relax it."
IMPORTANT RULES:
1. The relaxed invariants must still hold:
   - Establishment: They must be provable solely from the function's requires clauses and the program state before entering the loop.
   - Preservation: after executing the loop body exactly once, the invariant still holds.
   - Zero-iteration case: the invariant is valid even if the loop never executes.
2. Do NOT restate or print any of the existing loop invariants.  
   Only output the modified (weakened) invariants necessary to make the establishment step succeed.
3. Your answer must be solely in the form:
   ```
   loop invariant ...;
   loop invariant ...;
   ...
   ```
4. All invariants must follow ACSL syntax and be valid loop invariants.
5. No explanation. No commentary. Just show me the loop invariant.
 /no_think
--------------------------
----------Response----------
[unused16][unused17]```
loop invariant i <= n;

loop invariant j <= i;

loop invariant k <= j;
```
----------------------------
--------------------------------
------------Invariant Info-----------
LOOP A:
i_0: i <= n
i_1: j <= i
i_2: k <= j
LOOP B:
i_3: k <= i
i_4: i <= n
------------------------------------
----------Code with Invariants----------
#include <assert.h>
int unknown1();
int unknown2();
int unknown3();
int unknown4();

/*@
    requires n > 0;
*/
void oopsla_17(int n){
    int k=1;
    int i=1;
    int j=0;
    
    // Loop A
    /*@
        loop invariant i_0: i <= n;

        loop invariant i_1: j <= i;

        loop invariant i_2: k <= j;


        loop assigns i, j;
    */
    while(i < n) {
        j = 0;

        // Loop B
        /*@
            loop invariant i_3: k <= i;

            loop invariant i_4: i <= n;


            loop assigns k, j;
        */
        while(j < i) {
            k += (i-j);
            j++;
        }
        i++;
    }

    //@ assert a_1: (k >= n);
}

----------------------------------------
----------Begin Revise----------
-------------Establishment_requires: i_2: establishment---------------
----------Prompt----------

#include <assert.h>
int unknown1();
int unknown2();
int unknown3();
int unknown4();

/*@
    requires n > 0;
*/
void oopsla_17(int n){
    int k=1;
    int i=1;
    int j=0;
    
    // Loop A
    /*@
        [Hint] Loop invariant k <= j too strong initially. Relax it.

        loop invariant i_0: i <= n;

        loop invariant i_1: j <= i;

        loop invariant i_2: k <= j;


        loop assigns i, j;
    */
    while(i < n) {
        j = 0;

        // Loop B
        /*@
            loop invariant i_3: k <= i;

            loop invariant i_4: i <= n;


            loop assigns k, j;
        */
        while(j < i) {
            k += (i-j);
            j++;
        }
        i++;
    }

    //@ assert a_1: (k >= n);
}

You are an expert in deductive program verification using ACSL and Frama-C.
The following loop invariant of the loop labeled "A" cannot be established from the function's `requires` clauses:
[Unprovable Initial Invariant] k <= j
This means the loop invariant is too strong at the loop entry, violating the establishment condition of loop correctness.  
Your task is to relax or weaken the loop invariant at the position marked by: "[Hint] Loop invariant too strong initially. Relax it."
IMPORTANT RULES:
1. The relaxed invariants must still hold:
   - Establishment: They must be provable solely from the function's requires clauses and the program state before entering the loop.
   - Preservation: after executing the loop body exactly once, the invariant still holds.
   - Zero-iteration case: the invariant is valid even if the loop never executes.
2. Do NOT restate or print any of the existing loop invariants.  
   Only output the modified (weakened) invariants necessary to make the establishment step succeed.
3. Your answer must be solely in the form:
   ```
   loop invariant ...;
   loop invariant ...;
   ...
   ```
4. All invariants must follow ACSL syntax and be valid loop invariants.
5. No explanation. No commentary. Just show me the loop invariant.
 /no_think
--------------------------
----------Response----------
[unused16][unused17]```
loop invariant i <= n;
loop invariant j <= i;
loop invariant k <= j;
```
----------------------------
--------------------------------
------------Invariant Info-----------
LOOP A:
i_0: i <= n
i_1: j <= i
i_2: k <= j
LOOP B:
i_3: k <= i
i_4: i <= n
------------------------------------
----------Code with Invariants----------
#include <assert.h>
int unknown1();
int unknown2();
int unknown3();
int unknown4();

/*@
    requires n > 0;
*/
void oopsla_17(int n){
    int k=1;
    int i=1;
    int j=0;
    
    // Loop A
    /*@
        loop invariant i_0: i <= n;

        loop invariant i_1: j <= i;

        loop invariant i_2: k <= j;


        loop assigns i, j;
    */
    while(i < n) {
        j = 0;

        // Loop B
        /*@
            loop invariant i_3: k <= i;

            loop invariant i_4: i <= n;


            loop assigns k, j;
        */
        while(j < i) {
            k += (i-j);
            j++;
        }
        i++;
    }

    //@ assert a_1: (k >= n);
}

----------------------------------------
----------Begin Revise----------
-------------Establishment_requires: i_2: establishment---------------
----------Prompt----------

#include <assert.h>
int unknown1();
int unknown2();
int unknown3();
int unknown4();

/*@
    requires n > 0;
*/
void oopsla_17(int n){
    int k=1;
    int i=1;
    int j=0;
    
    // Loop A
    /*@
        [Hint] Loop invariant k <= j too strong initially. Relax it.

        loop invariant i_0: i <= n;

        loop invariant i_1: j <= i;

        loop invariant i_2: k <= j;


        loop assigns i, j;
    */
    while(i < n) {
        j = 0;

        // Loop B
        /*@
            loop invariant i_3: k <= i;

            loop invariant i_4: i <= n;


            loop assigns k, j;
        */
        while(j < i) {
            k += (i-j);
            j++;
        }
        i++;
    }

    //@ assert a_1: (k >= n);
}

You are an expert in deductive program verification using ACSL and Frama-C.
The following loop invariant of the loop labeled "A" cannot be established from the function's `requires` clauses:
[Unprovable Initial Invariant] k <= j
This means the loop invariant is too strong at the loop entry, violating the establishment condition of loop correctness.  
Your task is to relax or weaken the loop invariant at the position marked by: "[Hint] Loop invariant too strong initially. Relax it."
IMPORTANT RULES:
1. The relaxed invariants must still hold:
   - Establishment: They must be provable solely from the function's requires clauses and the program state before entering the loop.
   - Preservation: after executing the loop body exactly once, the invariant still holds.
   - Zero-iteration case: the invariant is valid even if the loop never executes.
2. Do NOT restate or print any of the existing loop invariants.  
   Only output the modified (weakened) invariants necessary to make the establishment step succeed.
3. Your answer must be solely in the form:
   ```
   loop invariant ...;
   loop invariant ...;
   ...
   ```
4. All invariants must follow ACSL syntax and be valid loop invariants.
5. No explanation. No commentary. Just show me the loop invariant.
 /no_think
--------------------------
----------Response----------
[unused16][unused17]```
loop invariant i <= n;
```
----------------------------
--------------------------------
------------Invariant Info-----------
LOOP A:
i_0: i <= n
i_1: j <= i
i_2: k <= j
LOOP B:
i_3: k <= i
i_4: i <= n
------------------------------------
----------Code with Invariants----------
#include <assert.h>
int unknown1();
int unknown2();
int unknown3();
int unknown4();

/*@
    requires n > 0;
*/
void oopsla_17(int n){
    int k=1;
    int i=1;
    int j=0;
    
    // Loop A
    /*@
        loop invariant i_0: i <= n;

        loop invariant i_1: j <= i;

        loop invariant i_2: k <= j;


        loop assigns i, j;
    */
    while(i < n) {
        j = 0;

        // Loop B
        /*@
            loop invariant i_3: k <= i;

            loop invariant i_4: i <= n;


            loop assigns k, j;
        */
        while(j < i) {
            k += (i-j);
            j++;
        }
        i++;
    }

    //@ assert a_1: (k >= n);
}

----------------------------------------
----------Begin Revise----------
--------------------------------
------------Invariant Info-----------
LOOP A:
i_0: i <= n
i_1: j <= i
LOOP B:
i_3: k <= i
i_4: i <= n
------------------------------------
----------Code with Invariants----------
#include <assert.h>
int unknown1();
int unknown2();
int unknown3();
int unknown4();

/*@
    requires n > 0;
*/
void oopsla_17(int n){
    int k=1;
    int i=1;
    int j=0;
    
    // Loop A
    /*@
        loop invariant i_0: i <= n;

        loop invariant i_1: j <= i;


        loop assigns i, j;
    */
    while(i < n) {
        j = 0;

        // Loop B
        /*@
            loop invariant i_3: k <= i;

            loop invariant i_4: i <= n;


            loop assigns k, j;
        */
        while(j < i) {
            k += (i-j);
            j++;
        }
        i++;
    }

    //@ assert a_1: (k >= n);
}

----------------------------------------
----------Begin Revise----------
-------------Preservation_nested: i_1: preservation---------------
----------Prompt----------

#include <assert.h>
int unknown1();
int unknown2();
int unknown3();
int unknown4();

/*@
    requires n > 0;
*/
void oopsla_17(int n){
    int k=1;
    int i=1;
    int j=0;
    
    // Loop A
    /*@
        [Hint] Invariant j <= i not preserved. Fix or supplement invariants the last inner loop or in this loop.

        loop invariant i_0: i <= n;

        loop invariant i_1: j <= i;


        loop assigns i, j;
    */
    while(i < n) {
        j = 0;

        // Loop B
        /*@
            loop invariant i_4: i <= n;


            loop assigns k, j;
        */
        while(j < i) {
            k += (i-j);
            j++;
        }
        i++;
    }

    //@ assert a_1: (k >= n);
}

You are an expert in deductive program verification using ACSL and Frama-C.
[Unprovable Invariant] j <= i
The loop invariant of the loop labeled "A" fails the *preservation* check. After one iteration of the loop body, the invariant cannot be re-established.
Accordingly, there are two distinct possibilities that may prevent the preservation of the current loop invariant:
  1) The unprovable invariant of "Loop A" is incorrect:
     - It cannot be re-established from itself after executing the loop body.
     - Remedy: modify the unprovable invariant of "A" so that it becomes inductive.

  2) The invariant(s) of the nested inner loop "Loop B" are too weak:
     - They do not guarantee enough facts after the completion of the inner loop to re-establish "A"'s invariant.
     - Remedy: strengthen the invariant(s) of "B" so that the preservation of "A" becomes provable.

Your task is to adjust the invariants so that the preservation of "Loop A" succeeds.
IMPORTANT RULES:
1. You may modify either:
   - only the current loop "A", or
   - only the inner loop "B", or
   - both, if needed.
2. Do NOT output any of the original invariants. Only output the new or modified invariants you propose.
3. Output must contain two blocks, even if one block is empty:
   ```
   [Loop B]
   loop invariant ...;
   loop invariant ...;

   [Loop A]
   loop invariant ...;
   loop invariant ...;
   ```
4. Each block may contain zero or more invariants. If a block has no changes, leave it empty but keep the block header.
5. All invariants must strictly satisfy ACSL rules and must be valid inductive loop invariants.
6. No explanation. No commentary. Just show me the loop invariant.
 /no_think
--------------------------
----------Response----------
[unused16][unused17][Loop B]
loop invariant i_4: i <= n;

[Loop A]
loop invariant i_0: i <= n;
loop invariant i_1: j <= i;
----------------------------
-------------Ensure Revise: a_1: (k >= n)---------------
----------Prompt----------

#include <assert.h>
int unknown1();
int unknown2();
int unknown3();
int unknown4();

/*@
    requires n > 0;
*/
void oopsla_17(int n){
    int k=1;
    int i=1;
    int j=0;
    
    // Loop A
    /*@
        loop invariant i_0: i <= n;

        loop invariant i_1: j <= i;


        loop assigns i, j;
    */
    while(i < n) {
        j = 0;

        // Loop B
        /*@
            [Hint] Please strengthen the loop invariant in the following loop.

            loop invariant i_4: i <= n;


            loop assigns k, j;
        */
        while(j < i) {
            k += (i-j);
            j++;
        }
        i++;
    }

    //@ assert a_1: (k >= n);
}

You are an expert in deductive program verification using ACSL and Frama-C.
The program has failed to prove the following `ensures` clause:
[Unproved Ensures]  (k >= n)
To help Frama-C discharge this postcondition, you must strengthen the loop invariant of the LAST executed loop, which is the loop labeled by alphabet "B".  
You should insert additional `loop invariant` clauses only at the location marked by "[Hint] Please strengthen the loop invariant in the following loop."
IMPORTANT RULES:
1. Do NOT repeat or reprint the existing loop invariants already present in the code.
2. Your task is to provide only the new invariants that are necessary to establish the failed ensures clause.
3. The new invariants must be strong enough to imply the ensures clause upon normal loop termination.
4. All invariants you produce must satisfy:
   - Establishment: they hold on loop entry.
   - Preservation: after executing the loop body exactly once, the invariant still holds.
   - Zero-iteration case: the invariant is valid even if the loop never executes.
5. Your answer should follow the following format:
   ```
   loop invariant ...;
   loop invariant ...;
   ...
   ```
5. All invariants must follow ACSL syntax and be valid loop invariants.
6. No explanation. No commentary. Just show me the loop invariant.
 /no_think
--------------------------
----------Response----------
[unused16][unused17]loop invariant i_4: i <= n;
loop invariant k_1: k >= (i - j);
loop invariant k_2: k >= (n - i);
loop invariant j_1: j <= i;
loop invariant j_2: j >= 0;
loop invariant j_3: j == i - k;
```
loop invariant ...;
```
loop invariant ...;
```
----------------------------
--------------------------------
------------Invariant Info-----------
LOOP A:
i_0: i <= n
i_1: j <= i
LOOP B:
i_4: i <= n
i_5: k >= (i - j)
i_6: k >= (n - i)
i_7: j <= i
i_8: j >= 0
i_9: j == i - k
i_10: ...
------------------------------------
----------Code with Invariants----------
#include <assert.h>
int unknown1();
int unknown2();
int unknown3();
int unknown4();

/*@
    requires n > 0;
*/
void oopsla_17(int n){
    int k=1;
    int i=1;
    int j=0;
    
    // Loop A
    /*@
        loop invariant i_0: i <= n;

        loop invariant i_1: j <= i;


        loop assigns i, j;
    */
    while(i < n) {
        j = 0;

        // Loop B
        /*@
            loop invariant i_4: i <= n;

            loop invariant i_5: k >= (i - j);

            loop invariant i_6: k >= (n - i);

            loop invariant i_7: j <= i;

            loop invariant i_8: j >= 0;

            loop invariant i_9: j == i - k;

            loop invariant i_10: ...;


            loop assigns k, j;
        */
        while(j < i) {
            k += (i-j);
            j++;
        }
        i++;
    }

    //@ assert a_1: (k >= n);
}

----------------------------------------
------------Invariant Info-----------
LOOP A:
i_0: i <= n
i_1: j <= i
LOOP B:
i_4: i <= n
i_5: k >= (i - j)
i_6: k >= (n - i)
i_7: j <= i
i_8: j >= 0
i_9: j == i - k
------------------------------------
----------Code with Invariants----------
#include <assert.h>
int unknown1();
int unknown2();
int unknown3();
int unknown4();

/*@
    requires n > 0;
*/
void oopsla_17(int n){
    int k=1;
    int i=1;
    int j=0;
    
    // Loop A
    /*@
        loop invariant i_0: i <= n;

        loop invariant i_1: j <= i;


        loop assigns i, j;
    */
    while(i < n) {
        j = 0;

        // Loop B
        /*@
            loop invariant i_4: i <= n;

            loop invariant i_5: k >= (i - j);

            loop invariant i_6: k >= (n - i);

            loop invariant i_7: j <= i;

            loop invariant i_8: j >= 0;

            loop invariant i_9: j == i - k;


            loop assigns k, j;
        */
        while(j < i) {
            k += (i-j);
            j++;
        }
        i++;
    }

    //@ assert a_1: (k >= n);
}

----------------------------------------
----------Begin Revise----------
-------------Establishment_cross: i_6: establishment---------------
----------Prompt----------

#include <assert.h>
int unknown1();
int unknown2();
int unknown3();
int unknown4();

/*@
    requires n > 0;
*/
void oopsla_17(int n){
    int k=1;
    int i=1;
    int j=0;
    
    // Loop A
    /*@
        loop invariant i_0: i <= n;

        loop invariant i_1: j <= i;


        loop assigns i, j;
    */
    while(i < n) {
        j = 0;

        // Loop B
        /*@
            [Hint] Invariant k >= (n - i) not initially provable. Fix or supplement invariants in the pre-loop or in this loop.

            loop invariant i_4: i <= n;

            loop invariant i_5: k >= (i - j);

            loop invariant i_6: k >= (n - i);

            loop invariant i_7: j <= i;

            loop invariant i_8: j >= 0;


            loop assigns k, j;
        */
        while(j < i) {
            k += (i-j);
            j++;
        }
        i++;
    }

    //@ assert a_1: (k >= n);
}

You are an expert in deductive program verification using ACSL and Frama-C.
[Unprovable Invariant] k >= (n - i)
The above loop invariant required by the loop labeled "B" cannot be derived from the invariants of the preceding loop "A", and the program state before entering the current loop:
[Pre-statement]

Accordingly, we must fix the situation that prevents proving the current loop invariant. There are two independent possibilities you should consider and address:
  1) The current loop invariant for "Loop B" is too strong:
     - It uses facts that are not guaranteed by the preceding loop invariants together with Pre-statement.
     - Remedy: weaken or simplify the invariant of "B" so it becomes derivable from the available preconditions.

  2) The preceding loop invariants of "Loop A" are too weak:
     - They do not imply the facts required by the "B" invariant after executing Pre-statement.
     - Remedy: strengthen the invariant(s) of "Loop A" so that, after running Pre-statement, they imply the needed facts for "Loop B".

Your task is to adjust the invariants so that the establishment of "Loop B" succeeds.
IMPORTANT RULES:
1. You may modify either:
   - only the current loop "B", or  
   - only the preceding loop "A", or  
   - both, if needed.
2. Do NOT output any of the original invariants.  
   Only output the new or modified invariants you propose.
3. Output must contain two blocks, even if one block is empty:
   ```
   [Loop A]
   loop invariant ...;
   loop invariant ...;

   [Loop B]
   loop invariant ...;
   loop invariant ...;
   ```
4. Each block may contain zero or more invariants. If a block has no changes, leave it empty but keep the block header.
5. All invariants must follow ACSL syntax and be valid loop invariants.
6. No explanation. No commentary. Just show me the loop invariant.
 /no_think
--------------------------
----------Response----------
[unused16][unused17][Loop A]
loop invariant i_0: i <= n;
loop invariant i_1: j <= i;
loop invariant i_2: k >= (i - j);
loop invariant i_3: j >= 0;

[Loop B]
loop invariant i_4: i <= n;
loop invariant i_5: k >= (n - i);
loop invariant i_6: j >= 0;
loop invariant i_7: j <= i;
----------------------------
-------------Establishment_cross: i_5: establishment---------------
----------Prompt----------

#include <assert.h>
int unknown1();
int unknown2();
int unknown3();
int unknown4();

/*@
    requires n > 0;
*/
void oopsla_17(int n){
    int k=1;
    int i=1;
    int j=0;
    
    // Loop A
    /*@
        loop invariant i_0: i <= n;

        loop invariant i_1: j <= i;

        loop invariant i_11: k >= (i - j);

        loop invariant i_12: j >= 0;


        loop assigns i, j;
    */
    while(i < n) {
        j = 0;

        // Loop B
        /*@
            [Hint] Invariant k >= (i - j) not initially provable. Fix or supplement invariants in the pre-loop or in this loop.

            loop invariant i_4: i <= n;

            loop invariant i_5: k >= (i - j);

            loop invariant i_6: k >= (n - i);

            loop invariant i_7: j <= i;

            loop invariant i_8: j >= 0;


            loop assigns k, j;
        */
        while(j < i) {
            k += (i-j);
            j++;
        }
        i++;
    }

    //@ assert a_1: (k >= n);
}

You are an expert in deductive program verification using ACSL and Frama-C.
[Unprovable Invariant] k >= (i - j)
The above loop invariant required by the loop labeled "B" cannot be derived from the invariants of the preceding loop "A", and the program state before entering the current loop:
[Pre-statement]

Accordingly, we must fix the situation that prevents proving the current loop invariant. There are two independent possibilities you should consider and address:
  1) The current loop invariant for "Loop B" is too strong:
     - It uses facts that are not guaranteed by the preceding loop invariants together with Pre-statement.
     - Remedy: weaken or simplify the invariant of "B" so it becomes derivable from the available preconditions.

  2) The preceding loop invariants of "Loop A" are too weak:
     - They do not imply the facts required by the "B" invariant after executing Pre-statement.
     - Remedy: strengthen the invariant(s) of "Loop A" so that, after running Pre-statement, they imply the needed facts for "Loop B".

Your task is to adjust the invariants so that the establishment of "Loop B" succeeds.
IMPORTANT RULES:
1. You may modify either:
   - only the current loop "B", or  
   - only the preceding loop "A", or  
   - both, if needed.
2. Do NOT output any of the original invariants.  
   Only output the new or modified invariants you propose.
3. Output must contain two blocks, even if one block is empty:
   ```
   [Loop A]
   loop invariant ...;
   loop invariant ...;

   [Loop B]
   loop invariant ...;
   loop invariant ...;
   ```
4. Each block may contain zero or more invariants. If a block has no changes, leave it empty but keep the block header.
5. All invariants must follow ACSL syntax and be valid loop invariants.
6. No explanation. No commentary. Just show me the loop invariant.
 /no_think
--------------------------
----------Response----------
[unused16][unused17][Loop A]
loop invariant i_0: i <= n;
loop invariant i_1: j <= i;
loop invariant i_11: k >= (i - j);
loop invariant i_12: j >= 0;

[Loop B]
loop invariant i_0: i <= n;
loop invariant i_1: j <= i;
loop invariant i_2: k >= (i - j);
----------------------------
-------------Ensure Revise: a_1: (k >= n)---------------
----------Prompt----------

#include <assert.h>
int unknown1();
int unknown2();
int unknown3();
int unknown4();

/*@
    requires n > 0;
*/
void oopsla_17(int n){
    int k=1;
    int i=1;
    int j=0;
    
    // Loop A
    /*@
        loop invariant i_0: i <= n;

        loop invariant i_1: j <= i;

        loop invariant i_11: k >= (i - j);

        loop invariant i_12: j >= 0;


        loop assigns i, j;
    */
    while(i < n) {
        j = 0;

        // Loop B
        /*@
            [Hint] Please strengthen the loop invariant in the following loop.

            loop invariant i_4: i <= n;

            loop invariant i_5: k >= (i - j);

            loop invariant i_6: k >= (n - i);

            loop invariant i_7: j <= i;

            loop invariant i_8: j >= 0;


            loop assigns k, j;
        */
        while(j < i) {
            k += (i-j);
            j++;
        }
        i++;
    }

    //@ assert a_1: (k >= n);
}

You are an expert in deductive program verification using ACSL and Frama-C.
The program has failed to prove the following `ensures` clause:
[Unproved Ensures]  (k >= n)
To help Frama-C discharge this postcondition, you must strengthen the loop invariant of the LAST executed loop, which is the loop labeled by alphabet "B".  
You should insert additional `loop invariant` clauses only at the location marked by "[Hint] Please strengthen the loop invariant in the following loop."
IMPORTANT RULES:
1. Do NOT repeat or reprint the existing loop invariants already present in the code.
2. Your task is to provide only the new invariants that are necessary to establish the failed ensures clause.
3. The new invariants must be strong enough to imply the ensures clause upon normal loop termination.
4. All invariants you produce must satisfy:
   - Establishment: they hold on loop entry.
   - Preservation: after executing the loop body exactly once, the invariant still holds.
   - Zero-iteration case: the invariant is valid even if the loop never executes.
5. Your answer should follow the following format:
   ```
   loop invariant ...;
   loop invariant ...;
   ...
   ```
5. All invariants must follow ACSL syntax and be valid loop invariants.
6. No explanation. No commentary. Just show me the loop invariant.
 /no_think
--------------------------
----------Response----------
[unused16][unused17]loop invariant j >= 0;
loop invariant k >= (i - j);
loop invariant k <= n - i;
loop invariant j <= i;
----------------------------
--------------------------------
------------Invariant Info-----------
LOOP A:
i_0: i <= n
i_1: j <= i
i_11: k >= (i - j)
i_12: j >= 0
LOOP B:
i_4: i <= n
i_5: k >= (i - j)
i_6: k >= (n - i)
i_7: j <= i
i_8: j >= 0
i_13: k <= n - i
------------------------------------
----------Code with Invariants----------
#include <assert.h>
int unknown1();
int unknown2();
int unknown3();
int unknown4();

/*@
    requires n > 0;
*/
void oopsla_17(int n){
    int k=1;
    int i=1;
    int j=0;
    
    // Loop A
    /*@
        loop invariant i_0: i <= n;

        loop invariant i_1: j <= i;

        loop invariant i_11: k >= (i - j);

        loop invariant i_12: j >= 0;


        loop assigns i, j;
    */
    while(i < n) {
        j = 0;

        // Loop B
        /*@
            loop invariant i_4: i <= n;

            loop invariant i_5: k >= (i - j);

            loop invariant i_6: k >= (n - i);

            loop invariant i_7: j <= i;

            loop invariant i_8: j >= 0;

            loop invariant i_13: k <= n - i;


            loop assigns k, j;
        */
        while(j < i) {
            k += (i-j);
            j++;
        }
        i++;
    }

    //@ assert a_1: (k >= n);
}

----------------------------------------
----------Begin Revise----------
-------------Establishment_cross: i_6: establishment---------------
----------Prompt----------

#include <assert.h>
int unknown1();
int unknown2();
int unknown3();
int unknown4();

/*@
    requires n > 0;
*/
void oopsla_17(int n){
    int k=1;
    int i=1;
    int j=0;
    
    // Loop A
    /*@
        loop invariant i_0: i <= n;

        loop invariant i_1: j <= i;

        loop invariant i_11: k >= (i - j);

        loop invariant i_12: j >= 0;


        loop assigns i, j;
    */
    while(i < n) {
        j = 0;

        // Loop B
        /*@
            [Hint] Invariant k >= (n - i) not initially provable. Fix or supplement invariants in the pre-loop or in this loop.

            loop invariant i_4: i <= n;

            loop invariant i_5: k >= (i - j);

            loop invariant i_6: k >= (n - i);

            loop invariant i_7: j <= i;

            loop invariant i_8: j >= 0;

            loop invariant i_13: k <= n - i;


            loop assigns k, j;
        */
        while(j < i) {
            k += (i-j);
            j++;
        }
        i++;
    }

    //@ assert a_1: (k >= n);
}

You are an expert in deductive program verification using ACSL and Frama-C.
[Unprovable Invariant] k >= (n - i)
The above loop invariant required by the loop labeled "B" cannot be derived from the invariants of the preceding loop "A", and the program state before entering the current loop:
[Pre-statement]

Accordingly, we must fix the situation that prevents proving the current loop invariant. There are two independent possibilities you should consider and address:
  1) The current loop invariant for "Loop B" is too strong:
     - It uses facts that are not guaranteed by the preceding loop invariants together with Pre-statement.
     - Remedy: weaken or simplify the invariant of "B" so it becomes derivable from the available preconditions.

  2) The preceding loop invariants of "Loop A" are too weak:
     - They do not imply the facts required by the "B" invariant after executing Pre-statement.
     - Remedy: strengthen the invariant(s) of "Loop A" so that, after running Pre-statement, they imply the needed facts for "Loop B".

Your task is to adjust the invariants so that the establishment of "Loop B" succeeds.
IMPORTANT RULES:
1. You may modify either:
   - only the current loop "B", or  
   - only the preceding loop "A", or  
   - both, if needed.
2. Do NOT output any of the original invariants.  
   Only output the new or modified invariants you propose.
3. Output must contain two blocks, even if one block is empty:
   ```
   [Loop A]
   loop invariant ...;
   loop invariant ...;

   [Loop B]
   loop invariant ...;
   loop invariant ...;
   ```
4. Each block may contain zero or more invariants. If a block has no changes, leave it empty but keep the block header.
5. All invariants must follow ACSL syntax and be valid loop invariants.
6. No explanation. No commentary. Just show me the loop invariant.
 /no_think
--------------------------
----------Response----------
[unused16][unused17][Loop A]
loop invariant i_0: i <= n;
loop invariant i_1: j <= i;
loop invariant i_11: k >= (i - j);
loop invariant i_12: j >= 0;
loop invariant i_13: k <= n - i;

[Loop B]
loop invariant i_4: i <= n;
loop invariant i_5: k >= (i - j);
loop invariant i_6: k >= (n - i);
loop invariant i_7: j <= i;
loop invariant i_8: j >= 0;
loop invariant i_13: k <= n - i;
----------------------------
-------------Establishment_cross: i_5: establishment---------------
----------Prompt----------

#include <assert.h>
int unknown1();
int unknown2();
int unknown3();
int unknown4();

/*@
    requires n > 0;
*/
void oopsla_17(int n){
    int k=1;
    int i=1;
    int j=0;
    
    // Loop A
    /*@
        loop invariant i_0: i <= n;

        loop invariant i_1: j <= i;

        loop invariant i_11: k >= (i - j);

        loop invariant i_12: j >= 0;

        loop invariant i_14: k <= n - i;


        loop assigns i, j;
    */
    while(i < n) {
        j = 0;

        // Loop B
        /*@
            [Hint] Invariant k >= (i - j) not initially provable. Fix or supplement invariants in the pre-loop or in this loop.

            loop invariant i_4: i <= n;

            loop invariant i_5: k >= (i - j);

            loop invariant i_6: k >= (n - i);

            loop invariant i_7: j <= i;

            loop invariant i_8: j >= 0;

            loop invariant i_13: k <= n - i;


            loop assigns k, j;
        */
        while(j < i) {
            k += (i-j);
            j++;
        }
        i++;
    }

    //@ assert a_1: (k >= n);
}

You are an expert in deductive program verification using ACSL and Frama-C.
[Unprovable Invariant] k >= (i - j)
The above loop invariant required by the loop labeled "B" cannot be derived from the invariants of the preceding loop "A", and the program state before entering the current loop:
[Pre-statement]

Accordingly, we must fix the situation that prevents proving the current loop invariant. There are two independent possibilities you should consider and address:
  1) The current loop invariant for "Loop B" is too strong:
     - It uses facts that are not guaranteed by the preceding loop invariants together with Pre-statement.
     - Remedy: weaken or simplify the invariant of "B" so it becomes derivable from the available preconditions.

  2) The preceding loop invariants of "Loop A" are too weak:
     - They do not imply the facts required by the "B" invariant after executing Pre-statement.
     - Remedy: strengthen the invariant(s) of "Loop A" so that, after running Pre-statement, they imply the needed facts for "Loop B".

Your task is to adjust the invariants so that the establishment of "Loop B" succeeds.
IMPORTANT RULES:
1. You may modify either:
   - only the current loop "B", or  
   - only the preceding loop "A", or  
   - both, if needed.
2. Do NOT output any of the original invariants.  
   Only output the new or modified invariants you propose.
3. Output must contain two blocks, even if one block is empty:
   ```
   [Loop A]
   loop invariant ...;
   loop invariant ...;

   [Loop B]
   loop invariant ...;
   loop invariant ...;
   ```
4. Each block may contain zero or more invariants. If a block has no changes, leave it empty but keep the block header.
5. All invariants must follow ACSL syntax and be valid loop invariants.
6. No explanation. No commentary. Just show me the loop invariant.
 /no_think
--------------------------
----------Response----------
[unused16][unused17][Loop A]
loop invariant i_0: i <= n;
loop invariant i_1: j <= i;
loop invariant i_11: k >= i - j;
loop invariant i_12: j >= 0;
loop invariant i_14: k <= n - i;
loop invariant i_13: k <= n - i;

[Loop B]
loop invariant i_4: i <= n;
loop invariant i_5: k >= i - j;
loop invariant i_6: k >= n - i;
loop invariant i_7: j <= i;
loop invariant i_8: j >= 0;
loop invariant i_13: k <= n - i;
----------------------------
-------------Preservation_self: i_13: preservation---------------
----------Prompt----------

#include <assert.h>
int unknown1();
int unknown2();
int unknown3();
int unknown4();

/*@
    requires n > 0;
*/
void oopsla_17(int n){
    int k=1;
    int i=1;
    int j=0;
    
    // Loop A
    /*@
        loop invariant i_0: i <= n;

        loop invariant i_1: j <= i;

        loop invariant i_11: k >= (i - j);

        loop invariant i_12: j >= 0;

        loop invariant i_14: k <= n - i;

        loop invariant i_15: k >= i - j;


        loop assigns i, j;
    */
    while(i < n) {
        j = 0;

        // Loop B
        /*@
            [Hint] Invariant k <= n - i not preserved in this loop. Fix or supplement invariants.

            loop invariant i_4: i <= n;

            loop invariant i_5: k >= (i - j);

            loop invariant i_6: k >= (n - i);

            loop invariant i_7: j <= i;

            loop invariant i_8: j >= 0;

            loop invariant i_13: k <= n - i;

            loop invariant i_16: k >= i - j;

            loop invariant i_17: k >= n - i;


            loop assigns k, j;
        */
        while(j < i) {
            k += (i-j);
            j++;
        }
        i++;
    }

    //@ assert a_1: (k >= n);
}

You are an expert in deductive program verification using ACSL and Frama-C.
[Unprovable Invariant] k <= n - i
The above loop invariant of loop "B" fails the preservation (inductive) condition:
after executing one iteration of the loop body, the invariant cannot be re-established.
[Loop Body]
k += (i-j); j++;
This failure indicates that the current invariant may be incorrect or incomplete.  
There are two typical causes:
  1) The invariant is logically incorrect, so it does not hold after the loop body executes once.
     - In this case, you must adjust the invariant so that it is preserved by the loop body.
  2) The invariant is insufficient, i.e., it misses essential supporting conditions needed to re-establish itself.
     - In this case, you must introduce additional invariants so that the whole set becomes inductive.
Your task is to produce the corrected and/or auxiliary invariants that make the preservation step succeed.
IMPORTANT RULES:
1. You MUST NOT output any of the original invariants already in the code. Only output the new or modified invariants.
2. All invariants you produce must satisfy:
   - Establishment: they hold on loop entry.
   - Preservation: after executing the loop body exactly once, the invariant still holds.
   - Zero-iteration case: the invariant is valid even if the loop never executes.
3. The answer must follow this format exactly:
   ```
   loop invariant ...;
   loop invariant ...;
   ...
   ```
4. All invariants must follow ACSL syntax and be valid loop invariants.
5. No explanation. No commentary. Just show me the loop invariant.
 /no_think
--------------------------
----------Response----------
[unused16][unused17]loop invariant i_8: k >= n - i;

loop invariant i_7: j >= 0;
----------------------------
-------------Ensure Revise: a_1: (k >= n)---------------
----------Prompt----------

#include <assert.h>
int unknown1();
int unknown2();
int unknown3();
int unknown4();

/*@
    requires n > 0;
*/
void oopsla_17(int n){
    int k=1;
    int i=1;
    int j=0;
    
    // Loop A
    /*@
        loop invariant i_0: i <= n;

        loop invariant i_1: j <= i;

        loop invariant i_11: k >= (i - j);

        loop invariant i_12: j >= 0;

        loop invariant i_14: k <= n - i;

        loop invariant i_15: k >= i - j;


        loop assigns i, j;
    */
    while(i < n) {
        j = 0;

        // Loop B
        /*@
            [Hint] Please strengthen the loop invariant in the following loop.

            loop invariant i_4: i <= n;

            loop invariant i_5: k >= (i - j);

            loop invariant i_6: k >= (n - i);

            loop invariant i_7: j <= i;

            loop invariant i_8: j >= 0;

            loop invariant i_13: k <= n - i;

            loop invariant i_16: k >= i - j;

            loop invariant i_17: k >= n - i;


            loop assigns k, j;
        */
        while(j < i) {
            k += (i-j);
            j++;
        }
        i++;
    }

    //@ assert a_1: (k >= n);
}

You are an expert in deductive program verification using ACSL and Frama-C.
The program has failed to prove the following `ensures` clause:
[Unproved Ensures]  (k >= n)
To help Frama-C discharge this postcondition, you must strengthen the loop invariant of the LAST executed loop, which is the loop labeled by alphabet "B".  
You should insert additional `loop invariant` clauses only at the location marked by "[Hint] Please strengthen the loop invariant in the following loop."
IMPORTANT RULES:
1. Do NOT repeat or reprint the existing loop invariants already present in the code.
2. Your task is to provide only the new invariants that are necessary to establish the failed ensures clause.
3. The new invariants must be strong enough to imply the ensures clause upon normal loop termination.
4. All invariants you produce must satisfy:
   - Establishment: they hold on loop entry.
   - Preservation: after executing the loop body exactly once, the invariant still holds.
   - Zero-iteration case: the invariant is valid even if the loop never executes.
5. Your answer should follow the following format:
   ```
   loop invariant ...;
   loop invariant ...;
   ...
   ```
5. All invariants must follow ACSL syntax and be valid loop invariants.
6. No explanation. No commentary. Just show me the loop invariant.
 /no_think
--------------------------
----------Response----------
[unused16][unused17]```
loop invariant i_4: i <= n;
loop invariant i_5: k >= i - j;
loop invariant i_6: k <= n - i;
loop invariant i_7: j <= i;
```
----------------------------
--------------------------------
------------Invariant Info-----------
LOOP A:
i_0: i <= n
i_1: j <= i
i_11: k >= (i - j)
i_12: j >= 0
i_14: k <= n - i
i_15: k >= i - j
LOOP B:
i_4: i <= n
i_5: k >= (i - j)
i_6: k >= (n - i)
i_7: j <= i
i_8: j >= 0
i_13: k <= n - i
i_16: k >= i - j
i_17: k >= n - i
------------------------------------
----------Code with Invariants----------
#include <assert.h>
int unknown1();
int unknown2();
int unknown3();
int unknown4();

/*@
    requires n > 0;
*/
void oopsla_17(int n){
    int k=1;
    int i=1;
    int j=0;
    
    // Loop A
    /*@
        loop invariant i_0: i <= n;

        loop invariant i_1: j <= i;

        loop invariant i_11: k >= (i - j);

        loop invariant i_12: j >= 0;

        loop invariant i_14: k <= n - i;

        loop invariant i_15: k >= i - j;


        loop assigns i, j;
    */
    while(i < n) {
        j = 0;

        // Loop B
        /*@
            loop invariant i_4: i <= n;

            loop invariant i_5: k >= (i - j);

            loop invariant i_6: k >= (n - i);

            loop invariant i_7: j <= i;

            loop invariant i_8: j >= 0;

            loop invariant i_13: k <= n - i;

            loop invariant i_16: k >= i - j;

            loop invariant i_17: k >= n - i;


            loop assigns k, j;
        */
        while(j < i) {
            k += (i-j);
            j++;
        }
        i++;
    }

    //@ assert a_1: (k >= n);
}

----------------------------------------
------------Invariant Info-----------
LOOP A:
i_0: i <= n
i_1: j <= i
i_11: k >= (i - j)
i_12: j >= 0
i_15: k >= i - j
LOOP B:
i_4: i <= n
i_7: j <= i
i_8: j >= 0
i_16: k >= i - j
i_17: k >= n - i
------------------------------------
----------Code with Invariants----------
#include <assert.h>
int unknown1();
int unknown2();
int unknown3();
int unknown4();

/*@
    requires n > 0;
*/
void oopsla_17(int n){
    int k=1;
    int i=1;
    int j=0;
    
    // Loop A
    /*@
        loop invariant i_0: i <= n;

        loop invariant i_1: j <= i;

        loop invariant i_11: k >= (i - j);

        loop invariant i_12: j >= 0;

        loop invariant i_15: k >= i - j;


        loop assigns i, j;
    */
    while(i < n) {
        j = 0;

        // Loop B
        /*@
            loop invariant i_4: i <= n;

            loop invariant i_7: j <= i;

            loop invariant i_8: j >= 0;

            loop invariant i_16: k >= i - j;

            loop invariant i_17: k >= n - i;


            loop assigns k, j;
        */
        while(j < i) {
            k += (i-j);
            j++;
        }
        i++;
    }

    //@ assert a_1: (k >= n);
}

----------------------------------------
------------Invariant Info-----------
LOOP A:
i_0: i <= n
i_1: j <= i
i_11: k >= (i - j)
i_12: j >= 0
i_15: k >= i - j
LOOP B:
i_4: i <= n
i_7: j <= i
i_8: j >= 0
------------------------------------
----------Code with Invariants----------
#include <assert.h>
int unknown1();
int unknown2();
int unknown3();
int unknown4();

/*@
    requires n > 0;
*/
void oopsla_17(int n){
    int k=1;
    int i=1;
    int j=0;
    
    // Loop A
    /*@
        loop invariant i_0: i <= n;

        loop invariant i_1: j <= i;

        loop invariant i_11: k >= (i - j);

        loop invariant i_12: j >= 0;

        loop invariant i_15: k >= i - j;


        loop assigns i, j;
    */
    while(i < n) {
        j = 0;

        // Loop B
        /*@
            loop invariant i_4: i <= n;

            loop invariant i_7: j <= i;

            loop invariant i_8: j >= 0;


            loop assigns k, j;
        */
        while(j < i) {
            k += (i-j);
            j++;
        }
        i++;
    }

    //@ assert a_1: (k >= n);
}

----------------------------------------
------------Invariant Info-----------
LOOP A:
i_0: i <= n
i_1: j <= i
i_12: j >= 0
i_15: k >= i - j
LOOP B:
i_4: i <= n
i_7: j <= i
i_8: j >= 0
------------------------------------
----------Code with Invariants----------
#include <assert.h>
int unknown1();
int unknown2();
int unknown3();
int unknown4();

/*@
    requires n > 0;
*/
void oopsla_17(int n){
    int k=1;
    int i=1;
    int j=0;
    
    // Loop A
    /*@
        loop invariant i_0: i <= n;

        loop invariant i_1: j <= i;

        loop invariant i_12: j >= 0;

        loop invariant i_15: k >= i - j;


        loop assigns i, j;
    */
    while(i < n) {
        j = 0;

        // Loop B
        /*@
            loop invariant i_4: i <= n;

            loop invariant i_7: j <= i;

            loop invariant i_8: j >= 0;


            loop assigns k, j;
        */
        while(j < i) {
            k += (i-j);
            j++;
        }
        i++;
    }

    //@ assert a_1: (k >= n);
}

----------------------------------------
------------Invariant Info-----------
LOOP A:
i_0: i <= n
i_1: j <= i
i_12: j >= 0
LOOP B:
i_4: i <= n
i_7: j <= i
i_8: j >= 0
------------------------------------
----------Code with Invariants----------
#include <assert.h>
int unknown1();
int unknown2();
int unknown3();
int unknown4();

/*@
    requires n > 0;
*/
void oopsla_17(int n){
    int k=1;
    int i=1;
    int j=0;
    
    // Loop A
    /*@
        loop invariant i_0: i <= n;

        loop invariant i_1: j <= i;

        loop invariant i_12: j >= 0;


        loop assigns i, j;
    */
    while(i < n) {
        j = 0;

        // Loop B
        /*@
            loop invariant i_4: i <= n;

            loop invariant i_7: j <= i;

            loop invariant i_8: j >= 0;


            loop assigns k, j;
        */
        while(j < i) {
            k += (i-j);
            j++;
        }
        i++;
    }

    //@ assert a_1: (k >= n);
}

----------------------------------------
---------Result---------
Fail
Model: openPangu-Embedded-7B-V1.1
Running time: 302.877393245697
Proposal number: 16
Verified code:

------------------------
