-----------Model-----------
Model type:
PanguEmbeddedForCausalLM(
  (model): PanguEmbeddedModel(
    (embed_tokens): Embedding(153376, 4096, padding_idx=0)
    (layers): ModuleList(
      (0-33): 34 x PanguEmbeddedDecoderLayer(
        (self_attn): PanguEmbeddedAttention(
          (q_proj): Linear(in_features=4096, out_features=4096, bias=True)
          (k_proj): Linear(in_features=4096, out_features=1024, bias=True)
          (v_proj): Linear(in_features=4096, out_features=1024, bias=True)
          (o_proj): Linear(in_features=4096, out_features=4096, bias=True)
        )
        (mlp): PanguEmbeddedMLP(
          (gate_proj): Linear(in_features=4096, out_features=12800, bias=False)
          (up_proj): Linear(in_features=4096, out_features=12800, bias=False)
          (down_proj): Linear(in_features=12800, out_features=4096, bias=False)
          (act_fn): SiLU()
        )
        (input_layernorm): PanguEmbeddedRMSNorm((4096,), eps=1e-05)
        (post_attention_layernorm): PanguEmbeddedRMSNorm((4096,), eps=1e-05)
      )
    )
    (norm): PanguEmbeddedRMSNorm((4096,), eps=1e-05)
    (rotary_emb): PanguEmbeddedRotaryEmbedding()
  )
  (lm_head): Linear(in_features=4096, out_features=153376, bias=False)
)
Model device:
npu:1
---------------------------
File Path: ../Benchmark/acsl-algorithms/_naive_string_matcher.c
----------Code----------
/*@
    predicate string_same(char* t, char* p, integer n, integer m, integer match) =
        n < m || \forall integer k; 0 <= k < m ==> p[k] == t[match + k];
*/

/*@
    requires \valid_read(t);
    requires \valid_read(p);
    requires \valid(t + (0..n - 1));
    requires \valid(p + (0..m - 1));
    requires \separated(&t[0..(n - 1)], &p[0..(m - 1)]);
    requires n > 0;
    requires m > 0;
    assigns \nothing;
    ensures \result == 1 ==> string_same(t, p, n, m, match);
*/
int _string_same_judge(char* t, char* p, int n, int m, int match){
    /*@
        loop invariant 0 <= j <= m;
        loop invariant \forall integer q; 0 <= q < j ==> p[q] == t[match + q];
        loop assigns j;
    */
    for (int j = 0; j < m; j++){
        if (p[j] == t[match + j]) {
            continue;
        }
        else{
            return 0;
        }
    }
    return 1;
}

/*@
    requires \valid_read(t);
    requires \valid_read(p);
    requires \valid(t + (0..n - 1));
    requires \valid(p + (0..m - 1));
    requires \separated(&t[0..(n - 1)], &p[0..(m - 1)]);
    requires n > 0;
    requires m > 0;
    assigns \nothing;
    ensures \result == -1 || string_same(t, p, n, m, \result);
*/
int _naive_string_matcher(char* t, char* p, int m, int n) {
    if(n < m){
        return -1;
    }
    /*@
        loop assigns i;
    */
    for (int i = 0; i < n - m; i++){
        /*@
            loop assigns j;
        */
        for (int j = 0; j < m; j++){
            if(_string_same_judge(t, p, n, m, j) == 1){
                return j;
            }
        }
    }
    return -1;
}
------------------------
========== Attempt 1 ==========
----------Prompt----------

/*@
    predicate string_same(char* t, char* p, integer n, integer m, integer match) =
        n < m || \forall integer k; 0 <= k < m ==> p[k] == t[match + k];
*/

/*@
    requires \valid_read(t);
    requires \valid_read(p);
    requires \valid(t + (0..n - 1));
    requires \valid(p + (0..m - 1));
    requires \separated(&t[0..(n - 1)], &p[0..(m - 1)]);
    requires n > 0;
    requires m > 0;
    assigns \nothing;
    ensures \result == 1 ==> string_same(t, p, n, m, match);
*/
int _string_same_judge(char* t, char* p, int n, int m, int match){
    /*@
        loop invariant 0 <= j <= m;
        loop invariant \forall integer q; 0 <= q < j ==> p[q] == t[match + q];
        loop assigns j;
    */
    for (int j = 0; j < m; j++){
        if (p[j] == t[match + j]) {
            continue;
        }
        else{
            return 0;
        }
    }
    return 1;
}

/*@
    requires \valid_read(t);
    requires \valid_read(p);
    requires \valid(t + (0..n - 1));
    requires \valid(p + (0..m - 1));
    requires \separated(&t[0..(n - 1)], &p[0..(m - 1)]);
    requires n > 0;
    requires m > 0;
    assigns \nothing;
    ensures \result == -1 || string_same(t, p, n, m, \result);
*/
int _naive_string_matcher(char* t, char* p, int m, int n) {
    if(n < m){
        return -1;
    }
    // Loop A
    /*@
        [Hint] Please infer the loop invariant for the following loop.

        loop assigns i;
    */
    for (int i = 0; i < n - m; i++){
        // Loop B
        /*@
            loop assigns j;
        */
        for (int j = 0; j < m; j++){
            if(_string_same_judge(t, p, n, m, j) == 1){
                return j;
            }
        }
    }
    return -1;
}
You are an expert in program verification, and please generate loop invariant as C annotation comments at the hint location (annotated by "[Hint] Please infer the loop invariant for the following loop.") using ACSL language.
ACSL is a specification language for C programs that conforms to the design by contract paradigm, utilizing Hoare style pre- and postconditions and invariants. Note that the `loop invariant` clause is a condition that is true at the beginning and end of every loop iteration.
Specifically, for the current verification task:
    - Pre-condition: the function's `requires` clauses
    - Post-condition: 
Please verify that the generated loop invariant is consistent with these constraints. If these specific pre- or post-conditions are not provided or empty, please infer the loop invariant strictly based on the program's execution logic and standard correctness.
In order to get a correct answer, You may want to consider both the situation of not entering the loop and the situation of jumping out of the loop. If some of the pre-conditions are also loop invariant, you need to add them to your answer as well.
Use '&&', '||', '==>', '\forall' or '\exists' if necessary. For instance:
```
loop invariant 1 <= x;
loop invariant x == y;
loop invariant 0 < x ==> y <= z;
loop invariant z % 2 == 1 || x == y;
loop invariant z % 2 == 1 && x <= y;
loop invariant \forall integer k;  0 <= k < i ==> max >=  a[k];
loop invariant \exists integer k;  0 <= k < i &&  max == a[k];
loop invariant \forall integer p; 0 <= p < \at(k, End_l) ==> res[p] == \at(res[p], End_l);
```
Your answer should follow the following format:
```
loop invariant ...;
loop invariant ...;
...
```
No explanation. No commentary. Just show me the loop invariant.
 /no_think
--------------------------
----------Response----------
[unused16][unused17][Loop <Loop A>]
loop invariant 0 <= i < n;
loop invariant \forall integer k; 0 <= k < i ==> t[k] == p[i];
loop invariant \forall integer k; 0 <= k < i ==> p[k] == t[i];

[Loop <Loop B>]
loop invariant 0 <= j < m;
loop invariant \forall integer q; 0 <= q < j ==> p[q] == t[match + q];
----------------------------
----------Prompt----------

/*@
    predicate string_same(char* t, char* p, integer n, integer m, integer match) =
        n < m || \forall integer k; 0 <= k < m ==> p[k] == t[match + k];
*/

/*@
    requires \valid_read(t);
    requires \valid_read(p);
    requires \valid(t + (0..n - 1));
    requires \valid(p + (0..m - 1));
    requires \separated(&t[0..(n - 1)], &p[0..(m - 1)]);
    requires n > 0;
    requires m > 0;
    assigns \nothing;
    ensures \result == 1 ==> string_same(t, p, n, m, match);
*/
int _string_same_judge(char* t, char* p, int n, int m, int match){
    /*@
        loop invariant 0 <= j <= m;
        loop invariant \forall integer q; 0 <= q < j ==> p[q] == t[match + q];
        loop assigns j;
    */
    for (int j = 0; j < m; j++){
        if (p[j] == t[match + j]) {
            continue;
        }
        else{
            return 0;
        }
    }
    return 1;
}

/*@
    requires \valid_read(t);
    requires \valid_read(p);
    requires \valid(t + (0..n - 1));
    requires \valid(p + (0..m - 1));
    requires \separated(&t[0..(n - 1)], &p[0..(m - 1)]);
    requires n > 0;
    requires m > 0;
    assigns \nothing;
    ensures \result == -1 || string_same(t, p, n, m, \result);
*/
int _naive_string_matcher(char* t, char* p, int m, int n) {
    if(n < m){
        return -1;
    }
    // Loop A
    /*@
        loop invariant i_0: 0 <= i < n;

        loop invariant i_1: \forall integer k; 0 <= k < i ==> t[k] == p[i];

        loop invariant i_2: \forall integer k; 0 <= k < i ==> p[k] == t[i];

        loop invariant i_3: 0 <= j < m;

        loop invariant i_4: \forall integer q; 0 <= q < j ==> p[q] == t[match + q];


        loop assigns i;
    */
    for (int i = 0; i < n - m; i++){
        // Loop B
        /*@
            [Hint] Please infer the loop invariant for the following loop.

            loop assigns j;
        */
        for (int j = 0; j < m; j++){
            if(_string_same_judge(t, p, n, m, j) == 1){
                return j;
            }
        }
    }
    return -1;
}
You are an expert in program verification, and please generate loop invariant as C annotation comments at the hint location (annotated by "[Hint] Please infer the loop invariant for the following loop.") using ACSL language.
ACSL is a specification language for C programs that conforms to the design by contract paradigm, utilizing Hoare style pre- and postconditions and invariants. Note that the `loop invariant` clause is a condition that is true at the beginning and end of every loop iteration.
Specifically, for the current verification task:
    - Pre-condition: i_0:0 <= i < n; i_1:\forall integer k; 0 <= k < i ==> t[k] == p[i]; i_2:\forall integer k; 0 <= k < i ==> p[k] == t[i]; i_3:0 <= j < m; i_4:\forall integer q; 0 <= q < j ==> p[q] == t[match + q]; 
    - Post-condition: i_0:0 <= i < n; i_1:\forall integer k; 0 <= k < i ==> t[k] == p[i]; i_2:\forall integer k; 0 <= k < i ==> p[k] == t[i]; i_3:0 <= j < m; i_4:\forall integer q; 0 <= q < j ==> p[q] == t[match + q]; 
Please verify that the generated loop invariant is consistent with these constraints. If these specific pre- or post-conditions are not provided or empty, please infer the loop invariant strictly based on the program's execution logic and standard correctness.
In order to get a correct answer, You may want to consider both the situation of not entering the loop and the situation of jumping out of the loop. If some of the pre-conditions are also loop invariant, you need to add them to your answer as well.
Use '&&', '||', '==>', '\forall' or '\exists' if necessary. For instance:
```
loop invariant 1 <= x;
loop invariant x == y;
loop invariant 0 < x ==> y <= z;
loop invariant z % 2 == 1 || x == y;
loop invariant z % 2 == 1 && x <= y;
loop invariant \forall integer k;  0 <= k < i ==> max >=  a[k];
loop invariant \exists integer k;  0 <= k < i &&  max == a[k];
loop invariant \forall integer p; 0 <= p < \at(k, End_l) ==> res[p] == \at(res[p], End_l);
```
Your answer should follow the following format:
```
loop invariant ...;
loop invariant ...;
...
```
No explanation. No commentary. Just show me the loop invariant.
 /no_think
--------------------------
----------Response----------
[unused16][unused17]loop invariant 0 <= j <= m;
loop invariant \forall integer k; 0 <= k < j ==> p[k] == t[match + k];
----------------------------
------------Invariant Info-----------
LOOP A:
i_0: 0 <= i < n
i_1: \forall integer k; 0 <= k < i ==> t[k] == p[i]
i_2: \forall integer k; 0 <= k < i ==> p[k] == t[i]
i_3: 0 <= j < m
i_4: \forall integer q; 0 <= q < j ==> p[q] == t[match + q]
LOOP B:
i_5: 0 <= j <= m
i_6: \forall integer k; 0 <= k < j ==> p[k] == t[match + k]
------------------------------------
---------- Code with Invariants ----------
/*@
    predicate string_same(char* t, char* p, integer n, integer m, integer match) =
        n < m || \forall integer k; 0 <= k < m ==> p[k] == t[match + k];
*/

/*@
    requires \valid_read(t);
    requires \valid_read(p);
    requires \valid(t + (0..n - 1));
    requires \valid(p + (0..m - 1));
    requires \separated(&t[0..(n - 1)], &p[0..(m - 1)]);
    requires n > 0;
    requires m > 0;
    assigns \nothing;
    ensures \result == 1 ==> string_same(t, p, n, m, match);
*/
int _string_same_judge(char* t, char* p, int n, int m, int match){
    /*@
        loop invariant 0 <= j <= m;
        loop invariant \forall integer q; 0 <= q < j ==> p[q] == t[match + q];
        loop assigns j;
    */
    for (int j = 0; j < m; j++){
        if (p[j] == t[match + j]) {
            continue;
        }
        else{
            return 0;
        }
    }
    return 1;
}

/*@
    requires \valid_read(t);
    requires \valid_read(p);
    requires \valid(t + (0..n - 1));
    requires \valid(p + (0..m - 1));
    requires \separated(&t[0..(n - 1)], &p[0..(m - 1)]);
    requires n > 0;
    requires m > 0;
    assigns \nothing;
    ensures \result == -1 || string_same(t, p, n, m, \result);
*/
int _naive_string_matcher(char* t, char* p, int m, int n) {
    if(n < m){
        return -1;
    }
    // Loop A
    /*@
        loop invariant i_0: 0 <= i < n;

        loop invariant i_1: \forall integer k; 0 <= k < i ==> t[k] == p[i];

        loop invariant i_2: \forall integer k; 0 <= k < i ==> p[k] == t[i];

        loop invariant i_3: 0 <= j < m;

        loop invariant i_4: \forall integer q; 0 <= q < j ==> p[q] == t[match + q];


        loop assigns i;
    */
    for (int i = 0; i < n - m; i++){
        // Loop B
        /*@
            loop invariant i_5: 0 <= j <= m;

            loop invariant i_6: \forall integer k; 0 <= k < j ==> p[k] == t[match + k];


            loop assigns j;
        */
        for (int j = 0; j < m; j++){
            if(_string_same_judge(t, p, n, m, j) == 1){
                return j;
            }
        }
    }
    return -1;
}
------------------------------------------
Verification failed (Invalid), removing all invariants and retrying.
========== Attempt 2 ==========
----------Prompt----------

/*@
    predicate string_same(char* t, char* p, integer n, integer m, integer match) =
        n < m || \forall integer k; 0 <= k < m ==> p[k] == t[match + k];
*/

/*@
    requires \valid_read(t);
    requires \valid_read(p);
    requires \valid(t + (0..n - 1));
    requires \valid(p + (0..m - 1));
    requires \separated(&t[0..(n - 1)], &p[0..(m - 1)]);
    requires n > 0;
    requires m > 0;
    assigns \nothing;
    ensures \result == 1 ==> string_same(t, p, n, m, match);
*/
int _string_same_judge(char* t, char* p, int n, int m, int match){
    /*@
        loop invariant 0 <= j <= m;
        loop invariant \forall integer q; 0 <= q < j ==> p[q] == t[match + q];
        loop assigns j;
    */
    for (int j = 0; j < m; j++){
        if (p[j] == t[match + j]) {
            continue;
        }
        else{
            return 0;
        }
    }
    return 1;
}

/*@
    requires \valid_read(t);
    requires \valid_read(p);
    requires \valid(t + (0..n - 1));
    requires \valid(p + (0..m - 1));
    requires \separated(&t[0..(n - 1)], &p[0..(m - 1)]);
    requires n > 0;
    requires m > 0;
    assigns \nothing;
    ensures \result == -1 || string_same(t, p, n, m, \result);
*/
int _naive_string_matcher(char* t, char* p, int m, int n) {
    if(n < m){
        return -1;
    }
    // Loop A
    /*@
        [Hint] Please infer the loop invariant for the following loop.

        loop assigns i;
    */
    for (int i = 0; i < n - m; i++){
        // Loop B
        /*@
            loop assigns j;
        */
        for (int j = 0; j < m; j++){
            if(_string_same_judge(t, p, n, m, j) == 1){
                return j;
            }
        }
    }
    return -1;
}
You are an expert in program verification, and please generate loop invariant as C annotation comments at the hint location (annotated by "[Hint] Please infer the loop invariant for the following loop.") using ACSL language.
ACSL is a specification language for C programs that conforms to the design by contract paradigm, utilizing Hoare style pre- and postconditions and invariants. Note that the `loop invariant` clause is a condition that is true at the beginning and end of every loop iteration.
Specifically, for the current verification task:
    - Pre-condition: the function's `requires` clauses
    - Post-condition: 
Please verify that the generated loop invariant is consistent with these constraints. If these specific pre- or post-conditions are not provided or empty, please infer the loop invariant strictly based on the program's execution logic and standard correctness.
In order to get a correct answer, You may want to consider both the situation of not entering the loop and the situation of jumping out of the loop. If some of the pre-conditions are also loop invariant, you need to add them to your answer as well.
Use '&&', '||', '==>', '\forall' or '\exists' if necessary. For instance:
```
loop invariant 1 <= x;
loop invariant x == y;
loop invariant 0 < x ==> y <= z;
loop invariant z % 2 == 1 || x == y;
loop invariant z % 2 == 1 && x <= y;
loop invariant \forall integer k;  0 <= k < i ==> max >=  a[k];
loop invariant \exists integer k;  0 <= k < i &&  max == a[k];
loop invariant \forall integer p; 0 <= p < \at(k, End_l) ==> res[p] == \at(res[p], End_l);
```
Your answer should follow the following format:
```
loop invariant ...;
loop invariant ...;
...
```
No explanation. No commentary. Just show me the loop invariant.
 /no_think
--------------------------
----------Response----------
[unused16][unused17]```
loop invariant 0 <= j < m;
loop invariant \forall integer q; 0 <= q < j ==> p[q] == t[match + q];
```
----------------------------
----------Prompt----------

/*@
    predicate string_same(char* t, char* p, integer n, integer m, integer match) =
        n < m || \forall integer k; 0 <= k < m ==> p[k] == t[match + k];
*/

/*@
    requires \valid_read(t);
    requires \valid_read(p);
    requires \valid(t + (0..n - 1));
    requires \valid(p + (0..m - 1));
    requires \separated(&t[0..(n - 1)], &p[0..(m - 1)]);
    requires n > 0;
    requires m > 0;
    assigns \nothing;
    ensures \result == 1 ==> string_same(t, p, n, m, match);
*/
int _string_same_judge(char* t, char* p, int n, int m, int match){
    /*@
        loop invariant 0 <= j <= m;
        loop invariant \forall integer q; 0 <= q < j ==> p[q] == t[match + q];
        loop assigns j;
    */
    for (int j = 0; j < m; j++){
        if (p[j] == t[match + j]) {
            continue;
        }
        else{
            return 0;
        }
    }
    return 1;
}

/*@
    requires \valid_read(t);
    requires \valid_read(p);
    requires \valid(t + (0..n - 1));
    requires \valid(p + (0..m - 1));
    requires \separated(&t[0..(n - 1)], &p[0..(m - 1)]);
    requires n > 0;
    requires m > 0;
    assigns \nothing;
    ensures \result == -1 || string_same(t, p, n, m, \result);
*/
int _naive_string_matcher(char* t, char* p, int m, int n) {
    if(n < m){
        return -1;
    }
    // Loop A
    /*@
        loop invariant i_7: 0 <= j < m;

        loop invariant i_8: \forall integer q; 0 <= q < j ==> p[q] == t[match + q];


        loop assigns i;
    */
    for (int i = 0; i < n - m; i++){
        // Loop B
        /*@
            [Hint] Please infer the loop invariant for the following loop.

            loop assigns j;
        */
        for (int j = 0; j < m; j++){
            if(_string_same_judge(t, p, n, m, j) == 1){
                return j;
            }
        }
    }
    return -1;
}
You are an expert in program verification, and please generate loop invariant as C annotation comments at the hint location (annotated by "[Hint] Please infer the loop invariant for the following loop.") using ACSL language.
ACSL is a specification language for C programs that conforms to the design by contract paradigm, utilizing Hoare style pre- and postconditions and invariants. Note that the `loop invariant` clause is a condition that is true at the beginning and end of every loop iteration.
Specifically, for the current verification task:
    - Pre-condition: i_7:0 <= j < m; i_8:\forall integer q; 0 <= q < j ==> p[q] == t[match + q]; 
    - Post-condition: i_7:0 <= j < m; i_8:\forall integer q; 0 <= q < j ==> p[q] == t[match + q]; 
Please verify that the generated loop invariant is consistent with these constraints. If these specific pre- or post-conditions are not provided or empty, please infer the loop invariant strictly based on the program's execution logic and standard correctness.
In order to get a correct answer, You may want to consider both the situation of not entering the loop and the situation of jumping out of the loop. If some of the pre-conditions are also loop invariant, you need to add them to your answer as well.
Use '&&', '||', '==>', '\forall' or '\exists' if necessary. For instance:
```
loop invariant 1 <= x;
loop invariant x == y;
loop invariant 0 < x ==> y <= z;
loop invariant z % 2 == 1 || x == y;
loop invariant z % 2 == 1 && x <= y;
loop invariant \forall integer k;  0 <= k < i ==> max >=  a[k];
loop invariant \exists integer k;  0 <= k < i &&  max == a[k];
loop invariant \forall integer p; 0 <= p < \at(k, End_l) ==> res[p] == \at(res[p], End_l);
```
Your answer should follow the following format:
```
loop invariant ...;
loop invariant ...;
...
```
No explanation. No commentary. Just show me the loop invariant.
 /no_think
--------------------------
----------Response----------
[unused16][unused17]```
loop invariant 0 <= j < m;
loop invariant \forall integer q; 0 <= q < j ==> p[q] == t[match + q];
```
----------------------------
------------Invariant Info-----------
LOOP A:
i_7: 0 <= j < m
i_8: \forall integer q; 0 <= q < j ==> p[q] == t[match + q]
LOOP B:
i_9: 0 <= j < m
i_10: \forall integer q; 0 <= q < j ==> p[q] == t[match + q]
------------------------------------
---------- Code with Invariants ----------
/*@
    predicate string_same(char* t, char* p, integer n, integer m, integer match) =
        n < m || \forall integer k; 0 <= k < m ==> p[k] == t[match + k];
*/

/*@
    requires \valid_read(t);
    requires \valid_read(p);
    requires \valid(t + (0..n - 1));
    requires \valid(p + (0..m - 1));
    requires \separated(&t[0..(n - 1)], &p[0..(m - 1)]);
    requires n > 0;
    requires m > 0;
    assigns \nothing;
    ensures \result == 1 ==> string_same(t, p, n, m, match);
*/
int _string_same_judge(char* t, char* p, int n, int m, int match){
    /*@
        loop invariant 0 <= j <= m;
        loop invariant \forall integer q; 0 <= q < j ==> p[q] == t[match + q];
        loop assigns j;
    */
    for (int j = 0; j < m; j++){
        if (p[j] == t[match + j]) {
            continue;
        }
        else{
            return 0;
        }
    }
    return 1;
}

/*@
    requires \valid_read(t);
    requires \valid_read(p);
    requires \valid(t + (0..n - 1));
    requires \valid(p + (0..m - 1));
    requires \separated(&t[0..(n - 1)], &p[0..(m - 1)]);
    requires n > 0;
    requires m > 0;
    assigns \nothing;
    ensures \result == -1 || string_same(t, p, n, m, \result);
*/
int _naive_string_matcher(char* t, char* p, int m, int n) {
    if(n < m){
        return -1;
    }
    // Loop A
    /*@
        loop invariant i_7: 0 <= j < m;

        loop invariant i_8: \forall integer q; 0 <= q < j ==> p[q] == t[match + q];


        loop assigns i;
    */
    for (int i = 0; i < n - m; i++){
        // Loop B
        /*@
            loop invariant i_9: 0 <= j < m;

            loop invariant i_10: \forall integer q; 0 <= q < j ==> p[q] == t[match + q];


            loop assigns j;
        */
        for (int j = 0; j < m; j++){
            if(_string_same_judge(t, p, n, m, j) == 1){
                return j;
            }
        }
    }
    return -1;
}
------------------------------------------
Verification failed (Invalid), removing all invariants and retrying.
========== Attempt 3 ==========
----------Prompt----------

/*@
    predicate string_same(char* t, char* p, integer n, integer m, integer match) =
        n < m || \forall integer k; 0 <= k < m ==> p[k] == t[match + k];
*/

/*@
    requires \valid_read(t);
    requires \valid_read(p);
    requires \valid(t + (0..n - 1));
    requires \valid(p + (0..m - 1));
    requires \separated(&t[0..(n - 1)], &p[0..(m - 1)]);
    requires n > 0;
    requires m > 0;
    assigns \nothing;
    ensures \result == 1 ==> string_same(t, p, n, m, match);
*/
int _string_same_judge(char* t, char* p, int n, int m, int match){
    /*@
        loop invariant 0 <= j <= m;
        loop invariant \forall integer q; 0 <= q < j ==> p[q] == t[match + q];
        loop assigns j;
    */
    for (int j = 0; j < m; j++){
        if (p[j] == t[match + j]) {
            continue;
        }
        else{
            return 0;
        }
    }
    return 1;
}

/*@
    requires \valid_read(t);
    requires \valid_read(p);
    requires \valid(t + (0..n - 1));
    requires \valid(p + (0..m - 1));
    requires \separated(&t[0..(n - 1)], &p[0..(m - 1)]);
    requires n > 0;
    requires m > 0;
    assigns \nothing;
    ensures \result == -1 || string_same(t, p, n, m, \result);
*/
int _naive_string_matcher(char* t, char* p, int m, int n) {
    if(n < m){
        return -1;
    }
    // Loop A
    /*@
        [Hint] Please infer the loop invariant for the following loop.

        loop assigns i;
    */
    for (int i = 0; i < n - m; i++){
        // Loop B
        /*@
            loop assigns j;
        */
        for (int j = 0; j < m; j++){
            if(_string_same_judge(t, p, n, m, j) == 1){
                return j;
            }
        }
    }
    return -1;
}
You are an expert in program verification, and please generate loop invariant as C annotation comments at the hint location (annotated by "[Hint] Please infer the loop invariant for the following loop.") using ACSL language.
ACSL is a specification language for C programs that conforms to the design by contract paradigm, utilizing Hoare style pre- and postconditions and invariants. Note that the `loop invariant` clause is a condition that is true at the beginning and end of every loop iteration.
Specifically, for the current verification task:
    - Pre-condition: the function's `requires` clauses
    - Post-condition: 
Please verify that the generated loop invariant is consistent with these constraints. If these specific pre- or post-conditions are not provided or empty, please infer the loop invariant strictly based on the program's execution logic and standard correctness.
In order to get a correct answer, You may want to consider both the situation of not entering the loop and the situation of jumping out of the loop. If some of the pre-conditions are also loop invariant, you need to add them to your answer as well.
Use '&&', '||', '==>', '\forall' or '\exists' if necessary. For instance:
```
loop invariant 1 <= x;
loop invariant x == y;
loop invariant 0 < x ==> y <= z;
loop invariant z % 2 == 1 || x == y;
loop invariant z % 2 == 1 && x <= y;
loop invariant \forall integer k;  0 <= k < i ==> max >=  a[k];
loop invariant \exists integer k;  0 <= k < i &&  max == a[k];
loop invariant \forall integer p; 0 <= p < \at(k, End_l) ==> res[p] == \at(res[p], End_l);
```
Your answer should follow the following format:
```
loop invariant ...;
loop invariant ...;
...
```
No explanation. No commentary. Just show me the loop invariant.
 /no_think
--------------------------
----------Response----------
[unused16][unused17][Loop <Loop A>]
loop invariant 0 <= i < n;

[Loop <Loop B>]
loop invariant 0 <= j < m;
loop invariant \forall integer q; 0 <= q < j ==> p[q] == t[match + q];
----------------------------
----------Prompt----------

/*@
    predicate string_same(char* t, char* p, integer n, integer m, integer match) =
        n < m || \forall integer k; 0 <= k < m ==> p[k] == t[match + k];
*/

/*@
    requires \valid_read(t);
    requires \valid_read(p);
    requires \valid(t + (0..n - 1));
    requires \valid(p + (0..m - 1));
    requires \separated(&t[0..(n - 1)], &p[0..(m - 1)]);
    requires n > 0;
    requires m > 0;
    assigns \nothing;
    ensures \result == 1 ==> string_same(t, p, n, m, match);
*/
int _string_same_judge(char* t, char* p, int n, int m, int match){
    /*@
        loop invariant 0 <= j <= m;
        loop invariant \forall integer q; 0 <= q < j ==> p[q] == t[match + q];
        loop assigns j;
    */
    for (int j = 0; j < m; j++){
        if (p[j] == t[match + j]) {
            continue;
        }
        else{
            return 0;
        }
    }
    return 1;
}

/*@
    requires \valid_read(t);
    requires \valid_read(p);
    requires \valid(t + (0..n - 1));
    requires \valid(p + (0..m - 1));
    requires \separated(&t[0..(n - 1)], &p[0..(m - 1)]);
    requires n > 0;
    requires m > 0;
    assigns \nothing;
    ensures \result == -1 || string_same(t, p, n, m, \result);
*/
int _naive_string_matcher(char* t, char* p, int m, int n) {
    if(n < m){
        return -1;
    }
    // Loop A
    /*@
        loop invariant i_11: 0 <= i < n;

        loop invariant i_12: 0 <= j < m;

        loop invariant i_13: \forall integer q; 0 <= q < j ==> p[q] == t[match + q];


        loop assigns i;
    */
    for (int i = 0; i < n - m; i++){
        // Loop B
        /*@
            [Hint] Please infer the loop invariant for the following loop.

            loop assigns j;
        */
        for (int j = 0; j < m; j++){
            if(_string_same_judge(t, p, n, m, j) == 1){
                return j;
            }
        }
    }
    return -1;
}
You are an expert in program verification, and please generate loop invariant as C annotation comments at the hint location (annotated by "[Hint] Please infer the loop invariant for the following loop.") using ACSL language.
ACSL is a specification language for C programs that conforms to the design by contract paradigm, utilizing Hoare style pre- and postconditions and invariants. Note that the `loop invariant` clause is a condition that is true at the beginning and end of every loop iteration.
Specifically, for the current verification task:
    - Pre-condition: i_11:0 <= i < n; i_12:0 <= j < m; i_13:\forall integer q; 0 <= q < j ==> p[q] == t[match + q]; 
    - Post-condition: i_11:0 <= i < n; i_12:0 <= j < m; i_13:\forall integer q; 0 <= q < j ==> p[q] == t[match + q]; 
Please verify that the generated loop invariant is consistent with these constraints. If these specific pre- or post-conditions are not provided or empty, please infer the loop invariant strictly based on the program's execution logic and standard correctness.
In order to get a correct answer, You may want to consider both the situation of not entering the loop and the situation of jumping out of the loop. If some of the pre-conditions are also loop invariant, you need to add them to your answer as well.
Use '&&', '||', '==>', '\forall' or '\exists' if necessary. For instance:
```
loop invariant 1 <= x;
loop invariant x == y;
loop invariant 0 < x ==> y <= z;
loop invariant z % 2 == 1 || x == y;
loop invariant z % 2 == 1 && x <= y;
loop invariant \forall integer k;  0 <= k < i ==> max >=  a[k];
loop invariant \exists integer k;  0 <= k < i &&  max == a[k];
loop invariant \forall integer p; 0 <= p < \at(k, End_l) ==> res[p] == \at(res[p], End_l);
```
Your answer should follow the following format:
```
loop invariant ...;
loop invariant ...;
...
```
No explanation. No commentary. Just show me the loop invariant.
 /no_think
--------------------------
----------Response----------
[unused16][unused17][Loop <Loop B>]
loop invariant 0 <= j < m;

[Loop <Loop B>]
loop invariant \forall integer q; 0 <= q < j ==> p[q] == t[match + q];
----------------------------
------------Invariant Info-----------
LOOP A:
i_11: 0 <= i < n
i_12: 0 <= j < m
i_13: \forall integer q; 0 <= q < j ==> p[q] == t[match + q]
LOOP B:
i_14: 0 <= j < m
i_15: \forall integer q; 0 <= q < j ==> p[q] == t[match + q]
------------------------------------
---------- Code with Invariants ----------
/*@
    predicate string_same(char* t, char* p, integer n, integer m, integer match) =
        n < m || \forall integer k; 0 <= k < m ==> p[k] == t[match + k];
*/

/*@
    requires \valid_read(t);
    requires \valid_read(p);
    requires \valid(t + (0..n - 1));
    requires \valid(p + (0..m - 1));
    requires \separated(&t[0..(n - 1)], &p[0..(m - 1)]);
    requires n > 0;
    requires m > 0;
    assigns \nothing;
    ensures \result == 1 ==> string_same(t, p, n, m, match);
*/
int _string_same_judge(char* t, char* p, int n, int m, int match){
    /*@
        loop invariant 0 <= j <= m;
        loop invariant \forall integer q; 0 <= q < j ==> p[q] == t[match + q];
        loop assigns j;
    */
    for (int j = 0; j < m; j++){
        if (p[j] == t[match + j]) {
            continue;
        }
        else{
            return 0;
        }
    }
    return 1;
}

/*@
    requires \valid_read(t);
    requires \valid_read(p);
    requires \valid(t + (0..n - 1));
    requires \valid(p + (0..m - 1));
    requires \separated(&t[0..(n - 1)], &p[0..(m - 1)]);
    requires n > 0;
    requires m > 0;
    assigns \nothing;
    ensures \result == -1 || string_same(t, p, n, m, \result);
*/
int _naive_string_matcher(char* t, char* p, int m, int n) {
    if(n < m){
        return -1;
    }
    // Loop A
    /*@
        loop invariant i_11: 0 <= i < n;

        loop invariant i_12: 0 <= j < m;

        loop invariant i_13: \forall integer q; 0 <= q < j ==> p[q] == t[match + q];


        loop assigns i;
    */
    for (int i = 0; i < n - m; i++){
        // Loop B
        /*@
            loop invariant i_14: 0 <= j < m;

            loop invariant i_15: \forall integer q; 0 <= q < j ==> p[q] == t[match + q];


            loop assigns j;
        */
        for (int j = 0; j < m; j++){
            if(_string_same_judge(t, p, n, m, j) == 1){
                return j;
            }
        }
    }
    return -1;
}
------------------------------------------
Verification failed (Invalid), removing all invariants and retrying.
========== Attempt 4 ==========
----------Prompt----------

/*@
    predicate string_same(char* t, char* p, integer n, integer m, integer match) =
        n < m || \forall integer k; 0 <= k < m ==> p[k] == t[match + k];
*/

/*@
    requires \valid_read(t);
    requires \valid_read(p);
    requires \valid(t + (0..n - 1));
    requires \valid(p + (0..m - 1));
    requires \separated(&t[0..(n - 1)], &p[0..(m - 1)]);
    requires n > 0;
    requires m > 0;
    assigns \nothing;
    ensures \result == 1 ==> string_same(t, p, n, m, match);
*/
int _string_same_judge(char* t, char* p, int n, int m, int match){
    /*@
        loop invariant 0 <= j <= m;
        loop invariant \forall integer q; 0 <= q < j ==> p[q] == t[match + q];
        loop assigns j;
    */
    for (int j = 0; j < m; j++){
        if (p[j] == t[match + j]) {
            continue;
        }
        else{
            return 0;
        }
    }
    return 1;
}

/*@
    requires \valid_read(t);
    requires \valid_read(p);
    requires \valid(t + (0..n - 1));
    requires \valid(p + (0..m - 1));
    requires \separated(&t[0..(n - 1)], &p[0..(m - 1)]);
    requires n > 0;
    requires m > 0;
    assigns \nothing;
    ensures \result == -1 || string_same(t, p, n, m, \result);
*/
int _naive_string_matcher(char* t, char* p, int m, int n) {
    if(n < m){
        return -1;
    }
    // Loop A
    /*@
        [Hint] Please infer the loop invariant for the following loop.

        loop assigns i;
    */
    for (int i = 0; i < n - m; i++){
        // Loop B
        /*@
            loop assigns j;
        */
        for (int j = 0; j < m; j++){
            if(_string_same_judge(t, p, n, m, j) == 1){
                return j;
            }
        }
    }
    return -1;
}
You are an expert in program verification, and please generate loop invariant as C annotation comments at the hint location (annotated by "[Hint] Please infer the loop invariant for the following loop.") using ACSL language.
ACSL is a specification language for C programs that conforms to the design by contract paradigm, utilizing Hoare style pre- and postconditions and invariants. Note that the `loop invariant` clause is a condition that is true at the beginning and end of every loop iteration.
Specifically, for the current verification task:
    - Pre-condition: the function's `requires` clauses
    - Post-condition: 
Please verify that the generated loop invariant is consistent with these constraints. If these specific pre- or post-conditions are not provided or empty, please infer the loop invariant strictly based on the program's execution logic and standard correctness.
In order to get a correct answer, You may want to consider both the situation of not entering the loop and the situation of jumping out of the loop. If some of the pre-conditions are also loop invariant, you need to add them to your answer as well.
Use '&&', '||', '==>', '\forall' or '\exists' if necessary. For instance:
```
loop invariant 1 <= x;
loop invariant x == y;
loop invariant 0 < x ==> y <= z;
loop invariant z % 2 == 1 || x == y;
loop invariant z % 2 == 1 && x <= y;
loop invariant \forall integer k;  0 <= k < i ==> max >=  a[k];
loop invariant \exists integer k;  0 <= k < i &&  max == a[k];
loop invariant \forall integer p; 0 <= p < \at(k, End_l) ==> res[p] == \at(res[p], End_l);
```
Your answer should follow the following format:
```
loop invariant ...;
loop invariant ...;
...
```
No explanation. No commentary. Just show me the loop invariant.
 /no_think
--------------------------
----------Response----------
[unused16][unused17]```
loop invariant 0 <= j < m;
loop invariant \forall integer q; 0 <= q < j ==> p[q] == t[match + q];
```
----------------------------
----------Prompt----------

/*@
    predicate string_same(char* t, char* p, integer n, integer m, integer match) =
        n < m || \forall integer k; 0 <= k < m ==> p[k] == t[match + k];
*/

/*@
    requires \valid_read(t);
    requires \valid_read(p);
    requires \valid(t + (0..n - 1));
    requires \valid(p + (0..m - 1));
    requires \separated(&t[0..(n - 1)], &p[0..(m - 1)]);
    requires n > 0;
    requires m > 0;
    assigns \nothing;
    ensures \result == 1 ==> string_same(t, p, n, m, match);
*/
int _string_same_judge(char* t, char* p, int n, int m, int match){
    /*@
        loop invariant 0 <= j <= m;
        loop invariant \forall integer q; 0 <= q < j ==> p[q] == t[match + q];
        loop assigns j;
    */
    for (int j = 0; j < m; j++){
        if (p[j] == t[match + j]) {
            continue;
        }
        else{
            return 0;
        }
    }
    return 1;
}

/*@
    requires \valid_read(t);
    requires \valid_read(p);
    requires \valid(t + (0..n - 1));
    requires \valid(p + (0..m - 1));
    requires \separated(&t[0..(n - 1)], &p[0..(m - 1)]);
    requires n > 0;
    requires m > 0;
    assigns \nothing;
    ensures \result == -1 || string_same(t, p, n, m, \result);
*/
int _naive_string_matcher(char* t, char* p, int m, int n) {
    if(n < m){
        return -1;
    }
    // Loop A
    /*@
        loop invariant i_16: 0 <= j < m;

        loop invariant i_17: \forall integer q; 0 <= q < j ==> p[q] == t[match + q];


        loop assigns i;
    */
    for (int i = 0; i < n - m; i++){
        // Loop B
        /*@
            [Hint] Please infer the loop invariant for the following loop.

            loop assigns j;
        */
        for (int j = 0; j < m; j++){
            if(_string_same_judge(t, p, n, m, j) == 1){
                return j;
            }
        }
    }
    return -1;
}
You are an expert in program verification, and please generate loop invariant as C annotation comments at the hint location (annotated by "[Hint] Please infer the loop invariant for the following loop.") using ACSL language.
ACSL is a specification language for C programs that conforms to the design by contract paradigm, utilizing Hoare style pre- and postconditions and invariants. Note that the `loop invariant` clause is a condition that is true at the beginning and end of every loop iteration.
Specifically, for the current verification task:
    - Pre-condition: i_16:0 <= j < m; i_17:\forall integer q; 0 <= q < j ==> p[q] == t[match + q]; 
    - Post-condition: i_16:0 <= j < m; i_17:\forall integer q; 0 <= q < j ==> p[q] == t[match + q]; 
Please verify that the generated loop invariant is consistent with these constraints. If these specific pre- or post-conditions are not provided or empty, please infer the loop invariant strictly based on the program's execution logic and standard correctness.
In order to get a correct answer, You may want to consider both the situation of not entering the loop and the situation of jumping out of the loop. If some of the pre-conditions are also loop invariant, you need to add them to your answer as well.
Use '&&', '||', '==>', '\forall' or '\exists' if necessary. For instance:
```
loop invariant 1 <= x;
loop invariant x == y;
loop invariant 0 < x ==> y <= z;
loop invariant z % 2 == 1 || x == y;
loop invariant z % 2 == 1 && x <= y;
loop invariant \forall integer k;  0 <= k < i ==> max >=  a[k];
loop invariant \exists integer k;  0 <= k < i &&  max == a[k];
loop invariant \forall integer p; 0 <= p < \at(k, End_l) ==> res[p] == \at(res[p], End_l);
```
Your answer should follow the following format:
```
loop invariant ...;
loop invariant ...;
...
```
No explanation. No commentary. Just show me the loop invariant.
 /no_think
--------------------------
----------Response----------
[unused16][unused17][Loop <CUR_LOOP>]  
loop invariant 0 <= j < m;
loop invariant \forall integer q; 0 <= q < j ==> p[q] == t[match + q];
----------------------------
------------Invariant Info-----------
LOOP A:
i_16: 0 <= j < m
i_17: \forall integer q; 0 <= q < j ==> p[q] == t[match + q]
LOOP B:
i_18: 0 <= j < m
i_19: \forall integer q; 0 <= q < j ==> p[q] == t[match + q]
------------------------------------
---------- Code with Invariants ----------
/*@
    predicate string_same(char* t, char* p, integer n, integer m, integer match) =
        n < m || \forall integer k; 0 <= k < m ==> p[k] == t[match + k];
*/

/*@
    requires \valid_read(t);
    requires \valid_read(p);
    requires \valid(t + (0..n - 1));
    requires \valid(p + (0..m - 1));
    requires \separated(&t[0..(n - 1)], &p[0..(m - 1)]);
    requires n > 0;
    requires m > 0;
    assigns \nothing;
    ensures \result == 1 ==> string_same(t, p, n, m, match);
*/
int _string_same_judge(char* t, char* p, int n, int m, int match){
    /*@
        loop invariant 0 <= j <= m;
        loop invariant \forall integer q; 0 <= q < j ==> p[q] == t[match + q];
        loop assigns j;
    */
    for (int j = 0; j < m; j++){
        if (p[j] == t[match + j]) {
            continue;
        }
        else{
            return 0;
        }
    }
    return 1;
}

/*@
    requires \valid_read(t);
    requires \valid_read(p);
    requires \valid(t + (0..n - 1));
    requires \valid(p + (0..m - 1));
    requires \separated(&t[0..(n - 1)], &p[0..(m - 1)]);
    requires n > 0;
    requires m > 0;
    assigns \nothing;
    ensures \result == -1 || string_same(t, p, n, m, \result);
*/
int _naive_string_matcher(char* t, char* p, int m, int n) {
    if(n < m){
        return -1;
    }
    // Loop A
    /*@
        loop invariant i_16: 0 <= j < m;

        loop invariant i_17: \forall integer q; 0 <= q < j ==> p[q] == t[match + q];


        loop assigns i;
    */
    for (int i = 0; i < n - m; i++){
        // Loop B
        /*@
            loop invariant i_18: 0 <= j < m;

            loop invariant i_19: \forall integer q; 0 <= q < j ==> p[q] == t[match + q];


            loop assigns j;
        */
        for (int j = 0; j < m; j++){
            if(_string_same_judge(t, p, n, m, j) == 1){
                return j;
            }
        }
    }
    return -1;
}
------------------------------------------
Verification failed (Invalid), removing all invariants and retrying.
========== Attempt 5 ==========
----------Prompt----------

/*@
    predicate string_same(char* t, char* p, integer n, integer m, integer match) =
        n < m || \forall integer k; 0 <= k < m ==> p[k] == t[match + k];
*/

/*@
    requires \valid_read(t);
    requires \valid_read(p);
    requires \valid(t + (0..n - 1));
    requires \valid(p + (0..m - 1));
    requires \separated(&t[0..(n - 1)], &p[0..(m - 1)]);
    requires n > 0;
    requires m > 0;
    assigns \nothing;
    ensures \result == 1 ==> string_same(t, p, n, m, match);
*/
int _string_same_judge(char* t, char* p, int n, int m, int match){
    /*@
        loop invariant 0 <= j <= m;
        loop invariant \forall integer q; 0 <= q < j ==> p[q] == t[match + q];
        loop assigns j;
    */
    for (int j = 0; j < m; j++){
        if (p[j] == t[match + j]) {
            continue;
        }
        else{
            return 0;
        }
    }
    return 1;
}

/*@
    requires \valid_read(t);
    requires \valid_read(p);
    requires \valid(t + (0..n - 1));
    requires \valid(p + (0..m - 1));
    requires \separated(&t[0..(n - 1)], &p[0..(m - 1)]);
    requires n > 0;
    requires m > 0;
    assigns \nothing;
    ensures \result == -1 || string_same(t, p, n, m, \result);
*/
int _naive_string_matcher(char* t, char* p, int m, int n) {
    if(n < m){
        return -1;
    }
    // Loop A
    /*@
        [Hint] Please infer the loop invariant for the following loop.

        loop assigns i;
    */
    for (int i = 0; i < n - m; i++){
        // Loop B
        /*@
            loop assigns j;
        */
        for (int j = 0; j < m; j++){
            if(_string_same_judge(t, p, n, m, j) == 1){
                return j;
            }
        }
    }
    return -1;
}
You are an expert in program verification, and please generate loop invariant as C annotation comments at the hint location (annotated by "[Hint] Please infer the loop invariant for the following loop.") using ACSL language.
ACSL is a specification language for C programs that conforms to the design by contract paradigm, utilizing Hoare style pre- and postconditions and invariants. Note that the `loop invariant` clause is a condition that is true at the beginning and end of every loop iteration.
Specifically, for the current verification task:
    - Pre-condition: the function's `requires` clauses
    - Post-condition: 
Please verify that the generated loop invariant is consistent with these constraints. If these specific pre- or post-conditions are not provided or empty, please infer the loop invariant strictly based on the program's execution logic and standard correctness.
In order to get a correct answer, You may want to consider both the situation of not entering the loop and the situation of jumping out of the loop. If some of the pre-conditions are also loop invariant, you need to add them to your answer as well.
Use '&&', '||', '==>', '\forall' or '\exists' if necessary. For instance:
```
loop invariant 1 <= x;
loop invariant x == y;
loop invariant 0 < x ==> y <= z;
loop invariant z % 2 == 1 || x == y;
loop invariant z % 2 == 1 && x <= y;
loop invariant \forall integer k;  0 <= k < i ==> max >=  a[k];
loop invariant \exists integer k;  0 <= k < i &&  max == a[k];
loop invariant \forall integer p; 0 <= p < \at(k, End_l) ==> res[p] == \at(res[p], End_l);
```
Your answer should follow the following format:
```
loop invariant ...;
loop invariant ...;
...
```
No explanation. No commentary. Just show me the loop invariant.
 /no_think
--------------------------
----------Response----------
[unused16][unused17]loop invariant 0 <= j < m;
loop invariant \forall integer q; 0 <= q < j ==> p[q] == t[match + q];
----------------------------
----------Prompt----------

/*@
    predicate string_same(char* t, char* p, integer n, integer m, integer match) =
        n < m || \forall integer k; 0 <= k < m ==> p[k] == t[match + k];
*/

/*@
    requires \valid_read(t);
    requires \valid_read(p);
    requires \valid(t + (0..n - 1));
    requires \valid(p + (0..m - 1));
    requires \separated(&t[0..(n - 1)], &p[0..(m - 1)]);
    requires n > 0;
    requires m > 0;
    assigns \nothing;
    ensures \result == 1 ==> string_same(t, p, n, m, match);
*/
int _string_same_judge(char* t, char* p, int n, int m, int match){
    /*@
        loop invariant 0 <= j <= m;
        loop invariant \forall integer q; 0 <= q < j ==> p[q] == t[match + q];
        loop assigns j;
    */
    for (int j = 0; j < m; j++){
        if (p[j] == t[match + j]) {
            continue;
        }
        else{
            return 0;
        }
    }
    return 1;
}

/*@
    requires \valid_read(t);
    requires \valid_read(p);
    requires \valid(t + (0..n - 1));
    requires \valid(p + (0..m - 1));
    requires \separated(&t[0..(n - 1)], &p[0..(m - 1)]);
    requires n > 0;
    requires m > 0;
    assigns \nothing;
    ensures \result == -1 || string_same(t, p, n, m, \result);
*/
int _naive_string_matcher(char* t, char* p, int m, int n) {
    if(n < m){
        return -1;
    }
    // Loop A
    /*@
        loop invariant i_20: 0 <= j < m;

        loop invariant i_21: \forall integer q; 0 <= q < j ==> p[q] == t[match + q];


        loop assigns i;
    */
    for (int i = 0; i < n - m; i++){
        // Loop B
        /*@
            [Hint] Please infer the loop invariant for the following loop.

            loop assigns j;
        */
        for (int j = 0; j < m; j++){
            if(_string_same_judge(t, p, n, m, j) == 1){
                return j;
            }
        }
    }
    return -1;
}
You are an expert in program verification, and please generate loop invariant as C annotation comments at the hint location (annotated by "[Hint] Please infer the loop invariant for the following loop.") using ACSL language.
ACSL is a specification language for C programs that conforms to the design by contract paradigm, utilizing Hoare style pre- and postconditions and invariants. Note that the `loop invariant` clause is a condition that is true at the beginning and end of every loop iteration.
Specifically, for the current verification task:
    - Pre-condition: i_20:0 <= j < m; i_21:\forall integer q; 0 <= q < j ==> p[q] == t[match + q]; 
    - Post-condition: i_20:0 <= j < m; i_21:\forall integer q; 0 <= q < j ==> p[q] == t[match + q]; 
Please verify that the generated loop invariant is consistent with these constraints. If these specific pre- or post-conditions are not provided or empty, please infer the loop invariant strictly based on the program's execution logic and standard correctness.
In order to get a correct answer, You may want to consider both the situation of not entering the loop and the situation of jumping out of the loop. If some of the pre-conditions are also loop invariant, you need to add them to your answer as well.
Use '&&', '||', '==>', '\forall' or '\exists' if necessary. For instance:
```
loop invariant 1 <= x;
loop invariant x == y;
loop invariant 0 < x ==> y <= z;
loop invariant z % 2 == 1 || x == y;
loop invariant z % 2 == 1 && x <= y;
loop invariant \forall integer k;  0 <= k < i ==> max >=  a[k];
loop invariant \exists integer k;  0 <= k < i &&  max == a[k];
loop invariant \forall integer p; 0 <= p < \at(k, End_l) ==> res[p] == \at(res[p], End_l);
```
Your answer should follow the following format:
```
loop invariant ...;
loop invariant ...;
...
```
No explanation. No commentary. Just show me the loop invariant.
 /no_think
--------------------------
----------Response----------
[unused16][unused17][Loop <Loop B>]
loop invariant 0 <= j < m;
loop invariant \forall integer q; 0 <= q < j ==> p[q] == t[match + q];;
[Loop <Loop A>]
loop invariant 0 <= i < n - m;
loop invariant \forall integer q; 0 <= q < i ==> p[q] == t[match + q];;
----------------------------
------------Invariant Info-----------
LOOP A:
i_20: 0 <= j < m
i_21: \forall integer q; 0 <= q < j ==> p[q] == t[match + q]
LOOP B:
i_22: 0 <= j < m
i_23: \forall integer q; 0 <= q < j ==> p[q] == t[match + q]
i_24: 0 <= i < n - m
i_25: \forall integer q; 0 <= q < i ==> p[q] == t[match + q]
------------------------------------
---------- Code with Invariants ----------
/*@
    predicate string_same(char* t, char* p, integer n, integer m, integer match) =
        n < m || \forall integer k; 0 <= k < m ==> p[k] == t[match + k];
*/

/*@
    requires \valid_read(t);
    requires \valid_read(p);
    requires \valid(t + (0..n - 1));
    requires \valid(p + (0..m - 1));
    requires \separated(&t[0..(n - 1)], &p[0..(m - 1)]);
    requires n > 0;
    requires m > 0;
    assigns \nothing;
    ensures \result == 1 ==> string_same(t, p, n, m, match);
*/
int _string_same_judge(char* t, char* p, int n, int m, int match){
    /*@
        loop invariant 0 <= j <= m;
        loop invariant \forall integer q; 0 <= q < j ==> p[q] == t[match + q];
        loop assigns j;
    */
    for (int j = 0; j < m; j++){
        if (p[j] == t[match + j]) {
            continue;
        }
        else{
            return 0;
        }
    }
    return 1;
}

/*@
    requires \valid_read(t);
    requires \valid_read(p);
    requires \valid(t + (0..n - 1));
    requires \valid(p + (0..m - 1));
    requires \separated(&t[0..(n - 1)], &p[0..(m - 1)]);
    requires n > 0;
    requires m > 0;
    assigns \nothing;
    ensures \result == -1 || string_same(t, p, n, m, \result);
*/
int _naive_string_matcher(char* t, char* p, int m, int n) {
    if(n < m){
        return -1;
    }
    // Loop A
    /*@
        loop invariant i_20: 0 <= j < m;

        loop invariant i_21: \forall integer q; 0 <= q < j ==> p[q] == t[match + q];


        loop assigns i;
    */
    for (int i = 0; i < n - m; i++){
        // Loop B
        /*@
            loop invariant i_22: 0 <= j < m;

            loop invariant i_23: \forall integer q; 0 <= q < j ==> p[q] == t[match + q];

            loop invariant i_24: 0 <= i < n - m;

            loop invariant i_25: \forall integer q; 0 <= q < i ==> p[q] == t[match + q];


            loop assigns j;
        */
        for (int j = 0; j < m; j++){
            if(_string_same_judge(t, p, n, m, j) == 1){
                return j;
            }
        }
    }
    return -1;
}
------------------------------------------
Verification failed (Invalid), removing all invariants and retrying.
Verification failed: reached maximum attempts.
---------Result---------
Fail
Model: openPangu-Embedded-7B-V1.1
Running time: 76.30198764801025
Proposal number: 5
Verified code:

------------------------
