-----------Model-----------
Model type:
PanguEmbeddedForCausalLM(
  (model): PanguEmbeddedModel(
    (embed_tokens): Embedding(153376, 4096, padding_idx=0)
    (layers): ModuleList(
      (0-33): 34 x PanguEmbeddedDecoderLayer(
        (self_attn): PanguEmbeddedAttention(
          (q_proj): Linear(in_features=4096, out_features=4096, bias=True)
          (k_proj): Linear(in_features=4096, out_features=1024, bias=True)
          (v_proj): Linear(in_features=4096, out_features=1024, bias=True)
          (o_proj): Linear(in_features=4096, out_features=4096, bias=True)
        )
        (mlp): PanguEmbeddedMLP(
          (gate_proj): Linear(in_features=4096, out_features=12800, bias=False)
          (up_proj): Linear(in_features=4096, out_features=12800, bias=False)
          (down_proj): Linear(in_features=12800, out_features=4096, bias=False)
          (act_fn): SiLU()
        )
        (input_layernorm): PanguEmbeddedRMSNorm((4096,), eps=1e-05)
        (post_attention_layernorm): PanguEmbeddedRMSNorm((4096,), eps=1e-05)
      )
    )
    (norm): PanguEmbeddedRMSNorm((4096,), eps=1e-05)
    (rotary_emb): PanguEmbeddedRotaryEmbedding()
  )
  (lm_head): Linear(in_features=4096, out_features=153376, bias=False)
)
Model device:
npu:1
---------------------------
File Path: ../Benchmark/acsl-algorithms/_prefix_function.c
----------Code----------
/*@
    predicate pre_post(char* s, integer i, integer j) =
        j == 0 || \forall integer k; 0 <= k < j ==> s[k] == s[i - j + 1 + k];
*/

/*@
    predicate pre_post_not(char* s, integer i, integer j) =
        \exists integer k; 0 <= k < j && s[k] != s[i - j + 1 + k];
*/

/*@
    requires \valid_read(s);
    requires \valid(s + (0..i));
    requires 0 < j <= i;
    requires i > 0;
    ensures \result == 1 ==> pre_post(s, i, j);
    ensures \result == 0 ==> pre_post_not(s, i, j);
    assigns \nothing;
*/
int substr(char* s, int i, int j){
    /*@
        loop invariant 0 <= k <= j;
        loop invariant \forall integer p; 0 <= p < k ==> s[p] == s[i - j + 1 + p];
        loop assigns k;
    */
    for(int k = 0; k < j; k++){
        if(s[k] == s[i - j + 1 + k]){
            continue;
        }
        else{
            return 0;
        }
    }
    return 1;
}

/*@
    requires \valid_read(s);
    requires \valid_read(pi);
    requires \valid(s + (0..n - 1));
    requires \valid(pi + (0..n - 1));
    requires \separated(&pi[0..(n - 1)], &s[0..(n - 1)]);
    requires \forall integer k; 0 <= k < n ==> pi[k] == 0;
    requires n > 0;
    assigns pi[0..(n - 1)];
    ensures e_1: \forall integer k; 0 <= k < n ==> pre_post(s, k, pi[k]);
*/
void _prefix_function(char* s, int* pi, int n) {
    /*@
        loop assigns i, pi[1..(n - 1)];
    */
    for (int i = 1; i < n; i++){
        /*@
            loop assigns j, pi[i];
        */
        for (int j = i; j > 0; j--){
            if (substr(s, i, j) == 1) {
                pi[i] = j;
                break;
            }
        }
    }
}
------------------------
========== Attempt 1 ==========
----------Prompt----------

/*@
    predicate pre_post(char* s, integer i, integer j) =
        j == 0 || \forall integer k; 0 <= k < j ==> s[k] == s[i - j + 1 + k];
*/

/*@
    predicate pre_post_not(char* s, integer i, integer j) =
        \exists integer k; 0 <= k < j && s[k] != s[i - j + 1 + k];
*/

/*@
    requires \valid_read(s);
    requires \valid(s + (0..i));
    requires 0 < j <= i;
    requires i > 0;
    ensures \result == 1 ==> pre_post(s, i, j);
    ensures \result == 0 ==> pre_post_not(s, i, j);
    assigns \nothing;
*/
int substr(char* s, int i, int j){
    /*@
        loop invariant 0 <= k <= j;
        loop invariant \forall integer p; 0 <= p < k ==> s[p] == s[i - j + 1 + p];
        loop assigns k;
    */
    for(int k = 0; k < j; k++){
        if(s[k] == s[i - j + 1 + k]){
            continue;
        }
        else{
            return 0;
        }
    }
    return 1;
}

/*@
    requires \valid_read(s);
    requires \valid_read(pi);
    requires \valid(s + (0..n - 1));
    requires \valid(pi + (0..n - 1));
    requires \separated(&pi[0..(n - 1)], &s[0..(n - 1)]);
    requires \forall integer k; 0 <= k < n ==> pi[k] == 0;
    requires n > 0;
    assigns pi[0..(n - 1)];
    ensures e_1: \forall integer k; 0 <= k < n ==> pre_post(s, k, pi[k]);
*/
void _prefix_function(char* s, int* pi, int n) {
    // Loop A
    /*@
        [Hint] Please infer the loop invariant for the following loop.

        loop assigns i, pi[1..(n - 1)];
    */
    for (int i = 1; i < n; i++){
        // Loop B
        /*@
            loop assigns j, pi[i];
        */
        for (int j = i; j > 0; j--){
            if (substr(s, i, j) == 1) {
                pi[i] = j;
                break;
            }
        }
    }
}
You are an expert in program verification, and please generate loop invariant as C annotation comments at the hint location (annotated by "[Hint] Please infer the loop invariant for the following loop.") using ACSL language.
ACSL is a specification language for C programs that conforms to the design by contract paradigm, utilizing Hoare style pre- and postconditions and invariants. Note that the `loop invariant` clause is a condition that is true at the beginning and end of every loop iteration.
Specifically, for the current verification task:
    - Pre-condition: the function's `requires` clauses
    - Post-condition: 
Please verify that the generated loop invariant is consistent with these constraints. If these specific pre- or post-conditions are not provided or empty, please infer the loop invariant strictly based on the program's execution logic and standard correctness.
In order to get a correct answer, You may want to consider both the situation of not entering the loop and the situation of jumping out of the loop. If some of the pre-conditions are also loop invariant, you need to add them to your answer as well.
Use '&&', '||', '==>', '\forall' or '\exists' if necessary. For instance:
```
loop invariant 1 <= x;
loop invariant x == y;
loop invariant 0 < x ==> y <= z;
loop invariant z % 2 == 1 || x == y;
loop invariant z % 2 == 1 && x <= y;
loop invariant \forall integer k;  0 <= k < i ==> max >=  a[k];
loop invariant \exists integer k;  0 <= k < i &&  max == a[k];
loop invariant \forall integer p; 0 <= p < \at(k, End_l) ==> res[p] == \at(res[p], End_l);
```
Your answer should follow the following format:
```
loop invariant ...;
loop invariant ...;
...
```
No explanation. No commentary. Just show me the loop invariant.
 /no_think
--------------------------
----------Response----------
[unused16][unused17][Loop <Loop A>]
loop invariant 0 <= i < n;
loop invariant \forall integer p; 0 <= p < i ==> s[p] == s[i - j + 1 + p];
loop invariant \forall integer k; 0 <= k < j ==> pi[k] == 0;
loop invariant \forall integer k; 0 <= k < i ==> pi[k] == 0;

[Loop <Loop B>]
loop invariant 0 <= j <= i;
loop invariant \forall integer k; 0 <= k < j ==> pi[k] == 0;
loop invariant \forall integer k; 0 <= k < i ==> pi[k] == 0;
----------------------------
----------Prompt----------

/*@
    predicate pre_post(char* s, integer i, integer j) =
        j == 0 || \forall integer k; 0 <= k < j ==> s[k] == s[i - j + 1 + k];
*/

/*@
    predicate pre_post_not(char* s, integer i, integer j) =
        \exists integer k; 0 <= k < j && s[k] != s[i - j + 1 + k];
*/

/*@
    requires \valid_read(s);
    requires \valid(s + (0..i));
    requires 0 < j <= i;
    requires i > 0;
    ensures \result == 1 ==> pre_post(s, i, j);
    ensures \result == 0 ==> pre_post_not(s, i, j);
    assigns \nothing;
*/
int substr(char* s, int i, int j){
    /*@
        loop invariant 0 <= k <= j;
        loop invariant \forall integer p; 0 <= p < k ==> s[p] == s[i - j + 1 + p];
        loop assigns k;
    */
    for(int k = 0; k < j; k++){
        if(s[k] == s[i - j + 1 + k]){
            continue;
        }
        else{
            return 0;
        }
    }
    return 1;
}

/*@
    requires \valid_read(s);
    requires \valid_read(pi);
    requires \valid(s + (0..n - 1));
    requires \valid(pi + (0..n - 1));
    requires \separated(&pi[0..(n - 1)], &s[0..(n - 1)]);
    requires \forall integer k; 0 <= k < n ==> pi[k] == 0;
    requires n > 0;
    assigns pi[0..(n - 1)];
    ensures e_1: \forall integer k; 0 <= k < n ==> pre_post(s, k, pi[k]);
*/
void _prefix_function(char* s, int* pi, int n) {
    // Loop A
    /*@
        loop invariant i_0: 0 <= i < n;

        loop invariant i_1: \forall integer p; 0 <= p < i ==> s[p] == s[i - j + 1 + p];

        loop invariant i_2: \forall integer k; 0 <= k < j ==> pi[k] == 0;

        loop invariant i_3: \forall integer k; 0 <= k < i ==> pi[k] == 0;

        loop invariant i_4: 0 <= j <= i;


        loop assigns i, pi[1..(n - 1)];
    */
    for (int i = 1; i < n; i++){
        // Loop B
        /*@
            [Hint] Please infer the loop invariant for the following loop.

            loop assigns j, pi[i];
        */
        for (int j = i; j > 0; j--){
            if (substr(s, i, j) == 1) {
                pi[i] = j;
                break;
            }
        }
    }
}
You are an expert in program verification, and please generate loop invariant as C annotation comments at the hint location (annotated by "[Hint] Please infer the loop invariant for the following loop.") using ACSL language.
ACSL is a specification language for C programs that conforms to the design by contract paradigm, utilizing Hoare style pre- and postconditions and invariants. Note that the `loop invariant` clause is a condition that is true at the beginning and end of every loop iteration.
Specifically, for the current verification task:
    - Pre-condition: i_0:0 <= i < n; i_1:\forall integer p; 0 <= p < i ==> s[p] == s[i - j + 1 + p]; i_2:\forall integer k; 0 <= k < j ==> pi[k] == 0; i_3:\forall integer k; 0 <= k < i ==> pi[k] == 0; i_4:0 <= j <= i; 
    - Post-condition: i_0:0 <= i < n; i_1:\forall integer p; 0 <= p < i ==> s[p] == s[i - j + 1 + p]; i_2:\forall integer k; 0 <= k < j ==> pi[k] == 0; i_3:\forall integer k; 0 <= k < i ==> pi[k] == 0; i_4:0 <= j <= i; 
Please verify that the generated loop invariant is consistent with these constraints. If these specific pre- or post-conditions are not provided or empty, please infer the loop invariant strictly based on the program's execution logic and standard correctness.
In order to get a correct answer, You may want to consider both the situation of not entering the loop and the situation of jumping out of the loop. If some of the pre-conditions are also loop invariant, you need to add them to your answer as well.
Use '&&', '||', '==>', '\forall' or '\exists' if necessary. For instance:
```
loop invariant 1 <= x;
loop invariant x == y;
loop invariant 0 < x ==> y <= z;
loop invariant z % 2 == 1 || x == y;
loop invariant z % 2 == 1 && x <= y;
loop invariant \forall integer k;  0 <= k < i ==> max >=  a[k];
loop invariant \exists integer k;  0 <= k < i &&  max == a[k];
loop invariant \forall integer p; 0 <= p < \at(k, End_l) ==> res[p] == \at(res[p], End_l);
```
Your answer should follow the following format:
```
loop invariant ...;
loop invariant ...;
...
```
No explanation. No commentary. Just show me the loop invariant.
 /no_think
--------------------------
----------Response----------
[unused16][unused17]loop invariant 0 <= i < n;
loop invariant \forall integer p; 0 <= p < i ==> s[p] == s[i - j + 1 + p];
loop invariant \forall integer k; 0 <= k < j ==> pi[k] == 0;
loop invariant \forall integer k; 0 <= k < i ==> pi[k] == 0;
loop invariant 0 <= j <= i;
loop invariant \forall integer k; 0 <= k < j ==> pi[k] == 0;
loop invariant \forall integer k; 0 <= k < i ==> s[k] == s[i - j + 1 + k];
----------------------------
------------Invariant Info-----------
LOOP A:
i_0: 0 <= i < n
i_1: \forall integer p; 0 <= p < i ==> s[p] == s[i - j + 1 + p]
i_2: \forall integer k; 0 <= k < j ==> pi[k] == 0
i_3: \forall integer k; 0 <= k < i ==> pi[k] == 0
i_4: 0 <= j <= i
LOOP B:
i_5: 0 <= i < n
i_6: \forall integer p; 0 <= p < i ==> s[p] == s[i - j + 1 + p]
i_7: \forall integer k; 0 <= k < j ==> pi[k] == 0
i_8: \forall integer k; 0 <= k < i ==> pi[k] == 0
i_9: 0 <= j <= i
i_10: \forall integer k; 0 <= k < i ==> s[k] == s[i - j + 1 + k]
------------------------------------
---------- Code with Invariants ----------
/*@
    predicate pre_post(char* s, integer i, integer j) =
        j == 0 || \forall integer k; 0 <= k < j ==> s[k] == s[i - j + 1 + k];
*/

/*@
    predicate pre_post_not(char* s, integer i, integer j) =
        \exists integer k; 0 <= k < j && s[k] != s[i - j + 1 + k];
*/

/*@
    requires \valid_read(s);
    requires \valid(s + (0..i));
    requires 0 < j <= i;
    requires i > 0;
    ensures \result == 1 ==> pre_post(s, i, j);
    ensures \result == 0 ==> pre_post_not(s, i, j);
    assigns \nothing;
*/
int substr(char* s, int i, int j){
    /*@
        loop invariant 0 <= k <= j;
        loop invariant \forall integer p; 0 <= p < k ==> s[p] == s[i - j + 1 + p];
        loop assigns k;
    */
    for(int k = 0; k < j; k++){
        if(s[k] == s[i - j + 1 + k]){
            continue;
        }
        else{
            return 0;
        }
    }
    return 1;
}

/*@
    requires \valid_read(s);
    requires \valid_read(pi);
    requires \valid(s + (0..n - 1));
    requires \valid(pi + (0..n - 1));
    requires \separated(&pi[0..(n - 1)], &s[0..(n - 1)]);
    requires \forall integer k; 0 <= k < n ==> pi[k] == 0;
    requires n > 0;
    assigns pi[0..(n - 1)];
    ensures e_1: \forall integer k; 0 <= k < n ==> pre_post(s, k, pi[k]);
*/
void _prefix_function(char* s, int* pi, int n) {
    // Loop A
    /*@
        loop invariant i_0: 0 <= i < n;

        loop invariant i_1: \forall integer p; 0 <= p < i ==> s[p] == s[i - j + 1 + p];

        loop invariant i_2: \forall integer k; 0 <= k < j ==> pi[k] == 0;

        loop invariant i_3: \forall integer k; 0 <= k < i ==> pi[k] == 0;

        loop invariant i_4: 0 <= j <= i;


        loop assigns i, pi[1..(n - 1)];
    */
    for (int i = 1; i < n; i++){
        // Loop B
        /*@
            loop invariant i_5: 0 <= i < n;

            loop invariant i_6: \forall integer p; 0 <= p < i ==> s[p] == s[i - j + 1 + p];

            loop invariant i_7: \forall integer k; 0 <= k < j ==> pi[k] == 0;

            loop invariant i_8: \forall integer k; 0 <= k < i ==> pi[k] == 0;

            loop invariant i_9: 0 <= j <= i;

            loop invariant i_10: \forall integer k; 0 <= k < i ==> s[k] == s[i - j + 1 + k];


            loop assigns j, pi[i];
        */
        for (int j = i; j > 0; j--){
            if (substr(s, i, j) == 1) {
                pi[i] = j;
                break;
            }
        }
    }
}
------------------------------------------
Verification failed (Invalid), removing all invariants and retrying.
========== Attempt 2 ==========
----------Prompt----------

/*@
    predicate pre_post(char* s, integer i, integer j) =
        j == 0 || \forall integer k; 0 <= k < j ==> s[k] == s[i - j + 1 + k];
*/

/*@
    predicate pre_post_not(char* s, integer i, integer j) =
        \exists integer k; 0 <= k < j && s[k] != s[i - j + 1 + k];
*/

/*@
    requires \valid_read(s);
    requires \valid(s + (0..i));
    requires 0 < j <= i;
    requires i > 0;
    ensures \result == 1 ==> pre_post(s, i, j);
    ensures \result == 0 ==> pre_post_not(s, i, j);
    assigns \nothing;
*/
int substr(char* s, int i, int j){
    /*@
        loop invariant 0 <= k <= j;
        loop invariant \forall integer p; 0 <= p < k ==> s[p] == s[i - j + 1 + p];
        loop assigns k;
    */
    for(int k = 0; k < j; k++){
        if(s[k] == s[i - j + 1 + k]){
            continue;
        }
        else{
            return 0;
        }
    }
    return 1;
}

/*@
    requires \valid_read(s);
    requires \valid_read(pi);
    requires \valid(s + (0..n - 1));
    requires \valid(pi + (0..n - 1));
    requires \separated(&pi[0..(n - 1)], &s[0..(n - 1)]);
    requires \forall integer k; 0 <= k < n ==> pi[k] == 0;
    requires n > 0;
    assigns pi[0..(n - 1)];
    ensures e_1: \forall integer k; 0 <= k < n ==> pre_post(s, k, pi[k]);
*/
void _prefix_function(char* s, int* pi, int n) {
    // Loop A
    /*@
        [Hint] Please infer the loop invariant for the following loop.

        loop assigns i, pi[1..(n - 1)];
    */
    for (int i = 1; i < n; i++){
        // Loop B
        /*@
            loop assigns j, pi[i];
        */
        for (int j = i; j > 0; j--){
            if (substr(s, i, j) == 1) {
                pi[i] = j;
                break;
            }
        }
    }
}
You are an expert in program verification, and please generate loop invariant as C annotation comments at the hint location (annotated by "[Hint] Please infer the loop invariant for the following loop.") using ACSL language.
ACSL is a specification language for C programs that conforms to the design by contract paradigm, utilizing Hoare style pre- and postconditions and invariants. Note that the `loop invariant` clause is a condition that is true at the beginning and end of every loop iteration.
Specifically, for the current verification task:
    - Pre-condition: the function's `requires` clauses
    - Post-condition: 
Please verify that the generated loop invariant is consistent with these constraints. If these specific pre- or post-conditions are not provided or empty, please infer the loop invariant strictly based on the program's execution logic and standard correctness.
In order to get a correct answer, You may want to consider both the situation of not entering the loop and the situation of jumping out of the loop. If some of the pre-conditions are also loop invariant, you need to add them to your answer as well.
Use '&&', '||', '==>', '\forall' or '\exists' if necessary. For instance:
```
loop invariant 1 <= x;
loop invariant x == y;
loop invariant 0 < x ==> y <= z;
loop invariant z % 2 == 1 || x == y;
loop invariant z % 2 == 1 && x <= y;
loop invariant \forall integer k;  0 <= k < i ==> max >=  a[k];
loop invariant \exists integer k;  0 <= k < i &&  max == a[k];
loop invariant \forall integer p; 0 <= p < \at(k, End_l) ==> res[p] == \at(res[p], End_l);
```
Your answer should follow the following format:
```
loop invariant ...;
loop invariant ...;
...
```
No explanation. No commentary. Just show me the loop invariant.
 /no_think
--------------------------
----------Response----------
[unused16][unused17][Loop <Loop A>]
loop invariant 0 <= i < n;
loop invariant \forall integer k; 0 <= k < i ==> pi[k] == 0;
loop invariant \forall integer p; 0 <= p < i ==> pi[p] == 0;
loop invariant \forall integer k; 0 <= k < i ==> \forall integer q; \exists integer m; 0 <= m < k && \forall integer r; 0 <= r < m && pi[m] == pi[k];
loop invariant \forall integer k; 0 <= k < i ==> \forall integer q; \exists integer m; 0 <= m < k && \forall integer r; 0 <= r < m && pi[m] == pi[k];
loop invariant \forall integer k; 0 <= k < i ==> \exists integer m; 0 <= m < k && \forall integer r; 0 <= r < m && pi[m] == pi[k];
loop invariant \forall integer k; 0 <= k < i ==> \exists integer m; 0 <= m < k && pi[m] == pi[k];
loop invariant \exists integer k; 0 <= k < i;
loop invariant \exists integer k; 0 <= k < i;

[Loop <Loop B>]  
loop invariant 0 <= j <= i;
loop invariant \forall integer p; 0 <= p < j ==> pi[p] == pi[i];
loop invariant \forall integer p; 0 <= p < j ==> pi[p] == pi[i];
loop invariant \forall integer p; 0 <= p < j ==> \exists integer m; 0 <= m < p && pi[m] == pi[p];
loop invariant \forall integer p; 0 <= p < j ==> \exists integer m; 0 <= m < p && pi[m] == pi[p];
loop invariant \exists integer p; 0 <= p < j;
loop invariant \forall integer k; 0 <= k < j;
loop invariant \forall integer k; 0 <= k < j ==> pi[k] == pi[i];
loop invariant \exists integer k; 0 <= k < j;
loop invariant \exists integer k; 0 <= k < j;
```
----------------------------
----------Prompt----------

/*@
    predicate pre_post(char* s, integer i, integer j) =
        j == 0 || \forall integer k; 0 <= k < j ==> s[k] == s[i - j + 1 + k];
*/

/*@
    predicate pre_post_not(char* s, integer i, integer j) =
        \exists integer k; 0 <= k < j && s[k] != s[i - j + 1 + k];
*/

/*@
    requires \valid_read(s);
    requires \valid(s + (0..i));
    requires 0 < j <= i;
    requires i > 0;
    ensures \result == 1 ==> pre_post(s, i, j);
    ensures \result == 0 ==> pre_post_not(s, i, j);
    assigns \nothing;
*/
int substr(char* s, int i, int j){
    /*@
        loop invariant 0 <= k <= j;
        loop invariant \forall integer p; 0 <= p < k ==> s[p] == s[i - j + 1 + p];
        loop assigns k;
    */
    for(int k = 0; k < j; k++){
        if(s[k] == s[i - j + 1 + k]){
            continue;
        }
        else{
            return 0;
        }
    }
    return 1;
}

/*@
    requires \valid_read(s);
    requires \valid_read(pi);
    requires \valid(s + (0..n - 1));
    requires \valid(pi + (0..n - 1));
    requires \separated(&pi[0..(n - 1)], &s[0..(n - 1)]);
    requires \forall integer k; 0 <= k < n ==> pi[k] == 0;
    requires n > 0;
    assigns pi[0..(n - 1)];
    ensures e_1: \forall integer k; 0 <= k < n ==> pre_post(s, k, pi[k]);
*/
void _prefix_function(char* s, int* pi, int n) {
    // Loop A
    /*@
        loop invariant i_11: 0 <= i < n;

        loop invariant i_12: \forall integer k; 0 <= k < i ==> pi[k] == 0;

        loop invariant i_13: \forall integer p; 0 <= p < i ==> pi[p] == 0;

        loop invariant i_14: \forall integer k; 0 <= k < i ==> \forall integer q; \exists integer m; 0 <= m < k && \forall integer r; 0 <= r < m && pi[m] == pi[k];

        loop invariant i_15: \forall integer k; 0 <= k < i ==> \exists integer m; 0 <= m < k && \forall integer r; 0 <= r < m && pi[m] == pi[k];

        loop invariant i_16: \forall integer k; 0 <= k < i ==> \exists integer m; 0 <= m < k && pi[m] == pi[k];

        loop invariant i_17: \exists integer k; 0 <= k < i;

        loop invariant i_18: 0 <= j <= i;

        loop invariant i_19: \forall integer p; 0 <= p < j ==> pi[p] == pi[i];

        loop invariant i_20: \forall integer p; 0 <= p < j ==> \exists integer m; 0 <= m < p && pi[m] == pi[p];

        loop invariant i_21: \exists integer p; 0 <= p < j;

        loop invariant i_22: \forall integer k; 0 <= k < j;

        loop invariant i_23: \forall integer k; 0 <= k < j ==> pi[k] == pi[i];

        loop invariant i_24: \exists integer k; 0 <= k < j;


        loop assigns i, pi[1..(n - 1)];
    */
    for (int i = 1; i < n; i++){
        // Loop B
        /*@
            [Hint] Please infer the loop invariant for the following loop.

            loop assigns j, pi[i];
        */
        for (int j = i; j > 0; j--){
            if (substr(s, i, j) == 1) {
                pi[i] = j;
                break;
            }
        }
    }
}
You are an expert in program verification, and please generate loop invariant as C annotation comments at the hint location (annotated by "[Hint] Please infer the loop invariant for the following loop.") using ACSL language.
ACSL is a specification language for C programs that conforms to the design by contract paradigm, utilizing Hoare style pre- and postconditions and invariants. Note that the `loop invariant` clause is a condition that is true at the beginning and end of every loop iteration.
Specifically, for the current verification task:
    - Pre-condition: i_11:0 <= i < n; i_12:\forall integer k; 0 <= k < i ==> pi[k] == 0; i_13:\forall integer p; 0 <= p < i ==> pi[p] == 0; i_14:\forall integer k; 0 <= k < i ==> \forall integer q; \exists integer m; 0 <= m < k && \forall integer r; 0 <= r < m && pi[m] == pi[k]; i_15:\forall integer k; 0 <= k < i ==> \exists integer m; 0 <= m < k && \forall integer r; 0 <= r < m && pi[m] == pi[k]; i_16:\forall integer k; 0 <= k < i ==> \exists integer m; 0 <= m < k && pi[m] == pi[k]; i_17:\exists integer k; 0 <= k < i; i_18:0 <= j <= i; i_19:\forall integer p; 0 <= p < j ==> pi[p] == pi[i]; i_20:\forall integer p; 0 <= p < j ==> \exists integer m; 0 <= m < p && pi[m] == pi[p]; i_21:\exists integer p; 0 <= p < j; i_22:\forall integer k; 0 <= k < j; i_23:\forall integer k; 0 <= k < j ==> pi[k] == pi[i]; i_24:\exists integer k; 0 <= k < j; 
    - Post-condition: i_11:0 <= i < n; i_12:\forall integer k; 0 <= k < i ==> pi[k] == 0; i_13:\forall integer p; 0 <= p < i ==> pi[p] == 0; i_14:\forall integer k; 0 <= k < i ==> \forall integer q; \exists integer m; 0 <= m < k && \forall integer r; 0 <= r < m && pi[m] == pi[k]; i_15:\forall integer k; 0 <= k < i ==> \exists integer m; 0 <= m < k && \forall integer r; 0 <= r < m && pi[m] == pi[k]; i_16:\forall integer k; 0 <= k < i ==> \exists integer m; 0 <= m < k && pi[m] == pi[k]; i_17:\exists integer k; 0 <= k < i; i_18:0 <= j <= i; i_19:\forall integer p; 0 <= p < j ==> pi[p] == pi[i]; i_20:\forall integer p; 0 <= p < j ==> \exists integer m; 0 <= m < p && pi[m] == pi[p]; i_21:\exists integer p; 0 <= p < j; i_22:\forall integer k; 0 <= k < j; i_23:\forall integer k; 0 <= k < j ==> pi[k] == pi[i]; i_24:\exists integer k; 0 <= k < j; 
Please verify that the generated loop invariant is consistent with these constraints. If these specific pre- or post-conditions are not provided or empty, please infer the loop invariant strictly based on the program's execution logic and standard correctness.
In order to get a correct answer, You may want to consider both the situation of not entering the loop and the situation of jumping out of the loop. If some of the pre-conditions are also loop invariant, you need to add them to your answer as well.
Use '&&', '||', '==>', '\forall' or '\exists' if necessary. For instance:
```
loop invariant 1 <= x;
loop invariant x == y;
loop invariant 0 < x ==> y <= z;
loop invariant z % 2 == 1 || x == y;
loop invariant z % 2 == 1 && x <= y;
loop invariant \forall integer k;  0 <= k < i ==> max >=  a[k];
loop invariant \exists integer k;  0 <= k < i &&  max == a[k];
loop invariant \forall integer p; 0 <= p < \at(k, End_l) ==> res[p] == \at(res[p], End_l);
```
Your answer should follow the following format:
```
loop invariant ...;
loop invariant ...;
...
```
No explanation. No commentary. Just show me the loop invariant.
 /no_think
--------------------------
----------Response----------
[unused16][unused17][Loop <Loop B>]
loop invariant j <= i;

[Loop <Loop A>]
loop invariant 0 <= i < n;

loop invariant \forall integer k; 0 <= k < i ==> pi[k] == 0;

loop invariant \forall integer p; 0 <= p < i ==> pi[p] == 0;

loop invariant \forall integer k; 0 <= k < i ==> \forall integer q; \exists integer m; 0 <= m < k && \forall integer r; 0 <= r < m && pi[m] == pi[k];

loop invariant \forall integer k; 0 <= k < i ==> \exists integer m; 0 <= m < k && \forall integer r; 0 <= r < m && pi[m] == pi[k];

loop invariant \exists integer k; 0 <= k < i;

loop invariant 0 <= j <= i;

loop invariant \forall integer p; 0 <= p < j ==> pi[p] == pi[i];

loop invariant \forall integer p; 0 <= p < j ==> \exists integer m; 0 <= m < p && pi[m] == pi[p];

loop invariant \exists integer p; 0 <= p < j;

loop invariant \forall integer k; 0 <= k < j ==> pi[k] == pi[i];

loop invariant \exists integer k; 0 <= k < j;
----------------------------
------------Invariant Info-----------
LOOP A:
i_11: 0 <= i < n
i_12: \forall integer k; 0 <= k < i ==> pi[k] == 0
i_13: \forall integer p; 0 <= p < i ==> pi[p] == 0
i_14: \forall integer k; 0 <= k < i ==> \forall integer q; \exists integer m; 0 <= m < k && \forall integer r; 0 <= r < m && pi[m] == pi[k]
i_15: \forall integer k; 0 <= k < i ==> \exists integer m; 0 <= m < k && \forall integer r; 0 <= r < m && pi[m] == pi[k]
i_16: \forall integer k; 0 <= k < i ==> \exists integer m; 0 <= m < k && pi[m] == pi[k]
i_17: \exists integer k; 0 <= k < i
i_18: 0 <= j <= i
i_19: \forall integer p; 0 <= p < j ==> pi[p] == pi[i]
i_20: \forall integer p; 0 <= p < j ==> \exists integer m; 0 <= m < p && pi[m] == pi[p]
i_21: \exists integer p; 0 <= p < j
i_22: \forall integer k; 0 <= k < j
i_23: \forall integer k; 0 <= k < j ==> pi[k] == pi[i]
i_24: \exists integer k; 0 <= k < j
LOOP B:
i_25: j <= i
i_26: 0 <= i < n
i_27: \forall integer k; 0 <= k < i ==> pi[k] == 0
i_28: \forall integer p; 0 <= p < i ==> pi[p] == 0
i_29: \forall integer k; 0 <= k < i ==> \forall integer q; \exists integer m; 0 <= m < k && \forall integer r; 0 <= r < m && pi[m] == pi[k]
i_30: \forall integer k; 0 <= k < i ==> \exists integer m; 0 <= m < k && \forall integer r; 0 <= r < m && pi[m] == pi[k]
i_31: \exists integer k; 0 <= k < i
i_32: 0 <= j <= i
i_33: \forall integer p; 0 <= p < j ==> pi[p] == pi[i]
i_34: \forall integer p; 0 <= p < j ==> \exists integer m; 0 <= m < p && pi[m] == pi[p]
i_35: \exists integer p; 0 <= p < j
i_36: \forall integer k; 0 <= k < j ==> pi[k] == pi[i]
i_37: \exists integer k; 0 <= k < j
------------------------------------
---------- Code with Invariants ----------
/*@
    predicate pre_post(char* s, integer i, integer j) =
        j == 0 || \forall integer k; 0 <= k < j ==> s[k] == s[i - j + 1 + k];
*/

/*@
    predicate pre_post_not(char* s, integer i, integer j) =
        \exists integer k; 0 <= k < j && s[k] != s[i - j + 1 + k];
*/

/*@
    requires \valid_read(s);
    requires \valid(s + (0..i));
    requires 0 < j <= i;
    requires i > 0;
    ensures \result == 1 ==> pre_post(s, i, j);
    ensures \result == 0 ==> pre_post_not(s, i, j);
    assigns \nothing;
*/
int substr(char* s, int i, int j){
    /*@
        loop invariant 0 <= k <= j;
        loop invariant \forall integer p; 0 <= p < k ==> s[p] == s[i - j + 1 + p];
        loop assigns k;
    */
    for(int k = 0; k < j; k++){
        if(s[k] == s[i - j + 1 + k]){
            continue;
        }
        else{
            return 0;
        }
    }
    return 1;
}

/*@
    requires \valid_read(s);
    requires \valid_read(pi);
    requires \valid(s + (0..n - 1));
    requires \valid(pi + (0..n - 1));
    requires \separated(&pi[0..(n - 1)], &s[0..(n - 1)]);
    requires \forall integer k; 0 <= k < n ==> pi[k] == 0;
    requires n > 0;
    assigns pi[0..(n - 1)];
    ensures e_1: \forall integer k; 0 <= k < n ==> pre_post(s, k, pi[k]);
*/
void _prefix_function(char* s, int* pi, int n) {
    // Loop A
    /*@
        loop invariant i_11: 0 <= i < n;

        loop invariant i_12: \forall integer k; 0 <= k < i ==> pi[k] == 0;

        loop invariant i_13: \forall integer p; 0 <= p < i ==> pi[p] == 0;

        loop invariant i_14: \forall integer k; 0 <= k < i ==> \forall integer q; \exists integer m; 0 <= m < k && \forall integer r; 0 <= r < m && pi[m] == pi[k];

        loop invariant i_15: \forall integer k; 0 <= k < i ==> \exists integer m; 0 <= m < k && \forall integer r; 0 <= r < m && pi[m] == pi[k];

        loop invariant i_16: \forall integer k; 0 <= k < i ==> \exists integer m; 0 <= m < k && pi[m] == pi[k];

        loop invariant i_17: \exists integer k; 0 <= k < i;

        loop invariant i_18: 0 <= j <= i;

        loop invariant i_19: \forall integer p; 0 <= p < j ==> pi[p] == pi[i];

        loop invariant i_20: \forall integer p; 0 <= p < j ==> \exists integer m; 0 <= m < p && pi[m] == pi[p];

        loop invariant i_21: \exists integer p; 0 <= p < j;

        loop invariant i_22: \forall integer k; 0 <= k < j;

        loop invariant i_23: \forall integer k; 0 <= k < j ==> pi[k] == pi[i];

        loop invariant i_24: \exists integer k; 0 <= k < j;


        loop assigns i, pi[1..(n - 1)];
    */
    for (int i = 1; i < n; i++){
        // Loop B
        /*@
            loop invariant i_25: j <= i;

            loop invariant i_26: 0 <= i < n;

            loop invariant i_27: \forall integer k; 0 <= k < i ==> pi[k] == 0;

            loop invariant i_28: \forall integer p; 0 <= p < i ==> pi[p] == 0;

            loop invariant i_29: \forall integer k; 0 <= k < i ==> \forall integer q; \exists integer m; 0 <= m < k && \forall integer r; 0 <= r < m && pi[m] == pi[k];

            loop invariant i_30: \forall integer k; 0 <= k < i ==> \exists integer m; 0 <= m < k && \forall integer r; 0 <= r < m && pi[m] == pi[k];

            loop invariant i_31: \exists integer k; 0 <= k < i;

            loop invariant i_32: 0 <= j <= i;

            loop invariant i_33: \forall integer p; 0 <= p < j ==> pi[p] == pi[i];

            loop invariant i_34: \forall integer p; 0 <= p < j ==> \exists integer m; 0 <= m < p && pi[m] == pi[p];

            loop invariant i_35: \exists integer p; 0 <= p < j;

            loop invariant i_36: \forall integer k; 0 <= k < j ==> pi[k] == pi[i];

            loop invariant i_37: \exists integer k; 0 <= k < j;


            loop assigns j, pi[i];
        */
        for (int j = i; j > 0; j--){
            if (substr(s, i, j) == 1) {
                pi[i] = j;
                break;
            }
        }
    }
}
------------------------------------------
Verification failed (Invalid), removing all invariants and retrying.
========== Attempt 3 ==========
----------Prompt----------

/*@
    predicate pre_post(char* s, integer i, integer j) =
        j == 0 || \forall integer k; 0 <= k < j ==> s[k] == s[i - j + 1 + k];
*/

/*@
    predicate pre_post_not(char* s, integer i, integer j) =
        \exists integer k; 0 <= k < j && s[k] != s[i - j + 1 + k];
*/

/*@
    requires \valid_read(s);
    requires \valid(s + (0..i));
    requires 0 < j <= i;
    requires i > 0;
    ensures \result == 1 ==> pre_post(s, i, j);
    ensures \result == 0 ==> pre_post_not(s, i, j);
    assigns \nothing;
*/
int substr(char* s, int i, int j){
    /*@
        loop invariant 0 <= k <= j;
        loop invariant \forall integer p; 0 <= p < k ==> s[p] == s[i - j + 1 + p];
        loop assigns k;
    */
    for(int k = 0; k < j; k++){
        if(s[k] == s[i - j + 1 + k]){
            continue;
        }
        else{
            return 0;
        }
    }
    return 1;
}

/*@
    requires \valid_read(s);
    requires \valid_read(pi);
    requires \valid(s + (0..n - 1));
    requires \valid(pi + (0..n - 1));
    requires \separated(&pi[0..(n - 1)], &s[0..(n - 1)]);
    requires \forall integer k; 0 <= k < n ==> pi[k] == 0;
    requires n > 0;
    assigns pi[0..(n - 1)];
    ensures e_1: \forall integer k; 0 <= k < n ==> pre_post(s, k, pi[k]);
*/
void _prefix_function(char* s, int* pi, int n) {
    // Loop A
    /*@
        [Hint] Please infer the loop invariant for the following loop.

        loop assigns i, pi[1..(n - 1)];
    */
    for (int i = 1; i < n; i++){
        // Loop B
        /*@
            loop assigns j, pi[i];
        */
        for (int j = i; j > 0; j--){
            if (substr(s, i, j) == 1) {
                pi[i] = j;
                break;
            }
        }
    }
}
You are an expert in program verification, and please generate loop invariant as C annotation comments at the hint location (annotated by "[Hint] Please infer the loop invariant for the following loop.") using ACSL language.
ACSL is a specification language for C programs that conforms to the design by contract paradigm, utilizing Hoare style pre- and postconditions and invariants. Note that the `loop invariant` clause is a condition that is true at the beginning and end of every loop iteration.
Specifically, for the current verification task:
    - Pre-condition: the function's `requires` clauses
    - Post-condition: 
Please verify that the generated loop invariant is consistent with these constraints. If these specific pre- or post-conditions are not provided or empty, please infer the loop invariant strictly based on the program's execution logic and standard correctness.
In order to get a correct answer, You may want to consider both the situation of not entering the loop and the situation of jumping out of the loop. If some of the pre-conditions are also loop invariant, you need to add them to your answer as well.
Use '&&', '||', '==>', '\forall' or '\exists' if necessary. For instance:
```
loop invariant 1 <= x;
loop invariant x == y;
loop invariant 0 < x ==> y <= z;
loop invariant z % 2 == 1 || x == y;
loop invariant z % 2 == 1 && x <= y;
loop invariant \forall integer k;  0 <= k < i ==> max >=  a[k];
loop invariant \exists integer k;  0 <= k < i &&  max == a[k];
loop invariant \forall integer p; 0 <= p < \at(k, End_l) ==> res[p] == \at(res[p], End_l);
```
Your answer should follow the following format:
```
loop invariant ...;
loop invariant ...;
...
```
No explanation. No commentary. Just show me the loop invariant.
 /no_think
--------------------------
----------Response----------
[unused16][unused17]loop invariant 0 <= i < n;
loop invariant \forall integer p; 0 <= p < i ==> s[p] == s[i - j + 1 + p];
loop invariant \forall integer k; 0 <= k < \at(i, End_l) ==> pi[k] == 0;
loop invariant \forall integer k; 0 <= k < n ==> pi[k] == 0;
loop invariant \forall integer k; 0 <= k < n && pi[k] == 0 ==> \at(pi[k], End_l) is false;
```
loop invariant 0 <= i < n;
loop invariant \forall integer p; 0 <= p < i ==> s[p] == s[i - j + 1 + p];
loop invariant \forall integer k; 0 <= k < \at(i, End_l) ==> pi[k] == 0;
loop invariant \forall integer k; 0 <= k < n ==> pi[k] == 0;
loop invariant \forall integer k; 0 <= k < n && pi[k] == 0 ==> \at(pi[k], End_l) is false;
```
----------------------------
----------Prompt----------

/*@
    predicate pre_post(char* s, integer i, integer j) =
        j == 0 || \forall integer k; 0 <= k < j ==> s[k] == s[i - j + 1 + k];
*/

/*@
    predicate pre_post_not(char* s, integer i, integer j) =
        \exists integer k; 0 <= k < j && s[k] != s[i - j + 1 + k];
*/

/*@
    requires \valid_read(s);
    requires \valid(s + (0..i));
    requires 0 < j <= i;
    requires i > 0;
    ensures \result == 1 ==> pre_post(s, i, j);
    ensures \result == 0 ==> pre_post_not(s, i, j);
    assigns \nothing;
*/
int substr(char* s, int i, int j){
    /*@
        loop invariant 0 <= k <= j;
        loop invariant \forall integer p; 0 <= p < k ==> s[p] == s[i - j + 1 + p];
        loop assigns k;
    */
    for(int k = 0; k < j; k++){
        if(s[k] == s[i - j + 1 + k]){
            continue;
        }
        else{
            return 0;
        }
    }
    return 1;
}

/*@
    requires \valid_read(s);
    requires \valid_read(pi);
    requires \valid(s + (0..n - 1));
    requires \valid(pi + (0..n - 1));
    requires \separated(&pi[0..(n - 1)], &s[0..(n - 1)]);
    requires \forall integer k; 0 <= k < n ==> pi[k] == 0;
    requires n > 0;
    assigns pi[0..(n - 1)];
    ensures e_1: \forall integer k; 0 <= k < n ==> pre_post(s, k, pi[k]);
*/
void _prefix_function(char* s, int* pi, int n) {
    // Loop A
    /*@
        loop invariant i_38: 0 <= i < n;

        loop invariant i_39: \forall integer p; 0 <= p < i ==> s[p] == s[i - j + 1 + p];

        loop invariant i_40: \forall integer k; 0 <= k < \at(i, End_l) ==> pi[k] == 0;

        loop invariant i_41: \forall integer k; 0 <= k < n ==> pi[k] == 0;

        loop invariant i_42: \forall integer k; 0 <= k < n && pi[k] == 0 ==> \at(pi[k], End_l) is false;


        loop assigns i, pi[1..(n - 1)];
    */
    for (int i = 1; i < n; i++){
        // Loop B
        /*@
            [Hint] Please infer the loop invariant for the following loop.

            loop assigns j, pi[i];
        */
        for (int j = i; j > 0; j--){
            if (substr(s, i, j) == 1) {
                pi[i] = j;
                break;
            }
        }
    }
}
You are an expert in program verification, and please generate loop invariant as C annotation comments at the hint location (annotated by "[Hint] Please infer the loop invariant for the following loop.") using ACSL language.
ACSL is a specification language for C programs that conforms to the design by contract paradigm, utilizing Hoare style pre- and postconditions and invariants. Note that the `loop invariant` clause is a condition that is true at the beginning and end of every loop iteration.
Specifically, for the current verification task:
    - Pre-condition: i_38:0 <= i < n; i_39:\forall integer p; 0 <= p < i ==> s[p] == s[i - j + 1 + p]; i_40:\forall integer k; 0 <= k < \at(i, End_l) ==> pi[k] == 0; i_41:\forall integer k; 0 <= k < n ==> pi[k] == 0; i_42:\forall integer k; 0 <= k < n && pi[k] == 0 ==> \at(pi[k], End_l) is false; 
    - Post-condition: i_38:0 <= i < n; i_39:\forall integer p; 0 <= p < i ==> s[p] == s[i - j + 1 + p]; i_40:\forall integer k; 0 <= k < \at(i, End_l) ==> pi[k] == 0; i_41:\forall integer k; 0 <= k < n ==> pi[k] == 0; i_42:\forall integer k; 0 <= k < n && pi[k] == 0 ==> \at(pi[k], End_l) is false; 
Please verify that the generated loop invariant is consistent with these constraints. If these specific pre- or post-conditions are not provided or empty, please infer the loop invariant strictly based on the program's execution logic and standard correctness.
In order to get a correct answer, You may want to consider both the situation of not entering the loop and the situation of jumping out of the loop. If some of the pre-conditions are also loop invariant, you need to add them to your answer as well.
Use '&&', '||', '==>', '\forall' or '\exists' if necessary. For instance:
```
loop invariant 1 <= x;
loop invariant x == y;
loop invariant 0 < x ==> y <= z;
loop invariant z % 2 == 1 || x == y;
loop invariant z % 2 == 1 && x <= y;
loop invariant \forall integer k;  0 <= k < i ==> max >=  a[k];
loop invariant \exists integer k;  0 <= k < i &&  max == a[k];
loop invariant \forall integer p; 0 <= p < \at(k, End_l) ==> res[p] == \at(res[p], End_l);
```
Your answer should follow the following format:
```
loop invariant ...;
loop invariant ...;
...
```
No explanation. No commentary. Just show me the loop invariant.
 /no_think
--------------------------
----------Response----------
[unused16][unused17]```
loop invariant i_38: 0 <= i < n;
loop invariant i_39: \forall integer p; 0 <= p < i ==> s[p] == s[i - j + 1 + p];
loop invariant i_40: \forall integer k; 0 <= k < \at(i, End_l) ==> pi[k] == 0;
loop invariant i_41: \forall integer k; 0 <= k < n ==> pi[k] == 0;
loop invariant i_42: \forall integer k; 0 <= k < n && pi[k] == 0 ==> \at(pi[k], End_l) is false;
```
----------------------------
------------Invariant Info-----------
LOOP A:
i_38: 0 <= i < n
i_39: \forall integer p; 0 <= p < i ==> s[p] == s[i - j + 1 + p]
i_40: \forall integer k; 0 <= k < \at(i, End_l) ==> pi[k] == 0
i_41: \forall integer k; 0 <= k < n ==> pi[k] == 0
i_42: \forall integer k; 0 <= k < n && pi[k] == 0 ==> \at(pi[k], End_l) is false
LOOP B:
i_43: 0 <= i < n
i_44: \forall integer p; 0 <= p < i ==> s[p] == s[i - j + 1 + p]
i_45: \forall integer k; 0 <= k < \at(i, End_l) ==> pi[k] == 0
i_46: \forall integer k; 0 <= k < n ==> pi[k] == 0
i_47: \forall integer k; 0 <= k < n && pi[k] == 0 ==> \at(pi[k], End_l) is false
------------------------------------
---------- Code with Invariants ----------
/*@
    predicate pre_post(char* s, integer i, integer j) =
        j == 0 || \forall integer k; 0 <= k < j ==> s[k] == s[i - j + 1 + k];
*/

/*@
    predicate pre_post_not(char* s, integer i, integer j) =
        \exists integer k; 0 <= k < j && s[k] != s[i - j + 1 + k];
*/

/*@
    requires \valid_read(s);
    requires \valid(s + (0..i));
    requires 0 < j <= i;
    requires i > 0;
    ensures \result == 1 ==> pre_post(s, i, j);
    ensures \result == 0 ==> pre_post_not(s, i, j);
    assigns \nothing;
*/
int substr(char* s, int i, int j){
    /*@
        loop invariant 0 <= k <= j;
        loop invariant \forall integer p; 0 <= p < k ==> s[p] == s[i - j + 1 + p];
        loop assigns k;
    */
    for(int k = 0; k < j; k++){
        if(s[k] == s[i - j + 1 + k]){
            continue;
        }
        else{
            return 0;
        }
    }
    return 1;
}

/*@
    requires \valid_read(s);
    requires \valid_read(pi);
    requires \valid(s + (0..n - 1));
    requires \valid(pi + (0..n - 1));
    requires \separated(&pi[0..(n - 1)], &s[0..(n - 1)]);
    requires \forall integer k; 0 <= k < n ==> pi[k] == 0;
    requires n > 0;
    assigns pi[0..(n - 1)];
    ensures e_1: \forall integer k; 0 <= k < n ==> pre_post(s, k, pi[k]);
*/
void _prefix_function(char* s, int* pi, int n) {
    // Loop A
    /*@
        loop invariant i_38: 0 <= i < n;

        loop invariant i_39: \forall integer p; 0 <= p < i ==> s[p] == s[i - j + 1 + p];

        loop invariant i_40: \forall integer k; 0 <= k < \at(i, End_l) ==> pi[k] == 0;

        loop invariant i_41: \forall integer k; 0 <= k < n ==> pi[k] == 0;

        loop invariant i_42: \forall integer k; 0 <= k < n && pi[k] == 0 ==> \at(pi[k], End_l) is false;


        loop assigns i, pi[1..(n - 1)];
    */
    for (int i = 1; i < n; i++){
        // Loop B
        /*@
            loop invariant i_43: 0 <= i < n;

            loop invariant i_44: \forall integer p; 0 <= p < i ==> s[p] == s[i - j + 1 + p];

            loop invariant i_45: \forall integer k; 0 <= k < \at(i, End_l) ==> pi[k] == 0;

            loop invariant i_46: \forall integer k; 0 <= k < n ==> pi[k] == 0;

            loop invariant i_47: \forall integer k; 0 <= k < n && pi[k] == 0 ==> \at(pi[k], End_l) is false;


            loop assigns j, pi[i];
        */
        for (int j = i; j > 0; j--){
            if (substr(s, i, j) == 1) {
                pi[i] = j;
                break;
            }
        }
    }
}
------------------------------------------
Verification failed (Invalid), removing all invariants and retrying.
========== Attempt 4 ==========
----------Prompt----------

/*@
    predicate pre_post(char* s, integer i, integer j) =
        j == 0 || \forall integer k; 0 <= k < j ==> s[k] == s[i - j + 1 + k];
*/

/*@
    predicate pre_post_not(char* s, integer i, integer j) =
        \exists integer k; 0 <= k < j && s[k] != s[i - j + 1 + k];
*/

/*@
    requires \valid_read(s);
    requires \valid(s + (0..i));
    requires 0 < j <= i;
    requires i > 0;
    ensures \result == 1 ==> pre_post(s, i, j);
    ensures \result == 0 ==> pre_post_not(s, i, j);
    assigns \nothing;
*/
int substr(char* s, int i, int j){
    /*@
        loop invariant 0 <= k <= j;
        loop invariant \forall integer p; 0 <= p < k ==> s[p] == s[i - j + 1 + p];
        loop assigns k;
    */
    for(int k = 0; k < j; k++){
        if(s[k] == s[i - j + 1 + k]){
            continue;
        }
        else{
            return 0;
        }
    }
    return 1;
}

/*@
    requires \valid_read(s);
    requires \valid_read(pi);
    requires \valid(s + (0..n - 1));
    requires \valid(pi + (0..n - 1));
    requires \separated(&pi[0..(n - 1)], &s[0..(n - 1)]);
    requires \forall integer k; 0 <= k < n ==> pi[k] == 0;
    requires n > 0;
    assigns pi[0..(n - 1)];
    ensures e_1: \forall integer k; 0 <= k < n ==> pre_post(s, k, pi[k]);
*/
void _prefix_function(char* s, int* pi, int n) {
    // Loop A
    /*@
        [Hint] Please infer the loop invariant for the following loop.

        loop assigns i, pi[1..(n - 1)];
    */
    for (int i = 1; i < n; i++){
        // Loop B
        /*@
            loop assigns j, pi[i];
        */
        for (int j = i; j > 0; j--){
            if (substr(s, i, j) == 1) {
                pi[i] = j;
                break;
            }
        }
    }
}
You are an expert in program verification, and please generate loop invariant as C annotation comments at the hint location (annotated by "[Hint] Please infer the loop invariant for the following loop.") using ACSL language.
ACSL is a specification language for C programs that conforms to the design by contract paradigm, utilizing Hoare style pre- and postconditions and invariants. Note that the `loop invariant` clause is a condition that is true at the beginning and end of every loop iteration.
Specifically, for the current verification task:
    - Pre-condition: the function's `requires` clauses
    - Post-condition: 
Please verify that the generated loop invariant is consistent with these constraints. If these specific pre- or post-conditions are not provided or empty, please infer the loop invariant strictly based on the program's execution logic and standard correctness.
In order to get a correct answer, You may want to consider both the situation of not entering the loop and the situation of jumping out of the loop. If some of the pre-conditions are also loop invariant, you need to add them to your answer as well.
Use '&&', '||', '==>', '\forall' or '\exists' if necessary. For instance:
```
loop invariant 1 <= x;
loop invariant x == y;
loop invariant 0 < x ==> y <= z;
loop invariant z % 2 == 1 || x == y;
loop invariant z % 2 == 1 && x <= y;
loop invariant \forall integer k;  0 <= k < i ==> max >=  a[k];
loop invariant \exists integer k;  0 <= k < i &&  max == a[k];
loop invariant \forall integer p; 0 <= p < \at(k, End_l) ==> res[p] == \at(res[p], End_l);
```
Your answer should follow the following format:
```
loop invariant ...;
loop invariant ...;
...
```
No explanation. No commentary. Just show me the loop invariant.
 /no_think
--------------------------
----------Response----------
[unused16][unused17][Loop <LOOP A>]
loop invariant 0 <= i < n;
loop invariant \forall integer k; 0 <= k < i ==> \at(s[k], End_r) == 1;
loop invariant \forall integer p; 0 <= p < j ==> \at(s[i - j + 1 + p], End_r) == 1;

[Loop <LOOP B>]
loop invariant 0 <= p < j;
```

```
[Loop <LOOP B>]
loop invariant \forall integer k; 0 <= k < j ==> \at(s[k], End_r) == 1;
```
----------------------------
----------Prompt----------

/*@
    predicate pre_post(char* s, integer i, integer j) =
        j == 0 || \forall integer k; 0 <= k < j ==> s[k] == s[i - j + 1 + k];
*/

/*@
    predicate pre_post_not(char* s, integer i, integer j) =
        \exists integer k; 0 <= k < j && s[k] != s[i - j + 1 + k];
*/

/*@
    requires \valid_read(s);
    requires \valid(s + (0..i));
    requires 0 < j <= i;
    requires i > 0;
    ensures \result == 1 ==> pre_post(s, i, j);
    ensures \result == 0 ==> pre_post_not(s, i, j);
    assigns \nothing;
*/
int substr(char* s, int i, int j){
    /*@
        loop invariant 0 <= k <= j;
        loop invariant \forall integer p; 0 <= p < k ==> s[p] == s[i - j + 1 + p];
        loop assigns k;
    */
    for(int k = 0; k < j; k++){
        if(s[k] == s[i - j + 1 + k]){
            continue;
        }
        else{
            return 0;
        }
    }
    return 1;
}

/*@
    requires \valid_read(s);
    requires \valid_read(pi);
    requires \valid(s + (0..n - 1));
    requires \valid(pi + (0..n - 1));
    requires \separated(&pi[0..(n - 1)], &s[0..(n - 1)]);
    requires \forall integer k; 0 <= k < n ==> pi[k] == 0;
    requires n > 0;
    assigns pi[0..(n - 1)];
    ensures e_1: \forall integer k; 0 <= k < n ==> pre_post(s, k, pi[k]);
*/
void _prefix_function(char* s, int* pi, int n) {
    // Loop A
    /*@
        loop invariant i_48: 0 <= i < n;

        loop invariant i_49: \forall integer k; 0 <= k < i ==> \at(s[k], End_r) == 1;

        loop invariant i_50: \forall integer p; 0 <= p < j ==> \at(s[i - j + 1 + p], End_r) == 1;

        loop invariant i_51: 0 <= p < j;

        loop invariant i_52: \forall integer k; 0 <= k < j ==> \at(s[k], End_r) == 1;


        loop assigns i, pi[1..(n - 1)];
    */
    for (int i = 1; i < n; i++){
        // Loop B
        /*@
            [Hint] Please infer the loop invariant for the following loop.

            loop assigns j, pi[i];
        */
        for (int j = i; j > 0; j--){
            if (substr(s, i, j) == 1) {
                pi[i] = j;
                break;
            }
        }
    }
}
You are an expert in program verification, and please generate loop invariant as C annotation comments at the hint location (annotated by "[Hint] Please infer the loop invariant for the following loop.") using ACSL language.
ACSL is a specification language for C programs that conforms to the design by contract paradigm, utilizing Hoare style pre- and postconditions and invariants. Note that the `loop invariant` clause is a condition that is true at the beginning and end of every loop iteration.
Specifically, for the current verification task:
    - Pre-condition: i_48:0 <= i < n; i_49:\forall integer k; 0 <= k < i ==> \at(s[k], End_r) == 1; i_50:\forall integer p; 0 <= p < j ==> \at(s[i - j + 1 + p], End_r) == 1; i_51:0 <= p < j; i_52:\forall integer k; 0 <= k < j ==> \at(s[k], End_r) == 1; 
    - Post-condition: i_48:0 <= i < n; i_49:\forall integer k; 0 <= k < i ==> \at(s[k], End_r) == 1; i_50:\forall integer p; 0 <= p < j ==> \at(s[i - j + 1 + p], End_r) == 1; i_51:0 <= p < j; i_52:\forall integer k; 0 <= k < j ==> \at(s[k], End_r) == 1; 
Please verify that the generated loop invariant is consistent with these constraints. If these specific pre- or post-conditions are not provided or empty, please infer the loop invariant strictly based on the program's execution logic and standard correctness.
In order to get a correct answer, You may want to consider both the situation of not entering the loop and the situation of jumping out of the loop. If some of the pre-conditions are also loop invariant, you need to add them to your answer as well.
Use '&&', '||', '==>', '\forall' or '\exists' if necessary. For instance:
```
loop invariant 1 <= x;
loop invariant x == y;
loop invariant 0 < x ==> y <= z;
loop invariant z % 2 == 1 || x == y;
loop invariant z % 2 == 1 && x <= y;
loop invariant \forall integer k;  0 <= k < i ==> max >=  a[k];
loop invariant \exists integer k;  0 <= k < i &&  max == a[k];
loop invariant \forall integer p; 0 <= p < \at(k, End_l) ==> res[p] == \at(res[p], End_l);
```
Your answer should follow the following format:
```
loop invariant ...;
loop invariant ...;
...
```
No explanation. No commentary. Just show me the loop invariant.
 /no_think
--------------------------
----------Response----------
[unused16][unused17]```
loop invariant 0 <= i < n;
loop invariant \forall integer k; 0 <= k < i ==> \at(s[k], End_r) == 1;
loop invariant \forall integer p; 0 <= p < j ==> \at(s[i - j + 1 + p], End_r) == 1;
loop invariant 0 <= p < j;
loop invariant \forall integer k; 0 <= k < j ==> \at(s[k], End_r) == 1;
```
----------------------------
------------Invariant Info-----------
LOOP A:
i_48: 0 <= i < n
i_49: \forall integer k; 0 <= k < i ==> \at(s[k], End_r) == 1
i_50: \forall integer p; 0 <= p < j ==> \at(s[i - j + 1 + p], End_r) == 1
i_51: 0 <= p < j
i_52: \forall integer k; 0 <= k < j ==> \at(s[k], End_r) == 1
LOOP B:
i_53: 0 <= i < n
i_54: \forall integer k; 0 <= k < i ==> \at(s[k], End_r) == 1
i_55: \forall integer p; 0 <= p < j ==> \at(s[i - j + 1 + p], End_r) == 1
i_56: 0 <= p < j
i_57: \forall integer k; 0 <= k < j ==> \at(s[k], End_r) == 1
------------------------------------
---------- Code with Invariants ----------
/*@
    predicate pre_post(char* s, integer i, integer j) =
        j == 0 || \forall integer k; 0 <= k < j ==> s[k] == s[i - j + 1 + k];
*/

/*@
    predicate pre_post_not(char* s, integer i, integer j) =
        \exists integer k; 0 <= k < j && s[k] != s[i - j + 1 + k];
*/

/*@
    requires \valid_read(s);
    requires \valid(s + (0..i));
    requires 0 < j <= i;
    requires i > 0;
    ensures \result == 1 ==> pre_post(s, i, j);
    ensures \result == 0 ==> pre_post_not(s, i, j);
    assigns \nothing;
*/
int substr(char* s, int i, int j){
    /*@
        loop invariant 0 <= k <= j;
        loop invariant \forall integer p; 0 <= p < k ==> s[p] == s[i - j + 1 + p];
        loop assigns k;
    */
    for(int k = 0; k < j; k++){
        if(s[k] == s[i - j + 1 + k]){
            continue;
        }
        else{
            return 0;
        }
    }
    return 1;
}

/*@
    requires \valid_read(s);
    requires \valid_read(pi);
    requires \valid(s + (0..n - 1));
    requires \valid(pi + (0..n - 1));
    requires \separated(&pi[0..(n - 1)], &s[0..(n - 1)]);
    requires \forall integer k; 0 <= k < n ==> pi[k] == 0;
    requires n > 0;
    assigns pi[0..(n - 1)];
    ensures e_1: \forall integer k; 0 <= k < n ==> pre_post(s, k, pi[k]);
*/
void _prefix_function(char* s, int* pi, int n) {
    // Loop A
    /*@
        loop invariant i_48: 0 <= i < n;

        loop invariant i_49: \forall integer k; 0 <= k < i ==> \at(s[k], End_r) == 1;

        loop invariant i_50: \forall integer p; 0 <= p < j ==> \at(s[i - j + 1 + p], End_r) == 1;

        loop invariant i_51: 0 <= p < j;

        loop invariant i_52: \forall integer k; 0 <= k < j ==> \at(s[k], End_r) == 1;


        loop assigns i, pi[1..(n - 1)];
    */
    for (int i = 1; i < n; i++){
        // Loop B
        /*@
            loop invariant i_53: 0 <= i < n;

            loop invariant i_54: \forall integer k; 0 <= k < i ==> \at(s[k], End_r) == 1;

            loop invariant i_55: \forall integer p; 0 <= p < j ==> \at(s[i - j + 1 + p], End_r) == 1;

            loop invariant i_56: 0 <= p < j;

            loop invariant i_57: \forall integer k; 0 <= k < j ==> \at(s[k], End_r) == 1;


            loop assigns j, pi[i];
        */
        for (int j = i; j > 0; j--){
            if (substr(s, i, j) == 1) {
                pi[i] = j;
                break;
            }
        }
    }
}
------------------------------------------
Verification failed (Invalid), removing all invariants and retrying.
========== Attempt 5 ==========
----------Prompt----------

/*@
    predicate pre_post(char* s, integer i, integer j) =
        j == 0 || \forall integer k; 0 <= k < j ==> s[k] == s[i - j + 1 + k];
*/

/*@
    predicate pre_post_not(char* s, integer i, integer j) =
        \exists integer k; 0 <= k < j && s[k] != s[i - j + 1 + k];
*/

/*@
    requires \valid_read(s);
    requires \valid(s + (0..i));
    requires 0 < j <= i;
    requires i > 0;
    ensures \result == 1 ==> pre_post(s, i, j);
    ensures \result == 0 ==> pre_post_not(s, i, j);
    assigns \nothing;
*/
int substr(char* s, int i, int j){
    /*@
        loop invariant 0 <= k <= j;
        loop invariant \forall integer p; 0 <= p < k ==> s[p] == s[i - j + 1 + p];
        loop assigns k;
    */
    for(int k = 0; k < j; k++){
        if(s[k] == s[i - j + 1 + k]){
            continue;
        }
        else{
            return 0;
        }
    }
    return 1;
}

/*@
    requires \valid_read(s);
    requires \valid_read(pi);
    requires \valid(s + (0..n - 1));
    requires \valid(pi + (0..n - 1));
    requires \separated(&pi[0..(n - 1)], &s[0..(n - 1)]);
    requires \forall integer k; 0 <= k < n ==> pi[k] == 0;
    requires n > 0;
    assigns pi[0..(n - 1)];
    ensures e_1: \forall integer k; 0 <= k < n ==> pre_post(s, k, pi[k]);
*/
void _prefix_function(char* s, int* pi, int n) {
    // Loop A
    /*@
        [Hint] Please infer the loop invariant for the following loop.

        loop assigns i, pi[1..(n - 1)];
    */
    for (int i = 1; i < n; i++){
        // Loop B
        /*@
            loop assigns j, pi[i];
        */
        for (int j = i; j > 0; j--){
            if (substr(s, i, j) == 1) {
                pi[i] = j;
                break;
            }
        }
    }
}
You are an expert in program verification, and please generate loop invariant as C annotation comments at the hint location (annotated by "[Hint] Please infer the loop invariant for the following loop.") using ACSL language.
ACSL is a specification language for C programs that conforms to the design by contract paradigm, utilizing Hoare style pre- and postconditions and invariants. Note that the `loop invariant` clause is a condition that is true at the beginning and end of every loop iteration.
Specifically, for the current verification task:
    - Pre-condition: the function's `requires` clauses
    - Post-condition: 
Please verify that the generated loop invariant is consistent with these constraints. If these specific pre- or post-conditions are not provided or empty, please infer the loop invariant strictly based on the program's execution logic and standard correctness.
In order to get a correct answer, You may want to consider both the situation of not entering the loop and the situation of jumping out of the loop. If some of the pre-conditions are also loop invariant, you need to add them to your answer as well.
Use '&&', '||', '==>', '\forall' or '\exists' if necessary. For instance:
```
loop invariant 1 <= x;
loop invariant x == y;
loop invariant 0 < x ==> y <= z;
loop invariant z % 2 == 1 || x == y;
loop invariant z % 2 == 1 && x <= y;
loop invariant \forall integer k;  0 <= k < i ==> max >=  a[k];
loop invariant \exists integer k;  0 <= k < i &&  max == a[k];
loop invariant \forall integer p; 0 <= p < \at(k, End_l) ==> res[p] == \at(res[p], End_l);
```
Your answer should follow the following format:
```
loop invariant ...;
loop invariant ...;
...
```
No explanation. No commentary. Just show me the loop invariant.
 /no_think
--------------------------
----------Response----------
[unused16][unused17][Loop <LOOP A>]
loop invariant 0 <= i < n;
loop invariant \forall integer p; 0 <= p < i ==> s[p] == s[i - j + 1 + p];

[Loop <LOOP B>]
loop invariant \forall integer k; 0 <= k < j && pi[k] == 0;
loop invariant \forall integer k; 0 <= k < i && pi[k] == 0;
----------------------------
----------Prompt----------

/*@
    predicate pre_post(char* s, integer i, integer j) =
        j == 0 || \forall integer k; 0 <= k < j ==> s[k] == s[i - j + 1 + k];
*/

/*@
    predicate pre_post_not(char* s, integer i, integer j) =
        \exists integer k; 0 <= k < j && s[k] != s[i - j + 1 + k];
*/

/*@
    requires \valid_read(s);
    requires \valid(s + (0..i));
    requires 0 < j <= i;
    requires i > 0;
    ensures \result == 1 ==> pre_post(s, i, j);
    ensures \result == 0 ==> pre_post_not(s, i, j);
    assigns \nothing;
*/
int substr(char* s, int i, int j){
    /*@
        loop invariant 0 <= k <= j;
        loop invariant \forall integer p; 0 <= p < k ==> s[p] == s[i - j + 1 + p];
        loop assigns k;
    */
    for(int k = 0; k < j; k++){
        if(s[k] == s[i - j + 1 + k]){
            continue;
        }
        else{
            return 0;
        }
    }
    return 1;
}

/*@
    requires \valid_read(s);
    requires \valid_read(pi);
    requires \valid(s + (0..n - 1));
    requires \valid(pi + (0..n - 1));
    requires \separated(&pi[0..(n - 1)], &s[0..(n - 1)]);
    requires \forall integer k; 0 <= k < n ==> pi[k] == 0;
    requires n > 0;
    assigns pi[0..(n - 1)];
    ensures e_1: \forall integer k; 0 <= k < n ==> pre_post(s, k, pi[k]);
*/
void _prefix_function(char* s, int* pi, int n) {
    // Loop A
    /*@
        loop invariant i_58: 0 <= i < n;

        loop invariant i_59: \forall integer p; 0 <= p < i ==> s[p] == s[i - j + 1 + p];

        loop invariant i_60: \forall integer k; 0 <= k < j && pi[k] == 0;

        loop invariant i_61: \forall integer k; 0 <= k < i && pi[k] == 0;


        loop assigns i, pi[1..(n - 1)];
    */
    for (int i = 1; i < n; i++){
        // Loop B
        /*@
            [Hint] Please infer the loop invariant for the following loop.

            loop assigns j, pi[i];
        */
        for (int j = i; j > 0; j--){
            if (substr(s, i, j) == 1) {
                pi[i] = j;
                break;
            }
        }
    }
}
You are an expert in program verification, and please generate loop invariant as C annotation comments at the hint location (annotated by "[Hint] Please infer the loop invariant for the following loop.") using ACSL language.
ACSL is a specification language for C programs that conforms to the design by contract paradigm, utilizing Hoare style pre- and postconditions and invariants. Note that the `loop invariant` clause is a condition that is true at the beginning and end of every loop iteration.
Specifically, for the current verification task:
    - Pre-condition: i_58:0 <= i < n; i_59:\forall integer p; 0 <= p < i ==> s[p] == s[i - j + 1 + p]; i_60:\forall integer k; 0 <= k < j && pi[k] == 0; i_61:\forall integer k; 0 <= k < i && pi[k] == 0; 
    - Post-condition: i_58:0 <= i < n; i_59:\forall integer p; 0 <= p < i ==> s[p] == s[i - j + 1 + p]; i_60:\forall integer k; 0 <= k < j && pi[k] == 0; i_61:\forall integer k; 0 <= k < i && pi[k] == 0; 
Please verify that the generated loop invariant is consistent with these constraints. If these specific pre- or post-conditions are not provided or empty, please infer the loop invariant strictly based on the program's execution logic and standard correctness.
In order to get a correct answer, You may want to consider both the situation of not entering the loop and the situation of jumping out of the loop. If some of the pre-conditions are also loop invariant, you need to add them to your answer as well.
Use '&&', '||', '==>', '\forall' or '\exists' if necessary. For instance:
```
loop invariant 1 <= x;
loop invariant x == y;
loop invariant 0 < x ==> y <= z;
loop invariant z % 2 == 1 || x == y;
loop invariant z % 2 == 1 && x <= y;
loop invariant \forall integer k;  0 <= k < i ==> max >=  a[k];
loop invariant \exists integer k;  0 <= k < i &&  max == a[k];
loop invariant \forall integer p; 0 <= p < \at(k, End_l) ==> res[p] == \at(res[p], End_l);
```
Your answer should follow the following format:
```
loop invariant ...;
loop invariant ...;
...
```
No explanation. No commentary. Just show me the loop invariant.
 /no_think
--------------------------
----------Response----------
[unused16][unused17][Loop <LOOP B>]
loop invariant i_58: 0 <= i < n;
loop invariant i_59: \forall integer p; 0 <= p < i ==> s[p] == s[i - j + 1 + p];
loop invariant i_60: \forall integer k; 0 <= k < j ==> pi[k] == 0;
loop invariant i_61: \forall integer k; 0 <= k < i && pi[k] == 0;
----------------------------
------------Invariant Info-----------
LOOP A:
i_58: 0 <= i < n
i_59: \forall integer p; 0 <= p < i ==> s[p] == s[i - j + 1 + p]
i_60: \forall integer k; 0 <= k < j && pi[k] == 0
i_61: \forall integer k; 0 <= k < i && pi[k] == 0
LOOP B:
i_62: 0 <= i < n
i_63: \forall integer p; 0 <= p < i ==> s[p] == s[i - j + 1 + p]
i_64: \forall integer k; 0 <= k < j ==> pi[k] == 0
i_65: \forall integer k; 0 <= k < i && pi[k] == 0
------------------------------------
---------- Code with Invariants ----------
/*@
    predicate pre_post(char* s, integer i, integer j) =
        j == 0 || \forall integer k; 0 <= k < j ==> s[k] == s[i - j + 1 + k];
*/

/*@
    predicate pre_post_not(char* s, integer i, integer j) =
        \exists integer k; 0 <= k < j && s[k] != s[i - j + 1 + k];
*/

/*@
    requires \valid_read(s);
    requires \valid(s + (0..i));
    requires 0 < j <= i;
    requires i > 0;
    ensures \result == 1 ==> pre_post(s, i, j);
    ensures \result == 0 ==> pre_post_not(s, i, j);
    assigns \nothing;
*/
int substr(char* s, int i, int j){
    /*@
        loop invariant 0 <= k <= j;
        loop invariant \forall integer p; 0 <= p < k ==> s[p] == s[i - j + 1 + p];
        loop assigns k;
    */
    for(int k = 0; k < j; k++){
        if(s[k] == s[i - j + 1 + k]){
            continue;
        }
        else{
            return 0;
        }
    }
    return 1;
}

/*@
    requires \valid_read(s);
    requires \valid_read(pi);
    requires \valid(s + (0..n - 1));
    requires \valid(pi + (0..n - 1));
    requires \separated(&pi[0..(n - 1)], &s[0..(n - 1)]);
    requires \forall integer k; 0 <= k < n ==> pi[k] == 0;
    requires n > 0;
    assigns pi[0..(n - 1)];
    ensures e_1: \forall integer k; 0 <= k < n ==> pre_post(s, k, pi[k]);
*/
void _prefix_function(char* s, int* pi, int n) {
    // Loop A
    /*@
        loop invariant i_58: 0 <= i < n;

        loop invariant i_59: \forall integer p; 0 <= p < i ==> s[p] == s[i - j + 1 + p];

        loop invariant i_60: \forall integer k; 0 <= k < j && pi[k] == 0;

        loop invariant i_61: \forall integer k; 0 <= k < i && pi[k] == 0;


        loop assigns i, pi[1..(n - 1)];
    */
    for (int i = 1; i < n; i++){
        // Loop B
        /*@
            loop invariant i_62: 0 <= i < n;

            loop invariant i_63: \forall integer p; 0 <= p < i ==> s[p] == s[i - j + 1 + p];

            loop invariant i_64: \forall integer k; 0 <= k < j ==> pi[k] == 0;

            loop invariant i_65: \forall integer k; 0 <= k < i && pi[k] == 0;


            loop assigns j, pi[i];
        */
        for (int j = i; j > 0; j--){
            if (substr(s, i, j) == 1) {
                pi[i] = j;
                break;
            }
        }
    }
}
------------------------------------------
Verification failed (Invalid), removing all invariants and retrying.
Verification failed: reached maximum attempts.
---------Result---------
Fail
Model: openPangu-Embedded-7B-V1.1
Running time: 251.76528668403625
Proposal number: 5
Verified code:

------------------------
