-----------Model-----------
Model type:
PanguEmbeddedForCausalLM(
  (model): PanguEmbeddedModel(
    (embed_tokens): Embedding(153376, 4096, padding_idx=0)
    (layers): ModuleList(
      (0-33): 34 x PanguEmbeddedDecoderLayer(
        (self_attn): PanguEmbeddedAttention(
          (q_proj): Linear(in_features=4096, out_features=4096, bias=True)
          (k_proj): Linear(in_features=4096, out_features=1024, bias=True)
          (v_proj): Linear(in_features=4096, out_features=1024, bias=True)
          (o_proj): Linear(in_features=4096, out_features=4096, bias=True)
        )
        (mlp): PanguEmbeddedMLP(
          (gate_proj): Linear(in_features=4096, out_features=12800, bias=False)
          (up_proj): Linear(in_features=4096, out_features=12800, bias=False)
          (down_proj): Linear(in_features=12800, out_features=4096, bias=False)
          (act_fn): SiLU()
        )
        (input_layernorm): PanguEmbeddedRMSNorm((4096,), eps=1e-05)
        (post_attention_layernorm): PanguEmbeddedRMSNorm((4096,), eps=1e-05)
      )
    )
    (norm): PanguEmbeddedRMSNorm((4096,), eps=1e-05)
    (rotary_emb): PanguEmbeddedRotaryEmbedding()
  )
  (lm_head): Linear(in_features=4096, out_features=153376, bias=False)
)
Model device:
npu:1
---------------------------
File Path: ../Benchmark/OOPSLA/oopsla_03.c
----------Code----------
/*
 * "nested4.c" from InvGen benchmark suite
 */

/*@
    requires l > 0;
    requires n > l;
*/
void oopsla_03(int n, int l) {
    int i,k;

    /*@
        loop assigns k;
        loop assigns i;
    */
    for (k=1; k<n; k++){
        
        /*@
            loop assigns i;
        */
        for (i=l; i<n; i++) {
        }
        
        /*@
            loop assigns k;
            loop assigns i;
        */
        for (i=l; i<n; i++) {
            //@ assert a_1: 1<=i;
        }
    }

}

------------------------
========== Attempt 1 ==========
----------Prompt----------

/*
 * "nested4.c" from InvGen benchmark suite
 */

/*@
    requires l > 0;
    requires n > l;
*/
void oopsla_03(int n, int l) {
    int i,k;

    // Loop A
    /*@
        [Hint] Please infer the loop invariant for the following loop.

        loop assigns k;
        loop assigns i;
    */
    for (k=1; k<n; k++){
        
        // Loop B
        /*@
            loop assigns i;
        */
        for (i=l; i<n; i++) {
        }
        
        // Loop C
        /*@
            loop assigns k;
            loop assigns i;
        */
        for (i=l; i<n; i++) {
            //@ assert a_1: 1<=i;
        }
    }

}

You are an expert in program verification, and please generate loop invariant as C annotation comments at the hint location (annotated by "[Hint] Please infer the loop invariant for the following loop.") using ACSL language.
ACSL is a specification language for C programs that conforms to the design by contract paradigm, utilizing Hoare style pre- and postconditions and invariants. Note that the `loop invariant` clause is a condition that is true at the beginning and end of every loop iteration.
Specifically, for the current verification task:
    - Pre-condition: the function's `requires` clauses
    - Post-condition: 
Please verify that the generated loop invariant is consistent with these constraints. If these specific pre- or post-conditions are not provided or empty, please infer the loop invariant strictly based on the program's execution logic and standard correctness.
In order to get a correct answer, You may want to consider both the situation of not entering the loop and the situation of jumping out of the loop. If some of the pre-conditions are also loop invariant, you need to add them to your answer as well.
Use '&&', '||', '==>', '\forall' or '\exists' if necessary. For instance:
```
loop invariant 1 <= x;
loop invariant x == y;
loop invariant 0 < x ==> y <= z;
loop invariant z % 2 == 1 || x == y;
loop invariant z % 2 == 1 && x <= y;
loop invariant \forall integer k;  0 <= k < i ==> max >=  a[k];
loop invariant \exists integer k;  0 <= k < i &&  max == a[k];
loop invariant \forall integer p; 0 <= p < \at(k, End_l) ==> res[p] == \at(res[p], End_l);
```
Your answer should follow the following format:
```
loop invariant ...;
loop invariant ...;
...
```
No explanation. No commentary. Just show me the loop invariant.
 /no_think
--------------------------
----------Response----------
[unused16][unused17][Loop <Loop A>]
loop invariant k >= 1;
loop invariant k < n;
loop invariant i >= l;

[Loop <Loop B>]
;

[Loop <Loop C>]
loop invariant i >= l;
loop invariant 1 <= i;
loop invariant k >= 1;
loop invariant k < n;

[Loop <Loop A>]
loop invariant k >= 1;
loop invariant k < n;
loop invariant i >= l;

[Loop <Loop B>]
;

[Loop <Loop C>]
loop invariant i >= l;
loop invariant 1 <= i;
loop invariant k >= 1;
loop invariant k < n;
----------------------------
----------Prompt----------

/*
 * "nested4.c" from InvGen benchmark suite
 */

/*@
    requires l > 0;
    requires n > l;
*/
void oopsla_03(int n, int l) {
    int i,k;

    // Loop A
    /*@
        loop invariant i_0: k >= 1;

        loop invariant i_1: k < n;

        loop invariant i_2: i >= l;

        loop invariant i_3: 1 <= i;


        loop assigns k;
        loop assigns i;
    */
    for (k=1; k<n; k++){
        
        // Loop B
        /*@
            loop assigns i;
        */
        for (i=l; i<n; i++) {
        }
        
        // Loop C
        /*@
            [Hint] Please infer the loop invariant for the following loop.

            loop assigns k;
            loop assigns i;
        */
        for (i=l; i<n; i++) {
            //@ assert a_1: 1<=i;
        }
    }

}

You are an expert in program verification, and please generate loop invariant as C annotation comments at the hint location (annotated by "[Hint] Please infer the loop invariant for the following loop.") using ACSL language.
ACSL is a specification language for C programs that conforms to the design by contract paradigm, utilizing Hoare style pre- and postconditions and invariants. Note that the `loop invariant` clause is a condition that is true at the beginning and end of every loop iteration.
Specifically, for the current verification task:
    - Pre-condition: 
    - Post-condition: i_0:k >= 1; i_1:k < n; i_2:i >= l; i_3:1 <= i; 
Please verify that the generated loop invariant is consistent with these constraints. If these specific pre- or post-conditions are not provided or empty, please infer the loop invariant strictly based on the program's execution logic and standard correctness.
In order to get a correct answer, You may want to consider both the situation of not entering the loop and the situation of jumping out of the loop. If some of the pre-conditions are also loop invariant, you need to add them to your answer as well.
Use '&&', '||', '==>', '\forall' or '\exists' if necessary. For instance:
```
loop invariant 1 <= x;
loop invariant x == y;
loop invariant 0 < x ==> y <= z;
loop invariant z % 2 == 1 || x == y;
loop invariant z % 2 == 1 && x <= y;
loop invariant \forall integer k;  0 <= k < i ==> max >=  a[k];
loop invariant \exists integer k;  0 <= k < i &&  max == a[k];
loop invariant \forall integer p; 0 <= p < \at(k, End_l) ==> res[p] == \at(res[p], End_l);
```
Your answer should follow the following format:
```
loop invariant ...;
loop invariant ...;
...
```
No explanation. No commentary. Just show me the loop invariant.
 /no_think
--------------------------
----------Response----------
[unused16][unused17]loop invariant i_0: k >= 1;
loop invariant i_1: k < n;
loop invariant i_2: i >= l;
loop invariant i_3: 1 <= i;
----------------------------
----------Prompt----------

/*
 * "nested4.c" from InvGen benchmark suite
 */

/*@
    requires l > 0;
    requires n > l;
*/
void oopsla_03(int n, int l) {
    int i,k;

    // Loop A
    /*@
        loop invariant i_0: k >= 1;

        loop invariant i_1: k < n;

        loop invariant i_2: i >= l;

        loop invariant i_3: 1 <= i;


        loop assigns k;
        loop assigns i;
    */
    for (k=1; k<n; k++){
        
        // Loop B
        /*@
            [Hint] Please infer the loop invariant for the following loop.

            loop assigns i;
        */
        for (i=l; i<n; i++) {
        }
        
        // Loop C
        /*@
            loop invariant i_4: k >= 1;

            loop invariant i_5: k < n;

            loop invariant i_6: i >= l;

            loop invariant i_7: 1 <= i;


            loop assigns k;
            loop assigns i;
        */
        for (i=l; i<n; i++) {
            //@ assert a_1: 1<=i;
        }
    }

}

You are an expert in program verification, and please generate loop invariant as C annotation comments at the hint location (annotated by "[Hint] Please infer the loop invariant for the following loop.") using ACSL language.
ACSL is a specification language for C programs that conforms to the design by contract paradigm, utilizing Hoare style pre- and postconditions and invariants. Note that the `loop invariant` clause is a condition that is true at the beginning and end of every loop iteration.
Specifically, for the current verification task:
    - Pre-condition: i_0:k >= 1; i_1:k < n; i_2:i >= l; i_3:1 <= i; 
    - Post-condition: i_4:k >= 1; i_5:k < n; i_6:i >= l; i_7:1 <= i; 
Please verify that the generated loop invariant is consistent with these constraints. If these specific pre- or post-conditions are not provided or empty, please infer the loop invariant strictly based on the program's execution logic and standard correctness.
In order to get a correct answer, You may want to consider both the situation of not entering the loop and the situation of jumping out of the loop. If some of the pre-conditions are also loop invariant, you need to add them to your answer as well.
Use '&&', '||', '==>', '\forall' or '\exists' if necessary. For instance:
```
loop invariant 1 <= x;
loop invariant x == y;
loop invariant 0 < x ==> y <= z;
loop invariant z % 2 == 1 || x == y;
loop invariant z % 2 == 1 && x <= y;
loop invariant \forall integer k;  0 <= k < i ==> max >=  a[k];
loop invariant \exists integer k;  0 <= k < i &&  max == a[k];
loop invariant \forall integer p; 0 <= p < \at(k, End_l) ==> res[p] == \at(res[p], End_l);
```
Your answer should follow the following format:
```
loop invariant ...;
loop invariant ...;
...
```
No explanation. No commentary. Just show me the loop invariant.
 /no_think
--------------------------
----------Response----------
[unused16][unused17][Loop <Loop B>]
loop invariant k >= 1;
loop invariant k < n;
loop invariant i >= l;
loop invariant 1 <= i;

[Loop <Loop C>]
loop invariant k >= 1;
loop invariant k < n;
loop invariant i >= l;
loop invariant 1 <= i;
----------------------------
------------Invariant Info-----------
LOOP A:
i_0: k >= 1
i_1: k < n
i_2: i >= l
i_3: 1 <= i
LOOP B:
i_8: k >= 1
i_9: k < n
i_10: i >= l
i_11: 1 <= i
LOOP C:
i_4: k >= 1
i_5: k < n
i_6: i >= l
i_7: 1 <= i
------------------------------------
---------- Code with Invariants ----------
/*
 * "nested4.c" from InvGen benchmark suite
 */

/*@
    requires l > 0;
    requires n > l;
*/
void oopsla_03(int n, int l) {
    int i,k;

    // Loop A
    /*@
        loop invariant i_0: k >= 1;

        loop invariant i_1: k < n;

        loop invariant i_2: i >= l;

        loop invariant i_3: 1 <= i;


        loop assigns k;
        loop assigns i;
    */
    for (k=1; k<n; k++){
        
        // Loop B
        /*@
            loop invariant i_8: k >= 1;

            loop invariant i_9: k < n;

            loop invariant i_10: i >= l;

            loop invariant i_11: 1 <= i;


            loop assigns i;
        */
        for (i=l; i<n; i++) {
        }
        
        // Loop C
        /*@
            loop invariant i_4: k >= 1;

            loop invariant i_5: k < n;

            loop invariant i_6: i >= l;

            loop invariant i_7: 1 <= i;


            loop assigns k;
            loop assigns i;
        */
        for (i=l; i<n; i++) {
            //@ assert a_1: 1<=i;
        }
    }

}

------------------------------------------
Verification failed (Fail_27_29), removing all invariants and retrying.
========== Attempt 2 ==========
----------Prompt----------

/*
 * "nested4.c" from InvGen benchmark suite
 */

/*@
    requires l > 0;
    requires n > l;
*/
void oopsla_03(int n, int l) {
    int i,k;

    // Loop A
    /*@
        [Hint] Please infer the loop invariant for the following loop.

        loop assigns k;
        loop assigns i;
    */
    for (k=1; k<n; k++){
        
        // Loop B
        /*@
            loop assigns i;
        */
        for (i=l; i<n; i++) {
        }
        
        // Loop C
        /*@
            loop assigns k;
            loop assigns i;
        */
        for (i=l; i<n; i++) {
            //@ assert a_1: 1<=i;
        }
    }

}

You are an expert in program verification, and please generate loop invariant as C annotation comments at the hint location (annotated by "[Hint] Please infer the loop invariant for the following loop.") using ACSL language.
ACSL is a specification language for C programs that conforms to the design by contract paradigm, utilizing Hoare style pre- and postconditions and invariants. Note that the `loop invariant` clause is a condition that is true at the beginning and end of every loop iteration.
Specifically, for the current verification task:
    - Pre-condition: the function's `requires` clauses
    - Post-condition: 
Please verify that the generated loop invariant is consistent with these constraints. If these specific pre- or post-conditions are not provided or empty, please infer the loop invariant strictly based on the program's execution logic and standard correctness.
In order to get a correct answer, You may want to consider both the situation of not entering the loop and the situation of jumping out of the loop. If some of the pre-conditions are also loop invariant, you need to add them to your answer as well.
Use '&&', '||', '==>', '\forall' or '\exists' if necessary. For instance:
```
loop invariant 1 <= x;
loop invariant x == y;
loop invariant 0 < x ==> y <= z;
loop invariant z % 2 == 1 || x == y;
loop invariant z % 2 == 1 && x <= y;
loop invariant \forall integer k;  0 <= k < i ==> max >=  a[k];
loop invariant \exists integer k;  0 <= k < i &&  max == a[k];
loop invariant \forall integer p; 0 <= p < \at(k, End_l) ==> res[p] == \at(res[p], End_l);
```
Your answer should follow the following format:
```
loop invariant ...;
loop invariant ...;
...
```
No explanation. No commentary. Just show me the loop invariant.
 /no_think
--------------------------
----------Response----------
[unused16][unused17]loop invariant 1 <= n;
loop invariant 1 <= l;
loop invariant k < n;
loop invariant 1 <= i;
loop invariant i < n;
loop invariant k == i;
```
----------------------------
----------Prompt----------

/*
 * "nested4.c" from InvGen benchmark suite
 */

/*@
    requires l > 0;
    requires n > l;
*/
void oopsla_03(int n, int l) {
    int i,k;

    // Loop A
    /*@
        loop invariant i_12: 1 <= n;

        loop invariant i_13: 1 <= l;

        loop invariant i_14: k < n;

        loop invariant i_15: 1 <= i;

        loop invariant i_16: i < n;

        loop invariant i_17: k == i;


        loop assigns k;
        loop assigns i;
    */
    for (k=1; k<n; k++){
        
        // Loop B
        /*@
            loop assigns i;
        */
        for (i=l; i<n; i++) {
        }
        
        // Loop C
        /*@
            [Hint] Please infer the loop invariant for the following loop.

            loop assigns k;
            loop assigns i;
        */
        for (i=l; i<n; i++) {
            //@ assert a_1: 1<=i;
        }
    }

}

You are an expert in program verification, and please generate loop invariant as C annotation comments at the hint location (annotated by "[Hint] Please infer the loop invariant for the following loop.") using ACSL language.
ACSL is a specification language for C programs that conforms to the design by contract paradigm, utilizing Hoare style pre- and postconditions and invariants. Note that the `loop invariant` clause is a condition that is true at the beginning and end of every loop iteration.
Specifically, for the current verification task:
    - Pre-condition: 
    - Post-condition: i_12:1 <= n; i_13:1 <= l; i_14:k < n; i_15:1 <= i; i_16:i < n; i_17:k == i; 
Please verify that the generated loop invariant is consistent with these constraints. If these specific pre- or post-conditions are not provided or empty, please infer the loop invariant strictly based on the program's execution logic and standard correctness.
In order to get a correct answer, You may want to consider both the situation of not entering the loop and the situation of jumping out of the loop. If some of the pre-conditions are also loop invariant, you need to add them to your answer as well.
Use '&&', '||', '==>', '\forall' or '\exists' if necessary. For instance:
```
loop invariant 1 <= x;
loop invariant x == y;
loop invariant 0 < x ==> y <= z;
loop invariant z % 2 == 1 || x == y;
loop invariant z % 2 == 1 && x <= y;
loop invariant \forall integer k;  0 <= k < i ==> max >=  a[k];
loop invariant \exists integer k;  0 <= k < i &&  max == a[k];
loop invariant \forall integer p; 0 <= p < \at(k, End_l) ==> res[p] == \at(res[p], End_l);
```
Your answer should follow the following format:
```
loop invariant ...;
loop invariant ...;
...
```
No explanation. No commentary. Just show me the loop invariant.
 /no_think
--------------------------
----------Response----------
[unused16][unused17]```
loop invariant 1 <= n;
loop invariant 1 <= l;
loop invariant k < n;
loop invariant 1 <= i;
loop invariant i < n;
loop invariant k == i;
```
----------------------------
----------Prompt----------

/*
 * "nested4.c" from InvGen benchmark suite
 */

/*@
    requires l > 0;
    requires n > l;
*/
void oopsla_03(int n, int l) {
    int i,k;

    // Loop A
    /*@
        loop invariant i_12: 1 <= n;

        loop invariant i_13: 1 <= l;

        loop invariant i_14: k < n;

        loop invariant i_15: 1 <= i;

        loop invariant i_16: i < n;

        loop invariant i_17: k == i;


        loop assigns k;
        loop assigns i;
    */
    for (k=1; k<n; k++){
        
        // Loop B
        /*@
            [Hint] Please infer the loop invariant for the following loop.

            loop assigns i;
        */
        for (i=l; i<n; i++) {
        }
        
        // Loop C
        /*@
            loop invariant i_18: 1 <= n;

            loop invariant i_19: 1 <= l;

            loop invariant i_20: k < n;

            loop invariant i_21: 1 <= i;

            loop invariant i_22: i < n;

            loop invariant i_23: k == i;


            loop assigns k;
            loop assigns i;
        */
        for (i=l; i<n; i++) {
            //@ assert a_1: 1<=i;
        }
    }

}

You are an expert in program verification, and please generate loop invariant as C annotation comments at the hint location (annotated by "[Hint] Please infer the loop invariant for the following loop.") using ACSL language.
ACSL is a specification language for C programs that conforms to the design by contract paradigm, utilizing Hoare style pre- and postconditions and invariants. Note that the `loop invariant` clause is a condition that is true at the beginning and end of every loop iteration.
Specifically, for the current verification task:
    - Pre-condition: i_12:1 <= n; i_13:1 <= l; i_14:k < n; i_15:1 <= i; i_16:i < n; i_17:k == i; 
    - Post-condition: i_18:1 <= n; i_19:1 <= l; i_20:k < n; i_21:1 <= i; i_22:i < n; i_23:k == i; 
Please verify that the generated loop invariant is consistent with these constraints. If these specific pre- or post-conditions are not provided or empty, please infer the loop invariant strictly based on the program's execution logic and standard correctness.
In order to get a correct answer, You may want to consider both the situation of not entering the loop and the situation of jumping out of the loop. If some of the pre-conditions are also loop invariant, you need to add them to your answer as well.
Use '&&', '||', '==>', '\forall' or '\exists' if necessary. For instance:
```
loop invariant 1 <= x;
loop invariant x == y;
loop invariant 0 < x ==> y <= z;
loop invariant z % 2 == 1 || x == y;
loop invariant z % 2 == 1 && x <= y;
loop invariant \forall integer k;  0 <= k < i ==> max >=  a[k];
loop invariant \exists integer k;  0 <= k < i &&  max == a[k];
loop invariant \forall integer p; 0 <= p < \at(k, End_l) ==> res[p] == \at(res[p], End_l);
```
Your answer should follow the following format:
```
loop invariant ...;
loop invariant ...;
...
```
No explanation. No commentary. Just show me the loop invariant.
 /no_think
--------------------------
----------Response----------
[unused16][unused17]```
loop invariant 1 <= n;
loop invariant 1 <= l;
loop invariant k < n;
loop invariant 1 <= i;
loop invariant i < n;
loop invariant k == i;
```
----------------------------
------------Invariant Info-----------
LOOP A:
i_12: 1 <= n
i_13: 1 <= l
i_14: k < n
i_15: 1 <= i
i_16: i < n
i_17: k == i
LOOP B:
i_24: 1 <= n
i_25: 1 <= l
i_26: k < n
i_27: 1 <= i
i_28: i < n
i_29: k == i
LOOP C:
i_18: 1 <= n
i_19: 1 <= l
i_20: k < n
i_21: 1 <= i
i_22: i < n
i_23: k == i
------------------------------------
---------- Code with Invariants ----------
/*
 * "nested4.c" from InvGen benchmark suite
 */

/*@
    requires l > 0;
    requires n > l;
*/
void oopsla_03(int n, int l) {
    int i,k;

    // Loop A
    /*@
        loop invariant i_12: 1 <= n;

        loop invariant i_13: 1 <= l;

        loop invariant i_14: k < n;

        loop invariant i_15: 1 <= i;

        loop invariant i_16: i < n;

        loop invariant i_17: k == i;


        loop assigns k;
        loop assigns i;
    */
    for (k=1; k<n; k++){
        
        // Loop B
        /*@
            loop invariant i_24: 1 <= n;

            loop invariant i_25: 1 <= l;

            loop invariant i_26: k < n;

            loop invariant i_27: 1 <= i;

            loop invariant i_28: i < n;

            loop invariant i_29: k == i;


            loop assigns i;
        */
        for (i=l; i<n; i++) {
        }
        
        // Loop C
        /*@
            loop invariant i_18: 1 <= n;

            loop invariant i_19: 1 <= l;

            loop invariant i_20: k < n;

            loop invariant i_21: 1 <= i;

            loop invariant i_22: i < n;

            loop invariant i_23: k == i;


            loop assigns k;
            loop assigns i;
        */
        for (i=l; i<n; i++) {
            //@ assert a_1: 1<=i;
        }
    }

}

------------------------------------------
Verification failed (Fail_35_41), removing all invariants and retrying.
========== Attempt 3 ==========
----------Prompt----------

/*
 * "nested4.c" from InvGen benchmark suite
 */

/*@
    requires l > 0;
    requires n > l;
*/
void oopsla_03(int n, int l) {
    int i,k;

    // Loop A
    /*@
        [Hint] Please infer the loop invariant for the following loop.

        loop assigns k;
        loop assigns i;
    */
    for (k=1; k<n; k++){
        
        // Loop B
        /*@
            loop assigns i;
        */
        for (i=l; i<n; i++) {
        }
        
        // Loop C
        /*@
            loop assigns k;
            loop assigns i;
        */
        for (i=l; i<n; i++) {
            //@ assert a_1: 1<=i;
        }
    }

}

You are an expert in program verification, and please generate loop invariant as C annotation comments at the hint location (annotated by "[Hint] Please infer the loop invariant for the following loop.") using ACSL language.
ACSL is a specification language for C programs that conforms to the design by contract paradigm, utilizing Hoare style pre- and postconditions and invariants. Note that the `loop invariant` clause is a condition that is true at the beginning and end of every loop iteration.
Specifically, for the current verification task:
    - Pre-condition: the function's `requires` clauses
    - Post-condition: 
Please verify that the generated loop invariant is consistent with these constraints. If these specific pre- or post-conditions are not provided or empty, please infer the loop invariant strictly based on the program's execution logic and standard correctness.
In order to get a correct answer, You may want to consider both the situation of not entering the loop and the situation of jumping out of the loop. If some of the pre-conditions are also loop invariant, you need to add them to your answer as well.
Use '&&', '||', '==>', '\forall' or '\exists' if necessary. For instance:
```
loop invariant 1 <= x;
loop invariant x == y;
loop invariant 0 < x ==> y <= z;
loop invariant z % 2 == 1 || x == y;
loop invariant z % 2 == 1 && x <= y;
loop invariant \forall integer k;  0 <= k < i ==> max >=  a[k];
loop invariant \exists integer k;  0 <= k < i &&  max == a[k];
loop invariant \forall integer p; 0 <= p < \at(k, End_l) ==> res[p] == \at(res[p], End_l);
```
Your answer should follow the following format:
```
loop invariant ...;
loop invariant ...;
...
```
No explanation. No commentary. Just show me the loop invariant.
 /no_think
--------------------------
----------Response----------
[unused16][unused17][Loop <Loop A>]
loop invariant k >= 1;
loop invariant k < n;
loop invariant k == i;
loop invariant i >= l;
loop invariant i < n;
loop invariant i == k;
loop invariant l == 0 && k == 1;

[Loop <Loop B>]
loop invariant i >= l;
loop invariant i < n;

[Loop <Loop C>]
loop invariant 1 <= i;
loop invariant i == l;
loop invariant l > 0 && i == l;
loop invariant i < n;
loop invariant 1 <= i && l > 0 && i == l;
loop invariant l == 0;
loop invariant i == l && 1 <= i;
loop invariant i < n;
```
----------------------------
----------Prompt----------

/*
 * "nested4.c" from InvGen benchmark suite
 */

/*@
    requires l > 0;
    requires n > l;
*/
void oopsla_03(int n, int l) {
    int i,k;

    // Loop A
    /*@
        loop invariant i_30: k >= 1;

        loop invariant i_31: k < n;

        loop invariant i_32: k == i;

        loop invariant i_33: i >= l;

        loop invariant i_34: i < n;

        loop invariant i_35: i == k;

        loop invariant i_36: l == 0 && k == 1;

        loop invariant i_37: 1 <= i;

        loop invariant i_38: i == l;

        loop invariant i_39: l > 0 && i == l;

        loop invariant i_40: 1 <= i && l > 0 && i == l;

        loop invariant i_41: l == 0;

        loop invariant i_42: i == l && 1 <= i;


        loop assigns k;
        loop assigns i;
    */
    for (k=1; k<n; k++){
        
        // Loop B
        /*@
            loop assigns i;
        */
        for (i=l; i<n; i++) {
        }
        
        // Loop C
        /*@
            [Hint] Please infer the loop invariant for the following loop.

            loop assigns k;
            loop assigns i;
        */
        for (i=l; i<n; i++) {
            //@ assert a_1: 1<=i;
        }
    }

}

You are an expert in program verification, and please generate loop invariant as C annotation comments at the hint location (annotated by "[Hint] Please infer the loop invariant for the following loop.") using ACSL language.
ACSL is a specification language for C programs that conforms to the design by contract paradigm, utilizing Hoare style pre- and postconditions and invariants. Note that the `loop invariant` clause is a condition that is true at the beginning and end of every loop iteration.
Specifically, for the current verification task:
    - Pre-condition: 
    - Post-condition: i_30:k >= 1; i_31:k < n; i_32:k == i; i_33:i >= l; i_34:i < n; i_35:i == k; i_36:l == 0 && k == 1; i_37:1 <= i; i_38:i == l; i_39:l > 0 && i == l; i_40:1 <= i && l > 0 && i == l; i_41:l == 0; i_42:i == l && 1 <= i; 
Please verify that the generated loop invariant is consistent with these constraints. If these specific pre- or post-conditions are not provided or empty, please infer the loop invariant strictly based on the program's execution logic and standard correctness.
In order to get a correct answer, You may want to consider both the situation of not entering the loop and the situation of jumping out of the loop. If some of the pre-conditions are also loop invariant, you need to add them to your answer as well.
Use '&&', '||', '==>', '\forall' or '\exists' if necessary. For instance:
```
loop invariant 1 <= x;
loop invariant x == y;
loop invariant 0 < x ==> y <= z;
loop invariant z % 2 == 1 || x == y;
loop invariant z % 2 == 1 && x <= y;
loop invariant \forall integer k;  0 <= k < i ==> max >=  a[k];
loop invariant \exists integer k;  0 <= k < i &&  max == a[k];
loop invariant \forall integer p; 0 <= p < \at(k, End_l) ==> res[p] == \at(res[p], End_l);
```
Your answer should follow the following format:
```
loop invariant ...;
loop invariant ...;
...
```
No explanation. No commentary. Just show me the loop invariant.
 /no_think
--------------------------
----------Response----------
[unused16][unused17]loop invariant k >= 1;
loop invariant k < n;
loop invariant k == i;
loop invariant i >= l;
loop invariant i < n;
loop invariant i == k;
loop invariant l == 0 && k == 1;
loop invariant 1 <= i;
loop invariant i == l;
loop invariant l > 0 && i == l;
loop invariant l == 0;
loop invariant i == l && 1 <= i;
----------------------------
----------Prompt----------

/*
 * "nested4.c" from InvGen benchmark suite
 */

/*@
    requires l > 0;
    requires n > l;
*/
void oopsla_03(int n, int l) {
    int i,k;

    // Loop A
    /*@
        loop invariant i_30: k >= 1;

        loop invariant i_31: k < n;

        loop invariant i_32: k == i;

        loop invariant i_33: i >= l;

        loop invariant i_34: i < n;

        loop invariant i_35: i == k;

        loop invariant i_36: l == 0 && k == 1;

        loop invariant i_37: 1 <= i;

        loop invariant i_38: i == l;

        loop invariant i_39: l > 0 && i == l;

        loop invariant i_40: 1 <= i && l > 0 && i == l;

        loop invariant i_41: l == 0;

        loop invariant i_42: i == l && 1 <= i;


        loop assigns k;
        loop assigns i;
    */
    for (k=1; k<n; k++){
        
        // Loop B
        /*@
            [Hint] Please infer the loop invariant for the following loop.

            loop assigns i;
        */
        for (i=l; i<n; i++) {
        }
        
        // Loop C
        /*@
            loop invariant i_43: k >= 1;

            loop invariant i_44: k < n;

            loop invariant i_45: k == i;

            loop invariant i_46: i >= l;

            loop invariant i_47: i < n;

            loop invariant i_48: i == k;

            loop invariant i_49: l == 0 && k == 1;

            loop invariant i_50: 1 <= i;

            loop invariant i_51: i == l;

            loop invariant i_52: l > 0 && i == l;

            loop invariant i_53: l == 0;

            loop invariant i_54: i == l && 1 <= i;


            loop assigns k;
            loop assigns i;
        */
        for (i=l; i<n; i++) {
            //@ assert a_1: 1<=i;
        }
    }

}

You are an expert in program verification, and please generate loop invariant as C annotation comments at the hint location (annotated by "[Hint] Please infer the loop invariant for the following loop.") using ACSL language.
ACSL is a specification language for C programs that conforms to the design by contract paradigm, utilizing Hoare style pre- and postconditions and invariants. Note that the `loop invariant` clause is a condition that is true at the beginning and end of every loop iteration.
Specifically, for the current verification task:
    - Pre-condition: i_30:k >= 1; i_31:k < n; i_32:k == i; i_33:i >= l; i_34:i < n; i_35:i == k; i_36:l == 0 && k == 1; i_37:1 <= i; i_38:i == l; i_39:l > 0 && i == l; i_40:1 <= i && l > 0 && i == l; i_41:l == 0; i_42:i == l && 1 <= i; 
    - Post-condition: i_43:k >= 1; i_44:k < n; i_45:k == i; i_46:i >= l; i_47:i < n; i_48:i == k; i_49:l == 0 && k == 1; i_50:1 <= i; i_51:i == l; i_52:l > 0 && i == l; i_53:l == 0; i_54:i == l && 1 <= i; 
Please verify that the generated loop invariant is consistent with these constraints. If these specific pre- or post-conditions are not provided or empty, please infer the loop invariant strictly based on the program's execution logic and standard correctness.
In order to get a correct answer, You may want to consider both the situation of not entering the loop and the situation of jumping out of the loop. If some of the pre-conditions are also loop invariant, you need to add them to your answer as well.
Use '&&', '||', '==>', '\forall' or '\exists' if necessary. For instance:
```
loop invariant 1 <= x;
loop invariant x == y;
loop invariant 0 < x ==> y <= z;
loop invariant z % 2 == 1 || x == y;
loop invariant z % 2 == 1 && x <= y;
loop invariant \forall integer k;  0 <= k < i ==> max >=  a[k];
loop invariant \exists integer k;  0 <= k < i &&  max == a[k];
loop invariant \forall integer p; 0 <= p < \at(k, End_l) ==> res[p] == \at(res[p], End_l);
```
Your answer should follow the following format:
```
loop invariant ...;
loop invariant ...;
...
```
No explanation. No commentary. Just show me the loop invariant.
 /no_think
--------------------------
----------Response----------
[unused16][unused17]```
loop invariant k >= 1 && k < n;
loop invariant k == i;
loop invariant i >= l;
loop invariant i < n;
loop invariant i == k;
loop invariant l == 0 && k == 1;
loop invariant 1 <= i;
loop invariant i == l;
loop invariant l > 0 && i == l;
loop invariant l == 0;
loop invariant i == l && 1 <= i;
```
----------------------------
------------Invariant Info-----------
LOOP A:
i_30: k >= 1
i_31: k < n
i_32: k == i
i_33: i >= l
i_34: i < n
i_35: i == k
i_36: l == 0 && k == 1
i_37: 1 <= i
i_38: i == l
i_39: l > 0 && i == l
i_40: 1 <= i && l > 0 && i == l
i_41: l == 0
i_42: i == l && 1 <= i
LOOP B:
i_55: k >= 1 && k < n
i_56: k == i
i_57: i >= l
i_58: i < n
i_59: i == k
i_60: l == 0 && k == 1
i_61: 1 <= i
i_62: i == l
i_63: l > 0 && i == l
i_64: l == 0
i_65: i == l && 1 <= i
LOOP C:
i_43: k >= 1
i_44: k < n
i_45: k == i
i_46: i >= l
i_47: i < n
i_48: i == k
i_49: l == 0 && k == 1
i_50: 1 <= i
i_51: i == l
i_52: l > 0 && i == l
i_53: l == 0
i_54: i == l && 1 <= i
------------------------------------
---------- Code with Invariants ----------
/*
 * "nested4.c" from InvGen benchmark suite
 */

/*@
    requires l > 0;
    requires n > l;
*/
void oopsla_03(int n, int l) {
    int i,k;

    // Loop A
    /*@
        loop invariant i_30: k >= 1;

        loop invariant i_31: k < n;

        loop invariant i_32: k == i;

        loop invariant i_33: i >= l;

        loop invariant i_34: i < n;

        loop invariant i_35: i == k;

        loop invariant i_36: l == 0 && k == 1;

        loop invariant i_37: 1 <= i;

        loop invariant i_38: i == l;

        loop invariant i_39: l > 0 && i == l;

        loop invariant i_40: 1 <= i && l > 0 && i == l;

        loop invariant i_41: l == 0;

        loop invariant i_42: i == l && 1 <= i;


        loop assigns k;
        loop assigns i;
    */
    for (k=1; k<n; k++){
        
        // Loop B
        /*@
            loop invariant i_55: k >= 1 && k < n;

            loop invariant i_56: k == i;

            loop invariant i_57: i >= l;

            loop invariant i_58: i < n;

            loop invariant i_59: i == k;

            loop invariant i_60: l == 0 && k == 1;

            loop invariant i_61: 1 <= i;

            loop invariant i_62: i == l;

            loop invariant i_63: l > 0 && i == l;

            loop invariant i_64: l == 0;

            loop invariant i_65: i == l && 1 <= i;


            loop assigns i;
        */
        for (i=l; i<n; i++) {
        }
        
        // Loop C
        /*@
            loop invariant i_43: k >= 1;

            loop invariant i_44: k < n;

            loop invariant i_45: k == i;

            loop invariant i_46: i >= l;

            loop invariant i_47: i < n;

            loop invariant i_48: i == k;

            loop invariant i_49: l == 0 && k == 1;

            loop invariant i_50: 1 <= i;

            loop invariant i_51: i == l;

            loop invariant i_52: l > 0 && i == l;

            loop invariant i_53: l == 0;

            loop invariant i_54: i == l && 1 <= i;


            loop assigns k;
            loop assigns i;
        */
        for (i=l; i<n; i++) {
            //@ assert a_1: 1<=i;
        }
    }

}

------------------------------------------
Verification failed (Fail_74_77), removing all invariants and retrying.
========== Attempt 4 ==========
----------Prompt----------

/*
 * "nested4.c" from InvGen benchmark suite
 */

/*@
    requires l > 0;
    requires n > l;
*/
void oopsla_03(int n, int l) {
    int i,k;

    // Loop A
    /*@
        [Hint] Please infer the loop invariant for the following loop.

        loop assigns k;
        loop assigns i;
    */
    for (k=1; k<n; k++){
        
        // Loop B
        /*@
            loop assigns i;
        */
        for (i=l; i<n; i++) {
        }
        
        // Loop C
        /*@
            loop assigns k;
            loop assigns i;
        */
        for (i=l; i<n; i++) {
            //@ assert a_1: 1<=i;
        }
    }

}

You are an expert in program verification, and please generate loop invariant as C annotation comments at the hint location (annotated by "[Hint] Please infer the loop invariant for the following loop.") using ACSL language.
ACSL is a specification language for C programs that conforms to the design by contract paradigm, utilizing Hoare style pre- and postconditions and invariants. Note that the `loop invariant` clause is a condition that is true at the beginning and end of every loop iteration.
Specifically, for the current verification task:
    - Pre-condition: the function's `requires` clauses
    - Post-condition: 
Please verify that the generated loop invariant is consistent with these constraints. If these specific pre- or post-conditions are not provided or empty, please infer the loop invariant strictly based on the program's execution logic and standard correctness.
In order to get a correct answer, You may want to consider both the situation of not entering the loop and the situation of jumping out of the loop. If some of the pre-conditions are also loop invariant, you need to add them to your answer as well.
Use '&&', '||', '==>', '\forall' or '\exists' if necessary. For instance:
```
loop invariant 1 <= x;
loop invariant x == y;
loop invariant 0 < x ==> y <= z;
loop invariant z % 2 == 1 || x == y;
loop invariant z % 2 == 1 && x <= y;
loop invariant \forall integer k;  0 <= k < i ==> max >=  a[k];
loop invariant \exists integer k;  0 <= k < i &&  max == a[k];
loop invariant \forall integer p; 0 <= p < \at(k, End_l) ==> res[p] == \at(res[p], End_l);
```
Your answer should follow the following format:
```
loop invariant ...;
loop invariant ...;
...
```
No explanation. No commentary. Just show me the loop invariant.
 /no_think
--------------------------
----------Response----------
[unused16][unused17]loop invariant k >= 1;
loop invariant i >= l;
loop invariant i < n;
```
/*
 * "nested4.c" from InvGen benchmark suite

/*@
    requires l > 0;
    requires n > l;
*/
void oopsla_03(int n, int l) {
    int i,k;

    // Loop A
    /*@
        [Hint] Please infer the loop invariant for the following loop.

        loop assigns k;
        loop assigns i;
    */
    for (k=1; k<n; k++){
        
        // Loop B
        /*@
            loop assigns i;
        */
        for (i=l; i<n; i++) {
        }
        
        // Loop C
        /*@
            loop assigns k;
            loop assigns i;
        */
        for (i=l; i<n; i++) {
            //@ assert a_1: 1<=i;
        }
    }
}
```
----------------------------
----------Prompt----------

/*
 * "nested4.c" from InvGen benchmark suite
 */

/*@
    requires l > 0;
    requires n > l;
*/
void oopsla_03(int n, int l) {
    int i,k;

    // Loop A
    /*@
        loop invariant i_66: k >= 1;

        loop invariant i_67: i >= l;

        loop invariant i_68: i < n;

        loop invariant i_69: for the following loop. loop assigns k;


        loop assigns k;
        loop assigns i;
    */
    for (k=1; k<n; k++){
        
        // Loop B
        /*@
            loop assigns i;
        */
        for (i=l; i<n; i++) {
        }
        
        // Loop C
        /*@
            [Hint] Please infer the loop invariant for the following loop.

            loop assigns k;
            loop assigns i;
        */
        for (i=l; i<n; i++) {
            //@ assert a_1: 1<=i;
        }
    }

}

You are an expert in program verification, and please generate loop invariant as C annotation comments at the hint location (annotated by "[Hint] Please infer the loop invariant for the following loop.") using ACSL language.
ACSL is a specification language for C programs that conforms to the design by contract paradigm, utilizing Hoare style pre- and postconditions and invariants. Note that the `loop invariant` clause is a condition that is true at the beginning and end of every loop iteration.
Specifically, for the current verification task:
    - Pre-condition: 
    - Post-condition: i_66:k >= 1; i_67:i >= l; i_68:i < n; i_69:for the following loop. loop assigns k; 
Please verify that the generated loop invariant is consistent with these constraints. If these specific pre- or post-conditions are not provided or empty, please infer the loop invariant strictly based on the program's execution logic and standard correctness.
In order to get a correct answer, You may want to consider both the situation of not entering the loop and the situation of jumping out of the loop. If some of the pre-conditions are also loop invariant, you need to add them to your answer as well.
Use '&&', '||', '==>', '\forall' or '\exists' if necessary. For instance:
```
loop invariant 1 <= x;
loop invariant x == y;
loop invariant 0 < x ==> y <= z;
loop invariant z % 2 == 1 || x == y;
loop invariant z % 2 == 1 && x <= y;
loop invariant \forall integer k;  0 <= k < i ==> max >=  a[k];
loop invariant \exists integer k;  0 <= k < i &&  max == a[k];
loop invariant \forall integer p; 0 <= p < \at(k, End_l) ==> res[p] == \at(res[p], End_l);
```
Your answer should follow the following format:
```
loop invariant ...;
loop invariant ...;
...
```
No explanation. No commentary. Just show me the loop invariant.
 /no_think
--------------------------
----------Response----------
[unused16][unused17][Loop <CUR_LOOP>]
loop invariant i >= l;
loop invariant i < n;
loop invariant 1 <= i;
```
----------------------------
----------Prompt----------

/*
 * "nested4.c" from InvGen benchmark suite
 */

/*@
    requires l > 0;
    requires n > l;
*/
void oopsla_03(int n, int l) {
    int i,k;

    // Loop A
    /*@
        loop invariant i_66: k >= 1;

        loop invariant i_67: i >= l;

        loop invariant i_68: i < n;

        loop invariant i_69: for the following loop. loop assigns k;


        loop assigns k;
        loop assigns i;
    */
    for (k=1; k<n; k++){
        
        // Loop B
        /*@
            [Hint] Please infer the loop invariant for the following loop.

            loop assigns i;
        */
        for (i=l; i<n; i++) {
        }
        
        // Loop C
        /*@
            loop invariant i_70: i >= l;

            loop invariant i_71: i < n;

            loop invariant i_72: 1 <= i;


            loop assigns k;
            loop assigns i;
        */
        for (i=l; i<n; i++) {
            //@ assert a_1: 1<=i;
        }
    }

}

You are an expert in program verification, and please generate loop invariant as C annotation comments at the hint location (annotated by "[Hint] Please infer the loop invariant for the following loop.") using ACSL language.
ACSL is a specification language for C programs that conforms to the design by contract paradigm, utilizing Hoare style pre- and postconditions and invariants. Note that the `loop invariant` clause is a condition that is true at the beginning and end of every loop iteration.
Specifically, for the current verification task:
    - Pre-condition: i_66:k >= 1; i_67:i >= l; i_68:i < n; i_69:for the following loop. loop assigns k; 
    - Post-condition: i_70:i >= l; i_71:i < n; i_72:1 <= i; 
Please verify that the generated loop invariant is consistent with these constraints. If these specific pre- or post-conditions are not provided or empty, please infer the loop invariant strictly based on the program's execution logic and standard correctness.
In order to get a correct answer, You may want to consider both the situation of not entering the loop and the situation of jumping out of the loop. If some of the pre-conditions are also loop invariant, you need to add them to your answer as well.
Use '&&', '||', '==>', '\forall' or '\exists' if necessary. For instance:
```
loop invariant 1 <= x;
loop invariant x == y;
loop invariant 0 < x ==> y <= z;
loop invariant z % 2 == 1 || x == y;
loop invariant z % 2 == 1 && x <= y;
loop invariant \forall integer k;  0 <= k < i ==> max >=  a[k];
loop invariant \exists integer k;  0 <= k < i &&  max == a[k];
loop invariant \forall integer p; 0 <= p < \at(k, End_l) ==> res[p] == \at(res[p], End_l);
```
Your answer should follow the following format:
```
loop invariant ...;
loop invariant ...;
...
```
No explanation. No commentary. Just show me the loop invariant.
 /no_think
--------------------------
----------Response----------
[unused16][unused17]loop invariant k >= 1;
loop invariant i >= l;
loop invariant i < n;
loop invariant 1 <= i;
----------------------------
------------Invariant Info-----------
LOOP A:
i_66: k >= 1
i_67: i >= l
i_68: i < n
i_69: for the following loop. loop assigns k
LOOP B:
i_73: k >= 1
i_74: i >= l
i_75: i < n
i_76: 1 <= i
LOOP C:
i_70: i >= l
i_71: i < n
i_72: 1 <= i
------------------------------------
---------- Code with Invariants ----------
/*
 * "nested4.c" from InvGen benchmark suite
 */

/*@
    requires l > 0;
    requires n > l;
*/
void oopsla_03(int n, int l) {
    int i,k;

    // Loop A
    /*@
        loop invariant i_66: k >= 1;

        loop invariant i_67: i >= l;

        loop invariant i_68: i < n;

        loop invariant i_69: for the following loop. loop assigns k;


        loop assigns k;
        loop assigns i;
    */
    for (k=1; k<n; k++){
        
        // Loop B
        /*@
            loop invariant i_73: k >= 1;

            loop invariant i_74: i >= l;

            loop invariant i_75: i < n;

            loop invariant i_76: 1 <= i;


            loop assigns i;
        */
        for (i=l; i<n; i++) {
        }
        
        // Loop C
        /*@
            loop invariant i_70: i >= l;

            loop invariant i_71: i < n;

            loop invariant i_72: 1 <= i;


            loop assigns k;
            loop assigns i;
        */
        for (i=l; i<n; i++) {
            //@ assert a_1: 1<=i;
        }
    }

}

------------------------------------------
Verification failed (Invalid), removing all invariants and retrying.
========== Attempt 5 ==========
----------Prompt----------

/*
 * "nested4.c" from InvGen benchmark suite
 */

/*@
    requires l > 0;
    requires n > l;
*/
void oopsla_03(int n, int l) {
    int i,k;

    // Loop A
    /*@
        [Hint] Please infer the loop invariant for the following loop.

        loop assigns k;
        loop assigns i;
    */
    for (k=1; k<n; k++){
        
        // Loop B
        /*@
            loop assigns i;
        */
        for (i=l; i<n; i++) {
        }
        
        // Loop C
        /*@
            loop assigns k;
            loop assigns i;
        */
        for (i=l; i<n; i++) {
            //@ assert a_1: 1<=i;
        }
    }

}

You are an expert in program verification, and please generate loop invariant as C annotation comments at the hint location (annotated by "[Hint] Please infer the loop invariant for the following loop.") using ACSL language.
ACSL is a specification language for C programs that conforms to the design by contract paradigm, utilizing Hoare style pre- and postconditions and invariants. Note that the `loop invariant` clause is a condition that is true at the beginning and end of every loop iteration.
Specifically, for the current verification task:
    - Pre-condition: the function's `requires` clauses
    - Post-condition: 
Please verify that the generated loop invariant is consistent with these constraints. If these specific pre- or post-conditions are not provided or empty, please infer the loop invariant strictly based on the program's execution logic and standard correctness.
In order to get a correct answer, You may want to consider both the situation of not entering the loop and the situation of jumping out of the loop. If some of the pre-conditions are also loop invariant, you need to add them to your answer as well.
Use '&&', '||', '==>', '\forall' or '\exists' if necessary. For instance:
```
loop invariant 1 <= x;
loop invariant x == y;
loop invariant 0 < x ==> y <= z;
loop invariant z % 2 == 1 || x == y;
loop invariant z % 2 == 1 && x <= y;
loop invariant \forall integer k;  0 <= k < i ==> max >=  a[k];
loop invariant \exists integer k;  0 <= k < i &&  max == a[k];
loop invariant \forall integer p; 0 <= p < \at(k, End_l) ==> res[p] == \at(res[p], End_l);
```
Your answer should follow the following format:
```
loop invariant ...;
loop invariant ...;
...
```
No explanation. No commentary. Just show me the loop invariant.
 /no_think
--------------------------
----------Response----------
[unused16][unused17]loop invariant 1 <= n;
loop invariant 1 <= l;
loop invariant k >= 1;
loop invariant k < n;
loop invariant i >= l;
loop invariant i < n;
```
----------------------------
----------Prompt----------

/*
 * "nested4.c" from InvGen benchmark suite
 */

/*@
    requires l > 0;
    requires n > l;
*/
void oopsla_03(int n, int l) {
    int i,k;

    // Loop A
    /*@
        loop invariant i_77: 1 <= n;

        loop invariant i_78: 1 <= l;

        loop invariant i_79: k >= 1;

        loop invariant i_80: k < n;

        loop invariant i_81: i >= l;

        loop invariant i_82: i < n;


        loop assigns k;
        loop assigns i;
    */
    for (k=1; k<n; k++){
        
        // Loop B
        /*@
            loop assigns i;
        */
        for (i=l; i<n; i++) {
        }
        
        // Loop C
        /*@
            [Hint] Please infer the loop invariant for the following loop.

            loop assigns k;
            loop assigns i;
        */
        for (i=l; i<n; i++) {
            //@ assert a_1: 1<=i;
        }
    }

}

You are an expert in program verification, and please generate loop invariant as C annotation comments at the hint location (annotated by "[Hint] Please infer the loop invariant for the following loop.") using ACSL language.
ACSL is a specification language for C programs that conforms to the design by contract paradigm, utilizing Hoare style pre- and postconditions and invariants. Note that the `loop invariant` clause is a condition that is true at the beginning and end of every loop iteration.
Specifically, for the current verification task:
    - Pre-condition: 
    - Post-condition: i_77:1 <= n; i_78:1 <= l; i_79:k >= 1; i_80:k < n; i_81:i >= l; i_82:i < n; 
Please verify that the generated loop invariant is consistent with these constraints. If these specific pre- or post-conditions are not provided or empty, please infer the loop invariant strictly based on the program's execution logic and standard correctness.
In order to get a correct answer, You may want to consider both the situation of not entering the loop and the situation of jumping out of the loop. If some of the pre-conditions are also loop invariant, you need to add them to your answer as well.
Use '&&', '||', '==>', '\forall' or '\exists' if necessary. For instance:
```
loop invariant 1 <= x;
loop invariant x == y;
loop invariant 0 < x ==> y <= z;
loop invariant z % 2 == 1 || x == y;
loop invariant z % 2 == 1 && x <= y;
loop invariant \forall integer k;  0 <= k < i ==> max >=  a[k];
loop invariant \exists integer k;  0 <= k < i &&  max == a[k];
loop invariant \forall integer p; 0 <= p < \at(k, End_l) ==> res[p] == \at(res[p], End_l);
```
Your answer should follow the following format:
```
loop invariant ...;
loop invariant ...;
...
```
No explanation. No commentary. Just show me the loop invariant.
 /no_think
--------------------------
----------Response----------
[unused16][unused17][Loop <Loop C>]
loop invariant 1 <= i;

[Loop <Loop B>]
loop invariant l <= i;

[Loop <Loop A>]
loop invariant 1 <= n;
loop invariant 1 <= l;
loop invariant k >= 1;
loop invariant k < n;
loop invariant i >= l;
loop invariant i < n;
loop invariant k >= 1 && i == k;
```
----------------------------
----------Prompt----------

/*
 * "nested4.c" from InvGen benchmark suite
 */

/*@
    requires l > 0;
    requires n > l;
*/
void oopsla_03(int n, int l) {
    int i,k;

    // Loop A
    /*@
        loop invariant i_77: 1 <= n;

        loop invariant i_78: 1 <= l;

        loop invariant i_79: k >= 1;

        loop invariant i_80: k < n;

        loop invariant i_81: i >= l;

        loop invariant i_82: i < n;


        loop assigns k;
        loop assigns i;
    */
    for (k=1; k<n; k++){
        
        // Loop B
        /*@
            [Hint] Please infer the loop invariant for the following loop.

            loop assigns i;
        */
        for (i=l; i<n; i++) {
        }
        
        // Loop C
        /*@
            loop invariant i_83: 1 <= i;

            loop invariant i_84: l <= i;

            loop invariant i_85: 1 <= n;

            loop invariant i_86: 1 <= l;

            loop invariant i_87: k >= 1;

            loop invariant i_88: k < n;

            loop invariant i_89: i >= l;

            loop invariant i_90: i < n;

            loop invariant i_91: k >= 1 && i == k;


            loop assigns k;
            loop assigns i;
        */
        for (i=l; i<n; i++) {
            //@ assert a_1: 1<=i;
        }
    }

}

You are an expert in program verification, and please generate loop invariant as C annotation comments at the hint location (annotated by "[Hint] Please infer the loop invariant for the following loop.") using ACSL language.
ACSL is a specification language for C programs that conforms to the design by contract paradigm, utilizing Hoare style pre- and postconditions and invariants. Note that the `loop invariant` clause is a condition that is true at the beginning and end of every loop iteration.
Specifically, for the current verification task:
    - Pre-condition: i_77:1 <= n; i_78:1 <= l; i_79:k >= 1; i_80:k < n; i_81:i >= l; i_82:i < n; 
    - Post-condition: i_83:1 <= i; i_84:l <= i; i_85:1 <= n; i_86:1 <= l; i_87:k >= 1; i_88:k < n; i_89:i >= l; i_90:i < n; i_91:k >= 1 && i == k; 
Please verify that the generated loop invariant is consistent with these constraints. If these specific pre- or post-conditions are not provided or empty, please infer the loop invariant strictly based on the program's execution logic and standard correctness.
In order to get a correct answer, You may want to consider both the situation of not entering the loop and the situation of jumping out of the loop. If some of the pre-conditions are also loop invariant, you need to add them to your answer as well.
Use '&&', '||', '==>', '\forall' or '\exists' if necessary. For instance:
```
loop invariant 1 <= x;
loop invariant x == y;
loop invariant 0 < x ==> y <= z;
loop invariant z % 2 == 1 || x == y;
loop invariant z % 2 == 1 && x <= y;
loop invariant \forall integer k;  0 <= k < i ==> max >=  a[k];
loop invariant \exists integer k;  0 <= k < i &&  max == a[k];
loop invariant \forall integer p; 0 <= p < \at(k, End_l) ==> res[p] == \at(res[p], End_l);
```
Your answer should follow the following format:
```
loop invariant ...;
loop invariant ...;
...
```
No explanation. No commentary. Just show me the loop invariant.
 /no_think
--------------------------
----------Response----------
[unused16][unused17][Loop <CUR_LOOP>]
loop invariant 1 <= i;
loop invariant l <= i;
loop invariant 1 <= n;
loop invariant 1 <= l;
loop invariant k >= 1;
loop invariant i >= l;
loop invariant k < n;
loop invariant i < n;
loop invariant k >= 1 && i == k;
----------------------------
------------Invariant Info-----------
LOOP A:
i_77: 1 <= n
i_78: 1 <= l
i_79: k >= 1
i_80: k < n
i_81: i >= l
i_82: i < n
LOOP B:
i_92: 1 <= i
i_93: l <= i
i_94: 1 <= n
i_95: 1 <= l
i_96: k >= 1
i_97: i >= l
i_98: k < n
i_99: i < n
i_100: k >= 1 && i == k
LOOP C:
i_83: 1 <= i
i_84: l <= i
i_85: 1 <= n
i_86: 1 <= l
i_87: k >= 1
i_88: k < n
i_89: i >= l
i_90: i < n
i_91: k >= 1 && i == k
------------------------------------
---------- Code with Invariants ----------
/*
 * "nested4.c" from InvGen benchmark suite
 */

/*@
    requires l > 0;
    requires n > l;
*/
void oopsla_03(int n, int l) {
    int i,k;

    // Loop A
    /*@
        loop invariant i_77: 1 <= n;

        loop invariant i_78: 1 <= l;

        loop invariant i_79: k >= 1;

        loop invariant i_80: k < n;

        loop invariant i_81: i >= l;

        loop invariant i_82: i < n;


        loop assigns k;
        loop assigns i;
    */
    for (k=1; k<n; k++){
        
        // Loop B
        /*@
            loop invariant i_92: 1 <= i;

            loop invariant i_93: l <= i;

            loop invariant i_94: 1 <= n;

            loop invariant i_95: 1 <= l;

            loop invariant i_96: k >= 1;

            loop invariant i_97: i >= l;

            loop invariant i_98: k < n;

            loop invariant i_99: i < n;

            loop invariant i_100: k >= 1 && i == k;


            loop assigns i;
        */
        for (i=l; i<n; i++) {
        }
        
        // Loop C
        /*@
            loop invariant i_83: 1 <= i;

            loop invariant i_84: l <= i;

            loop invariant i_85: 1 <= n;

            loop invariant i_86: 1 <= l;

            loop invariant i_87: k >= 1;

            loop invariant i_88: k < n;

            loop invariant i_89: i >= l;

            loop invariant i_90: i < n;

            loop invariant i_91: k >= 1 && i == k;


            loop assigns k;
            loop assigns i;
        */
        for (i=l; i<n; i++) {
            //@ assert a_1: 1<=i;
        }
    }

}

------------------------------------------
Verification failed (Fail_48_53), removing all invariants and retrying.
Verification failed: reached maximum attempts.
---------Result---------
Fail
Model: openPangu-Embedded-7B-V1.1
Running time: 206.02011704444885
Proposal number: 5
Verified code:

------------------------
