-----------Model-----------
Model type:
PanguEmbeddedForCausalLM(
  (model): PanguEmbeddedModel(
    (embed_tokens): Embedding(153376, 4096, padding_idx=0)
    (layers): ModuleList(
      (0-33): 34 x PanguEmbeddedDecoderLayer(
        (self_attn): PanguEmbeddedAttention(
          (q_proj): Linear(in_features=4096, out_features=4096, bias=True)
          (k_proj): Linear(in_features=4096, out_features=1024, bias=True)
          (v_proj): Linear(in_features=4096, out_features=1024, bias=True)
          (o_proj): Linear(in_features=4096, out_features=4096, bias=True)
        )
        (mlp): PanguEmbeddedMLP(
          (gate_proj): Linear(in_features=4096, out_features=12800, bias=False)
          (up_proj): Linear(in_features=4096, out_features=12800, bias=False)
          (down_proj): Linear(in_features=12800, out_features=4096, bias=False)
          (act_fn): SiLU()
        )
        (input_layernorm): PanguEmbeddedRMSNorm((4096,), eps=1e-05)
        (post_attention_layernorm): PanguEmbeddedRMSNorm((4096,), eps=1e-05)
      )
    )
    (norm): PanguEmbeddedRMSNorm((4096,), eps=1e-05)
    (rotary_emb): PanguEmbeddedRotaryEmbedding()
  )
  (lm_head): Linear(in_features=4096, out_features=153376, bias=False)
)
Model device:
npu:1
---------------------------
File Path: ../Benchmark/OOPSLA/oopsla_19.c
----------Code----------
#include <assert.h>
int unknown1();
int unknown2();
int unknown3();
int unknown4();

/*
 * From "Simplifying Loop Invariant Generation using Splitter Predicates", Sharma et al. CAV'11
 */

/*@
    requires n >= 0;
    requires m >= 0;
    requires m < n;
*/
void oopsla_19(int n, int m){
    int x = 0; 
    int y = m;
    /*@
        loop assigns y;
        loop assigns x;
    */
    while(x < n) {
        x++;
        if(x > m) y++;
    }

    //@ assert  a_1: y == n;
}

------------------------
========== Attempt 1 ==========
----------Prompt----------

#include <assert.h>
int unknown1();
int unknown2();
int unknown3();
int unknown4();

/*
 * From "Simplifying Loop Invariant Generation using Splitter Predicates", Sharma et al. CAV'11
 */

/*@
    requires n >= 0;
    requires m >= 0;
    requires m < n;
*/
void oopsla_19(int n, int m){
    int x = 0; 
    int y = m;
    // Loop A
    /*@
        [Hint] Please infer the loop invariant for the following loop.

        loop assigns y;
        loop assigns x;
    */
    while(x < n) {
        x++;
        if(x > m) y++;
    }

    //@ assert  a_1: y == n;
}

You are an expert in program verification, and please generate loop invariant as C annotation comments at the hint location (annotated by "[Hint] Please infer the loop invariant for the following loop.") using ACSL language.
ACSL is a specification language for C programs that conforms to the design by contract paradigm, utilizing Hoare style pre- and postconditions and invariants. Note that the `loop invariant` clause is a condition that is true at the beginning and end of every loop iteration.
Specifically, for the current verification task:
    - Pre-condition: the function's `requires` clauses
    - Post-condition: a_1:y == n; 
Please verify that the generated loop invariant is consistent with these constraints. If these specific pre- or post-conditions are not provided or empty, please infer the loop invariant strictly based on the program's execution logic and standard correctness.
In order to get a correct answer, You may want to consider both the situation of not entering the loop and the situation of jumping out of the loop. If some of the pre-conditions are also loop invariant, you need to add them to your answer as well.
Use '&&', '||', '==>', '\forall' or '\exists' if necessary. For instance:
```
loop invariant 1 <= x;
loop invariant x == y;
loop invariant 0 < x ==> y <= z;
loop invariant z % 2 == 1 || x == y;
loop invariant z % 2 == 1 && x <= y;
loop invariant \forall integer k;  0 <= k < i ==> max >=  a[k];
loop invariant \exists integer k;  0 <= k < i &&  max == a[k];
loop invariant \forall integer p; 0 <= p < \at(k, End_l) ==> res[p] == \at(res[p], End_l);
```
Your answer should follow the following format:
```
loop invariant ...;
loop invariant ...;
...
```
No explanation. No commentary. Just show me the loop invariant.
 /no_think
--------------------------
----------Response----------
[unused16][unused17]loop invariant x >= 0;
loop invariant y >= 0;
loop invariant x <= n;
loop invariant y <= m;
loop invariant x <= m || y >= m + 1;
```
----------------------------
------------Invariant Info-----------
LOOP A:
i_0: x >= 0
i_1: y >= 0
i_2: x <= n
i_3: y <= m
i_4: x <= m || y >= m + 1
------------------------------------
---------- Code with Invariants ----------
#include <assert.h>
int unknown1();
int unknown2();
int unknown3();
int unknown4();

/*
 * From "Simplifying Loop Invariant Generation using Splitter Predicates", Sharma et al. CAV'11
 */

/*@
    requires n >= 0;
    requires m >= 0;
    requires m < n;
*/
void oopsla_19(int n, int m){
    int x = 0; 
    int y = m;
    // Loop A
    /*@
        loop invariant i_0: x >= 0;

        loop invariant i_1: y >= 0;

        loop invariant i_2: x <= n;

        loop invariant i_3: y <= m;

        loop invariant i_4: x <= m || y >= m + 1;


        loop assigns y;
        loop assigns x;
    */
    while(x < n) {
        x++;
        if(x > m) y++;
    }

    //@ assert  a_1: y == n;
}

------------------------------------------
Verification failed (Fail_11_13), removing all invariants and retrying.
========== Attempt 2 ==========
----------Prompt----------

#include <assert.h>
int unknown1();
int unknown2();
int unknown3();
int unknown4();

/*
 * From "Simplifying Loop Invariant Generation using Splitter Predicates", Sharma et al. CAV'11
 */

/*@
    requires n >= 0;
    requires m >= 0;
    requires m < n;
*/
void oopsla_19(int n, int m){
    int x = 0; 
    int y = m;
    // Loop A
    /*@
        [Hint] Please infer the loop invariant for the following loop.

        loop assigns y;
        loop assigns x;
    */
    while(x < n) {
        x++;
        if(x > m) y++;
    }

    //@ assert  a_1: y == n;
}

You are an expert in program verification, and please generate loop invariant as C annotation comments at the hint location (annotated by "[Hint] Please infer the loop invariant for the following loop.") using ACSL language.
ACSL is a specification language for C programs that conforms to the design by contract paradigm, utilizing Hoare style pre- and postconditions and invariants. Note that the `loop invariant` clause is a condition that is true at the beginning and end of every loop iteration.
Specifically, for the current verification task:
    - Pre-condition: the function's `requires` clauses
    - Post-condition: a_1:y == n; 
Please verify that the generated loop invariant is consistent with these constraints. If these specific pre- or post-conditions are not provided or empty, please infer the loop invariant strictly based on the program's execution logic and standard correctness.
In order to get a correct answer, You may want to consider both the situation of not entering the loop and the situation of jumping out of the loop. If some of the pre-conditions are also loop invariant, you need to add them to your answer as well.
Use '&&', '||', '==>', '\forall' or '\exists' if necessary. For instance:
```
loop invariant 1 <= x;
loop invariant x == y;
loop invariant 0 < x ==> y <= z;
loop invariant z % 2 == 1 || x == y;
loop invariant z % 2 == 1 && x <= y;
loop invariant \forall integer k;  0 <= k < i ==> max >=  a[k];
loop invariant \exists integer k;  0 <= k < i &&  max == a[k];
loop invariant \forall integer p; 0 <= p < \at(k, End_l) ==> res[p] == \at(res[p], End_l);
```
Your answer should follow the following format:
```
loop invariant ...;
loop invariant ...;
...
```
No explanation. No commentary. Just show me the loop invariant.
 /no_think
--------------------------
----------Response----------
[unused16][unused17]loop invariant x >= 0;
loop invariant x <= n;
loop invariant y >= 0;
loop invariant y <= n;
loop invariant x + y <= n + m;
```
----------------------------
------------Invariant Info-----------
LOOP A:
i_5: x >= 0
i_6: x <= n
i_7: y >= 0
i_8: y <= n
i_9: x + y <= n + m
------------------------------------
---------- Code with Invariants ----------
#include <assert.h>
int unknown1();
int unknown2();
int unknown3();
int unknown4();

/*
 * From "Simplifying Loop Invariant Generation using Splitter Predicates", Sharma et al. CAV'11
 */

/*@
    requires n >= 0;
    requires m >= 0;
    requires m < n;
*/
void oopsla_19(int n, int m){
    int x = 0; 
    int y = m;
    // Loop A
    /*@
        loop invariant i_5: x >= 0;

        loop invariant i_6: x <= n;

        loop invariant i_7: y >= 0;

        loop invariant i_8: y <= n;

        loop invariant i_9: x + y <= n + m;


        loop assigns y;
        loop assigns x;
    */
    while(x < n) {
        x++;
        if(x > m) y++;
    }

    //@ assert  a_1: y == n;
}

------------------------------------------
Verification failed (Fail_10_13), removing all invariants and retrying.
========== Attempt 3 ==========
----------Prompt----------

#include <assert.h>
int unknown1();
int unknown2();
int unknown3();
int unknown4();

/*
 * From "Simplifying Loop Invariant Generation using Splitter Predicates", Sharma et al. CAV'11
 */

/*@
    requires n >= 0;
    requires m >= 0;
    requires m < n;
*/
void oopsla_19(int n, int m){
    int x = 0; 
    int y = m;
    // Loop A
    /*@
        [Hint] Please infer the loop invariant for the following loop.

        loop assigns y;
        loop assigns x;
    */
    while(x < n) {
        x++;
        if(x > m) y++;
    }

    //@ assert  a_1: y == n;
}

You are an expert in program verification, and please generate loop invariant as C annotation comments at the hint location (annotated by "[Hint] Please infer the loop invariant for the following loop.") using ACSL language.
ACSL is a specification language for C programs that conforms to the design by contract paradigm, utilizing Hoare style pre- and postconditions and invariants. Note that the `loop invariant` clause is a condition that is true at the beginning and end of every loop iteration.
Specifically, for the current verification task:
    - Pre-condition: the function's `requires` clauses
    - Post-condition: a_1:y == n; 
Please verify that the generated loop invariant is consistent with these constraints. If these specific pre- or post-conditions are not provided or empty, please infer the loop invariant strictly based on the program's execution logic and standard correctness.
In order to get a correct answer, You may want to consider both the situation of not entering the loop and the situation of jumping out of the loop. If some of the pre-conditions are also loop invariant, you need to add them to your answer as well.
Use '&&', '||', '==>', '\forall' or '\exists' if necessary. For instance:
```
loop invariant 1 <= x;
loop invariant x == y;
loop invariant 0 < x ==> y <= z;
loop invariant z % 2 == 1 || x == y;
loop invariant z % 2 == 1 && x <= y;
loop invariant \forall integer k;  0 <= k < i ==> max >=  a[k];
loop invariant \exists integer k;  0 <= k < i &&  max == a[k];
loop invariant \forall integer p; 0 <= p < \at(k, End_l) ==> res[p] == \at(res[p], End_l);
```
Your answer should follow the following format:
```
loop invariant ...;
loop invariant ...;
...
```
No explanation. No commentary. Just show me the loop invariant.
 /no_think
--------------------------
----------Response----------
[unused16][unused17]loop invariant x >= 0;
loop invariant x <= n;
loop invariant y <= n;
loop invariant x <= y;
```
----------------------------
------------Invariant Info-----------
LOOP A:
i_10: x >= 0
i_11: x <= n
i_12: y <= n
i_13: x <= y
------------------------------------
---------- Code with Invariants ----------
#include <assert.h>
int unknown1();
int unknown2();
int unknown3();
int unknown4();

/*
 * From "Simplifying Loop Invariant Generation using Splitter Predicates", Sharma et al. CAV'11
 */

/*@
    requires n >= 0;
    requires m >= 0;
    requires m < n;
*/
void oopsla_19(int n, int m){
    int x = 0; 
    int y = m;
    // Loop A
    /*@
        loop invariant i_10: x >= 0;

        loop invariant i_11: x <= n;

        loop invariant i_12: y <= n;

        loop invariant i_13: x <= y;


        loop assigns y;
        loop assigns x;
    */
    while(x < n) {
        x++;
        if(x > m) y++;
    }

    //@ assert  a_1: y == n;
}

------------------------------------------
Verification failed (Fail_9_11), removing all invariants and retrying.
========== Attempt 4 ==========
----------Prompt----------

#include <assert.h>
int unknown1();
int unknown2();
int unknown3();
int unknown4();

/*
 * From "Simplifying Loop Invariant Generation using Splitter Predicates", Sharma et al. CAV'11
 */

/*@
    requires n >= 0;
    requires m >= 0;
    requires m < n;
*/
void oopsla_19(int n, int m){
    int x = 0; 
    int y = m;
    // Loop A
    /*@
        [Hint] Please infer the loop invariant for the following loop.

        loop assigns y;
        loop assigns x;
    */
    while(x < n) {
        x++;
        if(x > m) y++;
    }

    //@ assert  a_1: y == n;
}

You are an expert in program verification, and please generate loop invariant as C annotation comments at the hint location (annotated by "[Hint] Please infer the loop invariant for the following loop.") using ACSL language.
ACSL is a specification language for C programs that conforms to the design by contract paradigm, utilizing Hoare style pre- and postconditions and invariants. Note that the `loop invariant` clause is a condition that is true at the beginning and end of every loop iteration.
Specifically, for the current verification task:
    - Pre-condition: the function's `requires` clauses
    - Post-condition: a_1:y == n; 
Please verify that the generated loop invariant is consistent with these constraints. If these specific pre- or post-conditions are not provided or empty, please infer the loop invariant strictly based on the program's execution logic and standard correctness.
In order to get a correct answer, You may want to consider both the situation of not entering the loop and the situation of jumping out of the loop. If some of the pre-conditions are also loop invariant, you need to add them to your answer as well.
Use '&&', '||', '==>', '\forall' or '\exists' if necessary. For instance:
```
loop invariant 1 <= x;
loop invariant x == y;
loop invariant 0 < x ==> y <= z;
loop invariant z % 2 == 1 || x == y;
loop invariant z % 2 == 1 && x <= y;
loop invariant \forall integer k;  0 <= k < i ==> max >=  a[k];
loop invariant \exists integer k;  0 <= k < i &&  max == a[k];
loop invariant \forall integer p; 0 <= p < \at(k, End_l) ==> res[p] == \at(res[p], End_l);
```
Your answer should follow the following format:
```
loop invariant ...;
loop invariant ...;
...
```
No explanation. No commentary. Just show me the loop invariant.
 /no_think
--------------------------
----------Response----------
[unused16][unused17]loop invariant x <= n;
loop invariant x >= 0;
loop invariant y <= m;
loop invariant x == x;
```
----------------------------
------------Invariant Info-----------
LOOP A:
i_14: x <= n
i_15: x >= 0
i_16: y <= m
i_17: x == x
------------------------------------
---------- Code with Invariants ----------
#include <assert.h>
int unknown1();
int unknown2();
int unknown3();
int unknown4();

/*
 * From "Simplifying Loop Invariant Generation using Splitter Predicates", Sharma et al. CAV'11
 */

/*@
    requires n >= 0;
    requires m >= 0;
    requires m < n;
*/
void oopsla_19(int n, int m){
    int x = 0; 
    int y = m;
    // Loop A
    /*@
        loop invariant i_14: x <= n;

        loop invariant i_15: x >= 0;

        loop invariant i_16: y <= m;

        loop invariant i_17: x == x;


        loop assigns y;
        loop assigns x;
    */
    while(x < n) {
        x++;
        if(x > m) y++;
    }

    //@ assert  a_1: y == n;
}

------------------------------------------
Verification failed (Fail_9_11), removing all invariants and retrying.
========== Attempt 5 ==========
----------Prompt----------

#include <assert.h>
int unknown1();
int unknown2();
int unknown3();
int unknown4();

/*
 * From "Simplifying Loop Invariant Generation using Splitter Predicates", Sharma et al. CAV'11
 */

/*@
    requires n >= 0;
    requires m >= 0;
    requires m < n;
*/
void oopsla_19(int n, int m){
    int x = 0; 
    int y = m;
    // Loop A
    /*@
        [Hint] Please infer the loop invariant for the following loop.

        loop assigns y;
        loop assigns x;
    */
    while(x < n) {
        x++;
        if(x > m) y++;
    }

    //@ assert  a_1: y == n;
}

You are an expert in program verification, and please generate loop invariant as C annotation comments at the hint location (annotated by "[Hint] Please infer the loop invariant for the following loop.") using ACSL language.
ACSL is a specification language for C programs that conforms to the design by contract paradigm, utilizing Hoare style pre- and postconditions and invariants. Note that the `loop invariant` clause is a condition that is true at the beginning and end of every loop iteration.
Specifically, for the current verification task:
    - Pre-condition: the function's `requires` clauses
    - Post-condition: a_1:y == n; 
Please verify that the generated loop invariant is consistent with these constraints. If these specific pre- or post-conditions are not provided or empty, please infer the loop invariant strictly based on the program's execution logic and standard correctness.
In order to get a correct answer, You may want to consider both the situation of not entering the loop and the situation of jumping out of the loop. If some of the pre-conditions are also loop invariant, you need to add them to your answer as well.
Use '&&', '||', '==>', '\forall' or '\exists' if necessary. For instance:
```
loop invariant 1 <= x;
loop invariant x == y;
loop invariant 0 < x ==> y <= z;
loop invariant z % 2 == 1 || x == y;
loop invariant z % 2 == 1 && x <= y;
loop invariant \forall integer k;  0 <= k < i ==> max >=  a[k];
loop invariant \exists integer k;  0 <= k < i &&  max == a[k];
loop invariant \forall integer p; 0 <= p < \at(k, End_l) ==> res[p] == \at(res[p], End_l);
```
Your answer should follow the following format:
```
loop invariant ...;
loop invariant ...;
...
```
No explanation. No commentary. Just show me the loop invariant.
 /no_think
--------------------------
----------Response----------
[unused16][unused17]loop invariant x >= 0;
loop invariant y >= 0;
loop invariant x <= n;
loop invariant y <= m;
loop invariant x + y <= n + m;
```
----------------------------
------------Invariant Info-----------
LOOP A:
i_18: x >= 0
i_19: y >= 0
i_20: x <= n
i_21: y <= m
i_22: x + y <= n + m
------------------------------------
---------- Code with Invariants ----------
#include <assert.h>
int unknown1();
int unknown2();
int unknown3();
int unknown4();

/*
 * From "Simplifying Loop Invariant Generation using Splitter Predicates", Sharma et al. CAV'11
 */

/*@
    requires n >= 0;
    requires m >= 0;
    requires m < n;
*/
void oopsla_19(int n, int m){
    int x = 0; 
    int y = m;
    // Loop A
    /*@
        loop invariant i_18: x >= 0;

        loop invariant i_19: y >= 0;

        loop invariant i_20: x <= n;

        loop invariant i_21: y <= m;

        loop invariant i_22: x + y <= n + m;


        loop assigns y;
        loop assigns x;
    */
    while(x < n) {
        x++;
        if(x > m) y++;
    }

    //@ assert  a_1: y == n;
}

------------------------------------------
Verification failed (Fail_11_13), removing all invariants and retrying.
Verification failed: reached maximum attempts.
---------Result---------
Fail
Model: openPangu-Embedded-7B-V1.1
Running time: 84.66978311538696
Proposal number: 5
Verified code:

------------------------
