-----------Model-----------
Model type:
PanguEmbeddedForCausalLM(
  (model): PanguEmbeddedModel(
    (embed_tokens): Embedding(153376, 4096, padding_idx=0)
    (layers): ModuleList(
      (0-33): 34 x PanguEmbeddedDecoderLayer(
        (self_attn): PanguEmbeddedAttention(
          (q_proj): Linear(in_features=4096, out_features=4096, bias=True)
          (k_proj): Linear(in_features=4096, out_features=1024, bias=True)
          (v_proj): Linear(in_features=4096, out_features=1024, bias=True)
          (o_proj): Linear(in_features=4096, out_features=4096, bias=True)
        )
        (mlp): PanguEmbeddedMLP(
          (gate_proj): Linear(in_features=4096, out_features=12800, bias=False)
          (up_proj): Linear(in_features=4096, out_features=12800, bias=False)
          (down_proj): Linear(in_features=12800, out_features=4096, bias=False)
          (act_fn): SiLU()
        )
        (input_layernorm): PanguEmbeddedRMSNorm((4096,), eps=1e-05)
        (post_attention_layernorm): PanguEmbeddedRMSNorm((4096,), eps=1e-05)
      )
    )
    (norm): PanguEmbeddedRMSNorm((4096,), eps=1e-05)
    (rotary_emb): PanguEmbeddedRotaryEmbedding()
  )
  (lm_head): Linear(in_features=4096, out_features=153376, bias=False)
)
Model device:
npu:1
---------------------------
File Path: ../Benchmark/acsl-algorithms/_merge.c
----------Code----------
/*@
  predicate Sorted(int *t, integer lo, integer hi) =
    \forall integer i, j; lo <= i <= j < hi ==> t[i] <= t[j];
*/

/*@
    requires \valid(A + (0..a- 1));
    requires \valid(B + (0..b - 1));
    requires \valid(res + (0..a + b - 1));
    requires \separated(&A[0..(a-1)], &B[0..(b-1)], &res[0..(a+b-1)]);
    requires a > 0;
    requires b > 0;
    requires Sorted(A, 0, a);
    requires Sorted(B, 0, b);
    assigns res[0..a + b - 1];
    ensures e_1: Sorted(res, 0, a + b);
*/
void _merge(int A[], int B[], int res[], int a, int b) {
    int i = 0;
    int j = 0;
    int k = 0;
    /*@
        loop assigns i, j, k;
        loop assigns res[0..a + b - 1];
    */
    while (i < a && j < b) {
        if (A[i] <= B[j]) {
            res[k] = A[i];
            k = k + 1;
            i = i + 1;
        } 
        else {
            res[k] = B[j];
            k = k + 1;
            j = j + 1;
        }
    }
    //@ ghost End_l: ;
    
    /*@
        loop assigns res[0..a + b - 1];
        loop assigns i, k;
    */
    while (i < a) {
        res[k] = A[i];
        k = k + 1;
        i = i + 1;
    }

    /*@
        loop assigns res[0..a + b - 1];
        loop assigns j, k;
    */
    while (j < b) {
        res[k] = B[j];
        k = k + 1;
        j = j + 1;
    }
}
------------------------
========== Attempt 1 ==========
----------Prompt----------

/*@
  predicate Sorted(int *t, integer lo, integer hi) =
    \forall integer i, j; lo <= i <= j < hi ==> t[i] <= t[j];
*/

/*@
    requires \valid(A + (0..a- 1));
    requires \valid(B + (0..b - 1));
    requires \valid(res + (0..a + b - 1));
    requires \separated(&A[0..(a-1)], &B[0..(b-1)], &res[0..(a+b-1)]);
    requires a > 0;
    requires b > 0;
    requires Sorted(A, 0, a);
    requires Sorted(B, 0, b);
    assigns res[0..a + b - 1];
    ensures e_1: Sorted(res, 0, a + b);
*/
void _merge(int A[], int B[], int res[], int a, int b) {
    int i = 0;
    int j = 0;
    int k = 0;
    // Loop A
    /*@
        [Hint] Please infer the loop invariant for the following loop.

        loop assigns i, j, k;
        loop assigns res[0..a + b - 1];
    */
    while (i < a && j < b) {
        if (A[i] <= B[j]) {
            res[k] = A[i];
            k = k + 1;
            i = i + 1;
        } 
        else {
            res[k] = B[j];
            k = k + 1;
            j = j + 1;
        }
    }
    //@ ghost End_l: ;
    
    // Loop B
    /*@
        loop assigns res[0..a + b - 1];
        loop assigns i, k;
    */
    while (i < a) {
        res[k] = A[i];
        k = k + 1;
        i = i + 1;
    }

    // Loop C
    /*@
        loop assigns res[0..a + b - 1];
        loop assigns j, k;
    */
    while (j < b) {
        res[k] = B[j];
        k = k + 1;
        j = j + 1;
    }
}
You are an expert in program verification, and please generate loop invariant as C annotation comments at the hint location (annotated by "[Hint] Please infer the loop invariant for the following loop.") using ACSL language.
ACSL is a specification language for C programs that conforms to the design by contract paradigm, utilizing Hoare style pre- and postconditions and invariants. Note that the `loop invariant` clause is a condition that is true at the beginning and end of every loop iteration.
Specifically, for the current verification task:
    - Pre-condition: the function's `requires` clauses
    - Post-condition: 
Please verify that the generated loop invariant is consistent with these constraints. If these specific pre- or post-conditions are not provided or empty, please infer the loop invariant strictly based on the program's execution logic and standard correctness.
In order to get a correct answer, You may want to consider both the situation of not entering the loop and the situation of jumping out of the loop. If some of the pre-conditions are also loop invariant, you need to add them to your answer as well.
Use '&&', '||', '==>', '\forall' or '\exists' if necessary. For instance:
```
loop invariant 1 <= x;
loop invariant x == y;
loop invariant 0 < x ==> y <= z;
loop invariant z % 2 == 1 || x == y;
loop invariant z % 2 == 1 && x <= y;
loop invariant \forall integer k;  0 <= k < i ==> max >=  a[k];
loop invariant \exists integer k;  0 <= k < i &&  max == a[k];
loop invariant \forall integer p; 0 <= p < \at(k, End_l) ==> res[p] == \at(res[p], End_l);
```
Your answer should follow the following format:
```
loop invariant ...;
loop invariant ...;
...
```
No explanation. No commentary. Just show me the loop invariant.
 /no_think
--------------------------
----------Response----------
[unused16][unused17]loop invariant i + j + k == a + b;
loop invariant 0 <= i < a && 0 <= j < b && 0 <= k < a + b;
loop invariant \forall integer p;  0 <= p < \at(k, End_l) ==>  res[p] == \at(res[p], End_l);
loop invariant \forall integer p;  0 <= p < i ==>  res[p] == A[p];
loop invariant \forall integer p;  0 <= p < j ==>  res[p] == B[p];
loop invariant \forall integer p;  0 <= p < k ==>  res[p] is set from A or B during loop execution;
----------------------------
----------Prompt----------

/*@
  predicate Sorted(int *t, integer lo, integer hi) =
    \forall integer i, j; lo <= i <= j < hi ==> t[i] <= t[j];
*/

/*@
    requires \valid(A + (0..a- 1));
    requires \valid(B + (0..b - 1));
    requires \valid(res + (0..a + b - 1));
    requires \separated(&A[0..(a-1)], &B[0..(b-1)], &res[0..(a+b-1)]);
    requires a > 0;
    requires b > 0;
    requires Sorted(A, 0, a);
    requires Sorted(B, 0, b);
    assigns res[0..a + b - 1];
    ensures e_1: Sorted(res, 0, a + b);
*/
void _merge(int A[], int B[], int res[], int a, int b) {
    int i = 0;
    int j = 0;
    int k = 0;
    // Loop A
    /*@
        loop invariant i_0: i + j + k == a + b;

        loop invariant i_1: 0 <= i < a && 0 <= j < b && 0 <= k < a + b;

        loop invariant i_2: \forall integer p; 0 <= p < \at(k, End_l) ==> res[p] == \at(res[p], End_l);

        loop invariant i_3: \forall integer p; 0 <= p < i ==> res[p] == A[p];

        loop invariant i_4: \forall integer p; 0 <= p < j ==> res[p] == B[p];

        loop invariant i_5: \forall integer p; 0 <= p < k ==> res[p] is set from A or B during loop execution;


        loop assigns i, j, k;
        loop assigns res[0..a + b - 1];
    */
    while (i < a && j < b) {
        if (A[i] <= B[j]) {
            res[k] = A[i];
            k = k + 1;
            i = i + 1;
        } 
        else {
            res[k] = B[j];
            k = k + 1;
            j = j + 1;
        }
    }
    //@ ghost End_l: ;
    
    // Loop B
    /*@
        loop assigns res[0..a + b - 1];
        loop assigns i, k;
    */
    while (i < a) {
        res[k] = A[i];
        k = k + 1;
        i = i + 1;
    }

    // Loop C
    /*@
        [Hint] Please infer the loop invariant for the following loop.

        loop assigns res[0..a + b - 1];
        loop assigns j, k;
    */
    while (j < b) {
        res[k] = B[j];
        k = k + 1;
        j = j + 1;
    }
}
You are an expert in program verification, and please generate loop invariant as C annotation comments at the hint location (annotated by "[Hint] Please infer the loop invariant for the following loop.") using ACSL language.
ACSL is a specification language for C programs that conforms to the design by contract paradigm, utilizing Hoare style pre- and postconditions and invariants. Note that the `loop invariant` clause is a condition that is true at the beginning and end of every loop iteration.
Specifically, for the current verification task:
    - Pre-condition: 
    - Post-condition: e_1:Sorted(res, 0, a + b); 
Please verify that the generated loop invariant is consistent with these constraints. If these specific pre- or post-conditions are not provided or empty, please infer the loop invariant strictly based on the program's execution logic and standard correctness.
In order to get a correct answer, You may want to consider both the situation of not entering the loop and the situation of jumping out of the loop. If some of the pre-conditions are also loop invariant, you need to add them to your answer as well.
Use '&&', '||', '==>', '\forall' or '\exists' if necessary. For instance:
```
loop invariant 1 <= x;
loop invariant x == y;
loop invariant 0 < x ==> y <= z;
loop invariant z % 2 == 1 || x == y;
loop invariant z % 2 == 1 && x <= y;
loop invariant \forall integer k;  0 <= k < i ==> max >=  a[k];
loop invariant \exists integer k;  0 <= k < i &&  max == a[k];
loop invariant \forall integer p; 0 <= p < \at(k, End_l) ==> res[p] == \at(res[p], End_l);
```
Your answer should follow the following format:
```
loop invariant ...;
loop invariant ...;
...
```
No explanation. No commentary. Just show me the loop invariant.
 /no_think
--------------------------
----------Response----------
[unused16][unused17][Loop <Loop C>]
loop invariant j_0: i + k == a + b;

[Loop <Loop C>]
loop invariant j_1: 0 <= j < b && 0 <= k < a + b;

[Loop <Loop C>]
loop invariant j_2: \forall integer p; 0 <= p < j ==> res[p] == B[p];

[Loop <Loop C>]
loop invariant j_3: \forall integer p; 0 <= p < k ==> res[p] is set from A or B during loop execution;
----------------------------
----------Prompt----------

/*@
  predicate Sorted(int *t, integer lo, integer hi) =
    \forall integer i, j; lo <= i <= j < hi ==> t[i] <= t[j];
*/

/*@
    requires \valid(A + (0..a- 1));
    requires \valid(B + (0..b - 1));
    requires \valid(res + (0..a + b - 1));
    requires \separated(&A[0..(a-1)], &B[0..(b-1)], &res[0..(a+b-1)]);
    requires a > 0;
    requires b > 0;
    requires Sorted(A, 0, a);
    requires Sorted(B, 0, b);
    assigns res[0..a + b - 1];
    ensures e_1: Sorted(res, 0, a + b);
*/
void _merge(int A[], int B[], int res[], int a, int b) {
    int i = 0;
    int j = 0;
    int k = 0;
    // Loop A
    /*@
        loop invariant i_0: i + j + k == a + b;

        loop invariant i_1: 0 <= i < a && 0 <= j < b && 0 <= k < a + b;

        loop invariant i_2: \forall integer p; 0 <= p < \at(k, End_l) ==> res[p] == \at(res[p], End_l);

        loop invariant i_3: \forall integer p; 0 <= p < i ==> res[p] == A[p];

        loop invariant i_4: \forall integer p; 0 <= p < j ==> res[p] == B[p];

        loop invariant i_5: \forall integer p; 0 <= p < k ==> res[p] is set from A or B during loop execution;


        loop assigns i, j, k;
        loop assigns res[0..a + b - 1];
    */
    while (i < a && j < b) {
        if (A[i] <= B[j]) {
            res[k] = A[i];
            k = k + 1;
            i = i + 1;
        } 
        else {
            res[k] = B[j];
            k = k + 1;
            j = j + 1;
        }
    }
    //@ ghost End_l: ;
    
    // Loop B
    /*@
        [Hint] Please infer the loop invariant for the following loop.

        loop assigns res[0..a + b - 1];
        loop assigns i, k;
    */
    while (i < a) {
        res[k] = A[i];
        k = k + 1;
        i = i + 1;
    }

    // Loop C
    /*@
        loop invariant i_6: i + k == a + b;

        loop invariant i_7: 0 <= j < b && 0 <= k < a + b;

        loop invariant i_8: \forall integer p; 0 <= p < j ==> res[p] == B[p];

        loop invariant i_9: \forall integer p; 0 <= p < k ==> res[p] is set from A or B during loop execution;


        loop assigns res[0..a + b - 1];
        loop assigns j, k;
    */
    while (j < b) {
        res[k] = B[j];
        k = k + 1;
        j = j + 1;
    }
}
You are an expert in program verification, and please generate loop invariant as C annotation comments at the hint location (annotated by "[Hint] Please infer the loop invariant for the following loop.") using ACSL language.
ACSL is a specification language for C programs that conforms to the design by contract paradigm, utilizing Hoare style pre- and postconditions and invariants. Note that the `loop invariant` clause is a condition that is true at the beginning and end of every loop iteration.
Specifically, for the current verification task:
    - Pre-condition: i_0:i + j + k == a + b; i_1:0 <= i < a && 0 <= j < b && 0 <= k < a + b; i_2:\forall integer p; 0 <= p < \at(k, End_l) ==> res[p] == \at(res[p], End_l); i_3:\forall integer p; 0 <= p < i ==> res[p] == A[p]; i_4:\forall integer p; 0 <= p < j ==> res[p] == B[p]; i_5:\forall integer p; 0 <= p < k ==> res[p] is set from A or B during loop execution; 
    - Post-condition: i_6:i + k == a + b; i_7:0 <= j < b && 0 <= k < a + b; i_8:\forall integer p; 0 <= p < j ==> res[p] == B[p]; i_9:\forall integer p; 0 <= p < k ==> res[p] is set from A or B during loop execution; 
Please verify that the generated loop invariant is consistent with these constraints. If these specific pre- or post-conditions are not provided or empty, please infer the loop invariant strictly based on the program's execution logic and standard correctness.
In order to get a correct answer, You may want to consider both the situation of not entering the loop and the situation of jumping out of the loop. If some of the pre-conditions are also loop invariant, you need to add them to your answer as well.
Use '&&', '||', '==>', '\forall' or '\exists' if necessary. For instance:
```
loop invariant 1 <= x;
loop invariant x == y;
loop invariant 0 < x ==> y <= z;
loop invariant z % 2 == 1 || x == y;
loop invariant z % 2 == 1 && x <= y;
loop invariant \forall integer k;  0 <= k < i ==> max >=  a[k];
loop invariant \exists integer k;  0 <= k < i &&  max == a[k];
loop invariant \forall integer p; 0 <= p < \at(k, End_l) ==> res[p] == \at(res[p], End_l);
```
Your answer should follow the following format:
```
loop invariant ...;
loop invariant ...;
...
```
No explanation. No commentary. Just show me the loop invariant.
 /no_think
--------------------------
----------Response----------
[unused16][unused17]```
loop invariant i_0: i + j + k == a + b;

loop invariant i_1: 0 <= i < a && 0 <= j < b && 0 <= k < a + b;

loop invariant i_2: \forall integer p; 0 <= p < \at(k, End_l) ==> res[p] == \at(res[p], End_l);

loop invariant i_3: \forall integer p; 0 <= p < i ==> res[p] == A[p];

loop invariant i_4: \forall integer p; 0 <= p < j ==> res[p] == B[p];

loop invariant i_5: \forall integer p; 0 <= p < k ==> res[p] is set from A or B during loop execution;

loop invariant i_6: i + k == a + b;

loop invariant i_7: 0 <= j < b && 0 <= k < a + b;

loop invariant i_8: \forall integer p; 0 <= p < j ==> res[p] == B[p];

loop invariant i_9: \forall integer p; 0 <= p < k ==> res[p] is set from A or B during loop execution;
```
----------------------------
------------Invariant Info-----------
LOOP A:
i_0: i + j + k == a + b
i_1: 0 <= i < a && 0 <= j < b && 0 <= k < a + b
i_2: \forall integer p; 0 <= p < \at(k, End_l) ==> res[p] == \at(res[p], End_l)
i_3: \forall integer p; 0 <= p < i ==> res[p] == A[p]
i_4: \forall integer p; 0 <= p < j ==> res[p] == B[p]
i_5: \forall integer p; 0 <= p < k ==> res[p] is set from A or B during loop execution
LOOP B:
i_10: i + j + k == a + b
i_11: 0 <= i < a && 0 <= j < b && 0 <= k < a + b
i_12: \forall integer p; 0 <= p < \at(k, End_l) ==> res[p] == \at(res[p], End_l)
i_13: \forall integer p; 0 <= p < i ==> res[p] == A[p]
i_14: \forall integer p; 0 <= p < j ==> res[p] == B[p]
i_15: \forall integer p; 0 <= p < k ==> res[p] is set from A or B during loop execution
i_16: i + k == a + b
i_17: 0 <= j < b && 0 <= k < a + b
LOOP C:
i_6: i + k == a + b
i_7: 0 <= j < b && 0 <= k < a + b
i_8: \forall integer p; 0 <= p < j ==> res[p] == B[p]
i_9: \forall integer p; 0 <= p < k ==> res[p] is set from A or B during loop execution
------------------------------------
---------- Code with Invariants ----------
/*@
  predicate Sorted(int *t, integer lo, integer hi) =
    \forall integer i, j; lo <= i <= j < hi ==> t[i] <= t[j];
*/

/*@
    requires \valid(A + (0..a- 1));
    requires \valid(B + (0..b - 1));
    requires \valid(res + (0..a + b - 1));
    requires \separated(&A[0..(a-1)], &B[0..(b-1)], &res[0..(a+b-1)]);
    requires a > 0;
    requires b > 0;
    requires Sorted(A, 0, a);
    requires Sorted(B, 0, b);
    assigns res[0..a + b - 1];
    ensures e_1: Sorted(res, 0, a + b);
*/
void _merge(int A[], int B[], int res[], int a, int b) {
    int i = 0;
    int j = 0;
    int k = 0;
    // Loop A
    /*@
        loop invariant i_0: i + j + k == a + b;

        loop invariant i_1: 0 <= i < a && 0 <= j < b && 0 <= k < a + b;

        loop invariant i_2: \forall integer p; 0 <= p < \at(k, End_l) ==> res[p] == \at(res[p], End_l);

        loop invariant i_3: \forall integer p; 0 <= p < i ==> res[p] == A[p];

        loop invariant i_4: \forall integer p; 0 <= p < j ==> res[p] == B[p];

        loop invariant i_5: \forall integer p; 0 <= p < k ==> res[p] is set from A or B during loop execution;


        loop assigns i, j, k;
        loop assigns res[0..a + b - 1];
    */
    while (i < a && j < b) {
        if (A[i] <= B[j]) {
            res[k] = A[i];
            k = k + 1;
            i = i + 1;
        } 
        else {
            res[k] = B[j];
            k = k + 1;
            j = j + 1;
        }
    }
    //@ ghost End_l: ;
    
    // Loop B
    /*@
        loop invariant i_10: i + j + k == a + b;

        loop invariant i_11: 0 <= i < a && 0 <= j < b && 0 <= k < a + b;

        loop invariant i_12: \forall integer p; 0 <= p < \at(k, End_l) ==> res[p] == \at(res[p], End_l);

        loop invariant i_13: \forall integer p; 0 <= p < i ==> res[p] == A[p];

        loop invariant i_14: \forall integer p; 0 <= p < j ==> res[p] == B[p];

        loop invariant i_15: \forall integer p; 0 <= p < k ==> res[p] is set from A or B during loop execution;

        loop invariant i_16: i + k == a + b;

        loop invariant i_17: 0 <= j < b && 0 <= k < a + b;


        loop assigns res[0..a + b - 1];
        loop assigns i, k;
    */
    while (i < a) {
        res[k] = A[i];
        k = k + 1;
        i = i + 1;
    }

    // Loop C
    /*@
        loop invariant i_6: i + k == a + b;

        loop invariant i_7: 0 <= j < b && 0 <= k < a + b;

        loop invariant i_8: \forall integer p; 0 <= p < j ==> res[p] == B[p];

        loop invariant i_9: \forall integer p; 0 <= p < k ==> res[p] is set from A or B during loop execution;


        loop assigns res[0..a + b - 1];
        loop assigns j, k;
    */
    while (j < b) {
        res[k] = B[j];
        k = k + 1;
        j = j + 1;
    }
}
------------------------------------------
Verification failed (Invalid), removing all invariants and retrying.
========== Attempt 2 ==========
----------Prompt----------

/*@
  predicate Sorted(int *t, integer lo, integer hi) =
    \forall integer i, j; lo <= i <= j < hi ==> t[i] <= t[j];
*/

/*@
    requires \valid(A + (0..a- 1));
    requires \valid(B + (0..b - 1));
    requires \valid(res + (0..a + b - 1));
    requires \separated(&A[0..(a-1)], &B[0..(b-1)], &res[0..(a+b-1)]);
    requires a > 0;
    requires b > 0;
    requires Sorted(A, 0, a);
    requires Sorted(B, 0, b);
    assigns res[0..a + b - 1];
    ensures e_1: Sorted(res, 0, a + b);
*/
void _merge(int A[], int B[], int res[], int a, int b) {
    int i = 0;
    int j = 0;
    int k = 0;
    // Loop A
    /*@
        [Hint] Please infer the loop invariant for the following loop.

        loop assigns i, j, k;
        loop assigns res[0..a + b - 1];
    */
    while (i < a && j < b) {
        if (A[i] <= B[j]) {
            res[k] = A[i];
            k = k + 1;
            i = i + 1;
        } 
        else {
            res[k] = B[j];
            k = k + 1;
            j = j + 1;
        }
    }
    //@ ghost End_l: ;
    
    // Loop B
    /*@
        loop assigns res[0..a + b - 1];
        loop assigns i, k;
    */
    while (i < a) {
        res[k] = A[i];
        k = k + 1;
        i = i + 1;
    }

    // Loop C
    /*@
        loop assigns res[0..a + b - 1];
        loop assigns j, k;
    */
    while (j < b) {
        res[k] = B[j];
        k = k + 1;
        j = j + 1;
    }
}
You are an expert in program verification, and please generate loop invariant as C annotation comments at the hint location (annotated by "[Hint] Please infer the loop invariant for the following loop.") using ACSL language.
ACSL is a specification language for C programs that conforms to the design by contract paradigm, utilizing Hoare style pre- and postconditions and invariants. Note that the `loop invariant` clause is a condition that is true at the beginning and end of every loop iteration.
Specifically, for the current verification task:
    - Pre-condition: the function's `requires` clauses
    - Post-condition: 
Please verify that the generated loop invariant is consistent with these constraints. If these specific pre- or post-conditions are not provided or empty, please infer the loop invariant strictly based on the program's execution logic and standard correctness.
In order to get a correct answer, You may want to consider both the situation of not entering the loop and the situation of jumping out of the loop. If some of the pre-conditions are also loop invariant, you need to add them to your answer as well.
Use '&&', '||', '==>', '\forall' or '\exists' if necessary. For instance:
```
loop invariant 1 <= x;
loop invariant x == y;
loop invariant 0 < x ==> y <= z;
loop invariant z % 2 == 1 || x == y;
loop invariant z % 2 == 1 && x <= y;
loop invariant \forall integer k;  0 <= k < i ==> max >=  a[k];
loop invariant \exists integer k;  0 <= k < i &&  max == a[k];
loop invariant \forall integer p; 0 <= p < \at(k, End_l) ==> res[p] == \at(res[p], End_l);
```
Your answer should follow the following format:
```
loop invariant ...;
loop invariant ...;
...
```
No explanation. No commentary. Just show me the loop invariant.
 /no_think
--------------------------
----------Response----------
[unused16][unused17]loop invariant i + j + k <= a + b;
loop invariant 0 <= k <= a + b - 1;
loop invariant \exists integer k;  0 <= k < a + b - 1 ==> res[k] == A[i] for some i < a;
loop invariant \exists integer k;  0 <= k < a + b - 1 ==> res[k] == B[j] for some j < b;
loop invariant \forall integer i, j;  0 <= i < a, 0 <= j < b, 0 <= k < a + b - 1 ==> i + j + k == k\_prev + 1;
```
loop invariant \forall integer k;  0 <= k < a + b - 1 ==> res[k] == \at(res[k], prev);
```
----------------------------
----------Prompt----------

/*@
  predicate Sorted(int *t, integer lo, integer hi) =
    \forall integer i, j; lo <= i <= j < hi ==> t[i] <= t[j];
*/

/*@
    requires \valid(A + (0..a- 1));
    requires \valid(B + (0..b - 1));
    requires \valid(res + (0..a + b - 1));
    requires \separated(&A[0..(a-1)], &B[0..(b-1)], &res[0..(a+b-1)]);
    requires a > 0;
    requires b > 0;
    requires Sorted(A, 0, a);
    requires Sorted(B, 0, b);
    assigns res[0..a + b - 1];
    ensures e_1: Sorted(res, 0, a + b);
*/
void _merge(int A[], int B[], int res[], int a, int b) {
    int i = 0;
    int j = 0;
    int k = 0;
    // Loop A
    /*@
        loop invariant i_18: i + j + k <= a + b;

        loop invariant i_19: 0 <= k <= a + b - 1;

        loop invariant i_20: \exists integer k; 0 <= k < a + b - 1 ==> res[k] == A[i] for some i < a;

        loop invariant i_21: \exists integer k; 0 <= k < a + b - 1 ==> res[k] == B[j] for some j < b;

        loop invariant i_22: \forall integer i, j; 0 <= i < a, 0 <= j < b, 0 <= k < a + b - 1 ==> i + j + k == k\_prev + 1;

        loop invariant i_23: \forall integer k; 0 <= k < a + b - 1 ==> res[k] == \at(res[k], prev);


        loop assigns i, j, k;
        loop assigns res[0..a + b - 1];
    */
    while (i < a && j < b) {
        if (A[i] <= B[j]) {
            res[k] = A[i];
            k = k + 1;
            i = i + 1;
        } 
        else {
            res[k] = B[j];
            k = k + 1;
            j = j + 1;
        }
    }
    //@ ghost End_l: ;
    
    // Loop B
    /*@
        loop assigns res[0..a + b - 1];
        loop assigns i, k;
    */
    while (i < a) {
        res[k] = A[i];
        k = k + 1;
        i = i + 1;
    }

    // Loop C
    /*@
        [Hint] Please infer the loop invariant for the following loop.

        loop assigns res[0..a + b - 1];
        loop assigns j, k;
    */
    while (j < b) {
        res[k] = B[j];
        k = k + 1;
        j = j + 1;
    }
}
You are an expert in program verification, and please generate loop invariant as C annotation comments at the hint location (annotated by "[Hint] Please infer the loop invariant for the following loop.") using ACSL language.
ACSL is a specification language for C programs that conforms to the design by contract paradigm, utilizing Hoare style pre- and postconditions and invariants. Note that the `loop invariant` clause is a condition that is true at the beginning and end of every loop iteration.
Specifically, for the current verification task:
    - Pre-condition: 
    - Post-condition: e_1:Sorted(res, 0, a + b); 
Please verify that the generated loop invariant is consistent with these constraints. If these specific pre- or post-conditions are not provided or empty, please infer the loop invariant strictly based on the program's execution logic and standard correctness.
In order to get a correct answer, You may want to consider both the situation of not entering the loop and the situation of jumping out of the loop. If some of the pre-conditions are also loop invariant, you need to add them to your answer as well.
Use '&&', '||', '==>', '\forall' or '\exists' if necessary. For instance:
```
loop invariant 1 <= x;
loop invariant x == y;
loop invariant 0 < x ==> y <= z;
loop invariant z % 2 == 1 || x == y;
loop invariant z % 2 == 1 && x <= y;
loop invariant \forall integer k;  0 <= k < i ==> max >=  a[k];
loop invariant \exists integer k;  0 <= k < i &&  max == a[k];
loop invariant \forall integer p; 0 <= p < \at(k, End_l) ==> res[p] == \at(res[p], End_l);
```
Your answer should follow the following format:
```
loop invariant ...;
loop invariant ...;
...
```
No explanation. No commentary. Just show me the loop invariant.
 /no_think
--------------------------
----------Response----------
[unused16][unused17]loop invariant 0 <= i < a, 0 <= j < b, 0 <= k < a + b - 1;
loop invariant \exists integer k; 0 <= k < a + b - 1 ==> res[k] == A[i] for some i < a;
loop invariant \exists integer k; 0 <= k < a + b - 1 ==> res[k] == B[j] for some j < b;
loop invariant \forall integer i, j, k; 0 <= i < a, 0 <= j < b, 0 <= k < a + b - 1 ==> i + j + k == k\_prev + 1;
loop invariant \forall integer k; 0 <= k < a + b - 1 ==> res[k] == \at(res[k], prev);
----------------------------
----------Prompt----------

/*@
  predicate Sorted(int *t, integer lo, integer hi) =
    \forall integer i, j; lo <= i <= j < hi ==> t[i] <= t[j];
*/

/*@
    requires \valid(A + (0..a- 1));
    requires \valid(B + (0..b - 1));
    requires \valid(res + (0..a + b - 1));
    requires \separated(&A[0..(a-1)], &B[0..(b-1)], &res[0..(a+b-1)]);
    requires a > 0;
    requires b > 0;
    requires Sorted(A, 0, a);
    requires Sorted(B, 0, b);
    assigns res[0..a + b - 1];
    ensures e_1: Sorted(res, 0, a + b);
*/
void _merge(int A[], int B[], int res[], int a, int b) {
    int i = 0;
    int j = 0;
    int k = 0;
    // Loop A
    /*@
        loop invariant i_18: i + j + k <= a + b;

        loop invariant i_19: 0 <= k <= a + b - 1;

        loop invariant i_20: \exists integer k; 0 <= k < a + b - 1 ==> res[k] == A[i] for some i < a;

        loop invariant i_21: \exists integer k; 0 <= k < a + b - 1 ==> res[k] == B[j] for some j < b;

        loop invariant i_22: \forall integer i, j; 0 <= i < a, 0 <= j < b, 0 <= k < a + b - 1 ==> i + j + k == k\_prev + 1;

        loop invariant i_23: \forall integer k; 0 <= k < a + b - 1 ==> res[k] == \at(res[k], prev);


        loop assigns i, j, k;
        loop assigns res[0..a + b - 1];
    */
    while (i < a && j < b) {
        if (A[i] <= B[j]) {
            res[k] = A[i];
            k = k + 1;
            i = i + 1;
        } 
        else {
            res[k] = B[j];
            k = k + 1;
            j = j + 1;
        }
    }
    //@ ghost End_l: ;
    
    // Loop B
    /*@
        [Hint] Please infer the loop invariant for the following loop.

        loop assigns res[0..a + b - 1];
        loop assigns i, k;
    */
    while (i < a) {
        res[k] = A[i];
        k = k + 1;
        i = i + 1;
    }

    // Loop C
    /*@
        loop invariant i_24: 0 <= i < a, 0 <= j < b, 0 <= k < a + b - 1;

        loop invariant i_25: \exists integer k; 0 <= k < a + b - 1 ==> res[k] == A[i] for some i < a;

        loop invariant i_26: \exists integer k; 0 <= k < a + b - 1 ==> res[k] == B[j] for some j < b;

        loop invariant i_27: \forall integer i, j, k; 0 <= i < a, 0 <= j < b, 0 <= k < a + b - 1 ==> i + j + k == k\_prev + 1;

        loop invariant i_28: \forall integer k; 0 <= k < a + b - 1 ==> res[k] == \at(res[k], prev);


        loop assigns res[0..a + b - 1];
        loop assigns j, k;
    */
    while (j < b) {
        res[k] = B[j];
        k = k + 1;
        j = j + 1;
    }
}
You are an expert in program verification, and please generate loop invariant as C annotation comments at the hint location (annotated by "[Hint] Please infer the loop invariant for the following loop.") using ACSL language.
ACSL is a specification language for C programs that conforms to the design by contract paradigm, utilizing Hoare style pre- and postconditions and invariants. Note that the `loop invariant` clause is a condition that is true at the beginning and end of every loop iteration.
Specifically, for the current verification task:
    - Pre-condition: i_18:i + j + k <= a + b; i_19:0 <= k <= a + b - 1; i_20:\exists integer k; 0 <= k < a + b - 1 ==> res[k] == A[i] for some i < a; i_21:\exists integer k; 0 <= k < a + b - 1 ==> res[k] == B[j] for some j < b; i_22:\forall integer i, j; 0 <= i < a, 0 <= j < b, 0 <= k < a + b - 1 ==> i + j + k == k\_prev + 1; i_23:\forall integer k; 0 <= k < a + b - 1 ==> res[k] == \at(res[k], prev); 
    - Post-condition: i_24:0 <= i < a, 0 <= j < b, 0 <= k < a + b - 1; i_25:\exists integer k; 0 <= k < a + b - 1 ==> res[k] == A[i] for some i < a; i_26:\exists integer k; 0 <= k < a + b - 1 ==> res[k] == B[j] for some j < b; i_27:\forall integer i, j, k; 0 <= i < a, 0 <= j < b, 0 <= k < a + b - 1 ==> i + j + k == k\_prev + 1; i_28:\forall integer k; 0 <= k < a + b - 1 ==> res[k] == \at(res[k], prev); 
Please verify that the generated loop invariant is consistent with these constraints. If these specific pre- or post-conditions are not provided or empty, please infer the loop invariant strictly based on the program's execution logic and standard correctness.
In order to get a correct answer, You may want to consider both the situation of not entering the loop and the situation of jumping out of the loop. If some of the pre-conditions are also loop invariant, you need to add them to your answer as well.
Use '&&', '||', '==>', '\forall' or '\exists' if necessary. For instance:
```
loop invariant 1 <= x;
loop invariant x == y;
loop invariant 0 < x ==> y <= z;
loop invariant z % 2 == 1 || x == y;
loop invariant z % 2 == 1 && x <= y;
loop invariant \forall integer k;  0 <= k < i ==> max >=  a[k];
loop invariant \exists integer k;  0 <= k < i &&  max == a[k];
loop invariant \forall integer p; 0 <= p < \at(k, End_l) ==> res[p] == \at(res[p], End_l);
```
Your answer should follow the following format:
```
loop invariant ...;
loop invariant ...;
...
```
No explanation. No commentary. Just show me the loop invariant.
 /no_think
--------------------------
----------Response----------
[unused16][unused17]```
loop invariant i + j + k <= a + b;
loop invariant 0 <= k <= a + b - 1;
```
----------------------------
------------Invariant Info-----------
LOOP A:
i_18: i + j + k <= a + b
i_19: 0 <= k <= a + b - 1
i_20: \exists integer k; 0 <= k < a + b - 1 ==> res[k] == A[i] for some i < a
i_21: \exists integer k; 0 <= k < a + b - 1 ==> res[k] == B[j] for some j < b
i_22: \forall integer i, j; 0 <= i < a, 0 <= j < b, 0 <= k < a + b - 1 ==> i + j + k == k\_prev + 1
i_23: \forall integer k; 0 <= k < a + b - 1 ==> res[k] == \at(res[k], prev)
LOOP B:
i_29: i + j + k <= a + b
i_30: 0 <= k <= a + b - 1
LOOP C:
i_24: 0 <= i < a, 0 <= j < b, 0 <= k < a + b - 1
i_25: \exists integer k; 0 <= k < a + b - 1 ==> res[k] == A[i] for some i < a
i_26: \exists integer k; 0 <= k < a + b - 1 ==> res[k] == B[j] for some j < b
i_27: \forall integer i, j, k; 0 <= i < a, 0 <= j < b, 0 <= k < a + b - 1 ==> i + j + k == k\_prev + 1
i_28: \forall integer k; 0 <= k < a + b - 1 ==> res[k] == \at(res[k], prev)
------------------------------------
---------- Code with Invariants ----------
/*@
  predicate Sorted(int *t, integer lo, integer hi) =
    \forall integer i, j; lo <= i <= j < hi ==> t[i] <= t[j];
*/

/*@
    requires \valid(A + (0..a- 1));
    requires \valid(B + (0..b - 1));
    requires \valid(res + (0..a + b - 1));
    requires \separated(&A[0..(a-1)], &B[0..(b-1)], &res[0..(a+b-1)]);
    requires a > 0;
    requires b > 0;
    requires Sorted(A, 0, a);
    requires Sorted(B, 0, b);
    assigns res[0..a + b - 1];
    ensures e_1: Sorted(res, 0, a + b);
*/
void _merge(int A[], int B[], int res[], int a, int b) {
    int i = 0;
    int j = 0;
    int k = 0;
    // Loop A
    /*@
        loop invariant i_18: i + j + k <= a + b;

        loop invariant i_19: 0 <= k <= a + b - 1;

        loop invariant i_20: \exists integer k; 0 <= k < a + b - 1 ==> res[k] == A[i] for some i < a;

        loop invariant i_21: \exists integer k; 0 <= k < a + b - 1 ==> res[k] == B[j] for some j < b;

        loop invariant i_22: \forall integer i, j; 0 <= i < a, 0 <= j < b, 0 <= k < a + b - 1 ==> i + j + k == k\_prev + 1;

        loop invariant i_23: \forall integer k; 0 <= k < a + b - 1 ==> res[k] == \at(res[k], prev);


        loop assigns i, j, k;
        loop assigns res[0..a + b - 1];
    */
    while (i < a && j < b) {
        if (A[i] <= B[j]) {
            res[k] = A[i];
            k = k + 1;
            i = i + 1;
        } 
        else {
            res[k] = B[j];
            k = k + 1;
            j = j + 1;
        }
    }
    //@ ghost End_l: ;
    
    // Loop B
    /*@
        loop invariant i_29: i + j + k <= a + b;

        loop invariant i_30: 0 <= k <= a + b - 1;


        loop assigns res[0..a + b - 1];
        loop assigns i, k;
    */
    while (i < a) {
        res[k] = A[i];
        k = k + 1;
        i = i + 1;
    }

    // Loop C
    /*@
        loop invariant i_24: 0 <= i < a, 0 <= j < b, 0 <= k < a + b - 1;

        loop invariant i_25: \exists integer k; 0 <= k < a + b - 1 ==> res[k] == A[i] for some i < a;

        loop invariant i_26: \exists integer k; 0 <= k < a + b - 1 ==> res[k] == B[j] for some j < b;

        loop invariant i_27: \forall integer i, j, k; 0 <= i < a, 0 <= j < b, 0 <= k < a + b - 1 ==> i + j + k == k\_prev + 1;

        loop invariant i_28: \forall integer k; 0 <= k < a + b - 1 ==> res[k] == \at(res[k], prev);


        loop assigns res[0..a + b - 1];
        loop assigns j, k;
    */
    while (j < b) {
        res[k] = B[j];
        k = k + 1;
        j = j + 1;
    }
}
------------------------------------------
Verification failed (Invalid), removing all invariants and retrying.
========== Attempt 3 ==========
----------Prompt----------

/*@
  predicate Sorted(int *t, integer lo, integer hi) =
    \forall integer i, j; lo <= i <= j < hi ==> t[i] <= t[j];
*/

/*@
    requires \valid(A + (0..a- 1));
    requires \valid(B + (0..b - 1));
    requires \valid(res + (0..a + b - 1));
    requires \separated(&A[0..(a-1)], &B[0..(b-1)], &res[0..(a+b-1)]);
    requires a > 0;
    requires b > 0;
    requires Sorted(A, 0, a);
    requires Sorted(B, 0, b);
    assigns res[0..a + b - 1];
    ensures e_1: Sorted(res, 0, a + b);
*/
void _merge(int A[], int B[], int res[], int a, int b) {
    int i = 0;
    int j = 0;
    int k = 0;
    // Loop A
    /*@
        [Hint] Please infer the loop invariant for the following loop.

        loop assigns i, j, k;
        loop assigns res[0..a + b - 1];
    */
    while (i < a && j < b) {
        if (A[i] <= B[j]) {
            res[k] = A[i];
            k = k + 1;
            i = i + 1;
        } 
        else {
            res[k] = B[j];
            k = k + 1;
            j = j + 1;
        }
    }
    //@ ghost End_l: ;
    
    // Loop B
    /*@
        loop assigns res[0..a + b - 1];
        loop assigns i, k;
    */
    while (i < a) {
        res[k] = A[i];
        k = k + 1;
        i = i + 1;
    }

    // Loop C
    /*@
        loop assigns res[0..a + b - 1];
        loop assigns j, k;
    */
    while (j < b) {
        res[k] = B[j];
        k = k + 1;
        j = j + 1;
    }
}
You are an expert in program verification, and please generate loop invariant as C annotation comments at the hint location (annotated by "[Hint] Please infer the loop invariant for the following loop.") using ACSL language.
ACSL is a specification language for C programs that conforms to the design by contract paradigm, utilizing Hoare style pre- and postconditions and invariants. Note that the `loop invariant` clause is a condition that is true at the beginning and end of every loop iteration.
Specifically, for the current verification task:
    - Pre-condition: the function's `requires` clauses
    - Post-condition: 
Please verify that the generated loop invariant is consistent with these constraints. If these specific pre- or post-conditions are not provided or empty, please infer the loop invariant strictly based on the program's execution logic and standard correctness.
In order to get a correct answer, You may want to consider both the situation of not entering the loop and the situation of jumping out of the loop. If some of the pre-conditions are also loop invariant, you need to add them to your answer as well.
Use '&&', '||', '==>', '\forall' or '\exists' if necessary. For instance:
```
loop invariant 1 <= x;
loop invariant x == y;
loop invariant 0 < x ==> y <= z;
loop invariant z % 2 == 1 || x == y;
loop invariant z % 2 == 1 && x <= y;
loop invariant \forall integer k;  0 <= k < i ==> max >=  a[k];
loop invariant \exists integer k;  0 <= k < i &&  max == a[k];
loop invariant \forall integer p; 0 <= p < \at(k, End_l) ==> res[p] == \at(res[p], End_l);
```
Your answer should follow the following format:
```
loop invariant ...;
loop invariant ...;
...
```
No explanation. No commentary. Just show me the loop invariant.
 /no_think
--------------------------
----------Response----------
[unused16][unused17]loop invariant i + j + k == a + b;
loop invariant 0 <= i < a && 0 <= j < b && 0 <= k < a + b;
loop invariant \forall integer p;  0 <= p < \at(k, End_l) ==> res[p] == \at(res[p], End_l);
----------------------------
----------Prompt----------

/*@
  predicate Sorted(int *t, integer lo, integer hi) =
    \forall integer i, j; lo <= i <= j < hi ==> t[i] <= t[j];
*/

/*@
    requires \valid(A + (0..a- 1));
    requires \valid(B + (0..b - 1));
    requires \valid(res + (0..a + b - 1));
    requires \separated(&A[0..(a-1)], &B[0..(b-1)], &res[0..(a+b-1)]);
    requires a > 0;
    requires b > 0;
    requires Sorted(A, 0, a);
    requires Sorted(B, 0, b);
    assigns res[0..a + b - 1];
    ensures e_1: Sorted(res, 0, a + b);
*/
void _merge(int A[], int B[], int res[], int a, int b) {
    int i = 0;
    int j = 0;
    int k = 0;
    // Loop A
    /*@
        loop invariant i_31: i + j + k == a + b;

        loop invariant i_32: 0 <= i < a && 0 <= j < b && 0 <= k < a + b;

        loop invariant i_33: \forall integer p; 0 <= p < \at(k, End_l) ==> res[p] == \at(res[p], End_l);


        loop assigns i, j, k;
        loop assigns res[0..a + b - 1];
    */
    while (i < a && j < b) {
        if (A[i] <= B[j]) {
            res[k] = A[i];
            k = k + 1;
            i = i + 1;
        } 
        else {
            res[k] = B[j];
            k = k + 1;
            j = j + 1;
        }
    }
    //@ ghost End_l: ;
    
    // Loop B
    /*@
        loop assigns res[0..a + b - 1];
        loop assigns i, k;
    */
    while (i < a) {
        res[k] = A[i];
        k = k + 1;
        i = i + 1;
    }

    // Loop C
    /*@
        [Hint] Please infer the loop invariant for the following loop.

        loop assigns res[0..a + b - 1];
        loop assigns j, k;
    */
    while (j < b) {
        res[k] = B[j];
        k = k + 1;
        j = j + 1;
    }
}
You are an expert in program verification, and please generate loop invariant as C annotation comments at the hint location (annotated by "[Hint] Please infer the loop invariant for the following loop.") using ACSL language.
ACSL is a specification language for C programs that conforms to the design by contract paradigm, utilizing Hoare style pre- and postconditions and invariants. Note that the `loop invariant` clause is a condition that is true at the beginning and end of every loop iteration.
Specifically, for the current verification task:
    - Pre-condition: 
    - Post-condition: e_1:Sorted(res, 0, a + b); 
Please verify that the generated loop invariant is consistent with these constraints. If these specific pre- or post-conditions are not provided or empty, please infer the loop invariant strictly based on the program's execution logic and standard correctness.
In order to get a correct answer, You may want to consider both the situation of not entering the loop and the situation of jumping out of the loop. If some of the pre-conditions are also loop invariant, you need to add them to your answer as well.
Use '&&', '||', '==>', '\forall' or '\exists' if necessary. For instance:
```
loop invariant 1 <= x;
loop invariant x == y;
loop invariant 0 < x ==> y <= z;
loop invariant z % 2 == 1 || x == y;
loop invariant z % 2 == 1 && x <= y;
loop invariant \forall integer k;  0 <= k < i ==> max >=  a[k];
loop invariant \exists integer k;  0 <= k < i &&  max == a[k];
loop invariant \forall integer p; 0 <= p < \at(k, End_l) ==> res[p] == \at(res[p], End_l);
```
Your answer should follow the following format:
```
loop invariant ...;
loop invariant ...;
...
```
No explanation. No commentary. Just show me the loop invariant.
 /no_think
--------------------------
----------Response----------
[unused16][unused17]```
loop invariant i + j + k == a + b;
loop invariant 0 <= i < a && 0 <= j < b && 0 <= k < a + b;
loop invariant \forall integer p; 0 <= p < \at(k, End_l) ==> res[p] == \at(res[p], End_l);
```
----------------------------
----------Prompt----------

/*@
  predicate Sorted(int *t, integer lo, integer hi) =
    \forall integer i, j; lo <= i <= j < hi ==> t[i] <= t[j];
*/

/*@
    requires \valid(A + (0..a- 1));
    requires \valid(B + (0..b - 1));
    requires \valid(res + (0..a + b - 1));
    requires \separated(&A[0..(a-1)], &B[0..(b-1)], &res[0..(a+b-1)]);
    requires a > 0;
    requires b > 0;
    requires Sorted(A, 0, a);
    requires Sorted(B, 0, b);
    assigns res[0..a + b - 1];
    ensures e_1: Sorted(res, 0, a + b);
*/
void _merge(int A[], int B[], int res[], int a, int b) {
    int i = 0;
    int j = 0;
    int k = 0;
    // Loop A
    /*@
        loop invariant i_31: i + j + k == a + b;

        loop invariant i_32: 0 <= i < a && 0 <= j < b && 0 <= k < a + b;

        loop invariant i_33: \forall integer p; 0 <= p < \at(k, End_l) ==> res[p] == \at(res[p], End_l);


        loop assigns i, j, k;
        loop assigns res[0..a + b - 1];
    */
    while (i < a && j < b) {
        if (A[i] <= B[j]) {
            res[k] = A[i];
            k = k + 1;
            i = i + 1;
        } 
        else {
            res[k] = B[j];
            k = k + 1;
            j = j + 1;
        }
    }
    //@ ghost End_l: ;
    
    // Loop B
    /*@
        [Hint] Please infer the loop invariant for the following loop.

        loop assigns res[0..a + b - 1];
        loop assigns i, k;
    */
    while (i < a) {
        res[k] = A[i];
        k = k + 1;
        i = i + 1;
    }

    // Loop C
    /*@
        loop invariant i_34: i + j + k == a + b;

        loop invariant i_35: 0 <= i < a && 0 <= j < b && 0 <= k < a + b;

        loop invariant i_36: \forall integer p; 0 <= p < \at(k, End_l) ==> res[p] == \at(res[p], End_l);


        loop assigns res[0..a + b - 1];
        loop assigns j, k;
    */
    while (j < b) {
        res[k] = B[j];
        k = k + 1;
        j = j + 1;
    }
}
You are an expert in program verification, and please generate loop invariant as C annotation comments at the hint location (annotated by "[Hint] Please infer the loop invariant for the following loop.") using ACSL language.
ACSL is a specification language for C programs that conforms to the design by contract paradigm, utilizing Hoare style pre- and postconditions and invariants. Note that the `loop invariant` clause is a condition that is true at the beginning and end of every loop iteration.
Specifically, for the current verification task:
    - Pre-condition: i_31:i + j + k == a + b; i_32:0 <= i < a && 0 <= j < b && 0 <= k < a + b; i_33:\forall integer p; 0 <= p < \at(k, End_l) ==> res[p] == \at(res[p], End_l); 
    - Post-condition: i_34:i + j + k == a + b; i_35:0 <= i < a && 0 <= j < b && 0 <= k < a + b; i_36:\forall integer p; 0 <= p < \at(k, End_l) ==> res[p] == \at(res[p], End_l); 
Please verify that the generated loop invariant is consistent with these constraints. If these specific pre- or post-conditions are not provided or empty, please infer the loop invariant strictly based on the program's execution logic and standard correctness.
In order to get a correct answer, You may want to consider both the situation of not entering the loop and the situation of jumping out of the loop. If some of the pre-conditions are also loop invariant, you need to add them to your answer as well.
Use '&&', '||', '==>', '\forall' or '\exists' if necessary. For instance:
```
loop invariant 1 <= x;
loop invariant x == y;
loop invariant 0 < x ==> y <= z;
loop invariant z % 2 == 1 || x == y;
loop invariant z % 2 == 1 && x <= y;
loop invariant \forall integer k;  0 <= k < i ==> max >=  a[k];
loop invariant \exists integer k;  0 <= k < i &&  max == a[k];
loop invariant \forall integer p; 0 <= p < \at(k, End_l) ==> res[p] == \at(res[p], End_l);
```
Your answer should follow the following format:
```
loop invariant ...;
loop invariant ...;
...
```
No explanation. No commentary. Just show me the loop invariant.
 /no_think
--------------------------
----------Response----------
[unused16][unused17][Loop <CUR_LOOP>]
loop invariant i + j + k == a + b;
loop invariant 0 <= i < a && 0 <= j < b && 0 <= k < a + b;
loop invariant \forall integer p; 0 <= p < \at(k, End_l) ==> res[p] == \at(res[p], End_l);
----------------------------
------------Invariant Info-----------
LOOP A:
i_31: i + j + k == a + b
i_32: 0 <= i < a && 0 <= j < b && 0 <= k < a + b
i_33: \forall integer p; 0 <= p < \at(k, End_l) ==> res[p] == \at(res[p], End_l)
LOOP B:
i_37: i + j + k == a + b
i_38: 0 <= i < a && 0 <= j < b && 0 <= k < a + b
i_39: \forall integer p; 0 <= p < \at(k, End_l) ==> res[p] == \at(res[p], End_l)
LOOP C:
i_34: i + j + k == a + b
i_35: 0 <= i < a && 0 <= j < b && 0 <= k < a + b
i_36: \forall integer p; 0 <= p < \at(k, End_l) ==> res[p] == \at(res[p], End_l)
------------------------------------
---------- Code with Invariants ----------
/*@
  predicate Sorted(int *t, integer lo, integer hi) =
    \forall integer i, j; lo <= i <= j < hi ==> t[i] <= t[j];
*/

/*@
    requires \valid(A + (0..a- 1));
    requires \valid(B + (0..b - 1));
    requires \valid(res + (0..a + b - 1));
    requires \separated(&A[0..(a-1)], &B[0..(b-1)], &res[0..(a+b-1)]);
    requires a > 0;
    requires b > 0;
    requires Sorted(A, 0, a);
    requires Sorted(B, 0, b);
    assigns res[0..a + b - 1];
    ensures e_1: Sorted(res, 0, a + b);
*/
void _merge(int A[], int B[], int res[], int a, int b) {
    int i = 0;
    int j = 0;
    int k = 0;
    // Loop A
    /*@
        loop invariant i_31: i + j + k == a + b;

        loop invariant i_32: 0 <= i < a && 0 <= j < b && 0 <= k < a + b;

        loop invariant i_33: \forall integer p; 0 <= p < \at(k, End_l) ==> res[p] == \at(res[p], End_l);


        loop assigns i, j, k;
        loop assigns res[0..a + b - 1];
    */
    while (i < a && j < b) {
        if (A[i] <= B[j]) {
            res[k] = A[i];
            k = k + 1;
            i = i + 1;
        } 
        else {
            res[k] = B[j];
            k = k + 1;
            j = j + 1;
        }
    }
    //@ ghost End_l: ;
    
    // Loop B
    /*@
        loop invariant i_37: i + j + k == a + b;

        loop invariant i_38: 0 <= i < a && 0 <= j < b && 0 <= k < a + b;

        loop invariant i_39: \forall integer p; 0 <= p < \at(k, End_l) ==> res[p] == \at(res[p], End_l);


        loop assigns res[0..a + b - 1];
        loop assigns i, k;
    */
    while (i < a) {
        res[k] = A[i];
        k = k + 1;
        i = i + 1;
    }

    // Loop C
    /*@
        loop invariant i_34: i + j + k == a + b;

        loop invariant i_35: 0 <= i < a && 0 <= j < b && 0 <= k < a + b;

        loop invariant i_36: \forall integer p; 0 <= p < \at(k, End_l) ==> res[p] == \at(res[p], End_l);


        loop assigns res[0..a + b - 1];
        loop assigns j, k;
    */
    while (j < b) {
        res[k] = B[j];
        k = k + 1;
        j = j + 1;
    }
}
------------------------------------------
Verification failed (Invalid), removing all invariants and retrying.
========== Attempt 4 ==========
----------Prompt----------

/*@
  predicate Sorted(int *t, integer lo, integer hi) =
    \forall integer i, j; lo <= i <= j < hi ==> t[i] <= t[j];
*/

/*@
    requires \valid(A + (0..a- 1));
    requires \valid(B + (0..b - 1));
    requires \valid(res + (0..a + b - 1));
    requires \separated(&A[0..(a-1)], &B[0..(b-1)], &res[0..(a+b-1)]);
    requires a > 0;
    requires b > 0;
    requires Sorted(A, 0, a);
    requires Sorted(B, 0, b);
    assigns res[0..a + b - 1];
    ensures e_1: Sorted(res, 0, a + b);
*/
void _merge(int A[], int B[], int res[], int a, int b) {
    int i = 0;
    int j = 0;
    int k = 0;
    // Loop A
    /*@
        [Hint] Please infer the loop invariant for the following loop.

        loop assigns i, j, k;
        loop assigns res[0..a + b - 1];
    */
    while (i < a && j < b) {
        if (A[i] <= B[j]) {
            res[k] = A[i];
            k = k + 1;
            i = i + 1;
        } 
        else {
            res[k] = B[j];
            k = k + 1;
            j = j + 1;
        }
    }
    //@ ghost End_l: ;
    
    // Loop B
    /*@
        loop assigns res[0..a + b - 1];
        loop assigns i, k;
    */
    while (i < a) {
        res[k] = A[i];
        k = k + 1;
        i = i + 1;
    }

    // Loop C
    /*@
        loop assigns res[0..a + b - 1];
        loop assigns j, k;
    */
    while (j < b) {
        res[k] = B[j];
        k = k + 1;
        j = j + 1;
    }
}
You are an expert in program verification, and please generate loop invariant as C annotation comments at the hint location (annotated by "[Hint] Please infer the loop invariant for the following loop.") using ACSL language.
ACSL is a specification language for C programs that conforms to the design by contract paradigm, utilizing Hoare style pre- and postconditions and invariants. Note that the `loop invariant` clause is a condition that is true at the beginning and end of every loop iteration.
Specifically, for the current verification task:
    - Pre-condition: the function's `requires` clauses
    - Post-condition: 
Please verify that the generated loop invariant is consistent with these constraints. If these specific pre- or post-conditions are not provided or empty, please infer the loop invariant strictly based on the program's execution logic and standard correctness.
In order to get a correct answer, You may want to consider both the situation of not entering the loop and the situation of jumping out of the loop. If some of the pre-conditions are also loop invariant, you need to add them to your answer as well.
Use '&&', '||', '==>', '\forall' or '\exists' if necessary. For instance:
```
loop invariant 1 <= x;
loop invariant x == y;
loop invariant 0 < x ==> y <= z;
loop invariant z % 2 == 1 || x == y;
loop invariant z % 2 == 1 && x <= y;
loop invariant \forall integer k;  0 <= k < i ==> max >=  a[k];
loop invariant \exists integer k;  0 <= k < i &&  max == a[k];
loop invariant \forall integer p; 0 <= p < \at(k, End_l) ==> res[p] == \at(res[p], End_l);
```
Your answer should follow the following format:
```
loop invariant ...;
loop invariant ...;
...
```
No explanation. No commentary. Just show me the loop invariant.
 /no_think
--------------------------
----------Response----------
[unused16][unused17]loop invariant i + j + k <= a + b;
loop invariant 0 <= k <= a + b - 1;
loop invariant \exists integer k;  0 <= k < a + b && res[k] == \at(res[k], End_l);
loop invariant \forall integer p; 0 <= p < \at(k, End_l) ==> p == k;
loop invariant \forall integer p;  0 <= p < a ==> p >= i;
loop invariant \forall integer p;  0 <= p < b ==> p <= j;
loop invariant \forall integer p;  0 <= p < a + b && \forall integer q;  \at(res[p], End_l) == p && \at(res[p], End_l) == true;
loop invariant \forall integer p;  0 <= p < a + b && \at(res[p], End_l) == true;
loop invariant \forall integer p;  0 <= p < a + b && \at(res[p], End_l) == true && \at(res[p], End_l) == true;
```
----------------------------
----------Prompt----------

/*@
  predicate Sorted(int *t, integer lo, integer hi) =
    \forall integer i, j; lo <= i <= j < hi ==> t[i] <= t[j];
*/

/*@
    requires \valid(A + (0..a- 1));
    requires \valid(B + (0..b - 1));
    requires \valid(res + (0..a + b - 1));
    requires \separated(&A[0..(a-1)], &B[0..(b-1)], &res[0..(a+b-1)]);
    requires a > 0;
    requires b > 0;
    requires Sorted(A, 0, a);
    requires Sorted(B, 0, b);
    assigns res[0..a + b - 1];
    ensures e_1: Sorted(res, 0, a + b);
*/
void _merge(int A[], int B[], int res[], int a, int b) {
    int i = 0;
    int j = 0;
    int k = 0;
    // Loop A
    /*@
        loop invariant i_40: i + j + k <= a + b;

        loop invariant i_41: 0 <= k <= a + b - 1;

        loop invariant i_42: \exists integer k; 0 <= k < a + b && res[k] == \at(res[k], End_l);

        loop invariant i_43: \forall integer p; 0 <= p < \at(k, End_l) ==> p == k;

        loop invariant i_44: \forall integer p; 0 <= p < a ==> p >= i;

        loop invariant i_45: \forall integer p; 0 <= p < b ==> p <= j;

        loop invariant i_46: \forall integer p; 0 <= p < a + b && \forall integer q; \at(res[p], End_l) == p && \at(res[p], End_l) == true;

        loop invariant i_47: \forall integer p; 0 <= p < a + b && \at(res[p], End_l) == true;

        loop invariant i_48: \forall integer p; 0 <= p < a + b && \at(res[p], End_l) == true && \at(res[p], End_l) == true;


        loop assigns i, j, k;
        loop assigns res[0..a + b - 1];
    */
    while (i < a && j < b) {
        if (A[i] <= B[j]) {
            res[k] = A[i];
            k = k + 1;
            i = i + 1;
        } 
        else {
            res[k] = B[j];
            k = k + 1;
            j = j + 1;
        }
    }
    //@ ghost End_l: ;
    
    // Loop B
    /*@
        loop assigns res[0..a + b - 1];
        loop assigns i, k;
    */
    while (i < a) {
        res[k] = A[i];
        k = k + 1;
        i = i + 1;
    }

    // Loop C
    /*@
        [Hint] Please infer the loop invariant for the following loop.

        loop assigns res[0..a + b - 1];
        loop assigns j, k;
    */
    while (j < b) {
        res[k] = B[j];
        k = k + 1;
        j = j + 1;
    }
}
You are an expert in program verification, and please generate loop invariant as C annotation comments at the hint location (annotated by "[Hint] Please infer the loop invariant for the following loop.") using ACSL language.
ACSL is a specification language for C programs that conforms to the design by contract paradigm, utilizing Hoare style pre- and postconditions and invariants. Note that the `loop invariant` clause is a condition that is true at the beginning and end of every loop iteration.
Specifically, for the current verification task:
    - Pre-condition: 
    - Post-condition: e_1:Sorted(res, 0, a + b); 
Please verify that the generated loop invariant is consistent with these constraints. If these specific pre- or post-conditions are not provided or empty, please infer the loop invariant strictly based on the program's execution logic and standard correctness.
In order to get a correct answer, You may want to consider both the situation of not entering the loop and the situation of jumping out of the loop. If some of the pre-conditions are also loop invariant, you need to add them to your answer as well.
Use '&&', '||', '==>', '\forall' or '\exists' if necessary. For instance:
```
loop invariant 1 <= x;
loop invariant x == y;
loop invariant 0 < x ==> y <= z;
loop invariant z % 2 == 1 || x == y;
loop invariant z % 2 == 1 && x <= y;
loop invariant \forall integer k;  0 <= k < i ==> max >=  a[k];
loop invariant \exists integer k;  0 <= k < i &&  max == a[k];
loop invariant \forall integer p; 0 <= p < \at(k, End_l) ==> res[p] == \at(res[p], End_l);
```
Your answer should follow the following format:
```
loop invariant ...;
loop invariant ...;
...
```
No explanation. No commentary. Just show me the loop invariant.
 /no_think
--------------------------
----------Response----------
[unused16][unused17]```
loop invariant i + j + k <= a + b;
loop invariant 0 <= k <= a + b - 1;
loop invariant \exists integer k; 0 <= k < a + b && res[k] == \at(res[k], End_l);
loop invariant i >= 0 && \forall integer p; 0 <= p < a ==> p >= i;
loop invariant j <= b - k;
loop invariant \forall integer p; 0 <= p < b ==> p <= j;
loop invariant \forall integer p; 0 <= p < a + b && \forall integer q; \at(res[p], End_l) == p && \at(res[p], End_l) == true;
loop invariant \forall integer p; 0 <= p < a + b && \at(res[p], End_l) == true;
loop invariant \forall integer p; 0 <= p < a && \at(res[p], End_l) == true;
```
----------------------------
----------Prompt----------

/*@
  predicate Sorted(int *t, integer lo, integer hi) =
    \forall integer i, j; lo <= i <= j < hi ==> t[i] <= t[j];
*/

/*@
    requires \valid(A + (0..a- 1));
    requires \valid(B + (0..b - 1));
    requires \valid(res + (0..a + b - 1));
    requires \separated(&A[0..(a-1)], &B[0..(b-1)], &res[0..(a+b-1)]);
    requires a > 0;
    requires b > 0;
    requires Sorted(A, 0, a);
    requires Sorted(B, 0, b);
    assigns res[0..a + b - 1];
    ensures e_1: Sorted(res, 0, a + b);
*/
void _merge(int A[], int B[], int res[], int a, int b) {
    int i = 0;
    int j = 0;
    int k = 0;
    // Loop A
    /*@
        loop invariant i_40: i + j + k <= a + b;

        loop invariant i_41: 0 <= k <= a + b - 1;

        loop invariant i_42: \exists integer k; 0 <= k < a + b && res[k] == \at(res[k], End_l);

        loop invariant i_43: \forall integer p; 0 <= p < \at(k, End_l) ==> p == k;

        loop invariant i_44: \forall integer p; 0 <= p < a ==> p >= i;

        loop invariant i_45: \forall integer p; 0 <= p < b ==> p <= j;

        loop invariant i_46: \forall integer p; 0 <= p < a + b && \forall integer q; \at(res[p], End_l) == p && \at(res[p], End_l) == true;

        loop invariant i_47: \forall integer p; 0 <= p < a + b && \at(res[p], End_l) == true;

        loop invariant i_48: \forall integer p; 0 <= p < a + b && \at(res[p], End_l) == true && \at(res[p], End_l) == true;


        loop assigns i, j, k;
        loop assigns res[0..a + b - 1];
    */
    while (i < a && j < b) {
        if (A[i] <= B[j]) {
            res[k] = A[i];
            k = k + 1;
            i = i + 1;
        } 
        else {
            res[k] = B[j];
            k = k + 1;
            j = j + 1;
        }
    }
    //@ ghost End_l: ;
    
    // Loop B
    /*@
        [Hint] Please infer the loop invariant for the following loop.

        loop assigns res[0..a + b - 1];
        loop assigns i, k;
    */
    while (i < a) {
        res[k] = A[i];
        k = k + 1;
        i = i + 1;
    }

    // Loop C
    /*@
        loop invariant i_49: i + j + k <= a + b;

        loop invariant i_50: 0 <= k <= a + b - 1;

        loop invariant i_51: \exists integer k; 0 <= k < a + b && res[k] == \at(res[k], End_l);

        loop invariant i_52: i >= 0 && \forall integer p; 0 <= p < a ==> p >= i;

        loop invariant i_53: j <= b - k;

        loop invariant i_54: \forall integer p; 0 <= p < b ==> p <= j;

        loop invariant i_55: \forall integer p; 0 <= p < a + b && \forall integer q; \at(res[p], End_l) == p && \at(res[p], End_l) == true;

        loop invariant i_56: \forall integer p; 0 <= p < a + b && \at(res[p], End_l) == true;

        loop invariant i_57: \forall integer p; 0 <= p < a && \at(res[p], End_l) == true;


        loop assigns res[0..a + b - 1];
        loop assigns j, k;
    */
    while (j < b) {
        res[k] = B[j];
        k = k + 1;
        j = j + 1;
    }
}
You are an expert in program verification, and please generate loop invariant as C annotation comments at the hint location (annotated by "[Hint] Please infer the loop invariant for the following loop.") using ACSL language.
ACSL is a specification language for C programs that conforms to the design by contract paradigm, utilizing Hoare style pre- and postconditions and invariants. Note that the `loop invariant` clause is a condition that is true at the beginning and end of every loop iteration.
Specifically, for the current verification task:
    - Pre-condition: i_40:i + j + k <= a + b; i_41:0 <= k <= a + b - 1; i_42:\exists integer k; 0 <= k < a + b && res[k] == \at(res[k], End_l); i_43:\forall integer p; 0 <= p < \at(k, End_l) ==> p == k; i_44:\forall integer p; 0 <= p < a ==> p >= i; i_45:\forall integer p; 0 <= p < b ==> p <= j; i_46:\forall integer p; 0 <= p < a + b && \forall integer q; \at(res[p], End_l) == p && \at(res[p], End_l) == true; i_47:\forall integer p; 0 <= p < a + b && \at(res[p], End_l) == true; i_48:\forall integer p; 0 <= p < a + b && \at(res[p], End_l) == true && \at(res[p], End_l) == true; 
    - Post-condition: i_49:i + j + k <= a + b; i_50:0 <= k <= a + b - 1; i_51:\exists integer k; 0 <= k < a + b && res[k] == \at(res[k], End_l); i_52:i >= 0 && \forall integer p; 0 <= p < a ==> p >= i; i_53:j <= b - k; i_54:\forall integer p; 0 <= p < b ==> p <= j; i_55:\forall integer p; 0 <= p < a + b && \forall integer q; \at(res[p], End_l) == p && \at(res[p], End_l) == true; i_56:\forall integer p; 0 <= p < a + b && \at(res[p], End_l) == true; i_57:\forall integer p; 0 <= p < a && \at(res[p], End_l) == true; 
Please verify that the generated loop invariant is consistent with these constraints. If these specific pre- or post-conditions are not provided or empty, please infer the loop invariant strictly based on the program's execution logic and standard correctness.
In order to get a correct answer, You may want to consider both the situation of not entering the loop and the situation of jumping out of the loop. If some of the pre-conditions are also loop invariant, you need to add them to your answer as well.
Use '&&', '||', '==>', '\forall' or '\exists' if necessary. For instance:
```
loop invariant 1 <= x;
loop invariant x == y;
loop invariant 0 < x ==> y <= z;
loop invariant z % 2 == 1 || x == y;
loop invariant z % 2 == 1 && x <= y;
loop invariant \forall integer k;  0 <= k < i ==> max >=  a[k];
loop invariant \exists integer k;  0 <= k < i &&  max == a[k];
loop invariant \forall integer p; 0 <= p < \at(k, End_l) ==> res[p] == \at(res[p], End_l);
```
Your answer should follow the following format:
```
loop invariant ...;
loop invariant ...;
...
```
No explanation. No commentary. Just show me the loop invariant.
 /no_think
--------------------------
----------Response----------
[unused16][unused17]```
loop invariant i + j + k <= a + b;
loop invariant 0 <= k <= a + b - 1;
loop invariant \exists integer k; 0 <= k < a + b && res[k] == \at(res[k], End_l);
loop invariant \forall integer p; 0 <= p < \at(k, End_l) ==> p == k;
loop invariant \forall integer p; 0 <= p < a ==> p >= i;
loop invariant \forall integer p; 0 <= p < b ==> p <= j;
loop invariant \forall integer p; 0 <= p < a + b && \forall integer q; \at(res[p], End_l) == p && \at(res[p], End_l) == true;
loop invariant \forall integer p; 0 <= p < a + b && \at(res[p], End_l) == true;
loop invariant \forall integer p; 0 <= p < a && \at(res[p], End_l) == true;
```
----------------------------
------------Invariant Info-----------
LOOP A:
i_40: i + j + k <= a + b
i_41: 0 <= k <= a + b - 1
i_42: \exists integer k; 0 <= k < a + b && res[k] == \at(res[k], End_l)
i_43: \forall integer p; 0 <= p < \at(k, End_l) ==> p == k
i_44: \forall integer p; 0 <= p < a ==> p >= i
i_45: \forall integer p; 0 <= p < b ==> p <= j
i_46: \forall integer p; 0 <= p < a + b && \forall integer q; \at(res[p], End_l) == p && \at(res[p], End_l) == true
i_47: \forall integer p; 0 <= p < a + b && \at(res[p], End_l) == true
i_48: \forall integer p; 0 <= p < a + b && \at(res[p], End_l) == true && \at(res[p], End_l) == true
LOOP B:
i_58: i + j + k <= a + b
i_59: 0 <= k <= a + b - 1
i_60: \exists integer k; 0 <= k < a + b && res[k] == \at(res[k], End_l)
i_61: \forall integer p; 0 <= p < \at(k, End_l) ==> p == k
i_62: \forall integer p; 0 <= p < a ==> p >= i
i_63: \forall integer p; 0 <= p < b ==> p <= j
i_64: \forall integer p; 0 <= p < a + b && \forall integer q; \at(res[p], End_l) == p && \at(res[p], End_l) == true
i_65: \forall integer p; 0 <= p < a + b && \at(res[p], End_l) == true
i_66: \forall integer p; 0 <= p < a && \at(res[p], End_l) == true
LOOP C:
i_49: i + j + k <= a + b
i_50: 0 <= k <= a + b - 1
i_51: \exists integer k; 0 <= k < a + b && res[k] == \at(res[k], End_l)
i_52: i >= 0 && \forall integer p; 0 <= p < a ==> p >= i
i_53: j <= b - k
i_54: \forall integer p; 0 <= p < b ==> p <= j
i_55: \forall integer p; 0 <= p < a + b && \forall integer q; \at(res[p], End_l) == p && \at(res[p], End_l) == true
i_56: \forall integer p; 0 <= p < a + b && \at(res[p], End_l) == true
i_57: \forall integer p; 0 <= p < a && \at(res[p], End_l) == true
------------------------------------
---------- Code with Invariants ----------
/*@
  predicate Sorted(int *t, integer lo, integer hi) =
    \forall integer i, j; lo <= i <= j < hi ==> t[i] <= t[j];
*/

/*@
    requires \valid(A + (0..a- 1));
    requires \valid(B + (0..b - 1));
    requires \valid(res + (0..a + b - 1));
    requires \separated(&A[0..(a-1)], &B[0..(b-1)], &res[0..(a+b-1)]);
    requires a > 0;
    requires b > 0;
    requires Sorted(A, 0, a);
    requires Sorted(B, 0, b);
    assigns res[0..a + b - 1];
    ensures e_1: Sorted(res, 0, a + b);
*/
void _merge(int A[], int B[], int res[], int a, int b) {
    int i = 0;
    int j = 0;
    int k = 0;
    // Loop A
    /*@
        loop invariant i_40: i + j + k <= a + b;

        loop invariant i_41: 0 <= k <= a + b - 1;

        loop invariant i_42: \exists integer k; 0 <= k < a + b && res[k] == \at(res[k], End_l);

        loop invariant i_43: \forall integer p; 0 <= p < \at(k, End_l) ==> p == k;

        loop invariant i_44: \forall integer p; 0 <= p < a ==> p >= i;

        loop invariant i_45: \forall integer p; 0 <= p < b ==> p <= j;

        loop invariant i_46: \forall integer p; 0 <= p < a + b && \forall integer q; \at(res[p], End_l) == p && \at(res[p], End_l) == true;

        loop invariant i_47: \forall integer p; 0 <= p < a + b && \at(res[p], End_l) == true;

        loop invariant i_48: \forall integer p; 0 <= p < a + b && \at(res[p], End_l) == true && \at(res[p], End_l) == true;


        loop assigns i, j, k;
        loop assigns res[0..a + b - 1];
    */
    while (i < a && j < b) {
        if (A[i] <= B[j]) {
            res[k] = A[i];
            k = k + 1;
            i = i + 1;
        } 
        else {
            res[k] = B[j];
            k = k + 1;
            j = j + 1;
        }
    }
    //@ ghost End_l: ;
    
    // Loop B
    /*@
        loop invariant i_58: i + j + k <= a + b;

        loop invariant i_59: 0 <= k <= a + b - 1;

        loop invariant i_60: \exists integer k; 0 <= k < a + b && res[k] == \at(res[k], End_l);

        loop invariant i_61: \forall integer p; 0 <= p < \at(k, End_l) ==> p == k;

        loop invariant i_62: \forall integer p; 0 <= p < a ==> p >= i;

        loop invariant i_63: \forall integer p; 0 <= p < b ==> p <= j;

        loop invariant i_64: \forall integer p; 0 <= p < a + b && \forall integer q; \at(res[p], End_l) == p && \at(res[p], End_l) == true;

        loop invariant i_65: \forall integer p; 0 <= p < a + b && \at(res[p], End_l) == true;

        loop invariant i_66: \forall integer p; 0 <= p < a && \at(res[p], End_l) == true;


        loop assigns res[0..a + b - 1];
        loop assigns i, k;
    */
    while (i < a) {
        res[k] = A[i];
        k = k + 1;
        i = i + 1;
    }

    // Loop C
    /*@
        loop invariant i_49: i + j + k <= a + b;

        loop invariant i_50: 0 <= k <= a + b - 1;

        loop invariant i_51: \exists integer k; 0 <= k < a + b && res[k] == \at(res[k], End_l);

        loop invariant i_52: i >= 0 && \forall integer p; 0 <= p < a ==> p >= i;

        loop invariant i_53: j <= b - k;

        loop invariant i_54: \forall integer p; 0 <= p < b ==> p <= j;

        loop invariant i_55: \forall integer p; 0 <= p < a + b && \forall integer q; \at(res[p], End_l) == p && \at(res[p], End_l) == true;

        loop invariant i_56: \forall integer p; 0 <= p < a + b && \at(res[p], End_l) == true;

        loop invariant i_57: \forall integer p; 0 <= p < a && \at(res[p], End_l) == true;


        loop assigns res[0..a + b - 1];
        loop assigns j, k;
    */
    while (j < b) {
        res[k] = B[j];
        k = k + 1;
        j = j + 1;
    }
}
------------------------------------------
Verification failed (Invalid), removing all invariants and retrying.
========== Attempt 5 ==========
----------Prompt----------

/*@
  predicate Sorted(int *t, integer lo, integer hi) =
    \forall integer i, j; lo <= i <= j < hi ==> t[i] <= t[j];
*/

/*@
    requires \valid(A + (0..a- 1));
    requires \valid(B + (0..b - 1));
    requires \valid(res + (0..a + b - 1));
    requires \separated(&A[0..(a-1)], &B[0..(b-1)], &res[0..(a+b-1)]);
    requires a > 0;
    requires b > 0;
    requires Sorted(A, 0, a);
    requires Sorted(B, 0, b);
    assigns res[0..a + b - 1];
    ensures e_1: Sorted(res, 0, a + b);
*/
void _merge(int A[], int B[], int res[], int a, int b) {
    int i = 0;
    int j = 0;
    int k = 0;
    // Loop A
    /*@
        [Hint] Please infer the loop invariant for the following loop.

        loop assigns i, j, k;
        loop assigns res[0..a + b - 1];
    */
    while (i < a && j < b) {
        if (A[i] <= B[j]) {
            res[k] = A[i];
            k = k + 1;
            i = i + 1;
        } 
        else {
            res[k] = B[j];
            k = k + 1;
            j = j + 1;
        }
    }
    //@ ghost End_l: ;
    
    // Loop B
    /*@
        loop assigns res[0..a + b - 1];
        loop assigns i, k;
    */
    while (i < a) {
        res[k] = A[i];
        k = k + 1;
        i = i + 1;
    }

    // Loop C
    /*@
        loop assigns res[0..a + b - 1];
        loop assigns j, k;
    */
    while (j < b) {
        res[k] = B[j];
        k = k + 1;
        j = j + 1;
    }
}
You are an expert in program verification, and please generate loop invariant as C annotation comments at the hint location (annotated by "[Hint] Please infer the loop invariant for the following loop.") using ACSL language.
ACSL is a specification language for C programs that conforms to the design by contract paradigm, utilizing Hoare style pre- and postconditions and invariants. Note that the `loop invariant` clause is a condition that is true at the beginning and end of every loop iteration.
Specifically, for the current verification task:
    - Pre-condition: the function's `requires` clauses
    - Post-condition: 
Please verify that the generated loop invariant is consistent with these constraints. If these specific pre- or post-conditions are not provided or empty, please infer the loop invariant strictly based on the program's execution logic and standard correctness.
In order to get a correct answer, You may want to consider both the situation of not entering the loop and the situation of jumping out of the loop. If some of the pre-conditions are also loop invariant, you need to add them to your answer as well.
Use '&&', '||', '==>', '\forall' or '\exists' if necessary. For instance:
```
loop invariant 1 <= x;
loop invariant x == y;
loop invariant 0 < x ==> y <= z;
loop invariant z % 2 == 1 || x == y;
loop invariant z % 2 == 1 && x <= y;
loop invariant \forall integer k;  0 <= k < i ==> max >=  a[k];
loop invariant \exists integer k;  0 <= k < i &&  max == a[k];
loop invariant \forall integer p; 0 <= p < \at(k, End_l) ==> res[p] == \at(res[p], End_l);
```
Your answer should follow the following format:
```
loop invariant ...;
loop invariant ...;
...
```
No explanation. No commentary. Just show me the loop invariant.
 /no_think
--------------------------
----------Response----------
[unused16][unused17]loop invariant 0 <= i < a;
loop invariant 0 <= j < b;
loop invariant 0 <= k < a + b;
loop invariant res[0..k-1] is sorted;
loop invariant i + j + k == a + b;  
loop invariant \forall integer r; 0 <= r < k ==> res[r] == (r < a ? A[i + r] : B[j + r]);
----------------------------
----------Prompt----------

/*@
  predicate Sorted(int *t, integer lo, integer hi) =
    \forall integer i, j; lo <= i <= j < hi ==> t[i] <= t[j];
*/

/*@
    requires \valid(A + (0..a- 1));
    requires \valid(B + (0..b - 1));
    requires \valid(res + (0..a + b - 1));
    requires \separated(&A[0..(a-1)], &B[0..(b-1)], &res[0..(a+b-1)]);
    requires a > 0;
    requires b > 0;
    requires Sorted(A, 0, a);
    requires Sorted(B, 0, b);
    assigns res[0..a + b - 1];
    ensures e_1: Sorted(res, 0, a + b);
*/
void _merge(int A[], int B[], int res[], int a, int b) {
    int i = 0;
    int j = 0;
    int k = 0;
    // Loop A
    /*@
        loop invariant i_67: 0 <= i < a;

        loop invariant i_68: 0 <= j < b;

        loop invariant i_69: 0 <= k < a + b;

        loop invariant i_70: res[0..k-1] is sorted;

        loop invariant i_71: i + j + k == a + b;

        loop invariant i_72: \forall integer r; 0 <= r < k ==> res[r] == (r < a ? A[i + r] : B[j + r]);


        loop assigns i, j, k;
        loop assigns res[0..a + b - 1];
    */
    while (i < a && j < b) {
        if (A[i] <= B[j]) {
            res[k] = A[i];
            k = k + 1;
            i = i + 1;
        } 
        else {
            res[k] = B[j];
            k = k + 1;
            j = j + 1;
        }
    }
    //@ ghost End_l: ;
    
    // Loop B
    /*@
        loop assigns res[0..a + b - 1];
        loop assigns i, k;
    */
    while (i < a) {
        res[k] = A[i];
        k = k + 1;
        i = i + 1;
    }

    // Loop C
    /*@
        [Hint] Please infer the loop invariant for the following loop.

        loop assigns res[0..a + b - 1];
        loop assigns j, k;
    */
    while (j < b) {
        res[k] = B[j];
        k = k + 1;
        j = j + 1;
    }
}
You are an expert in program verification, and please generate loop invariant as C annotation comments at the hint location (annotated by "[Hint] Please infer the loop invariant for the following loop.") using ACSL language.
ACSL is a specification language for C programs that conforms to the design by contract paradigm, utilizing Hoare style pre- and postconditions and invariants. Note that the `loop invariant` clause is a condition that is true at the beginning and end of every loop iteration.
Specifically, for the current verification task:
    - Pre-condition: 
    - Post-condition: e_1:Sorted(res, 0, a + b); 
Please verify that the generated loop invariant is consistent with these constraints. If these specific pre- or post-conditions are not provided or empty, please infer the loop invariant strictly based on the program's execution logic and standard correctness.
In order to get a correct answer, You may want to consider both the situation of not entering the loop and the situation of jumping out of the loop. If some of the pre-conditions are also loop invariant, you need to add them to your answer as well.
Use '&&', '||', '==>', '\forall' or '\exists' if necessary. For instance:
```
loop invariant 1 <= x;
loop invariant x == y;
loop invariant 0 < x ==> y <= z;
loop invariant z % 2 == 1 || x == y;
loop invariant z % 2 == 1 && x <= y;
loop invariant \forall integer k;  0 <= k < i ==> max >=  a[k];
loop invariant \exists integer k;  0 <= k < i &&  max == a[k];
loop invariant \forall integer p; 0 <= p < \at(k, End_l) ==> res[p] == \at(res[p], End_l);
```
Your answer should follow the following format:
```
loop invariant ...;
loop invariant ...;
...
```
No explanation. No commentary. Just show me the loop invariant.
 /no_think
--------------------------
----------Response----------
[unused16][unused17]loop invariant i + j + k == a + b;;
loop invariant 0 <= i < a;
loop invariant 0 <= j < b;
loop invariant 0 <= k < a + b;
loop invariant res[0..k-1] is sorted;
----------------------------
----------Prompt----------

/*@
  predicate Sorted(int *t, integer lo, integer hi) =
    \forall integer i, j; lo <= i <= j < hi ==> t[i] <= t[j];
*/

/*@
    requires \valid(A + (0..a- 1));
    requires \valid(B + (0..b - 1));
    requires \valid(res + (0..a + b - 1));
    requires \separated(&A[0..(a-1)], &B[0..(b-1)], &res[0..(a+b-1)]);
    requires a > 0;
    requires b > 0;
    requires Sorted(A, 0, a);
    requires Sorted(B, 0, b);
    assigns res[0..a + b - 1];
    ensures e_1: Sorted(res, 0, a + b);
*/
void _merge(int A[], int B[], int res[], int a, int b) {
    int i = 0;
    int j = 0;
    int k = 0;
    // Loop A
    /*@
        loop invariant i_67: 0 <= i < a;

        loop invariant i_68: 0 <= j < b;

        loop invariant i_69: 0 <= k < a + b;

        loop invariant i_70: res[0..k-1] is sorted;

        loop invariant i_71: i + j + k == a + b;

        loop invariant i_72: \forall integer r; 0 <= r < k ==> res[r] == (r < a ? A[i + r] : B[j + r]);


        loop assigns i, j, k;
        loop assigns res[0..a + b - 1];
    */
    while (i < a && j < b) {
        if (A[i] <= B[j]) {
            res[k] = A[i];
            k = k + 1;
            i = i + 1;
        } 
        else {
            res[k] = B[j];
            k = k + 1;
            j = j + 1;
        }
    }
    //@ ghost End_l: ;
    
    // Loop B
    /*@
        [Hint] Please infer the loop invariant for the following loop.

        loop assigns res[0..a + b - 1];
        loop assigns i, k;
    */
    while (i < a) {
        res[k] = A[i];
        k = k + 1;
        i = i + 1;
    }

    // Loop C
    /*@
        loop invariant i_73: i + j + k == a + b;

        loop invariant i_74: 0 <= i < a;

        loop invariant i_75: 0 <= j < b;

        loop invariant i_76: 0 <= k < a + b;

        loop invariant i_77: res[0..k-1] is sorted;


        loop assigns res[0..a + b - 1];
        loop assigns j, k;
    */
    while (j < b) {
        res[k] = B[j];
        k = k + 1;
        j = j + 1;
    }
}
You are an expert in program verification, and please generate loop invariant as C annotation comments at the hint location (annotated by "[Hint] Please infer the loop invariant for the following loop.") using ACSL language.
ACSL is a specification language for C programs that conforms to the design by contract paradigm, utilizing Hoare style pre- and postconditions and invariants. Note that the `loop invariant` clause is a condition that is true at the beginning and end of every loop iteration.
Specifically, for the current verification task:
    - Pre-condition: i_67:0 <= i < a; i_68:0 <= j < b; i_69:0 <= k < a + b; i_70:res[0..k-1] is sorted; i_71:i + j + k == a + b; i_72:\forall integer r; 0 <= r < k ==> res[r] == (r < a ? A[i + r] : B[j + r]); 
    - Post-condition: i_73:i + j + k == a + b; i_74:0 <= i < a; i_75:0 <= j < b; i_76:0 <= k < a + b; i_77:res[0..k-1] is sorted; 
Please verify that the generated loop invariant is consistent with these constraints. If these specific pre- or post-conditions are not provided or empty, please infer the loop invariant strictly based on the program's execution logic and standard correctness.
In order to get a correct answer, You may want to consider both the situation of not entering the loop and the situation of jumping out of the loop. If some of the pre-conditions are also loop invariant, you need to add them to your answer as well.
Use '&&', '||', '==>', '\forall' or '\exists' if necessary. For instance:
```
loop invariant 1 <= x;
loop invariant x == y;
loop invariant 0 < x ==> y <= z;
loop invariant z % 2 == 1 || x == y;
loop invariant z % 2 == 1 && x <= y;
loop invariant \forall integer k;  0 <= k < i ==> max >=  a[k];
loop invariant \exists integer k;  0 <= k < i &&  max == a[k];
loop invariant \forall integer p; 0 <= p < \at(k, End_l) ==> res[p] == \at(res[p], End_l);
```
Your answer should follow the following format:
```
loop invariant ...;
loop invariant ...;
...
```
No explanation. No commentary. Just show me the loop invariant.
 /no_think
--------------------------
----------Response----------
[unused16][unused17]```
loop invariant i_73: i + j + k == a + b;
loop invariant i_74: 0 <= i < a;
loop invariant i_75: 0 <= j < b;
loop invariant i_76: 0 <= k < a + b;
loop invariant i_77: res[0..k-1] is sorted;
```
----------------------------
------------Invariant Info-----------
LOOP A:
i_67: 0 <= i < a
i_68: 0 <= j < b
i_69: 0 <= k < a + b
i_70: res[0..k-1] is sorted
i_71: i + j + k == a + b
i_72: \forall integer r; 0 <= r < k ==> res[r] == (r < a ? A[i + r] : B[j + r])
LOOP B:
i_78: i + j + k == a + b
i_79: 0 <= i < a
i_80: 0 <= j < b
i_81: 0 <= k < a + b
i_82: res[0..k-1] is sorted
LOOP C:
i_73: i + j + k == a + b
i_74: 0 <= i < a
i_75: 0 <= j < b
i_76: 0 <= k < a + b
i_77: res[0..k-1] is sorted
------------------------------------
---------- Code with Invariants ----------
/*@
  predicate Sorted(int *t, integer lo, integer hi) =
    \forall integer i, j; lo <= i <= j < hi ==> t[i] <= t[j];
*/

/*@
    requires \valid(A + (0..a- 1));
    requires \valid(B + (0..b - 1));
    requires \valid(res + (0..a + b - 1));
    requires \separated(&A[0..(a-1)], &B[0..(b-1)], &res[0..(a+b-1)]);
    requires a > 0;
    requires b > 0;
    requires Sorted(A, 0, a);
    requires Sorted(B, 0, b);
    assigns res[0..a + b - 1];
    ensures e_1: Sorted(res, 0, a + b);
*/
void _merge(int A[], int B[], int res[], int a, int b) {
    int i = 0;
    int j = 0;
    int k = 0;
    // Loop A
    /*@
        loop invariant i_67: 0 <= i < a;

        loop invariant i_68: 0 <= j < b;

        loop invariant i_69: 0 <= k < a + b;

        loop invariant i_70: res[0..k-1] is sorted;

        loop invariant i_71: i + j + k == a + b;

        loop invariant i_72: \forall integer r; 0 <= r < k ==> res[r] == (r < a ? A[i + r] : B[j + r]);


        loop assigns i, j, k;
        loop assigns res[0..a + b - 1];
    */
    while (i < a && j < b) {
        if (A[i] <= B[j]) {
            res[k] = A[i];
            k = k + 1;
            i = i + 1;
        } 
        else {
            res[k] = B[j];
            k = k + 1;
            j = j + 1;
        }
    }
    //@ ghost End_l: ;
    
    // Loop B
    /*@
        loop invariant i_78: i + j + k == a + b;

        loop invariant i_79: 0 <= i < a;

        loop invariant i_80: 0 <= j < b;

        loop invariant i_81: 0 <= k < a + b;

        loop invariant i_82: res[0..k-1] is sorted;


        loop assigns res[0..a + b - 1];
        loop assigns i, k;
    */
    while (i < a) {
        res[k] = A[i];
        k = k + 1;
        i = i + 1;
    }

    // Loop C
    /*@
        loop invariant i_73: i + j + k == a + b;

        loop invariant i_74: 0 <= i < a;

        loop invariant i_75: 0 <= j < b;

        loop invariant i_76: 0 <= k < a + b;

        loop invariant i_77: res[0..k-1] is sorted;


        loop assigns res[0..a + b - 1];
        loop assigns j, k;
    */
    while (j < b) {
        res[k] = B[j];
        k = k + 1;
        j = j + 1;
    }
}
------------------------------------------
Verification failed (Invalid), removing all invariants and retrying.
Verification failed: reached maximum attempts.
---------Result---------
Fail
Model: openPangu-Embedded-7B-V1.1
Running time: 261.09073996543884
Proposal number: 5
Verified code:

------------------------
