-----------Model-----------
Model type:
PanguEmbeddedForCausalLM(
  (model): PanguEmbeddedModel(
    (embed_tokens): Embedding(153376, 4096, padding_idx=0)
    (layers): ModuleList(
      (0-33): 34 x PanguEmbeddedDecoderLayer(
        (self_attn): PanguEmbeddedAttention(
          (q_proj): Linear(in_features=4096, out_features=4096, bias=True)
          (k_proj): Linear(in_features=4096, out_features=1024, bias=True)
          (v_proj): Linear(in_features=4096, out_features=1024, bias=True)
          (o_proj): Linear(in_features=4096, out_features=4096, bias=True)
        )
        (mlp): PanguEmbeddedMLP(
          (gate_proj): Linear(in_features=4096, out_features=12800, bias=False)
          (up_proj): Linear(in_features=4096, out_features=12800, bias=False)
          (down_proj): Linear(in_features=12800, out_features=4096, bias=False)
          (act_fn): SiLU()
        )
        (input_layernorm): PanguEmbeddedRMSNorm((4096,), eps=1e-05)
        (post_attention_layernorm): PanguEmbeddedRMSNorm((4096,), eps=1e-05)
      )
    )
    (norm): PanguEmbeddedRMSNorm((4096,), eps=1e-05)
    (rotary_emb): PanguEmbeddedRotaryEmbedding()
  )
  (lm_head): Linear(in_features=4096, out_features=153376, bias=False)
)
Model device:
npu:1
---------------------------
File Path: ../Benchmark/acsl-algorithms/_max_seq.c
----------Code----------
/*@ requires n >= 0;
    requires \valid(a + (0..n-1));

    assigns \nothing;

    behavior empty:
      assumes n == 0;
      ensures e_1: \result == 0;
    behavior not_empty:
      assumes 0 < n;
      ensures e_2: 0 <= \result < n;
      ensures e_3: \forall integer i; 0 <= i < n ==> a[i] <= a[\result];
    complete behaviors;
    disjoint behaviors;
*/
int _max_seq(int *a, int n) {
    if (n == 0) {
        return 0;
    }
    int max = 0;

    /*@
        loop assigns max, i;
    */
    for (int i = 1; i < n; i++) {
        if (a[max] < a[i]) {
            max = i;
        }
    }
    return max;
}
------------------------
----------Prompt----------

/*@ requires n >= 0;
    requires \valid(a + (0..n-1));

    assigns \nothing;

    behavior empty:
      assumes n == 0;
      ensures e_1: \result == 0;
    behavior not_empty:
      assumes 0 < n;
      ensures e_2: 0 <= \result < n;
      ensures e_3: \forall integer i; 0 <= i < n ==> a[i] <= a[\result];
    complete behaviors;
    disjoint behaviors;
*/
int _max_seq(int *a, int n) {
    if (n == 0) {
        return 0;
    }
    int max = 0;

    // Loop A
    /*@
        [Hint] Please infer the loop invariant for the following loop.

        loop assigns max, i;
    */
    for (int i = 1; i < n; i++) {
        if (a[max] < a[i]) {
            max = i;
        }
    }
    return max;
}
You are an expert in program verification, and please generate loop invariant as C annotation comments at the hint location (annotated by "[Hint] Please infer the loop invariant for the following loop.") using ACSL language.
ACSL is a specification language for C programs that conforms to the design by contract paradigm, utilizing Hoare style pre- and postconditions and invariants. Note that the `loop invariant` clause is a condition that is true at the beginning and end of every loop iteration.
Specifically, for the current verification task:
    - Pre-condition: the function's `requires` clauses
    - Post-condition: e_1:\result == 0; e_2:0 <= \result < n; e_3:\forall integer i; 0 <= i < n ==> a[i] <= a[\result]; 
Please verify that the generated loop invariant is consistent with these constraints. If these specific pre- or post-conditions are not provided or empty, please infer the loop invariant strictly based on the program's execution logic and standard correctness.
In order to get a correct answer, You may want to consider both the situation of not entering the loop and the situation of jumping out of the loop. If some of the pre-conditions are also loop invariant, you need to add them to your answer as well.
Use '&&', '||', '==>', '\forall' or '\exists' if necessary. For instance:
```
loop invariant 1 <= x;
loop invariant x == y;
loop invariant 0 < x ==> y <= z;
loop invariant z % 2 == 1 || x == y;
loop invariant z % 2 == 1 && x <= y;
loop invariant \forall integer k;  0 <= k < i ==> max >=  a[k];
loop invariant \exists integer k;  0 <= k < i &&  max == a[k];
loop invariant \forall integer p; 0 <= p < \at(k, End_l) ==> res[p] == \at(res[p], End_l);
```
Your answer should follow the following format:
```
loop invariant ...;
loop invariant ...;
...
```
No explanation. No commentary. Just show me the loop invariant.
 /no_think
--------------------------
----------Response----------
[unused16][unused17]loop invariant 0 <= max < n;
loop invariant \forall integer k; 0 <= k < i ==> a[k] <= a[max];
loop invariant \exists integer max; 0 <= max < n;
loop invariant \forall integer p; 0 <= p < n ==> a[p] <= a[max];
----------------------------
------------Invariant Info-----------
LOOP A:
i_0: 0 <= max < n
i_1: \forall integer k; 0 <= k < i ==> a[k] <= a[max]
i_2: \exists integer max; 0 <= max < n
i_3: \forall integer p; 0 <= p < n ==> a[p] <= a[max]
------------------------------------
----------Code with Invariants----------
/*@ requires n >= 0;
    requires \valid(a + (0..n-1));

    assigns \nothing;

    behavior empty:
      assumes n == 0;
      ensures e_1: \result == 0;
    behavior not_empty:
      assumes 0 < n;
      ensures e_2: 0 <= \result < n;
      ensures e_3: \forall integer i; 0 <= i < n ==> a[i] <= a[\result];
    complete behaviors;
    disjoint behaviors;
*/
int _max_seq(int *a, int n) {
    if (n == 0) {
        return 0;
    }
    int max = 0;

    // Loop A
    /*@
        loop invariant i_0: 0 <= max < n;

        loop invariant i_1: \forall integer k; 0 <= k < i ==> a[k] <= a[max];

        loop invariant i_2: \exists integer max; 0 <= max < n;

        loop invariant i_3: \forall integer p; 0 <= p < n ==> a[p] <= a[max];


        loop assigns max, i;
    */
    for (int i = 1; i < n; i++) {
        if (a[max] < a[i]) {
            max = i;
        }
    }
    return max;
}
----------------------------------------
----------Begin Revise----------
-------------Establishment_requires: i_3: establishment---------------
----------Prompt----------

/*@ requires n >= 0;
    requires \valid(a + (0..n-1));

    assigns \nothing;

    behavior empty:
      assumes n == 0;
      ensures e_1: \result == 0;
    behavior not_empty:
      assumes 0 < n;
      ensures e_2: 0 <= \result < n;
      ensures e_3: \forall integer i; 0 <= i < n ==> a[i] <= a[\result];
    complete behaviors;
    disjoint behaviors;
*/
int _max_seq(int *a, int n) {
    if (n == 0) {
        return 0;
    }
    int max = 0;

    // Loop A
    /*@
        [Hint] Loop invariant \forall integer p; 0 <= p < n ==> a[p] <= a[max] too strong initially. Relax it.

        loop invariant i_0: 0 <= max < n;

        loop invariant i_1: \forall integer k; 0 <= k < i ==> a[k] <= a[max];

        loop invariant i_2: \exists integer max; 0 <= max < n;

        loop invariant i_3: \forall integer p; 0 <= p < n ==> a[p] <= a[max];


        loop assigns max, i;
    */
    for (int i = 1; i < n; i++) {
        if (a[max] < a[i]) {
            max = i;
        }
    }
    return max;
}
You are an expert in deductive program verification using ACSL and Frama-C.
The following loop invariant of the loop labeled "A" cannot be established from the function's `requires` clauses:
[Unprovable Initial Invariant] \forall integer p; 0 <= p < n ==> a[p] <= a[max]
This means the loop invariant is too strong at the loop entry, violating the establishment condition of loop correctness.  
Your task is to relax or weaken the loop invariant at the position marked by: "[Hint] Loop invariant too strong initially. Relax it."
IMPORTANT RULES:
1. The relaxed invariants must still hold:
   - Establishment: They must be provable solely from the function's requires clauses and the program state before entering the loop.
   - Preservation: after executing the loop body exactly once, the invariant still holds.
   - Zero-iteration case: the invariant is valid even if the loop never executes.
2. Do NOT restate or print any of the existing loop invariants.  
   Only output the modified (weakened) invariants necessary to make the establishment step succeed.
3. Your answer must be solely in the form:
   ```
   loop invariant ...;
   loop invariant ...;
   ...
   ```
4. All invariants must follow ACSL syntax and be valid loop invariants.
5. No explanation. No commentary. Just show me the loop invariant.
 /no_think
--------------------------
----------Response----------
[unused16][unused17]```
loop invariant \exists integer max; 0 <= max < n;
loop invariant \forall integer k; 0 <= k < max ==> a[k] <= a[max];
```
----------------------------
-------------Preservation_self: i_0: preservation---------------
----------Prompt----------

/*@ requires n >= 0;
    requires \valid(a + (0..n-1));

    assigns \nothing;

    behavior empty:
      assumes n == 0;
      ensures e_1: \result == 0;
    behavior not_empty:
      assumes 0 < n;
      ensures e_2: 0 <= \result < n;
      ensures e_3: \forall integer i; 0 <= i < n ==> a[i] <= a[\result];
    complete behaviors;
    disjoint behaviors;
*/
int _max_seq(int *a, int n) {
    if (n == 0) {
        return 0;
    }
    int max = 0;

    // Loop A
    /*@
        [Hint] Invariant 0 <= max < n not preserved in this loop. Fix or supplement invariants.

        loop invariant i_0: 0 <= max < n;

        loop invariant i_1: \forall integer k; 0 <= k < i ==> a[k] <= a[max];

        loop invariant i_2: \exists integer max; 0 <= max < n;

        loop invariant i_3: \forall integer p; 0 <= p < n ==> a[p] <= a[max];

        loop invariant i_4: \forall integer k; 0 <= k < max ==> a[k] <= a[max];


        loop assigns max, i;
    */
    for (int i = 1; i < n; i++) {
        if (a[max] < a[i]) {
            max = i;
        }
    }
    return max;
}
You are an expert in deductive program verification using ACSL and Frama-C.
[Unprovable Invariant] 0 <= max < n
The above loop invariant of loop "A" fails the preservation (inductive) condition:
after executing one iteration of the loop body, the invariant cannot be re-established.
[Loop Body]
if (a[max] < a[i]) { max = i; i++;
This failure indicates that the current invariant may be incorrect or incomplete.  
There are two typical causes:
  1) The invariant is logically incorrect, so it does not hold after the loop body executes once.
     - In this case, you must adjust the invariant so that it is preserved by the loop body.
  2) The invariant is insufficient, i.e., it misses essential supporting conditions needed to re-establish itself.
     - In this case, you must introduce additional invariants so that the whole set becomes inductive.
Your task is to produce the corrected and/or auxiliary invariants that make the preservation step succeed.
IMPORTANT RULES:
1. You MUST NOT output any of the original invariants already in the code. Only output the new or modified invariants.
2. All invariants you produce must satisfy:
   - Establishment: they hold on loop entry.
   - Preservation: after executing the loop body exactly once, the invariant still holds.
   - Zero-iteration case: the invariant is valid even if the loop never executes.
3. The answer must follow this format exactly:
   ```
   loop invariant ...;
   loop invariant ...;
   ...
   ```
4. All invariants must follow ACSL syntax and be valid loop invariants.
5. No explanation. No commentary. Just show me the loop invariant.
 /no_think
--------------------------
----------Response----------
[unused16][unused17]```
loop invariant i_0: 0 <= max < n;

loop invariant i_1: \forall integer k; 0 <= k < i ==> a[k] <= a[max];

loop invariant i_2: \exists integer max; 0 <= max < n;

loop invariant i_3: \forall integer p; 0 <= p < n ==> a[p] <= a[max];

loop invariant i_4: \forall integer k; 0 <= k < max ==> a[k] <= a[max];
```
----------------------------
--------------------------------
------------Invariant Info-----------
LOOP A:
i_0: 0 <= max < n
i_1: \forall integer k; 0 <= k < i ==> a[k] <= a[max]
i_2: \exists integer max; 0 <= max < n
i_3: \forall integer p; 0 <= p < n ==> a[p] <= a[max]
i_4: \forall integer k; 0 <= k < max ==> a[k] <= a[max]
------------------------------------
----------Code with Invariants----------
/*@ requires n >= 0;
    requires \valid(a + (0..n-1));

    assigns \nothing;

    behavior empty:
      assumes n == 0;
      ensures e_1: \result == 0;
    behavior not_empty:
      assumes 0 < n;
      ensures e_2: 0 <= \result < n;
      ensures e_3: \forall integer i; 0 <= i < n ==> a[i] <= a[\result];
    complete behaviors;
    disjoint behaviors;
*/
int _max_seq(int *a, int n) {
    if (n == 0) {
        return 0;
    }
    int max = 0;

    // Loop A
    /*@
        loop invariant i_0: 0 <= max < n;

        loop invariant i_1: \forall integer k; 0 <= k < i ==> a[k] <= a[max];

        loop invariant i_2: \exists integer max; 0 <= max < n;

        loop invariant i_3: \forall integer p; 0 <= p < n ==> a[p] <= a[max];

        loop invariant i_4: \forall integer k; 0 <= k < max ==> a[k] <= a[max];


        loop assigns max, i;
    */
    for (int i = 1; i < n; i++) {
        if (a[max] < a[i]) {
            max = i;
        }
    }
    return max;
}
----------------------------------------
----------Begin Revise----------
-------------Establishment_requires: i_3: establishment---------------
----------Prompt----------

/*@ requires n >= 0;
    requires \valid(a + (0..n-1));

    assigns \nothing;

    behavior empty:
      assumes n == 0;
      ensures e_1: \result == 0;
    behavior not_empty:
      assumes 0 < n;
      ensures e_2: 0 <= \result < n;
      ensures e_3: \forall integer i; 0 <= i < n ==> a[i] <= a[\result];
    complete behaviors;
    disjoint behaviors;
*/
int _max_seq(int *a, int n) {
    if (n == 0) {
        return 0;
    }
    int max = 0;

    // Loop A
    /*@
        [Hint] Loop invariant \forall integer p; 0 <= p < n ==> a[p] <= a[max] too strong initially. Relax it.

        loop invariant i_0: 0 <= max < n;

        loop invariant i_1: \forall integer k; 0 <= k < i ==> a[k] <= a[max];

        loop invariant i_2: \exists integer max; 0 <= max < n;

        loop invariant i_3: \forall integer p; 0 <= p < n ==> a[p] <= a[max];

        loop invariant i_4: \forall integer k; 0 <= k < max ==> a[k] <= a[max];


        loop assigns max, i;
    */
    for (int i = 1; i < n; i++) {
        if (a[max] < a[i]) {
            max = i;
        }
    }
    return max;
}
You are an expert in deductive program verification using ACSL and Frama-C.
The following loop invariant of the loop labeled "A" cannot be established from the function's `requires` clauses:
[Unprovable Initial Invariant] \forall integer p; 0 <= p < n ==> a[p] <= a[max]
This means the loop invariant is too strong at the loop entry, violating the establishment condition of loop correctness.  
Your task is to relax or weaken the loop invariant at the position marked by: "[Hint] Loop invariant too strong initially. Relax it."
IMPORTANT RULES:
1. The relaxed invariants must still hold:
   - Establishment: They must be provable solely from the function's requires clauses and the program state before entering the loop.
   - Preservation: after executing the loop body exactly once, the invariant still holds.
   - Zero-iteration case: the invariant is valid even if the loop never executes.
2. Do NOT restate or print any of the existing loop invariants.  
   Only output the modified (weakened) invariants necessary to make the establishment step succeed.
3. Your answer must be solely in the form:
   ```
   loop invariant ...;
   loop invariant ...;
   ...
   ```
4. All invariants must follow ACSL syntax and be valid loop invariants.
5. No explanation. No commentary. Just show me the loop invariant.
 /no_think
--------------------------
----------Response----------
[unused16][unused17]```
loop invariant \exists integer max; 0 <= max < n;

loop invariant \forall integer k; 0 <= k < max ==> a[k] <= a[max];

loop invariant \forall integer p; 0 <= p < n ==> a[p] <= a[max];
```
----------------------------
-------------Preservation_self: i_0: preservation---------------
----------Prompt----------

/*@ requires n >= 0;
    requires \valid(a + (0..n-1));

    assigns \nothing;

    behavior empty:
      assumes n == 0;
      ensures e_1: \result == 0;
    behavior not_empty:
      assumes 0 < n;
      ensures e_2: 0 <= \result < n;
      ensures e_3: \forall integer i; 0 <= i < n ==> a[i] <= a[\result];
    complete behaviors;
    disjoint behaviors;
*/
int _max_seq(int *a, int n) {
    if (n == 0) {
        return 0;
    }
    int max = 0;

    // Loop A
    /*@
        [Hint] Invariant 0 <= max < n not preserved in this loop. Fix or supplement invariants.

        loop invariant i_0: 0 <= max < n;

        loop invariant i_1: \forall integer k; 0 <= k < i ==> a[k] <= a[max];

        loop invariant i_2: \exists integer max; 0 <= max < n;

        loop invariant i_3: \forall integer p; 0 <= p < n ==> a[p] <= a[max];

        loop invariant i_4: \forall integer k; 0 <= k < max ==> a[k] <= a[max];


        loop assigns max, i;
    */
    for (int i = 1; i < n; i++) {
        if (a[max] < a[i]) {
            max = i;
        }
    }
    return max;
}
You are an expert in deductive program verification using ACSL and Frama-C.
[Unprovable Invariant] 0 <= max < n
The above loop invariant of loop "A" fails the preservation (inductive) condition:
after executing one iteration of the loop body, the invariant cannot be re-established.
[Loop Body]
if (a[max] < a[i]) { max = i; i++;
This failure indicates that the current invariant may be incorrect or incomplete.  
There are two typical causes:
  1) The invariant is logically incorrect, so it does not hold after the loop body executes once.
     - In this case, you must adjust the invariant so that it is preserved by the loop body.
  2) The invariant is insufficient, i.e., it misses essential supporting conditions needed to re-establish itself.
     - In this case, you must introduce additional invariants so that the whole set becomes inductive.
Your task is to produce the corrected and/or auxiliary invariants that make the preservation step succeed.
IMPORTANT RULES:
1. You MUST NOT output any of the original invariants already in the code. Only output the new or modified invariants.
2. All invariants you produce must satisfy:
   - Establishment: they hold on loop entry.
   - Preservation: after executing the loop body exactly once, the invariant still holds.
   - Zero-iteration case: the invariant is valid even if the loop never executes.
3. The answer must follow this format exactly:
   ```
   loop invariant ...;
   loop invariant ...;
   ...
   ```
4. All invariants must follow ACSL syntax and be valid loop invariants.
5. No explanation. No commentary. Just show me the loop invariant.
 /no_think
--------------------------
----------Response----------
[unused16][unused17]```
loop invariant i_0: n >= 1;
loop invariant i_1: \exists integer max; 0 <= max < n;
loop invariant i_2: \forall integer k; 0 <= k < i ==> a[k] <= a[max];
```
----------------------------
--------------------------------
------------Invariant Info-----------
LOOP A:
i_0: 0 <= max < n
i_1: \forall integer k; 0 <= k < i ==> a[k] <= a[max]
i_2: \exists integer max; 0 <= max < n
i_3: \forall integer p; 0 <= p < n ==> a[p] <= a[max]
i_4: \forall integer k; 0 <= k < max ==> a[k] <= a[max]
i_5: n >= 1
------------------------------------
----------Code with Invariants----------
/*@ requires n >= 0;
    requires \valid(a + (0..n-1));

    assigns \nothing;

    behavior empty:
      assumes n == 0;
      ensures e_1: \result == 0;
    behavior not_empty:
      assumes 0 < n;
      ensures e_2: 0 <= \result < n;
      ensures e_3: \forall integer i; 0 <= i < n ==> a[i] <= a[\result];
    complete behaviors;
    disjoint behaviors;
*/
int _max_seq(int *a, int n) {
    if (n == 0) {
        return 0;
    }
    int max = 0;

    // Loop A
    /*@
        loop invariant i_0: 0 <= max < n;

        loop invariant i_1: \forall integer k; 0 <= k < i ==> a[k] <= a[max];

        loop invariant i_2: \exists integer max; 0 <= max < n;

        loop invariant i_3: \forall integer p; 0 <= p < n ==> a[p] <= a[max];

        loop invariant i_4: \forall integer k; 0 <= k < max ==> a[k] <= a[max];

        loop invariant i_5: n >= 1;


        loop assigns max, i;
    */
    for (int i = 1; i < n; i++) {
        if (a[max] < a[i]) {
            max = i;
        }
    }
    return max;
}
----------------------------------------
----------Begin Revise----------
-------------Establishment_requires: i_3: establishment---------------
----------Prompt----------

/*@ requires n >= 0;
    requires \valid(a + (0..n-1));

    assigns \nothing;

    behavior empty:
      assumes n == 0;
      ensures e_1: \result == 0;
    behavior not_empty:
      assumes 0 < n;
      ensures e_2: 0 <= \result < n;
      ensures e_3: \forall integer i; 0 <= i < n ==> a[i] <= a[\result];
    complete behaviors;
    disjoint behaviors;
*/
int _max_seq(int *a, int n) {
    if (n == 0) {
        return 0;
    }
    int max = 0;

    // Loop A
    /*@
        [Hint] Loop invariant \forall integer p; 0 <= p < n ==> a[p] <= a[max] too strong initially. Relax it.

        loop invariant i_0: 0 <= max < n;

        loop invariant i_1: \forall integer k; 0 <= k < i ==> a[k] <= a[max];

        loop invariant i_2: \exists integer max; 0 <= max < n;

        loop invariant i_3: \forall integer p; 0 <= p < n ==> a[p] <= a[max];

        loop invariant i_4: \forall integer k; 0 <= k < max ==> a[k] <= a[max];

        loop invariant i_5: n >= 1;


        loop assigns max, i;
    */
    for (int i = 1; i < n; i++) {
        if (a[max] < a[i]) {
            max = i;
        }
    }
    return max;
}
You are an expert in deductive program verification using ACSL and Frama-C.
The following loop invariant of the loop labeled "A" cannot be established from the function's `requires` clauses:
[Unprovable Initial Invariant] \forall integer p; 0 <= p < n ==> a[p] <= a[max]
This means the loop invariant is too strong at the loop entry, violating the establishment condition of loop correctness.  
Your task is to relax or weaken the loop invariant at the position marked by: "[Hint] Loop invariant too strong initially. Relax it."
IMPORTANT RULES:
1. The relaxed invariants must still hold:
   - Establishment: They must be provable solely from the function's requires clauses and the program state before entering the loop.
   - Preservation: after executing the loop body exactly once, the invariant still holds.
   - Zero-iteration case: the invariant is valid even if the loop never executes.
2. Do NOT restate or print any of the existing loop invariants.  
   Only output the modified (weakened) invariants necessary to make the establishment step succeed.
3. Your answer must be solely in the form:
   ```
   loop invariant ...;
   loop invariant ...;
   ...
   ```
4. All invariants must follow ACSL syntax and be valid loop invariants.
5. No explanation. No commentary. Just show me the loop invariant.
 /no_think
--------------------------
----------Response----------
[unused16][unused17]```
loop invariant \forall integer p; 0 <= p < n ==> a[p] <= a[max];
```
----------------------------
-------------Preservation_self: i_0: preservation---------------
----------Prompt----------

/*@ requires n >= 0;
    requires \valid(a + (0..n-1));

    assigns \nothing;

    behavior empty:
      assumes n == 0;
      ensures e_1: \result == 0;
    behavior not_empty:
      assumes 0 < n;
      ensures e_2: 0 <= \result < n;
      ensures e_3: \forall integer i; 0 <= i < n ==> a[i] <= a[\result];
    complete behaviors;
    disjoint behaviors;
*/
int _max_seq(int *a, int n) {
    if (n == 0) {
        return 0;
    }
    int max = 0;

    // Loop A
    /*@
        [Hint] Invariant 0 <= max < n not preserved in this loop. Fix or supplement invariants.

        loop invariant i_0: 0 <= max < n;

        loop invariant i_1: \forall integer k; 0 <= k < i ==> a[k] <= a[max];

        loop invariant i_2: \exists integer max; 0 <= max < n;

        loop invariant i_3: \forall integer p; 0 <= p < n ==> a[p] <= a[max];

        loop invariant i_4: \forall integer k; 0 <= k < max ==> a[k] <= a[max];

        loop invariant i_5: n >= 1;


        loop assigns max, i;
    */
    for (int i = 1; i < n; i++) {
        if (a[max] < a[i]) {
            max = i;
        }
    }
    return max;
}
You are an expert in deductive program verification using ACSL and Frama-C.
[Unprovable Invariant] 0 <= max < n
The above loop invariant of loop "A" fails the preservation (inductive) condition:
after executing one iteration of the loop body, the invariant cannot be re-established.
[Loop Body]
if (a[max] < a[i]) { max = i; i++;
This failure indicates that the current invariant may be incorrect or incomplete.  
There are two typical causes:
  1) The invariant is logically incorrect, so it does not hold after the loop body executes once.
     - In this case, you must adjust the invariant so that it is preserved by the loop body.
  2) The invariant is insufficient, i.e., it misses essential supporting conditions needed to re-establish itself.
     - In this case, you must introduce additional invariants so that the whole set becomes inductive.
Your task is to produce the corrected and/or auxiliary invariants that make the preservation step succeed.
IMPORTANT RULES:
1. You MUST NOT output any of the original invariants already in the code. Only output the new or modified invariants.
2. All invariants you produce must satisfy:
   - Establishment: they hold on loop entry.
   - Preservation: after executing the loop body exactly once, the invariant still holds.
   - Zero-iteration case: the invariant is valid even if the loop never executes.
3. The answer must follow this format exactly:
   ```
   loop invariant ...;
   loop invariant ...;
   ...
   ```
4. All invariants must follow ACSL syntax and be valid loop invariants.
5. No explanation. No commentary. Just show me the loop invariant.
 /no_think
--------------------------
----------Response----------
[unused16][unused17]loop invariant i_0: n >= 1;

loop invariant i_1: \exists integer max; 0 <= max < n;

loop invariant i_2: \forall integer k; 0 <= k < i ==> a[k] <= a[max];

loop invariant i_3: \forall integer p; 0 <= p < n ==> a[p] <= a[max];

loop invariant i_4: \forall integer k; 0 <= k < max ==> a[k] <= a[max];
----------------------------
--------------------------------
------------Invariant Info-----------
LOOP A:
i_0: 0 <= max < n
i_1: \forall integer k; 0 <= k < i ==> a[k] <= a[max]
i_2: \exists integer max; 0 <= max < n
i_3: \forall integer p; 0 <= p < n ==> a[p] <= a[max]
i_4: \forall integer k; 0 <= k < max ==> a[k] <= a[max]
i_5: n >= 1
------------------------------------
----------Code with Invariants----------
/*@ requires n >= 0;
    requires \valid(a + (0..n-1));

    assigns \nothing;

    behavior empty:
      assumes n == 0;
      ensures e_1: \result == 0;
    behavior not_empty:
      assumes 0 < n;
      ensures e_2: 0 <= \result < n;
      ensures e_3: \forall integer i; 0 <= i < n ==> a[i] <= a[\result];
    complete behaviors;
    disjoint behaviors;
*/
int _max_seq(int *a, int n) {
    if (n == 0) {
        return 0;
    }
    int max = 0;

    // Loop A
    /*@
        loop invariant i_0: 0 <= max < n;

        loop invariant i_1: \forall integer k; 0 <= k < i ==> a[k] <= a[max];

        loop invariant i_2: \exists integer max; 0 <= max < n;

        loop invariant i_3: \forall integer p; 0 <= p < n ==> a[p] <= a[max];

        loop invariant i_4: \forall integer k; 0 <= k < max ==> a[k] <= a[max];

        loop invariant i_5: n >= 1;


        loop assigns max, i;
    */
    for (int i = 1; i < n; i++) {
        if (a[max] < a[i]) {
            max = i;
        }
    }
    return max;
}
----------------------------------------
----------Begin Revise----------
-------------Establishment_requires: i_3: establishment---------------
----------Prompt----------

/*@ requires n >= 0;
    requires \valid(a + (0..n-1));

    assigns \nothing;

    behavior empty:
      assumes n == 0;
      ensures e_1: \result == 0;
    behavior not_empty:
      assumes 0 < n;
      ensures e_2: 0 <= \result < n;
      ensures e_3: \forall integer i; 0 <= i < n ==> a[i] <= a[\result];
    complete behaviors;
    disjoint behaviors;
*/
int _max_seq(int *a, int n) {
    if (n == 0) {
        return 0;
    }
    int max = 0;

    // Loop A
    /*@
        [Hint] Loop invariant \forall integer p; 0 <= p < n ==> a[p] <= a[max] too strong initially. Relax it.

        loop invariant i_0: 0 <= max < n;

        loop invariant i_1: \forall integer k; 0 <= k < i ==> a[k] <= a[max];

        loop invariant i_2: \exists integer max; 0 <= max < n;

        loop invariant i_3: \forall integer p; 0 <= p < n ==> a[p] <= a[max];

        loop invariant i_4: \forall integer k; 0 <= k < max ==> a[k] <= a[max];

        loop invariant i_5: n >= 1;


        loop assigns max, i;
    */
    for (int i = 1; i < n; i++) {
        if (a[max] < a[i]) {
            max = i;
        }
    }
    return max;
}
You are an expert in deductive program verification using ACSL and Frama-C.
The following loop invariant of the loop labeled "A" cannot be established from the function's `requires` clauses:
[Unprovable Initial Invariant] \forall integer p; 0 <= p < n ==> a[p] <= a[max]
This means the loop invariant is too strong at the loop entry, violating the establishment condition of loop correctness.  
Your task is to relax or weaken the loop invariant at the position marked by: "[Hint] Loop invariant too strong initially. Relax it."
IMPORTANT RULES:
1. The relaxed invariants must still hold:
   - Establishment: They must be provable solely from the function's requires clauses and the program state before entering the loop.
   - Preservation: after executing the loop body exactly once, the invariant still holds.
   - Zero-iteration case: the invariant is valid even if the loop never executes.
2. Do NOT restate or print any of the existing loop invariants.  
   Only output the modified (weakened) invariants necessary to make the establishment step succeed.
3. Your answer must be solely in the form:
   ```
   loop invariant ...;
   loop invariant ...;
   ...
   ```
4. All invariants must follow ACSL syntax and be valid loop invariants.
5. No explanation. No commentary. Just show me the loop invariant.
 /no_think
--------------------------
----------Response----------
[unused16][unused17]```
loop invariant i_0: 0 <= max < n;

loop invariant i_1: \forall integer k; 0 <= k < i ==> a[k] <= a[max];

loop invariant i_2: \exists integer max; 0 <= max < n;

loop invariant i_3: \forall integer p; 0 <= p < n ==> a[p] <= a[max];

loop invariant i_4: \forall integer k; 0 <= k < max ==> a[k] <= a[max];

loop invariant i_5: n >= 1;
```
----------------------------
-------------Preservation_self: i_0: preservation---------------
----------Prompt----------

/*@ requires n >= 0;
    requires \valid(a + (0..n-1));

    assigns \nothing;

    behavior empty:
      assumes n == 0;
      ensures e_1: \result == 0;
    behavior not_empty:
      assumes 0 < n;
      ensures e_2: 0 <= \result < n;
      ensures e_3: \forall integer i; 0 <= i < n ==> a[i] <= a[\result];
    complete behaviors;
    disjoint behaviors;
*/
int _max_seq(int *a, int n) {
    if (n == 0) {
        return 0;
    }
    int max = 0;

    // Loop A
    /*@
        [Hint] Invariant 0 <= max < n not preserved in this loop. Fix or supplement invariants.

        loop invariant i_0: 0 <= max < n;

        loop invariant i_1: \forall integer k; 0 <= k < i ==> a[k] <= a[max];

        loop invariant i_2: \exists integer max; 0 <= max < n;

        loop invariant i_3: \forall integer p; 0 <= p < n ==> a[p] <= a[max];

        loop invariant i_4: \forall integer k; 0 <= k < max ==> a[k] <= a[max];

        loop invariant i_5: n >= 1;


        loop assigns max, i;
    */
    for (int i = 1; i < n; i++) {
        if (a[max] < a[i]) {
            max = i;
        }
    }
    return max;
}
You are an expert in deductive program verification using ACSL and Frama-C.
[Unprovable Invariant] 0 <= max < n
The above loop invariant of loop "A" fails the preservation (inductive) condition:
after executing one iteration of the loop body, the invariant cannot be re-established.
[Loop Body]
if (a[max] < a[i]) { max = i; i++;
This failure indicates that the current invariant may be incorrect or incomplete.  
There are two typical causes:
  1) The invariant is logically incorrect, so it does not hold after the loop body executes once.
     - In this case, you must adjust the invariant so that it is preserved by the loop body.
  2) The invariant is insufficient, i.e., it misses essential supporting conditions needed to re-establish itself.
     - In this case, you must introduce additional invariants so that the whole set becomes inductive.
Your task is to produce the corrected and/or auxiliary invariants that make the preservation step succeed.
IMPORTANT RULES:
1. You MUST NOT output any of the original invariants already in the code. Only output the new or modified invariants.
2. All invariants you produce must satisfy:
   - Establishment: they hold on loop entry.
   - Preservation: after executing the loop body exactly once, the invariant still holds.
   - Zero-iteration case: the invariant is valid even if the loop never executes.
3. The answer must follow this format exactly:
   ```
   loop invariant ...;
   loop invariant ...;
   ...
   ```
4. All invariants must follow ACSL syntax and be valid loop invariants.
5. No explanation. No commentary. Just show me the loop invariant.
 /no_think
--------------------------
----------Response----------
[unused16][unused17]```
loop invariant i_0: n >= 1;

loop invariant i_1: \forall integer k; 0 <= k < i ==> a[k] <= a[max];

loop invariant i_2: \exists integer max; 0 <= max < n;

loop invariant i_3: \forall integer p; 0 <= p < n ==> a[p] <= a[max];

loop invariant i_4: \forall integer k; 0 <= k < max ==> a[k] <= a[max];
```
----------------------------
--------------------------------
------------Invariant Info-----------
LOOP A:
i_0: 0 <= max < n
i_1: \forall integer k; 0 <= k < i ==> a[k] <= a[max]
i_2: \exists integer max; 0 <= max < n
i_3: \forall integer p; 0 <= p < n ==> a[p] <= a[max]
i_4: \forall integer k; 0 <= k < max ==> a[k] <= a[max]
i_5: n >= 1
------------------------------------
----------Code with Invariants----------
/*@ requires n >= 0;
    requires \valid(a + (0..n-1));

    assigns \nothing;

    behavior empty:
      assumes n == 0;
      ensures e_1: \result == 0;
    behavior not_empty:
      assumes 0 < n;
      ensures e_2: 0 <= \result < n;
      ensures e_3: \forall integer i; 0 <= i < n ==> a[i] <= a[\result];
    complete behaviors;
    disjoint behaviors;
*/
int _max_seq(int *a, int n) {
    if (n == 0) {
        return 0;
    }
    int max = 0;

    // Loop A
    /*@
        loop invariant i_0: 0 <= max < n;

        loop invariant i_1: \forall integer k; 0 <= k < i ==> a[k] <= a[max];

        loop invariant i_2: \exists integer max; 0 <= max < n;

        loop invariant i_3: \forall integer p; 0 <= p < n ==> a[p] <= a[max];

        loop invariant i_4: \forall integer k; 0 <= k < max ==> a[k] <= a[max];

        loop invariant i_5: n >= 1;


        loop assigns max, i;
    */
    for (int i = 1; i < n; i++) {
        if (a[max] < a[i]) {
            max = i;
        }
    }
    return max;
}
----------------------------------------
----------Begin Revise----------
-------------Establishment_requires: i_3: establishment---------------
----------Prompt----------

/*@ requires n >= 0;
    requires \valid(a + (0..n-1));

    assigns \nothing;

    behavior empty:
      assumes n == 0;
      ensures e_1: \result == 0;
    behavior not_empty:
      assumes 0 < n;
      ensures e_2: 0 <= \result < n;
      ensures e_3: \forall integer i; 0 <= i < n ==> a[i] <= a[\result];
    complete behaviors;
    disjoint behaviors;
*/
int _max_seq(int *a, int n) {
    if (n == 0) {
        return 0;
    }
    int max = 0;

    // Loop A
    /*@
        [Hint] Loop invariant \forall integer p; 0 <= p < n ==> a[p] <= a[max] too strong initially. Relax it.

        loop invariant i_0: 0 <= max < n;

        loop invariant i_1: \forall integer k; 0 <= k < i ==> a[k] <= a[max];

        loop invariant i_2: \exists integer max; 0 <= max < n;

        loop invariant i_3: \forall integer p; 0 <= p < n ==> a[p] <= a[max];

        loop invariant i_4: \forall integer k; 0 <= k < max ==> a[k] <= a[max];

        loop invariant i_5: n >= 1;


        loop assigns max, i;
    */
    for (int i = 1; i < n; i++) {
        if (a[max] < a[i]) {
            max = i;
        }
    }
    return max;
}
You are an expert in deductive program verification using ACSL and Frama-C.
The following loop invariant of the loop labeled "A" cannot be established from the function's `requires` clauses:
[Unprovable Initial Invariant] \forall integer p; 0 <= p < n ==> a[p] <= a[max]
This means the loop invariant is too strong at the loop entry, violating the establishment condition of loop correctness.  
Your task is to relax or weaken the loop invariant at the position marked by: "[Hint] Loop invariant too strong initially. Relax it."
IMPORTANT RULES:
1. The relaxed invariants must still hold:
   - Establishment: They must be provable solely from the function's requires clauses and the program state before entering the loop.
   - Preservation: after executing the loop body exactly once, the invariant still holds.
   - Zero-iteration case: the invariant is valid even if the loop never executes.
2. Do NOT restate or print any of the existing loop invariants.  
   Only output the modified (weakened) invariants necessary to make the establishment step succeed.
3. Your answer must be solely in the form:
   ```
   loop invariant ...;
   loop invariant ...;
   ...
   ```
4. All invariants must follow ACSL syntax and be valid loop invariants.
5. No explanation. No commentary. Just show me the loop invariant.
 /no_think
--------------------------
----------Response----------
[unused16][unused17]```
loop invariant \forall integer p; 0 <= p < n ==> a[p] <= a[max];
```
----------------------------
-------------Preservation_self: i_0: preservation---------------
----------Prompt----------

/*@ requires n >= 0;
    requires \valid(a + (0..n-1));

    assigns \nothing;

    behavior empty:
      assumes n == 0;
      ensures e_1: \result == 0;
    behavior not_empty:
      assumes 0 < n;
      ensures e_2: 0 <= \result < n;
      ensures e_3: \forall integer i; 0 <= i < n ==> a[i] <= a[\result];
    complete behaviors;
    disjoint behaviors;
*/
int _max_seq(int *a, int n) {
    if (n == 0) {
        return 0;
    }
    int max = 0;

    // Loop A
    /*@
        [Hint] Invariant 0 <= max < n not preserved in this loop. Fix or supplement invariants.

        loop invariant i_0: 0 <= max < n;

        loop invariant i_1: \forall integer k; 0 <= k < i ==> a[k] <= a[max];

        loop invariant i_2: \exists integer max; 0 <= max < n;

        loop invariant i_3: \forall integer p; 0 <= p < n ==> a[p] <= a[max];

        loop invariant i_4: \forall integer k; 0 <= k < max ==> a[k] <= a[max];

        loop invariant i_5: n >= 1;


        loop assigns max, i;
    */
    for (int i = 1; i < n; i++) {
        if (a[max] < a[i]) {
            max = i;
        }
    }
    return max;
}
You are an expert in deductive program verification using ACSL and Frama-C.
[Unprovable Invariant] 0 <= max < n
The above loop invariant of loop "A" fails the preservation (inductive) condition:
after executing one iteration of the loop body, the invariant cannot be re-established.
[Loop Body]
if (a[max] < a[i]) { max = i; i++;
This failure indicates that the current invariant may be incorrect or incomplete.  
There are two typical causes:
  1) The invariant is logically incorrect, so it does not hold after the loop body executes once.
     - In this case, you must adjust the invariant so that it is preserved by the loop body.
  2) The invariant is insufficient, i.e., it misses essential supporting conditions needed to re-establish itself.
     - In this case, you must introduce additional invariants so that the whole set becomes inductive.
Your task is to produce the corrected and/or auxiliary invariants that make the preservation step succeed.
IMPORTANT RULES:
1. You MUST NOT output any of the original invariants already in the code. Only output the new or modified invariants.
2. All invariants you produce must satisfy:
   - Establishment: they hold on loop entry.
   - Preservation: after executing the loop body exactly once, the invariant still holds.
   - Zero-iteration case: the invariant is valid even if the loop never executes.
3. The answer must follow this format exactly:
   ```
   loop invariant ...;
   loop invariant ...;
   ...
   ```
4. All invariants must follow ACSL syntax and be valid loop invariants.
5. No explanation. No commentary. Just show me the loop invariant.
 /no_think
--------------------------
----------Response----------
[unused16][unused17]```
loop invariant i_0: n >= 1;

loop invariant i_1: \forall integer k; 0 <= k < i ==> a[k] <= a[max];

loop invariant i_2: \exists integer max; 0 <= max < n;

loop invariant i_3: \forall integer p; 0 <= p < n ==> a[p] <= a[max];

loop invariant i_4: \forall integer k; 0 <= k < max ==> a[k] <= a[max];
```
----------------------------
--------------------------------
------------Invariant Info-----------
LOOP A:
i_0: 0 <= max < n
i_1: \forall integer k; 0 <= k < i ==> a[k] <= a[max]
i_2: \exists integer max; 0 <= max < n
i_3: \forall integer p; 0 <= p < n ==> a[p] <= a[max]
i_4: \forall integer k; 0 <= k < max ==> a[k] <= a[max]
i_5: n >= 1
------------------------------------
----------Code with Invariants----------
/*@ requires n >= 0;
    requires \valid(a + (0..n-1));

    assigns \nothing;

    behavior empty:
      assumes n == 0;
      ensures e_1: \result == 0;
    behavior not_empty:
      assumes 0 < n;
      ensures e_2: 0 <= \result < n;
      ensures e_3: \forall integer i; 0 <= i < n ==> a[i] <= a[\result];
    complete behaviors;
    disjoint behaviors;
*/
int _max_seq(int *a, int n) {
    if (n == 0) {
        return 0;
    }
    int max = 0;

    // Loop A
    /*@
        loop invariant i_0: 0 <= max < n;

        loop invariant i_1: \forall integer k; 0 <= k < i ==> a[k] <= a[max];

        loop invariant i_2: \exists integer max; 0 <= max < n;

        loop invariant i_3: \forall integer p; 0 <= p < n ==> a[p] <= a[max];

        loop invariant i_4: \forall integer k; 0 <= k < max ==> a[k] <= a[max];

        loop invariant i_5: n >= 1;


        loop assigns max, i;
    */
    for (int i = 1; i < n; i++) {
        if (a[max] < a[i]) {
            max = i;
        }
    }
    return max;
}
----------------------------------------
----------Begin Revise----------
-------------Establishment_requires: i_3: establishment---------------
----------Prompt----------

/*@ requires n >= 0;
    requires \valid(a + (0..n-1));

    assigns \nothing;

    behavior empty:
      assumes n == 0;
      ensures e_1: \result == 0;
    behavior not_empty:
      assumes 0 < n;
      ensures e_2: 0 <= \result < n;
      ensures e_3: \forall integer i; 0 <= i < n ==> a[i] <= a[\result];
    complete behaviors;
    disjoint behaviors;
*/
int _max_seq(int *a, int n) {
    if (n == 0) {
        return 0;
    }
    int max = 0;

    // Loop A
    /*@
        [Hint] Loop invariant \forall integer p; 0 <= p < n ==> a[p] <= a[max] too strong initially. Relax it.

        loop invariant i_0: 0 <= max < n;

        loop invariant i_1: \forall integer k; 0 <= k < i ==> a[k] <= a[max];

        loop invariant i_2: \exists integer max; 0 <= max < n;

        loop invariant i_3: \forall integer p; 0 <= p < n ==> a[p] <= a[max];

        loop invariant i_4: \forall integer k; 0 <= k < max ==> a[k] <= a[max];

        loop invariant i_5: n >= 1;


        loop assigns max, i;
    */
    for (int i = 1; i < n; i++) {
        if (a[max] < a[i]) {
            max = i;
        }
    }
    return max;
}
You are an expert in deductive program verification using ACSL and Frama-C.
The following loop invariant of the loop labeled "A" cannot be established from the function's `requires` clauses:
[Unprovable Initial Invariant] \forall integer p; 0 <= p < n ==> a[p] <= a[max]
This means the loop invariant is too strong at the loop entry, violating the establishment condition of loop correctness.  
Your task is to relax or weaken the loop invariant at the position marked by: "[Hint] Loop invariant too strong initially. Relax it."
IMPORTANT RULES:
1. The relaxed invariants must still hold:
   - Establishment: They must be provable solely from the function's requires clauses and the program state before entering the loop.
   - Preservation: after executing the loop body exactly once, the invariant still holds.
   - Zero-iteration case: the invariant is valid even if the loop never executes.
2. Do NOT restate or print any of the existing loop invariants.  
   Only output the modified (weakened) invariants necessary to make the establishment step succeed.
3. Your answer must be solely in the form:
   ```
   loop invariant ...;
   loop invariant ...;
   ...
   ```
4. All invariants must follow ACSL syntax and be valid loop invariants.
5. No explanation. No commentary. Just show me the loop invariant.
 /no_think
--------------------------
----------Response----------
[unused16][unused17]```
loop invariant i_0: 0 <= max < n;

loop invariant i_1: \forall integer k; 0 <= k < i ==> a[k] <= a[max];

loop invariant i_2: \exists integer max; 0 <= max < n;

loop invariant i_3: \forall integer p; 0 <= p < n ==> a[p] <= a[max];

loop invariant i_4: \forall integer k; 0 <= k < max ==> a[k] <= a[max];

loop invariant i_5: n >= 1;
```
----------------------------
-------------Preservation_self: i_0: preservation---------------
----------Prompt----------

/*@ requires n >= 0;
    requires \valid(a + (0..n-1));

    assigns \nothing;

    behavior empty:
      assumes n == 0;
      ensures e_1: \result == 0;
    behavior not_empty:
      assumes 0 < n;
      ensures e_2: 0 <= \result < n;
      ensures e_3: \forall integer i; 0 <= i < n ==> a[i] <= a[\result];
    complete behaviors;
    disjoint behaviors;
*/
int _max_seq(int *a, int n) {
    if (n == 0) {
        return 0;
    }
    int max = 0;

    // Loop A
    /*@
        [Hint] Invariant 0 <= max < n not preserved in this loop. Fix or supplement invariants.

        loop invariant i_0: 0 <= max < n;

        loop invariant i_1: \forall integer k; 0 <= k < i ==> a[k] <= a[max];

        loop invariant i_2: \exists integer max; 0 <= max < n;

        loop invariant i_3: \forall integer p; 0 <= p < n ==> a[p] <= a[max];

        loop invariant i_4: \forall integer k; 0 <= k < max ==> a[k] <= a[max];

        loop invariant i_5: n >= 1;


        loop assigns max, i;
    */
    for (int i = 1; i < n; i++) {
        if (a[max] < a[i]) {
            max = i;
        }
    }
    return max;
}
You are an expert in deductive program verification using ACSL and Frama-C.
[Unprovable Invariant] 0 <= max < n
The above loop invariant of loop "A" fails the preservation (inductive) condition:
after executing one iteration of the loop body, the invariant cannot be re-established.
[Loop Body]
if (a[max] < a[i]) { max = i; i++;
This failure indicates that the current invariant may be incorrect or incomplete.  
There are two typical causes:
  1) The invariant is logically incorrect, so it does not hold after the loop body executes once.
     - In this case, you must adjust the invariant so that it is preserved by the loop body.
  2) The invariant is insufficient, i.e., it misses essential supporting conditions needed to re-establish itself.
     - In this case, you must introduce additional invariants so that the whole set becomes inductive.
Your task is to produce the corrected and/or auxiliary invariants that make the preservation step succeed.
IMPORTANT RULES:
1. You MUST NOT output any of the original invariants already in the code. Only output the new or modified invariants.
2. All invariants you produce must satisfy:
   - Establishment: they hold on loop entry.
   - Preservation: after executing the loop body exactly once, the invariant still holds.
   - Zero-iteration case: the invariant is valid even if the loop never executes.
3. The answer must follow this format exactly:
   ```
   loop invariant ...;
   loop invariant ...;
   ...
   ```
4. All invariants must follow ACSL syntax and be valid loop invariants.
5. No explanation. No commentary. Just show me the loop invariant.
 /no_think
--------------------------
----------Response----------
[unused16][unused17]```
loop invariant i_0: n >= 1;

loop invariant i_1: \forall integer k; 0 <= k < i ==> a[k] <= a[max];

loop invariant i_2: \exists integer max; 0 <= max < n;

loop invariant i_3: \forall integer p; 0 <= p < n ==> a[p] <= a[max];

loop invariant i_4: \forall integer k; 0 <= k < max ==> a[k] <= a[max];
```
----------------------------
--------------------------------
------------Invariant Info-----------
LOOP A:
i_0: 0 <= max < n
i_1: \forall integer k; 0 <= k < i ==> a[k] <= a[max]
i_2: \exists integer max; 0 <= max < n
i_3: \forall integer p; 0 <= p < n ==> a[p] <= a[max]
i_4: \forall integer k; 0 <= k < max ==> a[k] <= a[max]
i_5: n >= 1
------------------------------------
----------Code with Invariants----------
/*@ requires n >= 0;
    requires \valid(a + (0..n-1));

    assigns \nothing;

    behavior empty:
      assumes n == 0;
      ensures e_1: \result == 0;
    behavior not_empty:
      assumes 0 < n;
      ensures e_2: 0 <= \result < n;
      ensures e_3: \forall integer i; 0 <= i < n ==> a[i] <= a[\result];
    complete behaviors;
    disjoint behaviors;
*/
int _max_seq(int *a, int n) {
    if (n == 0) {
        return 0;
    }
    int max = 0;

    // Loop A
    /*@
        loop invariant i_0: 0 <= max < n;

        loop invariant i_1: \forall integer k; 0 <= k < i ==> a[k] <= a[max];

        loop invariant i_2: \exists integer max; 0 <= max < n;

        loop invariant i_3: \forall integer p; 0 <= p < n ==> a[p] <= a[max];

        loop invariant i_4: \forall integer k; 0 <= k < max ==> a[k] <= a[max];

        loop invariant i_5: n >= 1;


        loop assigns max, i;
    */
    for (int i = 1; i < n; i++) {
        if (a[max] < a[i]) {
            max = i;
        }
    }
    return max;
}
----------------------------------------
----------Begin Revise----------
--------------------------------
------------Invariant Info-----------
LOOP A:
i_1: \forall integer k; 0 <= k < i ==> a[k] <= a[max]
i_2: \exists integer max; 0 <= max < n
i_4: \forall integer k; 0 <= k < max ==> a[k] <= a[max]
i_5: n >= 1
------------------------------------
----------Code with Invariants----------
/*@ requires n >= 0;
    requires \valid(a + (0..n-1));

    assigns \nothing;

    behavior empty:
      assumes n == 0;
      ensures e_1: \result == 0;
    behavior not_empty:
      assumes 0 < n;
      ensures e_2: 0 <= \result < n;
      ensures e_3: \forall integer i; 0 <= i < n ==> a[i] <= a[\result];
    complete behaviors;
    disjoint behaviors;
*/
int _max_seq(int *a, int n) {
    if (n == 0) {
        return 0;
    }
    int max = 0;

    // Loop A
    /*@
        loop invariant i_1: \forall integer k; 0 <= k < i ==> a[k] <= a[max];

        loop invariant i_2: \exists integer max; 0 <= max < n;

        loop invariant i_4: \forall integer k; 0 <= k < max ==> a[k] <= a[max];

        loop invariant i_5: n >= 1;


        loop assigns max, i;
    */
    for (int i = 1; i < n; i++) {
        if (a[max] < a[i]) {
            max = i;
        }
    }
    return max;
}
----------------------------------------
----------Begin Revise----------
-------------Ensure Revise: e_2: 0 <= \result < n---------------
----------Prompt----------

/*@ requires n >= 0;
    requires \valid(a + (0..n-1));

    assigns \nothing;

    behavior empty:
      assumes n == 0;
      ensures e_1: \result == 0;
    behavior not_empty:
      assumes 0 < n;
      ensures e_2: 0 <= \result < n;
      ensures e_3: \forall integer i; 0 <= i < n ==> a[i] <= a[\result];
    complete behaviors;
    disjoint behaviors;
*/
int _max_seq(int *a, int n) {
    if (n == 0) {
        return 0;
    }
    int max = 0;

    // Loop A
    /*@
        [Hint] Please strengthen the loop invariant in the following loop.

        loop invariant i_1: \forall integer k; 0 <= k < i ==> a[k] <= a[max];

        loop invariant i_2: \exists integer max; 0 <= max < n;

        loop invariant i_4: \forall integer k; 0 <= k < max ==> a[k] <= a[max];

        loop invariant i_5: n >= 1;


        loop assigns max, i;
    */
    for (int i = 1; i < n; i++) {
        if (a[max] < a[i]) {
            max = i;
        }
    }
    return max;
}
You are an expert in deductive program verification using ACSL and Frama-C.
The program has failed to prove the following `ensures` clause:
[Unproved Ensures]  0 <= \result < n
To help Frama-C discharge this postcondition, you must strengthen the loop invariant of the LAST executed loop, which is the loop labeled by alphabet "A".  
You should insert additional `loop invariant` clauses only at the location marked by "[Hint] Please strengthen the loop invariant in the following loop."
IMPORTANT RULES:
1. Do NOT repeat or reprint the existing loop invariants already present in the code.
2. Your task is to provide only the new invariants that are necessary to establish the failed ensures clause.
3. The new invariants must be strong enough to imply the ensures clause upon normal loop termination.
4. All invariants you produce must satisfy:
   - Establishment: they hold on loop entry.
   - Preservation: after executing the loop body exactly once, the invariant still holds.
   - Zero-iteration case: the invariant is valid even if the loop never executes.
5. Your answer should follow the following format:
   ```
   loop invariant ...;
   loop invariant ...;
   ...
   ```
5. All invariants must follow ACSL syntax and be valid loop invariants.
6. No explanation. No commentary. Just show me the loop invariant.
 /no_think
--------------------------
----------Response----------
[unused16][unused17]loop invariant i_1: \forall integer k; 0 <= k < i ==> a[k] <= a[max];

loop invariant i_2: \exists integer max; 0 <= max < n;

loop invariant i_3: \forall integer k; 0 <= k < max ==> a[k] <= a[max];

loop invariant i_4: n >= 1;
----------------------------
--------------------------------
------------Invariant Info-----------
LOOP A:
i_1: \forall integer k; 0 <= k < i ==> a[k] <= a[max]
i_2: \exists integer max; 0 <= max < n
i_4: \forall integer k; 0 <= k < max ==> a[k] <= a[max]
i_5: n >= 1
------------------------------------
----------Code with Invariants----------
/*@ requires n >= 0;
    requires \valid(a + (0..n-1));

    assigns \nothing;

    behavior empty:
      assumes n == 0;
      ensures e_1: \result == 0;
    behavior not_empty:
      assumes 0 < n;
      ensures e_2: 0 <= \result < n;
      ensures e_3: \forall integer i; 0 <= i < n ==> a[i] <= a[\result];
    complete behaviors;
    disjoint behaviors;
*/
int _max_seq(int *a, int n) {
    if (n == 0) {
        return 0;
    }
    int max = 0;

    // Loop A
    /*@
        loop invariant i_1: \forall integer k; 0 <= k < i ==> a[k] <= a[max];

        loop invariant i_2: \exists integer max; 0 <= max < n;

        loop invariant i_4: \forall integer k; 0 <= k < max ==> a[k] <= a[max];

        loop invariant i_5: n >= 1;


        loop assigns max, i;
    */
    for (int i = 1; i < n; i++) {
        if (a[max] < a[i]) {
            max = i;
        }
    }
    return max;
}
----------------------------------------
----------Begin Revise----------
-------------Ensure Revise: e_2: 0 <= \result < n---------------
----------Prompt----------

/*@ requires n >= 0;
    requires \valid(a + (0..n-1));

    assigns \nothing;

    behavior empty:
      assumes n == 0;
      ensures e_1: \result == 0;
    behavior not_empty:
      assumes 0 < n;
      ensures e_2: 0 <= \result < n;
      ensures e_3: \forall integer i; 0 <= i < n ==> a[i] <= a[\result];
    complete behaviors;
    disjoint behaviors;
*/
int _max_seq(int *a, int n) {
    if (n == 0) {
        return 0;
    }
    int max = 0;

    // Loop A
    /*@
        [Hint] Please strengthen the loop invariant in the following loop.

        loop invariant i_1: \forall integer k; 0 <= k < i ==> a[k] <= a[max];

        loop invariant i_2: \exists integer max; 0 <= max < n;

        loop invariant i_4: \forall integer k; 0 <= k < max ==> a[k] <= a[max];

        loop invariant i_5: n >= 1;


        loop assigns max, i;
    */
    for (int i = 1; i < n; i++) {
        if (a[max] < a[i]) {
            max = i;
        }
    }
    return max;
}
You are an expert in deductive program verification using ACSL and Frama-C.
The program has failed to prove the following `ensures` clause:
[Unproved Ensures]  0 <= \result < n
To help Frama-C discharge this postcondition, you must strengthen the loop invariant of the LAST executed loop, which is the loop labeled by alphabet "A".  
You should insert additional `loop invariant` clauses only at the location marked by "[Hint] Please strengthen the loop invariant in the following loop."
IMPORTANT RULES:
1. Do NOT repeat or reprint the existing loop invariants already present in the code.
2. Your task is to provide only the new invariants that are necessary to establish the failed ensures clause.
3. The new invariants must be strong enough to imply the ensures clause upon normal loop termination.
4. All invariants you produce must satisfy:
   - Establishment: they hold on loop entry.
   - Preservation: after executing the loop body exactly once, the invariant still holds.
   - Zero-iteration case: the invariant is valid even if the loop never executes.
5. Your answer should follow the following format:
   ```
   loop invariant ...;
   loop invariant ...;
   ...
   ```
5. All invariants must follow ACSL syntax and be valid loop invariants.
6. No explanation. No commentary. Just show me the loop invariant.
 /no_think
--------------------------
----------Response----------
[unused16][unused17]```
loop invariant i_1: \forall integer k; 0 <= k < i ==> a[k] <= a[max];
loop invariant i_2: \exists integer max; 0 <= max < n;
loop invariant i_4: \forall integer k; 0 <= k < max ==> a[k] <= a[max];
```
----------------------------
--------------------------------
------------Invariant Info-----------
LOOP A:
i_1: \forall integer k; 0 <= k < i ==> a[k] <= a[max]
i_2: \exists integer max; 0 <= max < n
i_4: \forall integer k; 0 <= k < max ==> a[k] <= a[max]
i_5: n >= 1
------------------------------------
----------Code with Invariants----------
/*@ requires n >= 0;
    requires \valid(a + (0..n-1));

    assigns \nothing;

    behavior empty:
      assumes n == 0;
      ensures e_1: \result == 0;
    behavior not_empty:
      assumes 0 < n;
      ensures e_2: 0 <= \result < n;
      ensures e_3: \forall integer i; 0 <= i < n ==> a[i] <= a[\result];
    complete behaviors;
    disjoint behaviors;
*/
int _max_seq(int *a, int n) {
    if (n == 0) {
        return 0;
    }
    int max = 0;

    // Loop A
    /*@
        loop invariant i_1: \forall integer k; 0 <= k < i ==> a[k] <= a[max];

        loop invariant i_2: \exists integer max; 0 <= max < n;

        loop invariant i_4: \forall integer k; 0 <= k < max ==> a[k] <= a[max];

        loop invariant i_5: n >= 1;


        loop assigns max, i;
    */
    for (int i = 1; i < n; i++) {
        if (a[max] < a[i]) {
            max = i;
        }
    }
    return max;
}
----------------------------------------
----------Begin Revise----------
-------------Ensure Revise: e_2: 0 <= \result < n---------------
----------Prompt----------

/*@ requires n >= 0;
    requires \valid(a + (0..n-1));

    assigns \nothing;

    behavior empty:
      assumes n == 0;
      ensures e_1: \result == 0;
    behavior not_empty:
      assumes 0 < n;
      ensures e_2: 0 <= \result < n;
      ensures e_3: \forall integer i; 0 <= i < n ==> a[i] <= a[\result];
    complete behaviors;
    disjoint behaviors;
*/
int _max_seq(int *a, int n) {
    if (n == 0) {
        return 0;
    }
    int max = 0;

    // Loop A
    /*@
        [Hint] Please strengthen the loop invariant in the following loop.

        loop invariant i_1: \forall integer k; 0 <= k < i ==> a[k] <= a[max];

        loop invariant i_2: \exists integer max; 0 <= max < n;

        loop invariant i_4: \forall integer k; 0 <= k < max ==> a[k] <= a[max];

        loop invariant i_5: n >= 1;


        loop assigns max, i;
    */
    for (int i = 1; i < n; i++) {
        if (a[max] < a[i]) {
            max = i;
        }
    }
    return max;
}
You are an expert in deductive program verification using ACSL and Frama-C.
The program has failed to prove the following `ensures` clause:
[Unproved Ensures]  0 <= \result < n
To help Frama-C discharge this postcondition, you must strengthen the loop invariant of the LAST executed loop, which is the loop labeled by alphabet "A".  
You should insert additional `loop invariant` clauses only at the location marked by "[Hint] Please strengthen the loop invariant in the following loop."
IMPORTANT RULES:
1. Do NOT repeat or reprint the existing loop invariants already present in the code.
2. Your task is to provide only the new invariants that are necessary to establish the failed ensures clause.
3. The new invariants must be strong enough to imply the ensures clause upon normal loop termination.
4. All invariants you produce must satisfy:
   - Establishment: they hold on loop entry.
   - Preservation: after executing the loop body exactly once, the invariant still holds.
   - Zero-iteration case: the invariant is valid even if the loop never executes.
5. Your answer should follow the following format:
   ```
   loop invariant ...;
   loop invariant ...;
   ...
   ```
5. All invariants must follow ACSL syntax and be valid loop invariants.
6. No explanation. No commentary. Just show me the loop invariant.
 /no_think
--------------------------
----------Response----------
[unused16][unused17]loop invariant i_1: \forall integer k; 0 <= k < i ==> a[k] <= a[max];
loop invariant i_2: \exists integer max; 0 <= max < n;
loop invariant i_4: \forall integer k; 0 <= k < max ==> a[k] <= a[max];
loop invariant i_5: n >= 1;
```
----------------------------
--------------------------------
------------Invariant Info-----------
LOOP A:
i_1: \forall integer k; 0 <= k < i ==> a[k] <= a[max]
i_2: \exists integer max; 0 <= max < n
i_4: \forall integer k; 0 <= k < max ==> a[k] <= a[max]
i_5: n >= 1
------------------------------------
----------Code with Invariants----------
/*@ requires n >= 0;
    requires \valid(a + (0..n-1));

    assigns \nothing;

    behavior empty:
      assumes n == 0;
      ensures e_1: \result == 0;
    behavior not_empty:
      assumes 0 < n;
      ensures e_2: 0 <= \result < n;
      ensures e_3: \forall integer i; 0 <= i < n ==> a[i] <= a[\result];
    complete behaviors;
    disjoint behaviors;
*/
int _max_seq(int *a, int n) {
    if (n == 0) {
        return 0;
    }
    int max = 0;

    // Loop A
    /*@
        loop invariant i_1: \forall integer k; 0 <= k < i ==> a[k] <= a[max];

        loop invariant i_2: \exists integer max; 0 <= max < n;

        loop invariant i_4: \forall integer k; 0 <= k < max ==> a[k] <= a[max];

        loop invariant i_5: n >= 1;


        loop assigns max, i;
    */
    for (int i = 1; i < n; i++) {
        if (a[max] < a[i]) {
            max = i;
        }
    }
    return max;
}
----------------------------------------
---------Result---------
Fail
Model: openPangu-Embedded-7B-V1.1
Running time: 305.0598978996277
Proposal number: 11
Verified code:

------------------------
