-----------Model-----------
Model type:
PanguEmbeddedForCausalLM(
  (model): PanguEmbeddedModel(
    (embed_tokens): Embedding(153376, 4096, padding_idx=0)
    (layers): ModuleList(
      (0-33): 34 x PanguEmbeddedDecoderLayer(
        (self_attn): PanguEmbeddedAttention(
          (q_proj): Linear(in_features=4096, out_features=4096, bias=True)
          (k_proj): Linear(in_features=4096, out_features=1024, bias=True)
          (v_proj): Linear(in_features=4096, out_features=1024, bias=True)
          (o_proj): Linear(in_features=4096, out_features=4096, bias=True)
        )
        (mlp): PanguEmbeddedMLP(
          (gate_proj): Linear(in_features=4096, out_features=12800, bias=False)
          (up_proj): Linear(in_features=4096, out_features=12800, bias=False)
          (down_proj): Linear(in_features=12800, out_features=4096, bias=False)
          (act_fn): SiLU()
        )
        (input_layernorm): PanguEmbeddedRMSNorm((4096,), eps=1e-05)
        (post_attention_layernorm): PanguEmbeddedRMSNorm((4096,), eps=1e-05)
      )
    )
    (norm): PanguEmbeddedRMSNorm((4096,), eps=1e-05)
    (rotary_emb): PanguEmbeddedRotaryEmbedding()
  )
  (lm_head): Linear(in_features=4096, out_features=153376, bias=False)
)
Model device:
npu:1
---------------------------
File Path: ../Benchmark/SVCOMP/svcomp_18.c
----------Code----------
# define INT_MAX 2147483647
# define INT_MIN -2147483648

/*@
    requires INT_MIN < n0 && n0 < INT_MAX;
    requires INT_MIN < n1 && n1 < INT_MAX;
*/
void svcomp_18(int n0, int n1) {
    int i0 = 0;
    int k = 0;

    /*@
        loop assigns i0, k;
    */
    while( i0 < n0 ) {
        i0++;
        k++;
    }

    int i1 = 0;

    /*@
        loop assigns i1, k;
    */
    while( i1 < n1 ) {
        i1++;
        k++;
    }

    int j1 = 0;

    /*@
        loop assigns j1, k;
    */
    while( j1 < n0 + n1 ) {
        //@ assert(k > 0);
        j1++;
        k--;
    }
}
------------------------
----------Prompt----------

# define INT_MAX 2147483647
# define INT_MIN -2147483648

/*@
    requires INT_MIN < n0 && n0 < INT_MAX;
    requires INT_MIN < n1 && n1 < INT_MAX;
*/
void svcomp_18(int n0, int n1) {
    int i0 = 0;
    int k = 0;

    // Loop A
    /*@
        [Hint] Please infer the loop invariant for the following loop.

        loop assigns i0, k;
    */
    while( i0 < n0 ) {
        i0++;
        k++;
    }

    int i1 = 0;

    // Loop B
    /*@
        loop assigns i1, k;
    */
    while( i1 < n1 ) {
        i1++;
        k++;
    }

    int j1 = 0;

    // Loop C
    /*@
        loop assigns j1, k;
    */
    while( j1 < n0 + n1 ) {
        //@ assert(k > 0);
        j1++;
        k--;
    }
}
You are an expert in program verification, and please generate loop invariant as C annotation comments at the hint location (annotated by "[Hint] Please infer the loop invariant for the following loop.") using ACSL language.
ACSL is a specification language for C programs that conforms to the design by contract paradigm, utilizing Hoare style pre- and postconditions and invariants. Note that the `loop invariant` clause is a condition that is true at the beginning and end of every loop iteration.
Specifically, for the current verification task:
    - Pre-condition: the function's `requires` clauses
    - Post-condition: 
Please verify that the generated loop invariant is consistent with these constraints. If these specific pre- or post-conditions are not provided or empty, please infer the loop invariant strictly based on the program's execution logic and standard correctness.
In order to get a correct answer, You may want to consider both the situation of not entering the loop and the situation of jumping out of the loop. If some of the pre-conditions are also loop invariant, you need to add them to your answer as well.
Use '&&', '||', '==>', '\forall' or '\exists' if necessary. For instance:
```
loop invariant 1 <= x;
loop invariant x == y;
loop invariant 0 < x ==> y <= z;
loop invariant z % 2 == 1 || x == y;
loop invariant z % 2 == 1 && x <= y;
loop invariant \forall integer k;  0 <= k < i ==> max >=  a[k];
loop invariant \exists integer k;  0 <= k < i &&  max == a[k];
loop invariant \forall integer p; 0 <= p < \at(k, End_l) ==> res[p] == \at(res[p], End_l);
```
Your answer should follow the following format:
```
loop invariant ...;
loop invariant ...;
...
```
No explanation. No commentary. Just show me the loop invariant.
 /no_think
--------------------------
----------Response----------
[unused16][unused17]```
loop invariant i0 <= n0;
loop invariant k >= 0;
loop invariant i1 <= n1;
loop invariant k >= 0;
loop invariant j1 <= n0 + n1 && k >= 0;
```
----------------------------
----------Prompt----------

# define INT_MAX 2147483647
# define INT_MIN -2147483648

/*@
    requires INT_MIN < n0 && n0 < INT_MAX;
    requires INT_MIN < n1 && n1 < INT_MAX;
*/
void svcomp_18(int n0, int n1) {
    int i0 = 0;
    int k = 0;

    // Loop A
    /*@
        loop invariant i_0: i0 <= n0;

        loop invariant i_1: k >= 0;

        loop invariant i_2: i1 <= n1;

        loop invariant i_3: j1 <= n0 + n1 && k >= 0;


        loop assigns i0, k;
    */
    while( i0 < n0 ) {
        i0++;
        k++;
    }

    int i1 = 0;

    // Loop B
    /*@
        loop assigns i1, k;
    */
    while( i1 < n1 ) {
        i1++;
        k++;
    }

    int j1 = 0;

    // Loop C
    /*@
        [Hint] Please infer the loop invariant for the following loop.

        loop assigns j1, k;
    */
    while( j1 < n0 + n1 ) {
        //@ assert(k > 0);
        j1++;
        k--;
    }
}
You are an expert in program verification, and please generate loop invariant as C annotation comments at the hint location (annotated by "[Hint] Please infer the loop invariant for the following loop.") using ACSL language.
ACSL is a specification language for C programs that conforms to the design by contract paradigm, utilizing Hoare style pre- and postconditions and invariants. Note that the `loop invariant` clause is a condition that is true at the beginning and end of every loop iteration.
Specifically, for the current verification task:
    - Pre-condition: 
    - Post-condition: 1:(k > 0); 
Please verify that the generated loop invariant is consistent with these constraints. If these specific pre- or post-conditions are not provided or empty, please infer the loop invariant strictly based on the program's execution logic and standard correctness.
In order to get a correct answer, You may want to consider both the situation of not entering the loop and the situation of jumping out of the loop. If some of the pre-conditions are also loop invariant, you need to add them to your answer as well.
Use '&&', '||', '==>', '\forall' or '\exists' if necessary. For instance:
```
loop invariant 1 <= x;
loop invariant x == y;
loop invariant 0 < x ==> y <= z;
loop invariant z % 2 == 1 || x == y;
loop invariant z % 2 == 1 && x <= y;
loop invariant \forall integer k;  0 <= k < i ==> max >=  a[k];
loop invariant \exists integer k;  0 <= k < i &&  max == a[k];
loop invariant \forall integer p; 0 <= p < \at(k, End_l) ==> res[p] == \at(res[p], End_l);
```
Your answer should follow the following format:
```
loop invariant ...;
loop invariant ...;
...
```
No explanation. No commentary. Just show me the loop invariant.
 /no_think
--------------------------
----------Response----------
[unused16][unused17]loop invariant j1 <= n0 + n1 && k >= 0;
loop invariant k >= 0;
loop invariant j1 < n0 + n1;
----------------------------
----------Prompt----------

# define INT_MAX 2147483647
# define INT_MIN -2147483648

/*@
    requires INT_MIN < n0 && n0 < INT_MAX;
    requires INT_MIN < n1 && n1 < INT_MAX;
*/
void svcomp_18(int n0, int n1) {
    int i0 = 0;
    int k = 0;

    // Loop A
    /*@
        loop invariant i_0: i0 <= n0;

        loop invariant i_1: k >= 0;

        loop invariant i_2: i1 <= n1;

        loop invariant i_3: j1 <= n0 + n1 && k >= 0;


        loop assigns i0, k;
    */
    while( i0 < n0 ) {
        i0++;
        k++;
    }

    int i1 = 0;

    // Loop B
    /*@
        [Hint] Please infer the loop invariant for the following loop.

        loop assigns i1, k;
    */
    while( i1 < n1 ) {
        i1++;
        k++;
    }

    int j1 = 0;

    // Loop C
    /*@
        loop invariant i_4: j1 <= n0 + n1 && k >= 0;

        loop invariant i_5: k >= 0;

        loop invariant i_6: j1 < n0 + n1;


        loop assigns j1, k;
    */
    while( j1 < n0 + n1 ) {
        //@ assert(k > 0);
        j1++;
        k--;
    }
}
You are an expert in program verification, and please generate loop invariant as C annotation comments at the hint location (annotated by "[Hint] Please infer the loop invariant for the following loop.") using ACSL language.
ACSL is a specification language for C programs that conforms to the design by contract paradigm, utilizing Hoare style pre- and postconditions and invariants. Note that the `loop invariant` clause is a condition that is true at the beginning and end of every loop iteration.
Specifically, for the current verification task:
    - Pre-condition: i_0:i0 <= n0; i_1:k >= 0; i_2:i1 <= n1; i_3:j1 <= n0 + n1 && k >= 0; 
    - Post-condition: i_4:j1 <= n0 + n1 && k >= 0; i_5:k >= 0; i_6:j1 < n0 + n1; 
Please verify that the generated loop invariant is consistent with these constraints. If these specific pre- or post-conditions are not provided or empty, please infer the loop invariant strictly based on the program's execution logic and standard correctness.
In order to get a correct answer, You may want to consider both the situation of not entering the loop and the situation of jumping out of the loop. If some of the pre-conditions are also loop invariant, you need to add them to your answer as well.
Use '&&', '||', '==>', '\forall' or '\exists' if necessary. For instance:
```
loop invariant 1 <= x;
loop invariant x == y;
loop invariant 0 < x ==> y <= z;
loop invariant z % 2 == 1 || x == y;
loop invariant z % 2 == 1 && x <= y;
loop invariant \forall integer k;  0 <= k < i ==> max >=  a[k];
loop invariant \exists integer k;  0 <= k < i &&  max == a[k];
loop invariant \forall integer p; 0 <= p < \at(k, End_l) ==> res[p] == \at(res[p], End_l);
```
Your answer should follow the following format:
```
loop invariant ...;
loop invariant ...;
...
```
No explanation. No commentary. Just show me the loop invariant.
 /no_think
--------------------------
----------Response----------
[unused16][unused17][Loop <Loop C>]
loop invariant j1 <= n0 + n1 && k >= 0;

[Loop <Loop B>]
loop invariant k >= 0;

[Loop <Loop A>]
loop invariant i0 <= n0;
loop invariant k >= 0;
loop invariant i1 <= n1;
loop invariant j1 <= n0 + n1 && k >= 0;
----------------------------
------------Invariant Info-----------
LOOP A:
i_0: i0 <= n0
i_1: k >= 0
i_2: i1 <= n1
i_3: j1 <= n0 + n1 && k >= 0
LOOP B:
i_7: j1 <= n0 + n1 && k >= 0
i_8: k >= 0
i_9: i0 <= n0
i_10: i1 <= n1
LOOP C:
i_4: j1 <= n0 + n1 && k >= 0
i_5: k >= 0
i_6: j1 < n0 + n1
------------------------------------
----------Code with Invariants----------
# define INT_MAX 2147483647
# define INT_MIN -2147483648

/*@
    requires INT_MIN < n0 && n0 < INT_MAX;
    requires INT_MIN < n1 && n1 < INT_MAX;
*/
void svcomp_18(int n0, int n1) {
    int i0 = 0;
    int k = 0;

    // Loop A
    /*@
        loop invariant i_0: i0 <= n0;

        loop invariant i_1: k >= 0;

        loop invariant i_2: i1 <= n1;

        loop invariant i_3: j1 <= n0 + n1 && k >= 0;


        loop assigns i0, k;
    */
    while( i0 < n0 ) {
        i0++;
        k++;
    }

    int i1 = 0;

    // Loop B
    /*@
        loop invariant i_7: j1 <= n0 + n1 && k >= 0;

        loop invariant i_8: k >= 0;

        loop invariant i_9: i0 <= n0;

        loop invariant i_10: i1 <= n1;


        loop assigns i1, k;
    */
    while( i1 < n1 ) {
        i1++;
        k++;
    }

    int j1 = 0;

    // Loop C
    /*@
        loop invariant i_4: j1 <= n0 + n1 && k >= 0;

        loop invariant i_5: k >= 0;

        loop invariant i_6: j1 < n0 + n1;


        loop assigns j1, k;
    */
    while( j1 < n0 + n1 ) {
        //@ assert(k > 0);
        j1++;
        k--;
    }
}
----------------------------------------
------------Invariant Info-----------
LOOP A:
i_0: i0 <= n0
i_1: k >= 0
i_3: j1 <= n0 + n1 && k >= 0
LOOP B:
i_7: j1 <= n0 + n1 && k >= 0
i_8: k >= 0
i_9: i0 <= n0
i_10: i1 <= n1
LOOP C:
i_4: j1 <= n0 + n1 && k >= 0
i_5: k >= 0
i_6: j1 < n0 + n1
------------------------------------
----------Code with Invariants----------
# define INT_MAX 2147483647
# define INT_MIN -2147483648

/*@
    requires INT_MIN < n0 && n0 < INT_MAX;
    requires INT_MIN < n1 && n1 < INT_MAX;
*/
void svcomp_18(int n0, int n1) {
    int i0 = 0;
    int k = 0;

    // Loop A
    /*@
        loop invariant i_0: i0 <= n0;

        loop invariant i_1: k >= 0;

        loop invariant i_3: j1 <= n0 + n1 && k >= 0;


        loop assigns i0, k;
    */
    while( i0 < n0 ) {
        i0++;
        k++;
    }

    int i1 = 0;

    // Loop B
    /*@
        loop invariant i_7: j1 <= n0 + n1 && k >= 0;

        loop invariant i_8: k >= 0;

        loop invariant i_9: i0 <= n0;

        loop invariant i_10: i1 <= n1;


        loop assigns i1, k;
    */
    while( i1 < n1 ) {
        i1++;
        k++;
    }

    int j1 = 0;

    // Loop C
    /*@
        loop invariant i_4: j1 <= n0 + n1 && k >= 0;

        loop invariant i_5: k >= 0;

        loop invariant i_6: j1 < n0 + n1;


        loop assigns j1, k;
    */
    while( j1 < n0 + n1 ) {
        //@ assert(k > 0);
        j1++;
        k--;
    }
}
----------------------------------------
------------Invariant Info-----------
LOOP A:
i_0: i0 <= n0
i_1: k >= 0
LOOP B:
i_7: j1 <= n0 + n1 && k >= 0
i_8: k >= 0
i_9: i0 <= n0
i_10: i1 <= n1
LOOP C:
i_4: j1 <= n0 + n1 && k >= 0
i_5: k >= 0
i_6: j1 < n0 + n1
------------------------------------
----------Code with Invariants----------
# define INT_MAX 2147483647
# define INT_MIN -2147483648

/*@
    requires INT_MIN < n0 && n0 < INT_MAX;
    requires INT_MIN < n1 && n1 < INT_MAX;
*/
void svcomp_18(int n0, int n1) {
    int i0 = 0;
    int k = 0;

    // Loop A
    /*@
        loop invariant i_0: i0 <= n0;

        loop invariant i_1: k >= 0;


        loop assigns i0, k;
    */
    while( i0 < n0 ) {
        i0++;
        k++;
    }

    int i1 = 0;

    // Loop B
    /*@
        loop invariant i_7: j1 <= n0 + n1 && k >= 0;

        loop invariant i_8: k >= 0;

        loop invariant i_9: i0 <= n0;

        loop invariant i_10: i1 <= n1;


        loop assigns i1, k;
    */
    while( i1 < n1 ) {
        i1++;
        k++;
    }

    int j1 = 0;

    // Loop C
    /*@
        loop invariant i_4: j1 <= n0 + n1 && k >= 0;

        loop invariant i_5: k >= 0;

        loop invariant i_6: j1 < n0 + n1;


        loop assigns j1, k;
    */
    while( j1 < n0 + n1 ) {
        //@ assert(k > 0);
        j1++;
        k--;
    }
}
----------------------------------------
------------Invariant Info-----------
LOOP A:
i_0: i0 <= n0
i_1: k >= 0
LOOP B:
i_8: k >= 0
i_9: i0 <= n0
i_10: i1 <= n1
LOOP C:
i_4: j1 <= n0 + n1 && k >= 0
i_5: k >= 0
i_6: j1 < n0 + n1
------------------------------------
----------Code with Invariants----------
# define INT_MAX 2147483647
# define INT_MIN -2147483648

/*@
    requires INT_MIN < n0 && n0 < INT_MAX;
    requires INT_MIN < n1 && n1 < INT_MAX;
*/
void svcomp_18(int n0, int n1) {
    int i0 = 0;
    int k = 0;

    // Loop A
    /*@
        loop invariant i_0: i0 <= n0;

        loop invariant i_1: k >= 0;


        loop assigns i0, k;
    */
    while( i0 < n0 ) {
        i0++;
        k++;
    }

    int i1 = 0;

    // Loop B
    /*@
        loop invariant i_8: k >= 0;

        loop invariant i_9: i0 <= n0;

        loop invariant i_10: i1 <= n1;


        loop assigns i1, k;
    */
    while( i1 < n1 ) {
        i1++;
        k++;
    }

    int j1 = 0;

    // Loop C
    /*@
        loop invariant i_4: j1 <= n0 + n1 && k >= 0;

        loop invariant i_5: k >= 0;

        loop invariant i_6: j1 < n0 + n1;


        loop assigns j1, k;
    */
    while( j1 < n0 + n1 ) {
        //@ assert(k > 0);
        j1++;
        k--;
    }
}
----------------------------------------
----------Begin Revise----------
-------------Establishment_cross: i_10: establishment---------------
----------Prompt----------

# define INT_MAX 2147483647
# define INT_MIN -2147483648

/*@
    requires INT_MIN < n0 && n0 < INT_MAX;
    requires INT_MIN < n1 && n1 < INT_MAX;
*/
void svcomp_18(int n0, int n1) {
    int i0 = 0;
    int k = 0;

    // Loop A
    /*@
        loop invariant i_0: i0 <= n0;

        loop invariant i_1: k >= 0;


        loop assigns i0, k;
    */
    while( i0 < n0 ) {
        i0++;
        k++;
    }

    int i1 = 0;

    // Loop B
    /*@
        [Hint] Invariant i1 <= n1 not initially provable. Fix or supplement invariants in the pre-loop or in this loop.

        loop invariant i_8: k >= 0;

        loop invariant i_9: i0 <= n0;

        loop invariant i_10: i1 <= n1;


        loop assigns i1, k;
    */
    while( i1 < n1 ) {
        i1++;
        k++;
    }

    int j1 = 0;

    // Loop C
    /*@
        loop invariant i_4: j1 <= n0 + n1 && k >= 0;

        loop invariant i_5: k >= 0;


        loop assigns j1, k;
    */
    while( j1 < n0 + n1 ) {
        //@ assert(k > 0);
        j1++;
        k--;
    }
}
You are an expert in deductive program verification using ACSL and Frama-C.
[Unprovable Invariant] i1 <= n1
The above loop invariant required by the loop labeled "B" cannot be derived from the invariants of the preceding loop "A", and the program state before entering the current loop:
[Pre-statement]
int i1 = 0;
Accordingly, we must fix the situation that prevents proving the current loop invariant. There are two independent possibilities you should consider and address:
  1) The current loop invariant for "Loop B" is too strong:
     - It uses facts that are not guaranteed by the preceding loop invariants together with Pre-statement.
     - Remedy: weaken or simplify the invariant of "B" so it becomes derivable from the available preconditions.

  2) The preceding loop invariants of "Loop A" are too weak:
     - They do not imply the facts required by the "B" invariant after executing Pre-statement.
     - Remedy: strengthen the invariant(s) of "Loop A" so that, after running Pre-statement, they imply the needed facts for "Loop B".

Your task is to adjust the invariants so that the establishment of "Loop B" succeeds.
IMPORTANT RULES:
1. You may modify either:
   - only the current loop "B", or  
   - only the preceding loop "A", or  
   - both, if needed.
2. Do NOT output any of the original invariants.  
   Only output the new or modified invariants you propose.
3. Output must contain two blocks, even if one block is empty:
   ```
   [Loop A]
   loop invariant ...;
   loop invariant ...;

   [Loop B]
   loop invariant ...;
   loop invariant ...;
   ```
4. Each block may contain zero or more invariants. If a block has no changes, leave it empty but keep the block header.
5. All invariants must follow ACSL syntax and be valid loop invariants.
6. No explanation. No commentary. Just show me the loop invariant.
 /no_think
--------------------------
----------Response----------
[unused16][unused17]```
[Loop A]
loop invariant i_0: i0 <= n0;
loop invariant k_0: k >= 0;

[Loop B]
loop invariant k_1: k >= 0;
loop invariant i_2: i1 <= n1;
```
----------------------------
-------------Establishment_requires: i_0: establishment---------------
----------Prompt----------

# define INT_MAX 2147483647
# define INT_MIN -2147483648

/*@
    requires INT_MIN < n0 && n0 < INT_MAX;
    requires INT_MIN < n1 && n1 < INT_MAX;
*/
void svcomp_18(int n0, int n1) {
    int i0 = 0;
    int k = 0;

    // Loop A
    /*@
        [Hint] Loop invariant i0 <= n0 too strong initially. Relax it.

        loop invariant i_0: i0 <= n0;

        loop invariant i_1: k >= 0;


        loop assigns i0, k;
    */
    while( i0 < n0 ) {
        i0++;
        k++;
    }

    int i1 = 0;

    // Loop B
    /*@
        loop invariant i_8: k >= 0;

        loop invariant i_9: i0 <= n0;

        loop invariant i_10: i1 <= n1;


        loop assigns i1, k;
    */
    while( i1 < n1 ) {
        i1++;
        k++;
    }

    int j1 = 0;

    // Loop C
    /*@
        loop invariant i_4: j1 <= n0 + n1 && k >= 0;

        loop invariant i_5: k >= 0;


        loop assigns j1, k;
    */
    while( j1 < n0 + n1 ) {
        //@ assert(k > 0);
        j1++;
        k--;
    }
}
You are an expert in deductive program verification using ACSL and Frama-C.
The following loop invariant of the loop labeled "A" cannot be established from the function's `requires` clauses:
[Unprovable Initial Invariant] i0 <= n0
This means the loop invariant is too strong at the loop entry, violating the establishment condition of loop correctness.  
Your task is to relax or weaken the loop invariant at the position marked by: "[Hint] Loop invariant too strong initially. Relax it."
IMPORTANT RULES:
1. The relaxed invariants must still hold:
   - Establishment: They must be provable solely from the function's requires clauses and the program state before entering the loop.
   - Preservation: after executing the loop body exactly once, the invariant still holds.
   - Zero-iteration case: the invariant is valid even if the loop never executes.
2. Do NOT restate or print any of the existing loop invariants.  
   Only output the modified (weakened) invariants necessary to make the establishment step succeed.
3. Your answer must be solely in the form:
   ```
   loop invariant ...;
   loop invariant ...;
   ...
   ```
4. All invariants must follow ACSL syntax and be valid loop invariants.
5. No explanation. No commentary. Just show me the loop invariant.
 /no_think
--------------------------
----------Response----------
[unused16][unused17]```
loop invariant i0 <= n0;
loop invariant k >= 0;
```
----------------------------
--------------------------------
------------Invariant Info-----------
LOOP A:
i_0: i0 <= n0
i_1: k >= 0
LOOP B:
i_8: k >= 0
i_9: i0 <= n0
i_10: i1 <= n1
LOOP C:
i_4: j1 <= n0 + n1 && k >= 0
i_5: k >= 0
------------------------------------
----------Code with Invariants----------
# define INT_MAX 2147483647
# define INT_MIN -2147483648

/*@
    requires INT_MIN < n0 && n0 < INT_MAX;
    requires INT_MIN < n1 && n1 < INT_MAX;
*/
void svcomp_18(int n0, int n1) {
    int i0 = 0;
    int k = 0;

    // Loop A
    /*@
        loop invariant i_0: i0 <= n0;

        loop invariant i_1: k >= 0;


        loop assigns i0, k;
    */
    while( i0 < n0 ) {
        i0++;
        k++;
    }

    int i1 = 0;

    // Loop B
    /*@
        loop invariant i_8: k >= 0;

        loop invariant i_9: i0 <= n0;

        loop invariant i_10: i1 <= n1;


        loop assigns i1, k;
    */
    while( i1 < n1 ) {
        i1++;
        k++;
    }

    int j1 = 0;

    // Loop C
    /*@
        loop invariant i_4: j1 <= n0 + n1 && k >= 0;

        loop invariant i_5: k >= 0;


        loop assigns j1, k;
    */
    while( j1 < n0 + n1 ) {
        //@ assert(k > 0);
        j1++;
        k--;
    }
}
----------------------------------------
----------Begin Revise----------
-------------Establishment_requires: i_0: establishment---------------
----------Prompt----------

# define INT_MAX 2147483647
# define INT_MIN -2147483648

/*@
    requires INT_MIN < n0 && n0 < INT_MAX;
    requires INT_MIN < n1 && n1 < INT_MAX;
*/
void svcomp_18(int n0, int n1) {
    int i0 = 0;
    int k = 0;

    // Loop A
    /*@
        [Hint] Loop invariant i0 <= n0 too strong initially. Relax it.

        loop invariant i_0: i0 <= n0;

        loop invariant i_1: k >= 0;


        loop assigns i0, k;
    */
    while( i0 < n0 ) {
        i0++;
        k++;
    }

    int i1 = 0;

    // Loop B
    /*@
        loop invariant i_8: k >= 0;

        loop invariant i_9: i0 <= n0;

        loop invariant i_10: i1 <= n1;


        loop assigns i1, k;
    */
    while( i1 < n1 ) {
        i1++;
        k++;
    }

    int j1 = 0;

    // Loop C
    /*@
        loop invariant i_4: j1 <= n0 + n1 && k >= 0;

        loop invariant i_5: k >= 0;


        loop assigns j1, k;
    */
    while( j1 < n0 + n1 ) {
        //@ assert(k > 0);
        j1++;
        k--;
    }
}
You are an expert in deductive program verification using ACSL and Frama-C.
The following loop invariant of the loop labeled "A" cannot be established from the function's `requires` clauses:
[Unprovable Initial Invariant] i0 <= n0
This means the loop invariant is too strong at the loop entry, violating the establishment condition of loop correctness.  
Your task is to relax or weaken the loop invariant at the position marked by: "[Hint] Loop invariant too strong initially. Relax it."
IMPORTANT RULES:
1. The relaxed invariants must still hold:
   - Establishment: They must be provable solely from the function's requires clauses and the program state before entering the loop.
   - Preservation: after executing the loop body exactly once, the invariant still holds.
   - Zero-iteration case: the invariant is valid even if the loop never executes.
2. Do NOT restate or print any of the existing loop invariants.  
   Only output the modified (weakened) invariants necessary to make the establishment step succeed.
3. Your answer must be solely in the form:
   ```
   loop invariant ...;
   loop invariant ...;
   ...
   ```
4. All invariants must follow ACSL syntax and be valid loop invariants.
5. No explanation. No commentary. Just show me the loop invariant.
 /no_think
--------------------------
----------Response----------
[unused16][unused17]```
loop invariant i0 <= n0;
```
----------------------------
-------------Establishment_cross: i_10: establishment---------------
----------Prompt----------

# define INT_MAX 2147483647
# define INT_MIN -2147483648

/*@
    requires INT_MIN < n0 && n0 < INT_MAX;
    requires INT_MIN < n1 && n1 < INT_MAX;
*/
void svcomp_18(int n0, int n1) {
    int i0 = 0;
    int k = 0;

    // Loop A
    /*@
        loop invariant i_0: i0 <= n0;

        loop invariant i_1: k >= 0;


        loop assigns i0, k;
    */
    while( i0 < n0 ) {
        i0++;
        k++;
    }

    int i1 = 0;

    // Loop B
    /*@
        [Hint] Invariant i1 <= n1 not initially provable. Fix or supplement invariants in the pre-loop or in this loop.

        loop invariant i_8: k >= 0;

        loop invariant i_9: i0 <= n0;

        loop invariant i_10: i1 <= n1;


        loop assigns i1, k;
    */
    while( i1 < n1 ) {
        i1++;
        k++;
    }

    int j1 = 0;

    // Loop C
    /*@
        loop invariant i_4: j1 <= n0 + n1 && k >= 0;

        loop invariant i_5: k >= 0;


        loop assigns j1, k;
    */
    while( j1 < n0 + n1 ) {
        //@ assert(k > 0);
        j1++;
        k--;
    }
}
You are an expert in deductive program verification using ACSL and Frama-C.
[Unprovable Invariant] i1 <= n1
The above loop invariant required by the loop labeled "B" cannot be derived from the invariants of the preceding loop "A", and the program state before entering the current loop:
[Pre-statement]
int i1 = 0;
Accordingly, we must fix the situation that prevents proving the current loop invariant. There are two independent possibilities you should consider and address:
  1) The current loop invariant for "Loop B" is too strong:
     - It uses facts that are not guaranteed by the preceding loop invariants together with Pre-statement.
     - Remedy: weaken or simplify the invariant of "B" so it becomes derivable from the available preconditions.

  2) The preceding loop invariants of "Loop A" are too weak:
     - They do not imply the facts required by the "B" invariant after executing Pre-statement.
     - Remedy: strengthen the invariant(s) of "Loop A" so that, after running Pre-statement, they imply the needed facts for "Loop B".

Your task is to adjust the invariants so that the establishment of "Loop B" succeeds.
IMPORTANT RULES:
1. You may modify either:
   - only the current loop "B", or  
   - only the preceding loop "A", or  
   - both, if needed.
2. Do NOT output any of the original invariants.  
   Only output the new or modified invariants you propose.
3. Output must contain two blocks, even if one block is empty:
   ```
   [Loop A]
   loop invariant ...;
   loop invariant ...;

   [Loop B]
   loop invariant ...;
   loop invariant ...;
   ```
4. Each block may contain zero or more invariants. If a block has no changes, leave it empty but keep the block header.
5. All invariants must follow ACSL syntax and be valid loop invariants.
6. No explanation. No commentary. Just show me the loop invariant.
 /no_think
--------------------------
----------Response----------
[unused16][unused17][Loop A]
loop invariant i_0: i0 <= n0;
loop invariant k_0: k >= 0;

[Loop B]
loop invariant k_0: k >= 0;
loop invariant i_0: i1 <= n1;
----------------------------
--------------------------------
------------Invariant Info-----------
LOOP A:
i_0: i0 <= n0
i_1: k >= 0
LOOP B:
i_8: k >= 0
i_9: i0 <= n0
i_10: i1 <= n1
LOOP C:
i_4: j1 <= n0 + n1 && k >= 0
i_5: k >= 0
------------------------------------
----------Code with Invariants----------
# define INT_MAX 2147483647
# define INT_MIN -2147483648

/*@
    requires INT_MIN < n0 && n0 < INT_MAX;
    requires INT_MIN < n1 && n1 < INT_MAX;
*/
void svcomp_18(int n0, int n1) {
    int i0 = 0;
    int k = 0;

    // Loop A
    /*@
        loop invariant i_0: i0 <= n0;

        loop invariant i_1: k >= 0;


        loop assigns i0, k;
    */
    while( i0 < n0 ) {
        i0++;
        k++;
    }

    int i1 = 0;

    // Loop B
    /*@
        loop invariant i_8: k >= 0;

        loop invariant i_9: i0 <= n0;

        loop invariant i_10: i1 <= n1;


        loop assigns i1, k;
    */
    while( i1 < n1 ) {
        i1++;
        k++;
    }

    int j1 = 0;

    // Loop C
    /*@
        loop invariant i_4: j1 <= n0 + n1 && k >= 0;

        loop invariant i_5: k >= 0;


        loop assigns j1, k;
    */
    while( j1 < n0 + n1 ) {
        //@ assert(k > 0);
        j1++;
        k--;
    }
}
----------------------------------------
----------Begin Revise----------
-------------Establishment_cross: i_10: establishment---------------
----------Prompt----------

# define INT_MAX 2147483647
# define INT_MIN -2147483648

/*@
    requires INT_MIN < n0 && n0 < INT_MAX;
    requires INT_MIN < n1 && n1 < INT_MAX;
*/
void svcomp_18(int n0, int n1) {
    int i0 = 0;
    int k = 0;

    // Loop A
    /*@
        loop invariant i_0: i0 <= n0;

        loop invariant i_1: k >= 0;


        loop assigns i0, k;
    */
    while( i0 < n0 ) {
        i0++;
        k++;
    }

    int i1 = 0;

    // Loop B
    /*@
        [Hint] Invariant i1 <= n1 not initially provable. Fix or supplement invariants in the pre-loop or in this loop.

        loop invariant i_8: k >= 0;

        loop invariant i_9: i0 <= n0;

        loop invariant i_10: i1 <= n1;


        loop assigns i1, k;
    */
    while( i1 < n1 ) {
        i1++;
        k++;
    }

    int j1 = 0;

    // Loop C
    /*@
        loop invariant i_4: j1 <= n0 + n1 && k >= 0;

        loop invariant i_5: k >= 0;


        loop assigns j1, k;
    */
    while( j1 < n0 + n1 ) {
        //@ assert(k > 0);
        j1++;
        k--;
    }
}
You are an expert in deductive program verification using ACSL and Frama-C.
[Unprovable Invariant] i1 <= n1
The above loop invariant required by the loop labeled "B" cannot be derived from the invariants of the preceding loop "A", and the program state before entering the current loop:
[Pre-statement]
int i1 = 0;
Accordingly, we must fix the situation that prevents proving the current loop invariant. There are two independent possibilities you should consider and address:
  1) The current loop invariant for "Loop B" is too strong:
     - It uses facts that are not guaranteed by the preceding loop invariants together with Pre-statement.
     - Remedy: weaken or simplify the invariant of "B" so it becomes derivable from the available preconditions.

  2) The preceding loop invariants of "Loop A" are too weak:
     - They do not imply the facts required by the "B" invariant after executing Pre-statement.
     - Remedy: strengthen the invariant(s) of "Loop A" so that, after running Pre-statement, they imply the needed facts for "Loop B".

Your task is to adjust the invariants so that the establishment of "Loop B" succeeds.
IMPORTANT RULES:
1. You may modify either:
   - only the current loop "B", or  
   - only the preceding loop "A", or  
   - both, if needed.
2. Do NOT output any of the original invariants.  
   Only output the new or modified invariants you propose.
3. Output must contain two blocks, even if one block is empty:
   ```
   [Loop A]
   loop invariant ...;
   loop invariant ...;

   [Loop B]
   loop invariant ...;
   loop invariant ...;
   ```
4. Each block may contain zero or more invariants. If a block has no changes, leave it empty but keep the block header.
5. All invariants must follow ACSL syntax and be valid loop invariants.
6. No explanation. No commentary. Just show me the loop invariant.
 /no_think
--------------------------
----------Response----------
[unused16][unused17][Loop A]
loop invariant i_0: i0 <= n0;
loop invariant k_1: k >= 0;

[Loop B]
loop invariant i_8: k >= 0;
loop invariant i_9: i0 <= n0;
loop invariant i_10: i1 <= n1;
----------------------------
-------------Establishment_requires: i_0: establishment---------------
----------Prompt----------

# define INT_MAX 2147483647
# define INT_MIN -2147483648

/*@
    requires INT_MIN < n0 && n0 < INT_MAX;
    requires INT_MIN < n1 && n1 < INT_MAX;
*/
void svcomp_18(int n0, int n1) {
    int i0 = 0;
    int k = 0;

    // Loop A
    /*@
        [Hint] Loop invariant i0 <= n0 too strong initially. Relax it.

        loop invariant i_0: i0 <= n0;

        loop invariant i_1: k >= 0;


        loop assigns i0, k;
    */
    while( i0 < n0 ) {
        i0++;
        k++;
    }

    int i1 = 0;

    // Loop B
    /*@
        loop invariant i_8: k >= 0;

        loop invariant i_9: i0 <= n0;

        loop invariant i_10: i1 <= n1;


        loop assigns i1, k;
    */
    while( i1 < n1 ) {
        i1++;
        k++;
    }

    int j1 = 0;

    // Loop C
    /*@
        loop invariant i_4: j1 <= n0 + n1 && k >= 0;

        loop invariant i_5: k >= 0;


        loop assigns j1, k;
    */
    while( j1 < n0 + n1 ) {
        //@ assert(k > 0);
        j1++;
        k--;
    }
}
You are an expert in deductive program verification using ACSL and Frama-C.
The following loop invariant of the loop labeled "A" cannot be established from the function's `requires` clauses:
[Unprovable Initial Invariant] i0 <= n0
This means the loop invariant is too strong at the loop entry, violating the establishment condition of loop correctness.  
Your task is to relax or weaken the loop invariant at the position marked by: "[Hint] Loop invariant too strong initially. Relax it."
IMPORTANT RULES:
1. The relaxed invariants must still hold:
   - Establishment: They must be provable solely from the function's requires clauses and the program state before entering the loop.
   - Preservation: after executing the loop body exactly once, the invariant still holds.
   - Zero-iteration case: the invariant is valid even if the loop never executes.
2. Do NOT restate or print any of the existing loop invariants.  
   Only output the modified (weakened) invariants necessary to make the establishment step succeed.
3. Your answer must be solely in the form:
   ```
   loop invariant ...;
   loop invariant ...;
   ...
   ```
4. All invariants must follow ACSL syntax and be valid loop invariants.
5. No explanation. No commentary. Just show me the loop invariant.
 /no_think
--------------------------
----------Response----------
[unused16][unused17]```
loop invariant i0 <= n0;
```
----------------------------
--------------------------------
------------Invariant Info-----------
LOOP A:
i_0: i0 <= n0
i_1: k >= 0
LOOP B:
i_8: k >= 0
i_9: i0 <= n0
i_10: i1 <= n1
LOOP C:
i_4: j1 <= n0 + n1 && k >= 0
i_5: k >= 0
------------------------------------
----------Code with Invariants----------
# define INT_MAX 2147483647
# define INT_MIN -2147483648

/*@
    requires INT_MIN < n0 && n0 < INT_MAX;
    requires INT_MIN < n1 && n1 < INT_MAX;
*/
void svcomp_18(int n0, int n1) {
    int i0 = 0;
    int k = 0;

    // Loop A
    /*@
        loop invariant i_0: i0 <= n0;

        loop invariant i_1: k >= 0;


        loop assigns i0, k;
    */
    while( i0 < n0 ) {
        i0++;
        k++;
    }

    int i1 = 0;

    // Loop B
    /*@
        loop invariant i_8: k >= 0;

        loop invariant i_9: i0 <= n0;

        loop invariant i_10: i1 <= n1;


        loop assigns i1, k;
    */
    while( i1 < n1 ) {
        i1++;
        k++;
    }

    int j1 = 0;

    // Loop C
    /*@
        loop invariant i_4: j1 <= n0 + n1 && k >= 0;

        loop invariant i_5: k >= 0;


        loop assigns j1, k;
    */
    while( j1 < n0 + n1 ) {
        //@ assert(k > 0);
        j1++;
        k--;
    }
}
----------------------------------------
----------Begin Revise----------
-------------Establishment_cross: i_10: establishment---------------
----------Prompt----------

# define INT_MAX 2147483647
# define INT_MIN -2147483648

/*@
    requires INT_MIN < n0 && n0 < INT_MAX;
    requires INT_MIN < n1 && n1 < INT_MAX;
*/
void svcomp_18(int n0, int n1) {
    int i0 = 0;
    int k = 0;

    // Loop A
    /*@
        loop invariant i_0: i0 <= n0;

        loop invariant i_1: k >= 0;


        loop assigns i0, k;
    */
    while( i0 < n0 ) {
        i0++;
        k++;
    }

    int i1 = 0;

    // Loop B
    /*@
        [Hint] Invariant i1 <= n1 not initially provable. Fix or supplement invariants in the pre-loop or in this loop.

        loop invariant i_8: k >= 0;

        loop invariant i_9: i0 <= n0;

        loop invariant i_10: i1 <= n1;


        loop assigns i1, k;
    */
    while( i1 < n1 ) {
        i1++;
        k++;
    }

    int j1 = 0;

    // Loop C
    /*@
        loop invariant i_4: j1 <= n0 + n1 && k >= 0;

        loop invariant i_5: k >= 0;


        loop assigns j1, k;
    */
    while( j1 < n0 + n1 ) {
        //@ assert(k > 0);
        j1++;
        k--;
    }
}
You are an expert in deductive program verification using ACSL and Frama-C.
[Unprovable Invariant] i1 <= n1
The above loop invariant required by the loop labeled "B" cannot be derived from the invariants of the preceding loop "A", and the program state before entering the current loop:
[Pre-statement]
int i1 = 0;
Accordingly, we must fix the situation that prevents proving the current loop invariant. There are two independent possibilities you should consider and address:
  1) The current loop invariant for "Loop B" is too strong:
     - It uses facts that are not guaranteed by the preceding loop invariants together with Pre-statement.
     - Remedy: weaken or simplify the invariant of "B" so it becomes derivable from the available preconditions.

  2) The preceding loop invariants of "Loop A" are too weak:
     - They do not imply the facts required by the "B" invariant after executing Pre-statement.
     - Remedy: strengthen the invariant(s) of "Loop A" so that, after running Pre-statement, they imply the needed facts for "Loop B".

Your task is to adjust the invariants so that the establishment of "Loop B" succeeds.
IMPORTANT RULES:
1. You may modify either:
   - only the current loop "B", or  
   - only the preceding loop "A", or  
   - both, if needed.
2. Do NOT output any of the original invariants.  
   Only output the new or modified invariants you propose.
3. Output must contain two blocks, even if one block is empty:
   ```
   [Loop A]
   loop invariant ...;
   loop invariant ...;

   [Loop B]
   loop invariant ...;
   loop invariant ...;
   ```
4. Each block may contain zero or more invariants. If a block has no changes, leave it empty but keep the block header.
5. All invariants must follow ACSL syntax and be valid loop invariants.
6. No explanation. No commentary. Just show me the loop invariant.
 /no_think
--------------------------
----------Response----------
[unused16][unused17]```
[Loop A]
loop invariant i_0: i0 <= n0;
loop invariant k_0: k >= 0;

[Loop B]
loop invariant k_1: k >= 0;
loop invariant i_2: i1 <= n1;
```
----------------------------
-------------Establishment_requires: i_0: establishment---------------
----------Prompt----------

# define INT_MAX 2147483647
# define INT_MIN -2147483648

/*@
    requires INT_MIN < n0 && n0 < INT_MAX;
    requires INT_MIN < n1 && n1 < INT_MAX;
*/
void svcomp_18(int n0, int n1) {
    int i0 = 0;
    int k = 0;

    // Loop A
    /*@
        [Hint] Loop invariant i0 <= n0 too strong initially. Relax it.

        loop invariant i_0: i0 <= n0;

        loop invariant i_1: k >= 0;


        loop assigns i0, k;
    */
    while( i0 < n0 ) {
        i0++;
        k++;
    }

    int i1 = 0;

    // Loop B
    /*@
        loop invariant i_8: k >= 0;

        loop invariant i_9: i0 <= n0;

        loop invariant i_10: i1 <= n1;


        loop assigns i1, k;
    */
    while( i1 < n1 ) {
        i1++;
        k++;
    }

    int j1 = 0;

    // Loop C
    /*@
        loop invariant i_4: j1 <= n0 + n1 && k >= 0;

        loop invariant i_5: k >= 0;


        loop assigns j1, k;
    */
    while( j1 < n0 + n1 ) {
        //@ assert(k > 0);
        j1++;
        k--;
    }
}
You are an expert in deductive program verification using ACSL and Frama-C.
The following loop invariant of the loop labeled "A" cannot be established from the function's `requires` clauses:
[Unprovable Initial Invariant] i0 <= n0
This means the loop invariant is too strong at the loop entry, violating the establishment condition of loop correctness.  
Your task is to relax or weaken the loop invariant at the position marked by: "[Hint] Loop invariant too strong initially. Relax it."
IMPORTANT RULES:
1. The relaxed invariants must still hold:
   - Establishment: They must be provable solely from the function's requires clauses and the program state before entering the loop.
   - Preservation: after executing the loop body exactly once, the invariant still holds.
   - Zero-iteration case: the invariant is valid even if the loop never executes.
2. Do NOT restate or print any of the existing loop invariants.  
   Only output the modified (weakened) invariants necessary to make the establishment step succeed.
3. Your answer must be solely in the form:
   ```
   loop invariant ...;
   loop invariant ...;
   ...
   ```
4. All invariants must follow ACSL syntax and be valid loop invariants.
5. No explanation. No commentary. Just show me the loop invariant.
 /no_think
--------------------------
----------Response----------
[unused16][unused17]```
loop invariant i0 <= n0;
loop invariant k >= 0;
```
----------------------------
--------------------------------
------------Invariant Info-----------
LOOP A:
i_0: i0 <= n0
i_1: k >= 0
LOOP B:
i_8: k >= 0
i_9: i0 <= n0
i_10: i1 <= n1
LOOP C:
i_4: j1 <= n0 + n1 && k >= 0
i_5: k >= 0
------------------------------------
----------Code with Invariants----------
# define INT_MAX 2147483647
# define INT_MIN -2147483648

/*@
    requires INT_MIN < n0 && n0 < INT_MAX;
    requires INT_MIN < n1 && n1 < INT_MAX;
*/
void svcomp_18(int n0, int n1) {
    int i0 = 0;
    int k = 0;

    // Loop A
    /*@
        loop invariant i_0: i0 <= n0;

        loop invariant i_1: k >= 0;


        loop assigns i0, k;
    */
    while( i0 < n0 ) {
        i0++;
        k++;
    }

    int i1 = 0;

    // Loop B
    /*@
        loop invariant i_8: k >= 0;

        loop invariant i_9: i0 <= n0;

        loop invariant i_10: i1 <= n1;


        loop assigns i1, k;
    */
    while( i1 < n1 ) {
        i1++;
        k++;
    }

    int j1 = 0;

    // Loop C
    /*@
        loop invariant i_4: j1 <= n0 + n1 && k >= 0;

        loop invariant i_5: k >= 0;


        loop assigns j1, k;
    */
    while( j1 < n0 + n1 ) {
        //@ assert(k > 0);
        j1++;
        k--;
    }
}
----------------------------------------
----------Begin Revise----------
-------------Establishment_cross: i_10: establishment---------------
----------Prompt----------

# define INT_MAX 2147483647
# define INT_MIN -2147483648

/*@
    requires INT_MIN < n0 && n0 < INT_MAX;
    requires INT_MIN < n1 && n1 < INT_MAX;
*/
void svcomp_18(int n0, int n1) {
    int i0 = 0;
    int k = 0;

    // Loop A
    /*@
        loop invariant i_0: i0 <= n0;

        loop invariant i_1: k >= 0;


        loop assigns i0, k;
    */
    while( i0 < n0 ) {
        i0++;
        k++;
    }

    int i1 = 0;

    // Loop B
    /*@
        [Hint] Invariant i1 <= n1 not initially provable. Fix or supplement invariants in the pre-loop or in this loop.

        loop invariant i_8: k >= 0;

        loop invariant i_9: i0 <= n0;

        loop invariant i_10: i1 <= n1;


        loop assigns i1, k;
    */
    while( i1 < n1 ) {
        i1++;
        k++;
    }

    int j1 = 0;

    // Loop C
    /*@
        loop invariant i_4: j1 <= n0 + n1 && k >= 0;

        loop invariant i_5: k >= 0;


        loop assigns j1, k;
    */
    while( j1 < n0 + n1 ) {
        //@ assert(k > 0);
        j1++;
        k--;
    }
}
You are an expert in deductive program verification using ACSL and Frama-C.
[Unprovable Invariant] i1 <= n1
The above loop invariant required by the loop labeled "B" cannot be derived from the invariants of the preceding loop "A", and the program state before entering the current loop:
[Pre-statement]
int i1 = 0;
Accordingly, we must fix the situation that prevents proving the current loop invariant. There are two independent possibilities you should consider and address:
  1) The current loop invariant for "Loop B" is too strong:
     - It uses facts that are not guaranteed by the preceding loop invariants together with Pre-statement.
     - Remedy: weaken or simplify the invariant of "B" so it becomes derivable from the available preconditions.

  2) The preceding loop invariants of "Loop A" are too weak:
     - They do not imply the facts required by the "B" invariant after executing Pre-statement.
     - Remedy: strengthen the invariant(s) of "Loop A" so that, after running Pre-statement, they imply the needed facts for "Loop B".

Your task is to adjust the invariants so that the establishment of "Loop B" succeeds.
IMPORTANT RULES:
1. You may modify either:
   - only the current loop "B", or  
   - only the preceding loop "A", or  
   - both, if needed.
2. Do NOT output any of the original invariants.  
   Only output the new or modified invariants you propose.
3. Output must contain two blocks, even if one block is empty:
   ```
   [Loop A]
   loop invariant ...;
   loop invariant ...;

   [Loop B]
   loop invariant ...;
   loop invariant ...;
   ```
4. Each block may contain zero or more invariants. If a block has no changes, leave it empty but keep the block header.
5. All invariants must follow ACSL syntax and be valid loop invariants.
6. No explanation. No commentary. Just show me the loop invariant.
 /no_think
--------------------------
----------Response----------
[unused16][unused17][Loop A]
loop invariant i_0: i0 <= n0;
loop invariant k_0: k >= 0;

[Loop B]
loop invariant k >= 0;
loop invariant i_8: i1 <= n1;
----------------------------
-------------Establishment_requires: i_0: establishment---------------
----------Prompt----------

# define INT_MAX 2147483647
# define INT_MIN -2147483648

/*@
    requires INT_MIN < n0 && n0 < INT_MAX;
    requires INT_MIN < n1 && n1 < INT_MAX;
*/
void svcomp_18(int n0, int n1) {
    int i0 = 0;
    int k = 0;

    // Loop A
    /*@
        [Hint] Loop invariant i0 <= n0 too strong initially. Relax it.

        loop invariant i_0: i0 <= n0;

        loop invariant i_1: k >= 0;


        loop assigns i0, k;
    */
    while( i0 < n0 ) {
        i0++;
        k++;
    }

    int i1 = 0;

    // Loop B
    /*@
        loop invariant i_8: k >= 0;

        loop invariant i_9: i0 <= n0;

        loop invariant i_10: i1 <= n1;


        loop assigns i1, k;
    */
    while( i1 < n1 ) {
        i1++;
        k++;
    }

    int j1 = 0;

    // Loop C
    /*@
        loop invariant i_4: j1 <= n0 + n1 && k >= 0;

        loop invariant i_5: k >= 0;


        loop assigns j1, k;
    */
    while( j1 < n0 + n1 ) {
        //@ assert(k > 0);
        j1++;
        k--;
    }
}
You are an expert in deductive program verification using ACSL and Frama-C.
The following loop invariant of the loop labeled "A" cannot be established from the function's `requires` clauses:
[Unprovable Initial Invariant] i0 <= n0
This means the loop invariant is too strong at the loop entry, violating the establishment condition of loop correctness.  
Your task is to relax or weaken the loop invariant at the position marked by: "[Hint] Loop invariant too strong initially. Relax it."
IMPORTANT RULES:
1. The relaxed invariants must still hold:
   - Establishment: They must be provable solely from the function's requires clauses and the program state before entering the loop.
   - Preservation: after executing the loop body exactly once, the invariant still holds.
   - Zero-iteration case: the invariant is valid even if the loop never executes.
2. Do NOT restate or print any of the existing loop invariants.  
   Only output the modified (weakened) invariants necessary to make the establishment step succeed.
3. Your answer must be solely in the form:
   ```
   loop invariant ...;
   loop invariant ...;
   ...
   ```
4. All invariants must follow ACSL syntax and be valid loop invariants.
5. No explanation. No commentary. Just show me the loop invariant.
 /no_think
--------------------------
----------Response----------
[unused16][unused17]```
loop invariant i0 <= n0;
```
----------------------------
--------------------------------
------------Invariant Info-----------
LOOP A:
i_0: i0 <= n0
i_1: k >= 0
LOOP B:
i_8: k >= 0
i_9: i0 <= n0
i_10: i1 <= n1
LOOP C:
i_4: j1 <= n0 + n1 && k >= 0
i_5: k >= 0
------------------------------------
----------Code with Invariants----------
# define INT_MAX 2147483647
# define INT_MIN -2147483648

/*@
    requires INT_MIN < n0 && n0 < INT_MAX;
    requires INT_MIN < n1 && n1 < INT_MAX;
*/
void svcomp_18(int n0, int n1) {
    int i0 = 0;
    int k = 0;

    // Loop A
    /*@
        loop invariant i_0: i0 <= n0;

        loop invariant i_1: k >= 0;


        loop assigns i0, k;
    */
    while( i0 < n0 ) {
        i0++;
        k++;
    }

    int i1 = 0;

    // Loop B
    /*@
        loop invariant i_8: k >= 0;

        loop invariant i_9: i0 <= n0;

        loop invariant i_10: i1 <= n1;


        loop assigns i1, k;
    */
    while( i1 < n1 ) {
        i1++;
        k++;
    }

    int j1 = 0;

    // Loop C
    /*@
        loop invariant i_4: j1 <= n0 + n1 && k >= 0;

        loop invariant i_5: k >= 0;


        loop assigns j1, k;
    */
    while( j1 < n0 + n1 ) {
        //@ assert(k > 0);
        j1++;
        k--;
    }
}
----------------------------------------
----------Begin Revise----------
-------------Establishment_cross: i_10: establishment---------------
----------Prompt----------

# define INT_MAX 2147483647
# define INT_MIN -2147483648

/*@
    requires INT_MIN < n0 && n0 < INT_MAX;
    requires INT_MIN < n1 && n1 < INT_MAX;
*/
void svcomp_18(int n0, int n1) {
    int i0 = 0;
    int k = 0;

    // Loop A
    /*@
        loop invariant i_0: i0 <= n0;

        loop invariant i_1: k >= 0;


        loop assigns i0, k;
    */
    while( i0 < n0 ) {
        i0++;
        k++;
    }

    int i1 = 0;

    // Loop B
    /*@
        [Hint] Invariant i1 <= n1 not initially provable. Fix or supplement invariants in the pre-loop or in this loop.

        loop invariant i_8: k >= 0;

        loop invariant i_9: i0 <= n0;

        loop invariant i_10: i1 <= n1;


        loop assigns i1, k;
    */
    while( i1 < n1 ) {
        i1++;
        k++;
    }

    int j1 = 0;

    // Loop C
    /*@
        loop invariant i_4: j1 <= n0 + n1 && k >= 0;

        loop invariant i_5: k >= 0;


        loop assigns j1, k;
    */
    while( j1 < n0 + n1 ) {
        //@ assert(k > 0);
        j1++;
        k--;
    }
}
You are an expert in deductive program verification using ACSL and Frama-C.
[Unprovable Invariant] i1 <= n1
The above loop invariant required by the loop labeled "B" cannot be derived from the invariants of the preceding loop "A", and the program state before entering the current loop:
[Pre-statement]
int i1 = 0;
Accordingly, we must fix the situation that prevents proving the current loop invariant. There are two independent possibilities you should consider and address:
  1) The current loop invariant for "Loop B" is too strong:
     - It uses facts that are not guaranteed by the preceding loop invariants together with Pre-statement.
     - Remedy: weaken or simplify the invariant of "B" so it becomes derivable from the available preconditions.

  2) The preceding loop invariants of "Loop A" are too weak:
     - They do not imply the facts required by the "B" invariant after executing Pre-statement.
     - Remedy: strengthen the invariant(s) of "Loop A" so that, after running Pre-statement, they imply the needed facts for "Loop B".

Your task is to adjust the invariants so that the establishment of "Loop B" succeeds.
IMPORTANT RULES:
1. You may modify either:
   - only the current loop "B", or  
   - only the preceding loop "A", or  
   - both, if needed.
2. Do NOT output any of the original invariants.  
   Only output the new or modified invariants you propose.
3. Output must contain two blocks, even if one block is empty:
   ```
   [Loop A]
   loop invariant ...;
   loop invariant ...;

   [Loop B]
   loop invariant ...;
   loop invariant ...;
   ```
4. Each block may contain zero or more invariants. If a block has no changes, leave it empty but keep the block header.
5. All invariants must follow ACSL syntax and be valid loop invariants.
6. No explanation. No commentary. Just show me the loop invariant.
 /no_think
--------------------------
----------Response----------
[unused16][unused17]```
[Loop A]
loop invariant i_0: i0 <= n0;
loop invariant k_0: k >= 0;

[Loop B]
loop invariant k_0: k >= 0;
loop invariant i_1: i1 <= n1;
```
----------------------------
-------------Establishment_requires: i_0: establishment---------------
----------Prompt----------

# define INT_MAX 2147483647
# define INT_MIN -2147483648

/*@
    requires INT_MIN < n0 && n0 < INT_MAX;
    requires INT_MIN < n1 && n1 < INT_MAX;
*/
void svcomp_18(int n0, int n1) {
    int i0 = 0;
    int k = 0;

    // Loop A
    /*@
        [Hint] Loop invariant i0 <= n0 too strong initially. Relax it.

        loop invariant i_0: i0 <= n0;

        loop invariant i_1: k >= 0;


        loop assigns i0, k;
    */
    while( i0 < n0 ) {
        i0++;
        k++;
    }

    int i1 = 0;

    // Loop B
    /*@
        loop invariant i_8: k >= 0;

        loop invariant i_9: i0 <= n0;

        loop invariant i_10: i1 <= n1;


        loop assigns i1, k;
    */
    while( i1 < n1 ) {
        i1++;
        k++;
    }

    int j1 = 0;

    // Loop C
    /*@
        loop invariant i_4: j1 <= n0 + n1 && k >= 0;

        loop invariant i_5: k >= 0;


        loop assigns j1, k;
    */
    while( j1 < n0 + n1 ) {
        //@ assert(k > 0);
        j1++;
        k--;
    }
}
You are an expert in deductive program verification using ACSL and Frama-C.
The following loop invariant of the loop labeled "A" cannot be established from the function's `requires` clauses:
[Unprovable Initial Invariant] i0 <= n0
This means the loop invariant is too strong at the loop entry, violating the establishment condition of loop correctness.  
Your task is to relax or weaken the loop invariant at the position marked by: "[Hint] Loop invariant too strong initially. Relax it."
IMPORTANT RULES:
1. The relaxed invariants must still hold:
   - Establishment: They must be provable solely from the function's requires clauses and the program state before entering the loop.
   - Preservation: after executing the loop body exactly once, the invariant still holds.
   - Zero-iteration case: the invariant is valid even if the loop never executes.
2. Do NOT restate or print any of the existing loop invariants.  
   Only output the modified (weakened) invariants necessary to make the establishment step succeed.
3. Your answer must be solely in the form:
   ```
   loop invariant ...;
   loop invariant ...;
   ...
   ```
4. All invariants must follow ACSL syntax and be valid loop invariants.
5. No explanation. No commentary. Just show me the loop invariant.
 /no_think
--------------------------
----------Response----------
[unused16][unused17]```
loop invariant i0 <= n0;
loop invariant k >= 0;
```
----------------------------
--------------------------------
------------Invariant Info-----------
LOOP A:
i_0: i0 <= n0
i_1: k >= 0
LOOP B:
i_8: k >= 0
i_9: i0 <= n0
i_10: i1 <= n1
LOOP C:
i_4: j1 <= n0 + n1 && k >= 0
i_5: k >= 0
------------------------------------
----------Code with Invariants----------
# define INT_MAX 2147483647
# define INT_MIN -2147483648

/*@
    requires INT_MIN < n0 && n0 < INT_MAX;
    requires INT_MIN < n1 && n1 < INT_MAX;
*/
void svcomp_18(int n0, int n1) {
    int i0 = 0;
    int k = 0;

    // Loop A
    /*@
        loop invariant i_0: i0 <= n0;

        loop invariant i_1: k >= 0;


        loop assigns i0, k;
    */
    while( i0 < n0 ) {
        i0++;
        k++;
    }

    int i1 = 0;

    // Loop B
    /*@
        loop invariant i_8: k >= 0;

        loop invariant i_9: i0 <= n0;

        loop invariant i_10: i1 <= n1;


        loop assigns i1, k;
    */
    while( i1 < n1 ) {
        i1++;
        k++;
    }

    int j1 = 0;

    // Loop C
    /*@
        loop invariant i_4: j1 <= n0 + n1 && k >= 0;

        loop invariant i_5: k >= 0;


        loop assigns j1, k;
    */
    while( j1 < n0 + n1 ) {
        //@ assert(k > 0);
        j1++;
        k--;
    }
}
----------------------------------------
----------Begin Revise----------
--------------------------------
------------Invariant Info-----------
LOOP A:
i_1: k >= 0
LOOP B:
i_8: k >= 0
i_9: i0 <= n0
LOOP C:
i_4: j1 <= n0 + n1 && k >= 0
i_5: k >= 0
------------------------------------
----------Code with Invariants----------
# define INT_MAX 2147483647
# define INT_MIN -2147483648

/*@
    requires INT_MIN < n0 && n0 < INT_MAX;
    requires INT_MIN < n1 && n1 < INT_MAX;
*/
void svcomp_18(int n0, int n1) {
    int i0 = 0;
    int k = 0;

    // Loop A
    /*@
        loop invariant i_1: k >= 0;


        loop assigns i0, k;
    */
    while( i0 < n0 ) {
        i0++;
        k++;
    }

    int i1 = 0;

    // Loop B
    /*@
        loop invariant i_8: k >= 0;

        loop invariant i_9: i0 <= n0;


        loop assigns i1, k;
    */
    while( i1 < n1 ) {
        i1++;
        k++;
    }

    int j1 = 0;

    // Loop C
    /*@
        loop invariant i_4: j1 <= n0 + n1 && k >= 0;

        loop invariant i_5: k >= 0;


        loop assigns j1, k;
    */
    while( j1 < n0 + n1 ) {
        //@ assert(k > 0);
        j1++;
        k--;
    }
}
----------------------------------------
----------Begin Revise----------
-------------Establishment_cross: i_4: establishment---------------
----------Prompt----------

# define INT_MAX 2147483647
# define INT_MIN -2147483648

/*@
    requires INT_MIN < n0 && n0 < INT_MAX;
    requires INT_MIN < n1 && n1 < INT_MAX;
*/
void svcomp_18(int n0, int n1) {
    int i0 = 0;
    int k = 0;

    // Loop A
    /*@
        loop invariant i_1: k >= 0;


        loop assigns i0, k;
    */
    while( i0 < n0 ) {
        i0++;
        k++;
    }

    int i1 = 0;

    // Loop B
    /*@
        loop invariant i_8: k >= 0;

        loop invariant i_9: i0 <= n0;


        loop assigns i1, k;
    */
    while( i1 < n1 ) {
        i1++;
        k++;
    }

    int j1 = 0;

    // Loop C
    /*@
        [Hint] Invariant j1 <= n0 + n1 && k >= 0 not initially provable. Fix or supplement invariants in the pre-loop or in this loop.

        loop invariant i_4: j1 <= n0 + n1 && k >= 0;

        loop invariant i_5: k >= 0;


        loop assigns j1, k;
    */
    while( j1 < n0 + n1 ) {
        //@ assert(k > 0);
        j1++;
        k--;
    }
}
You are an expert in deductive program verification using ACSL and Frama-C.
[Unprovable Invariant] j1 <= n0 + n1 && k >= 0
The above loop invariant required by the loop labeled "C" cannot be derived from the invariants of the preceding loop "B", and the program state before entering the current loop:
[Pre-statement]
int j1 = 0;
Accordingly, we must fix the situation that prevents proving the current loop invariant. There are two independent possibilities you should consider and address:
  1) The current loop invariant for "Loop C" is too strong:
     - It uses facts that are not guaranteed by the preceding loop invariants together with Pre-statement.
     - Remedy: weaken or simplify the invariant of "C" so it becomes derivable from the available preconditions.

  2) The preceding loop invariants of "Loop B" are too weak:
     - They do not imply the facts required by the "C" invariant after executing Pre-statement.
     - Remedy: strengthen the invariant(s) of "Loop B" so that, after running Pre-statement, they imply the needed facts for "Loop C".

Your task is to adjust the invariants so that the establishment of "Loop C" succeeds.
IMPORTANT RULES:
1. You may modify either:
   - only the current loop "C", or  
   - only the preceding loop "B", or  
   - both, if needed.
2. Do NOT output any of the original invariants.  
   Only output the new or modified invariants you propose.
3. Output must contain two blocks, even if one block is empty:
   ```
   [Loop B]
   loop invariant ...;
   loop invariant ...;

   [Loop C]
   loop invariant ...;
   loop invariant ...;
   ```
4. Each block may contain zero or more invariants. If a block has no changes, leave it empty but keep the block header.
5. All invariants must follow ACSL syntax and be valid loop invariants.
6. No explanation. No commentary. Just show me the loop invariant.
 /no_think
--------------------------
----------Response----------
[unused16][unused17]```
[Loop B]
loop invariant k >= 0;

[Loop C]
loop invariant k >= 0 && j1 <= n0 + n1;
```
----------------------------
-------------Establishment_cross: i_9: establishment---------------
----------Prompt----------

# define INT_MAX 2147483647
# define INT_MIN -2147483648

/*@
    requires INT_MIN < n0 && n0 < INT_MAX;
    requires INT_MIN < n1 && n1 < INT_MAX;
*/
void svcomp_18(int n0, int n1) {
    int i0 = 0;
    int k = 0;

    // Loop A
    /*@
        loop invariant i_1: k >= 0;


        loop assigns i0, k;
    */
    while( i0 < n0 ) {
        i0++;
        k++;
    }

    int i1 = 0;

    // Loop B
    /*@
        [Hint] Invariant i0 <= n0 not initially provable. Fix or supplement invariants in the pre-loop or in this loop.

        loop invariant i_8: k >= 0;

        loop invariant i_9: i0 <= n0;


        loop assigns i1, k;
    */
    while( i1 < n1 ) {
        i1++;
        k++;
    }

    int j1 = 0;

    // Loop C
    /*@
        loop invariant i_4: j1 <= n0 + n1 && k >= 0;

        loop invariant i_5: k >= 0;

        loop invariant i_11: k >= 0 && j1 <= n0 + n1;


        loop assigns j1, k;
    */
    while( j1 < n0 + n1 ) {
        //@ assert(k > 0);
        j1++;
        k--;
    }
}
You are an expert in deductive program verification using ACSL and Frama-C.
[Unprovable Invariant] i0 <= n0
The above loop invariant required by the loop labeled "B" cannot be derived from the invariants of the preceding loop "A", and the program state before entering the current loop:
[Pre-statement]
int i1 = 0;
Accordingly, we must fix the situation that prevents proving the current loop invariant. There are two independent possibilities you should consider and address:
  1) The current loop invariant for "Loop B" is too strong:
     - It uses facts that are not guaranteed by the preceding loop invariants together with Pre-statement.
     - Remedy: weaken or simplify the invariant of "B" so it becomes derivable from the available preconditions.

  2) The preceding loop invariants of "Loop A" are too weak:
     - They do not imply the facts required by the "B" invariant after executing Pre-statement.
     - Remedy: strengthen the invariant(s) of "Loop A" so that, after running Pre-statement, they imply the needed facts for "Loop B".

Your task is to adjust the invariants so that the establishment of "Loop B" succeeds.
IMPORTANT RULES:
1. You may modify either:
   - only the current loop "B", or  
   - only the preceding loop "A", or  
   - both, if needed.
2. Do NOT output any of the original invariants.  
   Only output the new or modified invariants you propose.
3. Output must contain two blocks, even if one block is empty:
   ```
   [Loop A]
   loop invariant ...;
   loop invariant ...;

   [Loop B]
   loop invariant ...;
   loop invariant ...;
   ```
4. Each block may contain zero or more invariants. If a block has no changes, leave it empty but keep the block header.
5. All invariants must follow ACSL syntax and be valid loop invariants.
6. No explanation. No commentary. Just show me the loop invariant.
 /no_think
--------------------------
----------Response----------
[unused16][unused17][Loop A]
loop invariant k >= 0;

[Loop B]
loop invariant k >= 0 && i1 <= n0;

loop invariant k >= 0 && i1 <= n0 + n1;
----------------------------
--------------------------------
------------Invariant Info-----------
LOOP A:
i_1: k >= 0
LOOP B:
i_8: k >= 0
i_9: i0 <= n0
i_12: k >= 0 && i1 <= n0
i_13: k >= 0 && i1 <= n0 + n1
LOOP C:
i_4: j1 <= n0 + n1 && k >= 0
i_5: k >= 0
i_11: k >= 0 && j1 <= n0 + n1
------------------------------------
----------Code with Invariants----------
# define INT_MAX 2147483647
# define INT_MIN -2147483648

/*@
    requires INT_MIN < n0 && n0 < INT_MAX;
    requires INT_MIN < n1 && n1 < INT_MAX;
*/
void svcomp_18(int n0, int n1) {
    int i0 = 0;
    int k = 0;

    // Loop A
    /*@
        loop invariant i_1: k >= 0;


        loop assigns i0, k;
    */
    while( i0 < n0 ) {
        i0++;
        k++;
    }

    int i1 = 0;

    // Loop B
    /*@
        loop invariant i_8: k >= 0;

        loop invariant i_9: i0 <= n0;

        loop invariant i_12: k >= 0 && i1 <= n0;

        loop invariant i_13: k >= 0 && i1 <= n0 + n1;


        loop assigns i1, k;
    */
    while( i1 < n1 ) {
        i1++;
        k++;
    }

    int j1 = 0;

    // Loop C
    /*@
        loop invariant i_4: j1 <= n0 + n1 && k >= 0;

        loop invariant i_5: k >= 0;

        loop invariant i_11: k >= 0 && j1 <= n0 + n1;


        loop assigns j1, k;
    */
    while( j1 < n0 + n1 ) {
        //@ assert(k > 0);
        j1++;
        k--;
    }
}
----------------------------------------
----------Begin Revise----------
-------------Establishment_cross: i_9: establishment---------------
----------Prompt----------

# define INT_MAX 2147483647
# define INT_MIN -2147483648

/*@
    requires INT_MIN < n0 && n0 < INT_MAX;
    requires INT_MIN < n1 && n1 < INT_MAX;
*/
void svcomp_18(int n0, int n1) {
    int i0 = 0;
    int k = 0;

    // Loop A
    /*@
        loop invariant i_1: k >= 0;


        loop assigns i0, k;
    */
    while( i0 < n0 ) {
        i0++;
        k++;
    }

    int i1 = 0;

    // Loop B
    /*@
        [Hint] Invariant i0 <= n0 not initially provable. Fix or supplement invariants in the pre-loop or in this loop.

        loop invariant i_8: k >= 0;

        loop invariant i_9: i0 <= n0;

        loop invariant i_12: k >= 0 && i1 <= n0;

        loop invariant i_13: k >= 0 && i1 <= n0 + n1;


        loop assigns i1, k;
    */
    while( i1 < n1 ) {
        i1++;
        k++;
    }

    int j1 = 0;

    // Loop C
    /*@
        loop invariant i_4: j1 <= n0 + n1 && k >= 0;

        loop invariant i_5: k >= 0;

        loop invariant i_11: k >= 0 && j1 <= n0 + n1;


        loop assigns j1, k;
    */
    while( j1 < n0 + n1 ) {
        //@ assert(k > 0);
        j1++;
        k--;
    }
}
You are an expert in deductive program verification using ACSL and Frama-C.
[Unprovable Invariant] i0 <= n0
The above loop invariant required by the loop labeled "B" cannot be derived from the invariants of the preceding loop "A", and the program state before entering the current loop:
[Pre-statement]
int i1 = 0;
Accordingly, we must fix the situation that prevents proving the current loop invariant. There are two independent possibilities you should consider and address:
  1) The current loop invariant for "Loop B" is too strong:
     - It uses facts that are not guaranteed by the preceding loop invariants together with Pre-statement.
     - Remedy: weaken or simplify the invariant of "B" so it becomes derivable from the available preconditions.

  2) The preceding loop invariants of "Loop A" are too weak:
     - They do not imply the facts required by the "B" invariant after executing Pre-statement.
     - Remedy: strengthen the invariant(s) of "Loop A" so that, after running Pre-statement, they imply the needed facts for "Loop B".

Your task is to adjust the invariants so that the establishment of "Loop B" succeeds.
IMPORTANT RULES:
1. You may modify either:
   - only the current loop "B", or  
   - only the preceding loop "A", or  
   - both, if needed.
2. Do NOT output any of the original invariants.  
   Only output the new or modified invariants you propose.
3. Output must contain two blocks, even if one block is empty:
   ```
   [Loop A]
   loop invariant ...;
   loop invariant ...;

   [Loop B]
   loop invariant ...;
   loop invariant ...;
   ```
4. Each block may contain zero or more invariants. If a block has no changes, leave it empty but keep the block header.
5. All invariants must follow ACSL syntax and be valid loop invariants.
6. No explanation. No commentary. Just show me the loop invariant.
 /no_think
--------------------------
----------Response----------
[unused16][unused17]```
[Loop A]
loop invariant i_1: k >= 0;
loop invariant i_9: i0 <= n0;

[Loop B]
loop invariant i_8: k >= 0;
loop invariant i_12: i1 <= n1;
```
----------------------------
-------------Establishment_cross: i_13: establishment---------------
----------Prompt----------

# define INT_MAX 2147483647
# define INT_MIN -2147483648

/*@
    requires INT_MIN < n0 && n0 < INT_MAX;
    requires INT_MIN < n1 && n1 < INT_MAX;
*/
void svcomp_18(int n0, int n1) {
    int i0 = 0;
    int k = 0;

    // Loop A
    /*@
        loop invariant i_1: k >= 0;

        loop invariant i_14: i0 <= n0;


        loop assigns i0, k;
    */
    while( i0 < n0 ) {
        i0++;
        k++;
    }

    int i1 = 0;

    // Loop B
    /*@
        [Hint] Invariant k >= 0 && i1 <= n0 + n1 not initially provable. Fix or supplement invariants in the pre-loop or in this loop.

        loop invariant i_8: k >= 0;

        loop invariant i_9: i0 <= n0;

        loop invariant i_12: k >= 0 && i1 <= n0;

        loop invariant i_13: k >= 0 && i1 <= n0 + n1;

        loop invariant i_15: i1 <= n1;


        loop assigns i1, k;
    */
    while( i1 < n1 ) {
        i1++;
        k++;
    }

    int j1 = 0;

    // Loop C
    /*@
        loop invariant i_4: j1 <= n0 + n1 && k >= 0;

        loop invariant i_5: k >= 0;

        loop invariant i_11: k >= 0 && j1 <= n0 + n1;


        loop assigns j1, k;
    */
    while( j1 < n0 + n1 ) {
        //@ assert(k > 0);
        j1++;
        k--;
    }
}
You are an expert in deductive program verification using ACSL and Frama-C.
[Unprovable Invariant] k >= 0 && i1 <= n0 + n1
The above loop invariant required by the loop labeled "B" cannot be derived from the invariants of the preceding loop "A", and the program state before entering the current loop:
[Pre-statement]
int i1 = 0;
Accordingly, we must fix the situation that prevents proving the current loop invariant. There are two independent possibilities you should consider and address:
  1) The current loop invariant for "Loop B" is too strong:
     - It uses facts that are not guaranteed by the preceding loop invariants together with Pre-statement.
     - Remedy: weaken or simplify the invariant of "B" so it becomes derivable from the available preconditions.

  2) The preceding loop invariants of "Loop A" are too weak:
     - They do not imply the facts required by the "B" invariant after executing Pre-statement.
     - Remedy: strengthen the invariant(s) of "Loop A" so that, after running Pre-statement, they imply the needed facts for "Loop B".

Your task is to adjust the invariants so that the establishment of "Loop B" succeeds.
IMPORTANT RULES:
1. You may modify either:
   - only the current loop "B", or  
   - only the preceding loop "A", or  
   - both, if needed.
2. Do NOT output any of the original invariants.  
   Only output the new or modified invariants you propose.
3. Output must contain two blocks, even if one block is empty:
   ```
   [Loop A]
   loop invariant ...;
   loop invariant ...;

   [Loop B]
   loop invariant ...;
   loop invariant ...;
   ```
4. Each block may contain zero or more invariants. If a block has no changes, leave it empty but keep the block header.
5. All invariants must follow ACSL syntax and be valid loop invariants.
6. No explanation. No commentary. Just show me the loop invariant.
 /no_think
--------------------------
----------Response----------
[unused16][unused17][Loop A]
loop invariant i_1: k >= 0;
loop invariant i_14: i0 <= n0;

[Loop B]
loop invariant k >= 0;
loop invariant i_15: i1 <= n0 + n1;
----------------------------
--------------------------------
------------Invariant Info-----------
LOOP A:
i_1: k >= 0
i_14: i0 <= n0
LOOP B:
i_8: k >= 0
i_9: i0 <= n0
i_13: k >= 0 && i1 <= n0 + n1
i_15: i1 <= n1
i_16: i1 <= n0 + n1
LOOP C:
i_4: j1 <= n0 + n1 && k >= 0
i_5: k >= 0
i_11: k >= 0 && j1 <= n0 + n1
------------------------------------
----------Code with Invariants----------
# define INT_MAX 2147483647
# define INT_MIN -2147483648

/*@
    requires INT_MIN < n0 && n0 < INT_MAX;
    requires INT_MIN < n1 && n1 < INT_MAX;
*/
void svcomp_18(int n0, int n1) {
    int i0 = 0;
    int k = 0;

    // Loop A
    /*@
        loop invariant i_1: k >= 0;

        loop invariant i_14: i0 <= n0;


        loop assigns i0, k;
    */
    while( i0 < n0 ) {
        i0++;
        k++;
    }

    int i1 = 0;

    // Loop B
    /*@
        loop invariant i_8: k >= 0;

        loop invariant i_9: i0 <= n0;

        loop invariant i_13: k >= 0 && i1 <= n0 + n1;

        loop invariant i_15: i1 <= n1;

        loop invariant i_16: i1 <= n0 + n1;


        loop assigns i1, k;
    */
    while( i1 < n1 ) {
        i1++;
        k++;
    }

    int j1 = 0;

    // Loop C
    /*@
        loop invariant i_4: j1 <= n0 + n1 && k >= 0;

        loop invariant i_5: k >= 0;

        loop invariant i_11: k >= 0 && j1 <= n0 + n1;


        loop assigns j1, k;
    */
    while( j1 < n0 + n1 ) {
        //@ assert(k > 0);
        j1++;
        k--;
    }
}
----------------------------------------
----------Begin Revise----------
-------------Establishment_cross: i_13: establishment---------------
----------Prompt----------

# define INT_MAX 2147483647
# define INT_MIN -2147483648

/*@
    requires INT_MIN < n0 && n0 < INT_MAX;
    requires INT_MIN < n1 && n1 < INT_MAX;
*/
void svcomp_18(int n0, int n1) {
    int i0 = 0;
    int k = 0;

    // Loop A
    /*@
        loop invariant i_1: k >= 0;

        loop invariant i_14: i0 <= n0;


        loop assigns i0, k;
    */
    while( i0 < n0 ) {
        i0++;
        k++;
    }

    int i1 = 0;

    // Loop B
    /*@
        [Hint] Invariant k >= 0 && i1 <= n0 + n1 not initially provable. Fix or supplement invariants in the pre-loop or in this loop.

        loop invariant i_8: k >= 0;

        loop invariant i_9: i0 <= n0;

        loop invariant i_13: k >= 0 && i1 <= n0 + n1;

        loop invariant i_15: i1 <= n1;

        loop invariant i_16: i1 <= n0 + n1;


        loop assigns i1, k;
    */
    while( i1 < n1 ) {
        i1++;
        k++;
    }

    int j1 = 0;

    // Loop C
    /*@
        loop invariant i_4: j1 <= n0 + n1 && k >= 0;

        loop invariant i_5: k >= 0;

        loop invariant i_11: k >= 0 && j1 <= n0 + n1;


        loop assigns j1, k;
    */
    while( j1 < n0 + n1 ) {
        //@ assert(k > 0);
        j1++;
        k--;
    }
}
You are an expert in deductive program verification using ACSL and Frama-C.
[Unprovable Invariant] k >= 0 && i1 <= n0 + n1
The above loop invariant required by the loop labeled "B" cannot be derived from the invariants of the preceding loop "A", and the program state before entering the current loop:
[Pre-statement]
int i1 = 0;
Accordingly, we must fix the situation that prevents proving the current loop invariant. There are two independent possibilities you should consider and address:
  1) The current loop invariant for "Loop B" is too strong:
     - It uses facts that are not guaranteed by the preceding loop invariants together with Pre-statement.
     - Remedy: weaken or simplify the invariant of "B" so it becomes derivable from the available preconditions.

  2) The preceding loop invariants of "Loop A" are too weak:
     - They do not imply the facts required by the "B" invariant after executing Pre-statement.
     - Remedy: strengthen the invariant(s) of "Loop A" so that, after running Pre-statement, they imply the needed facts for "Loop B".

Your task is to adjust the invariants so that the establishment of "Loop B" succeeds.
IMPORTANT RULES:
1. You may modify either:
   - only the current loop "B", or  
   - only the preceding loop "A", or  
   - both, if needed.
2. Do NOT output any of the original invariants.  
   Only output the new or modified invariants you propose.
3. Output must contain two blocks, even if one block is empty:
   ```
   [Loop A]
   loop invariant ...;
   loop invariant ...;

   [Loop B]
   loop invariant ...;
   loop invariant ...;
   ```
4. Each block may contain zero or more invariants. If a block has no changes, leave it empty but keep the block header.
5. All invariants must follow ACSL syntax and be valid loop invariants.
6. No explanation. No commentary. Just show me the loop invariant.
 /no_think
--------------------------
----------Response----------
[unused16][unused17][Loop A]
loop invariant i_1: k >= 0;
loop invariant i_14: i0 <= n0;

[Loop B]
loop invariant k >= 0;
loop invariant i_1: k >= 0 && i1 <= n0 + n1;
loop invariant i_15: i1 <= n0 + n1;
loop invariant i_16: i1 <= n0 + n1;
----------------------------
-------------Establishment_cross: i_15: establishment---------------
----------Prompt----------

# define INT_MAX 2147483647
# define INT_MIN -2147483648

/*@
    requires INT_MIN < n0 && n0 < INT_MAX;
    requires INT_MIN < n1 && n1 < INT_MAX;
*/
void svcomp_18(int n0, int n1) {
    int i0 = 0;
    int k = 0;

    // Loop A
    /*@
        loop invariant i_1: k >= 0;

        loop invariant i_14: i0 <= n0;


        loop assigns i0, k;
    */
    while( i0 < n0 ) {
        i0++;
        k++;
    }

    int i1 = 0;

    // Loop B
    /*@
        [Hint] Invariant i1 <= n1 not initially provable. Fix or supplement invariants in the pre-loop or in this loop.

        loop invariant i_8: k >= 0;

        loop invariant i_9: i0 <= n0;

        loop invariant i_13: k >= 0 && i1 <= n0 + n1;

        loop invariant i_15: i1 <= n1;

        loop invariant i_16: i1 <= n0 + n1;


        loop assigns i1, k;
    */
    while( i1 < n1 ) {
        i1++;
        k++;
    }

    int j1 = 0;

    // Loop C
    /*@
        loop invariant i_4: j1 <= n0 + n1 && k >= 0;

        loop invariant i_5: k >= 0;

        loop invariant i_11: k >= 0 && j1 <= n0 + n1;


        loop assigns j1, k;
    */
    while( j1 < n0 + n1 ) {
        //@ assert(k > 0);
        j1++;
        k--;
    }
}
You are an expert in deductive program verification using ACSL and Frama-C.
[Unprovable Invariant] i1 <= n1
The above loop invariant required by the loop labeled "B" cannot be derived from the invariants of the preceding loop "A", and the program state before entering the current loop:
[Pre-statement]
int i1 = 0;
Accordingly, we must fix the situation that prevents proving the current loop invariant. There are two independent possibilities you should consider and address:
  1) The current loop invariant for "Loop B" is too strong:
     - It uses facts that are not guaranteed by the preceding loop invariants together with Pre-statement.
     - Remedy: weaken or simplify the invariant of "B" so it becomes derivable from the available preconditions.

  2) The preceding loop invariants of "Loop A" are too weak:
     - They do not imply the facts required by the "B" invariant after executing Pre-statement.
     - Remedy: strengthen the invariant(s) of "Loop A" so that, after running Pre-statement, they imply the needed facts for "Loop B".

Your task is to adjust the invariants so that the establishment of "Loop B" succeeds.
IMPORTANT RULES:
1. You may modify either:
   - only the current loop "B", or  
   - only the preceding loop "A", or  
   - both, if needed.
2. Do NOT output any of the original invariants.  
   Only output the new or modified invariants you propose.
3. Output must contain two blocks, even if one block is empty:
   ```
   [Loop A]
   loop invariant ...;
   loop invariant ...;

   [Loop B]
   loop invariant ...;
   loop invariant ...;
   ```
4. Each block may contain zero or more invariants. If a block has no changes, leave it empty but keep the block header.
5. All invariants must follow ACSL syntax and be valid loop invariants.
6. No explanation. No commentary. Just show me the loop invariant.
 /no_think
--------------------------
----------Response----------
[unused16][unused17][Loop A]
loop invariant i_1: k >= 0;

[Loop B]
loop invariant k >= 0;
loop invariant i_15: i1 <= n0 + n1;
loop invariant k >= 0 && i_15 <= n0 + n1;
----------------------------
-------------Establishment_requires: i_14: establishment---------------
----------Prompt----------

# define INT_MAX 2147483647
# define INT_MIN -2147483648

/*@
    requires INT_MIN < n0 && n0 < INT_MAX;
    requires INT_MIN < n1 && n1 < INT_MAX;
*/
void svcomp_18(int n0, int n1) {
    int i0 = 0;
    int k = 0;

    // Loop A
    /*@
        [Hint] Loop invariant i0 <= n0 too strong initially. Relax it.

        loop invariant i_1: k >= 0;

        loop invariant i_14: i0 <= n0;


        loop assigns i0, k;
    */
    while( i0 < n0 ) {
        i0++;
        k++;
    }

    int i1 = 0;

    // Loop B
    /*@
        loop invariant i_8: k >= 0;

        loop invariant i_9: i0 <= n0;

        loop invariant i_13: k >= 0 && i1 <= n0 + n1;

        loop invariant i_15: i1 <= n1;

        loop invariant i_16: i1 <= n0 + n1;

        loop invariant i_17: k >= 0 && i_15 <= n0 + n1;


        loop assigns i1, k;
    */
    while( i1 < n1 ) {
        i1++;
        k++;
    }

    int j1 = 0;

    // Loop C
    /*@
        loop invariant i_4: j1 <= n0 + n1 && k >= 0;

        loop invariant i_5: k >= 0;

        loop invariant i_11: k >= 0 && j1 <= n0 + n1;


        loop assigns j1, k;
    */
    while( j1 < n0 + n1 ) {
        //@ assert(k > 0);
        j1++;
        k--;
    }
}
You are an expert in deductive program verification using ACSL and Frama-C.
The following loop invariant of the loop labeled "A" cannot be established from the function's `requires` clauses:
[Unprovable Initial Invariant] i0 <= n0
This means the loop invariant is too strong at the loop entry, violating the establishment condition of loop correctness.  
Your task is to relax or weaken the loop invariant at the position marked by: "[Hint] Loop invariant too strong initially. Relax it."
IMPORTANT RULES:
1. The relaxed invariants must still hold:
   - Establishment: They must be provable solely from the function's requires clauses and the program state before entering the loop.
   - Preservation: after executing the loop body exactly once, the invariant still holds.
   - Zero-iteration case: the invariant is valid even if the loop never executes.
2. Do NOT restate or print any of the existing loop invariants.  
   Only output the modified (weakened) invariants necessary to make the establishment step succeed.
3. Your answer must be solely in the form:
   ```
   loop invariant ...;
   loop invariant ...;
   ...
   ```
4. All invariants must follow ACSL syntax and be valid loop invariants.
5. No explanation. No commentary. Just show me the loop invariant.
 /no_think
--------------------------
----------Response----------
[unused16][unused17]```
loop invariant i0 <= n0;
loop invariant k >= 0;
```
----------------------------
--------------------------------
------------Invariant Info-----------
LOOP A:
i_1: k >= 0
i_14: i0 <= n0
LOOP B:
i_8: k >= 0
i_9: i0 <= n0
i_13: k >= 0 && i1 <= n0 + n1
i_15: i1 <= n1
i_16: i1 <= n0 + n1
i_17: k >= 0 && i_15 <= n0 + n1
LOOP C:
i_4: j1 <= n0 + n1 && k >= 0
i_5: k >= 0
i_11: k >= 0 && j1 <= n0 + n1
------------------------------------
----------Code with Invariants----------
# define INT_MAX 2147483647
# define INT_MIN -2147483648

/*@
    requires INT_MIN < n0 && n0 < INT_MAX;
    requires INT_MIN < n1 && n1 < INT_MAX;
*/
void svcomp_18(int n0, int n1) {
    int i0 = 0;
    int k = 0;

    // Loop A
    /*@
        loop invariant i_1: k >= 0;

        loop invariant i_14: i0 <= n0;


        loop assigns i0, k;
    */
    while( i0 < n0 ) {
        i0++;
        k++;
    }

    int i1 = 0;

    // Loop B
    /*@
        loop invariant i_8: k >= 0;

        loop invariant i_9: i0 <= n0;

        loop invariant i_13: k >= 0 && i1 <= n0 + n1;

        loop invariant i_15: i1 <= n1;

        loop invariant i_16: i1 <= n0 + n1;

        loop invariant i_17: k >= 0 && i_15 <= n0 + n1;


        loop assigns i1, k;
    */
    while( i1 < n1 ) {
        i1++;
        k++;
    }

    int j1 = 0;

    // Loop C
    /*@
        loop invariant i_4: j1 <= n0 + n1 && k >= 0;

        loop invariant i_5: k >= 0;

        loop invariant i_11: k >= 0 && j1 <= n0 + n1;


        loop assigns j1, k;
    */
    while( j1 < n0 + n1 ) {
        //@ assert(k > 0);
        j1++;
        k--;
    }
}
----------------------------------------
------------Invariant Info-----------
LOOP A:
i_1: k >= 0
i_14: i0 <= n0
LOOP B:
i_8: k >= 0
i_9: i0 <= n0
i_13: k >= 0 && i1 <= n0 + n1
i_15: i1 <= n1
i_16: i1 <= n0 + n1
LOOP C:
i_4: j1 <= n0 + n1 && k >= 0
i_5: k >= 0
i_11: k >= 0 && j1 <= n0 + n1
------------------------------------
----------Code with Invariants----------
# define INT_MAX 2147483647
# define INT_MIN -2147483648

/*@
    requires INT_MIN < n0 && n0 < INT_MAX;
    requires INT_MIN < n1 && n1 < INT_MAX;
*/
void svcomp_18(int n0, int n1) {
    int i0 = 0;
    int k = 0;

    // Loop A
    /*@
        loop invariant i_1: k >= 0;

        loop invariant i_14: i0 <= n0;


        loop assigns i0, k;
    */
    while( i0 < n0 ) {
        i0++;
        k++;
    }

    int i1 = 0;

    // Loop B
    /*@
        loop invariant i_8: k >= 0;

        loop invariant i_9: i0 <= n0;

        loop invariant i_13: k >= 0 && i1 <= n0 + n1;

        loop invariant i_15: i1 <= n1;

        loop invariant i_16: i1 <= n0 + n1;


        loop assigns i1, k;
    */
    while( i1 < n1 ) {
        i1++;
        k++;
    }

    int j1 = 0;

    // Loop C
    /*@
        loop invariant i_4: j1 <= n0 + n1 && k >= 0;

        loop invariant i_5: k >= 0;

        loop invariant i_11: k >= 0 && j1 <= n0 + n1;


        loop assigns j1, k;
    */
    while( j1 < n0 + n1 ) {
        //@ assert(k > 0);
        j1++;
        k--;
    }
}
----------------------------------------
------------Invariant Info-----------
LOOP A:
i_1: k >= 0
LOOP B:
i_8: k >= 0
i_9: i0 <= n0
i_16: i1 <= n0 + n1
LOOP C:
i_4: j1 <= n0 + n1 && k >= 0
i_5: k >= 0
i_11: k >= 0 && j1 <= n0 + n1
------------------------------------
----------Code with Invariants----------
# define INT_MAX 2147483647
# define INT_MIN -2147483648

/*@
    requires INT_MIN < n0 && n0 < INT_MAX;
    requires INT_MIN < n1 && n1 < INT_MAX;
*/
void svcomp_18(int n0, int n1) {
    int i0 = 0;
    int k = 0;

    // Loop A
    /*@
        loop invariant i_1: k >= 0;


        loop assigns i0, k;
    */
    while( i0 < n0 ) {
        i0++;
        k++;
    }

    int i1 = 0;

    // Loop B
    /*@
        loop invariant i_8: k >= 0;

        loop invariant i_9: i0 <= n0;

        loop invariant i_16: i1 <= n0 + n1;


        loop assigns i1, k;
    */
    while( i1 < n1 ) {
        i1++;
        k++;
    }

    int j1 = 0;

    // Loop C
    /*@
        loop invariant i_4: j1 <= n0 + n1 && k >= 0;

        loop invariant i_5: k >= 0;

        loop invariant i_11: k >= 0 && j1 <= n0 + n1;


        loop assigns j1, k;
    */
    while( j1 < n0 + n1 ) {
        //@ assert(k > 0);
        j1++;
        k--;
    }
}
----------------------------------------
------------Invariant Info-----------
LOOP A:
i_1: k >= 0
LOOP B:
i_8: k >= 0
LOOP C:
i_4: j1 <= n0 + n1 && k >= 0
i_5: k >= 0
i_11: k >= 0 && j1 <= n0 + n1
------------------------------------
----------Code with Invariants----------
# define INT_MAX 2147483647
# define INT_MIN -2147483648

/*@
    requires INT_MIN < n0 && n0 < INT_MAX;
    requires INT_MIN < n1 && n1 < INT_MAX;
*/
void svcomp_18(int n0, int n1) {
    int i0 = 0;
    int k = 0;

    // Loop A
    /*@
        loop invariant i_1: k >= 0;


        loop assigns i0, k;
    */
    while( i0 < n0 ) {
        i0++;
        k++;
    }

    int i1 = 0;

    // Loop B
    /*@
        loop invariant i_8: k >= 0;


        loop assigns i1, k;
    */
    while( i1 < n1 ) {
        i1++;
        k++;
    }

    int j1 = 0;

    // Loop C
    /*@
        loop invariant i_4: j1 <= n0 + n1 && k >= 0;

        loop invariant i_5: k >= 0;

        loop invariant i_11: k >= 0 && j1 <= n0 + n1;


        loop assigns j1, k;
    */
    while( j1 < n0 + n1 ) {
        //@ assert(k > 0);
        j1++;
        k--;
    }
}
----------------------------------------
------------Invariant Info-----------
LOOP A:
i_1: k >= 0
LOOP B:
i_8: k >= 0
LOOP C:
i_5: k >= 0
i_11: k >= 0 && j1 <= n0 + n1
------------------------------------
----------Code with Invariants----------
# define INT_MAX 2147483647
# define INT_MIN -2147483648

/*@
    requires INT_MIN < n0 && n0 < INT_MAX;
    requires INT_MIN < n1 && n1 < INT_MAX;
*/
void svcomp_18(int n0, int n1) {
    int i0 = 0;
    int k = 0;

    // Loop A
    /*@
        loop invariant i_1: k >= 0;


        loop assigns i0, k;
    */
    while( i0 < n0 ) {
        i0++;
        k++;
    }

    int i1 = 0;

    // Loop B
    /*@
        loop invariant i_8: k >= 0;


        loop assigns i1, k;
    */
    while( i1 < n1 ) {
        i1++;
        k++;
    }

    int j1 = 0;

    // Loop C
    /*@
        loop invariant i_5: k >= 0;

        loop invariant i_11: k >= 0 && j1 <= n0 + n1;


        loop assigns j1, k;
    */
    while( j1 < n0 + n1 ) {
        //@ assert(k > 0);
        j1++;
        k--;
    }
}
----------------------------------------
------------Invariant Info-----------
LOOP A:
i_1: k >= 0
LOOP B:
i_8: k >= 0
LOOP C:
i_5: k >= 0
------------------------------------
----------Code with Invariants----------
# define INT_MAX 2147483647
# define INT_MIN -2147483648

/*@
    requires INT_MIN < n0 && n0 < INT_MAX;
    requires INT_MIN < n1 && n1 < INT_MAX;
*/
void svcomp_18(int n0, int n1) {
    int i0 = 0;
    int k = 0;

    // Loop A
    /*@
        loop invariant i_1: k >= 0;


        loop assigns i0, k;
    */
    while( i0 < n0 ) {
        i0++;
        k++;
    }

    int i1 = 0;

    // Loop B
    /*@
        loop invariant i_8: k >= 0;


        loop assigns i1, k;
    */
    while( i1 < n1 ) {
        i1++;
        k++;
    }

    int j1 = 0;

    // Loop C
    /*@
        loop invariant i_5: k >= 0;


        loop assigns j1, k;
    */
    while( j1 < n0 + n1 ) {
        //@ assert(k > 0);
        j1++;
        k--;
    }
}
----------------------------------------
---------Result---------
Fail
Model: openPangu-Embedded-7B-V1.1
Running time: 320.56872391700745
Proposal number: 19
Verified code:

------------------------
