-----------Model-----------
Model type:
PanguEmbeddedForCausalLM(
  (model): PanguEmbeddedModel(
    (embed_tokens): Embedding(153376, 4096, padding_idx=0)
    (layers): ModuleList(
      (0-33): 34 x PanguEmbeddedDecoderLayer(
        (self_attn): PanguEmbeddedAttention(
          (q_proj): Linear(in_features=4096, out_features=4096, bias=True)
          (k_proj): Linear(in_features=4096, out_features=1024, bias=True)
          (v_proj): Linear(in_features=4096, out_features=1024, bias=True)
          (o_proj): Linear(in_features=4096, out_features=4096, bias=True)
        )
        (mlp): PanguEmbeddedMLP(
          (gate_proj): Linear(in_features=4096, out_features=12800, bias=False)
          (up_proj): Linear(in_features=4096, out_features=12800, bias=False)
          (down_proj): Linear(in_features=12800, out_features=4096, bias=False)
          (act_fn): SiLU()
        )
        (input_layernorm): PanguEmbeddedRMSNorm((4096,), eps=1e-05)
        (post_attention_layernorm): PanguEmbeddedRMSNorm((4096,), eps=1e-05)
      )
    )
    (norm): PanguEmbeddedRMSNorm((4096,), eps=1e-05)
    (rotary_emb): PanguEmbeddedRotaryEmbedding()
  )
  (lm_head): Linear(in_features=4096, out_features=153376, bias=False)
)
Model device:
npu:1
---------------------------
File Path: ../Benchmark/OOPSLA/oopsla_43.c
----------Code----------
#include <assert.h>
int unknown1();
int unknown2();
int unknown3();
int unknown4();

/*
 * Based on ex16 from NECLA Static Analysis Benchmarks
 */

void oopsla_43(int x, int y){
    int i=0;
    int t=y;
    
    if (x==y) return;
    
    /*@
        loop assigns y, x, t, i;
    */
    while (unknown1()){
        if (x > 0)   
        y = y + x;
    }
    
    //@ assert a_1: y >= t;
}



------------------------
========== Attempt 1 ==========
----------Prompt----------

#include <assert.h>
int unknown1();
int unknown2();
int unknown3();
int unknown4();

/*
 * Based on ex16 from NECLA Static Analysis Benchmarks
 */

void oopsla_43(int x, int y){
    int i=0;
    int t=y;
    
    if (x==y) return;
    
    // Loop A
    /*@
        [Hint] Please infer the loop invariant for the following loop.

        loop assigns y, x, t, i;
    */
    while (unknown1()){
        if (x > 0)   
        y = y + x;
    }
    
    //@ assert a_1: y >= t;
}



You are an expert in program verification, and please generate loop invariant as C annotation comments at the hint location (annotated by "[Hint] Please infer the loop invariant for the following loop.") using ACSL language.
ACSL is a specification language for C programs that conforms to the design by contract paradigm, utilizing Hoare style pre- and postconditions and invariants. Note that the `loop invariant` clause is a condition that is true at the beginning and end of every loop iteration.
Specifically, for the current verification task:
    - Pre-condition: the function's `requires` clauses
    - Post-condition: a_1:y >= t; 
Please verify that the generated loop invariant is consistent with these constraints. If these specific pre- or post-conditions are not provided or empty, please infer the loop invariant strictly based on the program's execution logic and standard correctness.
In order to get a correct answer, You may want to consider both the situation of not entering the loop and the situation of jumping out of the loop. If some of the pre-conditions are also loop invariant, you need to add them to your answer as well.
Use '&&', '||', '==>', '\forall' or '\exists' if necessary. For instance:
```
loop invariant 1 <= x;
loop invariant x == y;
loop invariant 0 < x ==> y <= z;
loop invariant z % 2 == 1 || x == y;
loop invariant z % 2 == 1 && x <= y;
loop invariant \forall integer k;  0 <= k < i ==> max >=  a[k];
loop invariant \exists integer k;  0 <= k < i &&  max == a[k];
loop invariant \forall integer p; 0 <= p < \at(k, End_l) ==> res[p] == \at(res[p], End_l);
```
Your answer should follow the following format:
```
loop invariant ...;
loop invariant ...;
...
```
No explanation. No commentary. Just show me the loop invariant.
 /no_think
--------------------------
----------Response----------
[unused16][unused17]loop invariant y >= t;
loop invariant x >= 0;
loop invariant t == y;
loop invariant y == t + x;
loop invariant x <= y;
loop invariant i < 1 || x > 0;
```
----------------------------
------------Invariant Info-----------
LOOP A:
i_0: y >= t
i_1: x >= 0
i_2: t == y
i_3: y == t + x
i_4: x <= y
i_5: i < 1 || x > 0
------------------------------------
---------- Code with Invariants ----------
#include <assert.h>
int unknown1();
int unknown2();
int unknown3();
int unknown4();

/*
 * Based on ex16 from NECLA Static Analysis Benchmarks
 */

void oopsla_43(int x, int y){
    int i=0;
    int t=y;
    
    if (x==y) return;
    
    // Loop A
    /*@
        loop invariant i_0: y >= t;

        loop invariant i_1: x >= 0;

        loop invariant i_2: t == y;

        loop invariant i_3: y == t + x;

        loop invariant i_4: x <= y;

        loop invariant i_5: i < 1 || x > 0;


        loop assigns y, x, t, i;
    */
    while (unknown1()){
        if (x > 0)   
        y = y + x;
    }
    
    //@ assert a_1: y >= t;
}



------------------------------------------
Verification failed (Fail_13_16), removing all invariants and retrying.
========== Attempt 2 ==========
----------Prompt----------

#include <assert.h>
int unknown1();
int unknown2();
int unknown3();
int unknown4();

/*
 * Based on ex16 from NECLA Static Analysis Benchmarks
 */

void oopsla_43(int x, int y){
    int i=0;
    int t=y;
    
    if (x==y) return;
    
    // Loop A
    /*@
        [Hint] Please infer the loop invariant for the following loop.

        loop assigns y, x, t, i;
    */
    while (unknown1()){
        if (x > 0)   
        y = y + x;
    }
    
    //@ assert a_1: y >= t;
}



You are an expert in program verification, and please generate loop invariant as C annotation comments at the hint location (annotated by "[Hint] Please infer the loop invariant for the following loop.") using ACSL language.
ACSL is a specification language for C programs that conforms to the design by contract paradigm, utilizing Hoare style pre- and postconditions and invariants. Note that the `loop invariant` clause is a condition that is true at the beginning and end of every loop iteration.
Specifically, for the current verification task:
    - Pre-condition: the function's `requires` clauses
    - Post-condition: a_1:y >= t; 
Please verify that the generated loop invariant is consistent with these constraints. If these specific pre- or post-conditions are not provided or empty, please infer the loop invariant strictly based on the program's execution logic and standard correctness.
In order to get a correct answer, You may want to consider both the situation of not entering the loop and the situation of jumping out of the loop. If some of the pre-conditions are also loop invariant, you need to add them to your answer as well.
Use '&&', '||', '==>', '\forall' or '\exists' if necessary. For instance:
```
loop invariant 1 <= x;
loop invariant x == y;
loop invariant 0 < x ==> y <= z;
loop invariant z % 2 == 1 || x == y;
loop invariant z % 2 == 1 && x <= y;
loop invariant \forall integer k;  0 <= k < i ==> max >=  a[k];
loop invariant \exists integer k;  0 <= k < i &&  max == a[k];
loop invariant \forall integer p; 0 <= p < \at(k, End_l) ==> res[p] == \at(res[p], End_l);
```
Your answer should follow the following format:
```
loop invariant ...;
loop invariant ...;
...
```
No explanation. No commentary. Just show me the loop invariant.
 /no_think
--------------------------
----------Response----------
[unused16][unused17]```
loop invariant t <= y;
loop invariant y >= t;
```
----------------------------
------------Invariant Info-----------
LOOP A:
i_6: t <= y
i_7: y >= t
------------------------------------
---------- Code with Invariants ----------
#include <assert.h>
int unknown1();
int unknown2();
int unknown3();
int unknown4();

/*
 * Based on ex16 from NECLA Static Analysis Benchmarks
 */

void oopsla_43(int x, int y){
    int i=0;
    int t=y;
    
    if (x==y) return;
    
    // Loop A
    /*@
        loop invariant i_6: t <= y;

        loop invariant i_7: y >= t;


        loop assigns y, x, t, i;
    */
    while (unknown1()){
        if (x > 0)   
        y = y + x;
    }
    
    //@ assert a_1: y >= t;
}



------------------------------------------
Verification succeeded.
---------Result---------
Success
Model: openPangu-Embedded-7B-V1.1
Running time: 22.984703540802002
Proposal number: 2
Verified code:
#include <assert.h>
int unknown1();
int unknown2();
int unknown3();
int unknown4();

/*
 * Based on ex16 from NECLA Static Analysis Benchmarks
 */

void oopsla_43(int x, int y){
    int i=0;
    int t=y;
    
    if (x==y) return;
    
    // Loop A
    /*@
        loop invariant i_6: t <= y;

        loop invariant i_7: y >= t;


        loop assigns y, x, t, i;
    */
    while (unknown1()){
        if (x > 0)   
        y = y + x;
    }
    
    //@ assert a_1: y >= t;
}



------------------------
