-----------Model-----------
Model type:
PanguEmbeddedForCausalLM(
  (model): PanguEmbeddedModel(
    (embed_tokens): Embedding(153376, 4096, padding_idx=0)
    (layers): ModuleList(
      (0-33): 34 x PanguEmbeddedDecoderLayer(
        (self_attn): PanguEmbeddedAttention(
          (q_proj): Linear(in_features=4096, out_features=4096, bias=True)
          (k_proj): Linear(in_features=4096, out_features=1024, bias=True)
          (v_proj): Linear(in_features=4096, out_features=1024, bias=True)
          (o_proj): Linear(in_features=4096, out_features=4096, bias=True)
        )
        (mlp): PanguEmbeddedMLP(
          (gate_proj): Linear(in_features=4096, out_features=12800, bias=False)
          (up_proj): Linear(in_features=4096, out_features=12800, bias=False)
          (down_proj): Linear(in_features=12800, out_features=4096, bias=False)
          (act_fn): SiLU()
        )
        (input_layernorm): PanguEmbeddedRMSNorm((4096,), eps=1e-05)
        (post_attention_layernorm): PanguEmbeddedRMSNorm((4096,), eps=1e-05)
      )
    )
    (norm): PanguEmbeddedRMSNorm((4096,), eps=1e-05)
    (rotary_emb): PanguEmbeddedRotaryEmbedding()
  )
  (lm_head): Linear(in_features=4096, out_features=153376, bias=False)
)
Model device:
npu:1
---------------------------
File Path: ../Benchmark/SVCOMP/svcomp_7.c
----------Code----------
// Source: Michael Colon, Sriram Sankaranarayanan, Henny Sipma: "Linear
// Invariant Generation using Non-Linear Constraint Solving", CAV 2003.
#include "assert.h"
# define LARGE_INT 1000000

/*@ 
requires 0 <= k && k <= 1;
*/
int svcomp_7(int k) {
    int i,j;
    i = 1;
    j = 1;
    /*@
        loop assigns k;
        loop assigns j;
        loop assigns i;
    */
    while (i < LARGE_INT) {
        i = i + 1;
        j = j + k;
        k = k - 1;
        //@ assert 1 <= i + k && i + k <= 2 && i >= 1;
    }
    return 0;
}
------------------------
========== Attempt 1 ==========
----------Prompt----------

// Source: Michael Colon, Sriram Sankaranarayanan, Henny Sipma: "Linear
// Invariant Generation using Non-Linear Constraint Solving", CAV 2003.
#include "assert.h"
# define LARGE_INT 1000000

/*@ 
requires 0 <= k && k <= 1;
*/
int svcomp_7(int k) {
    int i,j;
    i = 1;
    j = 1;
    // Loop A
    /*@
        [Hint] Please infer the loop invariant for the following loop.

        loop assigns k;
        loop assigns j;
        loop assigns i;
    */
    while (i < LARGE_INT) {
        i = i + 1;
        j = j + k;
        k = k - 1;
        //@ assert 1 <= i + k && i + k <= 2 && i >= 1;
    }
    return 0;
}
You are an expert in program verification, and please generate loop invariant as C annotation comments at the hint location (annotated by "[Hint] Please infer the loop invariant for the following loop.") using ACSL language.
ACSL is a specification language for C programs that conforms to the design by contract paradigm, utilizing Hoare style pre- and postconditions and invariants. Note that the `loop invariant` clause is a condition that is true at the beginning and end of every loop iteration.
Specifically, for the current verification task:
    - Pre-condition: the function's `requires` clauses
    - Post-condition: 1:1 <= i + k && i + k <= 2 && i >= 1; 
Please verify that the generated loop invariant is consistent with these constraints. If these specific pre- or post-conditions are not provided or empty, please infer the loop invariant strictly based on the program's execution logic and standard correctness.
In order to get a correct answer, You may want to consider both the situation of not entering the loop and the situation of jumping out of the loop. If some of the pre-conditions are also loop invariant, you need to add them to your answer as well.
Use '&&', '||', '==>', '\forall' or '\exists' if necessary. For instance:
```
loop invariant 1 <= x;
loop invariant x == y;
loop invariant 0 < x ==> y <= z;
loop invariant z % 2 == 1 || x == y;
loop invariant z % 2 == 1 && x <= y;
loop invariant \forall integer k;  0 <= k < i ==> max >=  a[k];
loop invariant \exists integer k;  0 <= k < i &&  max == a[k];
loop invariant \forall integer p; 0 <= p < \at(k, End_l) ==> res[p] == \at(res[p], End_l);
```
Your answer should follow the following format:
```
loop invariant ...;
loop invariant ...;
...
```
No explanation. No commentary. Just show me the loop invariant.
 /no_think
--------------------------
----------Response----------
[unused16][unused17]```
loop invariant 1 <= i;
loop invariant 1 <= i && 1 <= i && i + k <= 2;
```
----------------------------
------------Invariant Info-----------
LOOP A:
i_0: 1 <= i
i_1: 1 <= i && 1 <= i && i + k <= 2
------------------------------------
---------- Code with Invariants ----------
// Source: Michael Colon, Sriram Sankaranarayanan, Henny Sipma: "Linear
// Invariant Generation using Non-Linear Constraint Solving", CAV 2003.
#include "assert.h"
# define LARGE_INT 1000000

/*@ 
requires 0 <= k && k <= 1;
*/
int svcomp_7(int k) {
    int i,j;
    i = 1;
    j = 1;
    // Loop A
    /*@
        loop invariant i_0: 1 <= i;

        loop invariant i_1: 1 <= i && 1 <= i && i + k <= 2;


        loop assigns k;
        loop assigns j;
        loop assigns i;
    */
    while (i < LARGE_INT) {
        i = i + 1;
        j = j + k;
        k = k - 1;
        //@ assert 1 <= i + k && i + k <= 2 && i >= 1;
    }
    return 0;
}
------------------------------------------
Verification failed (Fail_6_7), removing all invariants and retrying.
========== Attempt 2 ==========
----------Prompt----------

// Source: Michael Colon, Sriram Sankaranarayanan, Henny Sipma: "Linear
// Invariant Generation using Non-Linear Constraint Solving", CAV 2003.
#include "assert.h"
# define LARGE_INT 1000000

/*@ 
requires 0 <= k && k <= 1;
*/
int svcomp_7(int k) {
    int i,j;
    i = 1;
    j = 1;
    // Loop A
    /*@
        [Hint] Please infer the loop invariant for the following loop.

        loop assigns k;
        loop assigns j;
        loop assigns i;
    */
    while (i < LARGE_INT) {
        i = i + 1;
        j = j + k;
        k = k - 1;
        //@ assert 1 <= i + k && i + k <= 2 && i >= 1;
    }
    return 0;
}
You are an expert in program verification, and please generate loop invariant as C annotation comments at the hint location (annotated by "[Hint] Please infer the loop invariant for the following loop.") using ACSL language.
ACSL is a specification language for C programs that conforms to the design by contract paradigm, utilizing Hoare style pre- and postconditions and invariants. Note that the `loop invariant` clause is a condition that is true at the beginning and end of every loop iteration.
Specifically, for the current verification task:
    - Pre-condition: the function's `requires` clauses
    - Post-condition: 1:1 <= i + k && i + k <= 2 && i >= 1; 
Please verify that the generated loop invariant is consistent with these constraints. If these specific pre- or post-conditions are not provided or empty, please infer the loop invariant strictly based on the program's execution logic and standard correctness.
In order to get a correct answer, You may want to consider both the situation of not entering the loop and the situation of jumping out of the loop. If some of the pre-conditions are also loop invariant, you need to add them to your answer as well.
Use '&&', '||', '==>', '\forall' or '\exists' if necessary. For instance:
```
loop invariant 1 <= x;
loop invariant x == y;
loop invariant 0 < x ==> y <= z;
loop invariant z % 2 == 1 || x == y;
loop invariant z % 2 == 1 && x <= y;
loop invariant \forall integer k;  0 <= k < i ==> max >=  a[k];
loop invariant \exists integer k;  0 <= k < i &&  max == a[k];
loop invariant \forall integer p; 0 <= p < \at(k, End_l) ==> res[p] == \at(res[p], End_l);
```
Your answer should follow the following format:
```
loop invariant ...;
loop invariant ...;
...
```
No explanation. No commentary. Just show me the loop invariant.
 /no_think
--------------------------
----------Response----------
[unused16][unused17][Loop <LOOP A>]
loop invariant 1 <= i;
loop invariant 1 <= j;
loop invariant 1 <= k;
loop invariant 1 <= i + k && 1 + k <= 2;
loop invariant 1 <= i + k && i >= 1;
----------------------------
------------Invariant Info-----------
LOOP A:
i_2: 1 <= i
i_3: 1 <= j
i_4: 1 <= k
i_5: 1 <= i + k && 1 + k <= 2
i_6: 1 <= i + k && i >= 1
------------------------------------
---------- Code with Invariants ----------
// Source: Michael Colon, Sriram Sankaranarayanan, Henny Sipma: "Linear
// Invariant Generation using Non-Linear Constraint Solving", CAV 2003.
#include "assert.h"
# define LARGE_INT 1000000

/*@ 
requires 0 <= k && k <= 1;
*/
int svcomp_7(int k) {
    int i,j;
    i = 1;
    j = 1;
    // Loop A
    /*@
        loop invariant i_2: 1 <= i;

        loop invariant i_3: 1 <= j;

        loop invariant i_4: 1 <= k;

        loop invariant i_5: 1 <= i + k && 1 + k <= 2;

        loop invariant i_6: 1 <= i + k && i >= 1;


        loop assigns k;
        loop assigns j;
        loop assigns i;
    */
    while (i < LARGE_INT) {
        i = i + 1;
        j = j + k;
        k = k - 1;
        //@ assert 1 <= i + k && i + k <= 2 && i >= 1;
    }
    return 0;
}
------------------------------------------
Verification failed (Fail_10_13), removing all invariants and retrying.
========== Attempt 3 ==========
----------Prompt----------

// Source: Michael Colon, Sriram Sankaranarayanan, Henny Sipma: "Linear
// Invariant Generation using Non-Linear Constraint Solving", CAV 2003.
#include "assert.h"
# define LARGE_INT 1000000

/*@ 
requires 0 <= k && k <= 1;
*/
int svcomp_7(int k) {
    int i,j;
    i = 1;
    j = 1;
    // Loop A
    /*@
        [Hint] Please infer the loop invariant for the following loop.

        loop assigns k;
        loop assigns j;
        loop assigns i;
    */
    while (i < LARGE_INT) {
        i = i + 1;
        j = j + k;
        k = k - 1;
        //@ assert 1 <= i + k && i + k <= 2 && i >= 1;
    }
    return 0;
}
You are an expert in program verification, and please generate loop invariant as C annotation comments at the hint location (annotated by "[Hint] Please infer the loop invariant for the following loop.") using ACSL language.
ACSL is a specification language for C programs that conforms to the design by contract paradigm, utilizing Hoare style pre- and postconditions and invariants. Note that the `loop invariant` clause is a condition that is true at the beginning and end of every loop iteration.
Specifically, for the current verification task:
    - Pre-condition: the function's `requires` clauses
    - Post-condition: 1:1 <= i + k && i + k <= 2 && i >= 1; 
Please verify that the generated loop invariant is consistent with these constraints. If these specific pre- or post-conditions are not provided or empty, please infer the loop invariant strictly based on the program's execution logic and standard correctness.
In order to get a correct answer, You may want to consider both the situation of not entering the loop and the situation of jumping out of the loop. If some of the pre-conditions are also loop invariant, you need to add them to your answer as well.
Use '&&', '||', '==>', '\forall' or '\exists' if necessary. For instance:
```
loop invariant 1 <= x;
loop invariant x == y;
loop invariant 0 < x ==> y <= z;
loop invariant z % 2 == 1 || x == y;
loop invariant z % 2 == 1 && x <= y;
loop invariant \forall integer k;  0 <= k < i ==> max >=  a[k];
loop invariant \exists integer k;  0 <= k < i &&  max == a[k];
loop invariant \forall integer p; 0 <= p < \at(k, End_l) ==> res[p] == \at(res[p], End_l);
```
Your answer should follow the following format:
```
loop invariant ...;
loop invariant ...;
...
```
No explanation. No commentary. Just show me the loop invariant.
 /no_think
--------------------------
----------Response----------
[unused16][unused17]loop invariant 1 <= i + k && 1 + k <= i + k && i >= 1;
----------------------------
------------Invariant Info-----------
LOOP A:
i_7: 1 <= i + k && 1 + k <= i + k && i >= 1
------------------------------------
---------- Code with Invariants ----------
// Source: Michael Colon, Sriram Sankaranarayanan, Henny Sipma: "Linear
// Invariant Generation using Non-Linear Constraint Solving", CAV 2003.
#include "assert.h"
# define LARGE_INT 1000000

/*@ 
requires 0 <= k && k <= 1;
*/
int svcomp_7(int k) {
    int i,j;
    i = 1;
    j = 1;
    // Loop A
    /*@
        loop invariant i_7: 1 <= i + k && 1 + k <= i + k && i >= 1;


        loop assigns k;
        loop assigns j;
        loop assigns i;
    */
    while (i < LARGE_INT) {
        i = i + 1;
        j = j + k;
        k = k - 1;
        //@ assert 1 <= i + k && i + k <= 2 && i >= 1;
    }
    return 0;
}
------------------------------------------
Verification failed (Fail_4_5), removing all invariants and retrying.
========== Attempt 4 ==========
----------Prompt----------

// Source: Michael Colon, Sriram Sankaranarayanan, Henny Sipma: "Linear
// Invariant Generation using Non-Linear Constraint Solving", CAV 2003.
#include "assert.h"
# define LARGE_INT 1000000

/*@ 
requires 0 <= k && k <= 1;
*/
int svcomp_7(int k) {
    int i,j;
    i = 1;
    j = 1;
    // Loop A
    /*@
        [Hint] Please infer the loop invariant for the following loop.

        loop assigns k;
        loop assigns j;
        loop assigns i;
    */
    while (i < LARGE_INT) {
        i = i + 1;
        j = j + k;
        k = k - 1;
        //@ assert 1 <= i + k && i + k <= 2 && i >= 1;
    }
    return 0;
}
You are an expert in program verification, and please generate loop invariant as C annotation comments at the hint location (annotated by "[Hint] Please infer the loop invariant for the following loop.") using ACSL language.
ACSL is a specification language for C programs that conforms to the design by contract paradigm, utilizing Hoare style pre- and postconditions and invariants. Note that the `loop invariant` clause is a condition that is true at the beginning and end of every loop iteration.
Specifically, for the current verification task:
    - Pre-condition: the function's `requires` clauses
    - Post-condition: 1:1 <= i + k && i + k <= 2 && i >= 1; 
Please verify that the generated loop invariant is consistent with these constraints. If these specific pre- or post-conditions are not provided or empty, please infer the loop invariant strictly based on the program's execution logic and standard correctness.
In order to get a correct answer, You may want to consider both the situation of not entering the loop and the situation of jumping out of the loop. If some of the pre-conditions are also loop invariant, you need to add them to your answer as well.
Use '&&', '||', '==>', '\forall' or '\exists' if necessary. For instance:
```
loop invariant 1 <= x;
loop invariant x == y;
loop invariant 0 < x ==> y <= z;
loop invariant z % 2 == 1 || x == y;
loop invariant z % 2 == 1 && x <= y;
loop invariant \forall integer k;  0 <= k < i ==> max >=  a[k];
loop invariant \exists integer k;  0 <= k < i &&  max == a[k];
loop invariant \forall integer p; 0 <= p < \at(k, End_l) ==> res[p] == \at(res[p], End_l);
```
Your answer should follow the following format:
```
loop invariant ...;
loop invariant ...;
...
```
No explanation. No commentary. Just show me the loop invariant.
 /no_think
--------------------------
----------Response----------
[unused16][unused17]```
loop invariant 1 <= i;
loop invariant 1 <= i && 1 <= i && i <= LARGE_INT;
loop invariant 1 <= k && k <= i;
loop invariant 1 <= k && k <= LARGE_INT;
loop invariant 1 <= k && k <= LARGE_INT && 1 <= i;
```
----------------------------
------------Invariant Info-----------
LOOP A:
i_8: 1 <= i
i_9: 1 <= i && 1 <= i && i <= LARGE_INT
i_10: 1 <= k && k <= i
i_11: 1 <= k && k <= LARGE_INT
i_12: 1 <= k && k <= LARGE_INT && 1 <= i
------------------------------------
---------- Code with Invariants ----------
// Source: Michael Colon, Sriram Sankaranarayanan, Henny Sipma: "Linear
// Invariant Generation using Non-Linear Constraint Solving", CAV 2003.
#include "assert.h"
# define LARGE_INT 1000000

/*@ 
requires 0 <= k && k <= 1;
*/
int svcomp_7(int k) {
    int i,j;
    i = 1;
    j = 1;
    // Loop A
    /*@
        loop invariant i_8: 1 <= i;

        loop invariant i_9: 1 <= i && 1 <= i && i <= LARGE_INT;

        loop invariant i_10: 1 <= k && k <= i;

        loop invariant i_11: 1 <= k && k <= LARGE_INT;

        loop invariant i_12: 1 <= k && k <= LARGE_INT && 1 <= i;


        loop assigns k;
        loop assigns j;
        loop assigns i;
    */
    while (i < LARGE_INT) {
        i = i + 1;
        j = j + k;
        k = k - 1;
        //@ assert 1 <= i + k && i + k <= 2 && i >= 1;
    }
    return 0;
}
------------------------------------------
Verification failed (Fail_10_13), removing all invariants and retrying.
========== Attempt 5 ==========
----------Prompt----------

// Source: Michael Colon, Sriram Sankaranarayanan, Henny Sipma: "Linear
// Invariant Generation using Non-Linear Constraint Solving", CAV 2003.
#include "assert.h"
# define LARGE_INT 1000000

/*@ 
requires 0 <= k && k <= 1;
*/
int svcomp_7(int k) {
    int i,j;
    i = 1;
    j = 1;
    // Loop A
    /*@
        [Hint] Please infer the loop invariant for the following loop.

        loop assigns k;
        loop assigns j;
        loop assigns i;
    */
    while (i < LARGE_INT) {
        i = i + 1;
        j = j + k;
        k = k - 1;
        //@ assert 1 <= i + k && i + k <= 2 && i >= 1;
    }
    return 0;
}
You are an expert in program verification, and please generate loop invariant as C annotation comments at the hint location (annotated by "[Hint] Please infer the loop invariant for the following loop.") using ACSL language.
ACSL is a specification language for C programs that conforms to the design by contract paradigm, utilizing Hoare style pre- and postconditions and invariants. Note that the `loop invariant` clause is a condition that is true at the beginning and end of every loop iteration.
Specifically, for the current verification task:
    - Pre-condition: the function's `requires` clauses
    - Post-condition: 1:1 <= i + k && i + k <= 2 && i >= 1; 
Please verify that the generated loop invariant is consistent with these constraints. If these specific pre- or post-conditions are not provided or empty, please infer the loop invariant strictly based on the program's execution logic and standard correctness.
In order to get a correct answer, You may want to consider both the situation of not entering the loop and the situation of jumping out of the loop. If some of the pre-conditions are also loop invariant, you need to add them to your answer as well.
Use '&&', '||', '==>', '\forall' or '\exists' if necessary. For instance:
```
loop invariant 1 <= x;
loop invariant x == y;
loop invariant 0 < x ==> y <= z;
loop invariant z % 2 == 1 || x == y;
loop invariant z % 2 == 1 && x <= y;
loop invariant \forall integer k;  0 <= k < i ==> max >=  a[k];
loop invariant \exists integer k;  0 <= k < i &&  max == a[k];
loop invariant \forall integer p; 0 <= p < \at(k, End_l) ==> res[p] == \at(res[p], End_l);
```
Your answer should follow the following format:
```
loop invariant ...;
loop invariant ...;
...
```
No explanation. No commentary. Just show me the loop invariant.
 /no_think
--------------------------
----------Response----------
[unused16][unused17]```
loop invariant 1 <= i;
loop invariant 1 <= i + k && i + k <= 2 && i >= 1;
```
----------------------------
------------Invariant Info-----------
LOOP A:
i_13: 1 <= i
i_14: 1 <= i + k && i + k <= 2 && i >= 1
------------------------------------
---------- Code with Invariants ----------
// Source: Michael Colon, Sriram Sankaranarayanan, Henny Sipma: "Linear
// Invariant Generation using Non-Linear Constraint Solving", CAV 2003.
#include "assert.h"
# define LARGE_INT 1000000

/*@ 
requires 0 <= k && k <= 1;
*/
int svcomp_7(int k) {
    int i,j;
    i = 1;
    j = 1;
    // Loop A
    /*@
        loop invariant i_13: 1 <= i;

        loop invariant i_14: 1 <= i + k && i + k <= 2 && i >= 1;


        loop assigns k;
        loop assigns j;
        loop assigns i;
    */
    while (i < LARGE_INT) {
        i = i + 1;
        j = j + k;
        k = k - 1;
        //@ assert 1 <= i + k && i + k <= 2 && i >= 1;
    }
    return 0;
}
------------------------------------------
Verification succeeded.
---------Result---------
Success
Model: openPangu-Embedded-7B-V1.1
Running time: 77.33192849159241
Proposal number: 5
Verified code:
// Source: Michael Colon, Sriram Sankaranarayanan, Henny Sipma: "Linear
// Invariant Generation using Non-Linear Constraint Solving", CAV 2003.
#include "assert.h"
# define LARGE_INT 1000000

/*@ 
requires 0 <= k && k <= 1;
*/
int svcomp_7(int k) {
    int i,j;
    i = 1;
    j = 1;
    // Loop A
    /*@
        loop invariant i_13: 1 <= i;

        loop invariant i_14: 1 <= i + k && i + k <= 2 && i >= 1;


        loop assigns k;
        loop assigns j;
        loop assigns i;
    */
    while (i < LARGE_INT) {
        i = i + 1;
        j = j + k;
        k = k - 1;
        //@ assert 1 <= i + k && i + k <= 2 && i >= 1;
    }
    return 0;
}
------------------------
