-----------Model-----------
Model type:
PanguEmbeddedForCausalLM(
  (model): PanguEmbeddedModel(
    (embed_tokens): Embedding(153376, 4096, padding_idx=0)
    (layers): ModuleList(
      (0-33): 34 x PanguEmbeddedDecoderLayer(
        (self_attn): PanguEmbeddedAttention(
          (q_proj): Linear(in_features=4096, out_features=4096, bias=True)
          (k_proj): Linear(in_features=4096, out_features=1024, bias=True)
          (v_proj): Linear(in_features=4096, out_features=1024, bias=True)
          (o_proj): Linear(in_features=4096, out_features=4096, bias=True)
        )
        (mlp): PanguEmbeddedMLP(
          (gate_proj): Linear(in_features=4096, out_features=12800, bias=False)
          (up_proj): Linear(in_features=4096, out_features=12800, bias=False)
          (down_proj): Linear(in_features=12800, out_features=4096, bias=False)
          (act_fn): SiLU()
        )
        (input_layernorm): PanguEmbeddedRMSNorm((4096,), eps=1e-05)
        (post_attention_layernorm): PanguEmbeddedRMSNorm((4096,), eps=1e-05)
      )
    )
    (norm): PanguEmbeddedRMSNorm((4096,), eps=1e-05)
    (rotary_emb): PanguEmbeddedRotaryEmbedding()
  )
  (lm_head): Linear(in_features=4096, out_features=153376, bias=False)
)
Model device:
npu:1
---------------------------
File Path: ../Benchmark/acsl-algorithms/_edit_distance.c
----------Code----------
#define m 10
#define n 10

/*@
    predicate is_min3(integer a, integer b, integer c, integer result) =
        result <= a && 
        result <= b && 
        result <= c &&
        (result == a || result == b || result == c);
*/


/*@
    assigns \nothing;
    ensures is_min3(a, b, c, \result);
*/
int min3(int a, int b, int c) {
  int min_val = a;
  if (b < min_val) min_val = b;
  if (c < min_val) min_val = c;
  return min_val;
}


/*@
    requires \valid_read(s);
    requires \valid_read(t);
    requires \valid(s+(0..(m - 1)));
    requires \valid(t+(0..(n - 1)));
    requires \valid(dp + (0..(m)));
    requires \valid(dp[0..(m)] + (0..(n)));
    requires \forall integer i, j; 0 <= i <= m && 0 <= j <= m && i != j ==> \separated(&dp[i] + (0..(n)), &dp[j] + (0..(n)), &s[0..(n - 1)], &t);
    requires \forall integer k; 0 <= k <= n ==> dp[0][k] == k;
    requires \forall integer k; 0 <= k <= m ==> dp[k][0] == k;
    ensures e_1: \forall integer k; 0 <= k <= n ==> dp[0][k] == k;
    ensures e_2: \forall integer k; 0 <= k <= m ==> dp[k][0] == k;
    ensures e_3: \forall integer p, q; 1 <= p <= m && 1 <= q <= n ==> is_min3(dp[p - 1][q - 1] + (s[p - 1] == t[q - 1] ? 0 : 1), dp[p - 1][q] + 1, dp[p][q - 1] + 1, dp[p][q]);
    assigns dp[0..(m)][0..(n)];
*/
int _edit_distance(const char *s, const char *t, int dp[m + 1][n + 1]) {
    int i = 1, j = 1;

    /*@
        loop assigns dp[1..(m)][1..(n)], i, j;
    */
    for (i = 1; i <= m; i++) {
        /*@
            loop assigns dp[i][1..(n)], j;
        */
        for (j = 1; j <= n; j++) {
            dp[i][j] = min3(dp[i - 1][j - 1] + (s[i - 1] == t[j - 1] ? 0 : 1), dp[i - 1][j] + 1, dp[i][j - 1] + 1);
        }
    }
    return dp[m][n];
}
------------------------
----------Prompt----------

#define m 10
#define n 10

/*@
    predicate is_min3(integer a, integer b, integer c, integer result) =
        result <= a && 
        result <= b && 
        result <= c &&
        (result == a || result == b || result == c);
*/


/*@
    assigns \nothing;
    ensures is_min3(a, b, c, \result);
*/
int min3(int a, int b, int c) {
  int min_val = a;
  if (b < min_val) min_val = b;
  if (c < min_val) min_val = c;
  return min_val;
}


/*@
    requires \valid_read(s);
    requires \valid_read(t);
    requires \valid(s+(0..(m - 1)));
    requires \valid(t+(0..(n - 1)));
    requires \valid(dp + (0..(m)));
    requires \valid(dp[0..(m)] + (0..(n)));
    requires \forall integer i, j; 0 <= i <= m && 0 <= j <= m && i != j ==> \separated(&dp[i] + (0..(n)), &dp[j] + (0..(n)), &s[0..(n - 1)], &t);
    requires \forall integer k; 0 <= k <= n ==> dp[0][k] == k;
    requires \forall integer k; 0 <= k <= m ==> dp[k][0] == k;
    ensures e_1: \forall integer k; 0 <= k <= n ==> dp[0][k] == k;
    ensures e_2: \forall integer k; 0 <= k <= m ==> dp[k][0] == k;
    ensures e_3: \forall integer p, q; 1 <= p <= m && 1 <= q <= n ==> is_min3(dp[p - 1][q - 1] + (s[p - 1] == t[q - 1] ? 0 : 1), dp[p - 1][q] + 1, dp[p][q - 1] + 1, dp[p][q]);
    assigns dp[0..(m)][0..(n)];
*/
int _edit_distance(const char *s, const char *t, int dp[m + 1][n + 1]) {
    int i = 1, j = 1;

    // Loop A
    /*@
        [Hint] Please infer the loop invariant for the following loop.

        loop assigns dp[1..(m)][1..(n)], i, j;
    */
    for (i = 1; i <= m; i++) {
        // Loop B
        /*@
            loop assigns dp[i][1..(n)], j;
        */
        for (j = 1; j <= n; j++) {
            dp[i][j] = min3(dp[i - 1][j - 1] + (s[i - 1] == t[j - 1] ? 0 : 1), dp[i - 1][j] + 1, dp[i][j - 1] + 1);
        }
    }
    return dp[m][n];
}
You are an expert in program verification, and please generate loop invariant as C annotation comments at the hint location (annotated by "[Hint] Please infer the loop invariant for the following loop.") using ACSL language.
ACSL is a specification language for C programs that conforms to the design by contract paradigm, utilizing Hoare style pre- and postconditions and invariants. Note that the `loop invariant` clause is a condition that is true at the beginning and end of every loop iteration.
Specifically, for the current verification task:
    - Pre-condition: the function's `requires` clauses
    - Post-condition: 
Please verify that the generated loop invariant is consistent with these constraints. If these specific pre- or post-conditions are not provided or empty, please infer the loop invariant strictly based on the program's execution logic and standard correctness.
In order to get a correct answer, You may want to consider both the situation of not entering the loop and the situation of jumping out of the loop. If some of the pre-conditions are also loop invariant, you need to add them to your answer as well.
Use '&&', '||', '==>', '\forall' or '\exists' if necessary. For instance:
```
loop invariant 1 <= x;
loop invariant x == y;
loop invariant 0 < x ==> y <= z;
loop invariant z % 2 == 1 || x == y;
loop invariant z % 2 == 1 && x <= y;
loop invariant \forall integer k;  0 <= k < i ==> max >=  a[k];
loop invariant \exists integer k;  0 <= k < i &&  max == a[k];
loop invariant \forall integer p; 0 <= p < \at(k, End_l) ==> res[p] == \at(res[p], End_l);
```
Your answer should follow the following format:
```
loop invariant ...;
loop invariant ...;
...
```
No explanation. No commentary. Just show me the loop invariant.
 /no_think
--------------------------
----------Response----------
[unused16][unused17][Loop A]
loop invariant 1 <= i <= m && 1 <= j <= n;
loop invariant \forall integer k;  0 <= k < i ==> dp[k][0] == k;
loop invariant \forall integer k;  0 <= k < i && 0 <= l < n ==> dp[i][l] == min3(dp[i-1][l-1] + (s[i-1]==t[l-1]?0:1), dp[i-1][l] + 1, dp[i][l-1] + 1);
loop invariant \forall integer k;  0 <= k < i && 0 <= l < n ==> dp[i][l] <= dp[i][n];
loop invariant \forall integer k;  0 <= k < i && 0 <= l < n ==> dp[i][l] >= dp[i][l-1] + 1;
loop invariant \forall integer k;  0 <= k < i && 0 <= l < n ==> dp[i][l] >= dp[k][l] + (i - k);
loop invariant \forall integer k;  0 <= k < i && 0 <= l < n ==> dp[i][l] >= dp[k][l] + (l - k);
loop invariant \forall integer k;  0 <= k < i && 0 <= l < n ==> dp[i][l] <= dp[m][n];
loop invariant \forall integer k;  0 <= k < i && 0 <= l < n ==> dp[i][l] <= dp[m][n];
loop invariant \forall integer k;  0 <= k < i && 0 <= l < n ==> dp[i][l] >= dp[m][n];
loop invariant \forall integer k;  0 <= k < i && 0 <= l < n ==> dp[i][l] >= dp[0][0];
loop invariant \forall integer k;  0 <= k < i && 0 <= l < n ==> dp[i][l] >= dp[k][l] + (i - k);
loop invariant \forall integer k;  0 <= k < i && 0 <= l < n ==> dp[i][l] <= dp[k][l] + (l - k);
loop invariant \forall integer k;  0 <= k < i && 0 <= l < n ==> dp[i][l] <= dp[m][n];
loop invariant \forall integer k;  0 <= k < i && 0 <= l < n ==> dp[i][l] <= dp[m][n];
loop invariant \forall integer k;  0 <= k < i && 0 <= l < n ==> dp[i][l] >= dp[0][0];
loop invariant \forall integer k;  0 <= k < i && 0 <= l < n ==> dp[i][l] >= dp[k][l] + (i - k);
loop invariant \forall integer k;  0 <= k < i && 0 <= l < n ==> dp[i][l] <= dp[k][l] + (l - k);
loop invariant \forall integer k;  0 <= k < i && 0 <= l < n ==> dp[i][l] >= dp[k][l] + (i - k);
loop invariant \forall integer k;  0 <= k < i && 0 <= l < n ==> dp[i][l] <= dp[m][n];
loop invariant \forall integer k;  0 <= k < i && 0 <= l < n ==> dp[i][l] <= dp[m][n];
loop invariant \forall integer k;  0 <= k < i && 0 <= l < n ==> dp[i][l] >= dp[0][0];
```

[Loop B]
loop invariant 1 <= j <= n;
loop invariant \forall integer k;  0 <= k < j ==> dp[0][k] == k;
loop invariant \forall integer k;  0 <= k < j ==> dp[0][k] == k;
loop invariant \forall integer k;  0 <= k < j ==> dp[0][k] <= dp[0][j];
loop invariant \forall integer k;  0 <= k < j && 0 <= l < n ==> dp[j][l] <= dp[0][n];
loop invariant \forall integer k;  0 <= k < j && 0 <= l < n ==> dp[j][l] <= dp[0][n];
loop invariant \forall integer k;  0 <= k < j && 0 <= l < n ==> dp[j][l] >= dp[0][k] + (j - k);
loop invariant \forall integer k;  0 <= k < j && 0 <= l < n ==> dp[j][l] >= dp[0][k] + (j - k);
loop invariant \forall integer k;  0 <= k < j && 0 <= l < n ==> dp[j][l] <= dp[0][n];
loop invariant \forall integer k;  0 <= k < j && 0 <= l < n ==> dp[j][l] >= dp[0][k] + (j - k);
loop invariant \forall integer k;  0 <= k < j && 0 <= l < n ==> dp[j][l] >= dp[0][k] + (j - k);
loop invariant \forall integer k;  0 <= k < j && 0 <= l < n ==> dp[j][l] <= dp[0][n];
loop invariant \forall integer k;  0 <= k < j && 0 <= l < n ==> dp[j][l] >= dp[0][k] + (j - k);
```
----------------------------
----------Prompt----------

#define m 10
#define n 10

/*@
    predicate is_min3(integer a, integer b, integer c, integer result) =
        result <= a && 
        result <= b && 
        result <= c &&
        (result == a || result == b || result == c);
*/


/*@
    assigns \nothing;
    ensures is_min3(a, b, c, \result);
*/
int min3(int a, int b, int c) {
  int min_val = a;
  if (b < min_val) min_val = b;
  if (c < min_val) min_val = c;
  return min_val;
}


/*@
    requires \valid_read(s);
    requires \valid_read(t);
    requires \valid(s+(0..(m - 1)));
    requires \valid(t+(0..(n - 1)));
    requires \valid(dp + (0..(m)));
    requires \valid(dp[0..(m)] + (0..(n)));
    requires \forall integer i, j; 0 <= i <= m && 0 <= j <= m && i != j ==> \separated(&dp[i] + (0..(n)), &dp[j] + (0..(n)), &s[0..(n - 1)], &t);
    requires \forall integer k; 0 <= k <= n ==> dp[0][k] == k;
    requires \forall integer k; 0 <= k <= m ==> dp[k][0] == k;
    ensures e_1: \forall integer k; 0 <= k <= n ==> dp[0][k] == k;
    ensures e_2: \forall integer k; 0 <= k <= m ==> dp[k][0] == k;
    ensures e_3: \forall integer p, q; 1 <= p <= m && 1 <= q <= n ==> is_min3(dp[p - 1][q - 1] + (s[p - 1] == t[q - 1] ? 0 : 1), dp[p - 1][q] + 1, dp[p][q - 1] + 1, dp[p][q]);
    assigns dp[0..(m)][0..(n)];
*/
int _edit_distance(const char *s, const char *t, int dp[m + 1][n + 1]) {
    int i = 1, j = 1;

    // Loop A
    /*@
        loop invariant i_0: 1 <= i <= m && 1 <= j <= n;

        loop invariant i_1: \forall integer k; 0 <= k < i ==> dp[k][0] == k;

        loop invariant i_2: \forall integer k; 0 <= k < i && 0 <= l < n ==> dp[i][l] == min3(dp[i-1][l-1] + (s[i-1]==t[l-1]?0:1), dp[i-1][l] + 1, dp[i][l-1] + 1);

        loop invariant i_3: \forall integer k; 0 <= k < i && 0 <= l < n ==> dp[i][l] <= dp[i][n];

        loop invariant i_4: \forall integer k; 0 <= k < i && 0 <= l < n ==> dp[i][l] >= dp[i][l-1] + 1;

        loop invariant i_5: \forall integer k; 0 <= k < i && 0 <= l < n ==> dp[i][l] >= dp[k][l] + (i - k);

        loop invariant i_6: \forall integer k; 0 <= k < i && 0 <= l < n ==> dp[i][l] >= dp[k][l] + (l - k);

        loop invariant i_7: \forall integer k; 0 <= k < i && 0 <= l < n ==> dp[i][l] <= dp[m][n];

        loop invariant i_8: \forall integer k; 0 <= k < i && 0 <= l < n ==> dp[i][l] >= dp[m][n];

        loop invariant i_9: \forall integer k; 0 <= k < i && 0 <= l < n ==> dp[i][l] >= dp[0][0];

        loop invariant i_10: \forall integer k; 0 <= k < i && 0 <= l < n ==> dp[i][l] <= dp[k][l] + (l - k);


        loop assigns dp[1..(m)][1..(n)], i, j;
    */
    for (i = 1; i <= m; i++) {
        // Loop B
        /*@
            [Hint] Please infer the loop invariant for the following loop.

            loop invariant i_11: 1 <= j <= n;

            loop invariant i_12: \forall integer k; 0 <= k < j ==> dp[0][k] == k;

            loop invariant i_13: \forall integer k; 0 <= k < j ==> dp[0][k] <= dp[0][j];

            loop invariant i_14: \forall integer k; 0 <= k < j && 0 <= l < n ==> dp[j][l] <= dp[0][n];

            loop invariant i_15: \forall integer k; 0 <= k < j && 0 <= l < n ==> dp[j][l] >= dp[0][k] + (j - k);


            loop assigns dp[i][1..(n)], j;
        */
        for (j = 1; j <= n; j++) {
            dp[i][j] = min3(dp[i - 1][j - 1] + (s[i - 1] == t[j - 1] ? 0 : 1), dp[i - 1][j] + 1, dp[i][j - 1] + 1);
        }
    }
    return dp[m][n];
}
You are an expert in program verification, and please generate loop invariant as C annotation comments at the hint location (annotated by "[Hint] Please infer the loop invariant for the following loop.") using ACSL language.
ACSL is a specification language for C programs that conforms to the design by contract paradigm, utilizing Hoare style pre- and postconditions and invariants. Note that the `loop invariant` clause is a condition that is true at the beginning and end of every loop iteration.
Specifically, for the current verification task:
    - Pre-condition: i_0:1 <= i <= m && 1 <= j <= n; i_1:\forall integer k; 0 <= k < i ==> dp[k][0] == k; i_2:\forall integer k; 0 <= k < i && 0 <= l < n ==> dp[i][l] == min3(dp[i-1][l-1] + (s[i-1]==t[l-1]?0:1), dp[i-1][l] + 1, dp[i][l-1] + 1); i_3:\forall integer k; 0 <= k < i && 0 <= l < n ==> dp[i][l] <= dp[i][n]; i_4:\forall integer k; 0 <= k < i && 0 <= l < n ==> dp[i][l] >= dp[i][l-1] + 1; i_5:\forall integer k; 0 <= k < i && 0 <= l < n ==> dp[i][l] >= dp[k][l] + (i - k); i_6:\forall integer k; 0 <= k < i && 0 <= l < n ==> dp[i][l] >= dp[k][l] + (l - k); i_7:\forall integer k; 0 <= k < i && 0 <= l < n ==> dp[i][l] <= dp[m][n]; i_8:\forall integer k; 0 <= k < i && 0 <= l < n ==> dp[i][l] >= dp[m][n]; i_9:\forall integer k; 0 <= k < i && 0 <= l < n ==> dp[i][l] >= dp[0][0]; i_10:\forall integer k; 0 <= k < i && 0 <= l < n ==> dp[i][l] <= dp[k][l] + (l - k); 
    - Post-condition: i_0:1 <= i <= m && 1 <= j <= n; i_1:\forall integer k; 0 <= k < i ==> dp[k][0] == k; i_2:\forall integer k; 0 <= k < i && 0 <= l < n ==> dp[i][l] == min3(dp[i-1][l-1] + (s[i-1]==t[l-1]?0:1), dp[i-1][l] + 1, dp[i][l-1] + 1); i_3:\forall integer k; 0 <= k < i && 0 <= l < n ==> dp[i][l] <= dp[i][n]; i_4:\forall integer k; 0 <= k < i && 0 <= l < n ==> dp[i][l] >= dp[i][l-1] + 1; i_5:\forall integer k; 0 <= k < i && 0 <= l < n ==> dp[i][l] >= dp[k][l] + (i - k); i_6:\forall integer k; 0 <= k < i && 0 <= l < n ==> dp[i][l] >= dp[k][l] + (l - k); i_7:\forall integer k; 0 <= k < i && 0 <= l < n ==> dp[i][l] <= dp[m][n]; i_8:\forall integer k; 0 <= k < i && 0 <= l < n ==> dp[i][l] >= dp[m][n]; i_9:\forall integer k; 0 <= k < i && 0 <= l < n ==> dp[i][l] >= dp[0][0]; i_10:\forall integer k; 0 <= k < i && 0 <= l < n ==> dp[i][l] <= dp[k][l] + (l - k); 
Please verify that the generated loop invariant is consistent with these constraints. If these specific pre- or post-conditions are not provided or empty, please infer the loop invariant strictly based on the program's execution logic and standard correctness.
In order to get a correct answer, You may want to consider both the situation of not entering the loop and the situation of jumping out of the loop. If some of the pre-conditions are also loop invariant, you need to add them to your answer as well.
Use '&&', '||', '==>', '\forall' or '\exists' if necessary. For instance:
```
loop invariant 1 <= x;
loop invariant x == y;
loop invariant 0 < x ==> y <= z;
loop invariant z % 2 == 1 || x == y;
loop invariant z % 2 == 1 && x <= y;
loop invariant \forall integer k;  0 <= k < i ==> max >=  a[k];
loop invariant \exists integer k;  0 <= k < i &&  max == a[k];
loop invariant \forall integer p; 0 <= p < \at(k, End_l) ==> res[p] == \at(res[p], End_l);
```
Your answer should follow the following format:
```
loop invariant ...;
loop invariant ...;
...
```
No explanation. No commentary. Just show me the loop invariant.
 /no_think
--------------------------
----------Response----------
[unused16][unused17]```
loop invariant 1 <= i <= m && 1 <= j <= n;

loop invariant \forall integer k; 0 <= k < i ==> dp[k][0] == k;

loop invariant \forall integer k; 0 <= k < i && 0 <= l < n ==> dp[i][l] == min3(dp[i-1][l-1] + (s[i-1]==t[l-1]?0:1), dp[i-1][l] + 1, dp[i][l-1] + 1);

loop invariant \forall integer k; 0 <= k < i && 0 <= l < n ==> dp[i][l] <= dp[i][n];

loop invariant \forall integer k; 0 <= k < i && 0 <= l < n ==> dp[i][l] >= dp[i][l-1] + 1;

loop invariant \forall integer k; 0 <= k < i && 0 <= l < n ==> dp[i][l] >= dp[k][l] + (i - k);

loop invariant \forall integer k; 0 <= k < i && 0 <= l < n ==> dp[i][l] >= dp[m][n];

loop invariant \forall integer k; 0 <= k < i && 0 <= l < n ==> dp[i][l] >= dp[0][0];

loop invariant \forall integer k; 0 <= k < i && 0 <= l < n ==> dp[i][l] <= dp[k][l] + (l - k);

loop invariant 1 <= j <= n;
```
----------------------------
------------Invariant Info-----------
LOOP A:
i_0: 1 <= i <= m && 1 <= j <= n
i_1: \forall integer k; 0 <= k < i ==> dp[k][0] == k
i_2: \forall integer k; 0 <= k < i && 0 <= l < n ==> dp[i][l] == min3(dp[i-1][l-1] + (s[i-1]==t[l-1]?0:1), dp[i-1][l] + 1, dp[i][l-1] + 1)
i_3: \forall integer k; 0 <= k < i && 0 <= l < n ==> dp[i][l] <= dp[i][n]
i_4: \forall integer k; 0 <= k < i && 0 <= l < n ==> dp[i][l] >= dp[i][l-1] + 1
i_5: \forall integer k; 0 <= k < i && 0 <= l < n ==> dp[i][l] >= dp[k][l] + (i - k)
i_6: \forall integer k; 0 <= k < i && 0 <= l < n ==> dp[i][l] >= dp[k][l] + (l - k)
i_7: \forall integer k; 0 <= k < i && 0 <= l < n ==> dp[i][l] <= dp[m][n]
i_8: \forall integer k; 0 <= k < i && 0 <= l < n ==> dp[i][l] >= dp[m][n]
i_9: \forall integer k; 0 <= k < i && 0 <= l < n ==> dp[i][l] >= dp[0][0]
i_10: \forall integer k; 0 <= k < i && 0 <= l < n ==> dp[i][l] <= dp[k][l] + (l - k)
LOOP B:
i_11: 1 <= j <= n
i_12: \forall integer k; 0 <= k < j ==> dp[0][k] == k
i_13: \forall integer k; 0 <= k < j ==> dp[0][k] <= dp[0][j]
i_14: \forall integer k; 0 <= k < j && 0 <= l < n ==> dp[j][l] <= dp[0][n]
i_15: \forall integer k; 0 <= k < j && 0 <= l < n ==> dp[j][l] >= dp[0][k] + (j - k)
i_16: 1 <= i <= m && 1 <= j <= n
i_17: \forall integer k; 0 <= k < i ==> dp[k][0] == k
i_18: \forall integer k; 0 <= k < i && 0 <= l < n ==> dp[i][l] == min3(dp[i-1][l-1] + (s[i-1]==t[l-1]?0:1), dp[i-1][l] + 1, dp[i][l-1] + 1)
i_19: \forall integer k; 0 <= k < i && 0 <= l < n ==> dp[i][l] <= dp[i][n]
i_20: \forall integer k; 0 <= k < i && 0 <= l < n ==> dp[i][l] >= dp[i][l-1] + 1
i_21: \forall integer k; 0 <= k < i && 0 <= l < n ==> dp[i][l] >= dp[k][l] + (i - k)
i_22: \forall integer k; 0 <= k < i && 0 <= l < n ==> dp[i][l] >= dp[m][n]
i_23: \forall integer k; 0 <= k < i && 0 <= l < n ==> dp[i][l] >= dp[0][0]
i_24: \forall integer k; 0 <= k < i && 0 <= l < n ==> dp[i][l] <= dp[k][l] + (l - k)
------------------------------------
----------Code with Invariants----------
#define m 10
#define n 10

/*@
    predicate is_min3(integer a, integer b, integer c, integer result) =
        result <= a && 
        result <= b && 
        result <= c &&
        (result == a || result == b || result == c);
*/


/*@
    assigns \nothing;
    ensures is_min3(a, b, c, \result);
*/
int min3(int a, int b, int c) {
  int min_val = a;
  if (b < min_val) min_val = b;
  if (c < min_val) min_val = c;
  return min_val;
}


/*@
    requires \valid_read(s);
    requires \valid_read(t);
    requires \valid(s+(0..(m - 1)));
    requires \valid(t+(0..(n - 1)));
    requires \valid(dp + (0..(m)));
    requires \valid(dp[0..(m)] + (0..(n)));
    requires \forall integer i, j; 0 <= i <= m && 0 <= j <= m && i != j ==> \separated(&dp[i] + (0..(n)), &dp[j] + (0..(n)), &s[0..(n - 1)], &t);
    requires \forall integer k; 0 <= k <= n ==> dp[0][k] == k;
    requires \forall integer k; 0 <= k <= m ==> dp[k][0] == k;
    ensures e_1: \forall integer k; 0 <= k <= n ==> dp[0][k] == k;
    ensures e_2: \forall integer k; 0 <= k <= m ==> dp[k][0] == k;
    ensures e_3: \forall integer p, q; 1 <= p <= m && 1 <= q <= n ==> is_min3(dp[p - 1][q - 1] + (s[p - 1] == t[q - 1] ? 0 : 1), dp[p - 1][q] + 1, dp[p][q - 1] + 1, dp[p][q]);
    assigns dp[0..(m)][0..(n)];
*/
int _edit_distance(const char *s, const char *t, int dp[m + 1][n + 1]) {
    int i = 1, j = 1;

    // Loop A
    /*@
        loop invariant i_0: 1 <= i <= m && 1 <= j <= n;

        loop invariant i_1: \forall integer k; 0 <= k < i ==> dp[k][0] == k;

        loop invariant i_2: \forall integer k; 0 <= k < i && 0 <= l < n ==> dp[i][l] == min3(dp[i-1][l-1] + (s[i-1]==t[l-1]?0:1), dp[i-1][l] + 1, dp[i][l-1] + 1);

        loop invariant i_3: \forall integer k; 0 <= k < i && 0 <= l < n ==> dp[i][l] <= dp[i][n];

        loop invariant i_4: \forall integer k; 0 <= k < i && 0 <= l < n ==> dp[i][l] >= dp[i][l-1] + 1;

        loop invariant i_5: \forall integer k; 0 <= k < i && 0 <= l < n ==> dp[i][l] >= dp[k][l] + (i - k);

        loop invariant i_6: \forall integer k; 0 <= k < i && 0 <= l < n ==> dp[i][l] >= dp[k][l] + (l - k);

        loop invariant i_7: \forall integer k; 0 <= k < i && 0 <= l < n ==> dp[i][l] <= dp[m][n];

        loop invariant i_8: \forall integer k; 0 <= k < i && 0 <= l < n ==> dp[i][l] >= dp[m][n];

        loop invariant i_9: \forall integer k; 0 <= k < i && 0 <= l < n ==> dp[i][l] >= dp[0][0];

        loop invariant i_10: \forall integer k; 0 <= k < i && 0 <= l < n ==> dp[i][l] <= dp[k][l] + (l - k);


        loop assigns dp[1..(m)][1..(n)], i, j;
    */
    for (i = 1; i <= m; i++) {
        // Loop B
        /*@
            loop invariant i_11: 1 <= j <= n;

            loop invariant i_12: \forall integer k; 0 <= k < j ==> dp[0][k] == k;

            loop invariant i_13: \forall integer k; 0 <= k < j ==> dp[0][k] <= dp[0][j];

            loop invariant i_14: \forall integer k; 0 <= k < j && 0 <= l < n ==> dp[j][l] <= dp[0][n];

            loop invariant i_15: \forall integer k; 0 <= k < j && 0 <= l < n ==> dp[j][l] >= dp[0][k] + (j - k);

            loop invariant i_16: 1 <= i <= m && 1 <= j <= n;

            loop invariant i_17: \forall integer k; 0 <= k < i ==> dp[k][0] == k;

            loop invariant i_18: \forall integer k; 0 <= k < i && 0 <= l < n ==> dp[i][l] == min3(dp[i-1][l-1] + (s[i-1]==t[l-1]?0:1), dp[i-1][l] + 1, dp[i][l-1] + 1);

            loop invariant i_19: \forall integer k; 0 <= k < i && 0 <= l < n ==> dp[i][l] <= dp[i][n];

            loop invariant i_20: \forall integer k; 0 <= k < i && 0 <= l < n ==> dp[i][l] >= dp[i][l-1] + 1;

            loop invariant i_21: \forall integer k; 0 <= k < i && 0 <= l < n ==> dp[i][l] >= dp[k][l] + (i - k);

            loop invariant i_22: \forall integer k; 0 <= k < i && 0 <= l < n ==> dp[i][l] >= dp[m][n];

            loop invariant i_23: \forall integer k; 0 <= k < i && 0 <= l < n ==> dp[i][l] >= dp[0][0];

            loop invariant i_24: \forall integer k; 0 <= k < i && 0 <= l < n ==> dp[i][l] <= dp[k][l] + (l - k);


            loop assigns dp[i][1..(n)], j;
        */
        for (j = 1; j <= n; j++) {
            dp[i][j] = min3(dp[i - 1][j - 1] + (s[i - 1] == t[j - 1] ? 0 : 1), dp[i - 1][j] + 1, dp[i][j - 1] + 1);
        }
    }
    return dp[m][n];
}
----------------------------------------
------------Invariant Info-----------
LOOP A:
i_0: 1 <= i <= m && 1 <= j <= n
i_1: \forall integer k; 0 <= k < i ==> dp[k][0] == k
i_3: \forall integer k; 0 <= k < i && 0 <= l < n ==> dp[i][l] <= dp[i][n]
i_4: \forall integer k; 0 <= k < i && 0 <= l < n ==> dp[i][l] >= dp[i][l-1] + 1
i_5: \forall integer k; 0 <= k < i && 0 <= l < n ==> dp[i][l] >= dp[k][l] + (i - k)
i_6: \forall integer k; 0 <= k < i && 0 <= l < n ==> dp[i][l] >= dp[k][l] + (l - k)
i_7: \forall integer k; 0 <= k < i && 0 <= l < n ==> dp[i][l] <= dp[m][n]
i_8: \forall integer k; 0 <= k < i && 0 <= l < n ==> dp[i][l] >= dp[m][n]
i_9: \forall integer k; 0 <= k < i && 0 <= l < n ==> dp[i][l] >= dp[0][0]
i_10: \forall integer k; 0 <= k < i && 0 <= l < n ==> dp[i][l] <= dp[k][l] + (l - k)
LOOP B:
i_11: 1 <= j <= n
i_12: \forall integer k; 0 <= k < j ==> dp[0][k] == k
i_13: \forall integer k; 0 <= k < j ==> dp[0][k] <= dp[0][j]
i_14: \forall integer k; 0 <= k < j && 0 <= l < n ==> dp[j][l] <= dp[0][n]
i_15: \forall integer k; 0 <= k < j && 0 <= l < n ==> dp[j][l] >= dp[0][k] + (j - k)
i_16: 1 <= i <= m && 1 <= j <= n
i_17: \forall integer k; 0 <= k < i ==> dp[k][0] == k
i_18: \forall integer k; 0 <= k < i && 0 <= l < n ==> dp[i][l] == min3(dp[i-1][l-1] + (s[i-1]==t[l-1]?0:1), dp[i-1][l] + 1, dp[i][l-1] + 1)
i_19: \forall integer k; 0 <= k < i && 0 <= l < n ==> dp[i][l] <= dp[i][n]
i_20: \forall integer k; 0 <= k < i && 0 <= l < n ==> dp[i][l] >= dp[i][l-1] + 1
i_21: \forall integer k; 0 <= k < i && 0 <= l < n ==> dp[i][l] >= dp[k][l] + (i - k)
i_22: \forall integer k; 0 <= k < i && 0 <= l < n ==> dp[i][l] >= dp[m][n]
i_23: \forall integer k; 0 <= k < i && 0 <= l < n ==> dp[i][l] >= dp[0][0]
i_24: \forall integer k; 0 <= k < i && 0 <= l < n ==> dp[i][l] <= dp[k][l] + (l - k)
------------------------------------
----------Code with Invariants----------
#define m 10
#define n 10

/*@
    predicate is_min3(integer a, integer b, integer c, integer result) =
        result <= a && 
        result <= b && 
        result <= c &&
        (result == a || result == b || result == c);
*/


/*@
    assigns \nothing;
    ensures is_min3(a, b, c, \result);
*/
int min3(int a, int b, int c) {
  int min_val = a;
  if (b < min_val) min_val = b;
  if (c < min_val) min_val = c;
  return min_val;
}


/*@
    requires \valid_read(s);
    requires \valid_read(t);
    requires \valid(s+(0..(m - 1)));
    requires \valid(t+(0..(n - 1)));
    requires \valid(dp + (0..(m)));
    requires \valid(dp[0..(m)] + (0..(n)));
    requires \forall integer i, j; 0 <= i <= m && 0 <= j <= m && i != j ==> \separated(&dp[i] + (0..(n)), &dp[j] + (0..(n)), &s[0..(n - 1)], &t);
    requires \forall integer k; 0 <= k <= n ==> dp[0][k] == k;
    requires \forall integer k; 0 <= k <= m ==> dp[k][0] == k;
    ensures e_1: \forall integer k; 0 <= k <= n ==> dp[0][k] == k;
    ensures e_2: \forall integer k; 0 <= k <= m ==> dp[k][0] == k;
    ensures e_3: \forall integer p, q; 1 <= p <= m && 1 <= q <= n ==> is_min3(dp[p - 1][q - 1] + (s[p - 1] == t[q - 1] ? 0 : 1), dp[p - 1][q] + 1, dp[p][q - 1] + 1, dp[p][q]);
    assigns dp[0..(m)][0..(n)];
*/
int _edit_distance(const char *s, const char *t, int dp[m + 1][n + 1]) {
    int i = 1, j = 1;

    // Loop A
    /*@
        loop invariant i_0: 1 <= i <= m && 1 <= j <= n;

        loop invariant i_1: \forall integer k; 0 <= k < i ==> dp[k][0] == k;

        loop invariant i_3: \forall integer k; 0 <= k < i && 0 <= l < n ==> dp[i][l] <= dp[i][n];

        loop invariant i_4: \forall integer k; 0 <= k < i && 0 <= l < n ==> dp[i][l] >= dp[i][l-1] + 1;

        loop invariant i_5: \forall integer k; 0 <= k < i && 0 <= l < n ==> dp[i][l] >= dp[k][l] + (i - k);

        loop invariant i_6: \forall integer k; 0 <= k < i && 0 <= l < n ==> dp[i][l] >= dp[k][l] + (l - k);

        loop invariant i_7: \forall integer k; 0 <= k < i && 0 <= l < n ==> dp[i][l] <= dp[m][n];

        loop invariant i_8: \forall integer k; 0 <= k < i && 0 <= l < n ==> dp[i][l] >= dp[m][n];

        loop invariant i_9: \forall integer k; 0 <= k < i && 0 <= l < n ==> dp[i][l] >= dp[0][0];

        loop invariant i_10: \forall integer k; 0 <= k < i && 0 <= l < n ==> dp[i][l] <= dp[k][l] + (l - k);


        loop assigns dp[1..(m)][1..(n)], i, j;
    */
    for (i = 1; i <= m; i++) {
        // Loop B
        /*@
            loop invariant i_11: 1 <= j <= n;

            loop invariant i_12: \forall integer k; 0 <= k < j ==> dp[0][k] == k;

            loop invariant i_13: \forall integer k; 0 <= k < j ==> dp[0][k] <= dp[0][j];

            loop invariant i_14: \forall integer k; 0 <= k < j && 0 <= l < n ==> dp[j][l] <= dp[0][n];

            loop invariant i_15: \forall integer k; 0 <= k < j && 0 <= l < n ==> dp[j][l] >= dp[0][k] + (j - k);

            loop invariant i_16: 1 <= i <= m && 1 <= j <= n;

            loop invariant i_17: \forall integer k; 0 <= k < i ==> dp[k][0] == k;

            loop invariant i_18: \forall integer k; 0 <= k < i && 0 <= l < n ==> dp[i][l] == min3(dp[i-1][l-1] + (s[i-1]==t[l-1]?0:1), dp[i-1][l] + 1, dp[i][l-1] + 1);

            loop invariant i_19: \forall integer k; 0 <= k < i && 0 <= l < n ==> dp[i][l] <= dp[i][n];

            loop invariant i_20: \forall integer k; 0 <= k < i && 0 <= l < n ==> dp[i][l] >= dp[i][l-1] + 1;

            loop invariant i_21: \forall integer k; 0 <= k < i && 0 <= l < n ==> dp[i][l] >= dp[k][l] + (i - k);

            loop invariant i_22: \forall integer k; 0 <= k < i && 0 <= l < n ==> dp[i][l] >= dp[m][n];

            loop invariant i_23: \forall integer k; 0 <= k < i && 0 <= l < n ==> dp[i][l] >= dp[0][0];

            loop invariant i_24: \forall integer k; 0 <= k < i && 0 <= l < n ==> dp[i][l] <= dp[k][l] + (l - k);


            loop assigns dp[i][1..(n)], j;
        */
        for (j = 1; j <= n; j++) {
            dp[i][j] = min3(dp[i - 1][j - 1] + (s[i - 1] == t[j - 1] ? 0 : 1), dp[i - 1][j] + 1, dp[i][j - 1] + 1);
        }
    }
    return dp[m][n];
}
----------------------------------------
------------Invariant Info-----------
LOOP A:
i_0: 1 <= i <= m && 1 <= j <= n
i_1: \forall integer k; 0 <= k < i ==> dp[k][0] == k
i_4: \forall integer k; 0 <= k < i && 0 <= l < n ==> dp[i][l] >= dp[i][l-1] + 1
i_5: \forall integer k; 0 <= k < i && 0 <= l < n ==> dp[i][l] >= dp[k][l] + (i - k)
i_6: \forall integer k; 0 <= k < i && 0 <= l < n ==> dp[i][l] >= dp[k][l] + (l - k)
i_7: \forall integer k; 0 <= k < i && 0 <= l < n ==> dp[i][l] <= dp[m][n]
i_8: \forall integer k; 0 <= k < i && 0 <= l < n ==> dp[i][l] >= dp[m][n]
i_9: \forall integer k; 0 <= k < i && 0 <= l < n ==> dp[i][l] >= dp[0][0]
i_10: \forall integer k; 0 <= k < i && 0 <= l < n ==> dp[i][l] <= dp[k][l] + (l - k)
LOOP B:
i_11: 1 <= j <= n
i_12: \forall integer k; 0 <= k < j ==> dp[0][k] == k
i_13: \forall integer k; 0 <= k < j ==> dp[0][k] <= dp[0][j]
i_14: \forall integer k; 0 <= k < j && 0 <= l < n ==> dp[j][l] <= dp[0][n]
i_15: \forall integer k; 0 <= k < j && 0 <= l < n ==> dp[j][l] >= dp[0][k] + (j - k)
i_16: 1 <= i <= m && 1 <= j <= n
i_17: \forall integer k; 0 <= k < i ==> dp[k][0] == k
i_18: \forall integer k; 0 <= k < i && 0 <= l < n ==> dp[i][l] == min3(dp[i-1][l-1] + (s[i-1]==t[l-1]?0:1), dp[i-1][l] + 1, dp[i][l-1] + 1)
i_19: \forall integer k; 0 <= k < i && 0 <= l < n ==> dp[i][l] <= dp[i][n]
i_20: \forall integer k; 0 <= k < i && 0 <= l < n ==> dp[i][l] >= dp[i][l-1] + 1
i_21: \forall integer k; 0 <= k < i && 0 <= l < n ==> dp[i][l] >= dp[k][l] + (i - k)
i_22: \forall integer k; 0 <= k < i && 0 <= l < n ==> dp[i][l] >= dp[m][n]
i_23: \forall integer k; 0 <= k < i && 0 <= l < n ==> dp[i][l] >= dp[0][0]
i_24: \forall integer k; 0 <= k < i && 0 <= l < n ==> dp[i][l] <= dp[k][l] + (l - k)
------------------------------------
----------Code with Invariants----------
#define m 10
#define n 10

/*@
    predicate is_min3(integer a, integer b, integer c, integer result) =
        result <= a && 
        result <= b && 
        result <= c &&
        (result == a || result == b || result == c);
*/


/*@
    assigns \nothing;
    ensures is_min3(a, b, c, \result);
*/
int min3(int a, int b, int c) {
  int min_val = a;
  if (b < min_val) min_val = b;
  if (c < min_val) min_val = c;
  return min_val;
}


/*@
    requires \valid_read(s);
    requires \valid_read(t);
    requires \valid(s+(0..(m - 1)));
    requires \valid(t+(0..(n - 1)));
    requires \valid(dp + (0..(m)));
    requires \valid(dp[0..(m)] + (0..(n)));
    requires \forall integer i, j; 0 <= i <= m && 0 <= j <= m && i != j ==> \separated(&dp[i] + (0..(n)), &dp[j] + (0..(n)), &s[0..(n - 1)], &t);
    requires \forall integer k; 0 <= k <= n ==> dp[0][k] == k;
    requires \forall integer k; 0 <= k <= m ==> dp[k][0] == k;
    ensures e_1: \forall integer k; 0 <= k <= n ==> dp[0][k] == k;
    ensures e_2: \forall integer k; 0 <= k <= m ==> dp[k][0] == k;
    ensures e_3: \forall integer p, q; 1 <= p <= m && 1 <= q <= n ==> is_min3(dp[p - 1][q - 1] + (s[p - 1] == t[q - 1] ? 0 : 1), dp[p - 1][q] + 1, dp[p][q - 1] + 1, dp[p][q]);
    assigns dp[0..(m)][0..(n)];
*/
int _edit_distance(const char *s, const char *t, int dp[m + 1][n + 1]) {
    int i = 1, j = 1;

    // Loop A
    /*@
        loop invariant i_0: 1 <= i <= m && 1 <= j <= n;

        loop invariant i_1: \forall integer k; 0 <= k < i ==> dp[k][0] == k;

        loop invariant i_4: \forall integer k; 0 <= k < i && 0 <= l < n ==> dp[i][l] >= dp[i][l-1] + 1;

        loop invariant i_5: \forall integer k; 0 <= k < i && 0 <= l < n ==> dp[i][l] >= dp[k][l] + (i - k);

        loop invariant i_6: \forall integer k; 0 <= k < i && 0 <= l < n ==> dp[i][l] >= dp[k][l] + (l - k);

        loop invariant i_7: \forall integer k; 0 <= k < i && 0 <= l < n ==> dp[i][l] <= dp[m][n];

        loop invariant i_8: \forall integer k; 0 <= k < i && 0 <= l < n ==> dp[i][l] >= dp[m][n];

        loop invariant i_9: \forall integer k; 0 <= k < i && 0 <= l < n ==> dp[i][l] >= dp[0][0];

        loop invariant i_10: \forall integer k; 0 <= k < i && 0 <= l < n ==> dp[i][l] <= dp[k][l] + (l - k);


        loop assigns dp[1..(m)][1..(n)], i, j;
    */
    for (i = 1; i <= m; i++) {
        // Loop B
        /*@
            loop invariant i_11: 1 <= j <= n;

            loop invariant i_12: \forall integer k; 0 <= k < j ==> dp[0][k] == k;

            loop invariant i_13: \forall integer k; 0 <= k < j ==> dp[0][k] <= dp[0][j];

            loop invariant i_14: \forall integer k; 0 <= k < j && 0 <= l < n ==> dp[j][l] <= dp[0][n];

            loop invariant i_15: \forall integer k; 0 <= k < j && 0 <= l < n ==> dp[j][l] >= dp[0][k] + (j - k);

            loop invariant i_16: 1 <= i <= m && 1 <= j <= n;

            loop invariant i_17: \forall integer k; 0 <= k < i ==> dp[k][0] == k;

            loop invariant i_18: \forall integer k; 0 <= k < i && 0 <= l < n ==> dp[i][l] == min3(dp[i-1][l-1] + (s[i-1]==t[l-1]?0:1), dp[i-1][l] + 1, dp[i][l-1] + 1);

            loop invariant i_19: \forall integer k; 0 <= k < i && 0 <= l < n ==> dp[i][l] <= dp[i][n];

            loop invariant i_20: \forall integer k; 0 <= k < i && 0 <= l < n ==> dp[i][l] >= dp[i][l-1] + 1;

            loop invariant i_21: \forall integer k; 0 <= k < i && 0 <= l < n ==> dp[i][l] >= dp[k][l] + (i - k);

            loop invariant i_22: \forall integer k; 0 <= k < i && 0 <= l < n ==> dp[i][l] >= dp[m][n];

            loop invariant i_23: \forall integer k; 0 <= k < i && 0 <= l < n ==> dp[i][l] >= dp[0][0];

            loop invariant i_24: \forall integer k; 0 <= k < i && 0 <= l < n ==> dp[i][l] <= dp[k][l] + (l - k);


            loop assigns dp[i][1..(n)], j;
        */
        for (j = 1; j <= n; j++) {
            dp[i][j] = min3(dp[i - 1][j - 1] + (s[i - 1] == t[j - 1] ? 0 : 1), dp[i - 1][j] + 1, dp[i][j - 1] + 1);
        }
    }
    return dp[m][n];
}
----------------------------------------
------------Invariant Info-----------
LOOP A:
i_0: 1 <= i <= m && 1 <= j <= n
i_1: \forall integer k; 0 <= k < i ==> dp[k][0] == k
i_5: \forall integer k; 0 <= k < i && 0 <= l < n ==> dp[i][l] >= dp[k][l] + (i - k)
i_6: \forall integer k; 0 <= k < i && 0 <= l < n ==> dp[i][l] >= dp[k][l] + (l - k)
i_7: \forall integer k; 0 <= k < i && 0 <= l < n ==> dp[i][l] <= dp[m][n]
i_8: \forall integer k; 0 <= k < i && 0 <= l < n ==> dp[i][l] >= dp[m][n]
i_9: \forall integer k; 0 <= k < i && 0 <= l < n ==> dp[i][l] >= dp[0][0]
i_10: \forall integer k; 0 <= k < i && 0 <= l < n ==> dp[i][l] <= dp[k][l] + (l - k)
LOOP B:
i_11: 1 <= j <= n
i_12: \forall integer k; 0 <= k < j ==> dp[0][k] == k
i_13: \forall integer k; 0 <= k < j ==> dp[0][k] <= dp[0][j]
i_14: \forall integer k; 0 <= k < j && 0 <= l < n ==> dp[j][l] <= dp[0][n]
i_15: \forall integer k; 0 <= k < j && 0 <= l < n ==> dp[j][l] >= dp[0][k] + (j - k)
i_16: 1 <= i <= m && 1 <= j <= n
i_17: \forall integer k; 0 <= k < i ==> dp[k][0] == k
i_18: \forall integer k; 0 <= k < i && 0 <= l < n ==> dp[i][l] == min3(dp[i-1][l-1] + (s[i-1]==t[l-1]?0:1), dp[i-1][l] + 1, dp[i][l-1] + 1)
i_19: \forall integer k; 0 <= k < i && 0 <= l < n ==> dp[i][l] <= dp[i][n]
i_20: \forall integer k; 0 <= k < i && 0 <= l < n ==> dp[i][l] >= dp[i][l-1] + 1
i_21: \forall integer k; 0 <= k < i && 0 <= l < n ==> dp[i][l] >= dp[k][l] + (i - k)
i_22: \forall integer k; 0 <= k < i && 0 <= l < n ==> dp[i][l] >= dp[m][n]
i_23: \forall integer k; 0 <= k < i && 0 <= l < n ==> dp[i][l] >= dp[0][0]
i_24: \forall integer k; 0 <= k < i && 0 <= l < n ==> dp[i][l] <= dp[k][l] + (l - k)
------------------------------------
----------Code with Invariants----------
#define m 10
#define n 10

/*@
    predicate is_min3(integer a, integer b, integer c, integer result) =
        result <= a && 
        result <= b && 
        result <= c &&
        (result == a || result == b || result == c);
*/


/*@
    assigns \nothing;
    ensures is_min3(a, b, c, \result);
*/
int min3(int a, int b, int c) {
  int min_val = a;
  if (b < min_val) min_val = b;
  if (c < min_val) min_val = c;
  return min_val;
}


/*@
    requires \valid_read(s);
    requires \valid_read(t);
    requires \valid(s+(0..(m - 1)));
    requires \valid(t+(0..(n - 1)));
    requires \valid(dp + (0..(m)));
    requires \valid(dp[0..(m)] + (0..(n)));
    requires \forall integer i, j; 0 <= i <= m && 0 <= j <= m && i != j ==> \separated(&dp[i] + (0..(n)), &dp[j] + (0..(n)), &s[0..(n - 1)], &t);
    requires \forall integer k; 0 <= k <= n ==> dp[0][k] == k;
    requires \forall integer k; 0 <= k <= m ==> dp[k][0] == k;
    ensures e_1: \forall integer k; 0 <= k <= n ==> dp[0][k] == k;
    ensures e_2: \forall integer k; 0 <= k <= m ==> dp[k][0] == k;
    ensures e_3: \forall integer p, q; 1 <= p <= m && 1 <= q <= n ==> is_min3(dp[p - 1][q - 1] + (s[p - 1] == t[q - 1] ? 0 : 1), dp[p - 1][q] + 1, dp[p][q - 1] + 1, dp[p][q]);
    assigns dp[0..(m)][0..(n)];
*/
int _edit_distance(const char *s, const char *t, int dp[m + 1][n + 1]) {
    int i = 1, j = 1;

    // Loop A
    /*@
        loop invariant i_0: 1 <= i <= m && 1 <= j <= n;

        loop invariant i_1: \forall integer k; 0 <= k < i ==> dp[k][0] == k;

        loop invariant i_5: \forall integer k; 0 <= k < i && 0 <= l < n ==> dp[i][l] >= dp[k][l] + (i - k);

        loop invariant i_6: \forall integer k; 0 <= k < i && 0 <= l < n ==> dp[i][l] >= dp[k][l] + (l - k);

        loop invariant i_7: \forall integer k; 0 <= k < i && 0 <= l < n ==> dp[i][l] <= dp[m][n];

        loop invariant i_8: \forall integer k; 0 <= k < i && 0 <= l < n ==> dp[i][l] >= dp[m][n];

        loop invariant i_9: \forall integer k; 0 <= k < i && 0 <= l < n ==> dp[i][l] >= dp[0][0];

        loop invariant i_10: \forall integer k; 0 <= k < i && 0 <= l < n ==> dp[i][l] <= dp[k][l] + (l - k);


        loop assigns dp[1..(m)][1..(n)], i, j;
    */
    for (i = 1; i <= m; i++) {
        // Loop B
        /*@
            loop invariant i_11: 1 <= j <= n;

            loop invariant i_12: \forall integer k; 0 <= k < j ==> dp[0][k] == k;

            loop invariant i_13: \forall integer k; 0 <= k < j ==> dp[0][k] <= dp[0][j];

            loop invariant i_14: \forall integer k; 0 <= k < j && 0 <= l < n ==> dp[j][l] <= dp[0][n];

            loop invariant i_15: \forall integer k; 0 <= k < j && 0 <= l < n ==> dp[j][l] >= dp[0][k] + (j - k);

            loop invariant i_16: 1 <= i <= m && 1 <= j <= n;

            loop invariant i_17: \forall integer k; 0 <= k < i ==> dp[k][0] == k;

            loop invariant i_18: \forall integer k; 0 <= k < i && 0 <= l < n ==> dp[i][l] == min3(dp[i-1][l-1] + (s[i-1]==t[l-1]?0:1), dp[i-1][l] + 1, dp[i][l-1] + 1);

            loop invariant i_19: \forall integer k; 0 <= k < i && 0 <= l < n ==> dp[i][l] <= dp[i][n];

            loop invariant i_20: \forall integer k; 0 <= k < i && 0 <= l < n ==> dp[i][l] >= dp[i][l-1] + 1;

            loop invariant i_21: \forall integer k; 0 <= k < i && 0 <= l < n ==> dp[i][l] >= dp[k][l] + (i - k);

            loop invariant i_22: \forall integer k; 0 <= k < i && 0 <= l < n ==> dp[i][l] >= dp[m][n];

            loop invariant i_23: \forall integer k; 0 <= k < i && 0 <= l < n ==> dp[i][l] >= dp[0][0];

            loop invariant i_24: \forall integer k; 0 <= k < i && 0 <= l < n ==> dp[i][l] <= dp[k][l] + (l - k);


            loop assigns dp[i][1..(n)], j;
        */
        for (j = 1; j <= n; j++) {
            dp[i][j] = min3(dp[i - 1][j - 1] + (s[i - 1] == t[j - 1] ? 0 : 1), dp[i - 1][j] + 1, dp[i][j - 1] + 1);
        }
    }
    return dp[m][n];
}
----------------------------------------
------------Invariant Info-----------
LOOP A:
i_0: 1 <= i <= m && 1 <= j <= n
i_1: \forall integer k; 0 <= k < i ==> dp[k][0] == k
i_6: \forall integer k; 0 <= k < i && 0 <= l < n ==> dp[i][l] >= dp[k][l] + (l - k)
i_7: \forall integer k; 0 <= k < i && 0 <= l < n ==> dp[i][l] <= dp[m][n]
i_8: \forall integer k; 0 <= k < i && 0 <= l < n ==> dp[i][l] >= dp[m][n]
i_9: \forall integer k; 0 <= k < i && 0 <= l < n ==> dp[i][l] >= dp[0][0]
i_10: \forall integer k; 0 <= k < i && 0 <= l < n ==> dp[i][l] <= dp[k][l] + (l - k)
LOOP B:
i_11: 1 <= j <= n
i_12: \forall integer k; 0 <= k < j ==> dp[0][k] == k
i_13: \forall integer k; 0 <= k < j ==> dp[0][k] <= dp[0][j]
i_14: \forall integer k; 0 <= k < j && 0 <= l < n ==> dp[j][l] <= dp[0][n]
i_15: \forall integer k; 0 <= k < j && 0 <= l < n ==> dp[j][l] >= dp[0][k] + (j - k)
i_16: 1 <= i <= m && 1 <= j <= n
i_17: \forall integer k; 0 <= k < i ==> dp[k][0] == k
i_18: \forall integer k; 0 <= k < i && 0 <= l < n ==> dp[i][l] == min3(dp[i-1][l-1] + (s[i-1]==t[l-1]?0:1), dp[i-1][l] + 1, dp[i][l-1] + 1)
i_19: \forall integer k; 0 <= k < i && 0 <= l < n ==> dp[i][l] <= dp[i][n]
i_20: \forall integer k; 0 <= k < i && 0 <= l < n ==> dp[i][l] >= dp[i][l-1] + 1
i_21: \forall integer k; 0 <= k < i && 0 <= l < n ==> dp[i][l] >= dp[k][l] + (i - k)
i_22: \forall integer k; 0 <= k < i && 0 <= l < n ==> dp[i][l] >= dp[m][n]
i_23: \forall integer k; 0 <= k < i && 0 <= l < n ==> dp[i][l] >= dp[0][0]
i_24: \forall integer k; 0 <= k < i && 0 <= l < n ==> dp[i][l] <= dp[k][l] + (l - k)
------------------------------------
----------Code with Invariants----------
#define m 10
#define n 10

/*@
    predicate is_min3(integer a, integer b, integer c, integer result) =
        result <= a && 
        result <= b && 
        result <= c &&
        (result == a || result == b || result == c);
*/


/*@
    assigns \nothing;
    ensures is_min3(a, b, c, \result);
*/
int min3(int a, int b, int c) {
  int min_val = a;
  if (b < min_val) min_val = b;
  if (c < min_val) min_val = c;
  return min_val;
}


/*@
    requires \valid_read(s);
    requires \valid_read(t);
    requires \valid(s+(0..(m - 1)));
    requires \valid(t+(0..(n - 1)));
    requires \valid(dp + (0..(m)));
    requires \valid(dp[0..(m)] + (0..(n)));
    requires \forall integer i, j; 0 <= i <= m && 0 <= j <= m && i != j ==> \separated(&dp[i] + (0..(n)), &dp[j] + (0..(n)), &s[0..(n - 1)], &t);
    requires \forall integer k; 0 <= k <= n ==> dp[0][k] == k;
    requires \forall integer k; 0 <= k <= m ==> dp[k][0] == k;
    ensures e_1: \forall integer k; 0 <= k <= n ==> dp[0][k] == k;
    ensures e_2: \forall integer k; 0 <= k <= m ==> dp[k][0] == k;
    ensures e_3: \forall integer p, q; 1 <= p <= m && 1 <= q <= n ==> is_min3(dp[p - 1][q - 1] + (s[p - 1] == t[q - 1] ? 0 : 1), dp[p - 1][q] + 1, dp[p][q - 1] + 1, dp[p][q]);
    assigns dp[0..(m)][0..(n)];
*/
int _edit_distance(const char *s, const char *t, int dp[m + 1][n + 1]) {
    int i = 1, j = 1;

    // Loop A
    /*@
        loop invariant i_0: 1 <= i <= m && 1 <= j <= n;

        loop invariant i_1: \forall integer k; 0 <= k < i ==> dp[k][0] == k;

        loop invariant i_6: \forall integer k; 0 <= k < i && 0 <= l < n ==> dp[i][l] >= dp[k][l] + (l - k);

        loop invariant i_7: \forall integer k; 0 <= k < i && 0 <= l < n ==> dp[i][l] <= dp[m][n];

        loop invariant i_8: \forall integer k; 0 <= k < i && 0 <= l < n ==> dp[i][l] >= dp[m][n];

        loop invariant i_9: \forall integer k; 0 <= k < i && 0 <= l < n ==> dp[i][l] >= dp[0][0];

        loop invariant i_10: \forall integer k; 0 <= k < i && 0 <= l < n ==> dp[i][l] <= dp[k][l] + (l - k);


        loop assigns dp[1..(m)][1..(n)], i, j;
    */
    for (i = 1; i <= m; i++) {
        // Loop B
        /*@
            loop invariant i_11: 1 <= j <= n;

            loop invariant i_12: \forall integer k; 0 <= k < j ==> dp[0][k] == k;

            loop invariant i_13: \forall integer k; 0 <= k < j ==> dp[0][k] <= dp[0][j];

            loop invariant i_14: \forall integer k; 0 <= k < j && 0 <= l < n ==> dp[j][l] <= dp[0][n];

            loop invariant i_15: \forall integer k; 0 <= k < j && 0 <= l < n ==> dp[j][l] >= dp[0][k] + (j - k);

            loop invariant i_16: 1 <= i <= m && 1 <= j <= n;

            loop invariant i_17: \forall integer k; 0 <= k < i ==> dp[k][0] == k;

            loop invariant i_18: \forall integer k; 0 <= k < i && 0 <= l < n ==> dp[i][l] == min3(dp[i-1][l-1] + (s[i-1]==t[l-1]?0:1), dp[i-1][l] + 1, dp[i][l-1] + 1);

            loop invariant i_19: \forall integer k; 0 <= k < i && 0 <= l < n ==> dp[i][l] <= dp[i][n];

            loop invariant i_20: \forall integer k; 0 <= k < i && 0 <= l < n ==> dp[i][l] >= dp[i][l-1] + 1;

            loop invariant i_21: \forall integer k; 0 <= k < i && 0 <= l < n ==> dp[i][l] >= dp[k][l] + (i - k);

            loop invariant i_22: \forall integer k; 0 <= k < i && 0 <= l < n ==> dp[i][l] >= dp[m][n];

            loop invariant i_23: \forall integer k; 0 <= k < i && 0 <= l < n ==> dp[i][l] >= dp[0][0];

            loop invariant i_24: \forall integer k; 0 <= k < i && 0 <= l < n ==> dp[i][l] <= dp[k][l] + (l - k);


            loop assigns dp[i][1..(n)], j;
        */
        for (j = 1; j <= n; j++) {
            dp[i][j] = min3(dp[i - 1][j - 1] + (s[i - 1] == t[j - 1] ? 0 : 1), dp[i - 1][j] + 1, dp[i][j - 1] + 1);
        }
    }
    return dp[m][n];
}
----------------------------------------
------------Invariant Info-----------
LOOP A:
i_0: 1 <= i <= m && 1 <= j <= n
i_1: \forall integer k; 0 <= k < i ==> dp[k][0] == k
i_7: \forall integer k; 0 <= k < i && 0 <= l < n ==> dp[i][l] <= dp[m][n]
i_8: \forall integer k; 0 <= k < i && 0 <= l < n ==> dp[i][l] >= dp[m][n]
i_9: \forall integer k; 0 <= k < i && 0 <= l < n ==> dp[i][l] >= dp[0][0]
i_10: \forall integer k; 0 <= k < i && 0 <= l < n ==> dp[i][l] <= dp[k][l] + (l - k)
LOOP B:
i_11: 1 <= j <= n
i_12: \forall integer k; 0 <= k < j ==> dp[0][k] == k
i_13: \forall integer k; 0 <= k < j ==> dp[0][k] <= dp[0][j]
i_14: \forall integer k; 0 <= k < j && 0 <= l < n ==> dp[j][l] <= dp[0][n]
i_15: \forall integer k; 0 <= k < j && 0 <= l < n ==> dp[j][l] >= dp[0][k] + (j - k)
i_16: 1 <= i <= m && 1 <= j <= n
i_17: \forall integer k; 0 <= k < i ==> dp[k][0] == k
i_18: \forall integer k; 0 <= k < i && 0 <= l < n ==> dp[i][l] == min3(dp[i-1][l-1] + (s[i-1]==t[l-1]?0:1), dp[i-1][l] + 1, dp[i][l-1] + 1)
i_19: \forall integer k; 0 <= k < i && 0 <= l < n ==> dp[i][l] <= dp[i][n]
i_20: \forall integer k; 0 <= k < i && 0 <= l < n ==> dp[i][l] >= dp[i][l-1] + 1
i_21: \forall integer k; 0 <= k < i && 0 <= l < n ==> dp[i][l] >= dp[k][l] + (i - k)
i_22: \forall integer k; 0 <= k < i && 0 <= l < n ==> dp[i][l] >= dp[m][n]
i_23: \forall integer k; 0 <= k < i && 0 <= l < n ==> dp[i][l] >= dp[0][0]
i_24: \forall integer k; 0 <= k < i && 0 <= l < n ==> dp[i][l] <= dp[k][l] + (l - k)
------------------------------------
----------Code with Invariants----------
#define m 10
#define n 10

/*@
    predicate is_min3(integer a, integer b, integer c, integer result) =
        result <= a && 
        result <= b && 
        result <= c &&
        (result == a || result == b || result == c);
*/


/*@
    assigns \nothing;
    ensures is_min3(a, b, c, \result);
*/
int min3(int a, int b, int c) {
  int min_val = a;
  if (b < min_val) min_val = b;
  if (c < min_val) min_val = c;
  return min_val;
}


/*@
    requires \valid_read(s);
    requires \valid_read(t);
    requires \valid(s+(0..(m - 1)));
    requires \valid(t+(0..(n - 1)));
    requires \valid(dp + (0..(m)));
    requires \valid(dp[0..(m)] + (0..(n)));
    requires \forall integer i, j; 0 <= i <= m && 0 <= j <= m && i != j ==> \separated(&dp[i] + (0..(n)), &dp[j] + (0..(n)), &s[0..(n - 1)], &t);
    requires \forall integer k; 0 <= k <= n ==> dp[0][k] == k;
    requires \forall integer k; 0 <= k <= m ==> dp[k][0] == k;
    ensures e_1: \forall integer k; 0 <= k <= n ==> dp[0][k] == k;
    ensures e_2: \forall integer k; 0 <= k <= m ==> dp[k][0] == k;
    ensures e_3: \forall integer p, q; 1 <= p <= m && 1 <= q <= n ==> is_min3(dp[p - 1][q - 1] + (s[p - 1] == t[q - 1] ? 0 : 1), dp[p - 1][q] + 1, dp[p][q - 1] + 1, dp[p][q]);
    assigns dp[0..(m)][0..(n)];
*/
int _edit_distance(const char *s, const char *t, int dp[m + 1][n + 1]) {
    int i = 1, j = 1;

    // Loop A
    /*@
        loop invariant i_0: 1 <= i <= m && 1 <= j <= n;

        loop invariant i_1: \forall integer k; 0 <= k < i ==> dp[k][0] == k;

        loop invariant i_7: \forall integer k; 0 <= k < i && 0 <= l < n ==> dp[i][l] <= dp[m][n];

        loop invariant i_8: \forall integer k; 0 <= k < i && 0 <= l < n ==> dp[i][l] >= dp[m][n];

        loop invariant i_9: \forall integer k; 0 <= k < i && 0 <= l < n ==> dp[i][l] >= dp[0][0];

        loop invariant i_10: \forall integer k; 0 <= k < i && 0 <= l < n ==> dp[i][l] <= dp[k][l] + (l - k);


        loop assigns dp[1..(m)][1..(n)], i, j;
    */
    for (i = 1; i <= m; i++) {
        // Loop B
        /*@
            loop invariant i_11: 1 <= j <= n;

            loop invariant i_12: \forall integer k; 0 <= k < j ==> dp[0][k] == k;

            loop invariant i_13: \forall integer k; 0 <= k < j ==> dp[0][k] <= dp[0][j];

            loop invariant i_14: \forall integer k; 0 <= k < j && 0 <= l < n ==> dp[j][l] <= dp[0][n];

            loop invariant i_15: \forall integer k; 0 <= k < j && 0 <= l < n ==> dp[j][l] >= dp[0][k] + (j - k);

            loop invariant i_16: 1 <= i <= m && 1 <= j <= n;

            loop invariant i_17: \forall integer k; 0 <= k < i ==> dp[k][0] == k;

            loop invariant i_18: \forall integer k; 0 <= k < i && 0 <= l < n ==> dp[i][l] == min3(dp[i-1][l-1] + (s[i-1]==t[l-1]?0:1), dp[i-1][l] + 1, dp[i][l-1] + 1);

            loop invariant i_19: \forall integer k; 0 <= k < i && 0 <= l < n ==> dp[i][l] <= dp[i][n];

            loop invariant i_20: \forall integer k; 0 <= k < i && 0 <= l < n ==> dp[i][l] >= dp[i][l-1] + 1;

            loop invariant i_21: \forall integer k; 0 <= k < i && 0 <= l < n ==> dp[i][l] >= dp[k][l] + (i - k);

            loop invariant i_22: \forall integer k; 0 <= k < i && 0 <= l < n ==> dp[i][l] >= dp[m][n];

            loop invariant i_23: \forall integer k; 0 <= k < i && 0 <= l < n ==> dp[i][l] >= dp[0][0];

            loop invariant i_24: \forall integer k; 0 <= k < i && 0 <= l < n ==> dp[i][l] <= dp[k][l] + (l - k);


            loop assigns dp[i][1..(n)], j;
        */
        for (j = 1; j <= n; j++) {
            dp[i][j] = min3(dp[i - 1][j - 1] + (s[i - 1] == t[j - 1] ? 0 : 1), dp[i - 1][j] + 1, dp[i][j - 1] + 1);
        }
    }
    return dp[m][n];
}
----------------------------------------
------------Invariant Info-----------
LOOP A:
i_0: 1 <= i <= m && 1 <= j <= n
i_1: \forall integer k; 0 <= k < i ==> dp[k][0] == k
i_8: \forall integer k; 0 <= k < i && 0 <= l < n ==> dp[i][l] >= dp[m][n]
i_9: \forall integer k; 0 <= k < i && 0 <= l < n ==> dp[i][l] >= dp[0][0]
i_10: \forall integer k; 0 <= k < i && 0 <= l < n ==> dp[i][l] <= dp[k][l] + (l - k)
LOOP B:
i_11: 1 <= j <= n
i_12: \forall integer k; 0 <= k < j ==> dp[0][k] == k
i_13: \forall integer k; 0 <= k < j ==> dp[0][k] <= dp[0][j]
i_14: \forall integer k; 0 <= k < j && 0 <= l < n ==> dp[j][l] <= dp[0][n]
i_15: \forall integer k; 0 <= k < j && 0 <= l < n ==> dp[j][l] >= dp[0][k] + (j - k)
i_16: 1 <= i <= m && 1 <= j <= n
i_17: \forall integer k; 0 <= k < i ==> dp[k][0] == k
i_18: \forall integer k; 0 <= k < i && 0 <= l < n ==> dp[i][l] == min3(dp[i-1][l-1] + (s[i-1]==t[l-1]?0:1), dp[i-1][l] + 1, dp[i][l-1] + 1)
i_19: \forall integer k; 0 <= k < i && 0 <= l < n ==> dp[i][l] <= dp[i][n]
i_20: \forall integer k; 0 <= k < i && 0 <= l < n ==> dp[i][l] >= dp[i][l-1] + 1
i_21: \forall integer k; 0 <= k < i && 0 <= l < n ==> dp[i][l] >= dp[k][l] + (i - k)
i_22: \forall integer k; 0 <= k < i && 0 <= l < n ==> dp[i][l] >= dp[m][n]
i_23: \forall integer k; 0 <= k < i && 0 <= l < n ==> dp[i][l] >= dp[0][0]
i_24: \forall integer k; 0 <= k < i && 0 <= l < n ==> dp[i][l] <= dp[k][l] + (l - k)
------------------------------------
----------Code with Invariants----------
#define m 10
#define n 10

/*@
    predicate is_min3(integer a, integer b, integer c, integer result) =
        result <= a && 
        result <= b && 
        result <= c &&
        (result == a || result == b || result == c);
*/


/*@
    assigns \nothing;
    ensures is_min3(a, b, c, \result);
*/
int min3(int a, int b, int c) {
  int min_val = a;
  if (b < min_val) min_val = b;
  if (c < min_val) min_val = c;
  return min_val;
}


/*@
    requires \valid_read(s);
    requires \valid_read(t);
    requires \valid(s+(0..(m - 1)));
    requires \valid(t+(0..(n - 1)));
    requires \valid(dp + (0..(m)));
    requires \valid(dp[0..(m)] + (0..(n)));
    requires \forall integer i, j; 0 <= i <= m && 0 <= j <= m && i != j ==> \separated(&dp[i] + (0..(n)), &dp[j] + (0..(n)), &s[0..(n - 1)], &t);
    requires \forall integer k; 0 <= k <= n ==> dp[0][k] == k;
    requires \forall integer k; 0 <= k <= m ==> dp[k][0] == k;
    ensures e_1: \forall integer k; 0 <= k <= n ==> dp[0][k] == k;
    ensures e_2: \forall integer k; 0 <= k <= m ==> dp[k][0] == k;
    ensures e_3: \forall integer p, q; 1 <= p <= m && 1 <= q <= n ==> is_min3(dp[p - 1][q - 1] + (s[p - 1] == t[q - 1] ? 0 : 1), dp[p - 1][q] + 1, dp[p][q - 1] + 1, dp[p][q]);
    assigns dp[0..(m)][0..(n)];
*/
int _edit_distance(const char *s, const char *t, int dp[m + 1][n + 1]) {
    int i = 1, j = 1;

    // Loop A
    /*@
        loop invariant i_0: 1 <= i <= m && 1 <= j <= n;

        loop invariant i_1: \forall integer k; 0 <= k < i ==> dp[k][0] == k;

        loop invariant i_8: \forall integer k; 0 <= k < i && 0 <= l < n ==> dp[i][l] >= dp[m][n];

        loop invariant i_9: \forall integer k; 0 <= k < i && 0 <= l < n ==> dp[i][l] >= dp[0][0];

        loop invariant i_10: \forall integer k; 0 <= k < i && 0 <= l < n ==> dp[i][l] <= dp[k][l] + (l - k);


        loop assigns dp[1..(m)][1..(n)], i, j;
    */
    for (i = 1; i <= m; i++) {
        // Loop B
        /*@
            loop invariant i_11: 1 <= j <= n;

            loop invariant i_12: \forall integer k; 0 <= k < j ==> dp[0][k] == k;

            loop invariant i_13: \forall integer k; 0 <= k < j ==> dp[0][k] <= dp[0][j];

            loop invariant i_14: \forall integer k; 0 <= k < j && 0 <= l < n ==> dp[j][l] <= dp[0][n];

            loop invariant i_15: \forall integer k; 0 <= k < j && 0 <= l < n ==> dp[j][l] >= dp[0][k] + (j - k);

            loop invariant i_16: 1 <= i <= m && 1 <= j <= n;

            loop invariant i_17: \forall integer k; 0 <= k < i ==> dp[k][0] == k;

            loop invariant i_18: \forall integer k; 0 <= k < i && 0 <= l < n ==> dp[i][l] == min3(dp[i-1][l-1] + (s[i-1]==t[l-1]?0:1), dp[i-1][l] + 1, dp[i][l-1] + 1);

            loop invariant i_19: \forall integer k; 0 <= k < i && 0 <= l < n ==> dp[i][l] <= dp[i][n];

            loop invariant i_20: \forall integer k; 0 <= k < i && 0 <= l < n ==> dp[i][l] >= dp[i][l-1] + 1;

            loop invariant i_21: \forall integer k; 0 <= k < i && 0 <= l < n ==> dp[i][l] >= dp[k][l] + (i - k);

            loop invariant i_22: \forall integer k; 0 <= k < i && 0 <= l < n ==> dp[i][l] >= dp[m][n];

            loop invariant i_23: \forall integer k; 0 <= k < i && 0 <= l < n ==> dp[i][l] >= dp[0][0];

            loop invariant i_24: \forall integer k; 0 <= k < i && 0 <= l < n ==> dp[i][l] <= dp[k][l] + (l - k);


            loop assigns dp[i][1..(n)], j;
        */
        for (j = 1; j <= n; j++) {
            dp[i][j] = min3(dp[i - 1][j - 1] + (s[i - 1] == t[j - 1] ? 0 : 1), dp[i - 1][j] + 1, dp[i][j - 1] + 1);
        }
    }
    return dp[m][n];
}
----------------------------------------
------------Invariant Info-----------
LOOP A:
i_0: 1 <= i <= m && 1 <= j <= n
i_1: \forall integer k; 0 <= k < i ==> dp[k][0] == k
i_9: \forall integer k; 0 <= k < i && 0 <= l < n ==> dp[i][l] >= dp[0][0]
i_10: \forall integer k; 0 <= k < i && 0 <= l < n ==> dp[i][l] <= dp[k][l] + (l - k)
LOOP B:
i_11: 1 <= j <= n
i_12: \forall integer k; 0 <= k < j ==> dp[0][k] == k
i_13: \forall integer k; 0 <= k < j ==> dp[0][k] <= dp[0][j]
i_14: \forall integer k; 0 <= k < j && 0 <= l < n ==> dp[j][l] <= dp[0][n]
i_15: \forall integer k; 0 <= k < j && 0 <= l < n ==> dp[j][l] >= dp[0][k] + (j - k)
i_16: 1 <= i <= m && 1 <= j <= n
i_17: \forall integer k; 0 <= k < i ==> dp[k][0] == k
i_18: \forall integer k; 0 <= k < i && 0 <= l < n ==> dp[i][l] == min3(dp[i-1][l-1] + (s[i-1]==t[l-1]?0:1), dp[i-1][l] + 1, dp[i][l-1] + 1)
i_19: \forall integer k; 0 <= k < i && 0 <= l < n ==> dp[i][l] <= dp[i][n]
i_20: \forall integer k; 0 <= k < i && 0 <= l < n ==> dp[i][l] >= dp[i][l-1] + 1
i_21: \forall integer k; 0 <= k < i && 0 <= l < n ==> dp[i][l] >= dp[k][l] + (i - k)
i_22: \forall integer k; 0 <= k < i && 0 <= l < n ==> dp[i][l] >= dp[m][n]
i_23: \forall integer k; 0 <= k < i && 0 <= l < n ==> dp[i][l] >= dp[0][0]
i_24: \forall integer k; 0 <= k < i && 0 <= l < n ==> dp[i][l] <= dp[k][l] + (l - k)
------------------------------------
----------Code with Invariants----------
#define m 10
#define n 10

/*@
    predicate is_min3(integer a, integer b, integer c, integer result) =
        result <= a && 
        result <= b && 
        result <= c &&
        (result == a || result == b || result == c);
*/


/*@
    assigns \nothing;
    ensures is_min3(a, b, c, \result);
*/
int min3(int a, int b, int c) {
  int min_val = a;
  if (b < min_val) min_val = b;
  if (c < min_val) min_val = c;
  return min_val;
}


/*@
    requires \valid_read(s);
    requires \valid_read(t);
    requires \valid(s+(0..(m - 1)));
    requires \valid(t+(0..(n - 1)));
    requires \valid(dp + (0..(m)));
    requires \valid(dp[0..(m)] + (0..(n)));
    requires \forall integer i, j; 0 <= i <= m && 0 <= j <= m && i != j ==> \separated(&dp[i] + (0..(n)), &dp[j] + (0..(n)), &s[0..(n - 1)], &t);
    requires \forall integer k; 0 <= k <= n ==> dp[0][k] == k;
    requires \forall integer k; 0 <= k <= m ==> dp[k][0] == k;
    ensures e_1: \forall integer k; 0 <= k <= n ==> dp[0][k] == k;
    ensures e_2: \forall integer k; 0 <= k <= m ==> dp[k][0] == k;
    ensures e_3: \forall integer p, q; 1 <= p <= m && 1 <= q <= n ==> is_min3(dp[p - 1][q - 1] + (s[p - 1] == t[q - 1] ? 0 : 1), dp[p - 1][q] + 1, dp[p][q - 1] + 1, dp[p][q]);
    assigns dp[0..(m)][0..(n)];
*/
int _edit_distance(const char *s, const char *t, int dp[m + 1][n + 1]) {
    int i = 1, j = 1;

    // Loop A
    /*@
        loop invariant i_0: 1 <= i <= m && 1 <= j <= n;

        loop invariant i_1: \forall integer k; 0 <= k < i ==> dp[k][0] == k;

        loop invariant i_9: \forall integer k; 0 <= k < i && 0 <= l < n ==> dp[i][l] >= dp[0][0];

        loop invariant i_10: \forall integer k; 0 <= k < i && 0 <= l < n ==> dp[i][l] <= dp[k][l] + (l - k);


        loop assigns dp[1..(m)][1..(n)], i, j;
    */
    for (i = 1; i <= m; i++) {
        // Loop B
        /*@
            loop invariant i_11: 1 <= j <= n;

            loop invariant i_12: \forall integer k; 0 <= k < j ==> dp[0][k] == k;

            loop invariant i_13: \forall integer k; 0 <= k < j ==> dp[0][k] <= dp[0][j];

            loop invariant i_14: \forall integer k; 0 <= k < j && 0 <= l < n ==> dp[j][l] <= dp[0][n];

            loop invariant i_15: \forall integer k; 0 <= k < j && 0 <= l < n ==> dp[j][l] >= dp[0][k] + (j - k);

            loop invariant i_16: 1 <= i <= m && 1 <= j <= n;

            loop invariant i_17: \forall integer k; 0 <= k < i ==> dp[k][0] == k;

            loop invariant i_18: \forall integer k; 0 <= k < i && 0 <= l < n ==> dp[i][l] == min3(dp[i-1][l-1] + (s[i-1]==t[l-1]?0:1), dp[i-1][l] + 1, dp[i][l-1] + 1);

            loop invariant i_19: \forall integer k; 0 <= k < i && 0 <= l < n ==> dp[i][l] <= dp[i][n];

            loop invariant i_20: \forall integer k; 0 <= k < i && 0 <= l < n ==> dp[i][l] >= dp[i][l-1] + 1;

            loop invariant i_21: \forall integer k; 0 <= k < i && 0 <= l < n ==> dp[i][l] >= dp[k][l] + (i - k);

            loop invariant i_22: \forall integer k; 0 <= k < i && 0 <= l < n ==> dp[i][l] >= dp[m][n];

            loop invariant i_23: \forall integer k; 0 <= k < i && 0 <= l < n ==> dp[i][l] >= dp[0][0];

            loop invariant i_24: \forall integer k; 0 <= k < i && 0 <= l < n ==> dp[i][l] <= dp[k][l] + (l - k);


            loop assigns dp[i][1..(n)], j;
        */
        for (j = 1; j <= n; j++) {
            dp[i][j] = min3(dp[i - 1][j - 1] + (s[i - 1] == t[j - 1] ? 0 : 1), dp[i - 1][j] + 1, dp[i][j - 1] + 1);
        }
    }
    return dp[m][n];
}
----------------------------------------
------------Invariant Info-----------
LOOP A:
i_0: 1 <= i <= m && 1 <= j <= n
i_1: \forall integer k; 0 <= k < i ==> dp[k][0] == k
i_10: \forall integer k; 0 <= k < i && 0 <= l < n ==> dp[i][l] <= dp[k][l] + (l - k)
LOOP B:
i_11: 1 <= j <= n
i_12: \forall integer k; 0 <= k < j ==> dp[0][k] == k
i_13: \forall integer k; 0 <= k < j ==> dp[0][k] <= dp[0][j]
i_14: \forall integer k; 0 <= k < j && 0 <= l < n ==> dp[j][l] <= dp[0][n]
i_15: \forall integer k; 0 <= k < j && 0 <= l < n ==> dp[j][l] >= dp[0][k] + (j - k)
i_16: 1 <= i <= m && 1 <= j <= n
i_17: \forall integer k; 0 <= k < i ==> dp[k][0] == k
i_18: \forall integer k; 0 <= k < i && 0 <= l < n ==> dp[i][l] == min3(dp[i-1][l-1] + (s[i-1]==t[l-1]?0:1), dp[i-1][l] + 1, dp[i][l-1] + 1)
i_19: \forall integer k; 0 <= k < i && 0 <= l < n ==> dp[i][l] <= dp[i][n]
i_20: \forall integer k; 0 <= k < i && 0 <= l < n ==> dp[i][l] >= dp[i][l-1] + 1
i_21: \forall integer k; 0 <= k < i && 0 <= l < n ==> dp[i][l] >= dp[k][l] + (i - k)
i_22: \forall integer k; 0 <= k < i && 0 <= l < n ==> dp[i][l] >= dp[m][n]
i_23: \forall integer k; 0 <= k < i && 0 <= l < n ==> dp[i][l] >= dp[0][0]
i_24: \forall integer k; 0 <= k < i && 0 <= l < n ==> dp[i][l] <= dp[k][l] + (l - k)
------------------------------------
----------Code with Invariants----------
#define m 10
#define n 10

/*@
    predicate is_min3(integer a, integer b, integer c, integer result) =
        result <= a && 
        result <= b && 
        result <= c &&
        (result == a || result == b || result == c);
*/


/*@
    assigns \nothing;
    ensures is_min3(a, b, c, \result);
*/
int min3(int a, int b, int c) {
  int min_val = a;
  if (b < min_val) min_val = b;
  if (c < min_val) min_val = c;
  return min_val;
}


/*@
    requires \valid_read(s);
    requires \valid_read(t);
    requires \valid(s+(0..(m - 1)));
    requires \valid(t+(0..(n - 1)));
    requires \valid(dp + (0..(m)));
    requires \valid(dp[0..(m)] + (0..(n)));
    requires \forall integer i, j; 0 <= i <= m && 0 <= j <= m && i != j ==> \separated(&dp[i] + (0..(n)), &dp[j] + (0..(n)), &s[0..(n - 1)], &t);
    requires \forall integer k; 0 <= k <= n ==> dp[0][k] == k;
    requires \forall integer k; 0 <= k <= m ==> dp[k][0] == k;
    ensures e_1: \forall integer k; 0 <= k <= n ==> dp[0][k] == k;
    ensures e_2: \forall integer k; 0 <= k <= m ==> dp[k][0] == k;
    ensures e_3: \forall integer p, q; 1 <= p <= m && 1 <= q <= n ==> is_min3(dp[p - 1][q - 1] + (s[p - 1] == t[q - 1] ? 0 : 1), dp[p - 1][q] + 1, dp[p][q - 1] + 1, dp[p][q]);
    assigns dp[0..(m)][0..(n)];
*/
int _edit_distance(const char *s, const char *t, int dp[m + 1][n + 1]) {
    int i = 1, j = 1;

    // Loop A
    /*@
        loop invariant i_0: 1 <= i <= m && 1 <= j <= n;

        loop invariant i_1: \forall integer k; 0 <= k < i ==> dp[k][0] == k;

        loop invariant i_10: \forall integer k; 0 <= k < i && 0 <= l < n ==> dp[i][l] <= dp[k][l] + (l - k);


        loop assigns dp[1..(m)][1..(n)], i, j;
    */
    for (i = 1; i <= m; i++) {
        // Loop B
        /*@
            loop invariant i_11: 1 <= j <= n;

            loop invariant i_12: \forall integer k; 0 <= k < j ==> dp[0][k] == k;

            loop invariant i_13: \forall integer k; 0 <= k < j ==> dp[0][k] <= dp[0][j];

            loop invariant i_14: \forall integer k; 0 <= k < j && 0 <= l < n ==> dp[j][l] <= dp[0][n];

            loop invariant i_15: \forall integer k; 0 <= k < j && 0 <= l < n ==> dp[j][l] >= dp[0][k] + (j - k);

            loop invariant i_16: 1 <= i <= m && 1 <= j <= n;

            loop invariant i_17: \forall integer k; 0 <= k < i ==> dp[k][0] == k;

            loop invariant i_18: \forall integer k; 0 <= k < i && 0 <= l < n ==> dp[i][l] == min3(dp[i-1][l-1] + (s[i-1]==t[l-1]?0:1), dp[i-1][l] + 1, dp[i][l-1] + 1);

            loop invariant i_19: \forall integer k; 0 <= k < i && 0 <= l < n ==> dp[i][l] <= dp[i][n];

            loop invariant i_20: \forall integer k; 0 <= k < i && 0 <= l < n ==> dp[i][l] >= dp[i][l-1] + 1;

            loop invariant i_21: \forall integer k; 0 <= k < i && 0 <= l < n ==> dp[i][l] >= dp[k][l] + (i - k);

            loop invariant i_22: \forall integer k; 0 <= k < i && 0 <= l < n ==> dp[i][l] >= dp[m][n];

            loop invariant i_23: \forall integer k; 0 <= k < i && 0 <= l < n ==> dp[i][l] >= dp[0][0];

            loop invariant i_24: \forall integer k; 0 <= k < i && 0 <= l < n ==> dp[i][l] <= dp[k][l] + (l - k);


            loop assigns dp[i][1..(n)], j;
        */
        for (j = 1; j <= n; j++) {
            dp[i][j] = min3(dp[i - 1][j - 1] + (s[i - 1] == t[j - 1] ? 0 : 1), dp[i - 1][j] + 1, dp[i][j - 1] + 1);
        }
    }
    return dp[m][n];
}
----------------------------------------
------------Invariant Info-----------
LOOP A:
i_0: 1 <= i <= m && 1 <= j <= n
i_1: \forall integer k; 0 <= k < i ==> dp[k][0] == k
LOOP B:
i_11: 1 <= j <= n
i_12: \forall integer k; 0 <= k < j ==> dp[0][k] == k
i_13: \forall integer k; 0 <= k < j ==> dp[0][k] <= dp[0][j]
i_14: \forall integer k; 0 <= k < j && 0 <= l < n ==> dp[j][l] <= dp[0][n]
i_15: \forall integer k; 0 <= k < j && 0 <= l < n ==> dp[j][l] >= dp[0][k] + (j - k)
i_16: 1 <= i <= m && 1 <= j <= n
i_17: \forall integer k; 0 <= k < i ==> dp[k][0] == k
i_18: \forall integer k; 0 <= k < i && 0 <= l < n ==> dp[i][l] == min3(dp[i-1][l-1] + (s[i-1]==t[l-1]?0:1), dp[i-1][l] + 1, dp[i][l-1] + 1)
i_19: \forall integer k; 0 <= k < i && 0 <= l < n ==> dp[i][l] <= dp[i][n]
i_20: \forall integer k; 0 <= k < i && 0 <= l < n ==> dp[i][l] >= dp[i][l-1] + 1
i_21: \forall integer k; 0 <= k < i && 0 <= l < n ==> dp[i][l] >= dp[k][l] + (i - k)
i_22: \forall integer k; 0 <= k < i && 0 <= l < n ==> dp[i][l] >= dp[m][n]
i_23: \forall integer k; 0 <= k < i && 0 <= l < n ==> dp[i][l] >= dp[0][0]
i_24: \forall integer k; 0 <= k < i && 0 <= l < n ==> dp[i][l] <= dp[k][l] + (l - k)
------------------------------------
----------Code with Invariants----------
#define m 10
#define n 10

/*@
    predicate is_min3(integer a, integer b, integer c, integer result) =
        result <= a && 
        result <= b && 
        result <= c &&
        (result == a || result == b || result == c);
*/


/*@
    assigns \nothing;
    ensures is_min3(a, b, c, \result);
*/
int min3(int a, int b, int c) {
  int min_val = a;
  if (b < min_val) min_val = b;
  if (c < min_val) min_val = c;
  return min_val;
}


/*@
    requires \valid_read(s);
    requires \valid_read(t);
    requires \valid(s+(0..(m - 1)));
    requires \valid(t+(0..(n - 1)));
    requires \valid(dp + (0..(m)));
    requires \valid(dp[0..(m)] + (0..(n)));
    requires \forall integer i, j; 0 <= i <= m && 0 <= j <= m && i != j ==> \separated(&dp[i] + (0..(n)), &dp[j] + (0..(n)), &s[0..(n - 1)], &t);
    requires \forall integer k; 0 <= k <= n ==> dp[0][k] == k;
    requires \forall integer k; 0 <= k <= m ==> dp[k][0] == k;
    ensures e_1: \forall integer k; 0 <= k <= n ==> dp[0][k] == k;
    ensures e_2: \forall integer k; 0 <= k <= m ==> dp[k][0] == k;
    ensures e_3: \forall integer p, q; 1 <= p <= m && 1 <= q <= n ==> is_min3(dp[p - 1][q - 1] + (s[p - 1] == t[q - 1] ? 0 : 1), dp[p - 1][q] + 1, dp[p][q - 1] + 1, dp[p][q]);
    assigns dp[0..(m)][0..(n)];
*/
int _edit_distance(const char *s, const char *t, int dp[m + 1][n + 1]) {
    int i = 1, j = 1;

    // Loop A
    /*@
        loop invariant i_0: 1 <= i <= m && 1 <= j <= n;

        loop invariant i_1: \forall integer k; 0 <= k < i ==> dp[k][0] == k;


        loop assigns dp[1..(m)][1..(n)], i, j;
    */
    for (i = 1; i <= m; i++) {
        // Loop B
        /*@
            loop invariant i_11: 1 <= j <= n;

            loop invariant i_12: \forall integer k; 0 <= k < j ==> dp[0][k] == k;

            loop invariant i_13: \forall integer k; 0 <= k < j ==> dp[0][k] <= dp[0][j];

            loop invariant i_14: \forall integer k; 0 <= k < j && 0 <= l < n ==> dp[j][l] <= dp[0][n];

            loop invariant i_15: \forall integer k; 0 <= k < j && 0 <= l < n ==> dp[j][l] >= dp[0][k] + (j - k);

            loop invariant i_16: 1 <= i <= m && 1 <= j <= n;

            loop invariant i_17: \forall integer k; 0 <= k < i ==> dp[k][0] == k;

            loop invariant i_18: \forall integer k; 0 <= k < i && 0 <= l < n ==> dp[i][l] == min3(dp[i-1][l-1] + (s[i-1]==t[l-1]?0:1), dp[i-1][l] + 1, dp[i][l-1] + 1);

            loop invariant i_19: \forall integer k; 0 <= k < i && 0 <= l < n ==> dp[i][l] <= dp[i][n];

            loop invariant i_20: \forall integer k; 0 <= k < i && 0 <= l < n ==> dp[i][l] >= dp[i][l-1] + 1;

            loop invariant i_21: \forall integer k; 0 <= k < i && 0 <= l < n ==> dp[i][l] >= dp[k][l] + (i - k);

            loop invariant i_22: \forall integer k; 0 <= k < i && 0 <= l < n ==> dp[i][l] >= dp[m][n];

            loop invariant i_23: \forall integer k; 0 <= k < i && 0 <= l < n ==> dp[i][l] >= dp[0][0];

            loop invariant i_24: \forall integer k; 0 <= k < i && 0 <= l < n ==> dp[i][l] <= dp[k][l] + (l - k);


            loop assigns dp[i][1..(n)], j;
        */
        for (j = 1; j <= n; j++) {
            dp[i][j] = min3(dp[i - 1][j - 1] + (s[i - 1] == t[j - 1] ? 0 : 1), dp[i - 1][j] + 1, dp[i][j - 1] + 1);
        }
    }
    return dp[m][n];
}
----------------------------------------
------------Invariant Info-----------
LOOP A:
i_0: 1 <= i <= m && 1 <= j <= n
i_1: \forall integer k; 0 <= k < i ==> dp[k][0] == k
LOOP B:
i_11: 1 <= j <= n
i_12: \forall integer k; 0 <= k < j ==> dp[0][k] == k
i_13: \forall integer k; 0 <= k < j ==> dp[0][k] <= dp[0][j]
i_15: \forall integer k; 0 <= k < j && 0 <= l < n ==> dp[j][l] >= dp[0][k] + (j - k)
i_16: 1 <= i <= m && 1 <= j <= n
i_17: \forall integer k; 0 <= k < i ==> dp[k][0] == k
i_18: \forall integer k; 0 <= k < i && 0 <= l < n ==> dp[i][l] == min3(dp[i-1][l-1] + (s[i-1]==t[l-1]?0:1), dp[i-1][l] + 1, dp[i][l-1] + 1)
i_19: \forall integer k; 0 <= k < i && 0 <= l < n ==> dp[i][l] <= dp[i][n]
i_20: \forall integer k; 0 <= k < i && 0 <= l < n ==> dp[i][l] >= dp[i][l-1] + 1
i_21: \forall integer k; 0 <= k < i && 0 <= l < n ==> dp[i][l] >= dp[k][l] + (i - k)
i_22: \forall integer k; 0 <= k < i && 0 <= l < n ==> dp[i][l] >= dp[m][n]
i_23: \forall integer k; 0 <= k < i && 0 <= l < n ==> dp[i][l] >= dp[0][0]
i_24: \forall integer k; 0 <= k < i && 0 <= l < n ==> dp[i][l] <= dp[k][l] + (l - k)
------------------------------------
----------Code with Invariants----------
#define m 10
#define n 10

/*@
    predicate is_min3(integer a, integer b, integer c, integer result) =
        result <= a && 
        result <= b && 
        result <= c &&
        (result == a || result == b || result == c);
*/


/*@
    assigns \nothing;
    ensures is_min3(a, b, c, \result);
*/
int min3(int a, int b, int c) {
  int min_val = a;
  if (b < min_val) min_val = b;
  if (c < min_val) min_val = c;
  return min_val;
}


/*@
    requires \valid_read(s);
    requires \valid_read(t);
    requires \valid(s+(0..(m - 1)));
    requires \valid(t+(0..(n - 1)));
    requires \valid(dp + (0..(m)));
    requires \valid(dp[0..(m)] + (0..(n)));
    requires \forall integer i, j; 0 <= i <= m && 0 <= j <= m && i != j ==> \separated(&dp[i] + (0..(n)), &dp[j] + (0..(n)), &s[0..(n - 1)], &t);
    requires \forall integer k; 0 <= k <= n ==> dp[0][k] == k;
    requires \forall integer k; 0 <= k <= m ==> dp[k][0] == k;
    ensures e_1: \forall integer k; 0 <= k <= n ==> dp[0][k] == k;
    ensures e_2: \forall integer k; 0 <= k <= m ==> dp[k][0] == k;
    ensures e_3: \forall integer p, q; 1 <= p <= m && 1 <= q <= n ==> is_min3(dp[p - 1][q - 1] + (s[p - 1] == t[q - 1] ? 0 : 1), dp[p - 1][q] + 1, dp[p][q - 1] + 1, dp[p][q]);
    assigns dp[0..(m)][0..(n)];
*/
int _edit_distance(const char *s, const char *t, int dp[m + 1][n + 1]) {
    int i = 1, j = 1;

    // Loop A
    /*@
        loop invariant i_0: 1 <= i <= m && 1 <= j <= n;

        loop invariant i_1: \forall integer k; 0 <= k < i ==> dp[k][0] == k;


        loop assigns dp[1..(m)][1..(n)], i, j;
    */
    for (i = 1; i <= m; i++) {
        // Loop B
        /*@
            loop invariant i_11: 1 <= j <= n;

            loop invariant i_12: \forall integer k; 0 <= k < j ==> dp[0][k] == k;

            loop invariant i_13: \forall integer k; 0 <= k < j ==> dp[0][k] <= dp[0][j];

            loop invariant i_15: \forall integer k; 0 <= k < j && 0 <= l < n ==> dp[j][l] >= dp[0][k] + (j - k);

            loop invariant i_16: 1 <= i <= m && 1 <= j <= n;

            loop invariant i_17: \forall integer k; 0 <= k < i ==> dp[k][0] == k;

            loop invariant i_18: \forall integer k; 0 <= k < i && 0 <= l < n ==> dp[i][l] == min3(dp[i-1][l-1] + (s[i-1]==t[l-1]?0:1), dp[i-1][l] + 1, dp[i][l-1] + 1);

            loop invariant i_19: \forall integer k; 0 <= k < i && 0 <= l < n ==> dp[i][l] <= dp[i][n];

            loop invariant i_20: \forall integer k; 0 <= k < i && 0 <= l < n ==> dp[i][l] >= dp[i][l-1] + 1;

            loop invariant i_21: \forall integer k; 0 <= k < i && 0 <= l < n ==> dp[i][l] >= dp[k][l] + (i - k);

            loop invariant i_22: \forall integer k; 0 <= k < i && 0 <= l < n ==> dp[i][l] >= dp[m][n];

            loop invariant i_23: \forall integer k; 0 <= k < i && 0 <= l < n ==> dp[i][l] >= dp[0][0];

            loop invariant i_24: \forall integer k; 0 <= k < i && 0 <= l < n ==> dp[i][l] <= dp[k][l] + (l - k);


            loop assigns dp[i][1..(n)], j;
        */
        for (j = 1; j <= n; j++) {
            dp[i][j] = min3(dp[i - 1][j - 1] + (s[i - 1] == t[j - 1] ? 0 : 1), dp[i - 1][j] + 1, dp[i][j - 1] + 1);
        }
    }
    return dp[m][n];
}
----------------------------------------
---------Result---------
Fail
Model: openPangu-Embedded-7B-V1.1
Running time: 209.21399211883545
Proposal number: 11
Verified code:

------------------------
