-----------Model-----------
Model type:
PanguEmbeddedForCausalLM(
  (model): PanguEmbeddedModel(
    (embed_tokens): Embedding(153376, 4096, padding_idx=0)
    (layers): ModuleList(
      (0-33): 34 x PanguEmbeddedDecoderLayer(
        (self_attn): PanguEmbeddedAttention(
          (q_proj): Linear(in_features=4096, out_features=4096, bias=True)
          (k_proj): Linear(in_features=4096, out_features=1024, bias=True)
          (v_proj): Linear(in_features=4096, out_features=1024, bias=True)
          (o_proj): Linear(in_features=4096, out_features=4096, bias=True)
        )
        (mlp): PanguEmbeddedMLP(
          (gate_proj): Linear(in_features=4096, out_features=12800, bias=False)
          (up_proj): Linear(in_features=4096, out_features=12800, bias=False)
          (down_proj): Linear(in_features=12800, out_features=4096, bias=False)
          (act_fn): SiLU()
        )
        (input_layernorm): PanguEmbeddedRMSNorm((4096,), eps=1e-05)
        (post_attention_layernorm): PanguEmbeddedRMSNorm((4096,), eps=1e-05)
      )
    )
    (norm): PanguEmbeddedRMSNorm((4096,), eps=1e-05)
    (rotary_emb): PanguEmbeddedRotaryEmbedding()
  )
  (lm_head): Linear(in_features=4096, out_features=153376, bias=False)
)
Model device:
npu:1
---------------------------
File Path: ../Benchmark/acsl-algorithms/_lis.c
----------Code----------
/*@
    requires n > 1;
    requires \valid(arr + (0..(n - 1)));
    requires \valid(dp + (0..(n - 1)));
    requires \separated(&arr[0..(n - 1)], &dp[0..(n - 1)]);
    requires \forall integer k; 0 <= k < n ==> dp[k] == 1;
    ensures e_1: \forall integer p, q; (0 <= q < p < n && arr[q] < arr[p]) ==> dp[p] >= dp[q] + 1;
    ensures e_2: \forall integer q; (0 <= q < n) ==> \result >= dp[q];
    ensures e_3: \exists integer q; (0 <= q < n) && \result == dp[q];
    assigns dp[0..(n - 1)];
*/
int _lis(int arr[], int n, int dp[]) {
    /*@
        loop assigns dp[0..(n - 1)];
        loop assigns i;
    */
    for (int i = 0; i < n; i++) {
        //@ ghost int cur = -1; 
        /*@
            loop assigns dp[i];
            loop assigns j;
            loop assigns cur;
        */
        for (int j = 0; j < i; j++) {
            if (arr[j] < arr[i]){
                if (dp[i] < dp[j] + 1){
                    dp[i] = dp[j] + 1;
                    //@ ghost cur = j;
                }
            }
        }
    }

    //@ ghost int res = 0;
    int ans = dp[0];

    /*@
        loop assigns i;
        loop assigns res;
        loop assigns ans;
    */
    for (int i = 0; i < n; i++) {
        if (dp[i] > ans) {
            ans = dp[i];
            //@ ghost res = i;
        }
    }

    return ans;
}
------------------------
========== Attempt 1 ==========
----------Prompt----------

/*@
    requires n > 1;
    requires \valid(arr + (0..(n - 1)));
    requires \valid(dp + (0..(n - 1)));
    requires \separated(&arr[0..(n - 1)], &dp[0..(n - 1)]);
    requires \forall integer k; 0 <= k < n ==> dp[k] == 1;
    ensures e_1: \forall integer p, q; (0 <= q < p < n && arr[q] < arr[p]) ==> dp[p] >= dp[q] + 1;
    ensures e_2: \forall integer q; (0 <= q < n) ==> \result >= dp[q];
    ensures e_3: \exists integer q; (0 <= q < n) && \result == dp[q];
    assigns dp[0..(n - 1)];
*/
int _lis(int arr[], int n, int dp[]) {
    // Loop A
    /*@
        [Hint] Please infer the loop invariant for the following loop.

        loop assigns dp[0..(n - 1)];
        loop assigns i;
    */
    for (int i = 0; i < n; i++) {
        //@ ghost int cur = -1; 
        // Loop B
        /*@
            loop assigns dp[i];
            loop assigns j;
            loop assigns cur;
        */
        for (int j = 0; j < i; j++) {
            if (arr[j] < arr[i]){
                if (dp[i] < dp[j] + 1){
                    dp[i] = dp[j] + 1;
                    //@ ghost cur = j;
                }
            }
        }
    }

    //@ ghost int res = 0;
    int ans = dp[0];

    // Loop C
    /*@
        loop assigns i;
        loop assigns res;
        loop assigns ans;
    */
    for (int i = 0; i < n; i++) {
        if (dp[i] > ans) {
            ans = dp[i];
            //@ ghost res = i;
        }
    }

    return ans;
}
You are an expert in program verification, and please generate loop invariant as C annotation comments at the hint location (annotated by "[Hint] Please infer the loop invariant for the following loop.") using ACSL language.
ACSL is a specification language for C programs that conforms to the design by contract paradigm, utilizing Hoare style pre- and postconditions and invariants. Note that the `loop invariant` clause is a condition that is true at the beginning and end of every loop iteration.
Specifically, for the current verification task:
    - Pre-condition: the function's `requires` clauses
    - Post-condition: 
Please verify that the generated loop invariant is consistent with these constraints. If these specific pre- or post-conditions are not provided or empty, please infer the loop invariant strictly based on the program's execution logic and standard correctness.
In order to get a correct answer, You may want to consider both the situation of not entering the loop and the situation of jumping out of the loop. If some of the pre-conditions are also loop invariant, you need to add them to your answer as well.
Use '&&', '||', '==>', '\forall' or '\exists' if necessary. For instance:
```
loop invariant 1 <= x;
loop invariant x == y;
loop invariant 0 < x ==> y <= z;
loop invariant z % 2 == 1 || x == y;
loop invariant z % 2 == 1 && x <= y;
loop invariant \forall integer k;  0 <= k < i ==> max >=  a[k];
loop invariant \exists integer k;  0 <= k < i &&  max == a[k];
loop invariant \forall integer p; 0 <= p < \at(k, End_l) ==> res[p] == \at(res[p], End_l);
```
Your answer should follow the following format:
```
loop invariant ...;
loop invariant ...;
...
```
No explanation. No commentary. Just show me the loop invariant.
 /no_think
--------------------------
----------Response----------
[unused16][unused17][Loop <Loop A>]
loop invariant 0 <= i < n;
loop invariant \forall integer k; 0 <= k < i ==> dp[k] >= 1;
loop invariant \forall integer k; 0 <= k < i ==> dp[k] >= dp[i];
[Loop <Loop B>]
loop invariant 0 <= j < i;
loop invariant \forall integer k; 0 <= k < j < i ==> dp[j] < dp[i];
[Loop <Loop C>]
loop invariant 0 <= i < n;
loop invariant \forall integer k; 0 <= k < n ==> dp[k] >= ans;
loop invariant \exists integer k; 0 <= k < n && dp[k] == ans;
```
----------------------------
----------Prompt----------

/*@
    requires n > 1;
    requires \valid(arr + (0..(n - 1)));
    requires \valid(dp + (0..(n - 1)));
    requires \separated(&arr[0..(n - 1)], &dp[0..(n - 1)]);
    requires \forall integer k; 0 <= k < n ==> dp[k] == 1;
    ensures e_1: \forall integer p, q; (0 <= q < p < n && arr[q] < arr[p]) ==> dp[p] >= dp[q] + 1;
    ensures e_2: \forall integer q; (0 <= q < n) ==> \result >= dp[q];
    ensures e_3: \exists integer q; (0 <= q < n) && \result == dp[q];
    assigns dp[0..(n - 1)];
*/
int _lis(int arr[], int n, int dp[]) {
    // Loop A
    /*@
        loop invariant i_0: 0 <= i < n;

        loop invariant i_1: \forall integer k; 0 <= k < i ==> dp[k] >= 1;

        loop invariant i_2: \forall integer k; 0 <= k < i ==> dp[k] >= dp[i];

        loop invariant i_3: 0 <= j < i;

        loop invariant i_4: \forall integer k; 0 <= k < j < i ==> dp[j] < dp[i];

        loop invariant i_5: \forall integer k; 0 <= k < n ==> dp[k] >= ans;

        loop invariant i_6: \exists integer k; 0 <= k < n && dp[k] == ans;


        loop assigns dp[0..(n - 1)];
        loop assigns i;
    */
    for (int i = 0; i < n; i++) {
        //@ ghost int cur = -1; 
        // Loop B
        /*@
            loop assigns dp[i];
            loop assigns j;
            loop assigns cur;
        */
        for (int j = 0; j < i; j++) {
            if (arr[j] < arr[i]){
                if (dp[i] < dp[j] + 1){
                    dp[i] = dp[j] + 1;
                    //@ ghost cur = j;
                }
            }
        }
    }

    //@ ghost int res = 0;
    int ans = dp[0];

    // Loop C
    /*@
        [Hint] Please infer the loop invariant for the following loop.

        loop assigns i;
        loop assigns res;
        loop assigns ans;
    */
    for (int i = 0; i < n; i++) {
        if (dp[i] > ans) {
            ans = dp[i];
            //@ ghost res = i;
        }
    }

    return ans;
}
You are an expert in program verification, and please generate loop invariant as C annotation comments at the hint location (annotated by "[Hint] Please infer the loop invariant for the following loop.") using ACSL language.
ACSL is a specification language for C programs that conforms to the design by contract paradigm, utilizing Hoare style pre- and postconditions and invariants. Note that the `loop invariant` clause is a condition that is true at the beginning and end of every loop iteration.
Specifically, for the current verification task:
    - Pre-condition: i_0:0 <= i < n; i_1:\forall integer k; 0 <= k < i ==> dp[k] >= 1; i_2:\forall integer k; 0 <= k < i ==> dp[k] >= dp[i]; i_3:0 <= j < i; i_4:\forall integer k; 0 <= k < j < i ==> dp[j] < dp[i]; i_5:\forall integer k; 0 <= k < n ==> dp[k] >= ans; i_6:\exists integer k; 0 <= k < n && dp[k] == ans; 
    - Post-condition: e_1:\forall integer p, q; (0 <= q < p < n && arr[q] < arr[p]) ==> dp[p] >= dp[q] + 1; e_2:\forall integer q; (0 <= q < n) ==> \result >= dp[q]; e_3:\exists integer q; (0 <= q < n) && \result == dp[q]; 
Please verify that the generated loop invariant is consistent with these constraints. If these specific pre- or post-conditions are not provided or empty, please infer the loop invariant strictly based on the program's execution logic and standard correctness.
In order to get a correct answer, You may want to consider both the situation of not entering the loop and the situation of jumping out of the loop. If some of the pre-conditions are also loop invariant, you need to add them to your answer as well.
Use '&&', '||', '==>', '\forall' or '\exists' if necessary. For instance:
```
loop invariant 1 <= x;
loop invariant x == y;
loop invariant 0 < x ==> y <= z;
loop invariant z % 2 == 1 || x == y;
loop invariant z % 2 == 1 && x <= y;
loop invariant \forall integer k;  0 <= k < i ==> max >=  a[k];
loop invariant \exists integer k;  0 <= k < i &&  max == a[k];
loop invariant \forall integer p; 0 <= p < \at(k, End_l) ==> res[p] == \at(res[p], End_l);
```
Your answer should follow the following format:
```
loop invariant ...;
loop invariant ...;
...
```
No explanation. No commentary. Just show me the loop invariant.
 /no_think
--------------------------
----------Response----------
[unused16][unused17][Loop <CUR_LOOP>]  
loop invariant \forall integer k; 0 <= k < i ==> dp[k] >= 1;  
loop invariant \forall integer k; 0 <= k < i ==> dp[k] >= dp[i];  
loop invariant 0 <= j < i;  
loop invariant \forall integer k; 0 <= k < j < i ==> dp[j] < dp[i];  
loop invariant \forall integer k; 0 <= k < n ==> dp[k] >= ans;  
loop invariant \exists integer k; 0 <= k < n && dp[k] == ans;  
loop invariant ans >= 0;
----------------------------
----------Prompt----------

/*@
    requires n > 1;
    requires \valid(arr + (0..(n - 1)));
    requires \valid(dp + (0..(n - 1)));
    requires \separated(&arr[0..(n - 1)], &dp[0..(n - 1)]);
    requires \forall integer k; 0 <= k < n ==> dp[k] == 1;
    ensures e_1: \forall integer p, q; (0 <= q < p < n && arr[q] < arr[p]) ==> dp[p] >= dp[q] + 1;
    ensures e_2: \forall integer q; (0 <= q < n) ==> \result >= dp[q];
    ensures e_3: \exists integer q; (0 <= q < n) && \result == dp[q];
    assigns dp[0..(n - 1)];
*/
int _lis(int arr[], int n, int dp[]) {
    // Loop A
    /*@
        loop invariant i_0: 0 <= i < n;

        loop invariant i_1: \forall integer k; 0 <= k < i ==> dp[k] >= 1;

        loop invariant i_2: \forall integer k; 0 <= k < i ==> dp[k] >= dp[i];

        loop invariant i_3: 0 <= j < i;

        loop invariant i_4: \forall integer k; 0 <= k < j < i ==> dp[j] < dp[i];

        loop invariant i_5: \forall integer k; 0 <= k < n ==> dp[k] >= ans;

        loop invariant i_6: \exists integer k; 0 <= k < n && dp[k] == ans;


        loop assigns dp[0..(n - 1)];
        loop assigns i;
    */
    for (int i = 0; i < n; i++) {
        //@ ghost int cur = -1; 
        // Loop B
        /*@
            [Hint] Please infer the loop invariant for the following loop.

            loop assigns dp[i];
            loop assigns j;
            loop assigns cur;
        */
        for (int j = 0; j < i; j++) {
            if (arr[j] < arr[i]){
                if (dp[i] < dp[j] + 1){
                    dp[i] = dp[j] + 1;
                    //@ ghost cur = j;
                }
            }
        }
    }

    //@ ghost int res = 0;
    int ans = dp[0];

    // Loop C
    /*@
        loop invariant i_7: \forall integer k; 0 <= k < i ==> dp[k] >= 1;

        loop invariant i_8: \forall integer k; 0 <= k < i ==> dp[k] >= dp[i];

        loop invariant i_9: 0 <= j < i;

        loop invariant i_10: \forall integer k; 0 <= k < j < i ==> dp[j] < dp[i];

        loop invariant i_11: \forall integer k; 0 <= k < n ==> dp[k] >= ans;

        loop invariant i_12: \exists integer k; 0 <= k < n && dp[k] == ans;

        loop invariant i_13: ans >= 0;


        loop assigns i;
        loop assigns res;
        loop assigns ans;
    */
    for (int i = 0; i < n; i++) {
        if (dp[i] > ans) {
            ans = dp[i];
            //@ ghost res = i;
        }
    }

    return ans;
}
You are an expert in program verification, and please generate loop invariant as C annotation comments at the hint location (annotated by "[Hint] Please infer the loop invariant for the following loop.") using ACSL language.
ACSL is a specification language for C programs that conforms to the design by contract paradigm, utilizing Hoare style pre- and postconditions and invariants. Note that the `loop invariant` clause is a condition that is true at the beginning and end of every loop iteration.
Specifically, for the current verification task:
    - Pre-condition: i_0:0 <= i < n; i_1:\forall integer k; 0 <= k < i ==> dp[k] >= 1; i_2:\forall integer k; 0 <= k < i ==> dp[k] >= dp[i]; i_3:0 <= j < i; i_4:\forall integer k; 0 <= k < j < i ==> dp[j] < dp[i]; i_5:\forall integer k; 0 <= k < n ==> dp[k] >= ans; i_6:\exists integer k; 0 <= k < n && dp[k] == ans; 
    - Post-condition: i_0:0 <= i < n; i_1:\forall integer k; 0 <= k < i ==> dp[k] >= 1; i_2:\forall integer k; 0 <= k < i ==> dp[k] >= dp[i]; i_3:0 <= j < i; i_4:\forall integer k; 0 <= k < j < i ==> dp[j] < dp[i]; i_5:\forall integer k; 0 <= k < n ==> dp[k] >= ans; i_6:\exists integer k; 0 <= k < n && dp[k] == ans; 
Please verify that the generated loop invariant is consistent with these constraints. If these specific pre- or post-conditions are not provided or empty, please infer the loop invariant strictly based on the program's execution logic and standard correctness.
In order to get a correct answer, You may want to consider both the situation of not entering the loop and the situation of jumping out of the loop. If some of the pre-conditions are also loop invariant, you need to add them to your answer as well.
Use '&&', '||', '==>', '\forall' or '\exists' if necessary. For instance:
```
loop invariant 1 <= x;
loop invariant x == y;
loop invariant 0 < x ==> y <= z;
loop invariant z % 2 == 1 || x == y;
loop invariant z % 2 == 1 && x <= y;
loop invariant \forall integer k;  0 <= k < i ==> max >=  a[k];
loop invariant \exists integer k;  0 <= k < i &&  max == a[k];
loop invariant \forall integer p; 0 <= p < \at(k, End_l) ==> res[p] == \at(res[p], End_l);
```
Your answer should follow the following format:
```
loop invariant ...;
loop invariant ...;
...
```
No explanation. No commentary. Just show me the loop invariant.
 /no_think
--------------------------
----------Response----------
[unused16][unused17][Loop <B>]
loop invariant i_7: \forall integer k; 0 <= k < i ==> dp[k] >= 1;
loop invariant i_8: \forall integer k; 0 <= k < i ==> dp[k] >= dp[i];
loop invariant i_9: 0 <= j < i;
loop invariant i_10: \forall integer k; 0 <= k < j < i ==> dp[j] < dp[i];
loop invariant i_11: \forall integer k; 0 <= k < n ==> dp[k] >= ans;
loop invariant i_12: \exists integer k; 0 <= k < n && dp[k] == ans;
loop invariant i_13: ans >= 0;

[Loop <C>]  
loop invariant i_7: \forall integer k; 0 <= k < i ==> dp[k] >= 1;
loop invariant i_8: \forall integer k; 0 <= k < i ==> dp[k] >= dp[i];
loop invariant i_9: 0 <= j < i;
loop invariant i_10: \forall integer k; 0 <= k < j < i ==> dp[j] < dp[i];
loop invariant i_11: \forall integer k; 0 <= k < n ==> dp[k] >= ans;
loop invariant i_12: \exists integer k; 0 <= k < n && dp[k] == ans;
loop invariant i_13: ans >= 0;
----------------------------
------------Invariant Info-----------
LOOP A:
i_0: 0 <= i < n
i_1: \forall integer k; 0 <= k < i ==> dp[k] >= 1
i_2: \forall integer k; 0 <= k < i ==> dp[k] >= dp[i]
i_3: 0 <= j < i
i_4: \forall integer k; 0 <= k < j < i ==> dp[j] < dp[i]
i_5: \forall integer k; 0 <= k < n ==> dp[k] >= ans
i_6: \exists integer k; 0 <= k < n && dp[k] == ans
LOOP B:
i_14: \forall integer k; 0 <= k < i ==> dp[k] >= 1
i_15: \forall integer k; 0 <= k < i ==> dp[k] >= dp[i]
i_16: 0 <= j < i
i_17: \forall integer k; 0 <= k < j < i ==> dp[j] < dp[i]
i_18: \forall integer k; 0 <= k < n ==> dp[k] >= ans
i_19: \exists integer k; 0 <= k < n && dp[k] == ans
i_20: ans >= 0
LOOP C:
i_7: \forall integer k; 0 <= k < i ==> dp[k] >= 1
i_8: \forall integer k; 0 <= k < i ==> dp[k] >= dp[i]
i_9: 0 <= j < i
i_10: \forall integer k; 0 <= k < j < i ==> dp[j] < dp[i]
i_11: \forall integer k; 0 <= k < n ==> dp[k] >= ans
i_12: \exists integer k; 0 <= k < n && dp[k] == ans
i_13: ans >= 0
------------------------------------
---------- Code with Invariants ----------
/*@
    requires n > 1;
    requires \valid(arr + (0..(n - 1)));
    requires \valid(dp + (0..(n - 1)));
    requires \separated(&arr[0..(n - 1)], &dp[0..(n - 1)]);
    requires \forall integer k; 0 <= k < n ==> dp[k] == 1;
    ensures e_1: \forall integer p, q; (0 <= q < p < n && arr[q] < arr[p]) ==> dp[p] >= dp[q] + 1;
    ensures e_2: \forall integer q; (0 <= q < n) ==> \result >= dp[q];
    ensures e_3: \exists integer q; (0 <= q < n) && \result == dp[q];
    assigns dp[0..(n - 1)];
*/
int _lis(int arr[], int n, int dp[]) {
    // Loop A
    /*@
        loop invariant i_0: 0 <= i < n;

        loop invariant i_1: \forall integer k; 0 <= k < i ==> dp[k] >= 1;

        loop invariant i_2: \forall integer k; 0 <= k < i ==> dp[k] >= dp[i];

        loop invariant i_3: 0 <= j < i;

        loop invariant i_4: \forall integer k; 0 <= k < j < i ==> dp[j] < dp[i];

        loop invariant i_5: \forall integer k; 0 <= k < n ==> dp[k] >= ans;

        loop invariant i_6: \exists integer k; 0 <= k < n && dp[k] == ans;


        loop assigns dp[0..(n - 1)];
        loop assigns i;
    */
    for (int i = 0; i < n; i++) {
        //@ ghost int cur = -1; 
        // Loop B
        /*@
            loop invariant i_14: \forall integer k; 0 <= k < i ==> dp[k] >= 1;

            loop invariant i_15: \forall integer k; 0 <= k < i ==> dp[k] >= dp[i];

            loop invariant i_16: 0 <= j < i;

            loop invariant i_17: \forall integer k; 0 <= k < j < i ==> dp[j] < dp[i];

            loop invariant i_18: \forall integer k; 0 <= k < n ==> dp[k] >= ans;

            loop invariant i_19: \exists integer k; 0 <= k < n && dp[k] == ans;

            loop invariant i_20: ans >= 0;


            loop assigns dp[i];
            loop assigns j;
            loop assigns cur;
        */
        for (int j = 0; j < i; j++) {
            if (arr[j] < arr[i]){
                if (dp[i] < dp[j] + 1){
                    dp[i] = dp[j] + 1;
                    //@ ghost cur = j;
                }
            }
        }
    }

    //@ ghost int res = 0;
    int ans = dp[0];

    // Loop C
    /*@
        loop invariant i_7: \forall integer k; 0 <= k < i ==> dp[k] >= 1;

        loop invariant i_8: \forall integer k; 0 <= k < i ==> dp[k] >= dp[i];

        loop invariant i_9: 0 <= j < i;

        loop invariant i_10: \forall integer k; 0 <= k < j < i ==> dp[j] < dp[i];

        loop invariant i_11: \forall integer k; 0 <= k < n ==> dp[k] >= ans;

        loop invariant i_12: \exists integer k; 0 <= k < n && dp[k] == ans;

        loop invariant i_13: ans >= 0;


        loop assigns i;
        loop assigns res;
        loop assigns ans;
    */
    for (int i = 0; i < n; i++) {
        if (dp[i] > ans) {
            ans = dp[i];
            //@ ghost res = i;
        }
    }

    return ans;
}
------------------------------------------
Verification failed (Invalid), removing all invariants and retrying.
========== Attempt 2 ==========
----------Prompt----------

/*@
    requires n > 1;
    requires \valid(arr + (0..(n - 1)));
    requires \valid(dp + (0..(n - 1)));
    requires \separated(&arr[0..(n - 1)], &dp[0..(n - 1)]);
    requires \forall integer k; 0 <= k < n ==> dp[k] == 1;
    ensures e_1: \forall integer p, q; (0 <= q < p < n && arr[q] < arr[p]) ==> dp[p] >= dp[q] + 1;
    ensures e_2: \forall integer q; (0 <= q < n) ==> \result >= dp[q];
    ensures e_3: \exists integer q; (0 <= q < n) && \result == dp[q];
    assigns dp[0..(n - 1)];
*/
int _lis(int arr[], int n, int dp[]) {
    // Loop A
    /*@
        [Hint] Please infer the loop invariant for the following loop.

        loop assigns dp[0..(n - 1)];
        loop assigns i;
    */
    for (int i = 0; i < n; i++) {
        //@ ghost int cur = -1; 
        // Loop B
        /*@
            loop assigns dp[i];
            loop assigns j;
            loop assigns cur;
        */
        for (int j = 0; j < i; j++) {
            if (arr[j] < arr[i]){
                if (dp[i] < dp[j] + 1){
                    dp[i] = dp[j] + 1;
                    //@ ghost cur = j;
                }
            }
        }
    }

    //@ ghost int res = 0;
    int ans = dp[0];

    // Loop C
    /*@
        loop assigns i;
        loop assigns res;
        loop assigns ans;
    */
    for (int i = 0; i < n; i++) {
        if (dp[i] > ans) {
            ans = dp[i];
            //@ ghost res = i;
        }
    }

    return ans;
}
You are an expert in program verification, and please generate loop invariant as C annotation comments at the hint location (annotated by "[Hint] Please infer the loop invariant for the following loop.") using ACSL language.
ACSL is a specification language for C programs that conforms to the design by contract paradigm, utilizing Hoare style pre- and postconditions and invariants. Note that the `loop invariant` clause is a condition that is true at the beginning and end of every loop iteration.
Specifically, for the current verification task:
    - Pre-condition: the function's `requires` clauses
    - Post-condition: 
Please verify that the generated loop invariant is consistent with these constraints. If these specific pre- or post-conditions are not provided or empty, please infer the loop invariant strictly based on the program's execution logic and standard correctness.
In order to get a correct answer, You may want to consider both the situation of not entering the loop and the situation of jumping out of the loop. If some of the pre-conditions are also loop invariant, you need to add them to your answer as well.
Use '&&', '||', '==>', '\forall' or '\exists' if necessary. For instance:
```
loop invariant 1 <= x;
loop invariant x == y;
loop invariant 0 < x ==> y <= z;
loop invariant z % 2 == 1 || x == y;
loop invariant z % 2 == 1 && x <= y;
loop invariant \forall integer k;  0 <= k < i ==> max >=  a[k];
loop invariant \exists integer k;  0 <= k < i &&  max == a[k];
loop invariant \forall integer p; 0 <= p < \at(k, End_l) ==> res[p] == \at(res[p], End_l);
```
Your answer should follow the following format:
```
loop invariant ...;
loop invariant ...;
...
```
No explanation. No commentary. Just show me the loop invariant.
 /no_think
--------------------------
----------Response----------
[unused16][unused17][Loop <Loop A>]
loop invariant 0 <= i < n;
loop invariant 0 <= j < i;
loop invariant dp[i] == 0 || 0 <= j < i && arr[j] < arr[i] && dp[i] == dp[j] + 1;

[Loop <Loop B>]
loop invariant 0 <= j < i;
loop invariant dp[i] == dp[j] + 1 || dp[i] == 0;

[Loop <Loop C>]
loop invariant 0 <= i < n;
loop invariant ans <= dp[i];
----------------------------
----------Prompt----------

/*@
    requires n > 1;
    requires \valid(arr + (0..(n - 1)));
    requires \valid(dp + (0..(n - 1)));
    requires \separated(&arr[0..(n - 1)], &dp[0..(n - 1)]);
    requires \forall integer k; 0 <= k < n ==> dp[k] == 1;
    ensures e_1: \forall integer p, q; (0 <= q < p < n && arr[q] < arr[p]) ==> dp[p] >= dp[q] + 1;
    ensures e_2: \forall integer q; (0 <= q < n) ==> \result >= dp[q];
    ensures e_3: \exists integer q; (0 <= q < n) && \result == dp[q];
    assigns dp[0..(n - 1)];
*/
int _lis(int arr[], int n, int dp[]) {
    // Loop A
    /*@
        loop invariant i_21: 0 <= i < n;

        loop invariant i_22: 0 <= j < i;

        loop invariant i_23: dp[i] == 0 || 0 <= j < i && arr[j] < arr[i] && dp[i] == dp[j] + 1;

        loop invariant i_24: dp[i] == dp[j] + 1 || dp[i] == 0;

        loop invariant i_25: ans <= dp[i];


        loop assigns dp[0..(n - 1)];
        loop assigns i;
    */
    for (int i = 0; i < n; i++) {
        //@ ghost int cur = -1; 
        // Loop B
        /*@
            loop assigns dp[i];
            loop assigns j;
            loop assigns cur;
        */
        for (int j = 0; j < i; j++) {
            if (arr[j] < arr[i]){
                if (dp[i] < dp[j] + 1){
                    dp[i] = dp[j] + 1;
                    //@ ghost cur = j;
                }
            }
        }
    }

    //@ ghost int res = 0;
    int ans = dp[0];

    // Loop C
    /*@
        [Hint] Please infer the loop invariant for the following loop.

        loop assigns i;
        loop assigns res;
        loop assigns ans;
    */
    for (int i = 0; i < n; i++) {
        if (dp[i] > ans) {
            ans = dp[i];
            //@ ghost res = i;
        }
    }

    return ans;
}
You are an expert in program verification, and please generate loop invariant as C annotation comments at the hint location (annotated by "[Hint] Please infer the loop invariant for the following loop.") using ACSL language.
ACSL is a specification language for C programs that conforms to the design by contract paradigm, utilizing Hoare style pre- and postconditions and invariants. Note that the `loop invariant` clause is a condition that is true at the beginning and end of every loop iteration.
Specifically, for the current verification task:
    - Pre-condition: i_21:0 <= i < n; i_22:0 <= j < i; i_23:dp[i] == 0 || 0 <= j < i && arr[j] < arr[i] && dp[i] == dp[j] + 1; i_24:dp[i] == dp[j] + 1 || dp[i] == 0; i_25:ans <= dp[i]; 
    - Post-condition: e_1:\forall integer p, q; (0 <= q < p < n && arr[q] < arr[p]) ==> dp[p] >= dp[q] + 1; e_2:\forall integer q; (0 <= q < n) ==> \result >= dp[q]; e_3:\exists integer q; (0 <= q < n) && \result == dp[q]; 
Please verify that the generated loop invariant is consistent with these constraints. If these specific pre- or post-conditions are not provided or empty, please infer the loop invariant strictly based on the program's execution logic and standard correctness.
In order to get a correct answer, You may want to consider both the situation of not entering the loop and the situation of jumping out of the loop. If some of the pre-conditions are also loop invariant, you need to add them to your answer as well.
Use '&&', '||', '==>', '\forall' or '\exists' if necessary. For instance:
```
loop invariant 1 <= x;
loop invariant x == y;
loop invariant 0 < x ==> y <= z;
loop invariant z % 2 == 1 || x == y;
loop invariant z % 2 == 1 && x <= y;
loop invariant \forall integer k;  0 <= k < i ==> max >=  a[k];
loop invariant \exists integer k;  0 <= k < i &&  max == a[k];
loop invariant \forall integer p; 0 <= p < \at(k, End_l) ==> res[p] == \at(res[p], End_l);
```
Your answer should follow the following format:
```
loop invariant ...;
loop invariant ...;
...
```
No explanation. No commentary. Just show me the loop invariant.
 /no_think
--------------------------
----------Response----------
[unused16][unused17]loop invariant 0 <= i < n;  
loop invariant 0 <= j < i;  
loop invariant dp[i] == 0 || 0 <= j < i && arr[j] < arr[i] && dp[i] == dp[j] + 1;  
loop invariant dp[i] == dp[j] + 1 || dp[i] == 0;  
loop invariant ans <= dp[i];  
loop invariant \forall integer k; 0 <= k < n && dp[k] == 0 || 0 <= j < k && arr[j] < arr[k] && dp[k] == dp[j] + 1;  
loop invariant \exists integer j; 0 <= j < i && arr[j] < arr[i] && dp[i] == dp[j] + 1;  
loop invariant ans == \max\{ dp[j] : 0 <= j < i && arr[j] < arr[i] && dp[j] > 0 \};  
loop invariant \forall integer p, q; 0 <= q < p < n && arr[q] < arr[p] ==> dp[p] >= dp[q] + 1;  
loop invariant \forall integer q; 0 <= q < n ==> dp[q] >= 0;  
loop invariant \exists integer q; 0 <= q < n && dp[q] == ans;  
loop invariant \forall integer k; 0 <= k < n && dp[k] == ans;  
loop invariant \forall integer k; 0 <= k < n && dp[k] >= ans;  
loop invariant \exists integer k; 0 <= k < n && dp[k] == ans;  
```
----------------------------
----------Prompt----------

/*@
    requires n > 1;
    requires \valid(arr + (0..(n - 1)));
    requires \valid(dp + (0..(n - 1)));
    requires \separated(&arr[0..(n - 1)], &dp[0..(n - 1)]);
    requires \forall integer k; 0 <= k < n ==> dp[k] == 1;
    ensures e_1: \forall integer p, q; (0 <= q < p < n && arr[q] < arr[p]) ==> dp[p] >= dp[q] + 1;
    ensures e_2: \forall integer q; (0 <= q < n) ==> \result >= dp[q];
    ensures e_3: \exists integer q; (0 <= q < n) && \result == dp[q];
    assigns dp[0..(n - 1)];
*/
int _lis(int arr[], int n, int dp[]) {
    // Loop A
    /*@
        loop invariant i_21: 0 <= i < n;

        loop invariant i_22: 0 <= j < i;

        loop invariant i_23: dp[i] == 0 || 0 <= j < i && arr[j] < arr[i] && dp[i] == dp[j] + 1;

        loop invariant i_24: dp[i] == dp[j] + 1 || dp[i] == 0;

        loop invariant i_25: ans <= dp[i];


        loop assigns dp[0..(n - 1)];
        loop assigns i;
    */
    for (int i = 0; i < n; i++) {
        //@ ghost int cur = -1; 
        // Loop B
        /*@
            [Hint] Please infer the loop invariant for the following loop.

            loop assigns dp[i];
            loop assigns j;
            loop assigns cur;
        */
        for (int j = 0; j < i; j++) {
            if (arr[j] < arr[i]){
                if (dp[i] < dp[j] + 1){
                    dp[i] = dp[j] + 1;
                    //@ ghost cur = j;
                }
            }
        }
    }

    //@ ghost int res = 0;
    int ans = dp[0];

    // Loop C
    /*@
        loop invariant i_26: 0 <= i < n;

        loop invariant i_27: 0 <= j < i;

        loop invariant i_28: dp[i] == 0 || 0 <= j < i && arr[j] < arr[i] && dp[i] == dp[j] + 1;

        loop invariant i_29: dp[i] == dp[j] + 1 || dp[i] == 0;

        loop invariant i_30: ans <= dp[i];

        loop invariant i_31: \forall integer k; 0 <= k < n && dp[k] == 0 || 0 <= j < k && arr[j] < arr[k] && dp[k] == dp[j] + 1;

        loop invariant i_32: \exists integer j; 0 <= j < i && arr[j] < arr[i] && dp[i] == dp[j] + 1;

        loop invariant i_33: ans == \max\{ dp[j] : 0 <= j < i && arr[j] < arr[i] && dp[j] > 0 \};

        loop invariant i_34: \forall integer p, q; 0 <= q < p < n && arr[q] < arr[p] ==> dp[p] >= dp[q] + 1;

        loop invariant i_35: \forall integer q; 0 <= q < n ==> dp[q] >= 0;

        loop invariant i_36: \exists integer q; 0 <= q < n && dp[q] == ans;

        loop invariant i_37: \forall integer k; 0 <= k < n && dp[k] == ans;

        loop invariant i_38: \forall integer k; 0 <= k < n && dp[k] >= ans;

        loop invariant i_39: \exists integer k; 0 <= k < n && dp[k] == ans;


        loop assigns i;
        loop assigns res;
        loop assigns ans;
    */
    for (int i = 0; i < n; i++) {
        if (dp[i] > ans) {
            ans = dp[i];
            //@ ghost res = i;
        }
    }

    return ans;
}
You are an expert in program verification, and please generate loop invariant as C annotation comments at the hint location (annotated by "[Hint] Please infer the loop invariant for the following loop.") using ACSL language.
ACSL is a specification language for C programs that conforms to the design by contract paradigm, utilizing Hoare style pre- and postconditions and invariants. Note that the `loop invariant` clause is a condition that is true at the beginning and end of every loop iteration.
Specifically, for the current verification task:
    - Pre-condition: i_21:0 <= i < n; i_22:0 <= j < i; i_23:dp[i] == 0 || 0 <= j < i && arr[j] < arr[i] && dp[i] == dp[j] + 1; i_24:dp[i] == dp[j] + 1 || dp[i] == 0; i_25:ans <= dp[i]; 
    - Post-condition: i_21:0 <= i < n; i_22:0 <= j < i; i_23:dp[i] == 0 || 0 <= j < i && arr[j] < arr[i] && dp[i] == dp[j] + 1; i_24:dp[i] == dp[j] + 1 || dp[i] == 0; i_25:ans <= dp[i]; 
Please verify that the generated loop invariant is consistent with these constraints. If these specific pre- or post-conditions are not provided or empty, please infer the loop invariant strictly based on the program's execution logic and standard correctness.
In order to get a correct answer, You may want to consider both the situation of not entering the loop and the situation of jumping out of the loop. If some of the pre-conditions are also loop invariant, you need to add them to your answer as well.
Use '&&', '||', '==>', '\forall' or '\exists' if necessary. For instance:
```
loop invariant 1 <= x;
loop invariant x == y;
loop invariant 0 < x ==> y <= z;
loop invariant z % 2 == 1 || x == y;
loop invariant z % 2 == 1 && x <= y;
loop invariant \forall integer k;  0 <= k < i ==> max >=  a[k];
loop invariant \exists integer k;  0 <= k < i &&  max == a[k];
loop invariant \forall integer p; 0 <= p < \at(k, End_l) ==> res[p] == \at(res[p], End_l);
```
Your answer should follow the following format:
```
loop invariant ...;
loop invariant ...;
...
```
No explanation. No commentary. Just show me the loop invariant.
 /no_think
--------------------------
----------Response----------
[unused16][unused17]```
loop invariant i_21: 0 <= i < n;
loop invariant i_22: 0 <= j < i;
loop invariant i_23: dp[i] == 0 || 0 <= j < i && arr[j] < arr[i] && dp[i] == dp[j] + 1;
loop invariant i_24: dp[i] == dp[j] + 1 || dp[i] == 0;
loop invariant i_25: ans <= dp[i];
```
----------------------------
------------Invariant Info-----------
LOOP A:
i_21: 0 <= i < n
i_22: 0 <= j < i
i_23: dp[i] == 0 || 0 <= j < i && arr[j] < arr[i] && dp[i] == dp[j] + 1
i_24: dp[i] == dp[j] + 1 || dp[i] == 0
i_25: ans <= dp[i]
LOOP B:
i_40: 0 <= i < n
i_41: 0 <= j < i
i_42: dp[i] == 0 || 0 <= j < i && arr[j] < arr[i] && dp[i] == dp[j] + 1
i_43: dp[i] == dp[j] + 1 || dp[i] == 0
i_44: ans <= dp[i]
LOOP C:
i_26: 0 <= i < n
i_27: 0 <= j < i
i_28: dp[i] == 0 || 0 <= j < i && arr[j] < arr[i] && dp[i] == dp[j] + 1
i_29: dp[i] == dp[j] + 1 || dp[i] == 0
i_30: ans <= dp[i]
i_31: \forall integer k; 0 <= k < n && dp[k] == 0 || 0 <= j < k && arr[j] < arr[k] && dp[k] == dp[j] + 1
i_32: \exists integer j; 0 <= j < i && arr[j] < arr[i] && dp[i] == dp[j] + 1
i_33: ans == \max\{ dp[j] : 0 <= j < i && arr[j] < arr[i] && dp[j] > 0 \}
i_34: \forall integer p, q; 0 <= q < p < n && arr[q] < arr[p] ==> dp[p] >= dp[q] + 1
i_35: \forall integer q; 0 <= q < n ==> dp[q] >= 0
i_36: \exists integer q; 0 <= q < n && dp[q] == ans
i_37: \forall integer k; 0 <= k < n && dp[k] == ans
i_38: \forall integer k; 0 <= k < n && dp[k] >= ans
i_39: \exists integer k; 0 <= k < n && dp[k] == ans
------------------------------------
---------- Code with Invariants ----------
/*@
    requires n > 1;
    requires \valid(arr + (0..(n - 1)));
    requires \valid(dp + (0..(n - 1)));
    requires \separated(&arr[0..(n - 1)], &dp[0..(n - 1)]);
    requires \forall integer k; 0 <= k < n ==> dp[k] == 1;
    ensures e_1: \forall integer p, q; (0 <= q < p < n && arr[q] < arr[p]) ==> dp[p] >= dp[q] + 1;
    ensures e_2: \forall integer q; (0 <= q < n) ==> \result >= dp[q];
    ensures e_3: \exists integer q; (0 <= q < n) && \result == dp[q];
    assigns dp[0..(n - 1)];
*/
int _lis(int arr[], int n, int dp[]) {
    // Loop A
    /*@
        loop invariant i_21: 0 <= i < n;

        loop invariant i_22: 0 <= j < i;

        loop invariant i_23: dp[i] == 0 || 0 <= j < i && arr[j] < arr[i] && dp[i] == dp[j] + 1;

        loop invariant i_24: dp[i] == dp[j] + 1 || dp[i] == 0;

        loop invariant i_25: ans <= dp[i];


        loop assigns dp[0..(n - 1)];
        loop assigns i;
    */
    for (int i = 0; i < n; i++) {
        //@ ghost int cur = -1; 
        // Loop B
        /*@
            loop invariant i_40: 0 <= i < n;

            loop invariant i_41: 0 <= j < i;

            loop invariant i_42: dp[i] == 0 || 0 <= j < i && arr[j] < arr[i] && dp[i] == dp[j] + 1;

            loop invariant i_43: dp[i] == dp[j] + 1 || dp[i] == 0;

            loop invariant i_44: ans <= dp[i];


            loop assigns dp[i];
            loop assigns j;
            loop assigns cur;
        */
        for (int j = 0; j < i; j++) {
            if (arr[j] < arr[i]){
                if (dp[i] < dp[j] + 1){
                    dp[i] = dp[j] + 1;
                    //@ ghost cur = j;
                }
            }
        }
    }

    //@ ghost int res = 0;
    int ans = dp[0];

    // Loop C
    /*@
        loop invariant i_26: 0 <= i < n;

        loop invariant i_27: 0 <= j < i;

        loop invariant i_28: dp[i] == 0 || 0 <= j < i && arr[j] < arr[i] && dp[i] == dp[j] + 1;

        loop invariant i_29: dp[i] == dp[j] + 1 || dp[i] == 0;

        loop invariant i_30: ans <= dp[i];

        loop invariant i_31: \forall integer k; 0 <= k < n && dp[k] == 0 || 0 <= j < k && arr[j] < arr[k] && dp[k] == dp[j] + 1;

        loop invariant i_32: \exists integer j; 0 <= j < i && arr[j] < arr[i] && dp[i] == dp[j] + 1;

        loop invariant i_33: ans == \max\{ dp[j] : 0 <= j < i && arr[j] < arr[i] && dp[j] > 0 \};

        loop invariant i_34: \forall integer p, q; 0 <= q < p < n && arr[q] < arr[p] ==> dp[p] >= dp[q] + 1;

        loop invariant i_35: \forall integer q; 0 <= q < n ==> dp[q] >= 0;

        loop invariant i_36: \exists integer q; 0 <= q < n && dp[q] == ans;

        loop invariant i_37: \forall integer k; 0 <= k < n && dp[k] == ans;

        loop invariant i_38: \forall integer k; 0 <= k < n && dp[k] >= ans;

        loop invariant i_39: \exists integer k; 0 <= k < n && dp[k] == ans;


        loop assigns i;
        loop assigns res;
        loop assigns ans;
    */
    for (int i = 0; i < n; i++) {
        if (dp[i] > ans) {
            ans = dp[i];
            //@ ghost res = i;
        }
    }

    return ans;
}
------------------------------------------
Verification failed (Invalid), removing all invariants and retrying.
========== Attempt 3 ==========
----------Prompt----------

/*@
    requires n > 1;
    requires \valid(arr + (0..(n - 1)));
    requires \valid(dp + (0..(n - 1)));
    requires \separated(&arr[0..(n - 1)], &dp[0..(n - 1)]);
    requires \forall integer k; 0 <= k < n ==> dp[k] == 1;
    ensures e_1: \forall integer p, q; (0 <= q < p < n && arr[q] < arr[p]) ==> dp[p] >= dp[q] + 1;
    ensures e_2: \forall integer q; (0 <= q < n) ==> \result >= dp[q];
    ensures e_3: \exists integer q; (0 <= q < n) && \result == dp[q];
    assigns dp[0..(n - 1)];
*/
int _lis(int arr[], int n, int dp[]) {
    // Loop A
    /*@
        [Hint] Please infer the loop invariant for the following loop.

        loop assigns dp[0..(n - 1)];
        loop assigns i;
    */
    for (int i = 0; i < n; i++) {
        //@ ghost int cur = -1; 
        // Loop B
        /*@
            loop assigns dp[i];
            loop assigns j;
            loop assigns cur;
        */
        for (int j = 0; j < i; j++) {
            if (arr[j] < arr[i]){
                if (dp[i] < dp[j] + 1){
                    dp[i] = dp[j] + 1;
                    //@ ghost cur = j;
                }
            }
        }
    }

    //@ ghost int res = 0;
    int ans = dp[0];

    // Loop C
    /*@
        loop assigns i;
        loop assigns res;
        loop assigns ans;
    */
    for (int i = 0; i < n; i++) {
        if (dp[i] > ans) {
            ans = dp[i];
            //@ ghost res = i;
        }
    }

    return ans;
}
You are an expert in program verification, and please generate loop invariant as C annotation comments at the hint location (annotated by "[Hint] Please infer the loop invariant for the following loop.") using ACSL language.
ACSL is a specification language for C programs that conforms to the design by contract paradigm, utilizing Hoare style pre- and postconditions and invariants. Note that the `loop invariant` clause is a condition that is true at the beginning and end of every loop iteration.
Specifically, for the current verification task:
    - Pre-condition: the function's `requires` clauses
    - Post-condition: 
Please verify that the generated loop invariant is consistent with these constraints. If these specific pre- or post-conditions are not provided or empty, please infer the loop invariant strictly based on the program's execution logic and standard correctness.
In order to get a correct answer, You may want to consider both the situation of not entering the loop and the situation of jumping out of the loop. If some of the pre-conditions are also loop invariant, you need to add them to your answer as well.
Use '&&', '||', '==>', '\forall' or '\exists' if necessary. For instance:
```
loop invariant 1 <= x;
loop invariant x == y;
loop invariant 0 < x ==> y <= z;
loop invariant z % 2 == 1 || x == y;
loop invariant z % 2 == 1 && x <= y;
loop invariant \forall integer k;  0 <= k < i ==> max >=  a[k];
loop invariant \exists integer k;  0 <= k < i &&  max == a[k];
loop invariant \forall integer p; 0 <= p < \at(k, End_l) ==> res[p] == \at(res[p], End_l);
```
Your answer should follow the following format:
```
loop invariant ...;
loop invariant ...;
...
```
No explanation. No commentary. Just show me the loop invariant.
 /no_think
--------------------------
----------Response----------
[unused16][unused17][Loop <Loop A>]
loop invariant \forall i; 0 <= i < n ==> dp[i] >= 0;
loop invariant \forall i; 0 <= i < n ==> dp[i] >= 0;

[Loop <Loop B>]
loop invariant \forall j; 0 <= j < i ==> dp[i] >= dp[j] + 1;

[Loop <Loop C>]
loop invariant \forall i; 0 <= i < n ==> dp[i] <= dp[0];
----------------------------
----------Prompt----------

/*@
    requires n > 1;
    requires \valid(arr + (0..(n - 1)));
    requires \valid(dp + (0..(n - 1)));
    requires \separated(&arr[0..(n - 1)], &dp[0..(n - 1)]);
    requires \forall integer k; 0 <= k < n ==> dp[k] == 1;
    ensures e_1: \forall integer p, q; (0 <= q < p < n && arr[q] < arr[p]) ==> dp[p] >= dp[q] + 1;
    ensures e_2: \forall integer q; (0 <= q < n) ==> \result >= dp[q];
    ensures e_3: \exists integer q; (0 <= q < n) && \result == dp[q];
    assigns dp[0..(n - 1)];
*/
int _lis(int arr[], int n, int dp[]) {
    // Loop A
    /*@
        loop invariant i_45: \forall i; 0 <= i < n ==> dp[i] >= 0;

        loop invariant i_46: \forall j; 0 <= j < i ==> dp[i] >= dp[j] + 1;

        loop invariant i_47: \forall i; 0 <= i < n ==> dp[i] <= dp[0];


        loop assigns dp[0..(n - 1)];
        loop assigns i;
    */
    for (int i = 0; i < n; i++) {
        //@ ghost int cur = -1; 
        // Loop B
        /*@
            loop assigns dp[i];
            loop assigns j;
            loop assigns cur;
        */
        for (int j = 0; j < i; j++) {
            if (arr[j] < arr[i]){
                if (dp[i] < dp[j] + 1){
                    dp[i] = dp[j] + 1;
                    //@ ghost cur = j;
                }
            }
        }
    }

    //@ ghost int res = 0;
    int ans = dp[0];

    // Loop C
    /*@
        [Hint] Please infer the loop invariant for the following loop.

        loop assigns i;
        loop assigns res;
        loop assigns ans;
    */
    for (int i = 0; i < n; i++) {
        if (dp[i] > ans) {
            ans = dp[i];
            //@ ghost res = i;
        }
    }

    return ans;
}
You are an expert in program verification, and please generate loop invariant as C annotation comments at the hint location (annotated by "[Hint] Please infer the loop invariant for the following loop.") using ACSL language.
ACSL is a specification language for C programs that conforms to the design by contract paradigm, utilizing Hoare style pre- and postconditions and invariants. Note that the `loop invariant` clause is a condition that is true at the beginning and end of every loop iteration.
Specifically, for the current verification task:
    - Pre-condition: i_45:\forall i; 0 <= i < n ==> dp[i] >= 0; i_46:\forall j; 0 <= j < i ==> dp[i] >= dp[j] + 1; i_47:\forall i; 0 <= i < n ==> dp[i] <= dp[0]; 
    - Post-condition: e_1:\forall integer p, q; (0 <= q < p < n && arr[q] < arr[p]) ==> dp[p] >= dp[q] + 1; e_2:\forall integer q; (0 <= q < n) ==> \result >= dp[q]; e_3:\exists integer q; (0 <= q < n) && \result == dp[q]; 
Please verify that the generated loop invariant is consistent with these constraints. If these specific pre- or post-conditions are not provided or empty, please infer the loop invariant strictly based on the program's execution logic and standard correctness.
In order to get a correct answer, You may want to consider both the situation of not entering the loop and the situation of jumping out of the loop. If some of the pre-conditions are also loop invariant, you need to add them to your answer as well.
Use '&&', '||', '==>', '\forall' or '\exists' if necessary. For instance:
```
loop invariant 1 <= x;
loop invariant x == y;
loop invariant 0 < x ==> y <= z;
loop invariant z % 2 == 1 || x == y;
loop invariant z % 2 == 1 && x <= y;
loop invariant \forall integer k;  0 <= k < i ==> max >=  a[k];
loop invariant \exists integer k;  0 <= k < i &&  max == a[k];
loop invariant \forall integer p; 0 <= p < \at(k, End_l) ==> res[p] == \at(res[p], End_l);
```
Your answer should follow the following format:
```
loop invariant ...;
loop invariant ...;
...
```
No explanation. No commentary. Just show me the loop invariant.
 /no_think
--------------------------
----------Response----------
[unused16][unused17][Loop <CUR_LOOP>]
loop invariant ans >= 0;

[Loop <PRE_LOOP>]
loop invariant dp[i] >= 0 && dp[i] <= dp[0] for all 0 <= i < n;

[Loop <CUR_LOOP>]
loop invariant ans >= 0 && ans <= dp[0];
----------------------------
----------Prompt----------

/*@
    requires n > 1;
    requires \valid(arr + (0..(n - 1)));
    requires \valid(dp + (0..(n - 1)));
    requires \separated(&arr[0..(n - 1)], &dp[0..(n - 1)]);
    requires \forall integer k; 0 <= k < n ==> dp[k] == 1;
    ensures e_1: \forall integer p, q; (0 <= q < p < n && arr[q] < arr[p]) ==> dp[p] >= dp[q] + 1;
    ensures e_2: \forall integer q; (0 <= q < n) ==> \result >= dp[q];
    ensures e_3: \exists integer q; (0 <= q < n) && \result == dp[q];
    assigns dp[0..(n - 1)];
*/
int _lis(int arr[], int n, int dp[]) {
    // Loop A
    /*@
        loop invariant i_45: \forall i; 0 <= i < n ==> dp[i] >= 0;

        loop invariant i_46: \forall j; 0 <= j < i ==> dp[i] >= dp[j] + 1;

        loop invariant i_47: \forall i; 0 <= i < n ==> dp[i] <= dp[0];


        loop assigns dp[0..(n - 1)];
        loop assigns i;
    */
    for (int i = 0; i < n; i++) {
        //@ ghost int cur = -1; 
        // Loop B
        /*@
            [Hint] Please infer the loop invariant for the following loop.

            loop assigns dp[i];
            loop assigns j;
            loop assigns cur;
        */
        for (int j = 0; j < i; j++) {
            if (arr[j] < arr[i]){
                if (dp[i] < dp[j] + 1){
                    dp[i] = dp[j] + 1;
                    //@ ghost cur = j;
                }
            }
        }
    }

    //@ ghost int res = 0;
    int ans = dp[0];

    // Loop C
    /*@
        loop invariant i_48: ans >= 0;

        loop invariant i_49: dp[i] >= 0 && dp[i] <= dp[0] for all 0 <= i < n;

        loop invariant i_50: ans >= 0 && ans <= dp[0];


        loop assigns i;
        loop assigns res;
        loop assigns ans;
    */
    for (int i = 0; i < n; i++) {
        if (dp[i] > ans) {
            ans = dp[i];
            //@ ghost res = i;
        }
    }

    return ans;
}
You are an expert in program verification, and please generate loop invariant as C annotation comments at the hint location (annotated by "[Hint] Please infer the loop invariant for the following loop.") using ACSL language.
ACSL is a specification language for C programs that conforms to the design by contract paradigm, utilizing Hoare style pre- and postconditions and invariants. Note that the `loop invariant` clause is a condition that is true at the beginning and end of every loop iteration.
Specifically, for the current verification task:
    - Pre-condition: i_45:\forall i; 0 <= i < n ==> dp[i] >= 0; i_46:\forall j; 0 <= j < i ==> dp[i] >= dp[j] + 1; i_47:\forall i; 0 <= i < n ==> dp[i] <= dp[0]; 
    - Post-condition: i_45:\forall i; 0 <= i < n ==> dp[i] >= 0; i_46:\forall j; 0 <= j < i ==> dp[i] >= dp[j] + 1; i_47:\forall i; 0 <= i < n ==> dp[i] <= dp[0]; 
Please verify that the generated loop invariant is consistent with these constraints. If these specific pre- or post-conditions are not provided or empty, please infer the loop invariant strictly based on the program's execution logic and standard correctness.
In order to get a correct answer, You may want to consider both the situation of not entering the loop and the situation of jumping out of the loop. If some of the pre-conditions are also loop invariant, you need to add them to your answer as well.
Use '&&', '||', '==>', '\forall' or '\exists' if necessary. For instance:
```
loop invariant 1 <= x;
loop invariant x == y;
loop invariant 0 < x ==> y <= z;
loop invariant z % 2 == 1 || x == y;
loop invariant z % 2 == 1 && x <= y;
loop invariant \forall integer k;  0 <= k < i ==> max >=  a[k];
loop invariant \exists integer k;  0 <= k < i &&  max == a[k];
loop invariant \forall integer p; 0 <= p < \at(k, End_l) ==> res[p] == \at(res[p], End_l);
```
Your answer should follow the following format:
```
loop invariant ...;
loop invariant ...;
...
```
No explanation. No commentary. Just show me the loop invariant.
 /no_think
--------------------------
----------Response----------
[unused16][unused17][Loop <Loop B>]
loop invariant i_45: \forall i; 0 <= i < n ==> dp[i] >= 0;
loop invariant i_46: \forall j; 0 <= j < i ==> dp[i] >= dp[j] + 1;
loop invariant i_47: \forall i; 0 <= i < n ==> dp[i] <= dp[0];

[Loop <Loop C>]
loop invariant i_48: ans >= 0;
loop invariant i_49: dp[i] >= 0 && dp[i] <= dp[0] for all 0 <= i < n;
loop invariant i_50: ans >= 0 && ans <= dp[0];
----------------------------
------------Invariant Info-----------
LOOP A:
i_45: \forall i; 0 <= i < n ==> dp[i] >= 0
i_46: \forall j; 0 <= j < i ==> dp[i] >= dp[j] + 1
i_47: \forall i; 0 <= i < n ==> dp[i] <= dp[0]
LOOP B:
i_51: \forall i; 0 <= i < n ==> dp[i] >= 0
i_52: \forall j; 0 <= j < i ==> dp[i] >= dp[j] + 1
i_53: \forall i; 0 <= i < n ==> dp[i] <= dp[0]
i_54: ans >= 0
i_55: dp[i] >= 0 && dp[i] <= dp[0] for all 0 <= i < n
i_56: ans >= 0 && ans <= dp[0]
LOOP C:
i_48: ans >= 0
i_49: dp[i] >= 0 && dp[i] <= dp[0] for all 0 <= i < n
i_50: ans >= 0 && ans <= dp[0]
------------------------------------
---------- Code with Invariants ----------
/*@
    requires n > 1;
    requires \valid(arr + (0..(n - 1)));
    requires \valid(dp + (0..(n - 1)));
    requires \separated(&arr[0..(n - 1)], &dp[0..(n - 1)]);
    requires \forall integer k; 0 <= k < n ==> dp[k] == 1;
    ensures e_1: \forall integer p, q; (0 <= q < p < n && arr[q] < arr[p]) ==> dp[p] >= dp[q] + 1;
    ensures e_2: \forall integer q; (0 <= q < n) ==> \result >= dp[q];
    ensures e_3: \exists integer q; (0 <= q < n) && \result == dp[q];
    assigns dp[0..(n - 1)];
*/
int _lis(int arr[], int n, int dp[]) {
    // Loop A
    /*@
        loop invariant i_45: \forall i; 0 <= i < n ==> dp[i] >= 0;

        loop invariant i_46: \forall j; 0 <= j < i ==> dp[i] >= dp[j] + 1;

        loop invariant i_47: \forall i; 0 <= i < n ==> dp[i] <= dp[0];


        loop assigns dp[0..(n - 1)];
        loop assigns i;
    */
    for (int i = 0; i < n; i++) {
        //@ ghost int cur = -1; 
        // Loop B
        /*@
            loop invariant i_51: \forall i; 0 <= i < n ==> dp[i] >= 0;

            loop invariant i_52: \forall j; 0 <= j < i ==> dp[i] >= dp[j] + 1;

            loop invariant i_53: \forall i; 0 <= i < n ==> dp[i] <= dp[0];

            loop invariant i_54: ans >= 0;

            loop invariant i_55: dp[i] >= 0 && dp[i] <= dp[0] for all 0 <= i < n;

            loop invariant i_56: ans >= 0 && ans <= dp[0];


            loop assigns dp[i];
            loop assigns j;
            loop assigns cur;
        */
        for (int j = 0; j < i; j++) {
            if (arr[j] < arr[i]){
                if (dp[i] < dp[j] + 1){
                    dp[i] = dp[j] + 1;
                    //@ ghost cur = j;
                }
            }
        }
    }

    //@ ghost int res = 0;
    int ans = dp[0];

    // Loop C
    /*@
        loop invariant i_48: ans >= 0;

        loop invariant i_49: dp[i] >= 0 && dp[i] <= dp[0] for all 0 <= i < n;

        loop invariant i_50: ans >= 0 && ans <= dp[0];


        loop assigns i;
        loop assigns res;
        loop assigns ans;
    */
    for (int i = 0; i < n; i++) {
        if (dp[i] > ans) {
            ans = dp[i];
            //@ ghost res = i;
        }
    }

    return ans;
}
------------------------------------------
Verification failed (Invalid), removing all invariants and retrying.
========== Attempt 4 ==========
----------Prompt----------

/*@
    requires n > 1;
    requires \valid(arr + (0..(n - 1)));
    requires \valid(dp + (0..(n - 1)));
    requires \separated(&arr[0..(n - 1)], &dp[0..(n - 1)]);
    requires \forall integer k; 0 <= k < n ==> dp[k] == 1;
    ensures e_1: \forall integer p, q; (0 <= q < p < n && arr[q] < arr[p]) ==> dp[p] >= dp[q] + 1;
    ensures e_2: \forall integer q; (0 <= q < n) ==> \result >= dp[q];
    ensures e_3: \exists integer q; (0 <= q < n) && \result == dp[q];
    assigns dp[0..(n - 1)];
*/
int _lis(int arr[], int n, int dp[]) {
    // Loop A
    /*@
        [Hint] Please infer the loop invariant for the following loop.

        loop assigns dp[0..(n - 1)];
        loop assigns i;
    */
    for (int i = 0; i < n; i++) {
        //@ ghost int cur = -1; 
        // Loop B
        /*@
            loop assigns dp[i];
            loop assigns j;
            loop assigns cur;
        */
        for (int j = 0; j < i; j++) {
            if (arr[j] < arr[i]){
                if (dp[i] < dp[j] + 1){
                    dp[i] = dp[j] + 1;
                    //@ ghost cur = j;
                }
            }
        }
    }

    //@ ghost int res = 0;
    int ans = dp[0];

    // Loop C
    /*@
        loop assigns i;
        loop assigns res;
        loop assigns ans;
    */
    for (int i = 0; i < n; i++) {
        if (dp[i] > ans) {
            ans = dp[i];
            //@ ghost res = i;
        }
    }

    return ans;
}
You are an expert in program verification, and please generate loop invariant as C annotation comments at the hint location (annotated by "[Hint] Please infer the loop invariant for the following loop.") using ACSL language.
ACSL is a specification language for C programs that conforms to the design by contract paradigm, utilizing Hoare style pre- and postconditions and invariants. Note that the `loop invariant` clause is a condition that is true at the beginning and end of every loop iteration.
Specifically, for the current verification task:
    - Pre-condition: the function's `requires` clauses
    - Post-condition: 
Please verify that the generated loop invariant is consistent with these constraints. If these specific pre- or post-conditions are not provided or empty, please infer the loop invariant strictly based on the program's execution logic and standard correctness.
In order to get a correct answer, You may want to consider both the situation of not entering the loop and the situation of jumping out of the loop. If some of the pre-conditions are also loop invariant, you need to add them to your answer as well.
Use '&&', '||', '==>', '\forall' or '\exists' if necessary. For instance:
```
loop invariant 1 <= x;
loop invariant x == y;
loop invariant 0 < x ==> y <= z;
loop invariant z % 2 == 1 || x == y;
loop invariant z % 2 == 1 && x <= y;
loop invariant \forall integer k;  0 <= k < i ==> max >=  a[k];
loop invariant \exists integer k;  0 <= k < i &&  max == a[k];
loop invariant \forall integer p; 0 <= p < \at(k, End_l) ==> res[p] == \at(res[p], End_l);
```
Your answer should follow the following format:
```
loop invariant ...;
loop invariant ...;
...
```
No explanation. No commentary. Just show me the loop invariant.
 /no_think
--------------------------
----------Response----------
[unused16][unused17][Loop <Loop A>]
loop invariant 0 <= i < n;
loop invariant dp[0..i] == 1;
loop invariant \forall integer j in 0..i; dp[j] >= 1;
loop invariant \forall integer j, k in 0..i; arr[j] < arr[k] ==> dp[j] <= dp[k];
loop invariant \forall integer j, k in 0..i; arr[j] < arr[k] ==> dp[j] <= dp[k];
loop invariant \exists integer j in 0..i such that dp[j] == dp[k] && arr[j] < arr[k];

[Loop <Loop B>]
loop invariant 0 <= j < i;
loop invariant dp[i] >= dp[j] + 1;
loop invariant \forall integer j in 0..i; if (arr[j] < arr[i]) then dp[i] >= dp[j] + 1;
loop invariant \exists integer j in 0..i such that dp[j] == dp[i] && arr[j] < arr[i];

[Loop <Loop C>]
loop invariant 0 <= i < n;
loop invariant ans >= dp[i];
loop invariant \exists integer i in 0..n such that dp[i] == dp[0] && arr[i] == arr[0];
loop invariant \forall integer i in 0..n; dp[i] >= 1;
```
----------------------------
----------Prompt----------

/*@
    requires n > 1;
    requires \valid(arr + (0..(n - 1)));
    requires \valid(dp + (0..(n - 1)));
    requires \separated(&arr[0..(n - 1)], &dp[0..(n - 1)]);
    requires \forall integer k; 0 <= k < n ==> dp[k] == 1;
    ensures e_1: \forall integer p, q; (0 <= q < p < n && arr[q] < arr[p]) ==> dp[p] >= dp[q] + 1;
    ensures e_2: \forall integer q; (0 <= q < n) ==> \result >= dp[q];
    ensures e_3: \exists integer q; (0 <= q < n) && \result == dp[q];
    assigns dp[0..(n - 1)];
*/
int _lis(int arr[], int n, int dp[]) {
    // Loop A
    /*@
        loop invariant i_57: 0 <= i < n;

        loop invariant i_58: dp[0..i] == 1;

        loop invariant i_59: \forall integer j in 0..i; dp[j] >= 1;

        loop invariant i_60: \forall integer j, k in 0..i; arr[j] < arr[k] ==> dp[j] <= dp[k];

        loop invariant i_61: \exists integer j in 0..i such that dp[j] == dp[k] && arr[j] < arr[k]; [Loop <Loop B>] loop invariant 0 <= j < i;

        loop invariant i_62: 0 <= j < i;

        loop invariant i_63: dp[i] >= dp[j] + 1;

        loop invariant i_64: \forall integer j in 0..i; if (arr[j] < arr[i]) then dp[i] >= dp[j] + 1;

        loop invariant i_65: \exists integer j in 0..i such that dp[j] == dp[i] && arr[j] < arr[i]; [Loop <Loop C>] loop invariant 0 <= i < n;

        loop invariant i_66: ans >= dp[i];

        loop invariant i_67: \exists integer i in 0..n such that dp[i] == dp[0] && arr[i] == arr[0]; loop invariant \forall integer i in 0..n; dp[i] >= 1;

        loop invariant i_68: \forall integer i in 0..n; dp[i] >= 1;


        loop assigns dp[0..(n - 1)];
        loop assigns i;
    */
    for (int i = 0; i < n; i++) {
        //@ ghost int cur = -1; 
        // Loop B
        /*@
            loop assigns dp[i];
            loop assigns j;
            loop assigns cur;
        */
        for (int j = 0; j < i; j++) {
            if (arr[j] < arr[i]){
                if (dp[i] < dp[j] + 1){
                    dp[i] = dp[j] + 1;
                    //@ ghost cur = j;
                }
            }
        }
    }

    //@ ghost int res = 0;
    int ans = dp[0];

    // Loop C
    /*@
        [Hint] Please infer the loop invariant for the following loop.

        loop assigns i;
        loop assigns res;
        loop assigns ans;
    */
    for (int i = 0; i < n; i++) {
        if (dp[i] > ans) {
            ans = dp[i];
            //@ ghost res = i;
        }
    }

    return ans;
}
You are an expert in program verification, and please generate loop invariant as C annotation comments at the hint location (annotated by "[Hint] Please infer the loop invariant for the following loop.") using ACSL language.
ACSL is a specification language for C programs that conforms to the design by contract paradigm, utilizing Hoare style pre- and postconditions and invariants. Note that the `loop invariant` clause is a condition that is true at the beginning and end of every loop iteration.
Specifically, for the current verification task:
    - Pre-condition: i_57:0 <= i < n; i_58:dp[0..i] == 1; i_59:\forall integer j in 0..i; dp[j] >= 1; i_60:\forall integer j, k in 0..i; arr[j] < arr[k] ==> dp[j] <= dp[k]; i_61:\exists integer j in 0..i such that dp[j] == dp[k] && arr[j] < arr[k]; [Loop <Loop B>] loop invariant 0 <= j < i; i_62:0 <= j < i; i_63:dp[i] >= dp[j] + 1; i_64:\forall integer j in 0..i; if (arr[j] < arr[i]) then dp[i] >= dp[j] + 1; i_65:\exists integer j in 0..i such that dp[j] == dp[i] && arr[j] < arr[i]; [Loop <Loop C>] loop invariant 0 <= i < n; i_66:ans >= dp[i]; i_67:\exists integer i in 0..n such that dp[i] == dp[0] && arr[i] == arr[0]; loop invariant \forall integer i in 0..n; dp[i] >= 1; i_68:\forall integer i in 0..n; dp[i] >= 1; 
    - Post-condition: e_1:\forall integer p, q; (0 <= q < p < n && arr[q] < arr[p]) ==> dp[p] >= dp[q] + 1; e_2:\forall integer q; (0 <= q < n) ==> \result >= dp[q]; e_3:\exists integer q; (0 <= q < n) && \result == dp[q]; 
Please verify that the generated loop invariant is consistent with these constraints. If these specific pre- or post-conditions are not provided or empty, please infer the loop invariant strictly based on the program's execution logic and standard correctness.
In order to get a correct answer, You may want to consider both the situation of not entering the loop and the situation of jumping out of the loop. If some of the pre-conditions are also loop invariant, you need to add them to your answer as well.
Use '&&', '||', '==>', '\forall' or '\exists' if necessary. For instance:
```
loop invariant 1 <= x;
loop invariant x == y;
loop invariant 0 < x ==> y <= z;
loop invariant z % 2 == 1 || x == y;
loop invariant z % 2 == 1 && x <= y;
loop invariant \forall integer k;  0 <= k < i ==> max >=  a[k];
loop invariant \exists integer k;  0 <= k < i &&  max == a[k];
loop invariant \forall integer p; 0 <= p < \at(k, End_l) ==> res[p] == \at(res[p], End_l);
```
Your answer should follow the following format:
```
loop invariant ...;
loop invariant ...;
...
```
No explanation. No commentary. Just show me the loop invariant.
 /no_think
--------------------------
----------Response----------
[unused16][unused17][Loop <Loop B>]
loop invariant 0 <= i < n;
loop invariant dp[0..i] == 1;
loop invariant i_58: \forall integer j in 0..i; dp[j] >= 1;
loop invariant i_59: \forall integer j, k in 0..i; arr[j] < arr[k] ==> dp[j] <= dp[k];
loop invariant i_60: \exists integer j in 0..i such that dp[j] == dp[k] && arr[j] < arr[k];
loop invariant i_61: 0 <= j < i;
loop invariant i_62: dp[i] >= dp[j] + 1;
loop invariant i_63: \forall integer j in 0..i; if (arr[j] < arr[i]) then dp[i] >= dp[j] + 1;
loop invariant i_64: \exists integer j in 0..i such that dp[j] == dp[i] && arr[j] < arr[i];
[Loop <Loop C>]
loop invariant 0 <= i < n;
loop invariant i_66: ans >= dp[i];
loop invariant i_67: \exists integer i in 0..n such that dp[i] == dp[0] && arr[i] == arr[0];
loop invariant i_68: \forall integer i in 0..n; dp[i] >= 1;
----------------------------
----------Prompt----------

/*@
    requires n > 1;
    requires \valid(arr + (0..(n - 1)));
    requires \valid(dp + (0..(n - 1)));
    requires \separated(&arr[0..(n - 1)], &dp[0..(n - 1)]);
    requires \forall integer k; 0 <= k < n ==> dp[k] == 1;
    ensures e_1: \forall integer p, q; (0 <= q < p < n && arr[q] < arr[p]) ==> dp[p] >= dp[q] + 1;
    ensures e_2: \forall integer q; (0 <= q < n) ==> \result >= dp[q];
    ensures e_3: \exists integer q; (0 <= q < n) && \result == dp[q];
    assigns dp[0..(n - 1)];
*/
int _lis(int arr[], int n, int dp[]) {
    // Loop A
    /*@
        loop invariant i_57: 0 <= i < n;

        loop invariant i_58: dp[0..i] == 1;

        loop invariant i_59: \forall integer j in 0..i; dp[j] >= 1;

        loop invariant i_60: \forall integer j, k in 0..i; arr[j] < arr[k] ==> dp[j] <= dp[k];

        loop invariant i_61: \exists integer j in 0..i such that dp[j] == dp[k] && arr[j] < arr[k]; [Loop <Loop B>] loop invariant 0 <= j < i;

        loop invariant i_62: 0 <= j < i;

        loop invariant i_63: dp[i] >= dp[j] + 1;

        loop invariant i_64: \forall integer j in 0..i; if (arr[j] < arr[i]) then dp[i] >= dp[j] + 1;

        loop invariant i_65: \exists integer j in 0..i such that dp[j] == dp[i] && arr[j] < arr[i]; [Loop <Loop C>] loop invariant 0 <= i < n;

        loop invariant i_66: ans >= dp[i];

        loop invariant i_67: \exists integer i in 0..n such that dp[i] == dp[0] && arr[i] == arr[0]; loop invariant \forall integer i in 0..n; dp[i] >= 1;

        loop invariant i_68: \forall integer i in 0..n; dp[i] >= 1;


        loop assigns dp[0..(n - 1)];
        loop assigns i;
    */
    for (int i = 0; i < n; i++) {
        //@ ghost int cur = -1; 
        // Loop B
        /*@
            [Hint] Please infer the loop invariant for the following loop.

            loop assigns dp[i];
            loop assigns j;
            loop assigns cur;
        */
        for (int j = 0; j < i; j++) {
            if (arr[j] < arr[i]){
                if (dp[i] < dp[j] + 1){
                    dp[i] = dp[j] + 1;
                    //@ ghost cur = j;
                }
            }
        }
    }

    //@ ghost int res = 0;
    int ans = dp[0];

    // Loop C
    /*@
        loop invariant i_69: 0 <= i < n;

        loop invariant i_70: dp[0..i] == 1;

        loop invariant i_71: \forall integer j in 0..i; dp[j] >= 1;

        loop invariant i_72: \forall integer j, k in 0..i; arr[j] < arr[k] ==> dp[j] <= dp[k];

        loop invariant i_73: \exists integer j in 0..i such that dp[j] == dp[k] && arr[j] < arr[k]; loop invariant i_61: 0 <= j < i;

        loop invariant i_74: 0 <= j < i;

        loop invariant i_75: dp[i] >= dp[j] + 1;

        loop invariant i_76: \forall integer j in 0..i; if (arr[j] < arr[i]) then dp[i] >= dp[j] + 1;

        loop invariant i_77: \exists integer j in 0..i such that dp[j] == dp[i] && arr[j] < arr[i]; [Loop <Loop C>] loop invariant 0 <= i < n;

        loop invariant i_78: ans >= dp[i];

        loop invariant i_79: \exists integer i in 0..n such that dp[i] == dp[0] && arr[i] == arr[0]; loop invariant i_68: \forall integer i in 0..n; dp[i] >= 1;

        loop invariant i_80: \forall integer i in 0..n; dp[i] >= 1;


        loop assigns i;
        loop assigns res;
        loop assigns ans;
    */
    for (int i = 0; i < n; i++) {
        if (dp[i] > ans) {
            ans = dp[i];
            //@ ghost res = i;
        }
    }

    return ans;
}
You are an expert in program verification, and please generate loop invariant as C annotation comments at the hint location (annotated by "[Hint] Please infer the loop invariant for the following loop.") using ACSL language.
ACSL is a specification language for C programs that conforms to the design by contract paradigm, utilizing Hoare style pre- and postconditions and invariants. Note that the `loop invariant` clause is a condition that is true at the beginning and end of every loop iteration.
Specifically, for the current verification task:
    - Pre-condition: i_57:0 <= i < n; i_58:dp[0..i] == 1; i_59:\forall integer j in 0..i; dp[j] >= 1; i_60:\forall integer j, k in 0..i; arr[j] < arr[k] ==> dp[j] <= dp[k]; i_61:\exists integer j in 0..i such that dp[j] == dp[k] && arr[j] < arr[k]; [Loop <Loop B>] loop invariant 0 <= j < i; i_62:0 <= j < i; i_63:dp[i] >= dp[j] + 1; i_64:\forall integer j in 0..i; if (arr[j] < arr[i]) then dp[i] >= dp[j] + 1; i_65:\exists integer j in 0..i such that dp[j] == dp[i] && arr[j] < arr[i]; [Loop <Loop C>] loop invariant 0 <= i < n; i_66:ans >= dp[i]; i_67:\exists integer i in 0..n such that dp[i] == dp[0] && arr[i] == arr[0]; loop invariant \forall integer i in 0..n; dp[i] >= 1; i_68:\forall integer i in 0..n; dp[i] >= 1; 
    - Post-condition: i_57:0 <= i < n; i_58:dp[0..i] == 1; i_59:\forall integer j in 0..i; dp[j] >= 1; i_60:\forall integer j, k in 0..i; arr[j] < arr[k] ==> dp[j] <= dp[k]; i_61:\exists integer j in 0..i such that dp[j] == dp[k] && arr[j] < arr[k]; [Loop <Loop B>] loop invariant 0 <= j < i; i_62:0 <= j < i; i_63:dp[i] >= dp[j] + 1; i_64:\forall integer j in 0..i; if (arr[j] < arr[i]) then dp[i] >= dp[j] + 1; i_65:\exists integer j in 0..i such that dp[j] == dp[i] && arr[j] < arr[i]; [Loop <Loop C>] loop invariant 0 <= i < n; i_66:ans >= dp[i]; i_67:\exists integer i in 0..n such that dp[i] == dp[0] && arr[i] == arr[0]; loop invariant \forall integer i in 0..n; dp[i] >= 1; i_68:\forall integer i in 0..n; dp[i] >= 1; 
Please verify that the generated loop invariant is consistent with these constraints. If these specific pre- or post-conditions are not provided or empty, please infer the loop invariant strictly based on the program's execution logic and standard correctness.
In order to get a correct answer, You may want to consider both the situation of not entering the loop and the situation of jumping out of the loop. If some of the pre-conditions are also loop invariant, you need to add them to your answer as well.
Use '&&', '||', '==>', '\forall' or '\exists' if necessary. For instance:
```
loop invariant 1 <= x;
loop invariant x == y;
loop invariant 0 < x ==> y <= z;
loop invariant z % 2 == 1 || x == y;
loop invariant z % 2 == 1 && x <= y;
loop invariant \forall integer k;  0 <= k < i ==> max >=  a[k];
loop invariant \exists integer k;  0 <= k < i &&  max == a[k];
loop invariant \forall integer p; 0 <= p < \at(k, End_l) ==> res[p] == \at(res[p], End_l);
```
Your answer should follow the following format:
```
loop invariant ...;
loop invariant ...;
...
```
No explanation. No commentary. Just show me the loop invariant.
 /no_think
--------------------------
----------Response----------
[unused16][unused17]```
loop invariant i_57: 0 <= i < n;
loop invariant i_58: dp[0..i] == 1;
loop invariant i_59: \forall integer j in 0..i; dp[j] >= 1;
loop invariant i_60: \forall integer j, k in 0..i; arr[j] < arr[k] ==> dp[j] <= dp[k];
loop invariant i_61: \exists integer j in 0..i such that dp[j] == dp[k] && arr[j] < arr[k];
loop invariant i_62: 0 <= j < i;
loop invariant i_63: dp[i] >= dp[j] + 1;
loop invariant i_64: \forall integer j in 0..i; if (arr[j] < arr[i]) then dp[i] >= dp[j] + 1;
loop invariant i_65: \exists integer j in 0..i such that dp[j] == dp[i] && arr[j] < arr[i];
[Loop <Loop B>] loop invariant 0 <= j < i;

[Loop <Loop C>] loop invariant 0 <= i < n;
loop invariant i_66: ans >= dp[i];
loop invariant i_67: \exists integer i in 0..n such that dp[i] == dp[0] && arr[i] == arr[0];
loop invariant i_68: \forall integer i in 0..n; dp[i] >= 1;
```
----------------------------
------------Invariant Info-----------
LOOP A:
i_57: 0 <= i < n
i_58: dp[0..i] == 1
i_59: \forall integer j in 0..i; dp[j] >= 1
i_60: \forall integer j, k in 0..i; arr[j] < arr[k] ==> dp[j] <= dp[k]
i_61: \exists integer j in 0..i such that dp[j] == dp[k] && arr[j] < arr[k]; [Loop <Loop B>] loop invariant 0 <= j < i
i_62: 0 <= j < i
i_63: dp[i] >= dp[j] + 1
i_64: \forall integer j in 0..i; if (arr[j] < arr[i]) then dp[i] >= dp[j] + 1
i_65: \exists integer j in 0..i such that dp[j] == dp[i] && arr[j] < arr[i]; [Loop <Loop C>] loop invariant 0 <= i < n
i_66: ans >= dp[i]
i_67: \exists integer i in 0..n such that dp[i] == dp[0] && arr[i] == arr[0]; loop invariant \forall integer i in 0..n; dp[i] >= 1
i_68: \forall integer i in 0..n; dp[i] >= 1
LOOP B:
i_81: 0 <= i < n
i_82: dp[0..i] == 1
i_83: \forall integer j in 0..i; dp[j] >= 1
i_84: \forall integer j, k in 0..i; arr[j] < arr[k] ==> dp[j] <= dp[k]
i_85: \exists integer j in 0..i such that dp[j] == dp[k] && arr[j] < arr[k]; loop invariant i_62: 0 <= j < i
i_86: 0 <= j < i
i_87: dp[i] >= dp[j] + 1
i_88: \forall integer j in 0..i; if (arr[j] < arr[i]) then dp[i] >= dp[j] + 1
i_89: \exists integer j in 0..i such that dp[j] == dp[i] && arr[j] < arr[i]; [Loop <Loop B>] loop invariant 0 <= j < i
i_90: ans >= dp[i]
i_91: \exists integer i in 0..n such that dp[i] == dp[0] && arr[i] == arr[0]; loop invariant i_68: \forall integer i in 0..n; dp[i] >= 1
i_92: \forall integer i in 0..n; dp[i] >= 1
LOOP C:
i_69: 0 <= i < n
i_70: dp[0..i] == 1
i_71: \forall integer j in 0..i; dp[j] >= 1
i_72: \forall integer j, k in 0..i; arr[j] < arr[k] ==> dp[j] <= dp[k]
i_73: \exists integer j in 0..i such that dp[j] == dp[k] && arr[j] < arr[k]; loop invariant i_61: 0 <= j < i
i_74: 0 <= j < i
i_75: dp[i] >= dp[j] + 1
i_76: \forall integer j in 0..i; if (arr[j] < arr[i]) then dp[i] >= dp[j] + 1
i_77: \exists integer j in 0..i such that dp[j] == dp[i] && arr[j] < arr[i]; [Loop <Loop C>] loop invariant 0 <= i < n
i_78: ans >= dp[i]
i_79: \exists integer i in 0..n such that dp[i] == dp[0] && arr[i] == arr[0]; loop invariant i_68: \forall integer i in 0..n; dp[i] >= 1
i_80: \forall integer i in 0..n; dp[i] >= 1
------------------------------------
---------- Code with Invariants ----------
/*@
    requires n > 1;
    requires \valid(arr + (0..(n - 1)));
    requires \valid(dp + (0..(n - 1)));
    requires \separated(&arr[0..(n - 1)], &dp[0..(n - 1)]);
    requires \forall integer k; 0 <= k < n ==> dp[k] == 1;
    ensures e_1: \forall integer p, q; (0 <= q < p < n && arr[q] < arr[p]) ==> dp[p] >= dp[q] + 1;
    ensures e_2: \forall integer q; (0 <= q < n) ==> \result >= dp[q];
    ensures e_3: \exists integer q; (0 <= q < n) && \result == dp[q];
    assigns dp[0..(n - 1)];
*/
int _lis(int arr[], int n, int dp[]) {
    // Loop A
    /*@
        loop invariant i_57: 0 <= i < n;

        loop invariant i_58: dp[0..i] == 1;

        loop invariant i_59: \forall integer j in 0..i; dp[j] >= 1;

        loop invariant i_60: \forall integer j, k in 0..i; arr[j] < arr[k] ==> dp[j] <= dp[k];

        loop invariant i_61: \exists integer j in 0..i such that dp[j] == dp[k] && arr[j] < arr[k]; [Loop <Loop B>] loop invariant 0 <= j < i;

        loop invariant i_62: 0 <= j < i;

        loop invariant i_63: dp[i] >= dp[j] + 1;

        loop invariant i_64: \forall integer j in 0..i; if (arr[j] < arr[i]) then dp[i] >= dp[j] + 1;

        loop invariant i_65: \exists integer j in 0..i such that dp[j] == dp[i] && arr[j] < arr[i]; [Loop <Loop C>] loop invariant 0 <= i < n;

        loop invariant i_66: ans >= dp[i];

        loop invariant i_67: \exists integer i in 0..n such that dp[i] == dp[0] && arr[i] == arr[0]; loop invariant \forall integer i in 0..n; dp[i] >= 1;

        loop invariant i_68: \forall integer i in 0..n; dp[i] >= 1;


        loop assigns dp[0..(n - 1)];
        loop assigns i;
    */
    for (int i = 0; i < n; i++) {
        //@ ghost int cur = -1; 
        // Loop B
        /*@
            loop invariant i_81: 0 <= i < n;

            loop invariant i_82: dp[0..i] == 1;

            loop invariant i_83: \forall integer j in 0..i; dp[j] >= 1;

            loop invariant i_84: \forall integer j, k in 0..i; arr[j] < arr[k] ==> dp[j] <= dp[k];

            loop invariant i_85: \exists integer j in 0..i such that dp[j] == dp[k] && arr[j] < arr[k]; loop invariant i_62: 0 <= j < i;

            loop invariant i_86: 0 <= j < i;

            loop invariant i_87: dp[i] >= dp[j] + 1;

            loop invariant i_88: \forall integer j in 0..i; if (arr[j] < arr[i]) then dp[i] >= dp[j] + 1;

            loop invariant i_89: \exists integer j in 0..i such that dp[j] == dp[i] && arr[j] < arr[i]; [Loop <Loop B>] loop invariant 0 <= j < i;

            loop invariant i_90: ans >= dp[i];

            loop invariant i_91: \exists integer i in 0..n such that dp[i] == dp[0] && arr[i] == arr[0]; loop invariant i_68: \forall integer i in 0..n; dp[i] >= 1;

            loop invariant i_92: \forall integer i in 0..n; dp[i] >= 1;


            loop assigns dp[i];
            loop assigns j;
            loop assigns cur;
        */
        for (int j = 0; j < i; j++) {
            if (arr[j] < arr[i]){
                if (dp[i] < dp[j] + 1){
                    dp[i] = dp[j] + 1;
                    //@ ghost cur = j;
                }
            }
        }
    }

    //@ ghost int res = 0;
    int ans = dp[0];

    // Loop C
    /*@
        loop invariant i_69: 0 <= i < n;

        loop invariant i_70: dp[0..i] == 1;

        loop invariant i_71: \forall integer j in 0..i; dp[j] >= 1;

        loop invariant i_72: \forall integer j, k in 0..i; arr[j] < arr[k] ==> dp[j] <= dp[k];

        loop invariant i_73: \exists integer j in 0..i such that dp[j] == dp[k] && arr[j] < arr[k]; loop invariant i_61: 0 <= j < i;

        loop invariant i_74: 0 <= j < i;

        loop invariant i_75: dp[i] >= dp[j] + 1;

        loop invariant i_76: \forall integer j in 0..i; if (arr[j] < arr[i]) then dp[i] >= dp[j] + 1;

        loop invariant i_77: \exists integer j in 0..i such that dp[j] == dp[i] && arr[j] < arr[i]; [Loop <Loop C>] loop invariant 0 <= i < n;

        loop invariant i_78: ans >= dp[i];

        loop invariant i_79: \exists integer i in 0..n such that dp[i] == dp[0] && arr[i] == arr[0]; loop invariant i_68: \forall integer i in 0..n; dp[i] >= 1;

        loop invariant i_80: \forall integer i in 0..n; dp[i] >= 1;


        loop assigns i;
        loop assigns res;
        loop assigns ans;
    */
    for (int i = 0; i < n; i++) {
        if (dp[i] > ans) {
            ans = dp[i];
            //@ ghost res = i;
        }
    }

    return ans;
}
------------------------------------------
Verification failed (Invalid), removing all invariants and retrying.
========== Attempt 5 ==========
----------Prompt----------

/*@
    requires n > 1;
    requires \valid(arr + (0..(n - 1)));
    requires \valid(dp + (0..(n - 1)));
    requires \separated(&arr[0..(n - 1)], &dp[0..(n - 1)]);
    requires \forall integer k; 0 <= k < n ==> dp[k] == 1;
    ensures e_1: \forall integer p, q; (0 <= q < p < n && arr[q] < arr[p]) ==> dp[p] >= dp[q] + 1;
    ensures e_2: \forall integer q; (0 <= q < n) ==> \result >= dp[q];
    ensures e_3: \exists integer q; (0 <= q < n) && \result == dp[q];
    assigns dp[0..(n - 1)];
*/
int _lis(int arr[], int n, int dp[]) {
    // Loop A
    /*@
        [Hint] Please infer the loop invariant for the following loop.

        loop assigns dp[0..(n - 1)];
        loop assigns i;
    */
    for (int i = 0; i < n; i++) {
        //@ ghost int cur = -1; 
        // Loop B
        /*@
            loop assigns dp[i];
            loop assigns j;
            loop assigns cur;
        */
        for (int j = 0; j < i; j++) {
            if (arr[j] < arr[i]){
                if (dp[i] < dp[j] + 1){
                    dp[i] = dp[j] + 1;
                    //@ ghost cur = j;
                }
            }
        }
    }

    //@ ghost int res = 0;
    int ans = dp[0];

    // Loop C
    /*@
        loop assigns i;
        loop assigns res;
        loop assigns ans;
    */
    for (int i = 0; i < n; i++) {
        if (dp[i] > ans) {
            ans = dp[i];
            //@ ghost res = i;
        }
    }

    return ans;
}
You are an expert in program verification, and please generate loop invariant as C annotation comments at the hint location (annotated by "[Hint] Please infer the loop invariant for the following loop.") using ACSL language.
ACSL is a specification language for C programs that conforms to the design by contract paradigm, utilizing Hoare style pre- and postconditions and invariants. Note that the `loop invariant` clause is a condition that is true at the beginning and end of every loop iteration.
Specifically, for the current verification task:
    - Pre-condition: the function's `requires` clauses
    - Post-condition: 
Please verify that the generated loop invariant is consistent with these constraints. If these specific pre- or post-conditions are not provided or empty, please infer the loop invariant strictly based on the program's execution logic and standard correctness.
In order to get a correct answer, You may want to consider both the situation of not entering the loop and the situation of jumping out of the loop. If some of the pre-conditions are also loop invariant, you need to add them to your answer as well.
Use '&&', '||', '==>', '\forall' or '\exists' if necessary. For instance:
```
loop invariant 1 <= x;
loop invariant x == y;
loop invariant 0 < x ==> y <= z;
loop invariant z % 2 == 1 || x == y;
loop invariant z % 2 == 1 && x <= y;
loop invariant \forall integer k;  0 <= k < i ==> max >=  a[k];
loop invariant \exists integer k;  0 <= k < i &&  max == a[k];
loop invariant \forall integer p; 0 <= p < \at(k, End_l) ==> res[p] == \at(res[p], End_l);
```
Your answer should follow the following format:
```
loop invariant ...;
loop invariant ...;
...
```
No explanation. No commentary. Just show me the loop invariant.
 /no_think
--------------------------
----------Response----------
[unused16][unused17][Loop <Loop A>]
loop invariant \forall integer i; 0 <= i < n && dp[i] >= 0;

[Loop <Loop B>]
loop invariant \forall integer j; 0 <= j < i;

[Loop <Loop C>]
loop invariant \forall integer i; 0 <= i < n && ans >= dp[i];
----------------------------
----------Prompt----------

/*@
    requires n > 1;
    requires \valid(arr + (0..(n - 1)));
    requires \valid(dp + (0..(n - 1)));
    requires \separated(&arr[0..(n - 1)], &dp[0..(n - 1)]);
    requires \forall integer k; 0 <= k < n ==> dp[k] == 1;
    ensures e_1: \forall integer p, q; (0 <= q < p < n && arr[q] < arr[p]) ==> dp[p] >= dp[q] + 1;
    ensures e_2: \forall integer q; (0 <= q < n) ==> \result >= dp[q];
    ensures e_3: \exists integer q; (0 <= q < n) && \result == dp[q];
    assigns dp[0..(n - 1)];
*/
int _lis(int arr[], int n, int dp[]) {
    // Loop A
    /*@
        loop invariant i_93: \forall integer i; 0 <= i < n && dp[i] >= 0;

        loop invariant i_94: \forall integer j; 0 <= j < i;

        loop invariant i_95: \forall integer i; 0 <= i < n && ans >= dp[i];


        loop assigns dp[0..(n - 1)];
        loop assigns i;
    */
    for (int i = 0; i < n; i++) {
        //@ ghost int cur = -1; 
        // Loop B
        /*@
            loop assigns dp[i];
            loop assigns j;
            loop assigns cur;
        */
        for (int j = 0; j < i; j++) {
            if (arr[j] < arr[i]){
                if (dp[i] < dp[j] + 1){
                    dp[i] = dp[j] + 1;
                    //@ ghost cur = j;
                }
            }
        }
    }

    //@ ghost int res = 0;
    int ans = dp[0];

    // Loop C
    /*@
        [Hint] Please infer the loop invariant for the following loop.

        loop assigns i;
        loop assigns res;
        loop assigns ans;
    */
    for (int i = 0; i < n; i++) {
        if (dp[i] > ans) {
            ans = dp[i];
            //@ ghost res = i;
        }
    }

    return ans;
}
You are an expert in program verification, and please generate loop invariant as C annotation comments at the hint location (annotated by "[Hint] Please infer the loop invariant for the following loop.") using ACSL language.
ACSL is a specification language for C programs that conforms to the design by contract paradigm, utilizing Hoare style pre- and postconditions and invariants. Note that the `loop invariant` clause is a condition that is true at the beginning and end of every loop iteration.
Specifically, for the current verification task:
    - Pre-condition: i_93:\forall integer i; 0 <= i < n && dp[i] >= 0; i_94:\forall integer j; 0 <= j < i; i_95:\forall integer i; 0 <= i < n && ans >= dp[i]; 
    - Post-condition: e_1:\forall integer p, q; (0 <= q < p < n && arr[q] < arr[p]) ==> dp[p] >= dp[q] + 1; e_2:\forall integer q; (0 <= q < n) ==> \result >= dp[q]; e_3:\exists integer q; (0 <= q < n) && \result == dp[q]; 
Please verify that the generated loop invariant is consistent with these constraints. If these specific pre- or post-conditions are not provided or empty, please infer the loop invariant strictly based on the program's execution logic and standard correctness.
In order to get a correct answer, You may want to consider both the situation of not entering the loop and the situation of jumping out of the loop. If some of the pre-conditions are also loop invariant, you need to add them to your answer as well.
Use '&&', '||', '==>', '\forall' or '\exists' if necessary. For instance:
```
loop invariant 1 <= x;
loop invariant x == y;
loop invariant 0 < x ==> y <= z;
loop invariant z % 2 == 1 || x == y;
loop invariant z % 2 == 1 && x <= y;
loop invariant \forall integer k;  0 <= k < i ==> max >=  a[k];
loop invariant \exists integer k;  0 <= k < i &&  max == a[k];
loop invariant \forall integer p; 0 <= p < \at(k, End_l) ==> res[p] == \at(res[p], End_l);
```
Your answer should follow the following format:
```
loop invariant ...;
loop invariant ...;
...
```
No explanation. No commentary. Just show me the loop invariant.
 /no_think
--------------------------
----------Response----------
[unused16][unused17][Loop <Loop C>]
loop invariant ans >= 0;

[Loop <Loop B>]
loop invariant dp[i] >= 0;
----------------------------
----------Prompt----------

/*@
    requires n > 1;
    requires \valid(arr + (0..(n - 1)));
    requires \valid(dp + (0..(n - 1)));
    requires \separated(&arr[0..(n - 1)], &dp[0..(n - 1)]);
    requires \forall integer k; 0 <= k < n ==> dp[k] == 1;
    ensures e_1: \forall integer p, q; (0 <= q < p < n && arr[q] < arr[p]) ==> dp[p] >= dp[q] + 1;
    ensures e_2: \forall integer q; (0 <= q < n) ==> \result >= dp[q];
    ensures e_3: \exists integer q; (0 <= q < n) && \result == dp[q];
    assigns dp[0..(n - 1)];
*/
int _lis(int arr[], int n, int dp[]) {
    // Loop A
    /*@
        loop invariant i_93: \forall integer i; 0 <= i < n && dp[i] >= 0;

        loop invariant i_94: \forall integer j; 0 <= j < i;

        loop invariant i_95: \forall integer i; 0 <= i < n && ans >= dp[i];


        loop assigns dp[0..(n - 1)];
        loop assigns i;
    */
    for (int i = 0; i < n; i++) {
        //@ ghost int cur = -1; 
        // Loop B
        /*@
            [Hint] Please infer the loop invariant for the following loop.

            loop assigns dp[i];
            loop assigns j;
            loop assigns cur;
        */
        for (int j = 0; j < i; j++) {
            if (arr[j] < arr[i]){
                if (dp[i] < dp[j] + 1){
                    dp[i] = dp[j] + 1;
                    //@ ghost cur = j;
                }
            }
        }
    }

    //@ ghost int res = 0;
    int ans = dp[0];

    // Loop C
    /*@
        loop invariant i_96: ans >= 0;

        loop invariant i_97: dp[i] >= 0;


        loop assigns i;
        loop assigns res;
        loop assigns ans;
    */
    for (int i = 0; i < n; i++) {
        if (dp[i] > ans) {
            ans = dp[i];
            //@ ghost res = i;
        }
    }

    return ans;
}
You are an expert in program verification, and please generate loop invariant as C annotation comments at the hint location (annotated by "[Hint] Please infer the loop invariant for the following loop.") using ACSL language.
ACSL is a specification language for C programs that conforms to the design by contract paradigm, utilizing Hoare style pre- and postconditions and invariants. Note that the `loop invariant` clause is a condition that is true at the beginning and end of every loop iteration.
Specifically, for the current verification task:
    - Pre-condition: i_93:\forall integer i; 0 <= i < n && dp[i] >= 0; i_94:\forall integer j; 0 <= j < i; i_95:\forall integer i; 0 <= i < n && ans >= dp[i]; 
    - Post-condition: i_93:\forall integer i; 0 <= i < n && dp[i] >= 0; i_94:\forall integer j; 0 <= j < i; i_95:\forall integer i; 0 <= i < n && ans >= dp[i]; 
Please verify that the generated loop invariant is consistent with these constraints. If these specific pre- or post-conditions are not provided or empty, please infer the loop invariant strictly based on the program's execution logic and standard correctness.
In order to get a correct answer, You may want to consider both the situation of not entering the loop and the situation of jumping out of the loop. If some of the pre-conditions are also loop invariant, you need to add them to your answer as well.
Use '&&', '||', '==>', '\forall' or '\exists' if necessary. For instance:
```
loop invariant 1 <= x;
loop invariant x == y;
loop invariant 0 < x ==> y <= z;
loop invariant z % 2 == 1 || x == y;
loop invariant z % 2 == 1 && x <= y;
loop invariant \forall integer k;  0 <= k < i ==> max >=  a[k];
loop invariant \exists integer k;  0 <= k < i &&  max == a[k];
loop invariant \forall integer p; 0 <= p < \at(k, End_l) ==> res[p] == \at(res[p], End_l);
```
Your answer should follow the following format:
```
loop invariant ...;
loop invariant ...;
...
```
No explanation. No commentary. Just show me the loop invariant.
 /no_think
--------------------------
----------Response----------
[unused16][unused17]```
loop invariant \forall integer i; 0 <= i < n && dp[i] >= 0;

loop invariant \forall integer j; 0 <= j < i;

loop invariant \forall integer i; 0 <= i < n && ans >= dp[i];
```
----------------------------
------------Invariant Info-----------
LOOP A:
i_93: \forall integer i; 0 <= i < n && dp[i] >= 0
i_94: \forall integer j; 0 <= j < i
i_95: \forall integer i; 0 <= i < n && ans >= dp[i]
LOOP B:
i_98: \forall integer i; 0 <= i < n && dp[i] >= 0
i_99: \forall integer j; 0 <= j < i
i_100: \forall integer i; 0 <= i < n && ans >= dp[i]
LOOP C:
i_96: ans >= 0
i_97: dp[i] >= 0
------------------------------------
---------- Code with Invariants ----------
/*@
    requires n > 1;
    requires \valid(arr + (0..(n - 1)));
    requires \valid(dp + (0..(n - 1)));
    requires \separated(&arr[0..(n - 1)], &dp[0..(n - 1)]);
    requires \forall integer k; 0 <= k < n ==> dp[k] == 1;
    ensures e_1: \forall integer p, q; (0 <= q < p < n && arr[q] < arr[p]) ==> dp[p] >= dp[q] + 1;
    ensures e_2: \forall integer q; (0 <= q < n) ==> \result >= dp[q];
    ensures e_3: \exists integer q; (0 <= q < n) && \result == dp[q];
    assigns dp[0..(n - 1)];
*/
int _lis(int arr[], int n, int dp[]) {
    // Loop A
    /*@
        loop invariant i_93: \forall integer i; 0 <= i < n && dp[i] >= 0;

        loop invariant i_94: \forall integer j; 0 <= j < i;

        loop invariant i_95: \forall integer i; 0 <= i < n && ans >= dp[i];


        loop assigns dp[0..(n - 1)];
        loop assigns i;
    */
    for (int i = 0; i < n; i++) {
        //@ ghost int cur = -1; 
        // Loop B
        /*@
            loop invariant i_98: \forall integer i; 0 <= i < n && dp[i] >= 0;

            loop invariant i_99: \forall integer j; 0 <= j < i;

            loop invariant i_100: \forall integer i; 0 <= i < n && ans >= dp[i];


            loop assigns dp[i];
            loop assigns j;
            loop assigns cur;
        */
        for (int j = 0; j < i; j++) {
            if (arr[j] < arr[i]){
                if (dp[i] < dp[j] + 1){
                    dp[i] = dp[j] + 1;
                    //@ ghost cur = j;
                }
            }
        }
    }

    //@ ghost int res = 0;
    int ans = dp[0];

    // Loop C
    /*@
        loop invariant i_96: ans >= 0;

        loop invariant i_97: dp[i] >= 0;


        loop assigns i;
        loop assigns res;
        loop assigns ans;
    */
    for (int i = 0; i < n; i++) {
        if (dp[i] > ans) {
            ans = dp[i];
            //@ ghost res = i;
        }
    }

    return ans;
}
------------------------------------------
Verification failed (Invalid), removing all invariants and retrying.
Verification failed: reached maximum attempts.
---------Result---------
Fail
Model: openPangu-Embedded-7B-V1.1
Running time: 339.85915088653564
Proposal number: 5
Verified code:

------------------------
