-----------Model-----------
Model type:
PanguEmbeddedForCausalLM(
  (model): PanguEmbeddedModel(
    (embed_tokens): Embedding(153376, 4096, padding_idx=0)
    (layers): ModuleList(
      (0-33): 34 x PanguEmbeddedDecoderLayer(
        (self_attn): PanguEmbeddedAttention(
          (q_proj): Linear(in_features=4096, out_features=4096, bias=True)
          (k_proj): Linear(in_features=4096, out_features=1024, bias=True)
          (v_proj): Linear(in_features=4096, out_features=1024, bias=True)
          (o_proj): Linear(in_features=4096, out_features=4096, bias=True)
        )
        (mlp): PanguEmbeddedMLP(
          (gate_proj): Linear(in_features=4096, out_features=12800, bias=False)
          (up_proj): Linear(in_features=4096, out_features=12800, bias=False)
          (down_proj): Linear(in_features=12800, out_features=4096, bias=False)
          (act_fn): SiLU()
        )
        (input_layernorm): PanguEmbeddedRMSNorm((4096,), eps=1e-05)
        (post_attention_layernorm): PanguEmbeddedRMSNorm((4096,), eps=1e-05)
      )
    )
    (norm): PanguEmbeddedRMSNorm((4096,), eps=1e-05)
    (rotary_emb): PanguEmbeddedRotaryEmbedding()
  )
  (lm_head): Linear(in_features=4096, out_features=153376, bias=False)
)
Model device:
npu:1
---------------------------
File Path: ../Benchmark/acsl-algorithms/_longest_palindrome_subseq.c
----------Code----------
#define n 10

/*@
    predicate is_max(integer a, integer b, integer result) =
        result >= a && 
        result >= b && 
        (result == a || result == b);
*/

/*@
    assigns \nothing;
    ensures is_max(a, b, \result);
*/
int max(int a, int b) {
  int max_val = a >= b ? a : b;
  return max_val;
}

/*@
    requires \valid_read(s);
    requires \valid(dp + (0..(n - 1)));
    requires \valid(dp[0..(n - 1)] + (0..(n - 1)));
    requires \forall integer i, j; 0 <= i < n && 0 <= j < n && i != j ==> \separated(&dp[i] + (0..(n - 1)), &dp[j] + (0..(n - 1)), &s[0..(n - 1)]);
    requires \forall integer i, j; 0 <= i < n && 0 <= j < n ==> dp[i][j] == 0;
    ensures e_1: \forall integer p, q; -1 < p < n && p < q < n ==> 
                (s[p] == s[q] && dp[p][q] == dp[p + 1][q - 1] + 2) || (is_max(dp[p + 1][q], dp[p][q - 1], dp[p][q]));
    assigns dp[0..(n - 1)][0..(n - 1)];
*/
int _longest_palindrome_subseq(char* s, int dp[n][n]) {
    /*@
        loop assigns dp[0..(n - 1)][0..(n - 1)], i;
    */
    for (int i = n - 1; i >= 0; i--) {
        dp[i][i] = 1;
        char c1 = s[i];
        /*@
            loop assigns dp[i][(i + 1)..(n - 1)], j;
        */
        for (int j = i + 1; j < n; j++) {
            char c2 = s[j];
            if (c1 == c2) {
                dp[i][j] = dp[i + 1][j - 1] + 2;
            } else {
                dp[i][j] = max(dp[i + 1][j], dp[i][j - 1]);
            }
        }
    }
    return dp[0][n - 1];
}
------------------------
========== Attempt 1 ==========
----------Prompt----------

#define n 10

/*@
    predicate is_max(integer a, integer b, integer result) =
        result >= a && 
        result >= b && 
        (result == a || result == b);
*/

/*@
    assigns \nothing;
    ensures is_max(a, b, \result);
*/
int max(int a, int b) {
  int max_val = a >= b ? a : b;
  return max_val;
}

/*@
    requires \valid_read(s);
    requires \valid(dp + (0..(n - 1)));
    requires \valid(dp[0..(n - 1)] + (0..(n - 1)));
    requires \forall integer i, j; 0 <= i < n && 0 <= j < n && i != j ==> \separated(&dp[i] + (0..(n - 1)), &dp[j] + (0..(n - 1)), &s[0..(n - 1)]);
    requires \forall integer i, j; 0 <= i < n && 0 <= j < n ==> dp[i][j] == 0;
    ensures e_1: \forall integer p, q; -1 < p < n && p < q < n ==> 
                (s[p] == s[q] && dp[p][q] == dp[p + 1][q - 1] + 2) || (is_max(dp[p + 1][q], dp[p][q - 1], dp[p][q]));
    assigns dp[0..(n - 1)][0..(n - 1)];
*/
int _longest_palindrome_subseq(char* s, int dp[n][n]) {
    // Loop A
    /*@
        [Hint] Please infer the loop invariant for the following loop.

        loop assigns dp[0..(n - 1)][0..(n - 1)], i;
    */
    for (int i = n - 1; i >= 0; i--) {
        dp[i][i] = 1;
        char c1 = s[i];
        // Loop B
        /*@
            loop assigns dp[i][(i + 1)..(n - 1)], j;
        */
        for (int j = i + 1; j < n; j++) {
            char c2 = s[j];
            if (c1 == c2) {
                dp[i][j] = dp[i + 1][j - 1] + 2;
            } else {
                dp[i][j] = max(dp[i + 1][j], dp[i][j - 1]);
            }
        }
    }
    return dp[0][n - 1];
}
You are an expert in program verification, and please generate loop invariant as C annotation comments at the hint location (annotated by "[Hint] Please infer the loop invariant for the following loop.") using ACSL language.
ACSL is a specification language for C programs that conforms to the design by contract paradigm, utilizing Hoare style pre- and postconditions and invariants. Note that the `loop invariant` clause is a condition that is true at the beginning and end of every loop iteration.
Specifically, for the current verification task:
    - Pre-condition: the function's `requires` clauses
    - Post-condition: 
Please verify that the generated loop invariant is consistent with these constraints. If these specific pre- or post-conditions are not provided or empty, please infer the loop invariant strictly based on the program's execution logic and standard correctness.
In order to get a correct answer, You may want to consider both the situation of not entering the loop and the situation of jumping out of the loop. If some of the pre-conditions are also loop invariant, you need to add them to your answer as well.
Use '&&', '||', '==>', '\forall' or '\exists' if necessary. For instance:
```
loop invariant 1 <= x;
loop invariant x == y;
loop invariant 0 < x ==> y <= z;
loop invariant z % 2 == 1 || x == y;
loop invariant z % 2 == 1 && x <= y;
loop invariant \forall integer k;  0 <= k < i ==> max >=  a[k];
loop invariant \exists integer k;  0 <= k < i &&  max == a[k];
loop invariant \forall integer p; 0 <= p < \at(k, End_l) ==> res[p] == \at(res[p], End_l);
```
Your answer should follow the following format:
```
loop invariant ...;
loop invariant ...;
...
```
No explanation. No commentary. Just show me the loop invariant.
 /no_think
--------------------------
----------Response----------
[unused16][unused17]loop invariant \exists integer i; 0 <= i < n && \forall j; 0 <= j < n && i != j ==> dp[i][j] == 0;
loop invariant \forall integer i, j; 0 <= i < n && 0 <= j < n && i != j ==> dp[i][j] == 0;
loop invariant \forall integer i, j; 0 <= i < n && 0 <= j < n && i == j ==> dp[i][j] == 1;
loop invariant \forall integer i, j, k; 0 <= i < n && 0 <= j < n && 0 <= k < n && i != j && i != k && j != k ==> dp[i][j] == max(dp[i+1][j], dp[i][j-1]);
loop invariant \forall integer i; 0 <= i < n ==> s[i] == s[n - 1 - i];
loop invariant \forall integer i, j; 0 <= i < n && 0 <= j < n ==> dp[i][j] >= 1;
loop invariant \forall integer i, j; 0 <= i < n && 0 <= j < n && i == j ==> dp[i][j] == 1;
loop invariant \forall integer i, j; 0 <= i < n && 0 <= j < n && i == n - 1 && j == n - 1 ==> dp[i][j] == 1;
loop invariant \forall integer i, j; 0 <= i < n && 0 <= j < n && i == n - 1 ==> s[i] == s[j];
loop invariant \forall integer i, j; 0 <= i < n && 0 <= j < n && i == n - 1 && j == n - 1 ==> dp[i][j] == 1;
loop invariant \forall integer i, j; 0 <= i < n && 0 <= j < n && i == 0 && j == n - 1 ==> dp[i][j] == dp[0][n - 1];
```
----------------------------
----------Prompt----------

#define n 10

/*@
    predicate is_max(integer a, integer b, integer result) =
        result >= a && 
        result >= b && 
        (result == a || result == b);
*/

/*@
    assigns \nothing;
    ensures is_max(a, b, \result);
*/
int max(int a, int b) {
  int max_val = a >= b ? a : b;
  return max_val;
}

/*@
    requires \valid_read(s);
    requires \valid(dp + (0..(n - 1)));
    requires \valid(dp[0..(n - 1)] + (0..(n - 1)));
    requires \forall integer i, j; 0 <= i < n && 0 <= j < n && i != j ==> \separated(&dp[i] + (0..(n - 1)), &dp[j] + (0..(n - 1)), &s[0..(n - 1)]);
    requires \forall integer i, j; 0 <= i < n && 0 <= j < n ==> dp[i][j] == 0;
    ensures e_1: \forall integer p, q; -1 < p < n && p < q < n ==> 
                (s[p] == s[q] && dp[p][q] == dp[p + 1][q - 1] + 2) || (is_max(dp[p + 1][q], dp[p][q - 1], dp[p][q]));
    assigns dp[0..(n - 1)][0..(n - 1)];
*/
int _longest_palindrome_subseq(char* s, int dp[n][n]) {
    // Loop A
    /*@
        loop invariant i_0: \exists integer i; 0 <= i < n && \forall j; 0 <= j < n && i != j ==> dp[i][j] == 0;

        loop invariant i_1: \forall integer i, j; 0 <= i < n && 0 <= j < n && i != j ==> dp[i][j] == 0;

        loop invariant i_2: \forall integer i, j; 0 <= i < n && 0 <= j < n && i == j ==> dp[i][j] == 1;

        loop invariant i_3: \forall integer i, j, k; 0 <= i < n && 0 <= j < n && 0 <= k < n && i != j && i != k && j != k ==> dp[i][j] == max(dp[i+1][j], dp[i][j-1]);

        loop invariant i_4: \forall integer i; 0 <= i < n ==> s[i] == s[n - 1 - i];

        loop invariant i_5: \forall integer i, j; 0 <= i < n && 0 <= j < n ==> dp[i][j] >= 1;

        loop invariant i_6: \forall integer i, j; 0 <= i < n && 0 <= j < n && i == n - 1 && j == n - 1 ==> dp[i][j] == 1;

        loop invariant i_7: \forall integer i, j; 0 <= i < n && 0 <= j < n && i == n - 1 ==> s[i] == s[j];

        loop invariant i_8: \forall integer i, j; 0 <= i < n && 0 <= j < n && i == 0 && j == n - 1 ==> dp[i][j] == dp[0][n - 1];


        loop assigns dp[0..(n - 1)][0..(n - 1)], i;
    */
    for (int i = n - 1; i >= 0; i--) {
        dp[i][i] = 1;
        char c1 = s[i];
        // Loop B
        /*@
            [Hint] Please infer the loop invariant for the following loop.

            loop assigns dp[i][(i + 1)..(n - 1)], j;
        */
        for (int j = i + 1; j < n; j++) {
            char c2 = s[j];
            if (c1 == c2) {
                dp[i][j] = dp[i + 1][j - 1] + 2;
            } else {
                dp[i][j] = max(dp[i + 1][j], dp[i][j - 1]);
            }
        }
    }
    return dp[0][n - 1];
}
You are an expert in program verification, and please generate loop invariant as C annotation comments at the hint location (annotated by "[Hint] Please infer the loop invariant for the following loop.") using ACSL language.
ACSL is a specification language for C programs that conforms to the design by contract paradigm, utilizing Hoare style pre- and postconditions and invariants. Note that the `loop invariant` clause is a condition that is true at the beginning and end of every loop iteration.
Specifically, for the current verification task:
    - Pre-condition: i_0:\exists integer i; 0 <= i < n && \forall j; 0 <= j < n && i != j ==> dp[i][j] == 0; i_1:\forall integer i, j; 0 <= i < n && 0 <= j < n && i != j ==> dp[i][j] == 0; i_2:\forall integer i, j; 0 <= i < n && 0 <= j < n && i == j ==> dp[i][j] == 1; i_3:\forall integer i, j, k; 0 <= i < n && 0 <= j < n && 0 <= k < n && i != j && i != k && j != k ==> dp[i][j] == max(dp[i+1][j], dp[i][j-1]); i_4:\forall integer i; 0 <= i < n ==> s[i] == s[n - 1 - i]; i_5:\forall integer i, j; 0 <= i < n && 0 <= j < n ==> dp[i][j] >= 1; i_6:\forall integer i, j; 0 <= i < n && 0 <= j < n && i == n - 1 && j == n - 1 ==> dp[i][j] == 1; i_7:\forall integer i, j; 0 <= i < n && 0 <= j < n && i == n - 1 ==> s[i] == s[j]; i_8:\forall integer i, j; 0 <= i < n && 0 <= j < n && i == 0 && j == n - 1 ==> dp[i][j] == dp[0][n - 1]; 
    - Post-condition: i_0:\exists integer i; 0 <= i < n && \forall j; 0 <= j < n && i != j ==> dp[i][j] == 0; i_1:\forall integer i, j; 0 <= i < n && 0 <= j < n && i != j ==> dp[i][j] == 0; i_2:\forall integer i, j; 0 <= i < n && 0 <= j < n && i == j ==> dp[i][j] == 1; i_3:\forall integer i, j, k; 0 <= i < n && 0 <= j < n && 0 <= k < n && i != j && i != k && j != k ==> dp[i][j] == max(dp[i+1][j], dp[i][j-1]); i_4:\forall integer i; 0 <= i < n ==> s[i] == s[n - 1 - i]; i_5:\forall integer i, j; 0 <= i < n && 0 <= j < n ==> dp[i][j] >= 1; i_6:\forall integer i, j; 0 <= i < n && 0 <= j < n && i == n - 1 && j == n - 1 ==> dp[i][j] == 1; i_7:\forall integer i, j; 0 <= i < n && 0 <= j < n && i == n - 1 ==> s[i] == s[j]; i_8:\forall integer i, j; 0 <= i < n && 0 <= j < n && i == 0 && j == n - 1 ==> dp[i][j] == dp[0][n - 1]; 
Please verify that the generated loop invariant is consistent with these constraints. If these specific pre- or post-conditions are not provided or empty, please infer the loop invariant strictly based on the program's execution logic and standard correctness.
In order to get a correct answer, You may want to consider both the situation of not entering the loop and the situation of jumping out of the loop. If some of the pre-conditions are also loop invariant, you need to add them to your answer as well.
Use '&&', '||', '==>', '\forall' or '\exists' if necessary. For instance:
```
loop invariant 1 <= x;
loop invariant x == y;
loop invariant 0 < x ==> y <= z;
loop invariant z % 2 == 1 || x == y;
loop invariant z % 2 == 1 && x <= y;
loop invariant \forall integer k;  0 <= k < i ==> max >=  a[k];
loop invariant \exists integer k;  0 <= k < i &&  max == a[k];
loop invariant \forall integer p; 0 <= p < \at(k, End_l) ==> res[p] == \at(res[p], End_l);
```
Your answer should follow the following format:
```
loop invariant ...;
loop invariant ...;
...
```
No explanation. No commentary. Just show me the loop invariant.
 /no_think
--------------------------
----------Response----------
[unused16][unused17]```
loop invariant \forall integer i, j; 0 <= i < n && 0 <= j < n && i != j ==> dp[i][j] == 0;
loop invariant \forall integer i, j; 0 <= i < n && 0 <= j < n && i == j ==> dp[i][j] == 1;
loop invariant \forall integer i, j, k; 0 <= i < n && 0 <= j < n && 0 <= k < n && i != j && i != k && j != k ==> dp[i][j] == max(dp[i+1][j], dp[i][j-1]);
loop invariant \forall integer i; 0 <= i < n ==> s[i] == s[n - 1 - i];
loop invariant \forall integer i, j; 0 <= i < n && 0 <= j < n ==> dp[i][j] >= 1;
loop invariant \forall integer i, j; 0 <= i < n && 0 <= j < n && i == n - 1 && j == n - 1 ==> dp[i][j] == 1;
loop invariant \forall integer i, j; 0 <= i < n && 0 <= j < n && i == n - 1 ==> s[i] == s[j];
loop invariant \forall integer i, j; 0 <= i < n && 0 <= j < n && i == 0 && j == n - 1 ==> dp[i][j] == dp[0][n - 1];
```
----------------------------
------------Invariant Info-----------
LOOP A:
i_0: \exists integer i; 0 <= i < n && \forall j; 0 <= j < n && i != j ==> dp[i][j] == 0
i_1: \forall integer i, j; 0 <= i < n && 0 <= j < n && i != j ==> dp[i][j] == 0
i_2: \forall integer i, j; 0 <= i < n && 0 <= j < n && i == j ==> dp[i][j] == 1
i_3: \forall integer i, j, k; 0 <= i < n && 0 <= j < n && 0 <= k < n && i != j && i != k && j != k ==> dp[i][j] == max(dp[i+1][j], dp[i][j-1])
i_4: \forall integer i; 0 <= i < n ==> s[i] == s[n - 1 - i]
i_5: \forall integer i, j; 0 <= i < n && 0 <= j < n ==> dp[i][j] >= 1
i_6: \forall integer i, j; 0 <= i < n && 0 <= j < n && i == n - 1 && j == n - 1 ==> dp[i][j] == 1
i_7: \forall integer i, j; 0 <= i < n && 0 <= j < n && i == n - 1 ==> s[i] == s[j]
i_8: \forall integer i, j; 0 <= i < n && 0 <= j < n && i == 0 && j == n - 1 ==> dp[i][j] == dp[0][n - 1]
LOOP B:
i_9: \forall integer i, j; 0 <= i < n && 0 <= j < n && i != j ==> dp[i][j] == 0
i_10: \forall integer i, j; 0 <= i < n && 0 <= j < n && i == j ==> dp[i][j] == 1
i_11: \forall integer i, j, k; 0 <= i < n && 0 <= j < n && 0 <= k < n && i != j && i != k && j != k ==> dp[i][j] == max(dp[i+1][j], dp[i][j-1])
i_12: \forall integer i; 0 <= i < n ==> s[i] == s[n - 1 - i]
i_13: \forall integer i, j; 0 <= i < n && 0 <= j < n ==> dp[i][j] >= 1
i_14: \forall integer i, j; 0 <= i < n && 0 <= j < n && i == n - 1 && j == n - 1 ==> dp[i][j] == 1
i_15: \forall integer i, j; 0 <= i < n && 0 <= j < n && i == n - 1 ==> s[i] == s[j]
i_16: \forall integer i, j; 0 <= i < n && 0 <= j < n && i == 0 && j == n - 1 ==> dp[i][j] == dp[0][n - 1]
------------------------------------
---------- Code with Invariants ----------
#define n 10

/*@
    predicate is_max(integer a, integer b, integer result) =
        result >= a && 
        result >= b && 
        (result == a || result == b);
*/

/*@
    assigns \nothing;
    ensures is_max(a, b, \result);
*/
int max(int a, int b) {
  int max_val = a >= b ? a : b;
  return max_val;
}

/*@
    requires \valid_read(s);
    requires \valid(dp + (0..(n - 1)));
    requires \valid(dp[0..(n - 1)] + (0..(n - 1)));
    requires \forall integer i, j; 0 <= i < n && 0 <= j < n && i != j ==> \separated(&dp[i] + (0..(n - 1)), &dp[j] + (0..(n - 1)), &s[0..(n - 1)]);
    requires \forall integer i, j; 0 <= i < n && 0 <= j < n ==> dp[i][j] == 0;
    ensures e_1: \forall integer p, q; -1 < p < n && p < q < n ==> 
                (s[p] == s[q] && dp[p][q] == dp[p + 1][q - 1] + 2) || (is_max(dp[p + 1][q], dp[p][q - 1], dp[p][q]));
    assigns dp[0..(n - 1)][0..(n - 1)];
*/
int _longest_palindrome_subseq(char* s, int dp[n][n]) {
    // Loop A
    /*@
        loop invariant i_0: \exists integer i; 0 <= i < n && \forall j; 0 <= j < n && i != j ==> dp[i][j] == 0;

        loop invariant i_1: \forall integer i, j; 0 <= i < n && 0 <= j < n && i != j ==> dp[i][j] == 0;

        loop invariant i_2: \forall integer i, j; 0 <= i < n && 0 <= j < n && i == j ==> dp[i][j] == 1;

        loop invariant i_3: \forall integer i, j, k; 0 <= i < n && 0 <= j < n && 0 <= k < n && i != j && i != k && j != k ==> dp[i][j] == max(dp[i+1][j], dp[i][j-1]);

        loop invariant i_4: \forall integer i; 0 <= i < n ==> s[i] == s[n - 1 - i];

        loop invariant i_5: \forall integer i, j; 0 <= i < n && 0 <= j < n ==> dp[i][j] >= 1;

        loop invariant i_6: \forall integer i, j; 0 <= i < n && 0 <= j < n && i == n - 1 && j == n - 1 ==> dp[i][j] == 1;

        loop invariant i_7: \forall integer i, j; 0 <= i < n && 0 <= j < n && i == n - 1 ==> s[i] == s[j];

        loop invariant i_8: \forall integer i, j; 0 <= i < n && 0 <= j < n && i == 0 && j == n - 1 ==> dp[i][j] == dp[0][n - 1];


        loop assigns dp[0..(n - 1)][0..(n - 1)], i;
    */
    for (int i = n - 1; i >= 0; i--) {
        dp[i][i] = 1;
        char c1 = s[i];
        // Loop B
        /*@
            loop invariant i_9: \forall integer i, j; 0 <= i < n && 0 <= j < n && i != j ==> dp[i][j] == 0;

            loop invariant i_10: \forall integer i, j; 0 <= i < n && 0 <= j < n && i == j ==> dp[i][j] == 1;

            loop invariant i_11: \forall integer i, j, k; 0 <= i < n && 0 <= j < n && 0 <= k < n && i != j && i != k && j != k ==> dp[i][j] == max(dp[i+1][j], dp[i][j-1]);

            loop invariant i_12: \forall integer i; 0 <= i < n ==> s[i] == s[n - 1 - i];

            loop invariant i_13: \forall integer i, j; 0 <= i < n && 0 <= j < n ==> dp[i][j] >= 1;

            loop invariant i_14: \forall integer i, j; 0 <= i < n && 0 <= j < n && i == n - 1 && j == n - 1 ==> dp[i][j] == 1;

            loop invariant i_15: \forall integer i, j; 0 <= i < n && 0 <= j < n && i == n - 1 ==> s[i] == s[j];

            loop invariant i_16: \forall integer i, j; 0 <= i < n && 0 <= j < n && i == 0 && j == n - 1 ==> dp[i][j] == dp[0][n - 1];


            loop assigns dp[i][(i + 1)..(n - 1)], j;
        */
        for (int j = i + 1; j < n; j++) {
            char c2 = s[j];
            if (c1 == c2) {
                dp[i][j] = dp[i + 1][j - 1] + 2;
            } else {
                dp[i][j] = max(dp[i + 1][j], dp[i][j - 1]);
            }
        }
    }
    return dp[0][n - 1];
}
------------------------------------------
Verification failed (Invalid), removing all invariants and retrying.
========== Attempt 2 ==========
----------Prompt----------

#define n 10

/*@
    predicate is_max(integer a, integer b, integer result) =
        result >= a && 
        result >= b && 
        (result == a || result == b);
*/

/*@
    assigns \nothing;
    ensures is_max(a, b, \result);
*/
int max(int a, int b) {
  int max_val = a >= b ? a : b;
  return max_val;
}

/*@
    requires \valid_read(s);
    requires \valid(dp + (0..(n - 1)));
    requires \valid(dp[0..(n - 1)] + (0..(n - 1)));
    requires \forall integer i, j; 0 <= i < n && 0 <= j < n && i != j ==> \separated(&dp[i] + (0..(n - 1)), &dp[j] + (0..(n - 1)), &s[0..(n - 1)]);
    requires \forall integer i, j; 0 <= i < n && 0 <= j < n ==> dp[i][j] == 0;
    ensures e_1: \forall integer p, q; -1 < p < n && p < q < n ==> 
                (s[p] == s[q] && dp[p][q] == dp[p + 1][q - 1] + 2) || (is_max(dp[p + 1][q], dp[p][q - 1], dp[p][q]));
    assigns dp[0..(n - 1)][0..(n - 1)];
*/
int _longest_palindrome_subseq(char* s, int dp[n][n]) {
    // Loop A
    /*@
        [Hint] Please infer the loop invariant for the following loop.

        loop assigns dp[0..(n - 1)][0..(n - 1)], i;
    */
    for (int i = n - 1; i >= 0; i--) {
        dp[i][i] = 1;
        char c1 = s[i];
        // Loop B
        /*@
            loop assigns dp[i][(i + 1)..(n - 1)], j;
        */
        for (int j = i + 1; j < n; j++) {
            char c2 = s[j];
            if (c1 == c2) {
                dp[i][j] = dp[i + 1][j - 1] + 2;
            } else {
                dp[i][j] = max(dp[i + 1][j], dp[i][j - 1]);
            }
        }
    }
    return dp[0][n - 1];
}
You are an expert in program verification, and please generate loop invariant as C annotation comments at the hint location (annotated by "[Hint] Please infer the loop invariant for the following loop.") using ACSL language.
ACSL is a specification language for C programs that conforms to the design by contract paradigm, utilizing Hoare style pre- and postconditions and invariants. Note that the `loop invariant` clause is a condition that is true at the beginning and end of every loop iteration.
Specifically, for the current verification task:
    - Pre-condition: the function's `requires` clauses
    - Post-condition: 
Please verify that the generated loop invariant is consistent with these constraints. If these specific pre- or post-conditions are not provided or empty, please infer the loop invariant strictly based on the program's execution logic and standard correctness.
In order to get a correct answer, You may want to consider both the situation of not entering the loop and the situation of jumping out of the loop. If some of the pre-conditions are also loop invariant, you need to add them to your answer as well.
Use '&&', '||', '==>', '\forall' or '\exists' if necessary. For instance:
```
loop invariant 1 <= x;
loop invariant x == y;
loop invariant 0 < x ==> y <= z;
loop invariant z % 2 == 1 || x == y;
loop invariant z % 2 == 1 && x <= y;
loop invariant \forall integer k;  0 <= k < i ==> max >=  a[k];
loop invariant \exists integer k;  0 <= k < i &&  max == a[k];
loop invariant \forall integer p; 0 <= p < \at(k, End_l) ==> res[p] == \at(res[p], End_l);
```
Your answer should follow the following format:
```
loop invariant ...;
loop invariant ...;
...
```
No explanation. No commentary. Just show me the loop invariant.
 /no_think
--------------------------
----------Response----------
[unused16][unused17]loop invariant \forall integer i, j; 0 <= i < n && 0 <= j < n && i <= j ==> dp[i][j] == \max(dp[i + 1][j], dp[i][j - 1]) || (i == j && dp[i][j] == 1);
loop invariant \forall integer i, j; 0 <= i < n && 0 <= j < n && i <= j && dp[i][j] == \max(dp[i + 1][j], dp[i][j - 1]) || (i == j && dp[i][j] == 1);
----------------------------
----------Prompt----------

#define n 10

/*@
    predicate is_max(integer a, integer b, integer result) =
        result >= a && 
        result >= b && 
        (result == a || result == b);
*/

/*@
    assigns \nothing;
    ensures is_max(a, b, \result);
*/
int max(int a, int b) {
  int max_val = a >= b ? a : b;
  return max_val;
}

/*@
    requires \valid_read(s);
    requires \valid(dp + (0..(n - 1)));
    requires \valid(dp[0..(n - 1)] + (0..(n - 1)));
    requires \forall integer i, j; 0 <= i < n && 0 <= j < n && i != j ==> \separated(&dp[i] + (0..(n - 1)), &dp[j] + (0..(n - 1)), &s[0..(n - 1)]);
    requires \forall integer i, j; 0 <= i < n && 0 <= j < n ==> dp[i][j] == 0;
    ensures e_1: \forall integer p, q; -1 < p < n && p < q < n ==> 
                (s[p] == s[q] && dp[p][q] == dp[p + 1][q - 1] + 2) || (is_max(dp[p + 1][q], dp[p][q - 1], dp[p][q]));
    assigns dp[0..(n - 1)][0..(n - 1)];
*/
int _longest_palindrome_subseq(char* s, int dp[n][n]) {
    // Loop A
    /*@
        loop invariant i_17: \forall integer i, j; 0 <= i < n && 0 <= j < n && i <= j ==> dp[i][j] == \max(dp[i + 1][j], dp[i][j - 1]) || (i == j && dp[i][j] == 1);

        loop invariant i_18: \forall integer i, j; 0 <= i < n && 0 <= j < n && i <= j && dp[i][j] == \max(dp[i + 1][j], dp[i][j - 1]) || (i == j && dp[i][j] == 1);


        loop assigns dp[0..(n - 1)][0..(n - 1)], i;
    */
    for (int i = n - 1; i >= 0; i--) {
        dp[i][i] = 1;
        char c1 = s[i];
        // Loop B
        /*@
            [Hint] Please infer the loop invariant for the following loop.

            loop assigns dp[i][(i + 1)..(n - 1)], j;
        */
        for (int j = i + 1; j < n; j++) {
            char c2 = s[j];
            if (c1 == c2) {
                dp[i][j] = dp[i + 1][j - 1] + 2;
            } else {
                dp[i][j] = max(dp[i + 1][j], dp[i][j - 1]);
            }
        }
    }
    return dp[0][n - 1];
}
You are an expert in program verification, and please generate loop invariant as C annotation comments at the hint location (annotated by "[Hint] Please infer the loop invariant for the following loop.") using ACSL language.
ACSL is a specification language for C programs that conforms to the design by contract paradigm, utilizing Hoare style pre- and postconditions and invariants. Note that the `loop invariant` clause is a condition that is true at the beginning and end of every loop iteration.
Specifically, for the current verification task:
    - Pre-condition: i_17:\forall integer i, j; 0 <= i < n && 0 <= j < n && i <= j ==> dp[i][j] == \max(dp[i + 1][j], dp[i][j - 1]) || (i == j && dp[i][j] == 1); i_18:\forall integer i, j; 0 <= i < n && 0 <= j < n && i <= j && dp[i][j] == \max(dp[i + 1][j], dp[i][j - 1]) || (i == j && dp[i][j] == 1); 
    - Post-condition: i_17:\forall integer i, j; 0 <= i < n && 0 <= j < n && i <= j ==> dp[i][j] == \max(dp[i + 1][j], dp[i][j - 1]) || (i == j && dp[i][j] == 1); i_18:\forall integer i, j; 0 <= i < n && 0 <= j < n && i <= j && dp[i][j] == \max(dp[i + 1][j], dp[i][j - 1]) || (i == j && dp[i][j] == 1); 
Please verify that the generated loop invariant is consistent with these constraints. If these specific pre- or post-conditions are not provided or empty, please infer the loop invariant strictly based on the program's execution logic and standard correctness.
In order to get a correct answer, You may want to consider both the situation of not entering the loop and the situation of jumping out of the loop. If some of the pre-conditions are also loop invariant, you need to add them to your answer as well.
Use '&&', '||', '==>', '\forall' or '\exists' if necessary. For instance:
```
loop invariant 1 <= x;
loop invariant x == y;
loop invariant 0 < x ==> y <= z;
loop invariant z % 2 == 1 || x == y;
loop invariant z % 2 == 1 && x <= y;
loop invariant \forall integer k;  0 <= k < i ==> max >=  a[k];
loop invariant \exists integer k;  0 <= k < i &&  max == a[k];
loop invariant \forall integer p; 0 <= p < \at(k, End_l) ==> res[p] == \at(res[p], End_l);
```
Your answer should follow the following format:
```
loop invariant ...;
loop invariant ...;
...
```
No explanation. No commentary. Just show me the loop invariant.
 /no_think
--------------------------
----------Response----------
[unused16][unused17]loop invariant i_17: \forall integer i, j; 0 <= i < n && 0 <= j < n && i <= j ==> dp[i][j] == \max(dp[i + 1][j], dp[i][j - 1]) || (i == j && dp[i][j] == 1);

loop invariant i_18: \forall integer i, j; 0 <= i < n && 0 <= j < n && i <= j && dp[i][j] == \max(dp[i + 1][j], dp[i][j - 1]) || (i == j && dp[i][j] == 1);
----------------------------
------------Invariant Info-----------
LOOP A:
i_17: \forall integer i, j; 0 <= i < n && 0 <= j < n && i <= j ==> dp[i][j] == \max(dp[i + 1][j], dp[i][j - 1]) || (i == j && dp[i][j] == 1)
i_18: \forall integer i, j; 0 <= i < n && 0 <= j < n && i <= j && dp[i][j] == \max(dp[i + 1][j], dp[i][j - 1]) || (i == j && dp[i][j] == 1)
LOOP B:
i_19: \forall integer i, j; 0 <= i < n && 0 <= j < n && i <= j ==> dp[i][j] == \max(dp[i + 1][j], dp[i][j - 1]) || (i == j && dp[i][j] == 1)
i_20: \forall integer i, j; 0 <= i < n && 0 <= j < n && i <= j && dp[i][j] == \max(dp[i + 1][j], dp[i][j - 1]) || (i == j && dp[i][j] == 1)
------------------------------------
---------- Code with Invariants ----------
#define n 10

/*@
    predicate is_max(integer a, integer b, integer result) =
        result >= a && 
        result >= b && 
        (result == a || result == b);
*/

/*@
    assigns \nothing;
    ensures is_max(a, b, \result);
*/
int max(int a, int b) {
  int max_val = a >= b ? a : b;
  return max_val;
}

/*@
    requires \valid_read(s);
    requires \valid(dp + (0..(n - 1)));
    requires \valid(dp[0..(n - 1)] + (0..(n - 1)));
    requires \forall integer i, j; 0 <= i < n && 0 <= j < n && i != j ==> \separated(&dp[i] + (0..(n - 1)), &dp[j] + (0..(n - 1)), &s[0..(n - 1)]);
    requires \forall integer i, j; 0 <= i < n && 0 <= j < n ==> dp[i][j] == 0;
    ensures e_1: \forall integer p, q; -1 < p < n && p < q < n ==> 
                (s[p] == s[q] && dp[p][q] == dp[p + 1][q - 1] + 2) || (is_max(dp[p + 1][q], dp[p][q - 1], dp[p][q]));
    assigns dp[0..(n - 1)][0..(n - 1)];
*/
int _longest_palindrome_subseq(char* s, int dp[n][n]) {
    // Loop A
    /*@
        loop invariant i_17: \forall integer i, j; 0 <= i < n && 0 <= j < n && i <= j ==> dp[i][j] == \max(dp[i + 1][j], dp[i][j - 1]) || (i == j && dp[i][j] == 1);

        loop invariant i_18: \forall integer i, j; 0 <= i < n && 0 <= j < n && i <= j && dp[i][j] == \max(dp[i + 1][j], dp[i][j - 1]) || (i == j && dp[i][j] == 1);


        loop assigns dp[0..(n - 1)][0..(n - 1)], i;
    */
    for (int i = n - 1; i >= 0; i--) {
        dp[i][i] = 1;
        char c1 = s[i];
        // Loop B
        /*@
            loop invariant i_19: \forall integer i, j; 0 <= i < n && 0 <= j < n && i <= j ==> dp[i][j] == \max(dp[i + 1][j], dp[i][j - 1]) || (i == j && dp[i][j] == 1);

            loop invariant i_20: \forall integer i, j; 0 <= i < n && 0 <= j < n && i <= j && dp[i][j] == \max(dp[i + 1][j], dp[i][j - 1]) || (i == j && dp[i][j] == 1);


            loop assigns dp[i][(i + 1)..(n - 1)], j;
        */
        for (int j = i + 1; j < n; j++) {
            char c2 = s[j];
            if (c1 == c2) {
                dp[i][j] = dp[i + 1][j - 1] + 2;
            } else {
                dp[i][j] = max(dp[i + 1][j], dp[i][j - 1]);
            }
        }
    }
    return dp[0][n - 1];
}
------------------------------------------
Verification succeeded.
---------Result---------
Success
Model: openPangu-Embedded-7B-V1.1
Running time: 143.16818499565125
Proposal number: 2
Verified code:
#define n 10

/*@
    predicate is_max(integer a, integer b, integer result) =
        result >= a && 
        result >= b && 
        (result == a || result == b);
*/

/*@
    assigns \nothing;
    ensures is_max(a, b, \result);
*/
int max(int a, int b) {
  int max_val = a >= b ? a : b;
  return max_val;
}

/*@
    requires \valid_read(s);
    requires \valid(dp + (0..(n - 1)));
    requires \valid(dp[0..(n - 1)] + (0..(n - 1)));
    requires \forall integer i, j; 0 <= i < n && 0 <= j < n && i != j ==> \separated(&dp[i] + (0..(n - 1)), &dp[j] + (0..(n - 1)), &s[0..(n - 1)]);
    requires \forall integer i, j; 0 <= i < n && 0 <= j < n ==> dp[i][j] == 0;
    ensures e_1: \forall integer p, q; -1 < p < n && p < q < n ==> 
                (s[p] == s[q] && dp[p][q] == dp[p + 1][q - 1] + 2) || (is_max(dp[p + 1][q], dp[p][q - 1], dp[p][q]));
    assigns dp[0..(n - 1)][0..(n - 1)];
*/
int _longest_palindrome_subseq(char* s, int dp[n][n]) {
    // Loop A
    /*@
        loop invariant i_17: \forall integer i, j; 0 <= i < n && 0 <= j < n && i <= j ==> dp[i][j] == \max(dp[i + 1][j], dp[i][j - 1]) || (i == j && dp[i][j] == 1);

        loop invariant i_18: \forall integer i, j; 0 <= i < n && 0 <= j < n && i <= j && dp[i][j] == \max(dp[i + 1][j], dp[i][j - 1]) || (i == j && dp[i][j] == 1);


        loop assigns dp[0..(n - 1)][0..(n - 1)], i;
    */
    for (int i = n - 1; i >= 0; i--) {
        dp[i][i] = 1;
        char c1 = s[i];
        // Loop B
        /*@
            loop invariant i_19: \forall integer i, j; 0 <= i < n && 0 <= j < n && i <= j ==> dp[i][j] == \max(dp[i + 1][j], dp[i][j - 1]) || (i == j && dp[i][j] == 1);

            loop invariant i_20: \forall integer i, j; 0 <= i < n && 0 <= j < n && i <= j && dp[i][j] == \max(dp[i + 1][j], dp[i][j - 1]) || (i == j && dp[i][j] == 1);


            loop assigns dp[i][(i + 1)..(n - 1)], j;
        */
        for (int j = i + 1; j < n; j++) {
            char c2 = s[j];
            if (c1 == c2) {
                dp[i][j] = dp[i + 1][j - 1] + 2;
            } else {
                dp[i][j] = max(dp[i + 1][j], dp[i][j - 1]);
            }
        }
    }
    return dp[0][n - 1];
}
------------------------
