-----------Model-----------
Model type:
PanguEmbeddedForCausalLM(
  (model): PanguEmbeddedModel(
    (embed_tokens): Embedding(153376, 4096, padding_idx=0)
    (layers): ModuleList(
      (0-33): 34 x PanguEmbeddedDecoderLayer(
        (self_attn): PanguEmbeddedAttention(
          (q_proj): Linear(in_features=4096, out_features=4096, bias=True)
          (k_proj): Linear(in_features=4096, out_features=1024, bias=True)
          (v_proj): Linear(in_features=4096, out_features=1024, bias=True)
          (o_proj): Linear(in_features=4096, out_features=4096, bias=True)
        )
        (mlp): PanguEmbeddedMLP(
          (gate_proj): Linear(in_features=4096, out_features=12800, bias=False)
          (up_proj): Linear(in_features=4096, out_features=12800, bias=False)
          (down_proj): Linear(in_features=12800, out_features=4096, bias=False)
          (act_fn): SiLU()
        )
        (input_layernorm): PanguEmbeddedRMSNorm((4096,), eps=1e-05)
        (post_attention_layernorm): PanguEmbeddedRMSNorm((4096,), eps=1e-05)
      )
    )
    (norm): PanguEmbeddedRMSNorm((4096,), eps=1e-05)
    (rotary_emb): PanguEmbeddedRotaryEmbedding()
  )
  (lm_head): Linear(in_features=4096, out_features=153376, bias=False)
)
Model device:
npu:1
---------------------------
File Path: ../Benchmark/acsl-algorithms/_count.c
----------Code----------
/*@
  logic integer sum(int* array, integer begin, integer end) =
    begin >= end ? 0 : array[end - 1] + sum(array, begin, end - 1);
*/

/*@
    logic integer countnumber(int* array, integer begin, integer end, integer number) =
        begin >= end ? 0 : ((array[end - 1] == number ? 1 : 0) + countnumber(array, begin, end - 1, number));
*/

/*@ lemma unchanged{L1,L2}: \forall int* array; \forall integer begin, end, number;
    (\forall integer i; begin <= i < end ==> \at(array[i], L1) == \at(array[i], L2)) ==>
    countnumber{L1}(array, begin, end, number) == countnumber{L2}(array, begin, end, number);
*/

/*@
    predicate sorted{L}(int* a, integer lo, integer hi) =
        \forall integer i, j; lo <= i < j < hi ==> a[i] <= a[j];
*/

/*@
    requires n > 0;
    requires k > 0;
    requires \valid(a + (0..(n - 1)));
    requires \valid(b + (0..(n - 1)));
    requires \valid(count + (0..k));
    requires \separated(&a[0..(n - 1)], &b[0..(n - 1)], &count[0..(k)]);
    requires \forall integer i; 0 <= i < n ==> 0 <= a[i] <= k;
    requires \forall integer i; 0 <= i <= k ==> count[i] == 0;
    assigns count[0..k];
    ensures e_1: \forall integer x; 0 <= x <= k ==> count[x] == countnumber(a, 0, n, x);
    ensures e_2: \forall integer x; 0 <= x <= k ==> count[x] >= 0;
*/
void _count(int* a, int* b, int n, int* count, int k) {
    /*@
        loop assigns count[0..k]; 
        loop assigns number;
    */
    for (int number = 0; number <= k; number++){
        count[number] = 0;
        /*@
            loop assigns count[number];
            loop assigns i;
        */
        for (int i = 0; i < n; i++) {
            count[number] += (a[i] == number ? 1 : 0);
        }
    }
}
------------------------
========== Attempt 1 ==========
----------Prompt----------

/*@
  logic integer sum(int* array, integer begin, integer end) =
    begin >= end ? 0 : array[end - 1] + sum(array, begin, end - 1);
*/

/*@
    logic integer countnumber(int* array, integer begin, integer end, integer number) =
        begin >= end ? 0 : ((array[end - 1] == number ? 1 : 0) + countnumber(array, begin, end - 1, number));
*/

/*@ lemma unchanged{L1,L2}: \forall int* array; \forall integer begin, end, number;
    (\forall integer i; begin <= i < end ==> \at(array[i], L1) == \at(array[i], L2)) ==>
    countnumber{L1}(array, begin, end, number) == countnumber{L2}(array, begin, end, number);
*/

/*@
    predicate sorted{L}(int* a, integer lo, integer hi) =
        \forall integer i, j; lo <= i < j < hi ==> a[i] <= a[j];
*/

/*@
    requires n > 0;
    requires k > 0;
    requires \valid(a + (0..(n - 1)));
    requires \valid(b + (0..(n - 1)));
    requires \valid(count + (0..k));
    requires \separated(&a[0..(n - 1)], &b[0..(n - 1)], &count[0..(k)]);
    requires \forall integer i; 0 <= i < n ==> 0 <= a[i] <= k;
    requires \forall integer i; 0 <= i <= k ==> count[i] == 0;
    assigns count[0..k];
    ensures e_1: \forall integer x; 0 <= x <= k ==> count[x] == countnumber(a, 0, n, x);
    ensures e_2: \forall integer x; 0 <= x <= k ==> count[x] >= 0;
*/
void _count(int* a, int* b, int n, int* count, int k) {
    // Loop A
    /*@
        [Hint] Please infer the loop invariant for the following loop.

        loop assigns count[0..k]; 
        loop assigns number;
    */
    for (int number = 0; number <= k; number++){
        count[number] = 0;
        // Loop B
        /*@
            loop assigns count[number];
            loop assigns i;
        */
        for (int i = 0; i < n; i++) {
            count[number] += (a[i] == number ? 1 : 0);
        }
    }
}
You are an expert in program verification, and please generate loop invariant as C annotation comments at the hint location (annotated by "[Hint] Please infer the loop invariant for the following loop.") using ACSL language.
ACSL is a specification language for C programs that conforms to the design by contract paradigm, utilizing Hoare style pre- and postconditions and invariants. Note that the `loop invariant` clause is a condition that is true at the beginning and end of every loop iteration.
Specifically, for the current verification task:
    - Pre-condition: the function's `requires` clauses
    - Post-condition: 
Please verify that the generated loop invariant is consistent with these constraints. If these specific pre- or post-conditions are not provided or empty, please infer the loop invariant strictly based on the program's execution logic and standard correctness.
In order to get a correct answer, You may want to consider both the situation of not entering the loop and the situation of jumping out of the loop. If some of the pre-conditions are also loop invariant, you need to add them to your answer as well.
Use '&&', '||', '==>', '\forall' or '\exists' if necessary. For instance:
```
loop invariant 1 <= x;
loop invariant x == y;
loop invariant 0 < x ==> y <= z;
loop invariant z % 2 == 1 || x == y;
loop invariant z % 2 == 1 && x <= y;
loop invariant \forall integer k;  0 <= k < i ==> max >=  a[k];
loop invariant \exists integer k;  0 <= k < i &&  max == a[k];
loop invariant \forall integer p; 0 <= p < \at(k, End_l) ==> res[p] == \at(res[p], End_l);
```
Your answer should follow the following format:
```
loop invariant ...;
loop invariant ...;
...
```
No explanation. No commentary. Just show me the loop invariant.
 /no_think
--------------------------
----------Response----------
[unused16][unused17]```
loop invariant \exists integer number;  0 <= number <= k;
loop invariant count[number] >= 0;
```
----------------------------
----------Prompt----------

/*@
  logic integer sum(int* array, integer begin, integer end) =
    begin >= end ? 0 : array[end - 1] + sum(array, begin, end - 1);
*/

/*@
    logic integer countnumber(int* array, integer begin, integer end, integer number) =
        begin >= end ? 0 : ((array[end - 1] == number ? 1 : 0) + countnumber(array, begin, end - 1, number));
*/

/*@ lemma unchanged{L1,L2}: \forall int* array; \forall integer begin, end, number;
    (\forall integer i; begin <= i < end ==> \at(array[i], L1) == \at(array[i], L2)) ==>
    countnumber{L1}(array, begin, end, number) == countnumber{L2}(array, begin, end, number);
*/

/*@
    predicate sorted{L}(int* a, integer lo, integer hi) =
        \forall integer i, j; lo <= i < j < hi ==> a[i] <= a[j];
*/

/*@
    requires n > 0;
    requires k > 0;
    requires \valid(a + (0..(n - 1)));
    requires \valid(b + (0..(n - 1)));
    requires \valid(count + (0..k));
    requires \separated(&a[0..(n - 1)], &b[0..(n - 1)], &count[0..(k)]);
    requires \forall integer i; 0 <= i < n ==> 0 <= a[i] <= k;
    requires \forall integer i; 0 <= i <= k ==> count[i] == 0;
    assigns count[0..k];
    ensures e_1: \forall integer x; 0 <= x <= k ==> count[x] == countnumber(a, 0, n, x);
    ensures e_2: \forall integer x; 0 <= x <= k ==> count[x] >= 0;
*/
void _count(int* a, int* b, int n, int* count, int k) {
    // Loop A
    /*@
        loop invariant i_0: \exists integer number; 0 <= number <= k;

        loop invariant i_1: count[number] >= 0;


        loop assigns count[0..k]; 
        loop assigns number;
    */
    for (int number = 0; number <= k; number++){
        count[number] = 0;
        // Loop B
        /*@
            [Hint] Please infer the loop invariant for the following loop.

            loop assigns count[number];
            loop assigns i;
        */
        for (int i = 0; i < n; i++) {
            count[number] += (a[i] == number ? 1 : 0);
        }
    }
}
You are an expert in program verification, and please generate loop invariant as C annotation comments at the hint location (annotated by "[Hint] Please infer the loop invariant for the following loop.") using ACSL language.
ACSL is a specification language for C programs that conforms to the design by contract paradigm, utilizing Hoare style pre- and postconditions and invariants. Note that the `loop invariant` clause is a condition that is true at the beginning and end of every loop iteration.
Specifically, for the current verification task:
    - Pre-condition: i_0:\exists integer number; 0 <= number <= k; i_1:count[number] >= 0; 
    - Post-condition: i_0:\exists integer number; 0 <= number <= k; i_1:count[number] >= 0; 
Please verify that the generated loop invariant is consistent with these constraints. If these specific pre- or post-conditions are not provided or empty, please infer the loop invariant strictly based on the program's execution logic and standard correctness.
In order to get a correct answer, You may want to consider both the situation of not entering the loop and the situation of jumping out of the loop. If some of the pre-conditions are also loop invariant, you need to add them to your answer as well.
Use '&&', '||', '==>', '\forall' or '\exists' if necessary. For instance:
```
loop invariant 1 <= x;
loop invariant x == y;
loop invariant 0 < x ==> y <= z;
loop invariant z % 2 == 1 || x == y;
loop invariant z % 2 == 1 && x <= y;
loop invariant \forall integer k;  0 <= k < i ==> max >=  a[k];
loop invariant \exists integer k;  0 <= k < i &&  max == a[k];
loop invariant \forall integer p; 0 <= p < \at(k, End_l) ==> res[p] == \at(res[p], End_l);
```
Your answer should follow the following format:
```
loop invariant ...;
loop invariant ...;
...
```
No explanation. No commentary. Just show me the loop invariant.
 /no_think
--------------------------
----------Response----------
[unused16][unused17][Loop A]
loop invariant \exists integer number; 0 <= number <= k && count[number] >= 0;

[Loop B]
loop invariant count[number] >= 0;
----------------------------
------------Invariant Info-----------
LOOP A:
i_0: \exists integer number; 0 <= number <= k
i_1: count[number] >= 0
i_2: \exists integer number; 0 <= number <= k && count[number] >= 0
LOOP B:
i_3: count[number] >= 0
------------------------------------
---------- Code with Invariants ----------
/*@
  logic integer sum(int* array, integer begin, integer end) =
    begin >= end ? 0 : array[end - 1] + sum(array, begin, end - 1);
*/

/*@
    logic integer countnumber(int* array, integer begin, integer end, integer number) =
        begin >= end ? 0 : ((array[end - 1] == number ? 1 : 0) + countnumber(array, begin, end - 1, number));
*/

/*@ lemma unchanged{L1,L2}: \forall int* array; \forall integer begin, end, number;
    (\forall integer i; begin <= i < end ==> \at(array[i], L1) == \at(array[i], L2)) ==>
    countnumber{L1}(array, begin, end, number) == countnumber{L2}(array, begin, end, number);
*/

/*@
    predicate sorted{L}(int* a, integer lo, integer hi) =
        \forall integer i, j; lo <= i < j < hi ==> a[i] <= a[j];
*/

/*@
    requires n > 0;
    requires k > 0;
    requires \valid(a + (0..(n - 1)));
    requires \valid(b + (0..(n - 1)));
    requires \valid(count + (0..k));
    requires \separated(&a[0..(n - 1)], &b[0..(n - 1)], &count[0..(k)]);
    requires \forall integer i; 0 <= i < n ==> 0 <= a[i] <= k;
    requires \forall integer i; 0 <= i <= k ==> count[i] == 0;
    assigns count[0..k];
    ensures e_1: \forall integer x; 0 <= x <= k ==> count[x] == countnumber(a, 0, n, x);
    ensures e_2: \forall integer x; 0 <= x <= k ==> count[x] >= 0;
*/
void _count(int* a, int* b, int n, int* count, int k) {
    // Loop A
    /*@
        loop invariant i_0: \exists integer number; 0 <= number <= k;

        loop invariant i_1: count[number] >= 0;

        loop invariant i_2: \exists integer number; 0 <= number <= k && count[number] >= 0;


        loop assigns count[0..k]; 
        loop assigns number;
    */
    for (int number = 0; number <= k; number++){
        count[number] = 0;
        // Loop B
        /*@
            loop invariant i_3: count[number] >= 0;


            loop assigns count[number];
            loop assigns i;
        */
        for (int i = 0; i < n; i++) {
            count[number] += (a[i] == number ? 1 : 0);
        }
    }
}
------------------------------------------
Verification failed (Fail_15_20), removing all invariants and retrying.
========== Attempt 2 ==========
----------Prompt----------

/*@
  logic integer sum(int* array, integer begin, integer end) =
    begin >= end ? 0 : array[end - 1] + sum(array, begin, end - 1);
*/

/*@
    logic integer countnumber(int* array, integer begin, integer end, integer number) =
        begin >= end ? 0 : ((array[end - 1] == number ? 1 : 0) + countnumber(array, begin, end - 1, number));
*/

/*@ lemma unchanged{L1,L2}: \forall int* array; \forall integer begin, end, number;
    (\forall integer i; begin <= i < end ==> \at(array[i], L1) == \at(array[i], L2)) ==>
    countnumber{L1}(array, begin, end, number) == countnumber{L2}(array, begin, end, number);
*/

/*@
    predicate sorted{L}(int* a, integer lo, integer hi) =
        \forall integer i, j; lo <= i < j < hi ==> a[i] <= a[j];
*/

/*@
    requires n > 0;
    requires k > 0;
    requires \valid(a + (0..(n - 1)));
    requires \valid(b + (0..(n - 1)));
    requires \valid(count + (0..k));
    requires \separated(&a[0..(n - 1)], &b[0..(n - 1)], &count[0..(k)]);
    requires \forall integer i; 0 <= i < n ==> 0 <= a[i] <= k;
    requires \forall integer i; 0 <= i <= k ==> count[i] == 0;
    assigns count[0..k];
    ensures e_1: \forall integer x; 0 <= x <= k ==> count[x] == countnumber(a, 0, n, x);
    ensures e_2: \forall integer x; 0 <= x <= k ==> count[x] >= 0;
*/
void _count(int* a, int* b, int n, int* count, int k) {
    // Loop A
    /*@
        [Hint] Please infer the loop invariant for the following loop.

        loop assigns count[0..k]; 
        loop assigns number;
    */
    for (int number = 0; number <= k; number++){
        count[number] = 0;
        // Loop B
        /*@
            loop assigns count[number];
            loop assigns i;
        */
        for (int i = 0; i < n; i++) {
            count[number] += (a[i] == number ? 1 : 0);
        }
    }
}
You are an expert in program verification, and please generate loop invariant as C annotation comments at the hint location (annotated by "[Hint] Please infer the loop invariant for the following loop.") using ACSL language.
ACSL is a specification language for C programs that conforms to the design by contract paradigm, utilizing Hoare style pre- and postconditions and invariants. Note that the `loop invariant` clause is a condition that is true at the beginning and end of every loop iteration.
Specifically, for the current verification task:
    - Pre-condition: the function's `requires` clauses
    - Post-condition: 
Please verify that the generated loop invariant is consistent with these constraints. If these specific pre- or post-conditions are not provided or empty, please infer the loop invariant strictly based on the program's execution logic and standard correctness.
In order to get a correct answer, You may want to consider both the situation of not entering the loop and the situation of jumping out of the loop. If some of the pre-conditions are also loop invariant, you need to add them to your answer as well.
Use '&&', '||', '==>', '\forall' or '\exists' if necessary. For instance:
```
loop invariant 1 <= x;
loop invariant x == y;
loop invariant 0 < x ==> y <= z;
loop invariant z % 2 == 1 || x == y;
loop invariant z % 2 == 1 && x <= y;
loop invariant \forall integer k;  0 <= k < i ==> max >=  a[k];
loop invariant \exists integer k;  0 <= k < i &&  max == a[k];
loop invariant \forall integer p; 0 <= p < \at(k, End_l) ==> res[p] == \at(res[p], End_l);
```
Your answer should follow the following format:
```
loop invariant ...;
loop invariant ...;
...
```
No explanation. No commentary. Just show me the loop invariant.
 /no_think
--------------------------
----------Response----------
[unused16][unused17]loop invariant \forall integer number; 0 <= number <= k ==> count[number] == 0;
loop invariant \forall integer i; 0 <= i < n ==> count[number] >= 0;
loop invariant \forall integer i; 0 <= i < n ==> count[number] \forall \exists integer x in a..x; x == number;
loop invariant \forall integer number; 0 <= number <= k ==> \exists integer i; 0 <= i < n && a[i] == number;
loop invariant \forall integer number; 0 <= number <= k ==> \forall integer i; 0 <= i < n && (a[i] == number || \exists j >= i; a[j] == number);
loop invariant \forall integer number; 0 <= number <= k ==> \forall integer i; 0 <= i < n && (a[i] == number || \exists j; i <= j < n && a[j] == number);
loop invariant \forall integer number; 0 <= number <= k ==> \forall integer i; i < n ==> \exists integer j; i <= j < n && a[j] == number;
loop invariant \forall integer i; 0 <= i < n ==> \exists integer number; 0 <= number <= k && count[number] > 0 && a[i] == number;
```
----------------------------
----------Prompt----------

/*@
  logic integer sum(int* array, integer begin, integer end) =
    begin >= end ? 0 : array[end - 1] + sum(array, begin, end - 1);
*/

/*@
    logic integer countnumber(int* array, integer begin, integer end, integer number) =
        begin >= end ? 0 : ((array[end - 1] == number ? 1 : 0) + countnumber(array, begin, end - 1, number));
*/

/*@ lemma unchanged{L1,L2}: \forall int* array; \forall integer begin, end, number;
    (\forall integer i; begin <= i < end ==> \at(array[i], L1) == \at(array[i], L2)) ==>
    countnumber{L1}(array, begin, end, number) == countnumber{L2}(array, begin, end, number);
*/

/*@
    predicate sorted{L}(int* a, integer lo, integer hi) =
        \forall integer i, j; lo <= i < j < hi ==> a[i] <= a[j];
*/

/*@
    requires n > 0;
    requires k > 0;
    requires \valid(a + (0..(n - 1)));
    requires \valid(b + (0..(n - 1)));
    requires \valid(count + (0..k));
    requires \separated(&a[0..(n - 1)], &b[0..(n - 1)], &count[0..(k)]);
    requires \forall integer i; 0 <= i < n ==> 0 <= a[i] <= k;
    requires \forall integer i; 0 <= i <= k ==> count[i] == 0;
    assigns count[0..k];
    ensures e_1: \forall integer x; 0 <= x <= k ==> count[x] == countnumber(a, 0, n, x);
    ensures e_2: \forall integer x; 0 <= x <= k ==> count[x] >= 0;
*/
void _count(int* a, int* b, int n, int* count, int k) {
    // Loop A
    /*@
        loop invariant i_4: \forall integer number; 0 <= number <= k ==> count[number] == 0;

        loop invariant i_5: \forall integer i; 0 <= i < n ==> count[number] >= 0;

        loop invariant i_6: \forall integer i; 0 <= i < n ==> count[number] \forall \exists integer x in a..x; x == number; loop invariant \forall integer number; 0 <= number <= k ==> \exists integer i; 0 <= i < n && a[i] == number;

        loop invariant i_7: \forall integer number; 0 <= number <= k ==> \exists integer i; 0 <= i < n && a[i] == number;

        loop invariant i_8: \forall integer number; 0 <= number <= k ==> \forall integer i; 0 <= i < n && (a[i] == number || \exists j >= i; a[j] == number); loop invariant \forall integer number; 0 <= number <= k ==> \forall integer i; 0 <= i < n && (a[i] == number || \exists j; i <= j < n && a[j] == number); loop invariant \forall integer number; 0 <= number <= k ==> \forall integer i; i < n ==> \exists integer j; i <= j < n && a[j] == number;

        loop invariant i_9: \forall integer number; 0 <= number <= k ==> \forall integer i; 0 <= i < n && (a[i] == number || \exists j; i <= j < n && a[j] == number); loop invariant \forall integer number; 0 <= number <= k ==> \forall integer i; i < n ==> \exists integer j; i <= j < n && a[j] == number;

        loop invariant i_10: \forall integer number; 0 <= number <= k ==> \forall integer i; i < n ==> \exists integer j; i <= j < n && a[j] == number;

        loop invariant i_11: \forall integer i; 0 <= i < n ==> \exists integer number; 0 <= number <= k && count[number] > 0 && a[i] == number;


        loop assigns count[0..k]; 
        loop assigns number;
    */
    for (int number = 0; number <= k; number++){
        count[number] = 0;
        // Loop B
        /*@
            [Hint] Please infer the loop invariant for the following loop.

            loop assigns count[number];
            loop assigns i;
        */
        for (int i = 0; i < n; i++) {
            count[number] += (a[i] == number ? 1 : 0);
        }
    }
}
You are an expert in program verification, and please generate loop invariant as C annotation comments at the hint location (annotated by "[Hint] Please infer the loop invariant for the following loop.") using ACSL language.
ACSL is a specification language for C programs that conforms to the design by contract paradigm, utilizing Hoare style pre- and postconditions and invariants. Note that the `loop invariant` clause is a condition that is true at the beginning and end of every loop iteration.
Specifically, for the current verification task:
    - Pre-condition: i_4:\forall integer number; 0 <= number <= k ==> count[number] == 0; i_5:\forall integer i; 0 <= i < n ==> count[number] >= 0; i_6:\forall integer i; 0 <= i < n ==> count[number] \forall \exists integer x in a..x; x == number; loop invariant \forall integer number; 0 <= number <= k ==> \exists integer i; 0 <= i < n && a[i] == number; i_7:\forall integer number; 0 <= number <= k ==> \exists integer i; 0 <= i < n && a[i] == number; i_8:\forall integer number; 0 <= number <= k ==> \forall integer i; 0 <= i < n && (a[i] == number || \exists j >= i; a[j] == number); loop invariant \forall integer number; 0 <= number <= k ==> \forall integer i; 0 <= i < n && (a[i] == number || \exists j; i <= j < n && a[j] == number); loop invariant \forall integer number; 0 <= number <= k ==> \forall integer i; i < n ==> \exists integer j; i <= j < n && a[j] == number; i_9:\forall integer number; 0 <= number <= k ==> \forall integer i; 0 <= i < n && (a[i] == number || \exists j; i <= j < n && a[j] == number); loop invariant \forall integer number; 0 <= number <= k ==> \forall integer i; i < n ==> \exists integer j; i <= j < n && a[j] == number; i_10:\forall integer number; 0 <= number <= k ==> \forall integer i; i < n ==> \exists integer j; i <= j < n && a[j] == number; i_11:\forall integer i; 0 <= i < n ==> \exists integer number; 0 <= number <= k && count[number] > 0 && a[i] == number; 
    - Post-condition: i_4:\forall integer number; 0 <= number <= k ==> count[number] == 0; i_5:\forall integer i; 0 <= i < n ==> count[number] >= 0; i_6:\forall integer i; 0 <= i < n ==> count[number] \forall \exists integer x in a..x; x == number; loop invariant \forall integer number; 0 <= number <= k ==> \exists integer i; 0 <= i < n && a[i] == number; i_7:\forall integer number; 0 <= number <= k ==> \exists integer i; 0 <= i < n && a[i] == number; i_8:\forall integer number; 0 <= number <= k ==> \forall integer i; 0 <= i < n && (a[i] == number || \exists j >= i; a[j] == number); loop invariant \forall integer number; 0 <= number <= k ==> \forall integer i; 0 <= i < n && (a[i] == number || \exists j; i <= j < n && a[j] == number); loop invariant \forall integer number; 0 <= number <= k ==> \forall integer i; i < n ==> \exists integer j; i <= j < n && a[j] == number; i_9:\forall integer number; 0 <= number <= k ==> \forall integer i; 0 <= i < n && (a[i] == number || \exists j; i <= j < n && a[j] == number); loop invariant \forall integer number; 0 <= number <= k ==> \forall integer i; i < n ==> \exists integer j; i <= j < n && a[j] == number; i_10:\forall integer number; 0 <= number <= k ==> \forall integer i; i < n ==> \exists integer j; i <= j < n && a[j] == number; i_11:\forall integer i; 0 <= i < n ==> \exists integer number; 0 <= number <= k && count[number] > 0 && a[i] == number; 
Please verify that the generated loop invariant is consistent with these constraints. If these specific pre- or post-conditions are not provided or empty, please infer the loop invariant strictly based on the program's execution logic and standard correctness.
In order to get a correct answer, You may want to consider both the situation of not entering the loop and the situation of jumping out of the loop. If some of the pre-conditions are also loop invariant, you need to add them to your answer as well.
Use '&&', '||', '==>', '\forall' or '\exists' if necessary. For instance:
```
loop invariant 1 <= x;
loop invariant x == y;
loop invariant 0 < x ==> y <= z;
loop invariant z % 2 == 1 || x == y;
loop invariant z % 2 == 1 && x <= y;
loop invariant \forall integer k;  0 <= k < i ==> max >=  a[k];
loop invariant \exists integer k;  0 <= k < i &&  max == a[k];
loop invariant \forall integer p; 0 <= p < \at(k, End_l) ==> res[p] == \at(res[p], End_l);
```
Your answer should follow the following format:
```
loop invariant ...;
loop invariant ...;
...
```
No explanation. No commentary. Just show me the loop invariant.
 /no_think
--------------------------
----------Response----------
[unused16][unused17]```
loop invariant \forall integer number; 0 <= number <= k ==> count[number] == 0;
loop invariant \forall integer i; 0 <= i < n ==> count[number] >= 0;
loop invariant \forall integer i; 0 <= i < n ==> count[number] \forall \exists integer x in a[0..i]; x == number;
loop invariant \forall integer number; 0 <= number <= k ==> \exists integer i; 0 <= i < n && a[i] == number;
loop invariant \forall integer number; 0 <= number <= k ==> \forall integer i; 0 <= i < n && (a[i] == number || \exists j >= i; a[j] == number);
loop invariant \forall integer number; 0 <= number <= k ==> \forall integer i; 0 <= i < n && (a[i] == number || \exists j; i <= j < n && a[j] == number);
loop invariant \forall integer number; 0 <= number <= k ==> \forall integer i; i < n ==> \exists integer j; i <= j < n && a[j] == number;
loop invariant \forall integer i; 0 <= i < n ==> \exists integer number; 0 <= number <= k && count[number] > 0 && a[i] == number;
```
----------------------------
------------Invariant Info-----------
LOOP A:
i_4: \forall integer number; 0 <= number <= k ==> count[number] == 0
i_5: \forall integer i; 0 <= i < n ==> count[number] >= 0
i_6: \forall integer i; 0 <= i < n ==> count[number] \forall \exists integer x in a..x; x == number; loop invariant \forall integer number; 0 <= number <= k ==> \exists integer i; 0 <= i < n && a[i] == number
i_7: \forall integer number; 0 <= number <= k ==> \exists integer i; 0 <= i < n && a[i] == number
i_8: \forall integer number; 0 <= number <= k ==> \forall integer i; 0 <= i < n && (a[i] == number || \exists j >= i; a[j] == number); loop invariant \forall integer number; 0 <= number <= k ==> \forall integer i; 0 <= i < n && (a[i] == number || \exists j; i <= j < n && a[j] == number); loop invariant \forall integer number; 0 <= number <= k ==> \forall integer i; i < n ==> \exists integer j; i <= j < n && a[j] == number
i_9: \forall integer number; 0 <= number <= k ==> \forall integer i; 0 <= i < n && (a[i] == number || \exists j; i <= j < n && a[j] == number); loop invariant \forall integer number; 0 <= number <= k ==> \forall integer i; i < n ==> \exists integer j; i <= j < n && a[j] == number
i_10: \forall integer number; 0 <= number <= k ==> \forall integer i; i < n ==> \exists integer j; i <= j < n && a[j] == number
i_11: \forall integer i; 0 <= i < n ==> \exists integer number; 0 <= number <= k && count[number] > 0 && a[i] == number
LOOP B:
i_12: \forall integer number; 0 <= number <= k ==> count[number] == 0
i_13: \forall integer i; 0 <= i < n ==> count[number] >= 0
i_14: \forall integer i; 0 <= i < n ==> count[number] \forall \exists integer x in a[0..i]; x == number; loop invariant \forall integer number; 0 <= number <= k ==> \exists integer i; 0 <= i < n && a[i] == number
i_15: \forall integer number; 0 <= number <= k ==> \exists integer i; 0 <= i < n && a[i] == number
i_16: \forall integer number; 0 <= number <= k ==> \forall integer i; 0 <= i < n && (a[i] == number || \exists j >= i; a[j] == number); loop invariant \forall integer number; 0 <= number <= k ==> \forall integer i; 0 <= i < n && (a[i] == number || \exists j; i <= j < n && a[j] == number); loop invariant \forall integer number; 0 <= number <= k ==> \forall integer i; i < n ==> \exists integer j; i <= j < n && a[j] == number
i_17: \forall integer number; 0 <= number <= k ==> \forall integer i; 0 <= i < n && (a[i] == number || \exists j; i <= j < n && a[j] == number); loop invariant \forall integer number; 0 <= number <= k ==> \forall integer i; i < n ==> \exists integer j; i <= j < n && a[j] == number
i_18: \forall integer number; 0 <= number <= k ==> \forall integer i; i < n ==> \exists integer j; i <= j < n && a[j] == number
i_19: \forall integer i; 0 <= i < n ==> \exists integer number; 0 <= number <= k && count[number] > 0 && a[i] == number
------------------------------------
---------- Code with Invariants ----------
/*@
  logic integer sum(int* array, integer begin, integer end) =
    begin >= end ? 0 : array[end - 1] + sum(array, begin, end - 1);
*/

/*@
    logic integer countnumber(int* array, integer begin, integer end, integer number) =
        begin >= end ? 0 : ((array[end - 1] == number ? 1 : 0) + countnumber(array, begin, end - 1, number));
*/

/*@ lemma unchanged{L1,L2}: \forall int* array; \forall integer begin, end, number;
    (\forall integer i; begin <= i < end ==> \at(array[i], L1) == \at(array[i], L2)) ==>
    countnumber{L1}(array, begin, end, number) == countnumber{L2}(array, begin, end, number);
*/

/*@
    predicate sorted{L}(int* a, integer lo, integer hi) =
        \forall integer i, j; lo <= i < j < hi ==> a[i] <= a[j];
*/

/*@
    requires n > 0;
    requires k > 0;
    requires \valid(a + (0..(n - 1)));
    requires \valid(b + (0..(n - 1)));
    requires \valid(count + (0..k));
    requires \separated(&a[0..(n - 1)], &b[0..(n - 1)], &count[0..(k)]);
    requires \forall integer i; 0 <= i < n ==> 0 <= a[i] <= k;
    requires \forall integer i; 0 <= i <= k ==> count[i] == 0;
    assigns count[0..k];
    ensures e_1: \forall integer x; 0 <= x <= k ==> count[x] == countnumber(a, 0, n, x);
    ensures e_2: \forall integer x; 0 <= x <= k ==> count[x] >= 0;
*/
void _count(int* a, int* b, int n, int* count, int k) {
    // Loop A
    /*@
        loop invariant i_4: \forall integer number; 0 <= number <= k ==> count[number] == 0;

        loop invariant i_5: \forall integer i; 0 <= i < n ==> count[number] >= 0;

        loop invariant i_6: \forall integer i; 0 <= i < n ==> count[number] \forall \exists integer x in a..x; x == number; loop invariant \forall integer number; 0 <= number <= k ==> \exists integer i; 0 <= i < n && a[i] == number;

        loop invariant i_7: \forall integer number; 0 <= number <= k ==> \exists integer i; 0 <= i < n && a[i] == number;

        loop invariant i_8: \forall integer number; 0 <= number <= k ==> \forall integer i; 0 <= i < n && (a[i] == number || \exists j >= i; a[j] == number); loop invariant \forall integer number; 0 <= number <= k ==> \forall integer i; 0 <= i < n && (a[i] == number || \exists j; i <= j < n && a[j] == number); loop invariant \forall integer number; 0 <= number <= k ==> \forall integer i; i < n ==> \exists integer j; i <= j < n && a[j] == number;

        loop invariant i_9: \forall integer number; 0 <= number <= k ==> \forall integer i; 0 <= i < n && (a[i] == number || \exists j; i <= j < n && a[j] == number); loop invariant \forall integer number; 0 <= number <= k ==> \forall integer i; i < n ==> \exists integer j; i <= j < n && a[j] == number;

        loop invariant i_10: \forall integer number; 0 <= number <= k ==> \forall integer i; i < n ==> \exists integer j; i <= j < n && a[j] == number;

        loop invariant i_11: \forall integer i; 0 <= i < n ==> \exists integer number; 0 <= number <= k && count[number] > 0 && a[i] == number;


        loop assigns count[0..k]; 
        loop assigns number;
    */
    for (int number = 0; number <= k; number++){
        count[number] = 0;
        // Loop B
        /*@
            loop invariant i_12: \forall integer number; 0 <= number <= k ==> count[number] == 0;

            loop invariant i_13: \forall integer i; 0 <= i < n ==> count[number] >= 0;

            loop invariant i_14: \forall integer i; 0 <= i < n ==> count[number] \forall \exists integer x in a[0..i]; x == number; loop invariant \forall integer number; 0 <= number <= k ==> \exists integer i; 0 <= i < n && a[i] == number;

            loop invariant i_15: \forall integer number; 0 <= number <= k ==> \exists integer i; 0 <= i < n && a[i] == number;

            loop invariant i_16: \forall integer number; 0 <= number <= k ==> \forall integer i; 0 <= i < n && (a[i] == number || \exists j >= i; a[j] == number); loop invariant \forall integer number; 0 <= number <= k ==> \forall integer i; 0 <= i < n && (a[i] == number || \exists j; i <= j < n && a[j] == number); loop invariant \forall integer number; 0 <= number <= k ==> \forall integer i; i < n ==> \exists integer j; i <= j < n && a[j] == number;

            loop invariant i_17: \forall integer number; 0 <= number <= k ==> \forall integer i; 0 <= i < n && (a[i] == number || \exists j; i <= j < n && a[j] == number); loop invariant \forall integer number; 0 <= number <= k ==> \forall integer i; i < n ==> \exists integer j; i <= j < n && a[j] == number;

            loop invariant i_18: \forall integer number; 0 <= number <= k ==> \forall integer i; i < n ==> \exists integer j; i <= j < n && a[j] == number;

            loop invariant i_19: \forall integer i; 0 <= i < n ==> \exists integer number; 0 <= number <= k && count[number] > 0 && a[i] == number;


            loop assigns count[number];
            loop assigns i;
        */
        for (int i = 0; i < n; i++) {
            count[number] += (a[i] == number ? 1 : 0);
        }
    }
}
------------------------------------------
Verification failed (Invalid), removing all invariants and retrying.
========== Attempt 3 ==========
----------Prompt----------

/*@
  logic integer sum(int* array, integer begin, integer end) =
    begin >= end ? 0 : array[end - 1] + sum(array, begin, end - 1);
*/

/*@
    logic integer countnumber(int* array, integer begin, integer end, integer number) =
        begin >= end ? 0 : ((array[end - 1] == number ? 1 : 0) + countnumber(array, begin, end - 1, number));
*/

/*@ lemma unchanged{L1,L2}: \forall int* array; \forall integer begin, end, number;
    (\forall integer i; begin <= i < end ==> \at(array[i], L1) == \at(array[i], L2)) ==>
    countnumber{L1}(array, begin, end, number) == countnumber{L2}(array, begin, end, number);
*/

/*@
    predicate sorted{L}(int* a, integer lo, integer hi) =
        \forall integer i, j; lo <= i < j < hi ==> a[i] <= a[j];
*/

/*@
    requires n > 0;
    requires k > 0;
    requires \valid(a + (0..(n - 1)));
    requires \valid(b + (0..(n - 1)));
    requires \valid(count + (0..k));
    requires \separated(&a[0..(n - 1)], &b[0..(n - 1)], &count[0..(k)]);
    requires \forall integer i; 0 <= i < n ==> 0 <= a[i] <= k;
    requires \forall integer i; 0 <= i <= k ==> count[i] == 0;
    assigns count[0..k];
    ensures e_1: \forall integer x; 0 <= x <= k ==> count[x] == countnumber(a, 0, n, x);
    ensures e_2: \forall integer x; 0 <= x <= k ==> count[x] >= 0;
*/
void _count(int* a, int* b, int n, int* count, int k) {
    // Loop A
    /*@
        [Hint] Please infer the loop invariant for the following loop.

        loop assigns count[0..k]; 
        loop assigns number;
    */
    for (int number = 0; number <= k; number++){
        count[number] = 0;
        // Loop B
        /*@
            loop assigns count[number];
            loop assigns i;
        */
        for (int i = 0; i < n; i++) {
            count[number] += (a[i] == number ? 1 : 0);
        }
    }
}
You are an expert in program verification, and please generate loop invariant as C annotation comments at the hint location (annotated by "[Hint] Please infer the loop invariant for the following loop.") using ACSL language.
ACSL is a specification language for C programs that conforms to the design by contract paradigm, utilizing Hoare style pre- and postconditions and invariants. Note that the `loop invariant` clause is a condition that is true at the beginning and end of every loop iteration.
Specifically, for the current verification task:
    - Pre-condition: the function's `requires` clauses
    - Post-condition: 
Please verify that the generated loop invariant is consistent with these constraints. If these specific pre- or post-conditions are not provided or empty, please infer the loop invariant strictly based on the program's execution logic and standard correctness.
In order to get a correct answer, You may want to consider both the situation of not entering the loop and the situation of jumping out of the loop. If some of the pre-conditions are also loop invariant, you need to add them to your answer as well.
Use '&&', '||', '==>', '\forall' or '\exists' if necessary. For instance:
```
loop invariant 1 <= x;
loop invariant x == y;
loop invariant 0 < x ==> y <= z;
loop invariant z % 2 == 1 || x == y;
loop invariant z % 2 == 1 && x <= y;
loop invariant \forall integer k;  0 <= k < i ==> max >=  a[k];
loop invariant \exists integer k;  0 <= k < i &&  max == a[k];
loop invariant \forall integer p; 0 <= p < \at(k, End_l) ==> res[p] == \at(res[p], End_l);
```
Your answer should follow the following format:
```
loop invariant ...;
loop invariant ...;
...
```
No explanation. No commentary. Just show me the loop invariant.
 /no_think
--------------------------
----------Response----------
[unused16][unused17]```
loop invariant 0 <= number <= k;
loop invariant count[number] >= 0;
```
----------------------------
----------Prompt----------

/*@
  logic integer sum(int* array, integer begin, integer end) =
    begin >= end ? 0 : array[end - 1] + sum(array, begin, end - 1);
*/

/*@
    logic integer countnumber(int* array, integer begin, integer end, integer number) =
        begin >= end ? 0 : ((array[end - 1] == number ? 1 : 0) + countnumber(array, begin, end - 1, number));
*/

/*@ lemma unchanged{L1,L2}: \forall int* array; \forall integer begin, end, number;
    (\forall integer i; begin <= i < end ==> \at(array[i], L1) == \at(array[i], L2)) ==>
    countnumber{L1}(array, begin, end, number) == countnumber{L2}(array, begin, end, number);
*/

/*@
    predicate sorted{L}(int* a, integer lo, integer hi) =
        \forall integer i, j; lo <= i < j < hi ==> a[i] <= a[j];
*/

/*@
    requires n > 0;
    requires k > 0;
    requires \valid(a + (0..(n - 1)));
    requires \valid(b + (0..(n - 1)));
    requires \valid(count + (0..k));
    requires \separated(&a[0..(n - 1)], &b[0..(n - 1)], &count[0..(k)]);
    requires \forall integer i; 0 <= i < n ==> 0 <= a[i] <= k;
    requires \forall integer i; 0 <= i <= k ==> count[i] == 0;
    assigns count[0..k];
    ensures e_1: \forall integer x; 0 <= x <= k ==> count[x] == countnumber(a, 0, n, x);
    ensures e_2: \forall integer x; 0 <= x <= k ==> count[x] >= 0;
*/
void _count(int* a, int* b, int n, int* count, int k) {
    // Loop A
    /*@
        loop invariant i_20: 0 <= number <= k;

        loop invariant i_21: count[number] >= 0;


        loop assigns count[0..k]; 
        loop assigns number;
    */
    for (int number = 0; number <= k; number++){
        count[number] = 0;
        // Loop B
        /*@
            [Hint] Please infer the loop invariant for the following loop.

            loop assigns count[number];
            loop assigns i;
        */
        for (int i = 0; i < n; i++) {
            count[number] += (a[i] == number ? 1 : 0);
        }
    }
}
You are an expert in program verification, and please generate loop invariant as C annotation comments at the hint location (annotated by "[Hint] Please infer the loop invariant for the following loop.") using ACSL language.
ACSL is a specification language for C programs that conforms to the design by contract paradigm, utilizing Hoare style pre- and postconditions and invariants. Note that the `loop invariant` clause is a condition that is true at the beginning and end of every loop iteration.
Specifically, for the current verification task:
    - Pre-condition: i_20:0 <= number <= k; i_21:count[number] >= 0; 
    - Post-condition: i_20:0 <= number <= k; i_21:count[number] >= 0; 
Please verify that the generated loop invariant is consistent with these constraints. If these specific pre- or post-conditions are not provided or empty, please infer the loop invariant strictly based on the program's execution logic and standard correctness.
In order to get a correct answer, You may want to consider both the situation of not entering the loop and the situation of jumping out of the loop. If some of the pre-conditions are also loop invariant, you need to add them to your answer as well.
Use '&&', '||', '==>', '\forall' or '\exists' if necessary. For instance:
```
loop invariant 1 <= x;
loop invariant x == y;
loop invariant 0 < x ==> y <= z;
loop invariant z % 2 == 1 || x == y;
loop invariant z % 2 == 1 && x <= y;
loop invariant \forall integer k;  0 <= k < i ==> max >=  a[k];
loop invariant \exists integer k;  0 <= k < i &&  max == a[k];
loop invariant \forall integer p; 0 <= p < \at(k, End_l) ==> res[p] == \at(res[p], End_l);
```
Your answer should follow the following format:
```
loop invariant ...;
loop invariant ...;
...
```
No explanation. No commentary. Just show me the loop invariant.
 /no_think
--------------------------
----------Response----------
[unused16][unused17][Loop <Loop A>]
loop invariant 0 <= number <= k;
loop invariant count[number] >= 0;

[Loop B]
loop invariant 0 <= number <= k;
```
----------------------------
------------Invariant Info-----------
LOOP A:
i_20: 0 <= number <= k
i_21: count[number] >= 0
LOOP B:
i_22: 0 <= number <= k
------------------------------------
---------- Code with Invariants ----------
/*@
  logic integer sum(int* array, integer begin, integer end) =
    begin >= end ? 0 : array[end - 1] + sum(array, begin, end - 1);
*/

/*@
    logic integer countnumber(int* array, integer begin, integer end, integer number) =
        begin >= end ? 0 : ((array[end - 1] == number ? 1 : 0) + countnumber(array, begin, end - 1, number));
*/

/*@ lemma unchanged{L1,L2}: \forall int* array; \forall integer begin, end, number;
    (\forall integer i; begin <= i < end ==> \at(array[i], L1) == \at(array[i], L2)) ==>
    countnumber{L1}(array, begin, end, number) == countnumber{L2}(array, begin, end, number);
*/

/*@
    predicate sorted{L}(int* a, integer lo, integer hi) =
        \forall integer i, j; lo <= i < j < hi ==> a[i] <= a[j];
*/

/*@
    requires n > 0;
    requires k > 0;
    requires \valid(a + (0..(n - 1)));
    requires \valid(b + (0..(n - 1)));
    requires \valid(count + (0..k));
    requires \separated(&a[0..(n - 1)], &b[0..(n - 1)], &count[0..(k)]);
    requires \forall integer i; 0 <= i < n ==> 0 <= a[i] <= k;
    requires \forall integer i; 0 <= i <= k ==> count[i] == 0;
    assigns count[0..k];
    ensures e_1: \forall integer x; 0 <= x <= k ==> count[x] == countnumber(a, 0, n, x);
    ensures e_2: \forall integer x; 0 <= x <= k ==> count[x] >= 0;
*/
void _count(int* a, int* b, int n, int* count, int k) {
    // Loop A
    /*@
        loop invariant i_20: 0 <= number <= k;

        loop invariant i_21: count[number] >= 0;


        loop assigns count[0..k]; 
        loop assigns number;
    */
    for (int number = 0; number <= k; number++){
        count[number] = 0;
        // Loop B
        /*@
            loop invariant i_22: 0 <= number <= k;


            loop assigns count[number];
            loop assigns i;
        */
        for (int i = 0; i < n; i++) {
            count[number] += (a[i] == number ? 1 : 0);
        }
    }
}
------------------------------------------
Verification failed (Fail_16_18), removing all invariants and retrying.
========== Attempt 4 ==========
----------Prompt----------

/*@
  logic integer sum(int* array, integer begin, integer end) =
    begin >= end ? 0 : array[end - 1] + sum(array, begin, end - 1);
*/

/*@
    logic integer countnumber(int* array, integer begin, integer end, integer number) =
        begin >= end ? 0 : ((array[end - 1] == number ? 1 : 0) + countnumber(array, begin, end - 1, number));
*/

/*@ lemma unchanged{L1,L2}: \forall int* array; \forall integer begin, end, number;
    (\forall integer i; begin <= i < end ==> \at(array[i], L1) == \at(array[i], L2)) ==>
    countnumber{L1}(array, begin, end, number) == countnumber{L2}(array, begin, end, number);
*/

/*@
    predicate sorted{L}(int* a, integer lo, integer hi) =
        \forall integer i, j; lo <= i < j < hi ==> a[i] <= a[j];
*/

/*@
    requires n > 0;
    requires k > 0;
    requires \valid(a + (0..(n - 1)));
    requires \valid(b + (0..(n - 1)));
    requires \valid(count + (0..k));
    requires \separated(&a[0..(n - 1)], &b[0..(n - 1)], &count[0..(k)]);
    requires \forall integer i; 0 <= i < n ==> 0 <= a[i] <= k;
    requires \forall integer i; 0 <= i <= k ==> count[i] == 0;
    assigns count[0..k];
    ensures e_1: \forall integer x; 0 <= x <= k ==> count[x] == countnumber(a, 0, n, x);
    ensures e_2: \forall integer x; 0 <= x <= k ==> count[x] >= 0;
*/
void _count(int* a, int* b, int n, int* count, int k) {
    // Loop A
    /*@
        [Hint] Please infer the loop invariant for the following loop.

        loop assigns count[0..k]; 
        loop assigns number;
    */
    for (int number = 0; number <= k; number++){
        count[number] = 0;
        // Loop B
        /*@
            loop assigns count[number];
            loop assigns i;
        */
        for (int i = 0; i < n; i++) {
            count[number] += (a[i] == number ? 1 : 0);
        }
    }
}
You are an expert in program verification, and please generate loop invariant as C annotation comments at the hint location (annotated by "[Hint] Please infer the loop invariant for the following loop.") using ACSL language.
ACSL is a specification language for C programs that conforms to the design by contract paradigm, utilizing Hoare style pre- and postconditions and invariants. Note that the `loop invariant` clause is a condition that is true at the beginning and end of every loop iteration.
Specifically, for the current verification task:
    - Pre-condition: the function's `requires` clauses
    - Post-condition: 
Please verify that the generated loop invariant is consistent with these constraints. If these specific pre- or post-conditions are not provided or empty, please infer the loop invariant strictly based on the program's execution logic and standard correctness.
In order to get a correct answer, You may want to consider both the situation of not entering the loop and the situation of jumping out of the loop. If some of the pre-conditions are also loop invariant, you need to add them to your answer as well.
Use '&&', '||', '==>', '\forall' or '\exists' if necessary. For instance:
```
loop invariant 1 <= x;
loop invariant x == y;
loop invariant 0 < x ==> y <= z;
loop invariant z % 2 == 1 || x == y;
loop invariant z % 2 == 1 && x <= y;
loop invariant \forall integer k;  0 <= k < i ==> max >=  a[k];
loop invariant \exists integer k;  0 <= k < i &&  max == a[k];
loop invariant \forall integer p; 0 <= p < \at(k, End_l) ==> res[p] == \at(res[p], End_l);
```
Your answer should follow the following format:
```
loop invariant ...;
loop invariant ...;
...
```
No explanation. No commentary. Just show me the loop invariant.
 /no_think
--------------------------
----------Response----------
[unused16][unused17]```
loop invariant: 0 <= number <= k;
loop invariant count[number] >= 0;
```
----------------------------
----------Prompt----------

/*@
  logic integer sum(int* array, integer begin, integer end) =
    begin >= end ? 0 : array[end - 1] + sum(array, begin, end - 1);
*/

/*@
    logic integer countnumber(int* array, integer begin, integer end, integer number) =
        begin >= end ? 0 : ((array[end - 1] == number ? 1 : 0) + countnumber(array, begin, end - 1, number));
*/

/*@ lemma unchanged{L1,L2}: \forall int* array; \forall integer begin, end, number;
    (\forall integer i; begin <= i < end ==> \at(array[i], L1) == \at(array[i], L2)) ==>
    countnumber{L1}(array, begin, end, number) == countnumber{L2}(array, begin, end, number);
*/

/*@
    predicate sorted{L}(int* a, integer lo, integer hi) =
        \forall integer i, j; lo <= i < j < hi ==> a[i] <= a[j];
*/

/*@
    requires n > 0;
    requires k > 0;
    requires \valid(a + (0..(n - 1)));
    requires \valid(b + (0..(n - 1)));
    requires \valid(count + (0..k));
    requires \separated(&a[0..(n - 1)], &b[0..(n - 1)], &count[0..(k)]);
    requires \forall integer i; 0 <= i < n ==> 0 <= a[i] <= k;
    requires \forall integer i; 0 <= i <= k ==> count[i] == 0;
    assigns count[0..k];
    ensures e_1: \forall integer x; 0 <= x <= k ==> count[x] == countnumber(a, 0, n, x);
    ensures e_2: \forall integer x; 0 <= x <= k ==> count[x] >= 0;
*/
void _count(int* a, int* b, int n, int* count, int k) {
    // Loop A
    /*@
        loop invariant i_23: : 0 <= number <= k;

        loop invariant i_24: count[number] >= 0;


        loop assigns count[0..k]; 
        loop assigns number;
    */
    for (int number = 0; number <= k; number++){
        count[number] = 0;
        // Loop B
        /*@
            [Hint] Please infer the loop invariant for the following loop.

            loop assigns count[number];
            loop assigns i;
        */
        for (int i = 0; i < n; i++) {
            count[number] += (a[i] == number ? 1 : 0);
        }
    }
}
You are an expert in program verification, and please generate loop invariant as C annotation comments at the hint location (annotated by "[Hint] Please infer the loop invariant for the following loop.") using ACSL language.
ACSL is a specification language for C programs that conforms to the design by contract paradigm, utilizing Hoare style pre- and postconditions and invariants. Note that the `loop invariant` clause is a condition that is true at the beginning and end of every loop iteration.
Specifically, for the current verification task:
    - Pre-condition: i_23:: 0 <= number <= k; i_24:count[number] >= 0; 
    - Post-condition: i_23:: 0 <= number <= k; i_24:count[number] >= 0; 
Please verify that the generated loop invariant is consistent with these constraints. If these specific pre- or post-conditions are not provided or empty, please infer the loop invariant strictly based on the program's execution logic and standard correctness.
In order to get a correct answer, You may want to consider both the situation of not entering the loop and the situation of jumping out of the loop. If some of the pre-conditions are also loop invariant, you need to add them to your answer as well.
Use '&&', '||', '==>', '\forall' or '\exists' if necessary. For instance:
```
loop invariant 1 <= x;
loop invariant x == y;
loop invariant 0 < x ==> y <= z;
loop invariant z % 2 == 1 || x == y;
loop invariant z % 2 == 1 && x <= y;
loop invariant \forall integer k;  0 <= k < i ==> max >=  a[k];
loop invariant \exists integer k;  0 <= k < i &&  max == a[k];
loop invariant \forall integer p; 0 <= p < \at(k, End_l) ==> res[p] == \at(res[p], End_l);
```
Your answer should follow the following format:
```
loop invariant ...;
loop invariant ...;
...
```
No explanation. No commentary. Just show me the loop invariant.
 /no_think
--------------------------
----------Response----------
[unused16][unused17][Loop <Loop A>]
loop invariant 0 <= number <= k && count[number] >= 0;

[Loop <Loop B>]
loop invariant 0 <= number <= k && count[number] >= 0;
----------------------------
------------Invariant Info-----------
LOOP A:
i_23: : 0 <= number <= k
i_24: count[number] >= 0
LOOP B:
i_25: 0 <= number <= k && count[number] >= 0
------------------------------------
---------- Code with Invariants ----------
/*@
  logic integer sum(int* array, integer begin, integer end) =
    begin >= end ? 0 : array[end - 1] + sum(array, begin, end - 1);
*/

/*@
    logic integer countnumber(int* array, integer begin, integer end, integer number) =
        begin >= end ? 0 : ((array[end - 1] == number ? 1 : 0) + countnumber(array, begin, end - 1, number));
*/

/*@ lemma unchanged{L1,L2}: \forall int* array; \forall integer begin, end, number;
    (\forall integer i; begin <= i < end ==> \at(array[i], L1) == \at(array[i], L2)) ==>
    countnumber{L1}(array, begin, end, number) == countnumber{L2}(array, begin, end, number);
*/

/*@
    predicate sorted{L}(int* a, integer lo, integer hi) =
        \forall integer i, j; lo <= i < j < hi ==> a[i] <= a[j];
*/

/*@
    requires n > 0;
    requires k > 0;
    requires \valid(a + (0..(n - 1)));
    requires \valid(b + (0..(n - 1)));
    requires \valid(count + (0..k));
    requires \separated(&a[0..(n - 1)], &b[0..(n - 1)], &count[0..(k)]);
    requires \forall integer i; 0 <= i < n ==> 0 <= a[i] <= k;
    requires \forall integer i; 0 <= i <= k ==> count[i] == 0;
    assigns count[0..k];
    ensures e_1: \forall integer x; 0 <= x <= k ==> count[x] == countnumber(a, 0, n, x);
    ensures e_2: \forall integer x; 0 <= x <= k ==> count[x] >= 0;
*/
void _count(int* a, int* b, int n, int* count, int k) {
    // Loop A
    /*@
        loop invariant i_23: : 0 <= number <= k;

        loop invariant i_24: count[number] >= 0;


        loop assigns count[0..k]; 
        loop assigns number;
    */
    for (int number = 0; number <= k; number++){
        count[number] = 0;
        // Loop B
        /*@
            loop invariant i_25: 0 <= number <= k && count[number] >= 0;


            loop assigns count[number];
            loop assigns i;
        */
        for (int i = 0; i < n; i++) {
            count[number] += (a[i] == number ? 1 : 0);
        }
    }
}
------------------------------------------
Verification failed (Invalid), removing all invariants and retrying.
========== Attempt 5 ==========
----------Prompt----------

/*@
  logic integer sum(int* array, integer begin, integer end) =
    begin >= end ? 0 : array[end - 1] + sum(array, begin, end - 1);
*/

/*@
    logic integer countnumber(int* array, integer begin, integer end, integer number) =
        begin >= end ? 0 : ((array[end - 1] == number ? 1 : 0) + countnumber(array, begin, end - 1, number));
*/

/*@ lemma unchanged{L1,L2}: \forall int* array; \forall integer begin, end, number;
    (\forall integer i; begin <= i < end ==> \at(array[i], L1) == \at(array[i], L2)) ==>
    countnumber{L1}(array, begin, end, number) == countnumber{L2}(array, begin, end, number);
*/

/*@
    predicate sorted{L}(int* a, integer lo, integer hi) =
        \forall integer i, j; lo <= i < j < hi ==> a[i] <= a[j];
*/

/*@
    requires n > 0;
    requires k > 0;
    requires \valid(a + (0..(n - 1)));
    requires \valid(b + (0..(n - 1)));
    requires \valid(count + (0..k));
    requires \separated(&a[0..(n - 1)], &b[0..(n - 1)], &count[0..(k)]);
    requires \forall integer i; 0 <= i < n ==> 0 <= a[i] <= k;
    requires \forall integer i; 0 <= i <= k ==> count[i] == 0;
    assigns count[0..k];
    ensures e_1: \forall integer x; 0 <= x <= k ==> count[x] == countnumber(a, 0, n, x);
    ensures e_2: \forall integer x; 0 <= x <= k ==> count[x] >= 0;
*/
void _count(int* a, int* b, int n, int* count, int k) {
    // Loop A
    /*@
        [Hint] Please infer the loop invariant for the following loop.

        loop assigns count[0..k]; 
        loop assigns number;
    */
    for (int number = 0; number <= k; number++){
        count[number] = 0;
        // Loop B
        /*@
            loop assigns count[number];
            loop assigns i;
        */
        for (int i = 0; i < n; i++) {
            count[number] += (a[i] == number ? 1 : 0);
        }
    }
}
You are an expert in program verification, and please generate loop invariant as C annotation comments at the hint location (annotated by "[Hint] Please infer the loop invariant for the following loop.") using ACSL language.
ACSL is a specification language for C programs that conforms to the design by contract paradigm, utilizing Hoare style pre- and postconditions and invariants. Note that the `loop invariant` clause is a condition that is true at the beginning and end of every loop iteration.
Specifically, for the current verification task:
    - Pre-condition: the function's `requires` clauses
    - Post-condition: 
Please verify that the generated loop invariant is consistent with these constraints. If these specific pre- or post-conditions are not provided or empty, please infer the loop invariant strictly based on the program's execution logic and standard correctness.
In order to get a correct answer, You may want to consider both the situation of not entering the loop and the situation of jumping out of the loop. If some of the pre-conditions are also loop invariant, you need to add them to your answer as well.
Use '&&', '||', '==>', '\forall' or '\exists' if necessary. For instance:
```
loop invariant 1 <= x;
loop invariant x == y;
loop invariant 0 < x ==> y <= z;
loop invariant z % 2 == 1 || x == y;
loop invariant z % 2 == 1 && x <= y;
loop invariant \forall integer k;  0 <= k < i ==> max >=  a[k];
loop invariant \exists integer k;  0 <= k < i &&  max == a[k];
loop invariant \forall integer p; 0 <= p < \at(k, End_l) ==> res[p] == \at(res[p], End_l);
```
Your answer should follow the following format:
```
loop invariant ...;
loop invariant ...;
...
```
No explanation. No commentary. Just show me the loop invariant.
 /no_think
--------------------------
----------Response----------
[unused16][unused17]```
loop invariant 0 <= number <= k;
loop invariant count[number] == 0;
```
----------------------------
----------Prompt----------

/*@
  logic integer sum(int* array, integer begin, integer end) =
    begin >= end ? 0 : array[end - 1] + sum(array, begin, end - 1);
*/

/*@
    logic integer countnumber(int* array, integer begin, integer end, integer number) =
        begin >= end ? 0 : ((array[end - 1] == number ? 1 : 0) + countnumber(array, begin, end - 1, number));
*/

/*@ lemma unchanged{L1,L2}: \forall int* array; \forall integer begin, end, number;
    (\forall integer i; begin <= i < end ==> \at(array[i], L1) == \at(array[i], L2)) ==>
    countnumber{L1}(array, begin, end, number) == countnumber{L2}(array, begin, end, number);
*/

/*@
    predicate sorted{L}(int* a, integer lo, integer hi) =
        \forall integer i, j; lo <= i < j < hi ==> a[i] <= a[j];
*/

/*@
    requires n > 0;
    requires k > 0;
    requires \valid(a + (0..(n - 1)));
    requires \valid(b + (0..(n - 1)));
    requires \valid(count + (0..k));
    requires \separated(&a[0..(n - 1)], &b[0..(n - 1)], &count[0..(k)]);
    requires \forall integer i; 0 <= i < n ==> 0 <= a[i] <= k;
    requires \forall integer i; 0 <= i <= k ==> count[i] == 0;
    assigns count[0..k];
    ensures e_1: \forall integer x; 0 <= x <= k ==> count[x] == countnumber(a, 0, n, x);
    ensures e_2: \forall integer x; 0 <= x <= k ==> count[x] >= 0;
*/
void _count(int* a, int* b, int n, int* count, int k) {
    // Loop A
    /*@
        loop invariant i_26: 0 <= number <= k;

        loop invariant i_27: count[number] == 0;


        loop assigns count[0..k]; 
        loop assigns number;
    */
    for (int number = 0; number <= k; number++){
        count[number] = 0;
        // Loop B
        /*@
            [Hint] Please infer the loop invariant for the following loop.

            loop assigns count[number];
            loop assigns i;
        */
        for (int i = 0; i < n; i++) {
            count[number] += (a[i] == number ? 1 : 0);
        }
    }
}
You are an expert in program verification, and please generate loop invariant as C annotation comments at the hint location (annotated by "[Hint] Please infer the loop invariant for the following loop.") using ACSL language.
ACSL is a specification language for C programs that conforms to the design by contract paradigm, utilizing Hoare style pre- and postconditions and invariants. Note that the `loop invariant` clause is a condition that is true at the beginning and end of every loop iteration.
Specifically, for the current verification task:
    - Pre-condition: i_26:0 <= number <= k; i_27:count[number] == 0; 
    - Post-condition: i_26:0 <= number <= k; i_27:count[number] == 0; 
Please verify that the generated loop invariant is consistent with these constraints. If these specific pre- or post-conditions are not provided or empty, please infer the loop invariant strictly based on the program's execution logic and standard correctness.
In order to get a correct answer, You may want to consider both the situation of not entering the loop and the situation of jumping out of the loop. If some of the pre-conditions are also loop invariant, you need to add them to your answer as well.
Use '&&', '||', '==>', '\forall' or '\exists' if necessary. For instance:
```
loop invariant 1 <= x;
loop invariant x == y;
loop invariant 0 < x ==> y <= z;
loop invariant z % 2 == 1 || x == y;
loop invariant z % 2 == 1 && x <= y;
loop invariant \forall integer k;  0 <= k < i ==> max >=  a[k];
loop invariant \exists integer k;  0 <= k < i &&  max == a[k];
loop invariant \forall integer p; 0 <= p < \at(k, End_l) ==> res[p] == \at(res[p], End_l);
```
Your answer should follow the following format:
```
loop invariant ...;
loop invariant ...;
...
```
No explanation. No commentary. Just show me the loop invariant.
 /no_think
--------------------------
----------Response----------
[unused16][unused17]```
loop invariant 0 <= number <= k;
loop invariant count[number] == 0;
```
----------------------------
------------Invariant Info-----------
LOOP A:
i_26: 0 <= number <= k
i_27: count[number] == 0
LOOP B:
i_28: 0 <= number <= k
i_29: count[number] == 0
------------------------------------
---------- Code with Invariants ----------
/*@
  logic integer sum(int* array, integer begin, integer end) =
    begin >= end ? 0 : array[end - 1] + sum(array, begin, end - 1);
*/

/*@
    logic integer countnumber(int* array, integer begin, integer end, integer number) =
        begin >= end ? 0 : ((array[end - 1] == number ? 1 : 0) + countnumber(array, begin, end - 1, number));
*/

/*@ lemma unchanged{L1,L2}: \forall int* array; \forall integer begin, end, number;
    (\forall integer i; begin <= i < end ==> \at(array[i], L1) == \at(array[i], L2)) ==>
    countnumber{L1}(array, begin, end, number) == countnumber{L2}(array, begin, end, number);
*/

/*@
    predicate sorted{L}(int* a, integer lo, integer hi) =
        \forall integer i, j; lo <= i < j < hi ==> a[i] <= a[j];
*/

/*@
    requires n > 0;
    requires k > 0;
    requires \valid(a + (0..(n - 1)));
    requires \valid(b + (0..(n - 1)));
    requires \valid(count + (0..k));
    requires \separated(&a[0..(n - 1)], &b[0..(n - 1)], &count[0..(k)]);
    requires \forall integer i; 0 <= i < n ==> 0 <= a[i] <= k;
    requires \forall integer i; 0 <= i <= k ==> count[i] == 0;
    assigns count[0..k];
    ensures e_1: \forall integer x; 0 <= x <= k ==> count[x] == countnumber(a, 0, n, x);
    ensures e_2: \forall integer x; 0 <= x <= k ==> count[x] >= 0;
*/
void _count(int* a, int* b, int n, int* count, int k) {
    // Loop A
    /*@
        loop invariant i_26: 0 <= number <= k;

        loop invariant i_27: count[number] == 0;


        loop assigns count[0..k]; 
        loop assigns number;
    */
    for (int number = 0; number <= k; number++){
        count[number] = 0;
        // Loop B
        /*@
            loop invariant i_28: 0 <= number <= k;

            loop invariant i_29: count[number] == 0;


            loop assigns count[number];
            loop assigns i;
        */
        for (int i = 0; i < n; i++) {
            count[number] += (a[i] == number ? 1 : 0);
        }
    }
}
------------------------------------------
Verification failed (Fail_17_20), removing all invariants and retrying.
Verification failed: reached maximum attempts.
---------Result---------
Fail
Model: openPangu-Embedded-7B-V1.1
Running time: 144.93205523490906
Proposal number: 5
Verified code:

------------------------
