-----------Model-----------
Model type:
PanguEmbeddedForCausalLM(
  (model): PanguEmbeddedModel(
    (embed_tokens): Embedding(153376, 4096, padding_idx=0)
    (layers): ModuleList(
      (0-33): 34 x PanguEmbeddedDecoderLayer(
        (self_attn): PanguEmbeddedAttention(
          (q_proj): Linear(in_features=4096, out_features=4096, bias=True)
          (k_proj): Linear(in_features=4096, out_features=1024, bias=True)
          (v_proj): Linear(in_features=4096, out_features=1024, bias=True)
          (o_proj): Linear(in_features=4096, out_features=4096, bias=True)
        )
        (mlp): PanguEmbeddedMLP(
          (gate_proj): Linear(in_features=4096, out_features=12800, bias=False)
          (up_proj): Linear(in_features=4096, out_features=12800, bias=False)
          (down_proj): Linear(in_features=12800, out_features=4096, bias=False)
          (act_fn): SiLU()
        )
        (input_layernorm): PanguEmbeddedRMSNorm((4096,), eps=1e-05)
        (post_attention_layernorm): PanguEmbeddedRMSNorm((4096,), eps=1e-05)
      )
    )
    (norm): PanguEmbeddedRMSNorm((4096,), eps=1e-05)
    (rotary_emb): PanguEmbeddedRotaryEmbedding()
  )
  (lm_head): Linear(in_features=4096, out_features=153376, bias=False)
)
Model device:
npu:1
---------------------------
File Path: ../Benchmark/SVCOMP/svcomp_10.c
----------Code----------
# define INT_MAX 2147483647

/*@
    requires n <= INT_MAX;
*/
int svcomp_10(int n) {
    int i,k;
    k = n;
    i = 0;

    /*@
        loop assigns i, k;
    */
    while( i < n ) {
        k--;
        i = i + 2;
    }

    int j = 0;
    
    /*@
        loop assigns j, k;
    */
    while( j < n / 2 ) {
        //@ assert k > 0;
        k--;
        j++;
    }
    return 0;
}
------------------------
----------Prompt----------

# define INT_MAX 2147483647

/*@
    requires n <= INT_MAX;
*/
int svcomp_10(int n) {
    int i,k;
    k = n;
    i = 0;

    // Loop A
    /*@
        [Hint] Please infer the loop invariant for the following loop.

        loop assigns i, k;
    */
    while( i < n ) {
        k--;
        i = i + 2;
    }

    int j = 0;
    
    // Loop B
    /*@
        loop assigns j, k;
    */
    while( j < n / 2 ) {
        //@ assert k > 0;
        k--;
        j++;
    }
    return 0;
}
You are an expert in program verification, and please generate loop invariant as C annotation comments at the hint location (annotated by "[Hint] Please infer the loop invariant for the following loop.") using ACSL language.
ACSL is a specification language for C programs that conforms to the design by contract paradigm, utilizing Hoare style pre- and postconditions and invariants. Note that the `loop invariant` clause is a condition that is true at the beginning and end of every loop iteration.
Specifically, for the current verification task:
    - Pre-condition: the function's `requires` clauses
    - Post-condition: 
Please verify that the generated loop invariant is consistent with these constraints. If these specific pre- or post-conditions are not provided or empty, please infer the loop invariant strictly based on the program's execution logic and standard correctness.
In order to get a correct answer, You may want to consider both the situation of not entering the loop and the situation of jumping out of the loop. If some of the pre-conditions are also loop invariant, you need to add them to your answer as well.
Use '&&', '||', '==>', '\forall' or '\exists' if necessary. For instance:
```
loop invariant 1 <= x;
loop invariant x == y;
loop invariant 0 < x ==> y <= z;
loop invariant z % 2 == 1 || x == y;
loop invariant z % 2 == 1 && x <= y;
loop invariant \forall integer k;  0 <= k < i ==> max >=  a[k];
loop invariant \exists integer k;  0 <= k < i &&  max == a[k];
loop invariant \forall integer p; 0 <= p < \at(k, End_l) ==> res[p] == \at(res[p], End_l);
```
Your answer should follow the following format:
```
loop invariant ...;
loop invariant ...;
...
```
No explanation. No commentary. Just show me the loop invariant.
 /no_think
--------------------------
----------Response----------
[unused16][unused17]```
loop invariant i + 2*i <= k;
loop invariant k >= i;
```
----------------------------
----------Prompt----------

# define INT_MAX 2147483647

/*@
    requires n <= INT_MAX;
*/
int svcomp_10(int n) {
    int i,k;
    k = n;
    i = 0;

    // Loop A
    /*@
        loop invariant i_0: i + 2*i <= k;

        loop invariant i_1: k >= i;


        loop assigns i, k;
    */
    while( i < n ) {
        k--;
        i = i + 2;
    }

    int j = 0;
    
    // Loop B
    /*@
        [Hint] Please infer the loop invariant for the following loop.

        loop assigns j, k;
    */
    while( j < n / 2 ) {
        //@ assert k > 0;
        k--;
        j++;
    }
    return 0;
}
You are an expert in program verification, and please generate loop invariant as C annotation comments at the hint location (annotated by "[Hint] Please infer the loop invariant for the following loop.") using ACSL language.
ACSL is a specification language for C programs that conforms to the design by contract paradigm, utilizing Hoare style pre- and postconditions and invariants. Note that the `loop invariant` clause is a condition that is true at the beginning and end of every loop iteration.
Specifically, for the current verification task:
    - Pre-condition: i_0:i + 2*i <= k; i_1:k >= i; 
    - Post-condition: 1:k > 0; 
Please verify that the generated loop invariant is consistent with these constraints. If these specific pre- or post-conditions are not provided or empty, please infer the loop invariant strictly based on the program's execution logic and standard correctness.
In order to get a correct answer, You may want to consider both the situation of not entering the loop and the situation of jumping out of the loop. If some of the pre-conditions are also loop invariant, you need to add them to your answer as well.
Use '&&', '||', '==>', '\forall' or '\exists' if necessary. For instance:
```
loop invariant 1 <= x;
loop invariant x == y;
loop invariant 0 < x ==> y <= z;
loop invariant z % 2 == 1 || x == y;
loop invariant z % 2 == 1 && x <= y;
loop invariant \forall integer k;  0 <= k < i ==> max >=  a[k];
loop invariant \exists integer k;  0 <= k < i &&  max == a[k];
loop invariant \forall integer p; 0 <= p < \at(k, End_l) ==> res[p] == \at(res[p], End_l);
```
Your answer should follow the following format:
```
loop invariant ...;
loop invariant ...;
...
```
No explanation. No commentary. Just show me the loop invariant.
 /no_think
--------------------------
----------Response----------
[unused16][unused17][Loop <Loop B>]
loop invariant k > 0 && j == 0;
loop invariant j < n / 2;
```
----------------------------
------------Invariant Info-----------
LOOP A:
i_0: i + 2*i <= k
i_1: k >= i
LOOP B:
i_2: k > 0 && j == 0
i_3: j < n / 2
------------------------------------
----------Code with Invariants----------
# define INT_MAX 2147483647

/*@
    requires n <= INT_MAX;
*/
int svcomp_10(int n) {
    int i,k;
    k = n;
    i = 0;

    // Loop A
    /*@
        loop invariant i_0: i + 2*i <= k;

        loop invariant i_1: k >= i;


        loop assigns i, k;
    */
    while( i < n ) {
        k--;
        i = i + 2;
    }

    int j = 0;
    
    // Loop B
    /*@
        loop invariant i_2: k > 0 && j == 0;

        loop invariant i_3: j < n / 2;


        loop assigns j, k;
    */
    while( j < n / 2 ) {
        //@ assert k > 0;
        k--;
        j++;
    }
    return 0;
}
----------------------------------------
----------Begin Revise----------
-------------Establishment_cross: i_3: establishment---------------
----------Prompt----------

# define INT_MAX 2147483647

/*@
    requires n <= INT_MAX;
*/
int svcomp_10(int n) {
    int i,k;
    k = n;
    i = 0;

    // Loop A
    /*@
        loop invariant i_0: i + 2*i <= k;

        loop invariant i_1: k >= i;


        loop assigns i, k;
    */
    while( i < n ) {
        k--;
        i = i + 2;
    }

    int j = 0;
    
    // Loop B
    /*@
        [Hint] Invariant j < n / 2 not initially provable. Fix or supplement invariants in the pre-loop or in this loop.

        loop invariant i_2: k > 0 && j == 0;

        loop invariant i_3: j < n / 2;


        loop assigns j, k;
    */
    while( j < n / 2 ) {
        //@ assert k > 0;
        k--;
        j++;
    }
    return 0;
}
You are an expert in deductive program verification using ACSL and Frama-C.
[Unprovable Invariant] j < n / 2
The above loop invariant required by the loop labeled "B" cannot be derived from the invariants of the preceding loop "A", and the program state before entering the current loop:
[Pre-statement]
int j = 0;
Accordingly, we must fix the situation that prevents proving the current loop invariant. There are two independent possibilities you should consider and address:
  1) The current loop invariant for "Loop B" is too strong:
     - It uses facts that are not guaranteed by the preceding loop invariants together with Pre-statement.
     - Remedy: weaken or simplify the invariant of "B" so it becomes derivable from the available preconditions.

  2) The preceding loop invariants of "Loop A" are too weak:
     - They do not imply the facts required by the "B" invariant after executing Pre-statement.
     - Remedy: strengthen the invariant(s) of "Loop A" so that, after running Pre-statement, they imply the needed facts for "Loop B".

Your task is to adjust the invariants so that the establishment of "Loop B" succeeds.
IMPORTANT RULES:
1. You may modify either:
   - only the current loop "B", or  
   - only the preceding loop "A", or  
   - both, if needed.
2. Do NOT output any of the original invariants.  
   Only output the new or modified invariants you propose.
3. Output must contain two blocks, even if one block is empty:
   ```
   [Loop A]
   loop invariant ...;
   loop invariant ...;

   [Loop B]
   loop invariant ...;
   loop invariant ...;
   ```
4. Each block may contain zero or more invariants. If a block has no changes, leave it empty but keep the block header.
5. All invariants must follow ACSL syntax and be valid loop invariants.
6. No explanation. No commentary. Just show me the loop invariant.
 /no_think
--------------------------
----------Response----------
[unused16][unused17]```
[Loop A]
loop invariant i_0: i + 2*i <= k;
loop invariant i_1: k >= i;

[Loop B]
loop invariant j < n / 2;
```
----------------------------
-------------Preservation_self: i_1: preservation---------------
----------Prompt----------

# define INT_MAX 2147483647

/*@
    requires n <= INT_MAX;
*/
int svcomp_10(int n) {
    int i,k;
    k = n;
    i = 0;

    // Loop A
    /*@
        [Hint] Invariant k >= i not preserved in this loop. Fix or supplement invariants.

        loop invariant i_1: k >= i;


        loop assigns i, k;
    */
    while( i < n ) {
        k--;
        i = i + 2;
    }

    int j = 0;
    
    // Loop B
    /*@
        loop invariant i_3: j < n / 2;


        loop assigns j, k;
    */
    while( j < n / 2 ) {
        //@ assert k > 0;
        k--;
        j++;
    }
    return 0;
}
You are an expert in deductive program verification using ACSL and Frama-C.
[Unprovable Invariant] k >= i
The above loop invariant of loop "A" fails the preservation (inductive) condition:
after executing one iteration of the loop body, the invariant cannot be re-established.
[Loop Body]
k--; i = i + 2;
This failure indicates that the current invariant may be incorrect or incomplete.  
There are two typical causes:
  1) The invariant is logically incorrect, so it does not hold after the loop body executes once.
     - In this case, you must adjust the invariant so that it is preserved by the loop body.
  2) The invariant is insufficient, i.e., it misses essential supporting conditions needed to re-establish itself.
     - In this case, you must introduce additional invariants so that the whole set becomes inductive.
Your task is to produce the corrected and/or auxiliary invariants that make the preservation step succeed.
IMPORTANT RULES:
1. You MUST NOT output any of the original invariants already in the code. Only output the new or modified invariants.
2. All invariants you produce must satisfy:
   - Establishment: they hold on loop entry.
   - Preservation: after executing the loop body exactly once, the invariant still holds.
   - Zero-iteration case: the invariant is valid even if the loop never executes.
3. The answer must follow this format exactly:
   ```
   loop invariant ...;
   loop invariant ...;
   ...
   ```
4. All invariants must follow ACSL syntax and be valid loop invariants.
5. No explanation. No commentary. Just show me the loop invariant.
 /no_think
--------------------------
----------Response----------
[unused16][unused17]```
loop invariant k >= i && k <= n;
loop invariant j >= 0 && j < n / 2;
```
----------------------------
--------------------------------
------------Invariant Info-----------
LOOP A:
i_1: k >= i
i_4: k >= i && k <= n
i_5: j >= 0 && j < n / 2
LOOP B:
i_3: j < n / 2
------------------------------------
----------Code with Invariants----------
# define INT_MAX 2147483647

/*@
    requires n <= INT_MAX;
*/
int svcomp_10(int n) {
    int i,k;
    k = n;
    i = 0;

    // Loop A
    /*@
        loop invariant i_1: k >= i;

        loop invariant i_4: k >= i && k <= n;

        loop invariant i_5: j >= 0 && j < n / 2;


        loop assigns i, k;
    */
    while( i < n ) {
        k--;
        i = i + 2;
    }

    int j = 0;
    
    // Loop B
    /*@
        loop invariant i_3: j < n / 2;


        loop assigns j, k;
    */
    while( j < n / 2 ) {
        //@ assert k > 0;
        k--;
        j++;
    }
    return 0;
}
----------------------------------------
------------Invariant Info-----------
LOOP A:
i_1: k >= i
i_4: k >= i && k <= n
LOOP B:
i_3: j < n / 2
------------------------------------
----------Code with Invariants----------
# define INT_MAX 2147483647

/*@
    requires n <= INT_MAX;
*/
int svcomp_10(int n) {
    int i,k;
    k = n;
    i = 0;

    // Loop A
    /*@
        loop invariant i_1: k >= i;

        loop invariant i_4: k >= i && k <= n;


        loop assigns i, k;
    */
    while( i < n ) {
        k--;
        i = i + 2;
    }

    int j = 0;
    
    // Loop B
    /*@
        loop invariant i_3: j < n / 2;


        loop assigns j, k;
    */
    while( j < n / 2 ) {
        //@ assert k > 0;
        k--;
        j++;
    }
    return 0;
}
----------------------------------------
----------Begin Revise----------
--------------------------------
------------Invariant Info-----------
LOOP A:
i_4: k >= i && k <= n
LOOP B:
------------------------------------
----------Code with Invariants----------
# define INT_MAX 2147483647

/*@
    requires n <= INT_MAX;
*/
int svcomp_10(int n) {
    int i,k;
    k = n;
    i = 0;

    // Loop A
    /*@
        loop invariant i_4: k >= i && k <= n;


        loop assigns i, k;
    */
    while( i < n ) {
        k--;
        i = i + 2;
    }

    int j = 0;
    
    // Loop B
    /*@
        loop assigns j, k;
    */
    while( j < n / 2 ) {
        //@ assert k > 0;
        k--;
        j++;
    }
    return 0;
}
----------------------------------------
----------Begin Revise----------
--------------------------------
------------Invariant Info-----------
LOOP A:
LOOP B:
------------------------------------
----------Code with Invariants----------
# define INT_MAX 2147483647

/*@
    requires n <= INT_MAX;
*/
int svcomp_10(int n) {
    int i,k;
    k = n;
    i = 0;

    // Loop A
    /*@
        loop assigns i, k;
    */
    while( i < n ) {
        k--;
        i = i + 2;
    }

    int j = 0;
    
    // Loop B
    /*@
        loop assigns j, k;
    */
    while( j < n / 2 ) {
        //@ assert k > 0;
        k--;
        j++;
    }
    return 0;
}
----------------------------------------
----------Begin Revise----------
--------------------------------
------------Invariant Info-----------
LOOP A:
LOOP B:
------------------------------------
----------Code with Invariants----------
# define INT_MAX 2147483647

/*@
    requires n <= INT_MAX;
*/
int svcomp_10(int n) {
    int i,k;
    k = n;
    i = 0;

    // Loop A
    /*@
        loop assigns i, k;
    */
    while( i < n ) {
        k--;
        i = i + 2;
    }

    int j = 0;
    
    // Loop B
    /*@
        loop assigns j, k;
    */
    while( j < n / 2 ) {
        //@ assert k > 0;
        k--;
        j++;
    }
    return 0;
}
----------------------------------------
----------Begin Revise----------
--------------------------------
------------Invariant Info-----------
LOOP A:
LOOP B:
------------------------------------
----------Code with Invariants----------
# define INT_MAX 2147483647

/*@
    requires n <= INT_MAX;
*/
int svcomp_10(int n) {
    int i,k;
    k = n;
    i = 0;

    // Loop A
    /*@
        loop assigns i, k;
    */
    while( i < n ) {
        k--;
        i = i + 2;
    }

    int j = 0;
    
    // Loop B
    /*@
        loop assigns j, k;
    */
    while( j < n / 2 ) {
        //@ assert k > 0;
        k--;
        j++;
    }
    return 0;
}
----------------------------------------
----------Begin Revise----------
--------------------------------
------------Invariant Info-----------
LOOP A:
LOOP B:
------------------------------------
----------Code with Invariants----------
# define INT_MAX 2147483647

/*@
    requires n <= INT_MAX;
*/
int svcomp_10(int n) {
    int i,k;
    k = n;
    i = 0;

    // Loop A
    /*@
        loop assigns i, k;
    */
    while( i < n ) {
        k--;
        i = i + 2;
    }

    int j = 0;
    
    // Loop B
    /*@
        loop assigns j, k;
    */
    while( j < n / 2 ) {
        //@ assert k > 0;
        k--;
        j++;
    }
    return 0;
}
----------------------------------------
----------Begin Revise----------
--------------------------------
------------Invariant Info-----------
LOOP A:
LOOP B:
------------------------------------
----------Code with Invariants----------
# define INT_MAX 2147483647

/*@
    requires n <= INT_MAX;
*/
int svcomp_10(int n) {
    int i,k;
    k = n;
    i = 0;

    // Loop A
    /*@
        loop assigns i, k;
    */
    while( i < n ) {
        k--;
        i = i + 2;
    }

    int j = 0;
    
    // Loop B
    /*@
        loop assigns j, k;
    */
    while( j < n / 2 ) {
        //@ assert k > 0;
        k--;
        j++;
    }
    return 0;
}
----------------------------------------
----------Begin Revise----------
--------------------------------
------------Invariant Info-----------
LOOP A:
LOOP B:
------------------------------------
----------Code with Invariants----------
# define INT_MAX 2147483647

/*@
    requires n <= INT_MAX;
*/
int svcomp_10(int n) {
    int i,k;
    k = n;
    i = 0;

    // Loop A
    /*@
        loop assigns i, k;
    */
    while( i < n ) {
        k--;
        i = i + 2;
    }

    int j = 0;
    
    // Loop B
    /*@
        loop assigns j, k;
    */
    while( j < n / 2 ) {
        //@ assert k > 0;
        k--;
        j++;
    }
    return 0;
}
----------------------------------------
----------Begin Revise----------
--------------------------------
------------Invariant Info-----------
LOOP A:
LOOP B:
------------------------------------
----------Code with Invariants----------
# define INT_MAX 2147483647

/*@
    requires n <= INT_MAX;
*/
int svcomp_10(int n) {
    int i,k;
    k = n;
    i = 0;

    // Loop A
    /*@
        loop assigns i, k;
    */
    while( i < n ) {
        k--;
        i = i + 2;
    }

    int j = 0;
    
    // Loop B
    /*@
        loop assigns j, k;
    */
    while( j < n / 2 ) {
        //@ assert k > 0;
        k--;
        j++;
    }
    return 0;
}
----------------------------------------
----------Begin Revise----------
--------------------------------
------------Invariant Info-----------
LOOP A:
LOOP B:
------------------------------------
----------Code with Invariants----------
# define INT_MAX 2147483647

/*@
    requires n <= INT_MAX;
*/
int svcomp_10(int n) {
    int i,k;
    k = n;
    i = 0;

    // Loop A
    /*@
        loop assigns i, k;
    */
    while( i < n ) {
        k--;
        i = i + 2;
    }

    int j = 0;
    
    // Loop B
    /*@
        loop assigns j, k;
    */
    while( j < n / 2 ) {
        //@ assert k > 0;
        k--;
        j++;
    }
    return 0;
}
----------------------------------------
---------Result---------
Fail
Model: openPangu-Embedded-7B-V1.1
Running time: 150.54912638664246
Proposal number: 12
Verified code:

------------------------
