-----------Model-----------
Model type:
PanguEmbeddedForCausalLM(
  (model): PanguEmbeddedModel(
    (embed_tokens): Embedding(153376, 4096, padding_idx=0)
    (layers): ModuleList(
      (0-33): 34 x PanguEmbeddedDecoderLayer(
        (self_attn): PanguEmbeddedAttention(
          (q_proj): Linear(in_features=4096, out_features=4096, bias=True)
          (k_proj): Linear(in_features=4096, out_features=1024, bias=True)
          (v_proj): Linear(in_features=4096, out_features=1024, bias=True)
          (o_proj): Linear(in_features=4096, out_features=4096, bias=True)
        )
        (mlp): PanguEmbeddedMLP(
          (gate_proj): Linear(in_features=4096, out_features=12800, bias=False)
          (up_proj): Linear(in_features=4096, out_features=12800, bias=False)
          (down_proj): Linear(in_features=12800, out_features=4096, bias=False)
          (act_fn): SiLU()
        )
        (input_layernorm): PanguEmbeddedRMSNorm((4096,), eps=1e-05)
        (post_attention_layernorm): PanguEmbeddedRMSNorm((4096,), eps=1e-05)
      )
    )
    (norm): PanguEmbeddedRMSNorm((4096,), eps=1e-05)
    (rotary_emb): PanguEmbeddedRotaryEmbedding()
  )
  (lm_head): Linear(in_features=4096, out_features=153376, bias=False)
)
Model device:
npu:1
---------------------------
File Path: ../Benchmark/acsl-algorithms/_can_jump.c
----------Code----------
/*@
    predicate is_max(integer a, integer b, integer result) =
        result >= a && 
        result >= b && 
        (result == a || result == b);
*/

/*@
    assigns \nothing;
    ensures is_max(a, b, \result);
*/
int max(int a, int b) {
  int max_val = a >= b ? a : b;
  return max_val;
}

/*@
    requires n > 0;
    requires \valid(nums + (0..(n - 1)));
    requires \forall integer i; 0 <= i < n ==> nums[i] >= 0;
    assigns \nothing;
    ensures e_1: ((\forall integer j; 0 <= j < n ==> \result >= j + nums[j]) && (\result >= n - 1)) || (\result == -1);
*/
int _can_jump(int* nums, int n) 
{
    int k = 0;
    /*@
        loop assigns i;
        loop assigns k;
    */
    for(int i = 0; i < n; i++)
    {
        if(i > k)
        {
            return -1;
        }
        k = max(k, i + nums[i]);
    }
    return k;
}
------------------------
----------Prompt----------

/*@
    predicate is_max(integer a, integer b, integer result) =
        result >= a && 
        result >= b && 
        (result == a || result == b);
*/

/*@
    assigns \nothing;
    ensures is_max(a, b, \result);
*/
int max(int a, int b) {
  int max_val = a >= b ? a : b;
  return max_val;
}

/*@
    requires n > 0;
    requires \valid(nums + (0..(n - 1)));
    requires \forall integer i; 0 <= i < n ==> nums[i] >= 0;
    assigns \nothing;
    ensures e_1: ((\forall integer j; 0 <= j < n ==> \result >= j + nums[j]) && (\result >= n - 1)) || (\result == -1);
*/
int _can_jump(int* nums, int n) 
{
    int k = 0;
    // Loop A
    /*@
        [Hint] Please infer the loop invariant for the following loop.

        loop assigns i;
        loop assigns k;
    */
    for(int i = 0; i < n; i++)
    {
        if(i > k)
        {
            return -1;
        }
        k = max(k, i + nums[i]);
    }
    return k;
}
You are an expert in program verification, and please generate loop invariant as C annotation comments at the hint location (annotated by "[Hint] Please infer the loop invariant for the following loop.") using ACSL language.
ACSL is a specification language for C programs that conforms to the design by contract paradigm, utilizing Hoare style pre- and postconditions and invariants. Note that the `loop invariant` clause is a condition that is true at the beginning and end of every loop iteration.
Specifically, for the current verification task:
    - Pre-condition: the function's `requires` clauses
    - Post-condition: e_1:((\forall integer j; 0 <= j < n ==> \result >= j + nums[j]) && (\result >= n - 1)) || (\result == -1);; 
Please verify that the generated loop invariant is consistent with these constraints. If these specific pre- or post-conditions are not provided or empty, please infer the loop invariant strictly based on the program's execution logic and standard correctness.
In order to get a correct answer, You may want to consider both the situation of not entering the loop and the situation of jumping out of the loop. If some of the pre-conditions are also loop invariant, you need to add them to your answer as well.
Use '&&', '||', '==>', '\forall' or '\exists' if necessary. For instance:
```
loop invariant 1 <= x;
loop invariant x == y;
loop invariant 0 < x ==> y <= z;
loop invariant z % 2 == 1 || x == y;
loop invariant z % 2 == 1 && x <= y;
loop invariant \forall integer k;  0 <= k < i ==> max >=  a[k];
loop invariant \exists integer k;  0 <= k < i &&  max == a[k];
loop invariant \forall integer p; 0 <= p < \at(k, End_l) ==> res[p] == \at(res[p], End_l);
```
Your answer should follow the following format:
```
loop invariant ...;
loop invariant ...;
...
```
No explanation. No commentary. Just show me the loop invariant.
 /no_think
--------------------------
----------Response----------
[unused16][unused17]```
loop invariant \forall integer k; 0 <= k < n ==> k >= 0 && k <= n - 1;
loop invariant \forall integer i; 0 <= i < n ==> nums[i] >= 0;
loop invariant k == max(0, \forall integer i | 0 <= i < \min(k, n));
```
----------------------------
------------Invariant Info-----------
LOOP A:
i_0: \forall integer k; 0 <= k < n ==> k >= 0 && k <= n - 1
i_1: \forall integer i; 0 <= i < n ==> nums[i] >= 0
i_2: k == max(0, \forall integer i | 0 <= i < \min(k, n)); ```
------------------------------------
----------Code with Invariants----------
/*@
    predicate is_max(integer a, integer b, integer result) =
        result >= a && 
        result >= b && 
        (result == a || result == b);
*/

/*@
    assigns \nothing;
    ensures is_max(a, b, \result);
*/
int max(int a, int b) {
  int max_val = a >= b ? a : b;
  return max_val;
}

/*@
    requires n > 0;
    requires \valid(nums + (0..(n - 1)));
    requires \forall integer i; 0 <= i < n ==> nums[i] >= 0;
    assigns \nothing;
    ensures e_1: ((\forall integer j; 0 <= j < n ==> \result >= j + nums[j]) && (\result >= n - 1)) || (\result == -1);
*/
int _can_jump(int* nums, int n) 
{
    int k = 0;
    // Loop A
    /*@
        loop invariant i_0: \forall integer k; 0 <= k < n ==> k >= 0 && k <= n - 1;

        loop invariant i_1: \forall integer i; 0 <= i < n ==> nums[i] >= 0;

        loop invariant i_2: k == max(0, \forall integer i | 0 <= i < \min(k, n)); ```;


        loop assigns i;
        loop assigns k;
    */
    for(int i = 0; i < n; i++)
    {
        if(i > k)
        {
            return -1;
        }
        k = max(k, i + nums[i]);
    }
    return k;
}
----------------------------------------
------------Invariant Info-----------
LOOP A:
i_0: \forall integer k; 0 <= k < n ==> k >= 0 && k <= n - 1
i_1: \forall integer i; 0 <= i < n ==> nums[i] >= 0
------------------------------------
----------Code with Invariants----------
/*@
    predicate is_max(integer a, integer b, integer result) =
        result >= a && 
        result >= b && 
        (result == a || result == b);
*/

/*@
    assigns \nothing;
    ensures is_max(a, b, \result);
*/
int max(int a, int b) {
  int max_val = a >= b ? a : b;
  return max_val;
}

/*@
    requires n > 0;
    requires \valid(nums + (0..(n - 1)));
    requires \forall integer i; 0 <= i < n ==> nums[i] >= 0;
    assigns \nothing;
    ensures e_1: ((\forall integer j; 0 <= j < n ==> \result >= j + nums[j]) && (\result >= n - 1)) || (\result == -1);
*/
int _can_jump(int* nums, int n) 
{
    int k = 0;
    // Loop A
    /*@
        loop invariant i_0: \forall integer k; 0 <= k < n ==> k >= 0 && k <= n - 1;

        loop invariant i_1: \forall integer i; 0 <= i < n ==> nums[i] >= 0;


        loop assigns i;
        loop assigns k;
    */
    for(int i = 0; i < n; i++)
    {
        if(i > k)
        {
            return -1;
        }
        k = max(k, i + nums[i]);
    }
    return k;
}
----------------------------------------
----------Begin Revise----------
-------------Ensure Revise: e_1: ((\forall integer j; 0 <= j < n ==> \result >= j + nums[j]) && (\result >= n - 1)) || (\result == -1);---------------
----------Prompt----------

/*@
    predicate is_max(integer a, integer b, integer result) =
        result >= a && 
        result >= b && 
        (result == a || result == b);
*/

/*@
    assigns \nothing;
    ensures is_max(a, b, \result);
*/
int max(int a, int b) {
  int max_val = a >= b ? a : b;
  return max_val;
}

/*@
    requires n > 0;
    requires \valid(nums + (0..(n - 1)));
    requires \forall integer i; 0 <= i < n ==> nums[i] >= 0;
    assigns \nothing;
    ensures e_1: ((\forall integer j; 0 <= j < n ==> \result >= j + nums[j]) && (\result >= n - 1)) || (\result == -1);
*/
int _can_jump(int* nums, int n) 
{
    int k = 0;
    // Loop A
    /*@
        [Hint] Please strengthen the loop invariant in the following loop.

        loop invariant i_0: \forall integer k; 0 <= k < n ==> k >= 0 && k <= n - 1;

        loop invariant i_1: \forall integer i; 0 <= i < n ==> nums[i] >= 0;


        loop assigns i;
        loop assigns k;
    */
    for(int i = 0; i < n; i++)
    {
        if(i > k)
        {
            return -1;
        }
        k = max(k, i + nums[i]);
    }
    return k;
}
You are an expert in deductive program verification using ACSL and Frama-C.
The program has failed to prove the following `ensures` clause:
[Unproved Ensures]  ((\forall integer j; 0 <= j < n ==> \result >= j + nums[j]) && (\result >= n - 1)) || (\result == -1);
To help Frama-C discharge this postcondition, you must strengthen the loop invariant of the LAST executed loop, which is the loop labeled by alphabet "A".  
You should insert additional `loop invariant` clauses only at the location marked by "[Hint] Please strengthen the loop invariant in the following loop."
IMPORTANT RULES:
1. Do NOT repeat or reprint the existing loop invariants already present in the code.
2. Your task is to provide only the new invariants that are necessary to establish the failed ensures clause.
3. The new invariants must be strong enough to imply the ensures clause upon normal loop termination.
4. All invariants you produce must satisfy:
   - Establishment: they hold on loop entry.
   - Preservation: after executing the loop body exactly once, the invariant still holds.
   - Zero-iteration case: the invariant is valid even if the loop never executes.
5. Your answer should follow the following format:
   ```
   loop invariant ...;
   loop invariant ...;
   ...
   ```
5. All invariants must follow ACSL syntax and be valid loop invariants.
6. No explanation. No commentary. Just show me the loop invariant.
 /no_think
--------------------------
----------Response----------
[unused16][unused17]```
loop invariant i_0: \forall integer k; 0 <= k < n ==> k >= 0 && k <= n - 1;

loop invariant i_1: \forall integer i; 0 <= i < n ==> nums[i] >= 0;

loop invariant i_2: \forall integer k; 0 <= k < n ==> k >= i;

loop invariant i_3: \forall integer k; 0 <= k < n ==> k >= \lfloor (n + \sum_{j=0}^{i-1} nums[j]) / 2 \rfloor;

loop invariant i_4: \forall integer k; 0 <= k < n ==> k == \lfloor (n + \sum_{j=0}^{i-1} nums[j]) / 2 \rfloor;
```
----------------------------
--------------------------------
------------Invariant Info-----------
LOOP A:
i_0: \forall integer k; 0 <= k < n ==> k >= 0 && k <= n - 1
i_1: \forall integer i; 0 <= i < n ==> nums[i] >= 0
i_3: \forall integer k; 0 <= k < n ==> k >= i
i_4: \forall integer k; 0 <= k < n ==> k >= \lfloor (n + \sum_{j=0}^{i-1} nums[j]) / 2 \rfloor
i_5: \forall integer k; 0 <= k < n ==> k == \lfloor (n + \sum_{j=0}^{i-1} nums[j]) / 2 \rfloor
------------------------------------
----------Code with Invariants----------
/*@
    predicate is_max(integer a, integer b, integer result) =
        result >= a && 
        result >= b && 
        (result == a || result == b);
*/

/*@
    assigns \nothing;
    ensures is_max(a, b, \result);
*/
int max(int a, int b) {
  int max_val = a >= b ? a : b;
  return max_val;
}

/*@
    requires n > 0;
    requires \valid(nums + (0..(n - 1)));
    requires \forall integer i; 0 <= i < n ==> nums[i] >= 0;
    assigns \nothing;
    ensures e_1: ((\forall integer j; 0 <= j < n ==> \result >= j + nums[j]) && (\result >= n - 1)) || (\result == -1);
*/
int _can_jump(int* nums, int n) 
{
    int k = 0;
    // Loop A
    /*@
        loop invariant i_0: \forall integer k; 0 <= k < n ==> k >= 0 && k <= n - 1;

        loop invariant i_1: \forall integer i; 0 <= i < n ==> nums[i] >= 0;

        loop invariant i_3: \forall integer k; 0 <= k < n ==> k >= i;

        loop invariant i_4: \forall integer k; 0 <= k < n ==> k >= \lfloor (n + \sum_{j=0}^{i-1} nums[j]) / 2 \rfloor;

        loop invariant i_5: \forall integer k; 0 <= k < n ==> k == \lfloor (n + \sum_{j=0}^{i-1} nums[j]) / 2 \rfloor;


        loop assigns i;
        loop assigns k;
    */
    for(int i = 0; i < n; i++)
    {
        if(i > k)
        {
            return -1;
        }
        k = max(k, i + nums[i]);
    }
    return k;
}
----------------------------------------
------------Invariant Info-----------
LOOP A:
i_0: \forall integer k; 0 <= k < n ==> k >= 0 && k <= n - 1
i_1: \forall integer i; 0 <= i < n ==> nums[i] >= 0
i_3: \forall integer k; 0 <= k < n ==> k >= i
i_5: \forall integer k; 0 <= k < n ==> k == \lfloor (n + \sum_{j=0}^{i-1} nums[j]) / 2 \rfloor
------------------------------------
----------Code with Invariants----------
/*@
    predicate is_max(integer a, integer b, integer result) =
        result >= a && 
        result >= b && 
        (result == a || result == b);
*/

/*@
    assigns \nothing;
    ensures is_max(a, b, \result);
*/
int max(int a, int b) {
  int max_val = a >= b ? a : b;
  return max_val;
}

/*@
    requires n > 0;
    requires \valid(nums + (0..(n - 1)));
    requires \forall integer i; 0 <= i < n ==> nums[i] >= 0;
    assigns \nothing;
    ensures e_1: ((\forall integer j; 0 <= j < n ==> \result >= j + nums[j]) && (\result >= n - 1)) || (\result == -1);
*/
int _can_jump(int* nums, int n) 
{
    int k = 0;
    // Loop A
    /*@
        loop invariant i_0: \forall integer k; 0 <= k < n ==> k >= 0 && k <= n - 1;

        loop invariant i_1: \forall integer i; 0 <= i < n ==> nums[i] >= 0;

        loop invariant i_3: \forall integer k; 0 <= k < n ==> k >= i;

        loop invariant i_5: \forall integer k; 0 <= k < n ==> k == \lfloor (n + \sum_{j=0}^{i-1} nums[j]) / 2 \rfloor;


        loop assigns i;
        loop assigns k;
    */
    for(int i = 0; i < n; i++)
    {
        if(i > k)
        {
            return -1;
        }
        k = max(k, i + nums[i]);
    }
    return k;
}
----------------------------------------
------------Invariant Info-----------
LOOP A:
i_0: \forall integer k; 0 <= k < n ==> k >= 0 && k <= n - 1
i_1: \forall integer i; 0 <= i < n ==> nums[i] >= 0
i_3: \forall integer k; 0 <= k < n ==> k >= i
------------------------------------
----------Code with Invariants----------
/*@
    predicate is_max(integer a, integer b, integer result) =
        result >= a && 
        result >= b && 
        (result == a || result == b);
*/

/*@
    assigns \nothing;
    ensures is_max(a, b, \result);
*/
int max(int a, int b) {
  int max_val = a >= b ? a : b;
  return max_val;
}

/*@
    requires n > 0;
    requires \valid(nums + (0..(n - 1)));
    requires \forall integer i; 0 <= i < n ==> nums[i] >= 0;
    assigns \nothing;
    ensures e_1: ((\forall integer j; 0 <= j < n ==> \result >= j + nums[j]) && (\result >= n - 1)) || (\result == -1);
*/
int _can_jump(int* nums, int n) 
{
    int k = 0;
    // Loop A
    /*@
        loop invariant i_0: \forall integer k; 0 <= k < n ==> k >= 0 && k <= n - 1;

        loop invariant i_1: \forall integer i; 0 <= i < n ==> nums[i] >= 0;

        loop invariant i_3: \forall integer k; 0 <= k < n ==> k >= i;


        loop assigns i;
        loop assigns k;
    */
    for(int i = 0; i < n; i++)
    {
        if(i > k)
        {
            return -1;
        }
        k = max(k, i + nums[i]);
    }
    return k;
}
----------------------------------------
----------Begin Revise----------
-------------Preservation_self: i_3: preservation---------------
----------Prompt----------

/*@
    predicate is_max(integer a, integer b, integer result) =
        result >= a && 
        result >= b && 
        (result == a || result == b);
*/

/*@
    assigns \nothing;
    ensures is_max(a, b, \result);
*/
int max(int a, int b) {
  int max_val = a >= b ? a : b;
  return max_val;
}

/*@
    requires n > 0;
    requires \valid(nums + (0..(n - 1)));
    requires \forall integer i; 0 <= i < n ==> nums[i] >= 0;
    assigns \nothing;
    ensures e_1: ((\forall integer j; 0 <= j < n ==> \result >= j + nums[j]) && (\result >= n - 1)) || (\result == -1);
*/
int _can_jump(int* nums, int n) 
{
    int k = 0;
    // Loop A
    /*@
        [Hint] Invariant \forall integer k; 0 <= k < n ==> k >= i not preserved in this loop. Fix or supplement invariants.

        loop invariant i_0: \forall integer k; 0 <= k < n ==> k >= 0 && k <= n - 1;

        loop invariant i_1: \forall integer i; 0 <= i < n ==> nums[i] >= 0;

        loop invariant i_3: \forall integer k; 0 <= k < n ==> k >= i;


        loop assigns i;
        loop assigns k;
    */
    for(int i = 0; i < n; i++)
    {
        if(i > k)
        {
            return -1;
        }
        k = max(k, i + nums[i]);
    }
    return k;
}
You are an expert in deductive program verification using ACSL and Frama-C.
[Unprovable Invariant] \forall integer k; 0 <= k < n ==> k >= i
The above loop invariant of loop "A" fails the preservation (inductive) condition:
after executing one iteration of the loop body, the invariant cannot be re-established.
[Loop Body]
if(i > k) return -1; k = max(k, i + nums[i]); i++;
This failure indicates that the current invariant may be incorrect or incomplete.  
There are two typical causes:
  1) The invariant is logically incorrect, so it does not hold after the loop body executes once.
     - In this case, you must adjust the invariant so that it is preserved by the loop body.
  2) The invariant is insufficient, i.e., it misses essential supporting conditions needed to re-establish itself.
     - In this case, you must introduce additional invariants so that the whole set becomes inductive.
Your task is to produce the corrected and/or auxiliary invariants that make the preservation step succeed.
IMPORTANT RULES:
1. You MUST NOT output any of the original invariants already in the code. Only output the new or modified invariants.
2. All invariants you produce must satisfy:
   - Establishment: they hold on loop entry.
   - Preservation: after executing the loop body exactly once, the invariant still holds.
   - Zero-iteration case: the invariant is valid even if the loop never executes.
3. The answer must follow this format exactly:
   ```
   loop invariant ...;
   loop invariant ...;
   ...
   ```
4. All invariants must follow ACSL syntax and be valid loop invariants.
5. No explanation. No commentary. Just show me the loop invariant.
 /no_think
--------------------------
----------Response----------
[unused16][unused17]```
loop invariant i_0: \forall integer k; 0 <= k < n ==> k >= 0 && k <= n - 1;

loop invariant i_1: \forall integer i; 0 <= i < n ==> nums[i] >= 0;

loop invariant i_3: \forall integer k; 0 <= k < n ==> k >= i;
```
----------------------------
--------------------------------
------------Invariant Info-----------
LOOP A:
i_0: \forall integer k; 0 <= k < n ==> k >= 0 && k <= n - 1
i_1: \forall integer i; 0 <= i < n ==> nums[i] >= 0
i_3: \forall integer k; 0 <= k < n ==> k >= i
------------------------------------
----------Code with Invariants----------
/*@
    predicate is_max(integer a, integer b, integer result) =
        result >= a && 
        result >= b && 
        (result == a || result == b);
*/

/*@
    assigns \nothing;
    ensures is_max(a, b, \result);
*/
int max(int a, int b) {
  int max_val = a >= b ? a : b;
  return max_val;
}

/*@
    requires n > 0;
    requires \valid(nums + (0..(n - 1)));
    requires \forall integer i; 0 <= i < n ==> nums[i] >= 0;
    assigns \nothing;
    ensures e_1: ((\forall integer j; 0 <= j < n ==> \result >= j + nums[j]) && (\result >= n - 1)) || (\result == -1);
*/
int _can_jump(int* nums, int n) 
{
    int k = 0;
    // Loop A
    /*@
        loop invariant i_0: \forall integer k; 0 <= k < n ==> k >= 0 && k <= n - 1;

        loop invariant i_1: \forall integer i; 0 <= i < n ==> nums[i] >= 0;

        loop invariant i_3: \forall integer k; 0 <= k < n ==> k >= i;


        loop assigns i;
        loop assigns k;
    */
    for(int i = 0; i < n; i++)
    {
        if(i > k)
        {
            return -1;
        }
        k = max(k, i + nums[i]);
    }
    return k;
}
----------------------------------------
----------Begin Revise----------
-------------Preservation_self: i_3: preservation---------------
----------Prompt----------

/*@
    predicate is_max(integer a, integer b, integer result) =
        result >= a && 
        result >= b && 
        (result == a || result == b);
*/

/*@
    assigns \nothing;
    ensures is_max(a, b, \result);
*/
int max(int a, int b) {
  int max_val = a >= b ? a : b;
  return max_val;
}

/*@
    requires n > 0;
    requires \valid(nums + (0..(n - 1)));
    requires \forall integer i; 0 <= i < n ==> nums[i] >= 0;
    assigns \nothing;
    ensures e_1: ((\forall integer j; 0 <= j < n ==> \result >= j + nums[j]) && (\result >= n - 1)) || (\result == -1);
*/
int _can_jump(int* nums, int n) 
{
    int k = 0;
    // Loop A
    /*@
        [Hint] Invariant \forall integer k; 0 <= k < n ==> k >= i not preserved in this loop. Fix or supplement invariants.

        loop invariant i_0: \forall integer k; 0 <= k < n ==> k >= 0 && k <= n - 1;

        loop invariant i_1: \forall integer i; 0 <= i < n ==> nums[i] >= 0;

        loop invariant i_3: \forall integer k; 0 <= k < n ==> k >= i;


        loop assigns i;
        loop assigns k;
    */
    for(int i = 0; i < n; i++)
    {
        if(i > k)
        {
            return -1;
        }
        k = max(k, i + nums[i]);
    }
    return k;
}
You are an expert in deductive program verification using ACSL and Frama-C.
[Unprovable Invariant] \forall integer k; 0 <= k < n ==> k >= i
The above loop invariant of loop "A" fails the preservation (inductive) condition:
after executing one iteration of the loop body, the invariant cannot be re-established.
[Loop Body]
if(i > k) return -1; k = max(k, i + nums[i]); i++;
This failure indicates that the current invariant may be incorrect or incomplete.  
There are two typical causes:
  1) The invariant is logically incorrect, so it does not hold after the loop body executes once.
     - In this case, you must adjust the invariant so that it is preserved by the loop body.
  2) The invariant is insufficient, i.e., it misses essential supporting conditions needed to re-establish itself.
     - In this case, you must introduce additional invariants so that the whole set becomes inductive.
Your task is to produce the corrected and/or auxiliary invariants that make the preservation step succeed.
IMPORTANT RULES:
1. You MUST NOT output any of the original invariants already in the code. Only output the new or modified invariants.
2. All invariants you produce must satisfy:
   - Establishment: they hold on loop entry.
   - Preservation: after executing the loop body exactly once, the invariant still holds.
   - Zero-iteration case: the invariant is valid even if the loop never executes.
3. The answer must follow this format exactly:
   ```
   loop invariant ...;
   loop invariant ...;
   ...
   ```
4. All invariants must follow ACSL syntax and be valid loop invariants.
5. No explanation. No commentary. Just show me the loop invariant.
 /no_think
--------------------------
----------Response----------
[unused16][unused17]```
loop invariant i_0: \forall integer k; 0 <= k < n ==> k >= 0 && k <= n - 1;

loop invariant i_1: \forall integer i; 0 <= i < n ==> nums[i] >= 0;

loop invariant i_3: \forall integer k; 0 <= k < n ==> k >= i;

loop invariant k_max: \forall integer k; 0 <= k < n ==> k >= \forall integer i; 0 <= i < n ==> k >= i + nums[i];
```
----------------------------
--------------------------------
------------Invariant Info-----------
LOOP A:
i_0: \forall integer k; 0 <= k < n ==> k >= 0 && k <= n - 1
i_1: \forall integer i; 0 <= i < n ==> nums[i] >= 0
i_3: \forall integer k; 0 <= k < n ==> k >= i
i_6: \forall integer k; 0 <= k < n ==> k >= \forall integer i; 0 <= i < n ==> k >= i + nums[i]
------------------------------------
----------Code with Invariants----------
/*@
    predicate is_max(integer a, integer b, integer result) =
        result >= a && 
        result >= b && 
        (result == a || result == b);
*/

/*@
    assigns \nothing;
    ensures is_max(a, b, \result);
*/
int max(int a, int b) {
  int max_val = a >= b ? a : b;
  return max_val;
}

/*@
    requires n > 0;
    requires \valid(nums + (0..(n - 1)));
    requires \forall integer i; 0 <= i < n ==> nums[i] >= 0;
    assigns \nothing;
    ensures e_1: ((\forall integer j; 0 <= j < n ==> \result >= j + nums[j]) && (\result >= n - 1)) || (\result == -1);
*/
int _can_jump(int* nums, int n) 
{
    int k = 0;
    // Loop A
    /*@
        loop invariant i_0: \forall integer k; 0 <= k < n ==> k >= 0 && k <= n - 1;

        loop invariant i_1: \forall integer i; 0 <= i < n ==> nums[i] >= 0;

        loop invariant i_3: \forall integer k; 0 <= k < n ==> k >= i;

        loop invariant i_6: \forall integer k; 0 <= k < n ==> k >= \forall integer i; 0 <= i < n ==> k >= i + nums[i];


        loop assigns i;
        loop assigns k;
    */
    for(int i = 0; i < n; i++)
    {
        if(i > k)
        {
            return -1;
        }
        k = max(k, i + nums[i]);
    }
    return k;
}
----------------------------------------
------------Invariant Info-----------
LOOP A:
i_0: \forall integer k; 0 <= k < n ==> k >= 0 && k <= n - 1
i_1: \forall integer i; 0 <= i < n ==> nums[i] >= 0
i_3: \forall integer k; 0 <= k < n ==> k >= i
------------------------------------
----------Code with Invariants----------
/*@
    predicate is_max(integer a, integer b, integer result) =
        result >= a && 
        result >= b && 
        (result == a || result == b);
*/

/*@
    assigns \nothing;
    ensures is_max(a, b, \result);
*/
int max(int a, int b) {
  int max_val = a >= b ? a : b;
  return max_val;
}

/*@
    requires n > 0;
    requires \valid(nums + (0..(n - 1)));
    requires \forall integer i; 0 <= i < n ==> nums[i] >= 0;
    assigns \nothing;
    ensures e_1: ((\forall integer j; 0 <= j < n ==> \result >= j + nums[j]) && (\result >= n - 1)) || (\result == -1);
*/
int _can_jump(int* nums, int n) 
{
    int k = 0;
    // Loop A
    /*@
        loop invariant i_0: \forall integer k; 0 <= k < n ==> k >= 0 && k <= n - 1;

        loop invariant i_1: \forall integer i; 0 <= i < n ==> nums[i] >= 0;

        loop invariant i_3: \forall integer k; 0 <= k < n ==> k >= i;


        loop assigns i;
        loop assigns k;
    */
    for(int i = 0; i < n; i++)
    {
        if(i > k)
        {
            return -1;
        }
        k = max(k, i + nums[i]);
    }
    return k;
}
----------------------------------------
----------Begin Revise----------
-------------Preservation_self: i_3: preservation---------------
----------Prompt----------

/*@
    predicate is_max(integer a, integer b, integer result) =
        result >= a && 
        result >= b && 
        (result == a || result == b);
*/

/*@
    assigns \nothing;
    ensures is_max(a, b, \result);
*/
int max(int a, int b) {
  int max_val = a >= b ? a : b;
  return max_val;
}

/*@
    requires n > 0;
    requires \valid(nums + (0..(n - 1)));
    requires \forall integer i; 0 <= i < n ==> nums[i] >= 0;
    assigns \nothing;
    ensures e_1: ((\forall integer j; 0 <= j < n ==> \result >= j + nums[j]) && (\result >= n - 1)) || (\result == -1);
*/
int _can_jump(int* nums, int n) 
{
    int k = 0;
    // Loop A
    /*@
        [Hint] Invariant \forall integer k; 0 <= k < n ==> k >= i not preserved in this loop. Fix or supplement invariants.

        loop invariant i_0: \forall integer k; 0 <= k < n ==> k >= 0 && k <= n - 1;

        loop invariant i_1: \forall integer i; 0 <= i < n ==> nums[i] >= 0;

        loop invariant i_3: \forall integer k; 0 <= k < n ==> k >= i;


        loop assigns i;
        loop assigns k;
    */
    for(int i = 0; i < n; i++)
    {
        if(i > k)
        {
            return -1;
        }
        k = max(k, i + nums[i]);
    }
    return k;
}
You are an expert in deductive program verification using ACSL and Frama-C.
[Unprovable Invariant] \forall integer k; 0 <= k < n ==> k >= i
The above loop invariant of loop "A" fails the preservation (inductive) condition:
after executing one iteration of the loop body, the invariant cannot be re-established.
[Loop Body]
if(i > k) return -1; k = max(k, i + nums[i]); i++;
This failure indicates that the current invariant may be incorrect or incomplete.  
There are two typical causes:
  1) The invariant is logically incorrect, so it does not hold after the loop body executes once.
     - In this case, you must adjust the invariant so that it is preserved by the loop body.
  2) The invariant is insufficient, i.e., it misses essential supporting conditions needed to re-establish itself.
     - In this case, you must introduce additional invariants so that the whole set becomes inductive.
Your task is to produce the corrected and/or auxiliary invariants that make the preservation step succeed.
IMPORTANT RULES:
1. You MUST NOT output any of the original invariants already in the code. Only output the new or modified invariants.
2. All invariants you produce must satisfy:
   - Establishment: they hold on loop entry.
   - Preservation: after executing the loop body exactly once, the invariant still holds.
   - Zero-iteration case: the invariant is valid even if the loop never executes.
3. The answer must follow this format exactly:
   ```
   loop invariant ...;
   loop invariant ...;
   ...
   ```
4. All invariants must follow ACSL syntax and be valid loop invariants.
5. No explanation. No commentary. Just show me the loop invariant.
 /no_think
--------------------------
----------Response----------
[unused16][unused17]```
loop invariant i_0: \forall integer k; 0 <= k < n ==> k >= 0 && k <= n - 1;

loop invariant i_1: \forall integer i; 0 <= i < n ==> nums[i] >= 0;

loop invariant i_3: \forall integer k; 0 <= k < n ==> k >= i;
```
----------------------------
--------------------------------
------------Invariant Info-----------
LOOP A:
i_0: \forall integer k; 0 <= k < n ==> k >= 0 && k <= n - 1
i_1: \forall integer i; 0 <= i < n ==> nums[i] >= 0
i_3: \forall integer k; 0 <= k < n ==> k >= i
------------------------------------
----------Code with Invariants----------
/*@
    predicate is_max(integer a, integer b, integer result) =
        result >= a && 
        result >= b && 
        (result == a || result == b);
*/

/*@
    assigns \nothing;
    ensures is_max(a, b, \result);
*/
int max(int a, int b) {
  int max_val = a >= b ? a : b;
  return max_val;
}

/*@
    requires n > 0;
    requires \valid(nums + (0..(n - 1)));
    requires \forall integer i; 0 <= i < n ==> nums[i] >= 0;
    assigns \nothing;
    ensures e_1: ((\forall integer j; 0 <= j < n ==> \result >= j + nums[j]) && (\result >= n - 1)) || (\result == -1);
*/
int _can_jump(int* nums, int n) 
{
    int k = 0;
    // Loop A
    /*@
        loop invariant i_0: \forall integer k; 0 <= k < n ==> k >= 0 && k <= n - 1;

        loop invariant i_1: \forall integer i; 0 <= i < n ==> nums[i] >= 0;

        loop invariant i_3: \forall integer k; 0 <= k < n ==> k >= i;


        loop assigns i;
        loop assigns k;
    */
    for(int i = 0; i < n; i++)
    {
        if(i > k)
        {
            return -1;
        }
        k = max(k, i + nums[i]);
    }
    return k;
}
----------------------------------------
----------Begin Revise----------
-------------Preservation_self: i_3: preservation---------------
----------Prompt----------

/*@
    predicate is_max(integer a, integer b, integer result) =
        result >= a && 
        result >= b && 
        (result == a || result == b);
*/

/*@
    assigns \nothing;
    ensures is_max(a, b, \result);
*/
int max(int a, int b) {
  int max_val = a >= b ? a : b;
  return max_val;
}

/*@
    requires n > 0;
    requires \valid(nums + (0..(n - 1)));
    requires \forall integer i; 0 <= i < n ==> nums[i] >= 0;
    assigns \nothing;
    ensures e_1: ((\forall integer j; 0 <= j < n ==> \result >= j + nums[j]) && (\result >= n - 1)) || (\result == -1);
*/
int _can_jump(int* nums, int n) 
{
    int k = 0;
    // Loop A
    /*@
        [Hint] Invariant \forall integer k; 0 <= k < n ==> k >= i not preserved in this loop. Fix or supplement invariants.

        loop invariant i_0: \forall integer k; 0 <= k < n ==> k >= 0 && k <= n - 1;

        loop invariant i_1: \forall integer i; 0 <= i < n ==> nums[i] >= 0;

        loop invariant i_3: \forall integer k; 0 <= k < n ==> k >= i;


        loop assigns i;
        loop assigns k;
    */
    for(int i = 0; i < n; i++)
    {
        if(i > k)
        {
            return -1;
        }
        k = max(k, i + nums[i]);
    }
    return k;
}
You are an expert in deductive program verification using ACSL and Frama-C.
[Unprovable Invariant] \forall integer k; 0 <= k < n ==> k >= i
The above loop invariant of loop "A" fails the preservation (inductive) condition:
after executing one iteration of the loop body, the invariant cannot be re-established.
[Loop Body]
if(i > k) return -1; k = max(k, i + nums[i]); i++;
This failure indicates that the current invariant may be incorrect or incomplete.  
There are two typical causes:
  1) The invariant is logically incorrect, so it does not hold after the loop body executes once.
     - In this case, you must adjust the invariant so that it is preserved by the loop body.
  2) The invariant is insufficient, i.e., it misses essential supporting conditions needed to re-establish itself.
     - In this case, you must introduce additional invariants so that the whole set becomes inductive.
Your task is to produce the corrected and/or auxiliary invariants that make the preservation step succeed.
IMPORTANT RULES:
1. You MUST NOT output any of the original invariants already in the code. Only output the new or modified invariants.
2. All invariants you produce must satisfy:
   - Establishment: they hold on loop entry.
   - Preservation: after executing the loop body exactly once, the invariant still holds.
   - Zero-iteration case: the invariant is valid even if the loop never executes.
3. The answer must follow this format exactly:
   ```
   loop invariant ...;
   loop invariant ...;
   ...
   ```
4. All invariants must follow ACSL syntax and be valid loop invariants.
5. No explanation. No commentary. Just show me the loop invariant.
 /no_think
--------------------------
----------Response----------
[unused16][unused17]```
[Loop A]
loop invariant \forall integer k; 0 <= k < n ==> k >= i;

[Loop B]
loop invariant \forall integer i; 0 <= i < n ==> nums[i] >= 0;
```
----------------------------
--------------------------------
------------Invariant Info-----------
LOOP A:
i_0: \forall integer k; 0 <= k < n ==> k >= 0 && k <= n - 1
i_1: \forall integer i; 0 <= i < n ==> nums[i] >= 0
i_3: \forall integer k; 0 <= k < n ==> k >= i
------------------------------------
----------Code with Invariants----------
/*@
    predicate is_max(integer a, integer b, integer result) =
        result >= a && 
        result >= b && 
        (result == a || result == b);
*/

/*@
    assigns \nothing;
    ensures is_max(a, b, \result);
*/
int max(int a, int b) {
  int max_val = a >= b ? a : b;
  return max_val;
}

/*@
    requires n > 0;
    requires \valid(nums + (0..(n - 1)));
    requires \forall integer i; 0 <= i < n ==> nums[i] >= 0;
    assigns \nothing;
    ensures e_1: ((\forall integer j; 0 <= j < n ==> \result >= j + nums[j]) && (\result >= n - 1)) || (\result == -1);
*/
int _can_jump(int* nums, int n) 
{
    int k = 0;
    // Loop A
    /*@
        loop invariant i_0: \forall integer k; 0 <= k < n ==> k >= 0 && k <= n - 1;

        loop invariant i_1: \forall integer i; 0 <= i < n ==> nums[i] >= 0;

        loop invariant i_3: \forall integer k; 0 <= k < n ==> k >= i;


        loop assigns i;
        loop assigns k;
    */
    for(int i = 0; i < n; i++)
    {
        if(i > k)
        {
            return -1;
        }
        k = max(k, i + nums[i]);
    }
    return k;
}
----------------------------------------
----------Begin Revise----------
-------------Preservation_self: i_3: preservation---------------
----------Prompt----------

/*@
    predicate is_max(integer a, integer b, integer result) =
        result >= a && 
        result >= b && 
        (result == a || result == b);
*/

/*@
    assigns \nothing;
    ensures is_max(a, b, \result);
*/
int max(int a, int b) {
  int max_val = a >= b ? a : b;
  return max_val;
}

/*@
    requires n > 0;
    requires \valid(nums + (0..(n - 1)));
    requires \forall integer i; 0 <= i < n ==> nums[i] >= 0;
    assigns \nothing;
    ensures e_1: ((\forall integer j; 0 <= j < n ==> \result >= j + nums[j]) && (\result >= n - 1)) || (\result == -1);
*/
int _can_jump(int* nums, int n) 
{
    int k = 0;
    // Loop A
    /*@
        [Hint] Invariant \forall integer k; 0 <= k < n ==> k >= i not preserved in this loop. Fix or supplement invariants.

        loop invariant i_0: \forall integer k; 0 <= k < n ==> k >= 0 && k <= n - 1;

        loop invariant i_1: \forall integer i; 0 <= i < n ==> nums[i] >= 0;

        loop invariant i_3: \forall integer k; 0 <= k < n ==> k >= i;


        loop assigns i;
        loop assigns k;
    */
    for(int i = 0; i < n; i++)
    {
        if(i > k)
        {
            return -1;
        }
        k = max(k, i + nums[i]);
    }
    return k;
}
You are an expert in deductive program verification using ACSL and Frama-C.
[Unprovable Invariant] \forall integer k; 0 <= k < n ==> k >= i
The above loop invariant of loop "A" fails the preservation (inductive) condition:
after executing one iteration of the loop body, the invariant cannot be re-established.
[Loop Body]
if(i > k) return -1; k = max(k, i + nums[i]); i++;
This failure indicates that the current invariant may be incorrect or incomplete.  
There are two typical causes:
  1) The invariant is logically incorrect, so it does not hold after the loop body executes once.
     - In this case, you must adjust the invariant so that it is preserved by the loop body.
  2) The invariant is insufficient, i.e., it misses essential supporting conditions needed to re-establish itself.
     - In this case, you must introduce additional invariants so that the whole set becomes inductive.
Your task is to produce the corrected and/or auxiliary invariants that make the preservation step succeed.
IMPORTANT RULES:
1. You MUST NOT output any of the original invariants already in the code. Only output the new or modified invariants.
2. All invariants you produce must satisfy:
   - Establishment: they hold on loop entry.
   - Preservation: after executing the loop body exactly once, the invariant still holds.
   - Zero-iteration case: the invariant is valid even if the loop never executes.
3. The answer must follow this format exactly:
   ```
   loop invariant ...;
   loop invariant ...;
   ...
   ```
4. All invariants must follow ACSL syntax and be valid loop invariants.
5. No explanation. No commentary. Just show me the loop invariant.
 /no_think
--------------------------
----------Response----------
[unused16][unused17]```
[Loop <Loop A>]
loop invariant \forall integer k; 0 <= k < n ==> k >= i && k >= 0 && k <= n - 1 && nums[k] >= 0 && k >= i;

[Loop <Loop B>]
loop invariant \forall integer i; 0 <= i < n ==> i >= k && i >= 0 && i <= n - 1 && nums[i] >= 0;
```
----------------------------
--------------------------------
------------Invariant Info-----------
LOOP A:
i_0: \forall integer k; 0 <= k < n ==> k >= 0 && k <= n - 1
i_1: \forall integer i; 0 <= i < n ==> nums[i] >= 0
i_3: \forall integer k; 0 <= k < n ==> k >= i
i_7: \forall integer k; 0 <= k < n ==> k >= i && k >= 0 && k <= n - 1 && nums[k] >= 0 && k >= i
i_8: \forall integer i; 0 <= i < n ==> i >= k && i >= 0 && i <= n - 1 && nums[i] >= 0
------------------------------------
----------Code with Invariants----------
/*@
    predicate is_max(integer a, integer b, integer result) =
        result >= a && 
        result >= b && 
        (result == a || result == b);
*/

/*@
    assigns \nothing;
    ensures is_max(a, b, \result);
*/
int max(int a, int b) {
  int max_val = a >= b ? a : b;
  return max_val;
}

/*@
    requires n > 0;
    requires \valid(nums + (0..(n - 1)));
    requires \forall integer i; 0 <= i < n ==> nums[i] >= 0;
    assigns \nothing;
    ensures e_1: ((\forall integer j; 0 <= j < n ==> \result >= j + nums[j]) && (\result >= n - 1)) || (\result == -1);
*/
int _can_jump(int* nums, int n) 
{
    int k = 0;
    // Loop A
    /*@
        loop invariant i_0: \forall integer k; 0 <= k < n ==> k >= 0 && k <= n - 1;

        loop invariant i_1: \forall integer i; 0 <= i < n ==> nums[i] >= 0;

        loop invariant i_3: \forall integer k; 0 <= k < n ==> k >= i;

        loop invariant i_7: \forall integer k; 0 <= k < n ==> k >= i && k >= 0 && k <= n - 1 && nums[k] >= 0 && k >= i;

        loop invariant i_8: \forall integer i; 0 <= i < n ==> i >= k && i >= 0 && i <= n - 1 && nums[i] >= 0;


        loop assigns i;
        loop assigns k;
    */
    for(int i = 0; i < n; i++)
    {
        if(i > k)
        {
            return -1;
        }
        k = max(k, i + nums[i]);
    }
    return k;
}
----------------------------------------
----------Begin Revise----------
-------------Preservation_self: i_8: preservation---------------
----------Prompt----------

/*@
    predicate is_max(integer a, integer b, integer result) =
        result >= a && 
        result >= b && 
        (result == a || result == b);
*/

/*@
    assigns \nothing;
    ensures is_max(a, b, \result);
*/
int max(int a, int b) {
  int max_val = a >= b ? a : b;
  return max_val;
}

/*@
    requires n > 0;
    requires \valid(nums + (0..(n - 1)));
    requires \forall integer i; 0 <= i < n ==> nums[i] >= 0;
    assigns \nothing;
    ensures e_1: ((\forall integer j; 0 <= j < n ==> \result >= j + nums[j]) && (\result >= n - 1)) || (\result == -1);
*/
int _can_jump(int* nums, int n) 
{
    int k = 0;
    // Loop A
    /*@
        [Hint] Invariant \forall integer i; 0 <= i < n ==> i >= k && i >= 0 && i <= n - 1 && nums[i] >= 0 not preserved in this loop. Fix or supplement invariants.

        loop invariant i_0: \forall integer k; 0 <= k < n ==> k >= 0 && k <= n - 1;

        loop invariant i_1: \forall integer i; 0 <= i < n ==> nums[i] >= 0;

        loop invariant i_3: \forall integer k; 0 <= k < n ==> k >= i;

        loop invariant i_7: \forall integer k; 0 <= k < n ==> k >= i && k >= 0 && k <= n - 1 && nums[k] >= 0 && k >= i;

        loop invariant i_8: \forall integer i; 0 <= i < n ==> i >= k && i >= 0 && i <= n - 1 && nums[i] >= 0;


        loop assigns i;
        loop assigns k;
    */
    for(int i = 0; i < n; i++)
    {
        if(i > k)
        {
            return -1;
        }
        k = max(k, i + nums[i]);
    }
    return k;
}
You are an expert in deductive program verification using ACSL and Frama-C.
[Unprovable Invariant] \forall integer i; 0 <= i < n ==> i >= k && i >= 0 && i <= n - 1 && nums[i] >= 0
The above loop invariant of loop "A" fails the preservation (inductive) condition:
after executing one iteration of the loop body, the invariant cannot be re-established.
[Loop Body]
if(i > k) return -1; k = max(k, i + nums[i]); i++;
This failure indicates that the current invariant may be incorrect or incomplete.  
There are two typical causes:
  1) The invariant is logically incorrect, so it does not hold after the loop body executes once.
     - In this case, you must adjust the invariant so that it is preserved by the loop body.
  2) The invariant is insufficient, i.e., it misses essential supporting conditions needed to re-establish itself.
     - In this case, you must introduce additional invariants so that the whole set becomes inductive.
Your task is to produce the corrected and/or auxiliary invariants that make the preservation step succeed.
IMPORTANT RULES:
1. You MUST NOT output any of the original invariants already in the code. Only output the new or modified invariants.
2. All invariants you produce must satisfy:
   - Establishment: they hold on loop entry.
   - Preservation: after executing the loop body exactly once, the invariant still holds.
   - Zero-iteration case: the invariant is valid even if the loop never executes.
3. The answer must follow this format exactly:
   ```
   loop invariant ...;
   loop invariant ...;
   ...
   ```
4. All invariants must follow ACSL syntax and be valid loop invariants.
5. No explanation. No commentary. Just show me the loop invariant.
 /no_think
--------------------------
----------Response----------
[unused16][unused17]```
loop invariant i_0: \forall integer k; 0 <= k < n ==> k >= 0 && k <= n - 1;

loop invariant i_1: \forall integer i; 0 <= i < n ==> i >= 0 && i <= n - 1 && nums[i] >= 0;

loop invariant i_7: \forall integer k; 0 <= k < n ==> k >= i && k >= 0 && k <= n - 1 && nums[k] >= 0;

loop invariant i_8: \forall integer i; 0 <= i < n ==> i >= k && i >= 0 && i <= n - 1 && nums[i] >= 0;
```
----------------------------
-------------Preservation_self: i_3: preservation---------------
----------Prompt----------

/*@
    predicate is_max(integer a, integer b, integer result) =
        result >= a && 
        result >= b && 
        (result == a || result == b);
*/

/*@
    assigns \nothing;
    ensures is_max(a, b, \result);
*/
int max(int a, int b) {
  int max_val = a >= b ? a : b;
  return max_val;
}

/*@
    requires n > 0;
    requires \valid(nums + (0..(n - 1)));
    requires \forall integer i; 0 <= i < n ==> nums[i] >= 0;
    assigns \nothing;
    ensures e_1: ((\forall integer j; 0 <= j < n ==> \result >= j + nums[j]) && (\result >= n - 1)) || (\result == -1);
*/
int _can_jump(int* nums, int n) 
{
    int k = 0;
    // Loop A
    /*@
        [Hint] Invariant \forall integer k; 0 <= k < n ==> k >= i not preserved in this loop. Fix or supplement invariants.

        loop invariant i_0: \forall integer k; 0 <= k < n ==> k >= 0 && k <= n - 1;

        loop invariant i_1: \forall integer i; 0 <= i < n ==> nums[i] >= 0;

        loop invariant i_3: \forall integer k; 0 <= k < n ==> k >= i;

        loop invariant i_7: \forall integer k; 0 <= k < n ==> k >= i && k >= 0 && k <= n - 1 && nums[k] >= 0 && k >= i;

        loop invariant i_8: \forall integer i; 0 <= i < n ==> i >= k && i >= 0 && i <= n - 1 && nums[i] >= 0;

        loop invariant i_9: \forall integer i; 0 <= i < n ==> i >= 0 && i <= n - 1 && nums[i] >= 0;

        loop invariant i_10: \forall integer k; 0 <= k < n ==> k >= i && k >= 0 && k <= n - 1 && nums[k] >= 0;


        loop assigns i;
        loop assigns k;
    */
    for(int i = 0; i < n; i++)
    {
        if(i > k)
        {
            return -1;
        }
        k = max(k, i + nums[i]);
    }
    return k;
}
You are an expert in deductive program verification using ACSL and Frama-C.
[Unprovable Invariant] \forall integer k; 0 <= k < n ==> k >= i
The above loop invariant of loop "A" fails the preservation (inductive) condition:
after executing one iteration of the loop body, the invariant cannot be re-established.
[Loop Body]
if(i > k) return -1; k = max(k, i + nums[i]); i++;
This failure indicates that the current invariant may be incorrect or incomplete.  
There are two typical causes:
  1) The invariant is logically incorrect, so it does not hold after the loop body executes once.
     - In this case, you must adjust the invariant so that it is preserved by the loop body.
  2) The invariant is insufficient, i.e., it misses essential supporting conditions needed to re-establish itself.
     - In this case, you must introduce additional invariants so that the whole set becomes inductive.
Your task is to produce the corrected and/or auxiliary invariants that make the preservation step succeed.
IMPORTANT RULES:
1. You MUST NOT output any of the original invariants already in the code. Only output the new or modified invariants.
2. All invariants you produce must satisfy:
   - Establishment: they hold on loop entry.
   - Preservation: after executing the loop body exactly once, the invariant still holds.
   - Zero-iteration case: the invariant is valid even if the loop never executes.
3. The answer must follow this format exactly:
   ```
   loop invariant ...;
   loop invariant ...;
   ...
   ```
4. All invariants must follow ACSL syntax and be valid loop invariants.
5. No explanation. No commentary. Just show me the loop invariant.
 /no_think
--------------------------
----------Response----------
[unused16][unused17]```
loop invariant i_0: \forall integer k; 0 <= k < n ==> k >= 0 && k <= n - 1;

loop invariant i_1: \forall integer i; 0 <= i < n ==> nums[i] >= 0;

loop invariant i_2: \forall integer k; 0 <= k < n ==> k >= i;

loop invariant i_3: \forall integer i; 0 <= i < n ==> i >= 0 && i <= n - 1 && nums[i] >= 0;

loop invariant i_4: \forall integer k; 0 <= k < n ==> k >= i && k >= 0 && k <= n - 1 && nums[k] >= 0;

loop invariant i_5: \forall integer k; 0 <= k < n ==> k >= i && k >= 0 && k <= n - 1 && nums[k] >= 0 && k >= i;
```
----------------------------
--------------------------------
------------Invariant Info-----------
LOOP A:
i_0: \forall integer k; 0 <= k < n ==> k >= 0 && k <= n - 1
i_1: \forall integer i; 0 <= i < n ==> nums[i] >= 0
i_3: \forall integer k; 0 <= k < n ==> k >= i
i_7: \forall integer k; 0 <= k < n ==> k >= i && k >= 0 && k <= n - 1 && nums[k] >= 0 && k >= i
i_8: \forall integer i; 0 <= i < n ==> i >= k && i >= 0 && i <= n - 1 && nums[i] >= 0
i_9: \forall integer i; 0 <= i < n ==> i >= 0 && i <= n - 1 && nums[i] >= 0
i_10: \forall integer k; 0 <= k < n ==> k >= i && k >= 0 && k <= n - 1 && nums[k] >= 0
------------------------------------
----------Code with Invariants----------
/*@
    predicate is_max(integer a, integer b, integer result) =
        result >= a && 
        result >= b && 
        (result == a || result == b);
*/

/*@
    assigns \nothing;
    ensures is_max(a, b, \result);
*/
int max(int a, int b) {
  int max_val = a >= b ? a : b;
  return max_val;
}

/*@
    requires n > 0;
    requires \valid(nums + (0..(n - 1)));
    requires \forall integer i; 0 <= i < n ==> nums[i] >= 0;
    assigns \nothing;
    ensures e_1: ((\forall integer j; 0 <= j < n ==> \result >= j + nums[j]) && (\result >= n - 1)) || (\result == -1);
*/
int _can_jump(int* nums, int n) 
{
    int k = 0;
    // Loop A
    /*@
        loop invariant i_0: \forall integer k; 0 <= k < n ==> k >= 0 && k <= n - 1;

        loop invariant i_1: \forall integer i; 0 <= i < n ==> nums[i] >= 0;

        loop invariant i_3: \forall integer k; 0 <= k < n ==> k >= i;

        loop invariant i_7: \forall integer k; 0 <= k < n ==> k >= i && k >= 0 && k <= n - 1 && nums[k] >= 0 && k >= i;

        loop invariant i_8: \forall integer i; 0 <= i < n ==> i >= k && i >= 0 && i <= n - 1 && nums[i] >= 0;

        loop invariant i_9: \forall integer i; 0 <= i < n ==> i >= 0 && i <= n - 1 && nums[i] >= 0;

        loop invariant i_10: \forall integer k; 0 <= k < n ==> k >= i && k >= 0 && k <= n - 1 && nums[k] >= 0;


        loop assigns i;
        loop assigns k;
    */
    for(int i = 0; i < n; i++)
    {
        if(i > k)
        {
            return -1;
        }
        k = max(k, i + nums[i]);
    }
    return k;
}
----------------------------------------
----------Begin Revise----------
-------------Preservation_self: i_8: preservation---------------
----------Prompt----------

/*@
    predicate is_max(integer a, integer b, integer result) =
        result >= a && 
        result >= b && 
        (result == a || result == b);
*/

/*@
    assigns \nothing;
    ensures is_max(a, b, \result);
*/
int max(int a, int b) {
  int max_val = a >= b ? a : b;
  return max_val;
}

/*@
    requires n > 0;
    requires \valid(nums + (0..(n - 1)));
    requires \forall integer i; 0 <= i < n ==> nums[i] >= 0;
    assigns \nothing;
    ensures e_1: ((\forall integer j; 0 <= j < n ==> \result >= j + nums[j]) && (\result >= n - 1)) || (\result == -1);
*/
int _can_jump(int* nums, int n) 
{
    int k = 0;
    // Loop A
    /*@
        [Hint] Invariant \forall integer i; 0 <= i < n ==> i >= k && i >= 0 && i <= n - 1 && nums[i] >= 0 not preserved in this loop. Fix or supplement invariants.

        loop invariant i_0: \forall integer k; 0 <= k < n ==> k >= 0 && k <= n - 1;

        loop invariant i_1: \forall integer i; 0 <= i < n ==> nums[i] >= 0;

        loop invariant i_3: \forall integer k; 0 <= k < n ==> k >= i;

        loop invariant i_7: \forall integer k; 0 <= k < n ==> k >= i && k >= 0 && k <= n - 1 && nums[k] >= 0 && k >= i;

        loop invariant i_8: \forall integer i; 0 <= i < n ==> i >= k && i >= 0 && i <= n - 1 && nums[i] >= 0;

        loop invariant i_9: \forall integer i; 0 <= i < n ==> i >= 0 && i <= n - 1 && nums[i] >= 0;

        loop invariant i_10: \forall integer k; 0 <= k < n ==> k >= i && k >= 0 && k <= n - 1 && nums[k] >= 0;


        loop assigns i;
        loop assigns k;
    */
    for(int i = 0; i < n; i++)
    {
        if(i > k)
        {
            return -1;
        }
        k = max(k, i + nums[i]);
    }
    return k;
}
You are an expert in deductive program verification using ACSL and Frama-C.
[Unprovable Invariant] \forall integer i; 0 <= i < n ==> i >= k && i >= 0 && i <= n - 1 && nums[i] >= 0
The above loop invariant of loop "A" fails the preservation (inductive) condition:
after executing one iteration of the loop body, the invariant cannot be re-established.
[Loop Body]
if(i > k) return -1; k = max(k, i + nums[i]); i++;
This failure indicates that the current invariant may be incorrect or incomplete.  
There are two typical causes:
  1) The invariant is logically incorrect, so it does not hold after the loop body executes once.
     - In this case, you must adjust the invariant so that it is preserved by the loop body.
  2) The invariant is insufficient, i.e., it misses essential supporting conditions needed to re-establish itself.
     - In this case, you must introduce additional invariants so that the whole set becomes inductive.
Your task is to produce the corrected and/or auxiliary invariants that make the preservation step succeed.
IMPORTANT RULES:
1. You MUST NOT output any of the original invariants already in the code. Only output the new or modified invariants.
2. All invariants you produce must satisfy:
   - Establishment: they hold on loop entry.
   - Preservation: after executing the loop body exactly once, the invariant still holds.
   - Zero-iteration case: the invariant is valid even if the loop never executes.
3. The answer must follow this format exactly:
   ```
   loop invariant ...;
   loop invariant ...;
   ...
   ```
4. All invariants must follow ACSL syntax and be valid loop invariants.
5. No explanation. No commentary. Just show me the loop invariant.
 /no_think
--------------------------
----------Response----------
[unused16][unused17]```
loop invariant i_0: \forall integer k; 0 <= k < n ==> k >= 0 && k <= n - 1;

loop invariant i_1: \forall integer i; 0 <= i < n ==> i >= 0 && i <= n - 1 && nums[i] >= 0;

loop invariant i_2: \forall integer k; 0 <= k < n ==> k >= i;

loop invariant i_3: \forall integer i; 0 <= i < n ==> i >= k && i >= 0 && i <= n - 1 && nums[i] >= 0;

loop invariant i_4: \forall integer i; 0 <= i < n ==> i >= 0 && i <= n - 1 && nums[i] >= 0;

loop invariant i_5: \forall integer k; 0 <= k < n ==> k >= i && k >= 0 && k <= n - 1 && nums[k] >= 0;
```
----------------------------
--------------------------------
------------Invariant Info-----------
LOOP A:
i_0: \forall integer k; 0 <= k < n ==> k >= 0 && k <= n - 1
i_1: \forall integer i; 0 <= i < n ==> nums[i] >= 0
i_7: \forall integer k; 0 <= k < n ==> k >= i && k >= 0 && k <= n - 1 && nums[k] >= 0 && k >= i
i_8: \forall integer i; 0 <= i < n ==> i >= k && i >= 0 && i <= n - 1 && nums[i] >= 0
i_9: \forall integer i; 0 <= i < n ==> i >= 0 && i <= n - 1 && nums[i] >= 0
i_10: \forall integer k; 0 <= k < n ==> k >= i && k >= 0 && k <= n - 1 && nums[k] >= 0
------------------------------------
----------Code with Invariants----------
/*@
    predicate is_max(integer a, integer b, integer result) =
        result >= a && 
        result >= b && 
        (result == a || result == b);
*/

/*@
    assigns \nothing;
    ensures is_max(a, b, \result);
*/
int max(int a, int b) {
  int max_val = a >= b ? a : b;
  return max_val;
}

/*@
    requires n > 0;
    requires \valid(nums + (0..(n - 1)));
    requires \forall integer i; 0 <= i < n ==> nums[i] >= 0;
    assigns \nothing;
    ensures e_1: ((\forall integer j; 0 <= j < n ==> \result >= j + nums[j]) && (\result >= n - 1)) || (\result == -1);
*/
int _can_jump(int* nums, int n) 
{
    int k = 0;
    // Loop A
    /*@
        loop invariant i_0: \forall integer k; 0 <= k < n ==> k >= 0 && k <= n - 1;

        loop invariant i_1: \forall integer i; 0 <= i < n ==> nums[i] >= 0;

        loop invariant i_7: \forall integer k; 0 <= k < n ==> k >= i && k >= 0 && k <= n - 1 && nums[k] >= 0 && k >= i;

        loop invariant i_8: \forall integer i; 0 <= i < n ==> i >= k && i >= 0 && i <= n - 1 && nums[i] >= 0;

        loop invariant i_9: \forall integer i; 0 <= i < n ==> i >= 0 && i <= n - 1 && nums[i] >= 0;

        loop invariant i_10: \forall integer k; 0 <= k < n ==> k >= i && k >= 0 && k <= n - 1 && nums[k] >= 0;


        loop assigns i;
        loop assigns k;
    */
    for(int i = 0; i < n; i++)
    {
        if(i > k)
        {
            return -1;
        }
        k = max(k, i + nums[i]);
    }
    return k;
}
----------------------------------------
----------Begin Revise----------
-------------Preservation_self: i_8: preservation---------------
----------Prompt----------

/*@
    predicate is_max(integer a, integer b, integer result) =
        result >= a && 
        result >= b && 
        (result == a || result == b);
*/

/*@
    assigns \nothing;
    ensures is_max(a, b, \result);
*/
int max(int a, int b) {
  int max_val = a >= b ? a : b;
  return max_val;
}

/*@
    requires n > 0;
    requires \valid(nums + (0..(n - 1)));
    requires \forall integer i; 0 <= i < n ==> nums[i] >= 0;
    assigns \nothing;
    ensures e_1: ((\forall integer j; 0 <= j < n ==> \result >= j + nums[j]) && (\result >= n - 1)) || (\result == -1);
*/
int _can_jump(int* nums, int n) 
{
    int k = 0;
    // Loop A
    /*@
        [Hint] Invariant \forall integer i; 0 <= i < n ==> i >= k && i >= 0 && i <= n - 1 && nums[i] >= 0 not preserved in this loop. Fix or supplement invariants.

        loop invariant i_0: \forall integer k; 0 <= k < n ==> k >= 0 && k <= n - 1;

        loop invariant i_1: \forall integer i; 0 <= i < n ==> nums[i] >= 0;

        loop invariant i_7: \forall integer k; 0 <= k < n ==> k >= i && k >= 0 && k <= n - 1 && nums[k] >= 0 && k >= i;

        loop invariant i_8: \forall integer i; 0 <= i < n ==> i >= k && i >= 0 && i <= n - 1 && nums[i] >= 0;

        loop invariant i_9: \forall integer i; 0 <= i < n ==> i >= 0 && i <= n - 1 && nums[i] >= 0;

        loop invariant i_10: \forall integer k; 0 <= k < n ==> k >= i && k >= 0 && k <= n - 1 && nums[k] >= 0;


        loop assigns i;
        loop assigns k;
    */
    for(int i = 0; i < n; i++)
    {
        if(i > k)
        {
            return -1;
        }
        k = max(k, i + nums[i]);
    }
    return k;
}
You are an expert in deductive program verification using ACSL and Frama-C.
[Unprovable Invariant] \forall integer i; 0 <= i < n ==> i >= k && i >= 0 && i <= n - 1 && nums[i] >= 0
The above loop invariant of loop "A" fails the preservation (inductive) condition:
after executing one iteration of the loop body, the invariant cannot be re-established.
[Loop Body]
if(i > k) return -1; k = max(k, i + nums[i]); i++;
This failure indicates that the current invariant may be incorrect or incomplete.  
There are two typical causes:
  1) The invariant is logically incorrect, so it does not hold after the loop body executes once.
     - In this case, you must adjust the invariant so that it is preserved by the loop body.
  2) The invariant is insufficient, i.e., it misses essential supporting conditions needed to re-establish itself.
     - In this case, you must introduce additional invariants so that the whole set becomes inductive.
Your task is to produce the corrected and/or auxiliary invariants that make the preservation step succeed.
IMPORTANT RULES:
1. You MUST NOT output any of the original invariants already in the code. Only output the new or modified invariants.
2. All invariants you produce must satisfy:
   - Establishment: they hold on loop entry.
   - Preservation: after executing the loop body exactly once, the invariant still holds.
   - Zero-iteration case: the invariant is valid even if the loop never executes.
3. The answer must follow this format exactly:
   ```
   loop invariant ...;
   loop invariant ...;
   ...
   ```
4. All invariants must follow ACSL syntax and be valid loop invariants.
5. No explanation. No commentary. Just show me the loop invariant.
 /no_think
--------------------------
----------Response----------
[unused16][unused17]```
loop invariant i_0: \forall integer i; 0 <= i < n ==> i >= 0 && i <= n - 1;

loop invariant i_1: \forall integer i; 0 <= i < n ==> i >= k && nums[i] >= 0;

loop invariant i_2: \forall integer i; 0 <= i < n ==> i >= k && i >= 0 && i <= n - 1 && nums[i] >= 0;

loop invariant i_3: \forall integer k; 0 <= k < n ==> k >= i && k >= 0 && k <= n - 1 && nums[k] >= 0;

loop invariant i_4: \forall integer i; 0 <= i < n ==> i >= k && i >= 0 && i <= n - 1 && nums[i] >= 0;

loop invariant i_5: \forall integer i; 0 <= i < n ==> i >= 0 && i <= n - 1 && nums[i] >= 0;
```
----------------------------
-------------Preservation_self: i_7: preservation---------------
----------Prompt----------

/*@
    predicate is_max(integer a, integer b, integer result) =
        result >= a && 
        result >= b && 
        (result == a || result == b);
*/

/*@
    assigns \nothing;
    ensures is_max(a, b, \result);
*/
int max(int a, int b) {
  int max_val = a >= b ? a : b;
  return max_val;
}

/*@
    requires n > 0;
    requires \valid(nums + (0..(n - 1)));
    requires \forall integer i; 0 <= i < n ==> nums[i] >= 0;
    assigns \nothing;
    ensures e_1: ((\forall integer j; 0 <= j < n ==> \result >= j + nums[j]) && (\result >= n - 1)) || (\result == -1);
*/
int _can_jump(int* nums, int n) 
{
    int k = 0;
    // Loop A
    /*@
        [Hint] Invariant \forall integer k; 0 <= k < n ==> k >= i && k >= 0 && k <= n - 1 && nums[k] >= 0 && k >= i not preserved in this loop. Fix or supplement invariants.

        loop invariant i_0: \forall integer k; 0 <= k < n ==> k >= 0 && k <= n - 1;

        loop invariant i_1: \forall integer i; 0 <= i < n ==> nums[i] >= 0;

        loop invariant i_7: \forall integer k; 0 <= k < n ==> k >= i && k >= 0 && k <= n - 1 && nums[k] >= 0 && k >= i;

        loop invariant i_8: \forall integer i; 0 <= i < n ==> i >= k && i >= 0 && i <= n - 1 && nums[i] >= 0;

        loop invariant i_9: \forall integer i; 0 <= i < n ==> i >= 0 && i <= n - 1 && nums[i] >= 0;

        loop invariant i_10: \forall integer k; 0 <= k < n ==> k >= i && k >= 0 && k <= n - 1 && nums[k] >= 0;

        loop invariant i_11: \forall integer i; 0 <= i < n ==> i >= 0 && i <= n - 1;

        loop invariant i_12: \forall integer i; 0 <= i < n ==> i >= k && nums[i] >= 0;


        loop assigns i;
        loop assigns k;
    */
    for(int i = 0; i < n; i++)
    {
        if(i > k)
        {
            return -1;
        }
        k = max(k, i + nums[i]);
    }
    return k;
}
You are an expert in deductive program verification using ACSL and Frama-C.
[Unprovable Invariant] \forall integer k; 0 <= k < n ==> k >= i && k >= 0 && k <= n - 1 && nums[k] >= 0 && k >= i
The above loop invariant of loop "A" fails the preservation (inductive) condition:
after executing one iteration of the loop body, the invariant cannot be re-established.
[Loop Body]
if(i > k) return -1; k = max(k, i + nums[i]); i++;
This failure indicates that the current invariant may be incorrect or incomplete.  
There are two typical causes:
  1) The invariant is logically incorrect, so it does not hold after the loop body executes once.
     - In this case, you must adjust the invariant so that it is preserved by the loop body.
  2) The invariant is insufficient, i.e., it misses essential supporting conditions needed to re-establish itself.
     - In this case, you must introduce additional invariants so that the whole set becomes inductive.
Your task is to produce the corrected and/or auxiliary invariants that make the preservation step succeed.
IMPORTANT RULES:
1. You MUST NOT output any of the original invariants already in the code. Only output the new or modified invariants.
2. All invariants you produce must satisfy:
   - Establishment: they hold on loop entry.
   - Preservation: after executing the loop body exactly once, the invariant still holds.
   - Zero-iteration case: the invariant is valid even if the loop never executes.
3. The answer must follow this format exactly:
   ```
   loop invariant ...;
   loop invariant ...;
   ...
   ```
4. All invariants must follow ACSL syntax and be valid loop invariants.
5. No explanation. No commentary. Just show me the loop invariant.
 /no_think
--------------------------
----------Response----------
[unused16][unused17]```
loop invariant i_0: \forall integer k; 0 <= k < n ==> k >= 0 && k <= n - 1;

loop invariant i_1: \forall integer i; 0 <= i < n ==> nums[i] >= 0;

loop invariant i_7: \forall integer k; 0 <= k < n ==> k >= i && k >= 0 && k <= n - 1 && nums[k] >= 0 && k >= i;

loop invariant i_8: \forall integer i; 0 <= i < n ==> i >= k && i >= 0 && i <= n - 1 && nums[i] >= 0;

loop invariant i_9: \forall integer i; 0 <= i < n ==> i >= 0 && i <= n - 1;

loop invariant i_10: \forall integer k; 0 <= k < n ==> k >= i && k >= 0 && k <= n - 1 && nums[k] >= 0;

loop invariant i_11: \forall integer i; 0 <= i < n ==> i >= k && nums[i] >= 0;

loop invariant i_12: \forall integer k; 0 <= k < n ==> k >= i && k >= 0 && k <= n - 1 && nums[k] >= 0 && k >= i;
```
----------------------------
--------------------------------
------------Invariant Info-----------
LOOP A:
i_0: \forall integer k; 0 <= k < n ==> k >= 0 && k <= n - 1
i_1: \forall integer i; 0 <= i < n ==> nums[i] >= 0
i_7: \forall integer k; 0 <= k < n ==> k >= i && k >= 0 && k <= n - 1 && nums[k] >= 0 && k >= i
i_8: \forall integer i; 0 <= i < n ==> i >= k && i >= 0 && i <= n - 1 && nums[i] >= 0
i_9: \forall integer i; 0 <= i < n ==> i >= 0 && i <= n - 1 && nums[i] >= 0
i_10: \forall integer k; 0 <= k < n ==> k >= i && k >= 0 && k <= n - 1 && nums[k] >= 0
i_11: \forall integer i; 0 <= i < n ==> i >= 0 && i <= n - 1
i_12: \forall integer i; 0 <= i < n ==> i >= k && nums[i] >= 0
------------------------------------
----------Code with Invariants----------
/*@
    predicate is_max(integer a, integer b, integer result) =
        result >= a && 
        result >= b && 
        (result == a || result == b);
*/

/*@
    assigns \nothing;
    ensures is_max(a, b, \result);
*/
int max(int a, int b) {
  int max_val = a >= b ? a : b;
  return max_val;
}

/*@
    requires n > 0;
    requires \valid(nums + (0..(n - 1)));
    requires \forall integer i; 0 <= i < n ==> nums[i] >= 0;
    assigns \nothing;
    ensures e_1: ((\forall integer j; 0 <= j < n ==> \result >= j + nums[j]) && (\result >= n - 1)) || (\result == -1);
*/
int _can_jump(int* nums, int n) 
{
    int k = 0;
    // Loop A
    /*@
        loop invariant i_0: \forall integer k; 0 <= k < n ==> k >= 0 && k <= n - 1;

        loop invariant i_1: \forall integer i; 0 <= i < n ==> nums[i] >= 0;

        loop invariant i_7: \forall integer k; 0 <= k < n ==> k >= i && k >= 0 && k <= n - 1 && nums[k] >= 0 && k >= i;

        loop invariant i_8: \forall integer i; 0 <= i < n ==> i >= k && i >= 0 && i <= n - 1 && nums[i] >= 0;

        loop invariant i_9: \forall integer i; 0 <= i < n ==> i >= 0 && i <= n - 1 && nums[i] >= 0;

        loop invariant i_10: \forall integer k; 0 <= k < n ==> k >= i && k >= 0 && k <= n - 1 && nums[k] >= 0;

        loop invariant i_11: \forall integer i; 0 <= i < n ==> i >= 0 && i <= n - 1;

        loop invariant i_12: \forall integer i; 0 <= i < n ==> i >= k && nums[i] >= 0;


        loop assigns i;
        loop assigns k;
    */
    for(int i = 0; i < n; i++)
    {
        if(i > k)
        {
            return -1;
        }
        k = max(k, i + nums[i]);
    }
    return k;
}
----------------------------------------
----------Begin Revise----------
-------------Preservation_self: i_8: preservation---------------
----------Prompt----------

/*@
    predicate is_max(integer a, integer b, integer result) =
        result >= a && 
        result >= b && 
        (result == a || result == b);
*/

/*@
    assigns \nothing;
    ensures is_max(a, b, \result);
*/
int max(int a, int b) {
  int max_val = a >= b ? a : b;
  return max_val;
}

/*@
    requires n > 0;
    requires \valid(nums + (0..(n - 1)));
    requires \forall integer i; 0 <= i < n ==> nums[i] >= 0;
    assigns \nothing;
    ensures e_1: ((\forall integer j; 0 <= j < n ==> \result >= j + nums[j]) && (\result >= n - 1)) || (\result == -1);
*/
int _can_jump(int* nums, int n) 
{
    int k = 0;
    // Loop A
    /*@
        [Hint] Invariant \forall integer i; 0 <= i < n ==> i >= k && i >= 0 && i <= n - 1 && nums[i] >= 0 not preserved in this loop. Fix or supplement invariants.

        loop invariant i_0: \forall integer k; 0 <= k < n ==> k >= 0 && k <= n - 1;

        loop invariant i_1: \forall integer i; 0 <= i < n ==> nums[i] >= 0;

        loop invariant i_7: \forall integer k; 0 <= k < n ==> k >= i && k >= 0 && k <= n - 1 && nums[k] >= 0 && k >= i;

        loop invariant i_8: \forall integer i; 0 <= i < n ==> i >= k && i >= 0 && i <= n - 1 && nums[i] >= 0;

        loop invariant i_9: \forall integer i; 0 <= i < n ==> i >= 0 && i <= n - 1 && nums[i] >= 0;

        loop invariant i_10: \forall integer k; 0 <= k < n ==> k >= i && k >= 0 && k <= n - 1 && nums[k] >= 0;

        loop invariant i_11: \forall integer i; 0 <= i < n ==> i >= 0 && i <= n - 1;

        loop invariant i_12: \forall integer i; 0 <= i < n ==> i >= k && nums[i] >= 0;


        loop assigns i;
        loop assigns k;
    */
    for(int i = 0; i < n; i++)
    {
        if(i > k)
        {
            return -1;
        }
        k = max(k, i + nums[i]);
    }
    return k;
}
You are an expert in deductive program verification using ACSL and Frama-C.
[Unprovable Invariant] \forall integer i; 0 <= i < n ==> i >= k && i >= 0 && i <= n - 1 && nums[i] >= 0
The above loop invariant of loop "A" fails the preservation (inductive) condition:
after executing one iteration of the loop body, the invariant cannot be re-established.
[Loop Body]
if(i > k) return -1; k = max(k, i + nums[i]); i++;
This failure indicates that the current invariant may be incorrect or incomplete.  
There are two typical causes:
  1) The invariant is logically incorrect, so it does not hold after the loop body executes once.
     - In this case, you must adjust the invariant so that it is preserved by the loop body.
  2) The invariant is insufficient, i.e., it misses essential supporting conditions needed to re-establish itself.
     - In this case, you must introduce additional invariants so that the whole set becomes inductive.
Your task is to produce the corrected and/or auxiliary invariants that make the preservation step succeed.
IMPORTANT RULES:
1. You MUST NOT output any of the original invariants already in the code. Only output the new or modified invariants.
2. All invariants you produce must satisfy:
   - Establishment: they hold on loop entry.
   - Preservation: after executing the loop body exactly once, the invariant still holds.
   - Zero-iteration case: the invariant is valid even if the loop never executes.
3. The answer must follow this format exactly:
   ```
   loop invariant ...;
   loop invariant ...;
   ...
   ```
4. All invariants must follow ACSL syntax and be valid loop invariants.
5. No explanation. No commentary. Just show me the loop invariant.
 /no_think
--------------------------
----------Response----------
[unused16][unused17]```
loop invariant i_0: \forall integer k; 0 <= k < n ==> k >= 0 && k <= n - 1;

loop invariant i_1: \forall integer i; 0 <= i < n ==> nums[i] >= 0;

loop invariant i_2: \forall integer i; 0 <= i < n ==> i >= k && i >= 0 && i <= n - 1 && nums[i] >= 0;

loop invariant i_3: \forall integer i; 0 <= i < n ==> i >= 0 && i <= n - 1;

loop invariant i_4: \forall integer k; 0 <= k < n ==> k >= i && k >= 0 && k <= n - 1 && nums[k] >= 0;

loop invariant i_5: \forall integer i; 0 <= i < n ==> i >= k && nums[i] >= 0;

loop invariant i_6: \forall integer i; 0 <= i < n ==> i >= 0 && i <= n - 1 && nums[i] >= 0;
```
----------------------------
-------------Preservation_self: i_7: preservation---------------
----------Prompt----------

/*@
    predicate is_max(integer a, integer b, integer result) =
        result >= a && 
        result >= b && 
        (result == a || result == b);
*/

/*@
    assigns \nothing;
    ensures is_max(a, b, \result);
*/
int max(int a, int b) {
  int max_val = a >= b ? a : b;
  return max_val;
}

/*@
    requires n > 0;
    requires \valid(nums + (0..(n - 1)));
    requires \forall integer i; 0 <= i < n ==> nums[i] >= 0;
    assigns \nothing;
    ensures e_1: ((\forall integer j; 0 <= j < n ==> \result >= j + nums[j]) && (\result >= n - 1)) || (\result == -1);
*/
int _can_jump(int* nums, int n) 
{
    int k = 0;
    // Loop A
    /*@
        [Hint] Invariant \forall integer k; 0 <= k < n ==> k >= i && k >= 0 && k <= n - 1 && nums[k] >= 0 && k >= i not preserved in this loop. Fix or supplement invariants.

        loop invariant i_0: \forall integer k; 0 <= k < n ==> k >= 0 && k <= n - 1;

        loop invariant i_1: \forall integer i; 0 <= i < n ==> nums[i] >= 0;

        loop invariant i_7: \forall integer k; 0 <= k < n ==> k >= i && k >= 0 && k <= n - 1 && nums[k] >= 0 && k >= i;

        loop invariant i_8: \forall integer i; 0 <= i < n ==> i >= k && i >= 0 && i <= n - 1 && nums[i] >= 0;

        loop invariant i_9: \forall integer i; 0 <= i < n ==> i >= 0 && i <= n - 1 && nums[i] >= 0;

        loop invariant i_10: \forall integer k; 0 <= k < n ==> k >= i && k >= 0 && k <= n - 1 && nums[k] >= 0;

        loop invariant i_11: \forall integer i; 0 <= i < n ==> i >= 0 && i <= n - 1;

        loop invariant i_12: \forall integer i; 0 <= i < n ==> i >= k && nums[i] >= 0;


        loop assigns i;
        loop assigns k;
    */
    for(int i = 0; i < n; i++)
    {
        if(i > k)
        {
            return -1;
        }
        k = max(k, i + nums[i]);
    }
    return k;
}
You are an expert in deductive program verification using ACSL and Frama-C.
[Unprovable Invariant] \forall integer k; 0 <= k < n ==> k >= i && k >= 0 && k <= n - 1 && nums[k] >= 0 && k >= i
The above loop invariant of loop "A" fails the preservation (inductive) condition:
after executing one iteration of the loop body, the invariant cannot be re-established.
[Loop Body]
if(i > k) return -1; k = max(k, i + nums[i]); i++;
This failure indicates that the current invariant may be incorrect or incomplete.  
There are two typical causes:
  1) The invariant is logically incorrect, so it does not hold after the loop body executes once.
     - In this case, you must adjust the invariant so that it is preserved by the loop body.
  2) The invariant is insufficient, i.e., it misses essential supporting conditions needed to re-establish itself.
     - In this case, you must introduce additional invariants so that the whole set becomes inductive.
Your task is to produce the corrected and/or auxiliary invariants that make the preservation step succeed.
IMPORTANT RULES:
1. You MUST NOT output any of the original invariants already in the code. Only output the new or modified invariants.
2. All invariants you produce must satisfy:
   - Establishment: they hold on loop entry.
   - Preservation: after executing the loop body exactly once, the invariant still holds.
   - Zero-iteration case: the invariant is valid even if the loop never executes.
3. The answer must follow this format exactly:
   ```
   loop invariant ...;
   loop invariant ...;
   ...
   ```
4. All invariants must follow ACSL syntax and be valid loop invariants.
5. No explanation. No commentary. Just show me the loop invariant.
 /no_think
--------------------------
----------Response----------
[unused16][unused17]```
loop invariant i_0: \forall integer k; 0 <= k < n ==> k >= 0 && k <= n - 1;

loop invariant i_1: \forall integer i; 0 <= i < n ==> nums[i] >= 0;

loop invariant i_7: \forall integer k; 0 <= k < n ==> k >= i && k >= 0 && k <= n - 1 && nums[k] >= 0 && k >= i;

loop invariant i_8: \forall integer i; 0 <= i < n ==> i >= k && i >= 0 && i <= n - 1 && nums[i] >= 0;

loop invariant i_9: \forall integer i; 0 <= i < n ==> i >= 0 && i <= n - 1;

loop invariant i_10: \forall integer k; 0 <= k < n ==> k >= i && k >= 0 && k <= n - 1 && nums[k] >= 0;

loop invariant i_11: \forall integer i; 0 <= i < n ==> i >= k && nums[i] >= 0;

loop invariant i_12: \forall integer k; 0 <= k < n ==> k >= i && k >= 0 && k <= n - 1 && nums[k] >= 0 && k >= i;
```
----------------------------
--------------------------------
------------Invariant Info-----------
LOOP A:
i_0: \forall integer k; 0 <= k < n ==> k >= 0 && k <= n - 1
i_1: \forall integer i; 0 <= i < n ==> nums[i] >= 0
i_7: \forall integer k; 0 <= k < n ==> k >= i && k >= 0 && k <= n - 1 && nums[k] >= 0 && k >= i
i_8: \forall integer i; 0 <= i < n ==> i >= k && i >= 0 && i <= n - 1 && nums[i] >= 0
i_9: \forall integer i; 0 <= i < n ==> i >= 0 && i <= n - 1 && nums[i] >= 0
i_10: \forall integer k; 0 <= k < n ==> k >= i && k >= 0 && k <= n - 1 && nums[k] >= 0
i_11: \forall integer i; 0 <= i < n ==> i >= 0 && i <= n - 1
i_12: \forall integer i; 0 <= i < n ==> i >= k && nums[i] >= 0
------------------------------------
----------Code with Invariants----------
/*@
    predicate is_max(integer a, integer b, integer result) =
        result >= a && 
        result >= b && 
        (result == a || result == b);
*/

/*@
    assigns \nothing;
    ensures is_max(a, b, \result);
*/
int max(int a, int b) {
  int max_val = a >= b ? a : b;
  return max_val;
}

/*@
    requires n > 0;
    requires \valid(nums + (0..(n - 1)));
    requires \forall integer i; 0 <= i < n ==> nums[i] >= 0;
    assigns \nothing;
    ensures e_1: ((\forall integer j; 0 <= j < n ==> \result >= j + nums[j]) && (\result >= n - 1)) || (\result == -1);
*/
int _can_jump(int* nums, int n) 
{
    int k = 0;
    // Loop A
    /*@
        loop invariant i_0: \forall integer k; 0 <= k < n ==> k >= 0 && k <= n - 1;

        loop invariant i_1: \forall integer i; 0 <= i < n ==> nums[i] >= 0;

        loop invariant i_7: \forall integer k; 0 <= k < n ==> k >= i && k >= 0 && k <= n - 1 && nums[k] >= 0 && k >= i;

        loop invariant i_8: \forall integer i; 0 <= i < n ==> i >= k && i >= 0 && i <= n - 1 && nums[i] >= 0;

        loop invariant i_9: \forall integer i; 0 <= i < n ==> i >= 0 && i <= n - 1 && nums[i] >= 0;

        loop invariant i_10: \forall integer k; 0 <= k < n ==> k >= i && k >= 0 && k <= n - 1 && nums[k] >= 0;

        loop invariant i_11: \forall integer i; 0 <= i < n ==> i >= 0 && i <= n - 1;

        loop invariant i_12: \forall integer i; 0 <= i < n ==> i >= k && nums[i] >= 0;


        loop assigns i;
        loop assigns k;
    */
    for(int i = 0; i < n; i++)
    {
        if(i > k)
        {
            return -1;
        }
        k = max(k, i + nums[i]);
    }
    return k;
}
----------------------------------------
------------Invariant Info-----------
LOOP A:
i_0: \forall integer k; 0 <= k < n ==> k >= 0 && k <= n - 1
i_1: \forall integer i; 0 <= i < n ==> nums[i] >= 0
i_9: \forall integer i; 0 <= i < n ==> i >= 0 && i <= n - 1 && nums[i] >= 0
i_10: \forall integer k; 0 <= k < n ==> k >= i && k >= 0 && k <= n - 1 && nums[k] >= 0
i_11: \forall integer i; 0 <= i < n ==> i >= 0 && i <= n - 1
i_12: \forall integer i; 0 <= i < n ==> i >= k && nums[i] >= 0
------------------------------------
----------Code with Invariants----------
/*@
    predicate is_max(integer a, integer b, integer result) =
        result >= a && 
        result >= b && 
        (result == a || result == b);
*/

/*@
    assigns \nothing;
    ensures is_max(a, b, \result);
*/
int max(int a, int b) {
  int max_val = a >= b ? a : b;
  return max_val;
}

/*@
    requires n > 0;
    requires \valid(nums + (0..(n - 1)));
    requires \forall integer i; 0 <= i < n ==> nums[i] >= 0;
    assigns \nothing;
    ensures e_1: ((\forall integer j; 0 <= j < n ==> \result >= j + nums[j]) && (\result >= n - 1)) || (\result == -1);
*/
int _can_jump(int* nums, int n) 
{
    int k = 0;
    // Loop A
    /*@
        loop invariant i_0: \forall integer k; 0 <= k < n ==> k >= 0 && k <= n - 1;

        loop invariant i_1: \forall integer i; 0 <= i < n ==> nums[i] >= 0;

        loop invariant i_9: \forall integer i; 0 <= i < n ==> i >= 0 && i <= n - 1 && nums[i] >= 0;

        loop invariant i_10: \forall integer k; 0 <= k < n ==> k >= i && k >= 0 && k <= n - 1 && nums[k] >= 0;

        loop invariant i_11: \forall integer i; 0 <= i < n ==> i >= 0 && i <= n - 1;

        loop invariant i_12: \forall integer i; 0 <= i < n ==> i >= k && nums[i] >= 0;


        loop assigns i;
        loop assigns k;
    */
    for(int i = 0; i < n; i++)
    {
        if(i > k)
        {
            return -1;
        }
        k = max(k, i + nums[i]);
    }
    return k;
}
----------------------------------------
------------Invariant Info-----------
LOOP A:
i_0: \forall integer k; 0 <= k < n ==> k >= 0 && k <= n - 1
i_1: \forall integer i; 0 <= i < n ==> nums[i] >= 0
i_9: \forall integer i; 0 <= i < n ==> i >= 0 && i <= n - 1 && nums[i] >= 0
i_11: \forall integer i; 0 <= i < n ==> i >= 0 && i <= n - 1
------------------------------------
----------Code with Invariants----------
/*@
    predicate is_max(integer a, integer b, integer result) =
        result >= a && 
        result >= b && 
        (result == a || result == b);
*/

/*@
    assigns \nothing;
    ensures is_max(a, b, \result);
*/
int max(int a, int b) {
  int max_val = a >= b ? a : b;
  return max_val;
}

/*@
    requires n > 0;
    requires \valid(nums + (0..(n - 1)));
    requires \forall integer i; 0 <= i < n ==> nums[i] >= 0;
    assigns \nothing;
    ensures e_1: ((\forall integer j; 0 <= j < n ==> \result >= j + nums[j]) && (\result >= n - 1)) || (\result == -1);
*/
int _can_jump(int* nums, int n) 
{
    int k = 0;
    // Loop A
    /*@
        loop invariant i_0: \forall integer k; 0 <= k < n ==> k >= 0 && k <= n - 1;

        loop invariant i_1: \forall integer i; 0 <= i < n ==> nums[i] >= 0;

        loop invariant i_9: \forall integer i; 0 <= i < n ==> i >= 0 && i <= n - 1 && nums[i] >= 0;

        loop invariant i_11: \forall integer i; 0 <= i < n ==> i >= 0 && i <= n - 1;


        loop assigns i;
        loop assigns k;
    */
    for(int i = 0; i < n; i++)
    {
        if(i > k)
        {
            return -1;
        }
        k = max(k, i + nums[i]);
    }
    return k;
}
----------------------------------------
---------Result---------
Fail
Model: openPangu-Embedded-7B-V1.1
Running time: 448.7622182369232
Proposal number: 17
Verified code:

------------------------
