-----------Model-----------
Model type:
PanguEmbeddedForCausalLM(
  (model): PanguEmbeddedModel(
    (embed_tokens): Embedding(153376, 4096, padding_idx=0)
    (layers): ModuleList(
      (0-33): 34 x PanguEmbeddedDecoderLayer(
        (self_attn): PanguEmbeddedAttention(
          (q_proj): Linear(in_features=4096, out_features=4096, bias=True)
          (k_proj): Linear(in_features=4096, out_features=1024, bias=True)
          (v_proj): Linear(in_features=4096, out_features=1024, bias=True)
          (o_proj): Linear(in_features=4096, out_features=4096, bias=True)
        )
        (mlp): PanguEmbeddedMLP(
          (gate_proj): Linear(in_features=4096, out_features=12800, bias=False)
          (up_proj): Linear(in_features=4096, out_features=12800, bias=False)
          (down_proj): Linear(in_features=12800, out_features=4096, bias=False)
          (act_fn): SiLU()
        )
        (input_layernorm): PanguEmbeddedRMSNorm((4096,), eps=1e-05)
        (post_attention_layernorm): PanguEmbeddedRMSNorm((4096,), eps=1e-05)
      )
    )
    (norm): PanguEmbeddedRMSNorm((4096,), eps=1e-05)
    (rotary_emb): PanguEmbeddedRotaryEmbedding()
  )
  (lm_head): Linear(in_features=4096, out_features=153376, bias=False)
)
Model device:
npu:1
---------------------------
File Path: ../Benchmark/SVCOMP/svcomp_10.c
----------Code----------
# define INT_MAX 2147483647

/*@
    requires n <= INT_MAX;
*/
int svcomp_10(int n) {
    int i,k;
    k = n;
    i = 0;

    /*@
        loop assigns i, k;
    */
    while( i < n ) {
        k--;
        i = i + 2;
    }

    int j = 0;
    
    /*@
        loop assigns j, k;
    */
    while( j < n / 2 ) {
        //@ assert k > 0;
        k--;
        j++;
    }
    return 0;
}
------------------------
========== Attempt 1 ==========
----------Prompt----------

# define INT_MAX 2147483647

/*@
    requires n <= INT_MAX;
*/
int svcomp_10(int n) {
    int i,k;
    k = n;
    i = 0;

    // Loop A
    /*@
        [Hint] Please infer the loop invariant for the following loop.

        loop assigns i, k;
    */
    while( i < n ) {
        k--;
        i = i + 2;
    }

    int j = 0;
    
    // Loop B
    /*@
        loop assigns j, k;
    */
    while( j < n / 2 ) {
        //@ assert k > 0;
        k--;
        j++;
    }
    return 0;
}
You are an expert in program verification, and please generate loop invariant as C annotation comments at the hint location (annotated by "[Hint] Please infer the loop invariant for the following loop.") using ACSL language.
ACSL is a specification language for C programs that conforms to the design by contract paradigm, utilizing Hoare style pre- and postconditions and invariants. Note that the `loop invariant` clause is a condition that is true at the beginning and end of every loop iteration.
Specifically, for the current verification task:
    - Pre-condition: the function's `requires` clauses
    - Post-condition: 
Please verify that the generated loop invariant is consistent with these constraints. If these specific pre- or post-conditions are not provided or empty, please infer the loop invariant strictly based on the program's execution logic and standard correctness.
In order to get a correct answer, You may want to consider both the situation of not entering the loop and the situation of jumping out of the loop. If some of the pre-conditions are also loop invariant, you need to add them to your answer as well.
Use '&&', '||', '==>', '\forall' or '\exists' if necessary. For instance:
```
loop invariant 1 <= x;
loop invariant x == y;
loop invariant 0 < x ==> y <= z;
loop invariant z % 2 == 1 || x == y;
loop invariant z % 2 == 1 && x <= y;
loop invariant \forall integer k;  0 <= k < i ==> max >=  a[k];
loop invariant \exists integer k;  0 <= k < i &&  max == a[k];
loop invariant \forall integer p; 0 <= p < \at(k, End_l) ==> res[p] == \at(res[p], End_l);
```
Your answer should follow the following format:
```
loop invariant ...;
loop invariant ...;
...
```
No explanation. No commentary. Just show me the loop invariant.
 /no_think
--------------------------
----------Response----------
[unused16][unused17][Loop <Loop A>]
loop invariant i + k == n && i % 2 == 0;

[Loop <Loop B>]
loop invariant k >= 0 && j == n - i;
----------------------------
----------Prompt----------

# define INT_MAX 2147483647

/*@
    requires n <= INT_MAX;
*/
int svcomp_10(int n) {
    int i,k;
    k = n;
    i = 0;

    // Loop A
    /*@
        loop invariant i_0: i + k == n && i % 2 == 0;

        loop invariant i_1: k >= 0 && j == n - i;


        loop assigns i, k;
    */
    while( i < n ) {
        k--;
        i = i + 2;
    }

    int j = 0;
    
    // Loop B
    /*@
        [Hint] Please infer the loop invariant for the following loop.

        loop assigns j, k;
    */
    while( j < n / 2 ) {
        //@ assert k > 0;
        k--;
        j++;
    }
    return 0;
}
You are an expert in program verification, and please generate loop invariant as C annotation comments at the hint location (annotated by "[Hint] Please infer the loop invariant for the following loop.") using ACSL language.
ACSL is a specification language for C programs that conforms to the design by contract paradigm, utilizing Hoare style pre- and postconditions and invariants. Note that the `loop invariant` clause is a condition that is true at the beginning and end of every loop iteration.
Specifically, for the current verification task:
    - Pre-condition: i_0:i + k == n && i % 2 == 0; i_1:k >= 0 && j == n - i; 
    - Post-condition: 1:k > 0; 
Please verify that the generated loop invariant is consistent with these constraints. If these specific pre- or post-conditions are not provided or empty, please infer the loop invariant strictly based on the program's execution logic and standard correctness.
In order to get a correct answer, You may want to consider both the situation of not entering the loop and the situation of jumping out of the loop. If some of the pre-conditions are also loop invariant, you need to add them to your answer as well.
Use '&&', '||', '==>', '\forall' or '\exists' if necessary. For instance:
```
loop invariant 1 <= x;
loop invariant x == y;
loop invariant 0 < x ==> y <= z;
loop invariant z % 2 == 1 || x == y;
loop invariant z % 2 == 1 && x <= y;
loop invariant \forall integer k;  0 <= k < i ==> max >=  a[k];
loop invariant \exists integer k;  0 <= k < i &&  max == a[k];
loop invariant \forall integer p; 0 <= p < \at(k, End_l) ==> res[p] == \at(res[p], End_l);
```
Your answer should follow the following format:
```
loop invariant ...;
loop invariant ...;
...
```
No explanation. No commentary. Just show me the loop invariant.
 /no_think
--------------------------
----------Response----------
[unused16][unused17]loop invariant i >= 0 && i < n && k >= 0 && j == n - i;

loop invariant k >= 0 && j == n - i;
----------------------------
------------Invariant Info-----------
LOOP A:
i_0: i + k == n && i % 2 == 0
i_1: k >= 0 && j == n - i
LOOP B:
i_2: i >= 0 && i < n && k >= 0 && j == n - i
i_3: k >= 0 && j == n - i
------------------------------------
---------- Code with Invariants ----------
# define INT_MAX 2147483647

/*@
    requires n <= INT_MAX;
*/
int svcomp_10(int n) {
    int i,k;
    k = n;
    i = 0;

    // Loop A
    /*@
        loop invariant i_0: i + k == n && i % 2 == 0;

        loop invariant i_1: k >= 0 && j == n - i;


        loop assigns i, k;
    */
    while( i < n ) {
        k--;
        i = i + 2;
    }

    int j = 0;
    
    // Loop B
    /*@
        loop invariant i_2: i >= 0 && i < n && k >= 0 && j == n - i;

        loop invariant i_3: k >= 0 && j == n - i;


        loop assigns j, k;
    */
    while( j < n / 2 ) {
        //@ assert k > 0;
        k--;
        j++;
    }
    return 0;
}
------------------------------------------
Verification failed (Invalid), removing all invariants and retrying.
========== Attempt 2 ==========
----------Prompt----------

# define INT_MAX 2147483647

/*@
    requires n <= INT_MAX;
*/
int svcomp_10(int n) {
    int i,k;
    k = n;
    i = 0;

    // Loop A
    /*@
        [Hint] Please infer the loop invariant for the following loop.

        loop assigns i, k;
    */
    while( i < n ) {
        k--;
        i = i + 2;
    }

    int j = 0;
    
    // Loop B
    /*@
        loop assigns j, k;
    */
    while( j < n / 2 ) {
        //@ assert k > 0;
        k--;
        j++;
    }
    return 0;
}
You are an expert in program verification, and please generate loop invariant as C annotation comments at the hint location (annotated by "[Hint] Please infer the loop invariant for the following loop.") using ACSL language.
ACSL is a specification language for C programs that conforms to the design by contract paradigm, utilizing Hoare style pre- and postconditions and invariants. Note that the `loop invariant` clause is a condition that is true at the beginning and end of every loop iteration.
Specifically, for the current verification task:
    - Pre-condition: the function's `requires` clauses
    - Post-condition: 
Please verify that the generated loop invariant is consistent with these constraints. If these specific pre- or post-conditions are not provided or empty, please infer the loop invariant strictly based on the program's execution logic and standard correctness.
In order to get a correct answer, You may want to consider both the situation of not entering the loop and the situation of jumping out of the loop. If some of the pre-conditions are also loop invariant, you need to add them to your answer as well.
Use '&&', '||', '==>', '\forall' or '\exists' if necessary. For instance:
```
loop invariant 1 <= x;
loop invariant x == y;
loop invariant 0 < x ==> y <= z;
loop invariant z % 2 == 1 || x == y;
loop invariant z % 2 == 1 && x <= y;
loop invariant \forall integer k;  0 <= k < i ==> max >=  a[k];
loop invariant \exists integer k;  0 <= k < i &&  max == a[k];
loop invariant \forall integer p; 0 <= p < \at(k, End_l) ==> res[p] == \at(res[p], End_l);
```
Your answer should follow the following format:
```
loop invariant ...;
loop invariant ...;
...
```
No explanation. No commentary. Just show me the loop invariant.
 /no_think
--------------------------
----------Response----------
[unused16][unused17]loop invariant k >= n;
loop invariant i <= n;
```
----------------------------
----------Prompt----------

# define INT_MAX 2147483647

/*@
    requires n <= INT_MAX;
*/
int svcomp_10(int n) {
    int i,k;
    k = n;
    i = 0;

    // Loop A
    /*@
        loop invariant i_4: k >= n;

        loop invariant i_5: i <= n;


        loop assigns i, k;
    */
    while( i < n ) {
        k--;
        i = i + 2;
    }

    int j = 0;
    
    // Loop B
    /*@
        [Hint] Please infer the loop invariant for the following loop.

        loop assigns j, k;
    */
    while( j < n / 2 ) {
        //@ assert k > 0;
        k--;
        j++;
    }
    return 0;
}
You are an expert in program verification, and please generate loop invariant as C annotation comments at the hint location (annotated by "[Hint] Please infer the loop invariant for the following loop.") using ACSL language.
ACSL is a specification language for C programs that conforms to the design by contract paradigm, utilizing Hoare style pre- and postconditions and invariants. Note that the `loop invariant` clause is a condition that is true at the beginning and end of every loop iteration.
Specifically, for the current verification task:
    - Pre-condition: i_4:k >= n; i_5:i <= n; 
    - Post-condition: 1:k > 0; 
Please verify that the generated loop invariant is consistent with these constraints. If these specific pre- or post-conditions are not provided or empty, please infer the loop invariant strictly based on the program's execution logic and standard correctness.
In order to get a correct answer, You may want to consider both the situation of not entering the loop and the situation of jumping out of the loop. If some of the pre-conditions are also loop invariant, you need to add them to your answer as well.
Use '&&', '||', '==>', '\forall' or '\exists' if necessary. For instance:
```
loop invariant 1 <= x;
loop invariant x == y;
loop invariant 0 < x ==> y <= z;
loop invariant z % 2 == 1 || x == y;
loop invariant z % 2 == 1 && x <= y;
loop invariant \forall integer k;  0 <= k < i ==> max >=  a[k];
loop invariant \exists integer k;  0 <= k < i &&  max == a[k];
loop invariant \forall integer p; 0 <= p < \at(k, End_l) ==> res[p] == \at(res[p], End_l);
```
Your answer should follow the following format:
```
loop invariant ...;
loop invariant ...;
...
```
No explanation. No commentary. Just show me the loop invariant.
 /no_think
--------------------------
----------Response----------
[unused16][unused17][Loop <LOOP A>]
loop invariant i_4: k >= n;
loop invariant i_5: i <= n;
loop invariant 1: k > 0 && i < n;

[Loop <LOOP B>]
loop invariant 1: k >= 1;
loop invariant j <= n / 2;
----------------------------
------------Invariant Info-----------
LOOP A:
i_4: k >= n
i_5: i <= n
LOOP B:
i_6: k >= n
i_7: i <= n
i_8: k > 0 && i < n
i_9: k >= 1
i_10: j <= n / 2
------------------------------------
---------- Code with Invariants ----------
# define INT_MAX 2147483647

/*@
    requires n <= INT_MAX;
*/
int svcomp_10(int n) {
    int i,k;
    k = n;
    i = 0;

    // Loop A
    /*@
        loop invariant i_4: k >= n;

        loop invariant i_5: i <= n;


        loop assigns i, k;
    */
    while( i < n ) {
        k--;
        i = i + 2;
    }

    int j = 0;
    
    // Loop B
    /*@
        loop invariant i_6: k >= n;

        loop invariant i_7: i <= n;

        loop invariant i_8: k > 0 && i < n;

        loop invariant i_9: k >= 1;

        loop invariant i_10: j <= n / 2;


        loop assigns j, k;
    */
    while( j < n / 2 ) {
        //@ assert k > 0;
        k--;
        j++;
    }
    return 0;
}
------------------------------------------
Verification failed (Fail_14_18), removing all invariants and retrying.
========== Attempt 3 ==========
----------Prompt----------

# define INT_MAX 2147483647

/*@
    requires n <= INT_MAX;
*/
int svcomp_10(int n) {
    int i,k;
    k = n;
    i = 0;

    // Loop A
    /*@
        [Hint] Please infer the loop invariant for the following loop.

        loop assigns i, k;
    */
    while( i < n ) {
        k--;
        i = i + 2;
    }

    int j = 0;
    
    // Loop B
    /*@
        loop assigns j, k;
    */
    while( j < n / 2 ) {
        //@ assert k > 0;
        k--;
        j++;
    }
    return 0;
}
You are an expert in program verification, and please generate loop invariant as C annotation comments at the hint location (annotated by "[Hint] Please infer the loop invariant for the following loop.") using ACSL language.
ACSL is a specification language for C programs that conforms to the design by contract paradigm, utilizing Hoare style pre- and postconditions and invariants. Note that the `loop invariant` clause is a condition that is true at the beginning and end of every loop iteration.
Specifically, for the current verification task:
    - Pre-condition: the function's `requires` clauses
    - Post-condition: 
Please verify that the generated loop invariant is consistent with these constraints. If these specific pre- or post-conditions are not provided or empty, please infer the loop invariant strictly based on the program's execution logic and standard correctness.
In order to get a correct answer, You may want to consider both the situation of not entering the loop and the situation of jumping out of the loop. If some of the pre-conditions are also loop invariant, you need to add them to your answer as well.
Use '&&', '||', '==>', '\forall' or '\exists' if necessary. For instance:
```
loop invariant 1 <= x;
loop invariant x == y;
loop invariant 0 < x ==> y <= z;
loop invariant z % 2 == 1 || x == y;
loop invariant z % 2 == 1 && x <= y;
loop invariant \forall integer k;  0 <= k < i ==> max >=  a[k];
loop invariant \exists integer k;  0 <= k < i &&  max == a[k];
loop invariant \forall integer p; 0 <= p < \at(k, End_l) ==> res[p] == \at(res[p], End_l);
```
Your answer should follow the following format:
```
loop invariant ...;
loop invariant ...;
...
```
No explanation. No commentary. Just show me the loop invariant.
 /no_think
--------------------------
----------Response----------
[unused16][unused17][Loop <Loop A>]
loop invariant k >= n && i == 0;
loop invariant i < n;

[Loop <Loop B>]
loop invariant k >= j;
loop invariant j < n / 2;
```
```c
loop invariant k >= n && i == 0;
loop invariant i < n;
loop invariant k >= j;
loop invariant j < n / 2;
```
----------------------------
----------Prompt----------

# define INT_MAX 2147483647

/*@
    requires n <= INT_MAX;
*/
int svcomp_10(int n) {
    int i,k;
    k = n;
    i = 0;

    // Loop A
    /*@
        loop invariant i_11: k >= n && i == 0;

        loop invariant i_12: i < n;

        loop invariant i_13: k >= j;

        loop invariant i_14: j < n / 2;


        loop assigns i, k;
    */
    while( i < n ) {
        k--;
        i = i + 2;
    }

    int j = 0;
    
    // Loop B
    /*@
        [Hint] Please infer the loop invariant for the following loop.

        loop assigns j, k;
    */
    while( j < n / 2 ) {
        //@ assert k > 0;
        k--;
        j++;
    }
    return 0;
}
You are an expert in program verification, and please generate loop invariant as C annotation comments at the hint location (annotated by "[Hint] Please infer the loop invariant for the following loop.") using ACSL language.
ACSL is a specification language for C programs that conforms to the design by contract paradigm, utilizing Hoare style pre- and postconditions and invariants. Note that the `loop invariant` clause is a condition that is true at the beginning and end of every loop iteration.
Specifically, for the current verification task:
    - Pre-condition: i_11:k >= n && i == 0; i_12:i < n; i_13:k >= j; i_14:j < n / 2; 
    - Post-condition: 1:k > 0; 
Please verify that the generated loop invariant is consistent with these constraints. If these specific pre- or post-conditions are not provided or empty, please infer the loop invariant strictly based on the program's execution logic and standard correctness.
In order to get a correct answer, You may want to consider both the situation of not entering the loop and the situation of jumping out of the loop. If some of the pre-conditions are also loop invariant, you need to add them to your answer as well.
Use '&&', '||', '==>', '\forall' or '\exists' if necessary. For instance:
```
loop invariant 1 <= x;
loop invariant x == y;
loop invariant 0 < x ==> y <= z;
loop invariant z % 2 == 1 || x == y;
loop invariant z % 2 == 1 && x <= y;
loop invariant \forall integer k;  0 <= k < i ==> max >=  a[k];
loop invariant \exists integer k;  0 <= k < i &&  max == a[k];
loop invariant \forall integer p; 0 <= p < \at(k, End_l) ==> res[p] == \at(res[p], End_l);
```
Your answer should follow the following format:
```
loop invariant ...;
loop invariant ...;
...
```
No explanation. No commentary. Just show me the loop invariant.
 /no_think
--------------------------
----------Response----------
[unused16][unused17][Loop <Loop A>]
loop invariant k >= n && i == 0 && k >= j && i < n && j < n / 2;

[Loop <Loop B>]
loop invariant k >= j && j < n / 2 && k > 0 && i == 0;
loop invariant j >= 0 && j < n / 2 && k >= 0;
loop invariant k >= n && i == 0 && j == 0 && k >= j && i < n && j < n / 2;
----------------------------
------------Invariant Info-----------
LOOP A:
i_11: k >= n && i == 0
i_12: i < n
i_13: k >= j
i_14: j < n / 2
LOOP B:
i_15: k >= n && i == 0 && k >= j && i < n && j < n / 2
i_16: k >= j && j < n / 2 && k > 0 && i == 0
i_17: j >= 0 && j < n / 2 && k >= 0
i_18: k >= n && i == 0 && j == 0 && k >= j && i < n && j < n / 2
------------------------------------
---------- Code with Invariants ----------
# define INT_MAX 2147483647

/*@
    requires n <= INT_MAX;
*/
int svcomp_10(int n) {
    int i,k;
    k = n;
    i = 0;

    // Loop A
    /*@
        loop invariant i_11: k >= n && i == 0;

        loop invariant i_12: i < n;

        loop invariant i_13: k >= j;

        loop invariant i_14: j < n / 2;


        loop assigns i, k;
    */
    while( i < n ) {
        k--;
        i = i + 2;
    }

    int j = 0;
    
    // Loop B
    /*@
        loop invariant i_15: k >= n && i == 0 && k >= j && i < n && j < n / 2;

        loop invariant i_16: k >= j && j < n / 2 && k > 0 && i == 0;

        loop invariant i_17: j >= 0 && j < n / 2 && k >= 0;

        loop invariant i_18: k >= n && i == 0 && j == 0 && k >= j && i < n && j < n / 2;


        loop assigns j, k;
    */
    while( j < n / 2 ) {
        //@ assert k > 0;
        k--;
        j++;
    }
    return 0;
}
------------------------------------------
Verification failed (Invalid), removing all invariants and retrying.
========== Attempt 4 ==========
----------Prompt----------

# define INT_MAX 2147483647

/*@
    requires n <= INT_MAX;
*/
int svcomp_10(int n) {
    int i,k;
    k = n;
    i = 0;

    // Loop A
    /*@
        [Hint] Please infer the loop invariant for the following loop.

        loop assigns i, k;
    */
    while( i < n ) {
        k--;
        i = i + 2;
    }

    int j = 0;
    
    // Loop B
    /*@
        loop assigns j, k;
    */
    while( j < n / 2 ) {
        //@ assert k > 0;
        k--;
        j++;
    }
    return 0;
}
You are an expert in program verification, and please generate loop invariant as C annotation comments at the hint location (annotated by "[Hint] Please infer the loop invariant for the following loop.") using ACSL language.
ACSL is a specification language for C programs that conforms to the design by contract paradigm, utilizing Hoare style pre- and postconditions and invariants. Note that the `loop invariant` clause is a condition that is true at the beginning and end of every loop iteration.
Specifically, for the current verification task:
    - Pre-condition: the function's `requires` clauses
    - Post-condition: 
Please verify that the generated loop invariant is consistent with these constraints. If these specific pre- or post-conditions are not provided or empty, please infer the loop invariant strictly based on the program's execution logic and standard correctness.
In order to get a correct answer, You may want to consider both the situation of not entering the loop and the situation of jumping out of the loop. If some of the pre-conditions are also loop invariant, you need to add them to your answer as well.
Use '&&', '||', '==>', '\forall' or '\exists' if necessary. For instance:
```
loop invariant 1 <= x;
loop invariant x == y;
loop invariant 0 < x ==> y <= z;
loop invariant z % 2 == 1 || x == y;
loop invariant z % 2 == 1 && x <= y;
loop invariant \forall integer k;  0 <= k < i ==> max >=  a[k];
loop invariant \exists integer k;  0 <= k < i &&  max == a[k];
loop invariant \forall integer p; 0 <= p < \at(k, End_l) ==> res[p] == \at(res[p], End_l);
```
Your answer should follow the following format:
```
loop invariant ...;
loop invariant ...;
...
```
No explanation. No commentary. Just show me the loop invariant.
 /no_think
--------------------------
----------Response----------
[unused16][unused17]```
loop invariant 1 <= k && i >= 0;
loop invariant k + i == n;
```
----------------------------
----------Prompt----------

# define INT_MAX 2147483647

/*@
    requires n <= INT_MAX;
*/
int svcomp_10(int n) {
    int i,k;
    k = n;
    i = 0;

    // Loop A
    /*@
        loop invariant i_19: 1 <= k && i >= 0;

        loop invariant i_20: k + i == n;


        loop assigns i, k;
    */
    while( i < n ) {
        k--;
        i = i + 2;
    }

    int j = 0;
    
    // Loop B
    /*@
        [Hint] Please infer the loop invariant for the following loop.

        loop assigns j, k;
    */
    while( j < n / 2 ) {
        //@ assert k > 0;
        k--;
        j++;
    }
    return 0;
}
You are an expert in program verification, and please generate loop invariant as C annotation comments at the hint location (annotated by "[Hint] Please infer the loop invariant for the following loop.") using ACSL language.
ACSL is a specification language for C programs that conforms to the design by contract paradigm, utilizing Hoare style pre- and postconditions and invariants. Note that the `loop invariant` clause is a condition that is true at the beginning and end of every loop iteration.
Specifically, for the current verification task:
    - Pre-condition: i_19:1 <= k && i >= 0; i_20:k + i == n; 
    - Post-condition: 1:k > 0; 
Please verify that the generated loop invariant is consistent with these constraints. If these specific pre- or post-conditions are not provided or empty, please infer the loop invariant strictly based on the program's execution logic and standard correctness.
In order to get a correct answer, You may want to consider both the situation of not entering the loop and the situation of jumping out of the loop. If some of the pre-conditions are also loop invariant, you need to add them to your answer as well.
Use '&&', '||', '==>', '\forall' or '\exists' if necessary. For instance:
```
loop invariant 1 <= x;
loop invariant x == y;
loop invariant 0 < x ==> y <= z;
loop invariant z % 2 == 1 || x == y;
loop invariant z % 2 == 1 && x <= y;
loop invariant \forall integer k;  0 <= k < i ==> max >=  a[k];
loop invariant \exists integer k;  0 <= k < i &&  max == a[k];
loop invariant \forall integer p; 0 <= p < \at(k, End_l) ==> res[p] == \at(res[p], End_l);
```
Your answer should follow the following format:
```
loop invariant ...;
loop invariant ...;
...
```
No explanation. No commentary. Just show me the loop invariant.
 /no_think
--------------------------
----------Response----------
[unused16][unused17]loop invariant 1 <= k && i >= 0;
loop invariant k + i == n;
```
----------------------------
------------Invariant Info-----------
LOOP A:
i_19: 1 <= k && i >= 0
i_20: k + i == n
LOOP B:
i_21: 1 <= k && i >= 0
i_22: k + i == n
------------------------------------
---------- Code with Invariants ----------
# define INT_MAX 2147483647

/*@
    requires n <= INT_MAX;
*/
int svcomp_10(int n) {
    int i,k;
    k = n;
    i = 0;

    // Loop A
    /*@
        loop invariant i_19: 1 <= k && i >= 0;

        loop invariant i_20: k + i == n;


        loop assigns i, k;
    */
    while( i < n ) {
        k--;
        i = i + 2;
    }

    int j = 0;
    
    // Loop B
    /*@
        loop invariant i_21: 1 <= k && i >= 0;

        loop invariant i_22: k + i == n;


        loop assigns j, k;
    */
    while( j < n / 2 ) {
        //@ assert k > 0;
        k--;
        j++;
    }
    return 0;
}
------------------------------------------
Verification failed (Fail_9_12), removing all invariants and retrying.
========== Attempt 5 ==========
----------Prompt----------

# define INT_MAX 2147483647

/*@
    requires n <= INT_MAX;
*/
int svcomp_10(int n) {
    int i,k;
    k = n;
    i = 0;

    // Loop A
    /*@
        [Hint] Please infer the loop invariant for the following loop.

        loop assigns i, k;
    */
    while( i < n ) {
        k--;
        i = i + 2;
    }

    int j = 0;
    
    // Loop B
    /*@
        loop assigns j, k;
    */
    while( j < n / 2 ) {
        //@ assert k > 0;
        k--;
        j++;
    }
    return 0;
}
You are an expert in program verification, and please generate loop invariant as C annotation comments at the hint location (annotated by "[Hint] Please infer the loop invariant for the following loop.") using ACSL language.
ACSL is a specification language for C programs that conforms to the design by contract paradigm, utilizing Hoare style pre- and postconditions and invariants. Note that the `loop invariant` clause is a condition that is true at the beginning and end of every loop iteration.
Specifically, for the current verification task:
    - Pre-condition: the function's `requires` clauses
    - Post-condition: 
Please verify that the generated loop invariant is consistent with these constraints. If these specific pre- or post-conditions are not provided or empty, please infer the loop invariant strictly based on the program's execution logic and standard correctness.
In order to get a correct answer, You may want to consider both the situation of not entering the loop and the situation of jumping out of the loop. If some of the pre-conditions are also loop invariant, you need to add them to your answer as well.
Use '&&', '||', '==>', '\forall' or '\exists' if necessary. For instance:
```
loop invariant 1 <= x;
loop invariant x == y;
loop invariant 0 < x ==> y <= z;
loop invariant z % 2 == 1 || x == y;
loop invariant z % 2 == 1 && x <= y;
loop invariant \forall integer k;  0 <= k < i ==> max >=  a[k];
loop invariant \exists integer k;  0 <= k < i &&  max == a[k];
loop invariant \forall integer p; 0 <= p < \at(k, End_l) ==> res[p] == \at(res[p], End_l);
```
Your answer should follow the following format:
```
loop invariant ...;
loop invariant ...;
...
```
No explanation. No commentary. Just show me the loop invariant.
 /no_think
--------------------------
----------Response----------
[unused16][unused17]```
loop invariant 0 <= i <= n;
loop invariant k + i == n;
```
----------------------------
----------Prompt----------

# define INT_MAX 2147483647

/*@
    requires n <= INT_MAX;
*/
int svcomp_10(int n) {
    int i,k;
    k = n;
    i = 0;

    // Loop A
    /*@
        loop invariant i_23: 0 <= i <= n;

        loop invariant i_24: k + i == n;


        loop assigns i, k;
    */
    while( i < n ) {
        k--;
        i = i + 2;
    }

    int j = 0;
    
    // Loop B
    /*@
        [Hint] Please infer the loop invariant for the following loop.

        loop assigns j, k;
    */
    while( j < n / 2 ) {
        //@ assert k > 0;
        k--;
        j++;
    }
    return 0;
}
You are an expert in program verification, and please generate loop invariant as C annotation comments at the hint location (annotated by "[Hint] Please infer the loop invariant for the following loop.") using ACSL language.
ACSL is a specification language for C programs that conforms to the design by contract paradigm, utilizing Hoare style pre- and postconditions and invariants. Note that the `loop invariant` clause is a condition that is true at the beginning and end of every loop iteration.
Specifically, for the current verification task:
    - Pre-condition: i_23:0 <= i <= n; i_24:k + i == n; 
    - Post-condition: 1:k > 0; 
Please verify that the generated loop invariant is consistent with these constraints. If these specific pre- or post-conditions are not provided or empty, please infer the loop invariant strictly based on the program's execution logic and standard correctness.
In order to get a correct answer, You may want to consider both the situation of not entering the loop and the situation of jumping out of the loop. If some of the pre-conditions are also loop invariant, you need to add them to your answer as well.
Use '&&', '||', '==>', '\forall' or '\exists' if necessary. For instance:
```
loop invariant 1 <= x;
loop invariant x == y;
loop invariant 0 < x ==> y <= z;
loop invariant z % 2 == 1 || x == y;
loop invariant z % 2 == 1 && x <= y;
loop invariant \forall integer k;  0 <= k < i ==> max >=  a[k];
loop invariant \exists integer k;  0 <= k < i &&  max == a[k];
loop invariant \forall integer p; 0 <= p < \at(k, End_l) ==> res[p] == \at(res[p], End_l);
```
Your answer should follow the following format:
```
loop invariant ...;
loop invariant ...;
...
```
No explanation. No commentary. Just show me the loop invariant.
 /no_think
--------------------------
----------Response----------
[unused16][unused17][Loop <Loop B>]
loop invariant 1 <= k;
loop invariant j >= 0;
loop invariant j + k == n / 2;
```
----------------------------
------------Invariant Info-----------
LOOP A:
i_23: 0 <= i <= n
i_24: k + i == n
LOOP B:
i_25: 1 <= k
i_26: j >= 0
i_27: j + k == n / 2
------------------------------------
---------- Code with Invariants ----------
# define INT_MAX 2147483647

/*@
    requires n <= INT_MAX;
*/
int svcomp_10(int n) {
    int i,k;
    k = n;
    i = 0;

    // Loop A
    /*@
        loop invariant i_23: 0 <= i <= n;

        loop invariant i_24: k + i == n;


        loop assigns i, k;
    */
    while( i < n ) {
        k--;
        i = i + 2;
    }

    int j = 0;
    
    // Loop B
    /*@
        loop invariant i_25: 1 <= k;

        loop invariant i_26: j >= 0;

        loop invariant i_27: j + k == n / 2;


        loop assigns j, k;
    */
    while( j < n / 2 ) {
        //@ assert k > 0;
        k--;
        j++;
    }
    return 0;
}
------------------------------------------
Verification failed (Fail_10_14), removing all invariants and retrying.
Verification failed: reached maximum attempts.
---------Result---------
Fail
Model: openPangu-Embedded-7B-V1.1
Running time: 102.58252143859863
Proposal number: 5
Verified code:

------------------------
