-----------Model-----------
Model type:
PanguEmbeddedForCausalLM(
  (model): PanguEmbeddedModel(
    (embed_tokens): Embedding(153376, 4096, padding_idx=0)
    (layers): ModuleList(
      (0-33): 34 x PanguEmbeddedDecoderLayer(
        (self_attn): PanguEmbeddedAttention(
          (q_proj): Linear(in_features=4096, out_features=4096, bias=True)
          (k_proj): Linear(in_features=4096, out_features=1024, bias=True)
          (v_proj): Linear(in_features=4096, out_features=1024, bias=True)
          (o_proj): Linear(in_features=4096, out_features=4096, bias=True)
        )
        (mlp): PanguEmbeddedMLP(
          (gate_proj): Linear(in_features=4096, out_features=12800, bias=False)
          (up_proj): Linear(in_features=4096, out_features=12800, bias=False)
          (down_proj): Linear(in_features=12800, out_features=4096, bias=False)
          (act_fn): SiLU()
        )
        (input_layernorm): PanguEmbeddedRMSNorm((4096,), eps=1e-05)
        (post_attention_layernorm): PanguEmbeddedRMSNorm((4096,), eps=1e-05)
      )
    )
    (norm): PanguEmbeddedRMSNorm((4096,), eps=1e-05)
    (rotary_emb): PanguEmbeddedRotaryEmbedding()
  )
  (lm_head): Linear(in_features=4096, out_features=153376, bias=False)
)
Model device:
npu:1
---------------------------
File Path: ../Benchmark/SVCOMP/svcomp_17.c
----------Code----------
# define INT_MAX 2147483647
# define INT_MIN -2147483648
/*@
    requires INT_MIN < n && n < INT_MAX;
    requires INT_MIN < m && m < INT_MAX;
    requires INT_MIN < l && l < INT_MAX;
*/
int svcomp_17(int n, int m , int l) {
    int i, j, k;

    if(3 * n <= m + l); else goto END;
    
    /*@
        loop assigns k;
        loop assigns j;
        loop assigns i;
    */
    for (i=0;i<n;i++)
        /*@
            loop assigns k;
            loop assigns j;
            loop assigns i;
        */
        for (j = 2*i;j<3*i;j++)
            /*@
                loop assigns k;
            */
            for (k = i; k< j; k++) {
                //@ assert k-i <= 2*n ;
            }
END:
    return 0;
}
------------------------
----------Prompt----------

# define INT_MAX 2147483647
# define INT_MIN -2147483648
/*@
    requires INT_MIN < n && n < INT_MAX;
    requires INT_MIN < m && m < INT_MAX;
    requires INT_MIN < l && l < INT_MAX;
*/
int svcomp_17(int n, int m , int l) {
    int i, j, k;

    if(3 * n <= m + l); else goto END;
    
    // Loop A
    /*@
        [Hint] Please infer the loop invariant for the following loop.

        loop assigns k;
        loop assigns j;
        loop assigns i;
    */
    for (i=0;i<n;i++)
        /*@
            loop assigns k;
            loop assigns j;
            loop assigns i;
        */
        for (j = 2*i;j<3*i;j++)
            /*@
                loop assigns k;
            */
            for (k = i; k< j; k++) {
                //@ assert k-i <= 2*n ;
            }
END:
    return 0;
}
You are an expert in program verification, and please generate loop invariant as C annotation comments at the hint location (annotated by "[Hint] Please infer the loop invariant for the following loop.") using ACSL language.
ACSL is a specification language for C programs that conforms to the design by contract paradigm, utilizing Hoare style pre- and postconditions and invariants. Note that the `loop invariant` clause is a condition that is true at the beginning and end of every loop iteration.
Specifically, for the current verification task:
    - Pre-condition: the function's `requires` clauses
    - Post-condition: 1:k-i <= 2*n; 
Please verify that the generated loop invariant is consistent with these constraints. If these specific pre- or post-conditions are not provided or empty, please infer the loop invariant strictly based on the program's execution logic and standard correctness.
In order to get a correct answer, You may want to consider both the situation of not entering the loop and the situation of jumping out of the loop. If some of the pre-conditions are also loop invariant, you need to add them to your answer as well.
Use '&&', '||', '==>', '\forall' or '\exists' if necessary. For instance:
```
loop invariant 1 <= x;
loop invariant x == y;
loop invariant 0 < x ==> y <= z;
loop invariant z % 2 == 1 || x == y;
loop invariant z % 2 == 1 && x <= y;
loop invariant \forall integer k;  0 <= k < i ==> max >=  a[k];
loop invariant \exists integer k;  0 <= k < i &&  max == a[k];
loop invariant \forall integer p; 0 <= p < \at(k, End_l) ==> res[p] == \at(res[p], End_l);
```
Your answer should follow the following format:
```
loop invariant ...;
loop invariant ...;
...
```
No explanation. No commentary. Just show me the loop invariant.
 /no_think
--------------------------
----------Response----------
[unused16][unused17]loop invariant 3 * n <= m + l;
loop invariant i >= 0 && i < n;
loop invariant j >= 2 * i && j < 3 * i;
loop invariant k >= i && k < j;
loop invariant k - i <= 2 * n;
----------------------------
------------Invariant Info-----------
LOOP A:
i_0: 3 * n <= m + l
i_1: i >= 0 && i < n
i_2: j >= 2 * i && j < 3 * i
i_3: k >= i && k < j
i_4: k - i <= 2 * n
------------------------------------
----------Code with Invariants----------
# define INT_MAX 2147483647
# define INT_MIN -2147483648
/*@
    requires INT_MIN < n && n < INT_MAX;
    requires INT_MIN < m && m < INT_MAX;
    requires INT_MIN < l && l < INT_MAX;
*/
int svcomp_17(int n, int m , int l) {
    int i, j, k;

    if(3 * n <= m + l); else goto END;
    
    // Loop A
    /*@
        loop invariant i_0: 3 * n <= m + l;

        loop invariant i_1: i >= 0 && i < n;

        loop invariant i_2: j >= 2 * i && j < 3 * i;

        loop invariant i_3: k >= i && k < j;

        loop invariant i_4: k - i <= 2 * n;


        loop assigns k;
        loop assigns j;
        loop assigns i;
    */
    for (i=0;i<n;i++)
        /*@
            loop assigns k;
            loop assigns j;
            loop assigns i;
        */
        for (j = 2*i;j<3*i;j++)
            /*@
                loop assigns k;
            */
            for (k = i; k< j; k++) {
                //@ assert k-i <= 2*n ;
            }
END:
    return 0;
}
----------------------------------------
----------Begin Revise----------
-------------Establishment_requires: i_2: establishment---------------
----------Prompt----------

# define INT_MAX 2147483647
# define INT_MIN -2147483648
/*@
    requires INT_MIN < n && n < INT_MAX;
    requires INT_MIN < m && m < INT_MAX;
    requires INT_MIN < l && l < INT_MAX;
*/
int svcomp_17(int n, int m , int l) {
    int i, j, k;

    if(3 * n <= m + l); else goto END;
    
    // Loop A
    /*@
        [Hint] Loop invariant j >= 2 * i && j < 3 * i too strong initially. Relax it.

        loop invariant i_0: 3 * n <= m + l;

        loop invariant i_1: i >= 0 && i < n;

        loop invariant i_2: j >= 2 * i && j < 3 * i;

        loop invariant i_3: k >= i && k < j;

        loop invariant i_4: k - i <= 2 * n;


        loop assigns k;
        loop assigns j;
        loop assigns i;
    */
    for (i=0;i<n;i++)
        /*@
            loop assigns k;
            loop assigns j;
            loop assigns i;
        */
        for (j = 2*i;j<3*i;j++)
            /*@
                loop assigns k;
            */
            for (k = i; k< j; k++) {
                //@ assert k-i <= 2*n ;
            }
END:
    return 0;
}
You are an expert in deductive program verification using ACSL and Frama-C.
The following loop invariant of the loop labeled "A" cannot be established from the function's `requires` clauses:
[Unprovable Initial Invariant] j >= 2 * i && j < 3 * i
This means the loop invariant is too strong at the loop entry, violating the establishment condition of loop correctness.  
Your task is to relax or weaken the loop invariant at the position marked by: "[Hint] Loop invariant too strong initially. Relax it."
IMPORTANT RULES:
1. The relaxed invariants must still hold:
   - Establishment: They must be provable solely from the function's requires clauses and the program state before entering the loop.
   - Preservation: after executing the loop body exactly once, the invariant still holds.
   - Zero-iteration case: the invariant is valid even if the loop never executes.
2. Do NOT restate or print any of the existing loop invariants.  
   Only output the modified (weakened) invariants necessary to make the establishment step succeed.
3. Your answer must be solely in the form:
   ```
   loop invariant ...;
   loop invariant ...;
   ...
   ```
4. All invariants must follow ACSL syntax and be valid loop invariants.
5. No explanation. No commentary. Just show me the loop invariant.
 /no_think
--------------------------
----------Response----------
[unused16][unused17]```
loop invariant i_0: 3 * n <= m + l;
loop invariant i_1: i >= 0 && i < n;
loop invariant i_2: j >= 2 * i && j < 3 * i;
loop invariant i_3: k >= i && k < j;
```
----------------------------
-------------Establishment_requires: i_1: establishment---------------
----------Prompt----------

# define INT_MAX 2147483647
# define INT_MIN -2147483648
/*@
    requires INT_MIN < n && n < INT_MAX;
    requires INT_MIN < m && m < INT_MAX;
    requires INT_MIN < l && l < INT_MAX;
*/
int svcomp_17(int n, int m , int l) {
    int i, j, k;

    if(3 * n <= m + l); else goto END;
    
    // Loop A
    /*@
        [Hint] Loop invariant i >= 0 && i < n too strong initially. Relax it.

        loop invariant i_0: 3 * n <= m + l;

        loop invariant i_1: i >= 0 && i < n;

        loop invariant i_2: j >= 2 * i && j < 3 * i;

        loop invariant i_3: k >= i && k < j;

        loop invariant i_4: k - i <= 2 * n;


        loop assigns k;
        loop assigns j;
        loop assigns i;
    */
    for (i=0;i<n;i++)
        /*@
            loop assigns k;
            loop assigns j;
            loop assigns i;
        */
        for (j = 2*i;j<3*i;j++)
            /*@
                loop assigns k;
            */
            for (k = i; k< j; k++) {
                //@ assert k-i <= 2*n ;
            }
END:
    return 0;
}
You are an expert in deductive program verification using ACSL and Frama-C.
The following loop invariant of the loop labeled "A" cannot be established from the function's `requires` clauses:
[Unprovable Initial Invariant] i >= 0 && i < n
This means the loop invariant is too strong at the loop entry, violating the establishment condition of loop correctness.  
Your task is to relax or weaken the loop invariant at the position marked by: "[Hint] Loop invariant too strong initially. Relax it."
IMPORTANT RULES:
1. The relaxed invariants must still hold:
   - Establishment: They must be provable solely from the function's requires clauses and the program state before entering the loop.
   - Preservation: after executing the loop body exactly once, the invariant still holds.
   - Zero-iteration case: the invariant is valid even if the loop never executes.
2. Do NOT restate or print any of the existing loop invariants.  
   Only output the modified (weakened) invariants necessary to make the establishment step succeed.
3. Your answer must be solely in the form:
   ```
   loop invariant ...;
   loop invariant ...;
   ...
   ```
4. All invariants must follow ACSL syntax and be valid loop invariants.
5. No explanation. No commentary. Just show me the loop invariant.
 /no_think
--------------------------
----------Response----------
[unused16][unused17]loop invariant 3 * n <= m + l;  
loop invariant i >= 0 && i < n;  
loop invariant j >= 2 * i && j < 3 * i;  
loop invariant k >= i && k < j;  
loop invariant k - i <= 2 * n;
----------------------------
--------------------------------
------------Invariant Info-----------
LOOP A:
i_0: 3 * n <= m + l
i_1: i >= 0 && i < n
i_2: j >= 2 * i && j < 3 * i
i_3: k >= i && k < j
i_4: k - i <= 2 * n
------------------------------------
----------Code with Invariants----------
# define INT_MAX 2147483647
# define INT_MIN -2147483648
/*@
    requires INT_MIN < n && n < INT_MAX;
    requires INT_MIN < m && m < INT_MAX;
    requires INT_MIN < l && l < INT_MAX;
*/
int svcomp_17(int n, int m , int l) {
    int i, j, k;

    if(3 * n <= m + l); else goto END;
    
    // Loop A
    /*@
        loop invariant i_0: 3 * n <= m + l;

        loop invariant i_1: i >= 0 && i < n;

        loop invariant i_2: j >= 2 * i && j < 3 * i;

        loop invariant i_3: k >= i && k < j;

        loop invariant i_4: k - i <= 2 * n;


        loop assigns k;
        loop assigns j;
        loop assigns i;
    */
    for (i=0;i<n;i++)
        /*@
            loop assigns k;
            loop assigns j;
            loop assigns i;
        */
        for (j = 2*i;j<3*i;j++)
            /*@
                loop assigns k;
            */
            for (k = i; k< j; k++) {
                //@ assert k-i <= 2*n ;
            }
END:
    return 0;
}
----------------------------------------
----------Begin Revise----------
-------------Establishment_requires: i_2: establishment---------------
----------Prompt----------

# define INT_MAX 2147483647
# define INT_MIN -2147483648
/*@
    requires INT_MIN < n && n < INT_MAX;
    requires INT_MIN < m && m < INT_MAX;
    requires INT_MIN < l && l < INT_MAX;
*/
int svcomp_17(int n, int m , int l) {
    int i, j, k;

    if(3 * n <= m + l); else goto END;
    
    // Loop A
    /*@
        [Hint] Loop invariant j >= 2 * i && j < 3 * i too strong initially. Relax it.

        loop invariant i_0: 3 * n <= m + l;

        loop invariant i_1: i >= 0 && i < n;

        loop invariant i_2: j >= 2 * i && j < 3 * i;

        loop invariant i_3: k >= i && k < j;

        loop invariant i_4: k - i <= 2 * n;


        loop assigns k;
        loop assigns j;
        loop assigns i;
    */
    for (i=0;i<n;i++)
        /*@
            loop assigns k;
            loop assigns j;
            loop assigns i;
        */
        for (j = 2*i;j<3*i;j++)
            /*@
                loop assigns k;
            */
            for (k = i; k< j; k++) {
                //@ assert k-i <= 2*n ;
            }
END:
    return 0;
}
You are an expert in deductive program verification using ACSL and Frama-C.
The following loop invariant of the loop labeled "A" cannot be established from the function's `requires` clauses:
[Unprovable Initial Invariant] j >= 2 * i && j < 3 * i
This means the loop invariant is too strong at the loop entry, violating the establishment condition of loop correctness.  
Your task is to relax or weaken the loop invariant at the position marked by: "[Hint] Loop invariant too strong initially. Relax it."
IMPORTANT RULES:
1. The relaxed invariants must still hold:
   - Establishment: They must be provable solely from the function's requires clauses and the program state before entering the loop.
   - Preservation: after executing the loop body exactly once, the invariant still holds.
   - Zero-iteration case: the invariant is valid even if the loop never executes.
2. Do NOT restate or print any of the existing loop invariants.  
   Only output the modified (weakened) invariants necessary to make the establishment step succeed.
3. Your answer must be solely in the form:
   ```
   loop invariant ...;
   loop invariant ...;
   ...
   ```
4. All invariants must follow ACSL syntax and be valid loop invariants.
5. No explanation. No commentary. Just show me the loop invariant.
 /no_think
--------------------------
----------Response----------
[unused16][unused17]```
loop invariant i_0: 3 * n <= m + l;
loop invariant i_1: i >= 0 && i < n;
loop invariant i_2: j >= i;
loop invariant i_3: j < n + 1;
```
----------------------------
-------------Establishment_requires: i_1: establishment---------------
----------Prompt----------

# define INT_MAX 2147483647
# define INT_MIN -2147483648
/*@
    requires INT_MIN < n && n < INT_MAX;
    requires INT_MIN < m && m < INT_MAX;
    requires INT_MIN < l && l < INT_MAX;
*/
int svcomp_17(int n, int m , int l) {
    int i, j, k;

    if(3 * n <= m + l); else goto END;
    
    // Loop A
    /*@
        [Hint] Loop invariant i >= 0 && i < n too strong initially. Relax it.

        loop invariant i_0: 3 * n <= m + l;

        loop invariant i_1: i >= 0 && i < n;

        loop invariant i_2: j >= 2 * i && j < 3 * i;

        loop invariant i_3: k >= i && k < j;

        loop invariant i_4: k - i <= 2 * n;

        loop invariant i_5: j >= i;

        loop invariant i_6: j < n + 1;


        loop assigns k;
        loop assigns j;
        loop assigns i;
    */
    for (i=0;i<n;i++)
        /*@
            loop assigns k;
            loop assigns j;
            loop assigns i;
        */
        for (j = 2*i;j<3*i;j++)
            /*@
                loop assigns k;
            */
            for (k = i; k< j; k++) {
                //@ assert k-i <= 2*n ;
            }
END:
    return 0;
}
You are an expert in deductive program verification using ACSL and Frama-C.
The following loop invariant of the loop labeled "A" cannot be established from the function's `requires` clauses:
[Unprovable Initial Invariant] i >= 0 && i < n
This means the loop invariant is too strong at the loop entry, violating the establishment condition of loop correctness.  
Your task is to relax or weaken the loop invariant at the position marked by: "[Hint] Loop invariant too strong initially. Relax it."
IMPORTANT RULES:
1. The relaxed invariants must still hold:
   - Establishment: They must be provable solely from the function's requires clauses and the program state before entering the loop.
   - Preservation: after executing the loop body exactly once, the invariant still holds.
   - Zero-iteration case: the invariant is valid even if the loop never executes.
2. Do NOT restate or print any of the existing loop invariants.  
   Only output the modified (weakened) invariants necessary to make the establishment step succeed.
3. Your answer must be solely in the form:
   ```
   loop invariant ...;
   loop invariant ...;
   ...
   ```
4. All invariants must follow ACSL syntax and be valid loop invariants.
5. No explanation. No commentary. Just show me the loop invariant.
 /no_think
--------------------------
----------Response----------
[unused16][unused17]```
loop invariant i_0: 3 * n <= m + l;
```
----------------------------
--------------------------------
------------Invariant Info-----------
LOOP A:
i_0: 3 * n <= m + l
i_1: i >= 0 && i < n
i_2: j >= 2 * i && j < 3 * i
i_3: k >= i && k < j
i_4: k - i <= 2 * n
i_5: j >= i
i_6: j < n + 1
------------------------------------
----------Code with Invariants----------
# define INT_MAX 2147483647
# define INT_MIN -2147483648
/*@
    requires INT_MIN < n && n < INT_MAX;
    requires INT_MIN < m && m < INT_MAX;
    requires INT_MIN < l && l < INT_MAX;
*/
int svcomp_17(int n, int m , int l) {
    int i, j, k;

    if(3 * n <= m + l); else goto END;
    
    // Loop A
    /*@
        loop invariant i_0: 3 * n <= m + l;

        loop invariant i_1: i >= 0 && i < n;

        loop invariant i_2: j >= 2 * i && j < 3 * i;

        loop invariant i_3: k >= i && k < j;

        loop invariant i_4: k - i <= 2 * n;

        loop invariant i_5: j >= i;

        loop invariant i_6: j < n + 1;


        loop assigns k;
        loop assigns j;
        loop assigns i;
    */
    for (i=0;i<n;i++)
        /*@
            loop assigns k;
            loop assigns j;
            loop assigns i;
        */
        for (j = 2*i;j<3*i;j++)
            /*@
                loop assigns k;
            */
            for (k = i; k< j; k++) {
                //@ assert k-i <= 2*n ;
            }
END:
    return 0;
}
----------------------------------------
----------Begin Revise----------
-------------Establishment_requires: i_1: establishment---------------
----------Prompt----------

# define INT_MAX 2147483647
# define INT_MIN -2147483648
/*@
    requires INT_MIN < n && n < INT_MAX;
    requires INT_MIN < m && m < INT_MAX;
    requires INT_MIN < l && l < INT_MAX;
*/
int svcomp_17(int n, int m , int l) {
    int i, j, k;

    if(3 * n <= m + l); else goto END;
    
    // Loop A
    /*@
        [Hint] Loop invariant i >= 0 && i < n too strong initially. Relax it.

        loop invariant i_0: 3 * n <= m + l;

        loop invariant i_1: i >= 0 && i < n;

        loop invariant i_2: j >= 2 * i && j < 3 * i;

        loop invariant i_3: k >= i && k < j;

        loop invariant i_4: k - i <= 2 * n;

        loop invariant i_5: j >= i;

        loop invariant i_6: j < n + 1;


        loop assigns k;
        loop assigns j;
        loop assigns i;
    */
    for (i=0;i<n;i++)
        /*@
            loop assigns k;
            loop assigns j;
            loop assigns i;
        */
        for (j = 2*i;j<3*i;j++)
            /*@
                loop assigns k;
            */
            for (k = i; k< j; k++) {
                //@ assert k-i <= 2*n ;
            }
END:
    return 0;
}
You are an expert in deductive program verification using ACSL and Frama-C.
The following loop invariant of the loop labeled "A" cannot be established from the function's `requires` clauses:
[Unprovable Initial Invariant] i >= 0 && i < n
This means the loop invariant is too strong at the loop entry, violating the establishment condition of loop correctness.  
Your task is to relax or weaken the loop invariant at the position marked by: "[Hint] Loop invariant too strong initially. Relax it."
IMPORTANT RULES:
1. The relaxed invariants must still hold:
   - Establishment: They must be provable solely from the function's requires clauses and the program state before entering the loop.
   - Preservation: after executing the loop body exactly once, the invariant still holds.
   - Zero-iteration case: the invariant is valid even if the loop never executes.
2. Do NOT restate or print any of the existing loop invariants.  
   Only output the modified (weakened) invariants necessary to make the establishment step succeed.
3. Your answer must be solely in the form:
   ```
   loop invariant ...;
   loop invariant ...;
   ...
   ```
4. All invariants must follow ACSL syntax and be valid loop invariants.
5. No explanation. No commentary. Just show me the loop invariant.
 /no_think
--------------------------
----------Response----------
[unused16][unused17]loop invariant 3 * n <= m + l;

loop invariant i >= 0 && i < n;
----------------------------
-------------Establishment_requires: i_2: establishment---------------
----------Prompt----------

# define INT_MAX 2147483647
# define INT_MIN -2147483648
/*@
    requires INT_MIN < n && n < INT_MAX;
    requires INT_MIN < m && m < INT_MAX;
    requires INT_MIN < l && l < INT_MAX;
*/
int svcomp_17(int n, int m , int l) {
    int i, j, k;

    if(3 * n <= m + l); else goto END;
    
    // Loop A
    /*@
        [Hint] Loop invariant j >= 2 * i && j < 3 * i too strong initially. Relax it.

        loop invariant i_0: 3 * n <= m + l;

        loop invariant i_1: i >= 0 && i < n;

        loop invariant i_2: j >= 2 * i && j < 3 * i;

        loop invariant i_3: k >= i && k < j;

        loop invariant i_4: k - i <= 2 * n;

        loop invariant i_5: j >= i;

        loop invariant i_6: j < n + 1;


        loop assigns k;
        loop assigns j;
        loop assigns i;
    */
    for (i=0;i<n;i++)
        /*@
            loop assigns k;
            loop assigns j;
            loop assigns i;
        */
        for (j = 2*i;j<3*i;j++)
            /*@
                loop assigns k;
            */
            for (k = i; k< j; k++) {
                //@ assert k-i <= 2*n ;
            }
END:
    return 0;
}
You are an expert in deductive program verification using ACSL and Frama-C.
The following loop invariant of the loop labeled "A" cannot be established from the function's `requires` clauses:
[Unprovable Initial Invariant] j >= 2 * i && j < 3 * i
This means the loop invariant is too strong at the loop entry, violating the establishment condition of loop correctness.  
Your task is to relax or weaken the loop invariant at the position marked by: "[Hint] Loop invariant too strong initially. Relax it."
IMPORTANT RULES:
1. The relaxed invariants must still hold:
   - Establishment: They must be provable solely from the function's requires clauses and the program state before entering the loop.
   - Preservation: after executing the loop body exactly once, the invariant still holds.
   - Zero-iteration case: the invariant is valid even if the loop never executes.
2. Do NOT restate or print any of the existing loop invariants.  
   Only output the modified (weakened) invariants necessary to make the establishment step succeed.
3. Your answer must be solely in the form:
   ```
   loop invariant ...;
   loop invariant ...;
   ...
   ```
4. All invariants must follow ACSL syntax and be valid loop invariants.
5. No explanation. No commentary. Just show me the loop invariant.
 /no_think
--------------------------
----------Response----------
[unused16][unused17]```
loop invariant i_0: 3 * n <= m + l;
loop invariant i_1: i >= 0 && i < n;
loop invariant i_2: j >= 2 * i;
loop invariant i_3: k >= i && k < j;
loop invariant i_4: k - i <= 2 * n;
loop invariant i_5: j >= i;
loop invariant i_6: j < n + 1;
```
----------------------------
--------------------------------
------------Invariant Info-----------
LOOP A:
i_0: 3 * n <= m + l
i_1: i >= 0 && i < n
i_2: j >= 2 * i && j < 3 * i
i_3: k >= i && k < j
i_4: k - i <= 2 * n
i_5: j >= i
i_6: j < n + 1
i_7: j >= 2 * i
------------------------------------
----------Code with Invariants----------
# define INT_MAX 2147483647
# define INT_MIN -2147483648
/*@
    requires INT_MIN < n && n < INT_MAX;
    requires INT_MIN < m && m < INT_MAX;
    requires INT_MIN < l && l < INT_MAX;
*/
int svcomp_17(int n, int m , int l) {
    int i, j, k;

    if(3 * n <= m + l); else goto END;
    
    // Loop A
    /*@
        loop invariant i_0: 3 * n <= m + l;

        loop invariant i_1: i >= 0 && i < n;

        loop invariant i_2: j >= 2 * i && j < 3 * i;

        loop invariant i_3: k >= i && k < j;

        loop invariant i_4: k - i <= 2 * n;

        loop invariant i_5: j >= i;

        loop invariant i_6: j < n + 1;

        loop invariant i_7: j >= 2 * i;


        loop assigns k;
        loop assigns j;
        loop assigns i;
    */
    for (i=0;i<n;i++)
        /*@
            loop assigns k;
            loop assigns j;
            loop assigns i;
        */
        for (j = 2*i;j<3*i;j++)
            /*@
                loop assigns k;
            */
            for (k = i; k< j; k++) {
                //@ assert k-i <= 2*n ;
            }
END:
    return 0;
}
----------------------------------------
----------Begin Revise----------
-------------Establishment_requires: i_2: establishment---------------
----------Prompt----------

# define INT_MAX 2147483647
# define INT_MIN -2147483648
/*@
    requires INT_MIN < n && n < INT_MAX;
    requires INT_MIN < m && m < INT_MAX;
    requires INT_MIN < l && l < INT_MAX;
*/
int svcomp_17(int n, int m , int l) {
    int i, j, k;

    if(3 * n <= m + l); else goto END;
    
    // Loop A
    /*@
        [Hint] Loop invariant j >= 2 * i && j < 3 * i too strong initially. Relax it.

        loop invariant i_0: 3 * n <= m + l;

        loop invariant i_1: i >= 0 && i < n;

        loop invariant i_2: j >= 2 * i && j < 3 * i;

        loop invariant i_3: k >= i && k < j;

        loop invariant i_4: k - i <= 2 * n;

        loop invariant i_5: j >= i;

        loop invariant i_6: j < n + 1;

        loop invariant i_7: j >= 2 * i;


        loop assigns k;
        loop assigns j;
        loop assigns i;
    */
    for (i=0;i<n;i++)
        /*@
            loop assigns k;
            loop assigns j;
            loop assigns i;
        */
        for (j = 2*i;j<3*i;j++)
            /*@
                loop assigns k;
            */
            for (k = i; k< j; k++) {
                //@ assert k-i <= 2*n ;
            }
END:
    return 0;
}
You are an expert in deductive program verification using ACSL and Frama-C.
The following loop invariant of the loop labeled "A" cannot be established from the function's `requires` clauses:
[Unprovable Initial Invariant] j >= 2 * i && j < 3 * i
This means the loop invariant is too strong at the loop entry, violating the establishment condition of loop correctness.  
Your task is to relax or weaken the loop invariant at the position marked by: "[Hint] Loop invariant too strong initially. Relax it."
IMPORTANT RULES:
1. The relaxed invariants must still hold:
   - Establishment: They must be provable solely from the function's requires clauses and the program state before entering the loop.
   - Preservation: after executing the loop body exactly once, the invariant still holds.
   - Zero-iteration case: the invariant is valid even if the loop never executes.
2. Do NOT restate or print any of the existing loop invariants.  
   Only output the modified (weakened) invariants necessary to make the establishment step succeed.
3. Your answer must be solely in the form:
   ```
   loop invariant ...;
   loop invariant ...;
   ...
   ```
4. All invariants must follow ACSL syntax and be valid loop invariants.
5. No explanation. No commentary. Just show me the loop invariant.
 /no_think
--------------------------
----------Response----------
[unused16][unused17]```
loop invariant j >= 2 * i;
loop invariant j < 3 * i;
```
----------------------------
-------------Establishment_requires: i_1: establishment---------------
----------Prompt----------

# define INT_MAX 2147483647
# define INT_MIN -2147483648
/*@
    requires INT_MIN < n && n < INT_MAX;
    requires INT_MIN < m && m < INT_MAX;
    requires INT_MIN < l && l < INT_MAX;
*/
int svcomp_17(int n, int m , int l) {
    int i, j, k;

    if(3 * n <= m + l); else goto END;
    
    // Loop A
    /*@
        [Hint] Loop invariant i >= 0 && i < n too strong initially. Relax it.

        loop invariant i_0: 3 * n <= m + l;

        loop invariant i_1: i >= 0 && i < n;

        loop invariant i_2: j >= 2 * i && j < 3 * i;

        loop invariant i_3: k >= i && k < j;

        loop invariant i_4: k - i <= 2 * n;

        loop invariant i_5: j >= i;

        loop invariant i_6: j < n + 1;

        loop invariant i_7: j >= 2 * i;

        loop invariant i_8: j < 3 * i;


        loop assigns k;
        loop assigns j;
        loop assigns i;
    */
    for (i=0;i<n;i++)
        /*@
            loop assigns k;
            loop assigns j;
            loop assigns i;
        */
        for (j = 2*i;j<3*i;j++)
            /*@
                loop assigns k;
            */
            for (k = i; k< j; k++) {
                //@ assert k-i <= 2*n ;
            }
END:
    return 0;
}
You are an expert in deductive program verification using ACSL and Frama-C.
The following loop invariant of the loop labeled "A" cannot be established from the function's `requires` clauses:
[Unprovable Initial Invariant] i >= 0 && i < n
This means the loop invariant is too strong at the loop entry, violating the establishment condition of loop correctness.  
Your task is to relax or weaken the loop invariant at the position marked by: "[Hint] Loop invariant too strong initially. Relax it."
IMPORTANT RULES:
1. The relaxed invariants must still hold:
   - Establishment: They must be provable solely from the function's requires clauses and the program state before entering the loop.
   - Preservation: after executing the loop body exactly once, the invariant still holds.
   - Zero-iteration case: the invariant is valid even if the loop never executes.
2. Do NOT restate or print any of the existing loop invariants.  
   Only output the modified (weakened) invariants necessary to make the establishment step succeed.
3. Your answer must be solely in the form:
   ```
   loop invariant ...;
   loop invariant ...;
   ...
   ```
4. All invariants must follow ACSL syntax and be valid loop invariants.
5. No explanation. No commentary. Just show me the loop invariant.
 /no_think
--------------------------
----------Response----------
[unused16][unused17]```
loop invariant i_0: 3 * n <= m + l;
loop invariant i_1: i >= 0 && i < n;
```
----------------------------
--------------------------------
------------Invariant Info-----------
LOOP A:
i_0: 3 * n <= m + l
i_1: i >= 0 && i < n
i_2: j >= 2 * i && j < 3 * i
i_3: k >= i && k < j
i_4: k - i <= 2 * n
i_5: j >= i
i_6: j < n + 1
i_7: j >= 2 * i
i_8: j < 3 * i
------------------------------------
----------Code with Invariants----------
# define INT_MAX 2147483647
# define INT_MIN -2147483648
/*@
    requires INT_MIN < n && n < INT_MAX;
    requires INT_MIN < m && m < INT_MAX;
    requires INT_MIN < l && l < INT_MAX;
*/
int svcomp_17(int n, int m , int l) {
    int i, j, k;

    if(3 * n <= m + l); else goto END;
    
    // Loop A
    /*@
        loop invariant i_0: 3 * n <= m + l;

        loop invariant i_1: i >= 0 && i < n;

        loop invariant i_2: j >= 2 * i && j < 3 * i;

        loop invariant i_3: k >= i && k < j;

        loop invariant i_4: k - i <= 2 * n;

        loop invariant i_5: j >= i;

        loop invariant i_6: j < n + 1;

        loop invariant i_7: j >= 2 * i;

        loop invariant i_8: j < 3 * i;


        loop assigns k;
        loop assigns j;
        loop assigns i;
    */
    for (i=0;i<n;i++)
        /*@
            loop assigns k;
            loop assigns j;
            loop assigns i;
        */
        for (j = 2*i;j<3*i;j++)
            /*@
                loop assigns k;
            */
            for (k = i; k< j; k++) {
                //@ assert k-i <= 2*n ;
            }
END:
    return 0;
}
----------------------------------------
----------Begin Revise----------
-------------Establishment_requires: i_2: establishment---------------
----------Prompt----------

# define INT_MAX 2147483647
# define INT_MIN -2147483648
/*@
    requires INT_MIN < n && n < INT_MAX;
    requires INT_MIN < m && m < INT_MAX;
    requires INT_MIN < l && l < INT_MAX;
*/
int svcomp_17(int n, int m , int l) {
    int i, j, k;

    if(3 * n <= m + l); else goto END;
    
    // Loop A
    /*@
        [Hint] Loop invariant j >= 2 * i && j < 3 * i too strong initially. Relax it.

        loop invariant i_0: 3 * n <= m + l;

        loop invariant i_1: i >= 0 && i < n;

        loop invariant i_2: j >= 2 * i && j < 3 * i;

        loop invariant i_3: k >= i && k < j;

        loop invariant i_4: k - i <= 2 * n;

        loop invariant i_5: j >= i;

        loop invariant i_6: j < n + 1;

        loop invariant i_7: j >= 2 * i;

        loop invariant i_8: j < 3 * i;


        loop assigns k;
        loop assigns j;
        loop assigns i;
    */
    for (i=0;i<n;i++)
        /*@
            loop assigns k;
            loop assigns j;
            loop assigns i;
        */
        for (j = 2*i;j<3*i;j++)
            /*@
                loop assigns k;
            */
            for (k = i; k< j; k++) {
                //@ assert k-i <= 2*n ;
            }
END:
    return 0;
}
You are an expert in deductive program verification using ACSL and Frama-C.
The following loop invariant of the loop labeled "A" cannot be established from the function's `requires` clauses:
[Unprovable Initial Invariant] j >= 2 * i && j < 3 * i
This means the loop invariant is too strong at the loop entry, violating the establishment condition of loop correctness.  
Your task is to relax or weaken the loop invariant at the position marked by: "[Hint] Loop invariant too strong initially. Relax it."
IMPORTANT RULES:
1. The relaxed invariants must still hold:
   - Establishment: They must be provable solely from the function's requires clauses and the program state before entering the loop.
   - Preservation: after executing the loop body exactly once, the invariant still holds.
   - Zero-iteration case: the invariant is valid even if the loop never executes.
2. Do NOT restate or print any of the existing loop invariants.  
   Only output the modified (weakened) invariants necessary to make the establishment step succeed.
3. Your answer must be solely in the form:
   ```
   loop invariant ...;
   loop invariant ...;
   ...
   ```
4. All invariants must follow ACSL syntax and be valid loop invariants.
5. No explanation. No commentary. Just show me the loop invariant.
 /no_think
--------------------------
----------Response----------
[unused16][unused17]```
loop invariant j >= 2 * i && j < 3 * i;
```
----------------------------
-------------Establishment_requires: i_1: establishment---------------
----------Prompt----------

# define INT_MAX 2147483647
# define INT_MIN -2147483648
/*@
    requires INT_MIN < n && n < INT_MAX;
    requires INT_MIN < m && m < INT_MAX;
    requires INT_MIN < l && l < INT_MAX;
*/
int svcomp_17(int n, int m , int l) {
    int i, j, k;

    if(3 * n <= m + l); else goto END;
    
    // Loop A
    /*@
        [Hint] Loop invariant i >= 0 && i < n too strong initially. Relax it.

        loop invariant i_0: 3 * n <= m + l;

        loop invariant i_1: i >= 0 && i < n;

        loop invariant i_2: j >= 2 * i && j < 3 * i;

        loop invariant i_3: k >= i && k < j;

        loop invariant i_4: k - i <= 2 * n;

        loop invariant i_5: j >= i;

        loop invariant i_6: j < n + 1;

        loop invariant i_7: j >= 2 * i;

        loop invariant i_8: j < 3 * i;


        loop assigns k;
        loop assigns j;
        loop assigns i;
    */
    for (i=0;i<n;i++)
        /*@
            loop assigns k;
            loop assigns j;
            loop assigns i;
        */
        for (j = 2*i;j<3*i;j++)
            /*@
                loop assigns k;
            */
            for (k = i; k< j; k++) {
                //@ assert k-i <= 2*n ;
            }
END:
    return 0;
}
You are an expert in deductive program verification using ACSL and Frama-C.
The following loop invariant of the loop labeled "A" cannot be established from the function's `requires` clauses:
[Unprovable Initial Invariant] i >= 0 && i < n
This means the loop invariant is too strong at the loop entry, violating the establishment condition of loop correctness.  
Your task is to relax or weaken the loop invariant at the position marked by: "[Hint] Loop invariant too strong initially. Relax it."
IMPORTANT RULES:
1. The relaxed invariants must still hold:
   - Establishment: They must be provable solely from the function's requires clauses and the program state before entering the loop.
   - Preservation: after executing the loop body exactly once, the invariant still holds.
   - Zero-iteration case: the invariant is valid even if the loop never executes.
2. Do NOT restate or print any of the existing loop invariants.  
   Only output the modified (weakened) invariants necessary to make the establishment step succeed.
3. Your answer must be solely in the form:
   ```
   loop invariant ...;
   loop invariant ...;
   ...
   ```
4. All invariants must follow ACSL syntax and be valid loop invariants.
5. No explanation. No commentary. Just show me the loop invariant.
 /no_think
--------------------------
----------Response----------
[unused16][unused17]```
loop invariant i_0: 3 * n <= m + l;
loop invariant i_1: i >= 0 && i < n;
```
----------------------------
--------------------------------
------------Invariant Info-----------
LOOP A:
i_0: 3 * n <= m + l
i_1: i >= 0 && i < n
i_2: j >= 2 * i && j < 3 * i
i_3: k >= i && k < j
i_4: k - i <= 2 * n
i_5: j >= i
i_6: j < n + 1
i_7: j >= 2 * i
i_8: j < 3 * i
------------------------------------
----------Code with Invariants----------
# define INT_MAX 2147483647
# define INT_MIN -2147483648
/*@
    requires INT_MIN < n && n < INT_MAX;
    requires INT_MIN < m && m < INT_MAX;
    requires INT_MIN < l && l < INT_MAX;
*/
int svcomp_17(int n, int m , int l) {
    int i, j, k;

    if(3 * n <= m + l); else goto END;
    
    // Loop A
    /*@
        loop invariant i_0: 3 * n <= m + l;

        loop invariant i_1: i >= 0 && i < n;

        loop invariant i_2: j >= 2 * i && j < 3 * i;

        loop invariant i_3: k >= i && k < j;

        loop invariant i_4: k - i <= 2 * n;

        loop invariant i_5: j >= i;

        loop invariant i_6: j < n + 1;

        loop invariant i_7: j >= 2 * i;

        loop invariant i_8: j < 3 * i;


        loop assigns k;
        loop assigns j;
        loop assigns i;
    */
    for (i=0;i<n;i++)
        /*@
            loop assigns k;
            loop assigns j;
            loop assigns i;
        */
        for (j = 2*i;j<3*i;j++)
            /*@
                loop assigns k;
            */
            for (k = i; k< j; k++) {
                //@ assert k-i <= 2*n ;
            }
END:
    return 0;
}
----------------------------------------
----------Begin Revise----------
-------------Establishment_requires: i_2: establishment---------------
----------Prompt----------

# define INT_MAX 2147483647
# define INT_MIN -2147483648
/*@
    requires INT_MIN < n && n < INT_MAX;
    requires INT_MIN < m && m < INT_MAX;
    requires INT_MIN < l && l < INT_MAX;
*/
int svcomp_17(int n, int m , int l) {
    int i, j, k;

    if(3 * n <= m + l); else goto END;
    
    // Loop A
    /*@
        [Hint] Loop invariant j >= 2 * i && j < 3 * i too strong initially. Relax it.

        loop invariant i_0: 3 * n <= m + l;

        loop invariant i_1: i >= 0 && i < n;

        loop invariant i_2: j >= 2 * i && j < 3 * i;

        loop invariant i_3: k >= i && k < j;

        loop invariant i_4: k - i <= 2 * n;

        loop invariant i_5: j >= i;

        loop invariant i_6: j < n + 1;

        loop invariant i_7: j >= 2 * i;

        loop invariant i_8: j < 3 * i;


        loop assigns k;
        loop assigns j;
        loop assigns i;
    */
    for (i=0;i<n;i++)
        /*@
            loop assigns k;
            loop assigns j;
            loop assigns i;
        */
        for (j = 2*i;j<3*i;j++)
            /*@
                loop assigns k;
            */
            for (k = i; k< j; k++) {
                //@ assert k-i <= 2*n ;
            }
END:
    return 0;
}
You are an expert in deductive program verification using ACSL and Frama-C.
The following loop invariant of the loop labeled "A" cannot be established from the function's `requires` clauses:
[Unprovable Initial Invariant] j >= 2 * i && j < 3 * i
This means the loop invariant is too strong at the loop entry, violating the establishment condition of loop correctness.  
Your task is to relax or weaken the loop invariant at the position marked by: "[Hint] Loop invariant too strong initially. Relax it."
IMPORTANT RULES:
1. The relaxed invariants must still hold:
   - Establishment: They must be provable solely from the function's requires clauses and the program state before entering the loop.
   - Preservation: after executing the loop body exactly once, the invariant still holds.
   - Zero-iteration case: the invariant is valid even if the loop never executes.
2. Do NOT restate or print any of the existing loop invariants.  
   Only output the modified (weakened) invariants necessary to make the establishment step succeed.
3. Your answer must be solely in the form:
   ```
   loop invariant ...;
   loop invariant ...;
   ...
   ```
4. All invariants must follow ACSL syntax and be valid loop invariants.
5. No explanation. No commentary. Just show me the loop invariant.
 /no_think
--------------------------
----------Response----------
[unused16][unused17]```
loop invariant i_0: 3 * n <= m + l;
loop invariant i_1: i >= 0 && i < n;
loop invariant i_2: j >= 2 * i;
loop invariant i_3: k >= i && k < j;
loop invariant i_4: k - i <= 2 * n;
loop invariant i_5: j >= i;
loop invariant i_6: j < n + 1;
loop invariant i_7: j < 3 * i;
```
----------------------------
-------------Establishment_requires: i_1: establishment---------------
----------Prompt----------

# define INT_MAX 2147483647
# define INT_MIN -2147483648
/*@
    requires INT_MIN < n && n < INT_MAX;
    requires INT_MIN < m && m < INT_MAX;
    requires INT_MIN < l && l < INT_MAX;
*/
int svcomp_17(int n, int m , int l) {
    int i, j, k;

    if(3 * n <= m + l); else goto END;
    
    // Loop A
    /*@
        [Hint] Loop invariant i >= 0 && i < n too strong initially. Relax it.

        loop invariant i_0: 3 * n <= m + l;

        loop invariant i_1: i >= 0 && i < n;

        loop invariant i_2: j >= 2 * i && j < 3 * i;

        loop invariant i_3: k >= i && k < j;

        loop invariant i_4: k - i <= 2 * n;

        loop invariant i_5: j >= i;

        loop invariant i_6: j < n + 1;

        loop invariant i_7: j >= 2 * i;

        loop invariant i_8: j < 3 * i;


        loop assigns k;
        loop assigns j;
        loop assigns i;
    */
    for (i=0;i<n;i++)
        /*@
            loop assigns k;
            loop assigns j;
            loop assigns i;
        */
        for (j = 2*i;j<3*i;j++)
            /*@
                loop assigns k;
            */
            for (k = i; k< j; k++) {
                //@ assert k-i <= 2*n ;
            }
END:
    return 0;
}
You are an expert in deductive program verification using ACSL and Frama-C.
The following loop invariant of the loop labeled "A" cannot be established from the function's `requires` clauses:
[Unprovable Initial Invariant] i >= 0 && i < n
This means the loop invariant is too strong at the loop entry, violating the establishment condition of loop correctness.  
Your task is to relax or weaken the loop invariant at the position marked by: "[Hint] Loop invariant too strong initially. Relax it."
IMPORTANT RULES:
1. The relaxed invariants must still hold:
   - Establishment: They must be provable solely from the function's requires clauses and the program state before entering the loop.
   - Preservation: after executing the loop body exactly once, the invariant still holds.
   - Zero-iteration case: the invariant is valid even if the loop never executes.
2. Do NOT restate or print any of the existing loop invariants.  
   Only output the modified (weakened) invariants necessary to make the establishment step succeed.
3. Your answer must be solely in the form:
   ```
   loop invariant ...;
   loop invariant ...;
   ...
   ```
4. All invariants must follow ACSL syntax and be valid loop invariants.
5. No explanation. No commentary. Just show me the loop invariant.
 /no_think
--------------------------
----------Response----------
[unused16][unused17]```
loop invariant i_0: 3 * n <= m + l;

loop invariant i_1: i >= 0 && i < n;

loop invariant i_2: j >= 2 * i && j < 3 * i;

loop invariant i_3: k >= i && k < j;

loop invariant i_4: k - i <= 2 * n;

loop invariant i_5: j >= i;

loop invariant i_6: j < n + 1;

loop invariant i_7: j >= 2 * i;

loop invariant i_8: j < 3 * i;
```
----------------------------
--------------------------------
------------Invariant Info-----------
LOOP A:
i_0: 3 * n <= m + l
i_1: i >= 0 && i < n
i_2: j >= 2 * i && j < 3 * i
i_3: k >= i && k < j
i_4: k - i <= 2 * n
i_5: j >= i
i_6: j < n + 1
i_7: j >= 2 * i
i_8: j < 3 * i
------------------------------------
----------Code with Invariants----------
# define INT_MAX 2147483647
# define INT_MIN -2147483648
/*@
    requires INT_MIN < n && n < INT_MAX;
    requires INT_MIN < m && m < INT_MAX;
    requires INT_MIN < l && l < INT_MAX;
*/
int svcomp_17(int n, int m , int l) {
    int i, j, k;

    if(3 * n <= m + l); else goto END;
    
    // Loop A
    /*@
        loop invariant i_0: 3 * n <= m + l;

        loop invariant i_1: i >= 0 && i < n;

        loop invariant i_2: j >= 2 * i && j < 3 * i;

        loop invariant i_3: k >= i && k < j;

        loop invariant i_4: k - i <= 2 * n;

        loop invariant i_5: j >= i;

        loop invariant i_6: j < n + 1;

        loop invariant i_7: j >= 2 * i;

        loop invariant i_8: j < 3 * i;


        loop assigns k;
        loop assigns j;
        loop assigns i;
    */
    for (i=0;i<n;i++)
        /*@
            loop assigns k;
            loop assigns j;
            loop assigns i;
        */
        for (j = 2*i;j<3*i;j++)
            /*@
                loop assigns k;
            */
            for (k = i; k< j; k++) {
                //@ assert k-i <= 2*n ;
            }
END:
    return 0;
}
----------------------------------------
----------Begin Revise----------
--------------------------------
------------Invariant Info-----------
LOOP A:
i_0: 3 * n <= m + l
i_3: k >= i && k < j
i_4: k - i <= 2 * n
i_5: j >= i
i_6: j < n + 1
i_7: j >= 2 * i
i_8: j < 3 * i
------------------------------------
----------Code with Invariants----------
# define INT_MAX 2147483647
# define INT_MIN -2147483648
/*@
    requires INT_MIN < n && n < INT_MAX;
    requires INT_MIN < m && m < INT_MAX;
    requires INT_MIN < l && l < INT_MAX;
*/
int svcomp_17(int n, int m , int l) {
    int i, j, k;

    if(3 * n <= m + l); else goto END;
    
    // Loop A
    /*@
        loop invariant i_0: 3 * n <= m + l;

        loop invariant i_3: k >= i && k < j;

        loop invariant i_4: k - i <= 2 * n;

        loop invariant i_5: j >= i;

        loop invariant i_6: j < n + 1;

        loop invariant i_7: j >= 2 * i;

        loop invariant i_8: j < 3 * i;


        loop assigns k;
        loop assigns j;
        loop assigns i;
    */
    for (i=0;i<n;i++)
        /*@
            loop assigns k;
            loop assigns j;
            loop assigns i;
        */
        for (j = 2*i;j<3*i;j++)
            /*@
                loop assigns k;
            */
            for (k = i; k< j; k++) {
                //@ assert k-i <= 2*n ;
            }
END:
    return 0;
}
----------------------------------------
----------Begin Revise----------
-------------Establishment_requires: i_8: establishment---------------
----------Prompt----------

# define INT_MAX 2147483647
# define INT_MIN -2147483648
/*@
    requires INT_MIN < n && n < INT_MAX;
    requires INT_MIN < m && m < INT_MAX;
    requires INT_MIN < l && l < INT_MAX;
*/
int svcomp_17(int n, int m , int l) {
    int i, j, k;

    if(3 * n <= m + l); else goto END;
    
    // Loop A
    /*@
        [Hint] Loop invariant j < 3 * i too strong initially. Relax it.

        loop invariant i_0: 3 * n <= m + l;

        loop invariant i_3: k >= i && k < j;

        loop invariant i_4: k - i <= 2 * n;

        loop invariant i_5: j >= i;

        loop invariant i_6: j < n + 1;

        loop invariant i_7: j >= 2 * i;

        loop invariant i_8: j < 3 * i;


        loop assigns k;
        loop assigns j;
        loop assigns i;
    */
    for (i=0;i<n;i++)
        /*@
            loop assigns k;
            loop assigns j;
            loop assigns i;
        */
        for (j = 2*i;j<3*i;j++)
            /*@
                loop assigns k;
            */
            for (k = i; k< j; k++) {
                //@ assert k-i <= 2*n ;
            }
END:
    return 0;
}
You are an expert in deductive program verification using ACSL and Frama-C.
The following loop invariant of the loop labeled "A" cannot be established from the function's `requires` clauses:
[Unprovable Initial Invariant] j < 3 * i
This means the loop invariant is too strong at the loop entry, violating the establishment condition of loop correctness.  
Your task is to relax or weaken the loop invariant at the position marked by: "[Hint] Loop invariant too strong initially. Relax it."
IMPORTANT RULES:
1. The relaxed invariants must still hold:
   - Establishment: They must be provable solely from the function's requires clauses and the program state before entering the loop.
   - Preservation: after executing the loop body exactly once, the invariant still holds.
   - Zero-iteration case: the invariant is valid even if the loop never executes.
2. Do NOT restate or print any of the existing loop invariants.  
   Only output the modified (weakened) invariants necessary to make the establishment step succeed.
3. Your answer must be solely in the form:
   ```
   loop invariant ...;
   loop invariant ...;
   ...
   ```
4. All invariants must follow ACSL syntax and be valid loop invariants.
5. No explanation. No commentary. Just show me the loop invariant.
 /no_think
--------------------------
----------Response----------
[unused16][unused17]```
loop invariant i_0: 3 * n <= m + l;
loop invariant i_3: k >= i && k < j;
loop invariant i_4: k - i <= 2 * n;
```
----------------------------
-------------Establishment_requires: i_6: establishment---------------
----------Prompt----------

# define INT_MAX 2147483647
# define INT_MIN -2147483648
/*@
    requires INT_MIN < n && n < INT_MAX;
    requires INT_MIN < m && m < INT_MAX;
    requires INT_MIN < l && l < INT_MAX;
*/
int svcomp_17(int n, int m , int l) {
    int i, j, k;

    if(3 * n <= m + l); else goto END;
    
    // Loop A
    /*@
        [Hint] Loop invariant j < n + 1 too strong initially. Relax it.

        loop invariant i_0: 3 * n <= m + l;

        loop invariant i_3: k >= i && k < j;

        loop invariant i_4: k - i <= 2 * n;

        loop invariant i_5: j >= i;

        loop invariant i_6: j < n + 1;

        loop invariant i_7: j >= 2 * i;

        loop invariant i_8: j < 3 * i;


        loop assigns k;
        loop assigns j;
        loop assigns i;
    */
    for (i=0;i<n;i++)
        /*@
            loop assigns k;
            loop assigns j;
            loop assigns i;
        */
        for (j = 2*i;j<3*i;j++)
            /*@
                loop assigns k;
            */
            for (k = i; k< j; k++) {
                //@ assert k-i <= 2*n ;
            }
END:
    return 0;
}
You are an expert in deductive program verification using ACSL and Frama-C.
The following loop invariant of the loop labeled "A" cannot be established from the function's `requires` clauses:
[Unprovable Initial Invariant] j < n + 1
This means the loop invariant is too strong at the loop entry, violating the establishment condition of loop correctness.  
Your task is to relax or weaken the loop invariant at the position marked by: "[Hint] Loop invariant too strong initially. Relax it."
IMPORTANT RULES:
1. The relaxed invariants must still hold:
   - Establishment: They must be provable solely from the function's requires clauses and the program state before entering the loop.
   - Preservation: after executing the loop body exactly once, the invariant still holds.
   - Zero-iteration case: the invariant is valid even if the loop never executes.
2. Do NOT restate or print any of the existing loop invariants.  
   Only output the modified (weakened) invariants necessary to make the establishment step succeed.
3. Your answer must be solely in the form:
   ```
   loop invariant ...;
   loop invariant ...;
   ...
   ```
4. All invariants must follow ACSL syntax and be valid loop invariants.
5. No explanation. No commentary. Just show me the loop invariant.
 /no_think
--------------------------
----------Response----------
[unused16][unused17]```
loop invariant j < n + 1;
```
----------------------------
-------------Establishment_requires: i_4: establishment---------------
----------Prompt----------

# define INT_MAX 2147483647
# define INT_MIN -2147483648
/*@
    requires INT_MIN < n && n < INT_MAX;
    requires INT_MIN < m && m < INT_MAX;
    requires INT_MIN < l && l < INT_MAX;
*/
int svcomp_17(int n, int m , int l) {
    int i, j, k;

    if(3 * n <= m + l); else goto END;
    
    // Loop A
    /*@
        [Hint] Loop invariant k - i <= 2 * n too strong initially. Relax it.

        loop invariant i_0: 3 * n <= m + l;

        loop invariant i_3: k >= i && k < j;

        loop invariant i_4: k - i <= 2 * n;

        loop invariant i_5: j >= i;

        loop invariant i_6: j < n + 1;

        loop invariant i_7: j >= 2 * i;

        loop invariant i_8: j < 3 * i;


        loop assigns k;
        loop assigns j;
        loop assigns i;
    */
    for (i=0;i<n;i++)
        /*@
            loop assigns k;
            loop assigns j;
            loop assigns i;
        */
        for (j = 2*i;j<3*i;j++)
            /*@
                loop assigns k;
            */
            for (k = i; k< j; k++) {
                //@ assert k-i <= 2*n ;
            }
END:
    return 0;
}
You are an expert in deductive program verification using ACSL and Frama-C.
The following loop invariant of the loop labeled "A" cannot be established from the function's `requires` clauses:
[Unprovable Initial Invariant] k - i <= 2 * n
This means the loop invariant is too strong at the loop entry, violating the establishment condition of loop correctness.  
Your task is to relax or weaken the loop invariant at the position marked by: "[Hint] Loop invariant too strong initially. Relax it."
IMPORTANT RULES:
1. The relaxed invariants must still hold:
   - Establishment: They must be provable solely from the function's requires clauses and the program state before entering the loop.
   - Preservation: after executing the loop body exactly once, the invariant still holds.
   - Zero-iteration case: the invariant is valid even if the loop never executes.
2. Do NOT restate or print any of the existing loop invariants.  
   Only output the modified (weakened) invariants necessary to make the establishment step succeed.
3. Your answer must be solely in the form:
   ```
   loop invariant ...;
   loop invariant ...;
   ...
   ```
4. All invariants must follow ACSL syntax and be valid loop invariants.
5. No explanation. No commentary. Just show me the loop invariant.
 /no_think
--------------------------
----------Response----------
[unused16][unused17]```
loop invariant i_0: 3 * n <= m + l;
loop invariant i_3: k >= i && k < j;
```
----------------------------
-------------Establishment_requires: i_3: establishment---------------
----------Prompt----------

# define INT_MAX 2147483647
# define INT_MIN -2147483648
/*@
    requires INT_MIN < n && n < INT_MAX;
    requires INT_MIN < m && m < INT_MAX;
    requires INT_MIN < l && l < INT_MAX;
*/
int svcomp_17(int n, int m , int l) {
    int i, j, k;

    if(3 * n <= m + l); else goto END;
    
    // Loop A
    /*@
        [Hint] Loop invariant k >= i && k < j too strong initially. Relax it.

        loop invariant i_0: 3 * n <= m + l;

        loop invariant i_3: k >= i && k < j;

        loop invariant i_4: k - i <= 2 * n;

        loop invariant i_5: j >= i;

        loop invariant i_6: j < n + 1;

        loop invariant i_7: j >= 2 * i;

        loop invariant i_8: j < 3 * i;


        loop assigns k;
        loop assigns j;
        loop assigns i;
    */
    for (i=0;i<n;i++)
        /*@
            loop assigns k;
            loop assigns j;
            loop assigns i;
        */
        for (j = 2*i;j<3*i;j++)
            /*@
                loop assigns k;
            */
            for (k = i; k< j; k++) {
                //@ assert k-i <= 2*n ;
            }
END:
    return 0;
}
You are an expert in deductive program verification using ACSL and Frama-C.
The following loop invariant of the loop labeled "A" cannot be established from the function's `requires` clauses:
[Unprovable Initial Invariant] k >= i && k < j
This means the loop invariant is too strong at the loop entry, violating the establishment condition of loop correctness.  
Your task is to relax or weaken the loop invariant at the position marked by: "[Hint] Loop invariant too strong initially. Relax it."
IMPORTANT RULES:
1. The relaxed invariants must still hold:
   - Establishment: They must be provable solely from the function's requires clauses and the program state before entering the loop.
   - Preservation: after executing the loop body exactly once, the invariant still holds.
   - Zero-iteration case: the invariant is valid even if the loop never executes.
2. Do NOT restate or print any of the existing loop invariants.  
   Only output the modified (weakened) invariants necessary to make the establishment step succeed.
3. Your answer must be solely in the form:
   ```
   loop invariant ...;
   loop invariant ...;
   ...
   ```
4. All invariants must follow ACSL syntax and be valid loop invariants.
5. No explanation. No commentary. Just show me the loop invariant.
 /no_think
--------------------------
----------Response----------
[unused16][unused17]```
loop invariant i_0: 3 * n <= m + l;
loop invariant i_3: k >= i && k < j;
```
----------------------------
--------------------------------
------------Invariant Info-----------
LOOP A:
i_0: 3 * n <= m + l
i_3: k >= i && k < j
i_4: k - i <= 2 * n
i_5: j >= i
i_6: j < n + 1
i_7: j >= 2 * i
i_8: j < 3 * i
------------------------------------
----------Code with Invariants----------
# define INT_MAX 2147483647
# define INT_MIN -2147483648
/*@
    requires INT_MIN < n && n < INT_MAX;
    requires INT_MIN < m && m < INT_MAX;
    requires INT_MIN < l && l < INT_MAX;
*/
int svcomp_17(int n, int m , int l) {
    int i, j, k;

    if(3 * n <= m + l); else goto END;
    
    // Loop A
    /*@
        loop invariant i_0: 3 * n <= m + l;

        loop invariant i_3: k >= i && k < j;

        loop invariant i_4: k - i <= 2 * n;

        loop invariant i_5: j >= i;

        loop invariant i_6: j < n + 1;

        loop invariant i_7: j >= 2 * i;

        loop invariant i_8: j < 3 * i;


        loop assigns k;
        loop assigns j;
        loop assigns i;
    */
    for (i=0;i<n;i++)
        /*@
            loop assigns k;
            loop assigns j;
            loop assigns i;
        */
        for (j = 2*i;j<3*i;j++)
            /*@
                loop assigns k;
            */
            for (k = i; k< j; k++) {
                //@ assert k-i <= 2*n ;
            }
END:
    return 0;
}
----------------------------------------
----------Begin Revise----------
-------------Establishment_requires: i_8: establishment---------------
----------Prompt----------

# define INT_MAX 2147483647
# define INT_MIN -2147483648
/*@
    requires INT_MIN < n && n < INT_MAX;
    requires INT_MIN < m && m < INT_MAX;
    requires INT_MIN < l && l < INT_MAX;
*/
int svcomp_17(int n, int m , int l) {
    int i, j, k;

    if(3 * n <= m + l); else goto END;
    
    // Loop A
    /*@
        [Hint] Loop invariant j < 3 * i too strong initially. Relax it.

        loop invariant i_0: 3 * n <= m + l;

        loop invariant i_3: k >= i && k < j;

        loop invariant i_4: k - i <= 2 * n;

        loop invariant i_5: j >= i;

        loop invariant i_6: j < n + 1;

        loop invariant i_7: j >= 2 * i;

        loop invariant i_8: j < 3 * i;


        loop assigns k;
        loop assigns j;
        loop assigns i;
    */
    for (i=0;i<n;i++)
        /*@
            loop assigns k;
            loop assigns j;
            loop assigns i;
        */
        for (j = 2*i;j<3*i;j++)
            /*@
                loop assigns k;
            */
            for (k = i; k< j; k++) {
                //@ assert k-i <= 2*n ;
            }
END:
    return 0;
}
You are an expert in deductive program verification using ACSL and Frama-C.
The following loop invariant of the loop labeled "A" cannot be established from the function's `requires` clauses:
[Unprovable Initial Invariant] j < 3 * i
This means the loop invariant is too strong at the loop entry, violating the establishment condition of loop correctness.  
Your task is to relax or weaken the loop invariant at the position marked by: "[Hint] Loop invariant too strong initially. Relax it."
IMPORTANT RULES:
1. The relaxed invariants must still hold:
   - Establishment: They must be provable solely from the function's requires clauses and the program state before entering the loop.
   - Preservation: after executing the loop body exactly once, the invariant still holds.
   - Zero-iteration case: the invariant is valid even if the loop never executes.
2. Do NOT restate or print any of the existing loop invariants.  
   Only output the modified (weakened) invariants necessary to make the establishment step succeed.
3. Your answer must be solely in the form:
   ```
   loop invariant ...;
   loop invariant ...;
   ...
   ```
4. All invariants must follow ACSL syntax and be valid loop invariants.
5. No explanation. No commentary. Just show me the loop invariant.
 /no_think
--------------------------
----------Response----------
[unused16][unused17]```
loop invariant i_0: 3 * n <= m + l;
loop invariant i_3: k >= i && k < j;
loop invariant i_4: k - i <= 2 * n;
```
----------------------------
-------------Establishment_requires: i_4: establishment---------------
----------Prompt----------

# define INT_MAX 2147483647
# define INT_MIN -2147483648
/*@
    requires INT_MIN < n && n < INT_MAX;
    requires INT_MIN < m && m < INT_MAX;
    requires INT_MIN < l && l < INT_MAX;
*/
int svcomp_17(int n, int m , int l) {
    int i, j, k;

    if(3 * n <= m + l); else goto END;
    
    // Loop A
    /*@
        [Hint] Loop invariant k - i <= 2 * n too strong initially. Relax it.

        loop invariant i_0: 3 * n <= m + l;

        loop invariant i_3: k >= i && k < j;

        loop invariant i_4: k - i <= 2 * n;

        loop invariant i_5: j >= i;

        loop invariant i_6: j < n + 1;

        loop invariant i_7: j >= 2 * i;

        loop invariant i_8: j < 3 * i;


        loop assigns k;
        loop assigns j;
        loop assigns i;
    */
    for (i=0;i<n;i++)
        /*@
            loop assigns k;
            loop assigns j;
            loop assigns i;
        */
        for (j = 2*i;j<3*i;j++)
            /*@
                loop assigns k;
            */
            for (k = i; k< j; k++) {
                //@ assert k-i <= 2*n ;
            }
END:
    return 0;
}
You are an expert in deductive program verification using ACSL and Frama-C.
The following loop invariant of the loop labeled "A" cannot be established from the function's `requires` clauses:
[Unprovable Initial Invariant] k - i <= 2 * n
This means the loop invariant is too strong at the loop entry, violating the establishment condition of loop correctness.  
Your task is to relax or weaken the loop invariant at the position marked by: "[Hint] Loop invariant too strong initially. Relax it."
IMPORTANT RULES:
1. The relaxed invariants must still hold:
   - Establishment: They must be provable solely from the function's requires clauses and the program state before entering the loop.
   - Preservation: after executing the loop body exactly once, the invariant still holds.
   - Zero-iteration case: the invariant is valid even if the loop never executes.
2. Do NOT restate or print any of the existing loop invariants.  
   Only output the modified (weakened) invariants necessary to make the establishment step succeed.
3. Your answer must be solely in the form:
   ```
   loop invariant ...;
   loop invariant ...;
   ...
   ```
4. All invariants must follow ACSL syntax and be valid loop invariants.
5. No explanation. No commentary. Just show me the loop invariant.
 /no_think
--------------------------
----------Response----------
[unused16][unused17]```
loop invariant 3 * n <= m + l;
loop invariant k >= i && k < j;
```
----------------------------
-------------Establishment_requires: i_3: establishment---------------
----------Prompt----------

# define INT_MAX 2147483647
# define INT_MIN -2147483648
/*@
    requires INT_MIN < n && n < INT_MAX;
    requires INT_MIN < m && m < INT_MAX;
    requires INT_MIN < l && l < INT_MAX;
*/
int svcomp_17(int n, int m , int l) {
    int i, j, k;

    if(3 * n <= m + l); else goto END;
    
    // Loop A
    /*@
        [Hint] Loop invariant k >= i && k < j too strong initially. Relax it.

        loop invariant i_0: 3 * n <= m + l;

        loop invariant i_3: k >= i && k < j;

        loop invariant i_4: k - i <= 2 * n;

        loop invariant i_5: j >= i;

        loop invariant i_6: j < n + 1;

        loop invariant i_7: j >= 2 * i;

        loop invariant i_8: j < 3 * i;


        loop assigns k;
        loop assigns j;
        loop assigns i;
    */
    for (i=0;i<n;i++)
        /*@
            loop assigns k;
            loop assigns j;
            loop assigns i;
        */
        for (j = 2*i;j<3*i;j++)
            /*@
                loop assigns k;
            */
            for (k = i; k< j; k++) {
                //@ assert k-i <= 2*n ;
            }
END:
    return 0;
}
You are an expert in deductive program verification using ACSL and Frama-C.
The following loop invariant of the loop labeled "A" cannot be established from the function's `requires` clauses:
[Unprovable Initial Invariant] k >= i && k < j
This means the loop invariant is too strong at the loop entry, violating the establishment condition of loop correctness.  
Your task is to relax or weaken the loop invariant at the position marked by: "[Hint] Loop invariant too strong initially. Relax it."
IMPORTANT RULES:
1. The relaxed invariants must still hold:
   - Establishment: They must be provable solely from the function's requires clauses and the program state before entering the loop.
   - Preservation: after executing the loop body exactly once, the invariant still holds.
   - Zero-iteration case: the invariant is valid even if the loop never executes.
2. Do NOT restate or print any of the existing loop invariants.  
   Only output the modified (weakened) invariants necessary to make the establishment step succeed.
3. Your answer must be solely in the form:
   ```
   loop invariant ...;
   loop invariant ...;
   ...
   ```
4. All invariants must follow ACSL syntax and be valid loop invariants.
5. No explanation. No commentary. Just show me the loop invariant.
 /no_think
--------------------------
----------Response----------
[unused16][unused17]```
loop invariant i_0: 3 * n <= m + l;

loop invariant i_3: k >= i && k < j;

loop invariant i_4: k - i <= 2 * n;

loop invariant i_5: j >= i;

loop invariant i_6: j < n + 1;

loop invariant i_7: j >= 2 * i;

loop invariant i_8: j < 3 * i;
```
----------------------------
-------------Establishment_requires: i_6: establishment---------------
----------Prompt----------

# define INT_MAX 2147483647
# define INT_MIN -2147483648
/*@
    requires INT_MIN < n && n < INT_MAX;
    requires INT_MIN < m && m < INT_MAX;
    requires INT_MIN < l && l < INT_MAX;
*/
int svcomp_17(int n, int m , int l) {
    int i, j, k;

    if(3 * n <= m + l); else goto END;
    
    // Loop A
    /*@
        [Hint] Loop invariant j < n + 1 too strong initially. Relax it.

        loop invariant i_0: 3 * n <= m + l;

        loop invariant i_3: k >= i && k < j;

        loop invariant i_4: k - i <= 2 * n;

        loop invariant i_5: j >= i;

        loop invariant i_6: j < n + 1;

        loop invariant i_7: j >= 2 * i;

        loop invariant i_8: j < 3 * i;


        loop assigns k;
        loop assigns j;
        loop assigns i;
    */
    for (i=0;i<n;i++)
        /*@
            loop assigns k;
            loop assigns j;
            loop assigns i;
        */
        for (j = 2*i;j<3*i;j++)
            /*@
                loop assigns k;
            */
            for (k = i; k< j; k++) {
                //@ assert k-i <= 2*n ;
            }
END:
    return 0;
}
You are an expert in deductive program verification using ACSL and Frama-C.
The following loop invariant of the loop labeled "A" cannot be established from the function's `requires` clauses:
[Unprovable Initial Invariant] j < n + 1
This means the loop invariant is too strong at the loop entry, violating the establishment condition of loop correctness.  
Your task is to relax or weaken the loop invariant at the position marked by: "[Hint] Loop invariant too strong initially. Relax it."
IMPORTANT RULES:
1. The relaxed invariants must still hold:
   - Establishment: They must be provable solely from the function's requires clauses and the program state before entering the loop.
   - Preservation: after executing the loop body exactly once, the invariant still holds.
   - Zero-iteration case: the invariant is valid even if the loop never executes.
2. Do NOT restate or print any of the existing loop invariants.  
   Only output the modified (weakened) invariants necessary to make the establishment step succeed.
3. Your answer must be solely in the form:
   ```
   loop invariant ...;
   loop invariant ...;
   ...
   ```
4. All invariants must follow ACSL syntax and be valid loop invariants.
5. No explanation. No commentary. Just show me the loop invariant.
 /no_think
--------------------------
----------Response----------
[unused16][unused17]```
loop invariant j >= i;
loop invariant k - i <= 2 * i;
```
----------------------------
--------------------------------
------------Invariant Info-----------
LOOP A:
i_0: 3 * n <= m + l
i_3: k >= i && k < j
i_4: k - i <= 2 * n
i_5: j >= i
i_6: j < n + 1
i_7: j >= 2 * i
i_8: j < 3 * i
i_9: k - i <= 2 * i
------------------------------------
----------Code with Invariants----------
# define INT_MAX 2147483647
# define INT_MIN -2147483648
/*@
    requires INT_MIN < n && n < INT_MAX;
    requires INT_MIN < m && m < INT_MAX;
    requires INT_MIN < l && l < INT_MAX;
*/
int svcomp_17(int n, int m , int l) {
    int i, j, k;

    if(3 * n <= m + l); else goto END;
    
    // Loop A
    /*@
        loop invariant i_0: 3 * n <= m + l;

        loop invariant i_3: k >= i && k < j;

        loop invariant i_4: k - i <= 2 * n;

        loop invariant i_5: j >= i;

        loop invariant i_6: j < n + 1;

        loop invariant i_7: j >= 2 * i;

        loop invariant i_8: j < 3 * i;

        loop invariant i_9: k - i <= 2 * i;


        loop assigns k;
        loop assigns j;
        loop assigns i;
    */
    for (i=0;i<n;i++)
        /*@
            loop assigns k;
            loop assigns j;
            loop assigns i;
        */
        for (j = 2*i;j<3*i;j++)
            /*@
                loop assigns k;
            */
            for (k = i; k< j; k++) {
                //@ assert k-i <= 2*n ;
            }
END:
    return 0;
}
----------------------------------------
----------Begin Revise----------
-------------Establishment_requires: i_6: establishment---------------
----------Prompt----------

# define INT_MAX 2147483647
# define INT_MIN -2147483648
/*@
    requires INT_MIN < n && n < INT_MAX;
    requires INT_MIN < m && m < INT_MAX;
    requires INT_MIN < l && l < INT_MAX;
*/
int svcomp_17(int n, int m , int l) {
    int i, j, k;

    if(3 * n <= m + l); else goto END;
    
    // Loop A
    /*@
        [Hint] Loop invariant j < n + 1 too strong initially. Relax it.

        loop invariant i_0: 3 * n <= m + l;

        loop invariant i_3: k >= i && k < j;

        loop invariant i_4: k - i <= 2 * n;

        loop invariant i_5: j >= i;

        loop invariant i_6: j < n + 1;

        loop invariant i_7: j >= 2 * i;

        loop invariant i_8: j < 3 * i;

        loop invariant i_9: k - i <= 2 * i;


        loop assigns k;
        loop assigns j;
        loop assigns i;
    */
    for (i=0;i<n;i++)
        /*@
            loop assigns k;
            loop assigns j;
            loop assigns i;
        */
        for (j = 2*i;j<3*i;j++)
            /*@
                loop assigns k;
            */
            for (k = i; k< j; k++) {
                //@ assert k-i <= 2*n ;
            }
END:
    return 0;
}
You are an expert in deductive program verification using ACSL and Frama-C.
The following loop invariant of the loop labeled "A" cannot be established from the function's `requires` clauses:
[Unprovable Initial Invariant] j < n + 1
This means the loop invariant is too strong at the loop entry, violating the establishment condition of loop correctness.  
Your task is to relax or weaken the loop invariant at the position marked by: "[Hint] Loop invariant too strong initially. Relax it."
IMPORTANT RULES:
1. The relaxed invariants must still hold:
   - Establishment: They must be provable solely from the function's requires clauses and the program state before entering the loop.
   - Preservation: after executing the loop body exactly once, the invariant still holds.
   - Zero-iteration case: the invariant is valid even if the loop never executes.
2. Do NOT restate or print any of the existing loop invariants.  
   Only output the modified (weakened) invariants necessary to make the establishment step succeed.
3. Your answer must be solely in the form:
   ```
   loop invariant ...;
   loop invariant ...;
   ...
   ```
4. All invariants must follow ACSL syntax and be valid loop invariants.
5. No explanation. No commentary. Just show me the loop invariant.
 /no_think
--------------------------
----------Response----------
[unused16][unused17]```
loop invariant i_0: 3 * n <= m + l;

loop invariant i_3: k >= i && k < j;

loop invariant i_4: k - i <= 2 * n;

loop invariant i_5: j >= i;

loop invariant i_6: j < n + 1;

loop invariant i_7: j >= 2 * i;

loop invariant i_8: j < 3 * i;

loop invariant i_9: k - i <= 2 * i;
```
----------------------------
-------------Establishment_requires: i_8: establishment---------------
----------Prompt----------

# define INT_MAX 2147483647
# define INT_MIN -2147483648
/*@
    requires INT_MIN < n && n < INT_MAX;
    requires INT_MIN < m && m < INT_MAX;
    requires INT_MIN < l && l < INT_MAX;
*/
int svcomp_17(int n, int m , int l) {
    int i, j, k;

    if(3 * n <= m + l); else goto END;
    
    // Loop A
    /*@
        [Hint] Loop invariant j < 3 * i too strong initially. Relax it.

        loop invariant i_0: 3 * n <= m + l;

        loop invariant i_3: k >= i && k < j;

        loop invariant i_4: k - i <= 2 * n;

        loop invariant i_5: j >= i;

        loop invariant i_6: j < n + 1;

        loop invariant i_7: j >= 2 * i;

        loop invariant i_8: j < 3 * i;

        loop invariant i_9: k - i <= 2 * i;


        loop assigns k;
        loop assigns j;
        loop assigns i;
    */
    for (i=0;i<n;i++)
        /*@
            loop assigns k;
            loop assigns j;
            loop assigns i;
        */
        for (j = 2*i;j<3*i;j++)
            /*@
                loop assigns k;
            */
            for (k = i; k< j; k++) {
                //@ assert k-i <= 2*n ;
            }
END:
    return 0;
}
You are an expert in deductive program verification using ACSL and Frama-C.
The following loop invariant of the loop labeled "A" cannot be established from the function's `requires` clauses:
[Unprovable Initial Invariant] j < 3 * i
This means the loop invariant is too strong at the loop entry, violating the establishment condition of loop correctness.  
Your task is to relax or weaken the loop invariant at the position marked by: "[Hint] Loop invariant too strong initially. Relax it."
IMPORTANT RULES:
1. The relaxed invariants must still hold:
   - Establishment: They must be provable solely from the function's requires clauses and the program state before entering the loop.
   - Preservation: after executing the loop body exactly once, the invariant still holds.
   - Zero-iteration case: the invariant is valid even if the loop never executes.
2. Do NOT restate or print any of the existing loop invariants.  
   Only output the modified (weakened) invariants necessary to make the establishment step succeed.
3. Your answer must be solely in the form:
   ```
   loop invariant ...;
   loop invariant ...;
   ...
   ```
4. All invariants must follow ACSL syntax and be valid loop invariants.
5. No explanation. No commentary. Just show me the loop invariant.
 /no_think
--------------------------
----------Response----------
[unused16][unused17]```
loop invariant i_0: 3 * n <= m + l;

loop invariant i_3: k >= i && k < j;

loop invariant i_4: k - i <= 2 * i;

loop invariant i_5: j >= i;

loop invariant i_6: j < n + 1;

loop invariant i_7: j >= 2 * i;

loop invariant i_8: j < 3 * i;

loop invariant i_9: k - i <= 2 * i;
```
----------------------------
-------------Establishment_requires: i_4: establishment---------------
----------Prompt----------

# define INT_MAX 2147483647
# define INT_MIN -2147483648
/*@
    requires INT_MIN < n && n < INT_MAX;
    requires INT_MIN < m && m < INT_MAX;
    requires INT_MIN < l && l < INT_MAX;
*/
int svcomp_17(int n, int m , int l) {
    int i, j, k;

    if(3 * n <= m + l); else goto END;
    
    // Loop A
    /*@
        [Hint] Loop invariant k - i <= 2 * n too strong initially. Relax it.

        loop invariant i_0: 3 * n <= m + l;

        loop invariant i_3: k >= i && k < j;

        loop invariant i_4: k - i <= 2 * n;

        loop invariant i_5: j >= i;

        loop invariant i_6: j < n + 1;

        loop invariant i_7: j >= 2 * i;

        loop invariant i_8: j < 3 * i;

        loop invariant i_9: k - i <= 2 * i;


        loop assigns k;
        loop assigns j;
        loop assigns i;
    */
    for (i=0;i<n;i++)
        /*@
            loop assigns k;
            loop assigns j;
            loop assigns i;
        */
        for (j = 2*i;j<3*i;j++)
            /*@
                loop assigns k;
            */
            for (k = i; k< j; k++) {
                //@ assert k-i <= 2*n ;
            }
END:
    return 0;
}
You are an expert in deductive program verification using ACSL and Frama-C.
The following loop invariant of the loop labeled "A" cannot be established from the function's `requires` clauses:
[Unprovable Initial Invariant] k - i <= 2 * n
This means the loop invariant is too strong at the loop entry, violating the establishment condition of loop correctness.  
Your task is to relax or weaken the loop invariant at the position marked by: "[Hint] Loop invariant too strong initially. Relax it."
IMPORTANT RULES:
1. The relaxed invariants must still hold:
   - Establishment: They must be provable solely from the function's requires clauses and the program state before entering the loop.
   - Preservation: after executing the loop body exactly once, the invariant still holds.
   - Zero-iteration case: the invariant is valid even if the loop never executes.
2. Do NOT restate or print any of the existing loop invariants.  
   Only output the modified (weakened) invariants necessary to make the establishment step succeed.
3. Your answer must be solely in the form:
   ```
   loop invariant ...;
   loop invariant ...;
   ...
   ```
4. All invariants must follow ACSL syntax and be valid loop invariants.
5. No explanation. No commentary. Just show me the loop invariant.
 /no_think
--------------------------
----------Response----------
[unused16][unused17]```
loop invariant i_0: 3 * n <= m + l;
loop invariant i_3: k >= i && k < j;
loop invariant i_4: k - i <= 4 * n;
loop invariant i_5: j >= i;
loop invariant i_6: j < n + 1;
loop invariant i_7: j >= 2 * i;
```
----------------------------
-------------Establishment_requires: i_3: establishment---------------
----------Prompt----------

# define INT_MAX 2147483647
# define INT_MIN -2147483648
/*@
    requires INT_MIN < n && n < INT_MAX;
    requires INT_MIN < m && m < INT_MAX;
    requires INT_MIN < l && l < INT_MAX;
*/
int svcomp_17(int n, int m , int l) {
    int i, j, k;

    if(3 * n <= m + l); else goto END;
    
    // Loop A
    /*@
        [Hint] Loop invariant k >= i && k < j too strong initially. Relax it.

        loop invariant i_0: 3 * n <= m + l;

        loop invariant i_3: k >= i && k < j;

        loop invariant i_4: k - i <= 2 * n;

        loop invariant i_5: j >= i;

        loop invariant i_6: j < n + 1;

        loop invariant i_7: j >= 2 * i;

        loop invariant i_8: j < 3 * i;

        loop invariant i_9: k - i <= 2 * i;

        loop invariant i_10: k - i <= 4 * n;


        loop assigns k;
        loop assigns j;
        loop assigns i;
    */
    for (i=0;i<n;i++)
        /*@
            loop assigns k;
            loop assigns j;
            loop assigns i;
        */
        for (j = 2*i;j<3*i;j++)
            /*@
                loop assigns k;
            */
            for (k = i; k< j; k++) {
                //@ assert k-i <= 2*n ;
            }
END:
    return 0;
}
You are an expert in deductive program verification using ACSL and Frama-C.
The following loop invariant of the loop labeled "A" cannot be established from the function's `requires` clauses:
[Unprovable Initial Invariant] k >= i && k < j
This means the loop invariant is too strong at the loop entry, violating the establishment condition of loop correctness.  
Your task is to relax or weaken the loop invariant at the position marked by: "[Hint] Loop invariant too strong initially. Relax it."
IMPORTANT RULES:
1. The relaxed invariants must still hold:
   - Establishment: They must be provable solely from the function's requires clauses and the program state before entering the loop.
   - Preservation: after executing the loop body exactly once, the invariant still holds.
   - Zero-iteration case: the invariant is valid even if the loop never executes.
2. Do NOT restate or print any of the existing loop invariants.  
   Only output the modified (weakened) invariants necessary to make the establishment step succeed.
3. Your answer must be solely in the form:
   ```
   loop invariant ...;
   loop invariant ...;
   ...
   ```
4. All invariants must follow ACSL syntax and be valid loop invariants.
5. No explanation. No commentary. Just show me the loop invariant.
 /no_think
--------------------------
----------Response----------
[unused16][unused17]```
loop invariant i_0: 3 * n <= m + l;

loop invariant i_3: k >= i && k < j;

loop invariant i_4: k - i <= 2 * n;

loop invariant i_5: j >= i;

loop invariant i_6: j < n + 1;

loop invariant i_7: j >= 2 * i;

loop invariant i_8: j < 3 * i;

loop invariant i_9: k - i <= 2 * i;

loop invariant i_10: k - i <= 4 * n;
```
----------------------------
--------------------------------
------------Invariant Info-----------
LOOP A:
i_0: 3 * n <= m + l
i_3: k >= i && k < j
i_4: k - i <= 2 * n
i_5: j >= i
i_6: j < n + 1
i_7: j >= 2 * i
i_8: j < 3 * i
i_9: k - i <= 2 * i
i_10: k - i <= 4 * n
------------------------------------
----------Code with Invariants----------
# define INT_MAX 2147483647
# define INT_MIN -2147483648
/*@
    requires INT_MIN < n && n < INT_MAX;
    requires INT_MIN < m && m < INT_MAX;
    requires INT_MIN < l && l < INT_MAX;
*/
int svcomp_17(int n, int m , int l) {
    int i, j, k;

    if(3 * n <= m + l); else goto END;
    
    // Loop A
    /*@
        loop invariant i_0: 3 * n <= m + l;

        loop invariant i_3: k >= i && k < j;

        loop invariant i_4: k - i <= 2 * n;

        loop invariant i_5: j >= i;

        loop invariant i_6: j < n + 1;

        loop invariant i_7: j >= 2 * i;

        loop invariant i_8: j < 3 * i;

        loop invariant i_9: k - i <= 2 * i;

        loop invariant i_10: k - i <= 4 * n;


        loop assigns k;
        loop assigns j;
        loop assigns i;
    */
    for (i=0;i<n;i++)
        /*@
            loop assigns k;
            loop assigns j;
            loop assigns i;
        */
        for (j = 2*i;j<3*i;j++)
            /*@
                loop assigns k;
            */
            for (k = i; k< j; k++) {
                //@ assert k-i <= 2*n ;
            }
END:
    return 0;
}
----------------------------------------
------------Invariant Info-----------
LOOP A:
i_0: 3 * n <= m + l
i_5: j >= i
i_7: j >= 2 * i
i_9: k - i <= 2 * i
i_10: k - i <= 4 * n
------------------------------------
----------Code with Invariants----------
# define INT_MAX 2147483647
# define INT_MIN -2147483648
/*@
    requires INT_MIN < n && n < INT_MAX;
    requires INT_MIN < m && m < INT_MAX;
    requires INT_MIN < l && l < INT_MAX;
*/
int svcomp_17(int n, int m , int l) {
    int i, j, k;

    if(3 * n <= m + l); else goto END;
    
    // Loop A
    /*@
        loop invariant i_0: 3 * n <= m + l;

        loop invariant i_5: j >= i;

        loop invariant i_7: j >= 2 * i;

        loop invariant i_9: k - i <= 2 * i;

        loop invariant i_10: k - i <= 4 * n;


        loop assigns k;
        loop assigns j;
        loop assigns i;
    */
    for (i=0;i<n;i++)
        /*@
            loop assigns k;
            loop assigns j;
            loop assigns i;
        */
        for (j = 2*i;j<3*i;j++)
            /*@
                loop assigns k;
            */
            for (k = i; k< j; k++) {
                //@ assert k-i <= 2*n ;
            }
END:
    return 0;
}
----------------------------------------
------------Invariant Info-----------
LOOP A:
i_0: 3 * n <= m + l
------------------------------------
----------Code with Invariants----------
# define INT_MAX 2147483647
# define INT_MIN -2147483648
/*@
    requires INT_MIN < n && n < INT_MAX;
    requires INT_MIN < m && m < INT_MAX;
    requires INT_MIN < l && l < INT_MAX;
*/
int svcomp_17(int n, int m , int l) {
    int i, j, k;

    if(3 * n <= m + l); else goto END;
    
    // Loop A
    /*@
        loop invariant i_0: 3 * n <= m + l;


        loop assigns k;
        loop assigns j;
        loop assigns i;
    */
    for (i=0;i<n;i++)
        /*@
            loop assigns k;
            loop assigns j;
            loop assigns i;
        */
        for (j = 2*i;j<3*i;j++)
            /*@
                loop assigns k;
            */
            for (k = i; k< j; k++) {
                //@ assert k-i <= 2*n ;
            }
END:
    return 0;
}
----------------------------------------
---------Result---------
Fail
Model: openPangu-Embedded-7B-V1.1
Running time: 360.57819962501526
Proposal number: 13
Verified code:

------------------------
