-----------Model-----------
Model type:
PanguEmbeddedForCausalLM(
  (model): PanguEmbeddedModel(
    (embed_tokens): Embedding(153376, 4096, padding_idx=0)
    (layers): ModuleList(
      (0-33): 34 x PanguEmbeddedDecoderLayer(
        (self_attn): PanguEmbeddedAttention(
          (q_proj): Linear(in_features=4096, out_features=4096, bias=True)
          (k_proj): Linear(in_features=4096, out_features=1024, bias=True)
          (v_proj): Linear(in_features=4096, out_features=1024, bias=True)
          (o_proj): Linear(in_features=4096, out_features=4096, bias=True)
        )
        (mlp): PanguEmbeddedMLP(
          (gate_proj): Linear(in_features=4096, out_features=12800, bias=False)
          (up_proj): Linear(in_features=4096, out_features=12800, bias=False)
          (down_proj): Linear(in_features=12800, out_features=4096, bias=False)
          (act_fn): SiLU()
        )
        (input_layernorm): PanguEmbeddedRMSNorm((4096,), eps=1e-05)
        (post_attention_layernorm): PanguEmbeddedRMSNorm((4096,), eps=1e-05)
      )
    )
    (norm): PanguEmbeddedRMSNorm((4096,), eps=1e-05)
    (rotary_emb): PanguEmbeddedRotaryEmbedding()
  )
  (lm_head): Linear(in_features=4096, out_features=153376, bias=False)
)
Model device:
npu:1
---------------------------
File Path: ../Benchmark/acsl-algorithms/_rod_cutting_dp.c
----------Code----------
/*@
    predicate is_max(integer a, integer b, integer result) =
        result >= a && 
        result >= b && 
        (result == a || result == b);
*/

/*@
    assigns \nothing;
    ensures is_max(a, b, \result);
*/
int max(int a, int b) {
  int max_val = a >= b ? a : b;
  return max_val;
}

/*@
  requires n > 1;
  requires \valid(price + (0..n));
  requires \valid(r + (0..n));
  requires \forall integer k; 0 <= k <= n ==> r[k] == 0;
  requires \forall integer k; 0 <= k <= n ==> price[k] > 0;
  ensures e_1: \forall integer p; 1 <= p <= n ==> (\forall integer q; 1 <= q < p + 1 ==> r[p] >= price[q] + r[p - q]);
  assigns r[0..n];
*/
int _rod_cutting_dp(int price[], int r[], int n) {
    /*@
      loop assigns r[0..n];
      loop assigns j;
    */
    for (int j = 1; j <= n; j++) {
        r[j] = -2147483648;
        /*@
            loop assigns r[j];
            loop assigns i;
        */
        for (int i = 1; i <= j; i++) {
            if (r[j] <= price[i] + r[j - i]){
                r[j] = price[i] + r[j - i];
            }
        }
    }
    return r[n];
}
------------------------
========== Attempt 1 ==========
----------Prompt----------

/*@
    predicate is_max(integer a, integer b, integer result) =
        result >= a && 
        result >= b && 
        (result == a || result == b);
*/

/*@
    assigns \nothing;
    ensures is_max(a, b, \result);
*/
int max(int a, int b) {
  int max_val = a >= b ? a : b;
  return max_val;
}

/*@
  requires n > 1;
  requires \valid(price + (0..n));
  requires \valid(r + (0..n));
  requires \forall integer k; 0 <= k <= n ==> r[k] == 0;
  requires \forall integer k; 0 <= k <= n ==> price[k] > 0;
  ensures e_1: \forall integer p; 1 <= p <= n ==> (\forall integer q; 1 <= q < p + 1 ==> r[p] >= price[q] + r[p - q]);
  assigns r[0..n];
*/
int _rod_cutting_dp(int price[], int r[], int n) {
  // Loop A
    /*@
      [Hint] Please infer the loop invariant for the following loop.

      loop assigns r[0..n];
      loop assigns j;
    */
    for (int j = 1; j <= n; j++) {
        r[j] = -2147483648;
        // Loop B
        /*@
            loop assigns r[j];
            loop assigns i;
        */
        for (int i = 1; i <= j; i++) {
            if (r[j] <= price[i] + r[j - i]){
                r[j] = price[i] + r[j - i];
            }
        }
    }
    return r[n];
}
You are an expert in program verification, and please generate loop invariant as C annotation comments at the hint location (annotated by "[Hint] Please infer the loop invariant for the following loop.") using ACSL language.
ACSL is a specification language for C programs that conforms to the design by contract paradigm, utilizing Hoare style pre- and postconditions and invariants. Note that the `loop invariant` clause is a condition that is true at the beginning and end of every loop iteration.
Specifically, for the current verification task:
    - Pre-condition: the function's `requires` clauses
    - Post-condition: 
Please verify that the generated loop invariant is consistent with these constraints. If these specific pre- or post-conditions are not provided or empty, please infer the loop invariant strictly based on the program's execution logic and standard correctness.
In order to get a correct answer, You may want to consider both the situation of not entering the loop and the situation of jumping out of the loop. If some of the pre-conditions are also loop invariant, you need to add them to your answer as well.
Use '&&', '||', '==>', '\forall' or '\exists' if necessary. For instance:
```
loop invariant 1 <= x;
loop invariant x == y;
loop invariant 0 < x ==> y <= z;
loop invariant z % 2 == 1 || x == y;
loop invariant z % 2 == 1 && x <= y;
loop invariant \forall integer k;  0 <= k < i ==> max >=  a[k];
loop invariant \exists integer k;  0 <= k < i &&  max == a[k];
loop invariant \forall integer p; 0 <= p < \at(k, End_l) ==> res[p] == \at(res[p], End_l);
```
Your answer should follow the following format:
```
loop invariant ...;
loop invariant ...;
...
```
No explanation. No commentary. Just show me the loop invariant.
 /no_think
--------------------------
----------Response----------
[unused16][unused17]loop invariant \forall integer j; 0 <= j <= n ==> r[j] == -2147483648;
loop invariant \forall integer j; 0 <= j <= n && j >= 1 ==> r[j] >= price[j];
loop invariant \forall integer i; 0 <= i <= j && i >= 1 ==> r[j] == price[i] + r[j - i];
----------------------------
----------Prompt----------

/*@
    predicate is_max(integer a, integer b, integer result) =
        result >= a && 
        result >= b && 
        (result == a || result == b);
*/

/*@
    assigns \nothing;
    ensures is_max(a, b, \result);
*/
int max(int a, int b) {
  int max_val = a >= b ? a : b;
  return max_val;
}

/*@
  requires n > 1;
  requires \valid(price + (0..n));
  requires \valid(r + (0..n));
  requires \forall integer k; 0 <= k <= n ==> r[k] == 0;
  requires \forall integer k; 0 <= k <= n ==> price[k] > 0;
  ensures e_1: \forall integer p; 1 <= p <= n ==> (\forall integer q; 1 <= q < p + 1 ==> r[p] >= price[q] + r[p - q]);
  assigns r[0..n];
*/
int _rod_cutting_dp(int price[], int r[], int n) {
  // Loop A
    /*@
      loop invariant i_0: \forall integer j; 0 <= j <= n ==> r[j] == -2147483648;

      loop invariant i_1: \forall integer j; 0 <= j <= n && j >= 1 ==> r[j] >= price[j];

      loop invariant i_2: \forall integer i; 0 <= i <= j && i >= 1 ==> r[j] == price[i] + r[j - i];


      loop assigns r[0..n];
      loop assigns j;
    */
    for (int j = 1; j <= n; j++) {
        r[j] = -2147483648;
        // Loop B
        /*@
            [Hint] Please infer the loop invariant for the following loop.

            loop assigns r[j];
            loop assigns i;
        */
        for (int i = 1; i <= j; i++) {
            if (r[j] <= price[i] + r[j - i]){
                r[j] = price[i] + r[j - i];
            }
        }
    }
    return r[n];
}
You are an expert in program verification, and please generate loop invariant as C annotation comments at the hint location (annotated by "[Hint] Please infer the loop invariant for the following loop.") using ACSL language.
ACSL is a specification language for C programs that conforms to the design by contract paradigm, utilizing Hoare style pre- and postconditions and invariants. Note that the `loop invariant` clause is a condition that is true at the beginning and end of every loop iteration.
Specifically, for the current verification task:
    - Pre-condition: i_0:\forall integer j; 0 <= j <= n ==> r[j] == -2147483648; i_1:\forall integer j; 0 <= j <= n && j >= 1 ==> r[j] >= price[j]; i_2:\forall integer i; 0 <= i <= j && i >= 1 ==> r[j] == price[i] + r[j - i]; 
    - Post-condition: i_0:\forall integer j; 0 <= j <= n ==> r[j] == -2147483648; i_1:\forall integer j; 0 <= j <= n && j >= 1 ==> r[j] >= price[j]; i_2:\forall integer i; 0 <= i <= j && i >= 1 ==> r[j] == price[i] + r[j - i]; 
Please verify that the generated loop invariant is consistent with these constraints. If these specific pre- or post-conditions are not provided or empty, please infer the loop invariant strictly based on the program's execution logic and standard correctness.
In order to get a correct answer, You may want to consider both the situation of not entering the loop and the situation of jumping out of the loop. If some of the pre-conditions are also loop invariant, you need to add them to your answer as well.
Use '&&', '||', '==>', '\forall' or '\exists' if necessary. For instance:
```
loop invariant 1 <= x;
loop invariant x == y;
loop invariant 0 < x ==> y <= z;
loop invariant z % 2 == 1 || x == y;
loop invariant z % 2 == 1 && x <= y;
loop invariant \forall integer k;  0 <= k < i ==> max >=  a[k];
loop invariant \exists integer k;  0 <= k < i &&  max == a[k];
loop invariant \forall integer p; 0 <= p < \at(k, End_l) ==> res[p] == \at(res[p], End_l);
```
Your answer should follow the following format:
```
loop invariant ...;
loop invariant ...;
...
```
No explanation. No commentary. Just show me the loop invariant.
 /no_think
--------------------------
----------Response----------
[unused16][unused17][Loop <Loop A>]
loop invariant \forall integer j; 0 <= j <= n ==> r[j] == -2147483648;
loop invariant \forall integer j; 0 <= j <= n && j >= 1 ==> r[j] >= price[j];
loop invariant \forall integer i; 0 <= i <= j && i >= 1 ==> r[j] == price[i] + r[j - i];

[Loop <Loop B>]
loop invariant \forall integer i; 0 <= i <= j && i >= 1 ==> r[j] == price[i] + r[j - i];
----------------------------
------------Invariant Info-----------
LOOP A:
i_0: \forall integer j; 0 <= j <= n ==> r[j] == -2147483648
i_1: \forall integer j; 0 <= j <= n && j >= 1 ==> r[j] >= price[j]
i_2: \forall integer i; 0 <= i <= j && i >= 1 ==> r[j] == price[i] + r[j - i]
LOOP B:
i_3: \forall integer j; 0 <= j <= n ==> r[j] == -2147483648
i_4: \forall integer j; 0 <= j <= n && j >= 1 ==> r[j] >= price[j]
i_5: \forall integer i; 0 <= i <= j && i >= 1 ==> r[j] == price[i] + r[j - i]
------------------------------------
---------- Code with Invariants ----------
/*@
    predicate is_max(integer a, integer b, integer result) =
        result >= a && 
        result >= b && 
        (result == a || result == b);
*/

/*@
    assigns \nothing;
    ensures is_max(a, b, \result);
*/
int max(int a, int b) {
  int max_val = a >= b ? a : b;
  return max_val;
}

/*@
  requires n > 1;
  requires \valid(price + (0..n));
  requires \valid(r + (0..n));
  requires \forall integer k; 0 <= k <= n ==> r[k] == 0;
  requires \forall integer k; 0 <= k <= n ==> price[k] > 0;
  ensures e_1: \forall integer p; 1 <= p <= n ==> (\forall integer q; 1 <= q < p + 1 ==> r[p] >= price[q] + r[p - q]);
  assigns r[0..n];
*/
int _rod_cutting_dp(int price[], int r[], int n) {
  // Loop A
    /*@
      loop invariant i_0: \forall integer j; 0 <= j <= n ==> r[j] == -2147483648;

      loop invariant i_1: \forall integer j; 0 <= j <= n && j >= 1 ==> r[j] >= price[j];

      loop invariant i_2: \forall integer i; 0 <= i <= j && i >= 1 ==> r[j] == price[i] + r[j - i];


      loop assigns r[0..n];
      loop assigns j;
    */
    for (int j = 1; j <= n; j++) {
        r[j] = -2147483648;
        // Loop B
        /*@
            loop invariant i_3: \forall integer j; 0 <= j <= n ==> r[j] == -2147483648;

            loop invariant i_4: \forall integer j; 0 <= j <= n && j >= 1 ==> r[j] >= price[j];

            loop invariant i_5: \forall integer i; 0 <= i <= j && i >= 1 ==> r[j] == price[i] + r[j - i];


            loop assigns r[j];
            loop assigns i;
        */
        for (int i = 1; i <= j; i++) {
            if (r[j] <= price[i] + r[j - i]){
                r[j] = price[i] + r[j - i];
            }
        }
    }
    return r[n];
}
------------------------------------------
Verification failed (Fail_25_26), removing all invariants and retrying.
========== Attempt 2 ==========
----------Prompt----------

/*@
    predicate is_max(integer a, integer b, integer result) =
        result >= a && 
        result >= b && 
        (result == a || result == b);
*/

/*@
    assigns \nothing;
    ensures is_max(a, b, \result);
*/
int max(int a, int b) {
  int max_val = a >= b ? a : b;
  return max_val;
}

/*@
  requires n > 1;
  requires \valid(price + (0..n));
  requires \valid(r + (0..n));
  requires \forall integer k; 0 <= k <= n ==> r[k] == 0;
  requires \forall integer k; 0 <= k <= n ==> price[k] > 0;
  ensures e_1: \forall integer p; 1 <= p <= n ==> (\forall integer q; 1 <= q < p + 1 ==> r[p] >= price[q] + r[p - q]);
  assigns r[0..n];
*/
int _rod_cutting_dp(int price[], int r[], int n) {
  // Loop A
    /*@
      [Hint] Please infer the loop invariant for the following loop.

      loop assigns r[0..n];
      loop assigns j;
    */
    for (int j = 1; j <= n; j++) {
        r[j] = -2147483648;
        // Loop B
        /*@
            loop assigns r[j];
            loop assigns i;
        */
        for (int i = 1; i <= j; i++) {
            if (r[j] <= price[i] + r[j - i]){
                r[j] = price[i] + r[j - i];
            }
        }
    }
    return r[n];
}
You are an expert in program verification, and please generate loop invariant as C annotation comments at the hint location (annotated by "[Hint] Please infer the loop invariant for the following loop.") using ACSL language.
ACSL is a specification language for C programs that conforms to the design by contract paradigm, utilizing Hoare style pre- and postconditions and invariants. Note that the `loop invariant` clause is a condition that is true at the beginning and end of every loop iteration.
Specifically, for the current verification task:
    - Pre-condition: the function's `requires` clauses
    - Post-condition: 
Please verify that the generated loop invariant is consistent with these constraints. If these specific pre- or post-conditions are not provided or empty, please infer the loop invariant strictly based on the program's execution logic and standard correctness.
In order to get a correct answer, You may want to consider both the situation of not entering the loop and the situation of jumping out of the loop. If some of the pre-conditions are also loop invariant, you need to add them to your answer as well.
Use '&&', '||', '==>', '\forall' or '\exists' if necessary. For instance:
```
loop invariant 1 <= x;
loop invariant x == y;
loop invariant 0 < x ==> y <= z;
loop invariant z % 2 == 1 || x == y;
loop invariant z % 2 == 1 && x <= y;
loop invariant \forall integer k;  0 <= k < i ==> max >=  a[k];
loop invariant \exists integer k;  0 <= k < i &&  max == a[k];
loop invariant \forall integer p; 0 <= p < \at(k, End_l) ==> res[p] == \at(res[p], End_l);
```
Your answer should follow the following format:
```
loop invariant ...;
loop invariant ...;
...
```
No explanation. No commentary. Just show me the loop invariant.
 /no_think
--------------------------
----------Response----------
[unused16][unused17]```
loop invariant 1 <= j;
loop invariant j <= n;
```
----------------------------
----------Prompt----------

/*@
    predicate is_max(integer a, integer b, integer result) =
        result >= a && 
        result >= b && 
        (result == a || result == b);
*/

/*@
    assigns \nothing;
    ensures is_max(a, b, \result);
*/
int max(int a, int b) {
  int max_val = a >= b ? a : b;
  return max_val;
}

/*@
  requires n > 1;
  requires \valid(price + (0..n));
  requires \valid(r + (0..n));
  requires \forall integer k; 0 <= k <= n ==> r[k] == 0;
  requires \forall integer k; 0 <= k <= n ==> price[k] > 0;
  ensures e_1: \forall integer p; 1 <= p <= n ==> (\forall integer q; 1 <= q < p + 1 ==> r[p] >= price[q] + r[p - q]);
  assigns r[0..n];
*/
int _rod_cutting_dp(int price[], int r[], int n) {
  // Loop A
    /*@
      loop invariant i_6: 1 <= j;

      loop invariant i_7: j <= n;


      loop assigns r[0..n];
      loop assigns j;
    */
    for (int j = 1; j <= n; j++) {
        r[j] = -2147483648;
        // Loop B
        /*@
            [Hint] Please infer the loop invariant for the following loop.

            loop assigns r[j];
            loop assigns i;
        */
        for (int i = 1; i <= j; i++) {
            if (r[j] <= price[i] + r[j - i]){
                r[j] = price[i] + r[j - i];
            }
        }
    }
    return r[n];
}
You are an expert in program verification, and please generate loop invariant as C annotation comments at the hint location (annotated by "[Hint] Please infer the loop invariant for the following loop.") using ACSL language.
ACSL is a specification language for C programs that conforms to the design by contract paradigm, utilizing Hoare style pre- and postconditions and invariants. Note that the `loop invariant` clause is a condition that is true at the beginning and end of every loop iteration.
Specifically, for the current verification task:
    - Pre-condition: i_6:1 <= j; i_7:j <= n; 
    - Post-condition: i_6:1 <= j; i_7:j <= n; 
Please verify that the generated loop invariant is consistent with these constraints. If these specific pre- or post-conditions are not provided or empty, please infer the loop invariant strictly based on the program's execution logic and standard correctness.
In order to get a correct answer, You may want to consider both the situation of not entering the loop and the situation of jumping out of the loop. If some of the pre-conditions are also loop invariant, you need to add them to your answer as well.
Use '&&', '||', '==>', '\forall' or '\exists' if necessary. For instance:
```
loop invariant 1 <= x;
loop invariant x == y;
loop invariant 0 < x ==> y <= z;
loop invariant z % 2 == 1 || x == y;
loop invariant z % 2 == 1 && x <= y;
loop invariant \forall integer k;  0 <= k < i ==> max >=  a[k];
loop invariant \exists integer k;  0 <= k < i &&  max == a[k];
loop invariant \forall integer p; 0 <= p < \at(k, End_l) ==> res[p] == \at(res[p], End_l);
```
Your answer should follow the following format:
```
loop invariant ...;
loop invariant ...;
...
```
No explanation. No commentary. Just show me the loop invariant.
 /no_think
--------------------------
----------Response----------
[unused16][unused17]loop invariant 1 <= j;
loop invariant j <= n;
loop invariant r[j] == -2147483648;
```
loop invariant 1 <= j;
loop invariant j <= n;
```
----------------------------
------------Invariant Info-----------
LOOP A:
i_6: 1 <= j
i_7: j <= n
LOOP B:
i_8: 1 <= j
i_9: j <= n
i_10: r[j] == -2147483648
------------------------------------
---------- Code with Invariants ----------
/*@
    predicate is_max(integer a, integer b, integer result) =
        result >= a && 
        result >= b && 
        (result == a || result == b);
*/

/*@
    assigns \nothing;
    ensures is_max(a, b, \result);
*/
int max(int a, int b) {
  int max_val = a >= b ? a : b;
  return max_val;
}

/*@
  requires n > 1;
  requires \valid(price + (0..n));
  requires \valid(r + (0..n));
  requires \forall integer k; 0 <= k <= n ==> r[k] == 0;
  requires \forall integer k; 0 <= k <= n ==> price[k] > 0;
  ensures e_1: \forall integer p; 1 <= p <= n ==> (\forall integer q; 1 <= q < p + 1 ==> r[p] >= price[q] + r[p - q]);
  assigns r[0..n];
*/
int _rod_cutting_dp(int price[], int r[], int n) {
  // Loop A
    /*@
      loop invariant i_6: 1 <= j;

      loop invariant i_7: j <= n;


      loop assigns r[0..n];
      loop assigns j;
    */
    for (int j = 1; j <= n; j++) {
        r[j] = -2147483648;
        // Loop B
        /*@
            loop invariant i_8: 1 <= j;

            loop invariant i_9: j <= n;

            loop invariant i_10: r[j] == -2147483648;


            loop assigns r[j];
            loop assigns i;
        */
        for (int i = 1; i <= j; i++) {
            if (r[j] <= price[i] + r[j - i]){
                r[j] = price[i] + r[j - i];
            }
        }
    }
    return r[n];
}
------------------------------------------
Verification failed (Fail_22_24), removing all invariants and retrying.
========== Attempt 3 ==========
----------Prompt----------

/*@
    predicate is_max(integer a, integer b, integer result) =
        result >= a && 
        result >= b && 
        (result == a || result == b);
*/

/*@
    assigns \nothing;
    ensures is_max(a, b, \result);
*/
int max(int a, int b) {
  int max_val = a >= b ? a : b;
  return max_val;
}

/*@
  requires n > 1;
  requires \valid(price + (0..n));
  requires \valid(r + (0..n));
  requires \forall integer k; 0 <= k <= n ==> r[k] == 0;
  requires \forall integer k; 0 <= k <= n ==> price[k] > 0;
  ensures e_1: \forall integer p; 1 <= p <= n ==> (\forall integer q; 1 <= q < p + 1 ==> r[p] >= price[q] + r[p - q]);
  assigns r[0..n];
*/
int _rod_cutting_dp(int price[], int r[], int n) {
  // Loop A
    /*@
      [Hint] Please infer the loop invariant for the following loop.

      loop assigns r[0..n];
      loop assigns j;
    */
    for (int j = 1; j <= n; j++) {
        r[j] = -2147483648;
        // Loop B
        /*@
            loop assigns r[j];
            loop assigns i;
        */
        for (int i = 1; i <= j; i++) {
            if (r[j] <= price[i] + r[j - i]){
                r[j] = price[i] + r[j - i];
            }
        }
    }
    return r[n];
}
You are an expert in program verification, and please generate loop invariant as C annotation comments at the hint location (annotated by "[Hint] Please infer the loop invariant for the following loop.") using ACSL language.
ACSL is a specification language for C programs that conforms to the design by contract paradigm, utilizing Hoare style pre- and postconditions and invariants. Note that the `loop invariant` clause is a condition that is true at the beginning and end of every loop iteration.
Specifically, for the current verification task:
    - Pre-condition: the function's `requires` clauses
    - Post-condition: 
Please verify that the generated loop invariant is consistent with these constraints. If these specific pre- or post-conditions are not provided or empty, please infer the loop invariant strictly based on the program's execution logic and standard correctness.
In order to get a correct answer, You may want to consider both the situation of not entering the loop and the situation of jumping out of the loop. If some of the pre-conditions are also loop invariant, you need to add them to your answer as well.
Use '&&', '||', '==>', '\forall' or '\exists' if necessary. For instance:
```
loop invariant 1 <= x;
loop invariant x == y;
loop invariant 0 < x ==> y <= z;
loop invariant z % 2 == 1 || x == y;
loop invariant z % 2 == 1 && x <= y;
loop invariant \forall integer k;  0 <= k < i ==> max >=  a[k];
loop invariant \exists integer k;  0 <= k < i &&  max == a[k];
loop invariant \forall integer p; 0 <= p < \at(k, End_l) ==> res[p] == \at(res[p], End_l);
```
Your answer should follow the following format:
```
loop invariant ...;
loop invariant ...;
...
```
No explanation. No commentary. Just show me the loop invariant.
 /no_think
--------------------------
----------Response----------
[unused16][unused17][Loop <LOOP A>]
loop invariant j >= 1;
loop invariant \forall integer i; 0 <= i <= j && r[j] == -2147483648;
loop invariant j <= n;
loop invariant \forall integer i; 0 <= i <= j && r[j] == price[i] + r[j - i];

[Loop <LOOP B>]
loop invariant i >= 1;
loop invariant i <= j;
loop invariant \forall integer i; 0 <= i <= j && r[j] == price[i] + r[j - i];
----------------------------
----------Prompt----------

/*@
    predicate is_max(integer a, integer b, integer result) =
        result >= a && 
        result >= b && 
        (result == a || result == b);
*/

/*@
    assigns \nothing;
    ensures is_max(a, b, \result);
*/
int max(int a, int b) {
  int max_val = a >= b ? a : b;
  return max_val;
}

/*@
  requires n > 1;
  requires \valid(price + (0..n));
  requires \valid(r + (0..n));
  requires \forall integer k; 0 <= k <= n ==> r[k] == 0;
  requires \forall integer k; 0 <= k <= n ==> price[k] > 0;
  ensures e_1: \forall integer p; 1 <= p <= n ==> (\forall integer q; 1 <= q < p + 1 ==> r[p] >= price[q] + r[p - q]);
  assigns r[0..n];
*/
int _rod_cutting_dp(int price[], int r[], int n) {
  // Loop A
    /*@
      loop invariant i_11: j >= 1;

      loop invariant i_12: \forall integer i; 0 <= i <= j && r[j] == -2147483648;

      loop invariant i_13: j <= n;

      loop invariant i_14: \forall integer i; 0 <= i <= j && r[j] == price[i] + r[j - i];

      loop invariant i_15: i >= 1;

      loop invariant i_16: i <= j;


      loop assigns r[0..n];
      loop assigns j;
    */
    for (int j = 1; j <= n; j++) {
        r[j] = -2147483648;
        // Loop B
        /*@
            [Hint] Please infer the loop invariant for the following loop.

            loop assigns r[j];
            loop assigns i;
        */
        for (int i = 1; i <= j; i++) {
            if (r[j] <= price[i] + r[j - i]){
                r[j] = price[i] + r[j - i];
            }
        }
    }
    return r[n];
}
You are an expert in program verification, and please generate loop invariant as C annotation comments at the hint location (annotated by "[Hint] Please infer the loop invariant for the following loop.") using ACSL language.
ACSL is a specification language for C programs that conforms to the design by contract paradigm, utilizing Hoare style pre- and postconditions and invariants. Note that the `loop invariant` clause is a condition that is true at the beginning and end of every loop iteration.
Specifically, for the current verification task:
    - Pre-condition: i_11:j >= 1; i_12:\forall integer i; 0 <= i <= j && r[j] == -2147483648; i_13:j <= n; i_14:\forall integer i; 0 <= i <= j && r[j] == price[i] + r[j - i]; i_15:i >= 1; i_16:i <= j; 
    - Post-condition: i_11:j >= 1; i_12:\forall integer i; 0 <= i <= j && r[j] == -2147483648; i_13:j <= n; i_14:\forall integer i; 0 <= i <= j && r[j] == price[i] + r[j - i]; i_15:i >= 1; i_16:i <= j; 
Please verify that the generated loop invariant is consistent with these constraints. If these specific pre- or post-conditions are not provided or empty, please infer the loop invariant strictly based on the program's execution logic and standard correctness.
In order to get a correct answer, You may want to consider both the situation of not entering the loop and the situation of jumping out of the loop. If some of the pre-conditions are also loop invariant, you need to add them to your answer as well.
Use '&&', '||', '==>', '\forall' or '\exists' if necessary. For instance:
```
loop invariant 1 <= x;
loop invariant x == y;
loop invariant 0 < x ==> y <= z;
loop invariant z % 2 == 1 || x == y;
loop invariant z % 2 == 1 && x <= y;
loop invariant \forall integer k;  0 <= k < i ==> max >=  a[k];
loop invariant \exists integer k;  0 <= k < i &&  max == a[k];
loop invariant \forall integer p; 0 <= p < \at(k, End_l) ==> res[p] == \at(res[p], End_l);
```
Your answer should follow the following format:
```
loop invariant ...;
loop invariant ...;
...
```
No explanation. No commentary. Just show me the loop invariant.
 /no_think
--------------------------
----------Response----------
[unused16][unused17]loop invariant j >= 1;
loop invariant \forall integer i; 0 <= i <= j && r[j] == -2147483648;
loop invariant j <= n;
loop invariant \forall integer i; 0 <= i <= j && r[j] == price[i] + r[j - i];
loop invariant i >= 1;
loop invariant i <= j;
loop invariant \forall integer i; 0 <= i <= j && r[j] == price[i] + r[j - i]; 
loop invariant \forall integer k; 0 <= k < i ==> r[k] == -2147483648;
loop invariant \forall integer k; 0 <= k < i ==> r[k] == -2147483648;
```
----------------------------
------------Invariant Info-----------
LOOP A:
i_11: j >= 1
i_12: \forall integer i; 0 <= i <= j && r[j] == -2147483648
i_13: j <= n
i_14: \forall integer i; 0 <= i <= j && r[j] == price[i] + r[j - i]
i_15: i >= 1
i_16: i <= j
LOOP B:
i_17: j >= 1
i_18: \forall integer i; 0 <= i <= j && r[j] == -2147483648
i_19: j <= n
i_20: \forall integer i; 0 <= i <= j && r[j] == price[i] + r[j - i]
i_21: i >= 1
i_22: i <= j
i_23: \forall integer k; 0 <= k < i ==> r[k] == -2147483648
------------------------------------
---------- Code with Invariants ----------
/*@
    predicate is_max(integer a, integer b, integer result) =
        result >= a && 
        result >= b && 
        (result == a || result == b);
*/

/*@
    assigns \nothing;
    ensures is_max(a, b, \result);
*/
int max(int a, int b) {
  int max_val = a >= b ? a : b;
  return max_val;
}

/*@
  requires n > 1;
  requires \valid(price + (0..n));
  requires \valid(r + (0..n));
  requires \forall integer k; 0 <= k <= n ==> r[k] == 0;
  requires \forall integer k; 0 <= k <= n ==> price[k] > 0;
  ensures e_1: \forall integer p; 1 <= p <= n ==> (\forall integer q; 1 <= q < p + 1 ==> r[p] >= price[q] + r[p - q]);
  assigns r[0..n];
*/
int _rod_cutting_dp(int price[], int r[], int n) {
  // Loop A
    /*@
      loop invariant i_11: j >= 1;

      loop invariant i_12: \forall integer i; 0 <= i <= j && r[j] == -2147483648;

      loop invariant i_13: j <= n;

      loop invariant i_14: \forall integer i; 0 <= i <= j && r[j] == price[i] + r[j - i];

      loop invariant i_15: i >= 1;

      loop invariant i_16: i <= j;


      loop assigns r[0..n];
      loop assigns j;
    */
    for (int j = 1; j <= n; j++) {
        r[j] = -2147483648;
        // Loop B
        /*@
            loop invariant i_17: j >= 1;

            loop invariant i_18: \forall integer i; 0 <= i <= j && r[j] == -2147483648;

            loop invariant i_19: j <= n;

            loop invariant i_20: \forall integer i; 0 <= i <= j && r[j] == price[i] + r[j - i];

            loop invariant i_21: i >= 1;

            loop invariant i_22: i <= j;

            loop invariant i_23: \forall integer k; 0 <= k < i ==> r[k] == -2147483648;


            loop assigns r[j];
            loop assigns i;
        */
        for (int i = 1; i <= j; i++) {
            if (r[j] <= price[i] + r[j - i]){
                r[j] = price[i] + r[j - i];
            }
        }
    }
    return r[n];
}
------------------------------------------
Verification failed (Invalid), removing all invariants and retrying.
========== Attempt 4 ==========
----------Prompt----------

/*@
    predicate is_max(integer a, integer b, integer result) =
        result >= a && 
        result >= b && 
        (result == a || result == b);
*/

/*@
    assigns \nothing;
    ensures is_max(a, b, \result);
*/
int max(int a, int b) {
  int max_val = a >= b ? a : b;
  return max_val;
}

/*@
  requires n > 1;
  requires \valid(price + (0..n));
  requires \valid(r + (0..n));
  requires \forall integer k; 0 <= k <= n ==> r[k] == 0;
  requires \forall integer k; 0 <= k <= n ==> price[k] > 0;
  ensures e_1: \forall integer p; 1 <= p <= n ==> (\forall integer q; 1 <= q < p + 1 ==> r[p] >= price[q] + r[p - q]);
  assigns r[0..n];
*/
int _rod_cutting_dp(int price[], int r[], int n) {
  // Loop A
    /*@
      [Hint] Please infer the loop invariant for the following loop.

      loop assigns r[0..n];
      loop assigns j;
    */
    for (int j = 1; j <= n; j++) {
        r[j] = -2147483648;
        // Loop B
        /*@
            loop assigns r[j];
            loop assigns i;
        */
        for (int i = 1; i <= j; i++) {
            if (r[j] <= price[i] + r[j - i]){
                r[j] = price[i] + r[j - i];
            }
        }
    }
    return r[n];
}
You are an expert in program verification, and please generate loop invariant as C annotation comments at the hint location (annotated by "[Hint] Please infer the loop invariant for the following loop.") using ACSL language.
ACSL is a specification language for C programs that conforms to the design by contract paradigm, utilizing Hoare style pre- and postconditions and invariants. Note that the `loop invariant` clause is a condition that is true at the beginning and end of every loop iteration.
Specifically, for the current verification task:
    - Pre-condition: the function's `requires` clauses
    - Post-condition: 
Please verify that the generated loop invariant is consistent with these constraints. If these specific pre- or post-conditions are not provided or empty, please infer the loop invariant strictly based on the program's execution logic and standard correctness.
In order to get a correct answer, You may want to consider both the situation of not entering the loop and the situation of jumping out of the loop. If some of the pre-conditions are also loop invariant, you need to add them to your answer as well.
Use '&&', '||', '==>', '\forall' or '\exists' if necessary. For instance:
```
loop invariant 1 <= x;
loop invariant x == y;
loop invariant 0 < x ==> y <= z;
loop invariant z % 2 == 1 || x == y;
loop invariant z % 2 == 1 && x <= y;
loop invariant \forall integer k;  0 <= k < i ==> max >=  a[k];
loop invariant \exists integer k;  0 <= k < i &&  max == a[k];
loop invariant \forall integer p; 0 <= p < \at(k, End_l) ==> res[p] == \at(res[p], End_l);
```
Your answer should follow the following format:
```
loop invariant ...;
loop invariant ...;
...
```
No explanation. No commentary. Just show me the loop invariant.
 /no_think
--------------------------
----------Response----------
[unused16][unused17]```
loop invariant 1 <= j;
loop invariant j <= n;
loop invariant r[j] >= -2147483648;
```
----------------------------
----------Prompt----------

/*@
    predicate is_max(integer a, integer b, integer result) =
        result >= a && 
        result >= b && 
        (result == a || result == b);
*/

/*@
    assigns \nothing;
    ensures is_max(a, b, \result);
*/
int max(int a, int b) {
  int max_val = a >= b ? a : b;
  return max_val;
}

/*@
  requires n > 1;
  requires \valid(price + (0..n));
  requires \valid(r + (0..n));
  requires \forall integer k; 0 <= k <= n ==> r[k] == 0;
  requires \forall integer k; 0 <= k <= n ==> price[k] > 0;
  ensures e_1: \forall integer p; 1 <= p <= n ==> (\forall integer q; 1 <= q < p + 1 ==> r[p] >= price[q] + r[p - q]);
  assigns r[0..n];
*/
int _rod_cutting_dp(int price[], int r[], int n) {
  // Loop A
    /*@
      loop invariant i_24: 1 <= j;

      loop invariant i_25: j <= n;

      loop invariant i_26: r[j] >= -2147483648;


      loop assigns r[0..n];
      loop assigns j;
    */
    for (int j = 1; j <= n; j++) {
        r[j] = -2147483648;
        // Loop B
        /*@
            [Hint] Please infer the loop invariant for the following loop.

            loop assigns r[j];
            loop assigns i;
        */
        for (int i = 1; i <= j; i++) {
            if (r[j] <= price[i] + r[j - i]){
                r[j] = price[i] + r[j - i];
            }
        }
    }
    return r[n];
}
You are an expert in program verification, and please generate loop invariant as C annotation comments at the hint location (annotated by "[Hint] Please infer the loop invariant for the following loop.") using ACSL language.
ACSL is a specification language for C programs that conforms to the design by contract paradigm, utilizing Hoare style pre- and postconditions and invariants. Note that the `loop invariant` clause is a condition that is true at the beginning and end of every loop iteration.
Specifically, for the current verification task:
    - Pre-condition: i_24:1 <= j; i_25:j <= n; i_26:r[j] >= -2147483648; 
    - Post-condition: i_24:1 <= j; i_25:j <= n; i_26:r[j] >= -2147483648; 
Please verify that the generated loop invariant is consistent with these constraints. If these specific pre- or post-conditions are not provided or empty, please infer the loop invariant strictly based on the program's execution logic and standard correctness.
In order to get a correct answer, You may want to consider both the situation of not entering the loop and the situation of jumping out of the loop. If some of the pre-conditions are also loop invariant, you need to add them to your answer as well.
Use '&&', '||', '==>', '\forall' or '\exists' if necessary. For instance:
```
loop invariant 1 <= x;
loop invariant x == y;
loop invariant 0 < x ==> y <= z;
loop invariant z % 2 == 1 || x == y;
loop invariant z % 2 == 1 && x <= y;
loop invariant \forall integer k;  0 <= k < i ==> max >=  a[k];
loop invariant \exists integer k;  0 <= k < i &&  max == a[k];
loop invariant \forall integer p; 0 <= p < \at(k, End_l) ==> res[p] == \at(res[p], End_l);
```
Your answer should follow the following format:
```
loop invariant ...;
loop invariant ...;
...
```
No explanation. No commentary. Just show me the loop invariant.
 /no_think
--------------------------
----------Response----------
[unused16][unused17]```
loop invariant 1 <= j;
loop invariant j <= n;
loop invariant r[j] >= -2147483648;
```
----------------------------
------------Invariant Info-----------
LOOP A:
i_24: 1 <= j
i_25: j <= n
i_26: r[j] >= -2147483648
LOOP B:
i_27: 1 <= j
i_28: j <= n
i_29: r[j] >= -2147483648
------------------------------------
---------- Code with Invariants ----------
/*@
    predicate is_max(integer a, integer b, integer result) =
        result >= a && 
        result >= b && 
        (result == a || result == b);
*/

/*@
    assigns \nothing;
    ensures is_max(a, b, \result);
*/
int max(int a, int b) {
  int max_val = a >= b ? a : b;
  return max_val;
}

/*@
  requires n > 1;
  requires \valid(price + (0..n));
  requires \valid(r + (0..n));
  requires \forall integer k; 0 <= k <= n ==> r[k] == 0;
  requires \forall integer k; 0 <= k <= n ==> price[k] > 0;
  ensures e_1: \forall integer p; 1 <= p <= n ==> (\forall integer q; 1 <= q < p + 1 ==> r[p] >= price[q] + r[p - q]);
  assigns r[0..n];
*/
int _rod_cutting_dp(int price[], int r[], int n) {
  // Loop A
    /*@
      loop invariant i_24: 1 <= j;

      loop invariant i_25: j <= n;

      loop invariant i_26: r[j] >= -2147483648;


      loop assigns r[0..n];
      loop assigns j;
    */
    for (int j = 1; j <= n; j++) {
        r[j] = -2147483648;
        // Loop B
        /*@
            loop invariant i_27: 1 <= j;

            loop invariant i_28: j <= n;

            loop invariant i_29: r[j] >= -2147483648;


            loop assigns r[j];
            loop assigns i;
        */
        for (int i = 1; i <= j; i++) {
            if (r[j] <= price[i] + r[j - i]){
                r[j] = price[i] + r[j - i];
            }
        }
    }
    return r[n];
}
------------------------------------------
Verification failed (Fail_25_26), removing all invariants and retrying.
========== Attempt 5 ==========
----------Prompt----------

/*@
    predicate is_max(integer a, integer b, integer result) =
        result >= a && 
        result >= b && 
        (result == a || result == b);
*/

/*@
    assigns \nothing;
    ensures is_max(a, b, \result);
*/
int max(int a, int b) {
  int max_val = a >= b ? a : b;
  return max_val;
}

/*@
  requires n > 1;
  requires \valid(price + (0..n));
  requires \valid(r + (0..n));
  requires \forall integer k; 0 <= k <= n ==> r[k] == 0;
  requires \forall integer k; 0 <= k <= n ==> price[k] > 0;
  ensures e_1: \forall integer p; 1 <= p <= n ==> (\forall integer q; 1 <= q < p + 1 ==> r[p] >= price[q] + r[p - q]);
  assigns r[0..n];
*/
int _rod_cutting_dp(int price[], int r[], int n) {
  // Loop A
    /*@
      [Hint] Please infer the loop invariant for the following loop.

      loop assigns r[0..n];
      loop assigns j;
    */
    for (int j = 1; j <= n; j++) {
        r[j] = -2147483648;
        // Loop B
        /*@
            loop assigns r[j];
            loop assigns i;
        */
        for (int i = 1; i <= j; i++) {
            if (r[j] <= price[i] + r[j - i]){
                r[j] = price[i] + r[j - i];
            }
        }
    }
    return r[n];
}
You are an expert in program verification, and please generate loop invariant as C annotation comments at the hint location (annotated by "[Hint] Please infer the loop invariant for the following loop.") using ACSL language.
ACSL is a specification language for C programs that conforms to the design by contract paradigm, utilizing Hoare style pre- and postconditions and invariants. Note that the `loop invariant` clause is a condition that is true at the beginning and end of every loop iteration.
Specifically, for the current verification task:
    - Pre-condition: the function's `requires` clauses
    - Post-condition: 
Please verify that the generated loop invariant is consistent with these constraints. If these specific pre- or post-conditions are not provided or empty, please infer the loop invariant strictly based on the program's execution logic and standard correctness.
In order to get a correct answer, You may want to consider both the situation of not entering the loop and the situation of jumping out of the loop. If some of the pre-conditions are also loop invariant, you need to add them to your answer as well.
Use '&&', '||', '==>', '\forall' or '\exists' if necessary. For instance:
```
loop invariant 1 <= x;
loop invariant x == y;
loop invariant 0 < x ==> y <= z;
loop invariant z % 2 == 1 || x == y;
loop invariant z % 2 == 1 && x <= y;
loop invariant \forall integer k;  0 <= k < i ==> max >=  a[k];
loop invariant \exists integer k;  0 <= k < i &&  max == a[k];
loop invariant \forall integer p; 0 <= p < \at(k, End_l) ==> res[p] == \at(res[p], End_l);
```
Your answer should follow the following format:
```
loop invariant ...;
loop invariant ...;
...
```
No explanation. No commentary. Just show me the loop invariant.
 /no_think
--------------------------
----------Response----------
[unused16][unused17]loop invariant 1 <= j;
loop invariant r[j] == -2147483648 || r[j] == price[j] + r[j-1];
loop invariant \forall integer i; 0 <= i <= j ==> r[j] == price[i] + r[j-i];
----------------------------
----------Prompt----------

/*@
    predicate is_max(integer a, integer b, integer result) =
        result >= a && 
        result >= b && 
        (result == a || result == b);
*/

/*@
    assigns \nothing;
    ensures is_max(a, b, \result);
*/
int max(int a, int b) {
  int max_val = a >= b ? a : b;
  return max_val;
}

/*@
  requires n > 1;
  requires \valid(price + (0..n));
  requires \valid(r + (0..n));
  requires \forall integer k; 0 <= k <= n ==> r[k] == 0;
  requires \forall integer k; 0 <= k <= n ==> price[k] > 0;
  ensures e_1: \forall integer p; 1 <= p <= n ==> (\forall integer q; 1 <= q < p + 1 ==> r[p] >= price[q] + r[p - q]);
  assigns r[0..n];
*/
int _rod_cutting_dp(int price[], int r[], int n) {
  // Loop A
    /*@
      loop invariant i_30: 1 <= j;

      loop invariant i_31: r[j] == -2147483648 || r[j] == price[j] + r[j-1];

      loop invariant i_32: \forall integer i; 0 <= i <= j ==> r[j] == price[i] + r[j-i];


      loop assigns r[0..n];
      loop assigns j;
    */
    for (int j = 1; j <= n; j++) {
        r[j] = -2147483648;
        // Loop B
        /*@
            [Hint] Please infer the loop invariant for the following loop.

            loop assigns r[j];
            loop assigns i;
        */
        for (int i = 1; i <= j; i++) {
            if (r[j] <= price[i] + r[j - i]){
                r[j] = price[i] + r[j - i];
            }
        }
    }
    return r[n];
}
You are an expert in program verification, and please generate loop invariant as C annotation comments at the hint location (annotated by "[Hint] Please infer the loop invariant for the following loop.") using ACSL language.
ACSL is a specification language for C programs that conforms to the design by contract paradigm, utilizing Hoare style pre- and postconditions and invariants. Note that the `loop invariant` clause is a condition that is true at the beginning and end of every loop iteration.
Specifically, for the current verification task:
    - Pre-condition: i_30:1 <= j; i_31:r[j] == -2147483648 || r[j] == price[j] + r[j-1]; i_32:\forall integer i; 0 <= i <= j ==> r[j] == price[i] + r[j-i]; 
    - Post-condition: i_30:1 <= j; i_31:r[j] == -2147483648 || r[j] == price[j] + r[j-1]; i_32:\forall integer i; 0 <= i <= j ==> r[j] == price[i] + r[j-i]; 
Please verify that the generated loop invariant is consistent with these constraints. If these specific pre- or post-conditions are not provided or empty, please infer the loop invariant strictly based on the program's execution logic and standard correctness.
In order to get a correct answer, You may want to consider both the situation of not entering the loop and the situation of jumping out of the loop. If some of the pre-conditions are also loop invariant, you need to add them to your answer as well.
Use '&&', '||', '==>', '\forall' or '\exists' if necessary. For instance:
```
loop invariant 1 <= x;
loop invariant x == y;
loop invariant 0 < x ==> y <= z;
loop invariant z % 2 == 1 || x == y;
loop invariant z % 2 == 1 && x <= y;
loop invariant \forall integer k;  0 <= k < i ==> max >=  a[k];
loop invariant \exists integer k;  0 <= k < i &&  max == a[k];
loop invariant \forall integer p; 0 <= p < \at(k, End_l) ==> res[p] == \at(res[p], End_l);
```
Your answer should follow the following format:
```
loop invariant ...;
loop invariant ...;
...
```
No explanation. No commentary. Just show me the loop invariant.
 /no_think
--------------------------
----------Response----------
[unused16][unused17]```
loop invariant 1 <= j;
loop invariant r[j] == -2147483648 || r[j] == price[j] + r[j-1];
loop invariant \forall integer i; 0 <= i <= j ==> r[j] == price[i] + r[j-i];
```
----------------------------
------------Invariant Info-----------
LOOP A:
i_30: 1 <= j
i_31: r[j] == -2147483648 || r[j] == price[j] + r[j-1]
i_32: \forall integer i; 0 <= i <= j ==> r[j] == price[i] + r[j-i]
LOOP B:
i_33: 1 <= j
i_34: r[j] == -2147483648 || r[j] == price[j] + r[j-1]
i_35: \forall integer i; 0 <= i <= j ==> r[j] == price[i] + r[j-i]
------------------------------------
---------- Code with Invariants ----------
/*@
    predicate is_max(integer a, integer b, integer result) =
        result >= a && 
        result >= b && 
        (result == a || result == b);
*/

/*@
    assigns \nothing;
    ensures is_max(a, b, \result);
*/
int max(int a, int b) {
  int max_val = a >= b ? a : b;
  return max_val;
}

/*@
  requires n > 1;
  requires \valid(price + (0..n));
  requires \valid(r + (0..n));
  requires \forall integer k; 0 <= k <= n ==> r[k] == 0;
  requires \forall integer k; 0 <= k <= n ==> price[k] > 0;
  ensures e_1: \forall integer p; 1 <= p <= n ==> (\forall integer q; 1 <= q < p + 1 ==> r[p] >= price[q] + r[p - q]);
  assigns r[0..n];
*/
int _rod_cutting_dp(int price[], int r[], int n) {
  // Loop A
    /*@
      loop invariant i_30: 1 <= j;

      loop invariant i_31: r[j] == -2147483648 || r[j] == price[j] + r[j-1];

      loop invariant i_32: \forall integer i; 0 <= i <= j ==> r[j] == price[i] + r[j-i];


      loop assigns r[0..n];
      loop assigns j;
    */
    for (int j = 1; j <= n; j++) {
        r[j] = -2147483648;
        // Loop B
        /*@
            loop invariant i_33: 1 <= j;

            loop invariant i_34: r[j] == -2147483648 || r[j] == price[j] + r[j-1];

            loop invariant i_35: \forall integer i; 0 <= i <= j ==> r[j] == price[i] + r[j-i];


            loop assigns r[j];
            loop assigns i;
        */
        for (int i = 1; i <= j; i++) {
            if (r[j] <= price[i] + r[j - i]){
                r[j] = price[i] + r[j - i];
            }
        }
    }
    return r[n];
}
------------------------------------------
Verification failed (Fail_25_26), removing all invariants and retrying.
Verification failed: reached maximum attempts.
---------Result---------
Fail
Model: openPangu-Embedded-7B-V1.1
Running time: 154.96267366409302
Proposal number: 5
Verified code:

------------------------
