-----------Model-----------
Model type:
PanguEmbeddedForCausalLM(
  (model): PanguEmbeddedModel(
    (embed_tokens): Embedding(153376, 4096, padding_idx=0)
    (layers): ModuleList(
      (0-33): 34 x PanguEmbeddedDecoderLayer(
        (self_attn): PanguEmbeddedAttention(
          (q_proj): Linear(in_features=4096, out_features=4096, bias=True)
          (k_proj): Linear(in_features=4096, out_features=1024, bias=True)
          (v_proj): Linear(in_features=4096, out_features=1024, bias=True)
          (o_proj): Linear(in_features=4096, out_features=4096, bias=True)
        )
        (mlp): PanguEmbeddedMLP(
          (gate_proj): Linear(in_features=4096, out_features=12800, bias=False)
          (up_proj): Linear(in_features=4096, out_features=12800, bias=False)
          (down_proj): Linear(in_features=12800, out_features=4096, bias=False)
          (act_fn): SiLU()
        )
        (input_layernorm): PanguEmbeddedRMSNorm((4096,), eps=1e-05)
        (post_attention_layernorm): PanguEmbeddedRMSNorm((4096,), eps=1e-05)
      )
    )
    (norm): PanguEmbeddedRMSNorm((4096,), eps=1e-05)
    (rotary_emb): PanguEmbeddedRotaryEmbedding()
  )
  (lm_head): Linear(in_features=4096, out_features=153376, bias=False)
)
Model device:
npu:1
---------------------------
File Path: ../Benchmark/OOPSLA/oopsla_28.c
----------Code----------
#include <assert.h>
int unknown1();
int unknown2();
int unknown3();
int unknown4();


/*
 * From CAV'12 by Sharma et al.
 */

void oopsla_28() {
    int x = 0;
    int y = 0;
    int n = 0;
    /*@
        loop assigns y;
        loop assigns x;
    */
    while(unknown()) {
        x++;
        y++;
    }
    /*@
        loop assigns y;
        loop assigns x;
    */
    while(x!=n) {
        x--;
        y--;
    }

    //@ assert  a_1: y==n;
}

------------------------
========== Attempt 1 ==========
----------Prompt----------

#include <assert.h>
int unknown1();
int unknown2();
int unknown3();
int unknown4();


/*
 * From CAV'12 by Sharma et al.
 */

void oopsla_28() {
    int x = 0;
    int y = 0;
    int n = 0;
    // Loop A
    /*@
        [Hint] Please infer the loop invariant for the following loop.

        loop assigns y;
        loop assigns x;
    */
    while(unknown()) {
        x++;
        y++;
    }
    // Loop B
    /*@
        loop assigns y;
        loop assigns x;
    */
    while(x!=n) {
        x--;
        y--;
    }

    //@ assert  a_1: y==n;
}

You are an expert in program verification, and please generate loop invariant as C annotation comments at the hint location (annotated by "[Hint] Please infer the loop invariant for the following loop.") using ACSL language.
ACSL is a specification language for C programs that conforms to the design by contract paradigm, utilizing Hoare style pre- and postconditions and invariants. Note that the `loop invariant` clause is a condition that is true at the beginning and end of every loop iteration.
Specifically, for the current verification task:
    - Pre-condition: the function's `requires` clauses
    - Post-condition: 
Please verify that the generated loop invariant is consistent with these constraints. If these specific pre- or post-conditions are not provided or empty, please infer the loop invariant strictly based on the program's execution logic and standard correctness.
In order to get a correct answer, You may want to consider both the situation of not entering the loop and the situation of jumping out of the loop. If some of the pre-conditions are also loop invariant, you need to add them to your answer as well.
Use '&&', '||', '==>', '\forall' or '\exists' if necessary. For instance:
```
loop invariant 1 <= x;
loop invariant x == y;
loop invariant 0 < x ==> y <= z;
loop invariant z % 2 == 1 || x == y;
loop invariant z % 2 == 1 && x <= y;
loop invariant \forall integer k;  0 <= k < i ==> max >=  a[k];
loop invariant \exists integer k;  0 <= k < i &&  max == a[k];
loop invariant \forall integer p; 0 <= p < \at(k, End_l) ==> res[p] == \at(res[p], End_l);
```
Your answer should follow the following format:
```
loop invariant ...;
loop invariant ...;
...
```
No explanation. No commentary. Just show me the loop invariant.
 /no_think
--------------------------
----------Response----------
[unused16][unused17]loop invariant x == y;
loop invariant 0 <= x && 0 <= y;
loop invariant x >= 0 && y >= x;
loop invariant x <= y && x != n && y != unknown1();
loop invariant y == n && x != unknown1();
loop invariant y >= x && y <= unknown4();
loop invariant \exists integer k; 0 <= k < 10 && x == y && y <= n;
```
----------------------------
----------Prompt----------

#include <assert.h>
int unknown1();
int unknown2();
int unknown3();
int unknown4();


/*
 * From CAV'12 by Sharma et al.
 */

void oopsla_28() {
    int x = 0;
    int y = 0;
    int n = 0;
    // Loop A
    /*@
        loop invariant i_0: x == y;

        loop invariant i_1: 0 <= x && 0 <= y;

        loop invariant i_2: x >= 0 && y >= x;

        loop invariant i_3: x <= y && x != n && y != unknown1();

        loop invariant i_4: y == n && x != unknown1();

        loop invariant i_5: y >= x && y <= unknown4();

        loop invariant i_6: \exists integer k; 0 <= k < 10 && x == y && y <= n;


        loop assigns y;
        loop assigns x;
    */
    while(unknown()) {
        x++;
        y++;
    }
    // Loop B
    /*@
        [Hint] Please infer the loop invariant for the following loop.

        loop assigns y;
        loop assigns x;
    */
    while(x!=n) {
        x--;
        y--;
    }

    //@ assert  a_1: y==n;
}

You are an expert in program verification, and please generate loop invariant as C annotation comments at the hint location (annotated by "[Hint] Please infer the loop invariant for the following loop.") using ACSL language.
ACSL is a specification language for C programs that conforms to the design by contract paradigm, utilizing Hoare style pre- and postconditions and invariants. Note that the `loop invariant` clause is a condition that is true at the beginning and end of every loop iteration.
Specifically, for the current verification task:
    - Pre-condition: i_0:x == y; i_1:0 <= x && 0 <= y; i_2:x >= 0 && y >= x; i_3:x <= y && x != n && y != unknown1(); i_4:y == n && x != unknown1(); i_5:y >= x && y <= unknown4(); i_6:\exists integer k; 0 <= k < 10 && x == y && y <= n; 
    - Post-condition: a_1:y==n; 
Please verify that the generated loop invariant is consistent with these constraints. If these specific pre- or post-conditions are not provided or empty, please infer the loop invariant strictly based on the program's execution logic and standard correctness.
In order to get a correct answer, You may want to consider both the situation of not entering the loop and the situation of jumping out of the loop. If some of the pre-conditions are also loop invariant, you need to add them to your answer as well.
Use '&&', '||', '==>', '\forall' or '\exists' if necessary. For instance:
```
loop invariant 1 <= x;
loop invariant x == y;
loop invariant 0 < x ==> y <= z;
loop invariant z % 2 == 1 || x == y;
loop invariant z % 2 == 1 && x <= y;
loop invariant \forall integer k;  0 <= k < i ==> max >=  a[k];
loop invariant \exists integer k;  0 <= k < i &&  max == a[k];
loop invariant \forall integer p; 0 <= p < \at(k, End_l) ==> res[p] == \at(res[p], End_l);
```
Your answer should follow the following format:
```
loop invariant ...;
loop invariant ...;
...
```
No explanation. No commentary. Just show me the loop invariant.
 /no_think
--------------------------
----------Response----------
[unused16][unused17][Loop <Loop A>]
loop invariant i_0: x == y;

[Loop <Loop B>]
loop invariant x <= n && y >= 0;

loop invariant y >= x && y <= n;

loop invariant x != unknown1();

loop invariant y != unknown1();

loop invariant \exists integer k; 0 <= k < 10 && x == y && y <= n;

loop invariant x >= 0 && y >= x;

loop invariant x <= y && y <= n;

loop invariant y == n && x != unknown1();

loop invariant y >= x && y <= unknown4();
----------------------------
------------Invariant Info-----------
LOOP A:
i_0: x == y
i_1: 0 <= x && 0 <= y
i_2: x >= 0 && y >= x
i_3: x <= y && x != n && y != unknown1()
i_4: y == n && x != unknown1()
i_5: y >= x && y <= unknown4()
i_6: \exists integer k; 0 <= k < 10 && x == y && y <= n
LOOP B:
i_7: x == y
i_8: x <= n && y >= 0
i_9: y >= x && y <= n
i_10: x != unknown1()
i_11: y != unknown1()
i_12: \exists integer k; 0 <= k < 10 && x == y && y <= n
i_13: x >= 0 && y >= x
i_14: x <= y && y <= n
i_15: y == n && x != unknown1()
i_16: y >= x && y <= unknown4()
------------------------------------
---------- Code with Invariants ----------
#include <assert.h>
int unknown1();
int unknown2();
int unknown3();
int unknown4();


/*
 * From CAV'12 by Sharma et al.
 */

void oopsla_28() {
    int x = 0;
    int y = 0;
    int n = 0;
    // Loop A
    /*@
        loop invariant i_0: x == y;

        loop invariant i_1: 0 <= x && 0 <= y;

        loop invariant i_2: x >= 0 && y >= x;

        loop invariant i_3: x <= y && x != n && y != unknown1();

        loop invariant i_4: y == n && x != unknown1();

        loop invariant i_5: y >= x && y <= unknown4();

        loop invariant i_6: \exists integer k; 0 <= k < 10 && x == y && y <= n;


        loop assigns y;
        loop assigns x;
    */
    while(unknown()) {
        x++;
        y++;
    }
    // Loop B
    /*@
        loop invariant i_7: x == y;

        loop invariant i_8: x <= n && y >= 0;

        loop invariant i_9: y >= x && y <= n;

        loop invariant i_10: x != unknown1();

        loop invariant i_11: y != unknown1();

        loop invariant i_12: \exists integer k; 0 <= k < 10 && x == y && y <= n;

        loop invariant i_13: x >= 0 && y >= x;

        loop invariant i_14: x <= y && y <= n;

        loop invariant i_15: y == n && x != unknown1();

        loop invariant i_16: y >= x && y <= unknown4();


        loop assigns y;
        loop assigns x;
    */
    while(x!=n) {
        x--;
        y--;
    }

    //@ assert  a_1: y==n;
}

------------------------------------------
Verification failed (Invalid), removing all invariants and retrying.
========== Attempt 2 ==========
----------Prompt----------

#include <assert.h>
int unknown1();
int unknown2();
int unknown3();
int unknown4();


/*
 * From CAV'12 by Sharma et al.
 */

void oopsla_28() {
    int x = 0;
    int y = 0;
    int n = 0;
    // Loop A
    /*@
        [Hint] Please infer the loop invariant for the following loop.

        loop assigns y;
        loop assigns x;
    */
    while(unknown()) {
        x++;
        y++;
    }
    // Loop B
    /*@
        loop assigns y;
        loop assigns x;
    */
    while(x!=n) {
        x--;
        y--;
    }

    //@ assert  a_1: y==n;
}

You are an expert in program verification, and please generate loop invariant as C annotation comments at the hint location (annotated by "[Hint] Please infer the loop invariant for the following loop.") using ACSL language.
ACSL is a specification language for C programs that conforms to the design by contract paradigm, utilizing Hoare style pre- and postconditions and invariants. Note that the `loop invariant` clause is a condition that is true at the beginning and end of every loop iteration.
Specifically, for the current verification task:
    - Pre-condition: the function's `requires` clauses
    - Post-condition: 
Please verify that the generated loop invariant is consistent with these constraints. If these specific pre- or post-conditions are not provided or empty, please infer the loop invariant strictly based on the program's execution logic and standard correctness.
In order to get a correct answer, You may want to consider both the situation of not entering the loop and the situation of jumping out of the loop. If some of the pre-conditions are also loop invariant, you need to add them to your answer as well.
Use '&&', '||', '==>', '\forall' or '\exists' if necessary. For instance:
```
loop invariant 1 <= x;
loop invariant x == y;
loop invariant 0 < x ==> y <= z;
loop invariant z % 2 == 1 || x == y;
loop invariant z % 2 == 1 && x <= y;
loop invariant \forall integer k;  0 <= k < i ==> max >=  a[k];
loop invariant \exists integer k;  0 <= k < i &&  max == a[k];
loop invariant \forall integer p; 0 <= p < \at(k, End_l) ==> res[p] == \at(res[p], End_l);
```
Your answer should follow the following format:
```
loop invariant ...;
loop invariant ...;
...
```
No explanation. No commentary. Just show me the loop invariant.
 /no_think
--------------------------
----------Response----------
[unused16][unused17]```
loop invariant x == y;
loop invariant 0 <= x && x <= y;
```
----------------------------
----------Prompt----------

#include <assert.h>
int unknown1();
int unknown2();
int unknown3();
int unknown4();


/*
 * From CAV'12 by Sharma et al.
 */

void oopsla_28() {
    int x = 0;
    int y = 0;
    int n = 0;
    // Loop A
    /*@
        loop invariant i_17: x == y;

        loop invariant i_18: 0 <= x && x <= y;


        loop assigns y;
        loop assigns x;
    */
    while(unknown()) {
        x++;
        y++;
    }
    // Loop B
    /*@
        [Hint] Please infer the loop invariant for the following loop.

        loop assigns y;
        loop assigns x;
    */
    while(x!=n) {
        x--;
        y--;
    }

    //@ assert  a_1: y==n;
}

You are an expert in program verification, and please generate loop invariant as C annotation comments at the hint location (annotated by "[Hint] Please infer the loop invariant for the following loop.") using ACSL language.
ACSL is a specification language for C programs that conforms to the design by contract paradigm, utilizing Hoare style pre- and postconditions and invariants. Note that the `loop invariant` clause is a condition that is true at the beginning and end of every loop iteration.
Specifically, for the current verification task:
    - Pre-condition: i_17:x == y; i_18:0 <= x && x <= y; 
    - Post-condition: a_1:y==n; 
Please verify that the generated loop invariant is consistent with these constraints. If these specific pre- or post-conditions are not provided or empty, please infer the loop invariant strictly based on the program's execution logic and standard correctness.
In order to get a correct answer, You may want to consider both the situation of not entering the loop and the situation of jumping out of the loop. If some of the pre-conditions are also loop invariant, you need to add them to your answer as well.
Use '&&', '||', '==>', '\forall' or '\exists' if necessary. For instance:
```
loop invariant 1 <= x;
loop invariant x == y;
loop invariant 0 < x ==> y <= z;
loop invariant z % 2 == 1 || x == y;
loop invariant z % 2 == 1 && x <= y;
loop invariant \forall integer k;  0 <= k < i ==> max >=  a[k];
loop invariant \exists integer k;  0 <= k < i &&  max == a[k];
loop invariant \forall integer p; 0 <= p < \at(k, End_l) ==> res[p] == \at(res[p], End_l);
```
Your answer should follow the following format:
```
loop invariant ...;
loop invariant ...;
...
```
No explanation. No commentary. Just show me the loop invariant.
 /no_think
--------------------------
----------Response----------
[unused16][unused17][Loop <Loop A>]
loop invariant i_17: x == y;
loop invariant i_18: 0 <= x && x <= y;
loop invariant y <= x && y <= x+1;

[Loop <Loop B>]
loop invariant x >= n;
loop invariant x >= n && y == x+n;

loop invariant x == y+n;
----------------------------
------------Invariant Info-----------
LOOP A:
i_17: x == y
i_18: 0 <= x && x <= y
LOOP B:
i_19: x == y
i_20: 0 <= x && x <= y
i_21: y <= x && y <= x+1
i_22: x >= n
i_23: x >= n && y == x+n
i_24: x == y+n
------------------------------------
---------- Code with Invariants ----------
#include <assert.h>
int unknown1();
int unknown2();
int unknown3();
int unknown4();


/*
 * From CAV'12 by Sharma et al.
 */

void oopsla_28() {
    int x = 0;
    int y = 0;
    int n = 0;
    // Loop A
    /*@
        loop invariant i_17: x == y;

        loop invariant i_18: 0 <= x && x <= y;


        loop assigns y;
        loop assigns x;
    */
    while(unknown()) {
        x++;
        y++;
    }
    // Loop B
    /*@
        loop invariant i_19: x == y;

        loop invariant i_20: 0 <= x && x <= y;

        loop invariant i_21: y <= x && y <= x+1;

        loop invariant i_22: x >= n;

        loop invariant i_23: x >= n && y == x+n;

        loop invariant i_24: x == y+n;


        loop assigns y;
        loop assigns x;
    */
    while(x!=n) {
        x--;
        y--;
    }

    //@ assert  a_1: y==n;
}

------------------------------------------
Verification succeeded.
---------Result---------
Success
Model: openPangu-Embedded-7B-V1.1
Running time: 46.027610063552856
Proposal number: 2
Verified code:
#include <assert.h>
int unknown1();
int unknown2();
int unknown3();
int unknown4();


/*
 * From CAV'12 by Sharma et al.
 */

void oopsla_28() {
    int x = 0;
    int y = 0;
    int n = 0;
    // Loop A
    /*@
        loop invariant i_17: x == y;

        loop invariant i_18: 0 <= x && x <= y;


        loop assigns y;
        loop assigns x;
    */
    while(unknown()) {
        x++;
        y++;
    }
    // Loop B
    /*@
        loop invariant i_19: x == y;

        loop invariant i_20: 0 <= x && x <= y;

        loop invariant i_21: y <= x && y <= x+1;

        loop invariant i_22: x >= n;

        loop invariant i_23: x >= n && y == x+n;

        loop invariant i_24: x == y+n;


        loop assigns y;
        loop assigns x;
    */
    while(x!=n) {
        x--;
        y--;
    }

    //@ assert  a_1: y==n;
}

------------------------
