-----------Model-----------
Model type:
PanguEmbeddedForCausalLM(
  (model): PanguEmbeddedModel(
    (embed_tokens): Embedding(153376, 4096, padding_idx=0)
    (layers): ModuleList(
      (0-33): 34 x PanguEmbeddedDecoderLayer(
        (self_attn): PanguEmbeddedAttention(
          (q_proj): Linear(in_features=4096, out_features=4096, bias=True)
          (k_proj): Linear(in_features=4096, out_features=1024, bias=True)
          (v_proj): Linear(in_features=4096, out_features=1024, bias=True)
          (o_proj): Linear(in_features=4096, out_features=4096, bias=True)
        )
        (mlp): PanguEmbeddedMLP(
          (gate_proj): Linear(in_features=4096, out_features=12800, bias=False)
          (up_proj): Linear(in_features=4096, out_features=12800, bias=False)
          (down_proj): Linear(in_features=12800, out_features=4096, bias=False)
          (act_fn): SiLU()
        )
        (input_layernorm): PanguEmbeddedRMSNorm((4096,), eps=1e-05)
        (post_attention_layernorm): PanguEmbeddedRMSNorm((4096,), eps=1e-05)
      )
    )
    (norm): PanguEmbeddedRMSNorm((4096,), eps=1e-05)
    (rotary_emb): PanguEmbeddedRotaryEmbedding()
  )
  (lm_head): Linear(in_features=4096, out_features=153376, bias=False)
)
Model device:
npu:1
---------------------------
File Path: ../Benchmark/SVCOMP/svcomp_8.c
----------Code----------
// Source: Isil Dillig, Thomas Dillig, Boyang Li, Ken McMillan: "Inductive
// Invariant Generation via Abductive Inference", OOPSLA 2013.
#include "assert.h"
int unknown1();

int svcomp_8(int flag) {
    unsigned int i, j, a, b;
    a = 0;
    b = 0;
    j = 1;

    if (flag) {
        i = 0;
    } else {
        i = 1;
    }

    /*@
        loop assigns a, b, i, j;
    */
    while (unknown1()) {
        a++;
        b += (j - i);
        i += 2;
        if (i%2 == 0) {
            j += 2;
        } else {
            j++;
        }
    }
    if (flag) {
        //@ assert a == b;
    }
    return 0;
}
------------------------
========== Attempt 1 ==========
----------Prompt----------

// Source: Isil Dillig, Thomas Dillig, Boyang Li, Ken McMillan: "Inductive
// Invariant Generation via Abductive Inference", OOPSLA 2013.
#include "assert.h"
int unknown1();

int svcomp_8(int flag) {
    unsigned int i, j, a, b;
    a = 0;
    b = 0;
    j = 1;

    if (flag) {
        i = 0;
    } else {
        i = 1;
    }

    // Loop A
    /*@
        [Hint] Please infer the loop invariant for the following loop.

        loop assigns a, b, i, j;
    */
    while (unknown1()) {
        a++;
        b += (j - i);
        i += 2;
        if (i%2 == 0) {
            j += 2;
        } else {
            j++;
        }
    }
    if (flag) {
        //@ assert a == b;
    }
    return 0;
}
You are an expert in program verification, and please generate loop invariant as C annotation comments at the hint location (annotated by "[Hint] Please infer the loop invariant for the following loop.") using ACSL language.
ACSL is a specification language for C programs that conforms to the design by contract paradigm, utilizing Hoare style pre- and postconditions and invariants. Note that the `loop invariant` clause is a condition that is true at the beginning and end of every loop iteration.
Specifically, for the current verification task:
    - Pre-condition: the function's `requires` clauses
    - Post-condition: 1:a == b; 
Please verify that the generated loop invariant is consistent with these constraints. If these specific pre- or post-conditions are not provided or empty, please infer the loop invariant strictly based on the program's execution logic and standard correctness.
In order to get a correct answer, You may want to consider both the situation of not entering the loop and the situation of jumping out of the loop. If some of the pre-conditions are also loop invariant, you need to add them to your answer as well.
Use '&&', '||', '==>', '\forall' or '\exists' if necessary. For instance:
```
loop invariant 1 <= x;
loop invariant x == y;
loop invariant 0 < x ==> y <= z;
loop invariant z % 2 == 1 || x == y;
loop invariant z % 2 == 1 && x <= y;
loop invariant \forall integer k;  0 <= k < i ==> max >=  a[k];
loop invariant \exists integer k;  0 <= k < i &&  max == a[k];
loop invariant \forall integer p; 0 <= p < \at(k, End_l) ==> res[p] == \at(res[p], End_l);
```
Your answer should follow the following format:
```
loop invariant ...;
loop invariant ...;
...
```
No explanation. No commentary. Just show me the loop invariant.
 /no_think
--------------------------
----------Response----------
[unused16][unused17]loop invariant && flag == 0;
loop invariant a == b;
loop invariant i == j;
loop invariant i % 2 == 0 || j % 2 == 0;
loop invariant \forall integer k;  0 <= k < i ==> j >= k + 1;
loop invariant \exists integer k;  0 <= k < i && a == b[k];
```
----------------------------
------------Invariant Info-----------
LOOP A:
i_0: && flag == 0
i_1: a == b
i_2: i == j
i_3: i % 2 == 0 || j % 2 == 0
i_4: \forall integer k; 0 <= k < i ==> j >= k + 1
i_5: \exists integer k; 0 <= k < i && a == b[k]
------------------------------------
---------- Code with Invariants ----------
// Source: Isil Dillig, Thomas Dillig, Boyang Li, Ken McMillan: "Inductive
// Invariant Generation via Abductive Inference", OOPSLA 2013.
#include "assert.h"
int unknown1();

int svcomp_8(int flag) {
    unsigned int i, j, a, b;
    a = 0;
    b = 0;
    j = 1;

    if (flag) {
        i = 0;
    } else {
        i = 1;
    }

    // Loop A
    /*@
        loop invariant i_0: && flag == 0;

        loop invariant i_1: a == b;

        loop invariant i_2: i == j;

        loop invariant i_3: i % 2 == 0 || j % 2 == 0;

        loop invariant i_4: \forall integer k; 0 <= k < i ==> j >= k + 1;

        loop invariant i_5: \exists integer k; 0 <= k < i && a == b[k];


        loop assigns a, b, i, j;
    */
    while (unknown1()) {
        a++;
        b += (j - i);
        i += 2;
        if (i%2 == 0) {
            j += 2;
        } else {
            j++;
        }
    }
    if (flag) {
        //@ assert a == b;
    }
    return 0;
}
------------------------------------------
Verification failed (Invalid), removing all invariants and retrying.
========== Attempt 2 ==========
----------Prompt----------

// Source: Isil Dillig, Thomas Dillig, Boyang Li, Ken McMillan: "Inductive
// Invariant Generation via Abductive Inference", OOPSLA 2013.
#include "assert.h"
int unknown1();

int svcomp_8(int flag) {
    unsigned int i, j, a, b;
    a = 0;
    b = 0;
    j = 1;

    if (flag) {
        i = 0;
    } else {
        i = 1;
    }

    // Loop A
    /*@
        [Hint] Please infer the loop invariant for the following loop.

        loop assigns a, b, i, j;
    */
    while (unknown1()) {
        a++;
        b += (j - i);
        i += 2;
        if (i%2 == 0) {
            j += 2;
        } else {
            j++;
        }
    }
    if (flag) {
        //@ assert a == b;
    }
    return 0;
}
You are an expert in program verification, and please generate loop invariant as C annotation comments at the hint location (annotated by "[Hint] Please infer the loop invariant for the following loop.") using ACSL language.
ACSL is a specification language for C programs that conforms to the design by contract paradigm, utilizing Hoare style pre- and postconditions and invariants. Note that the `loop invariant` clause is a condition that is true at the beginning and end of every loop iteration.
Specifically, for the current verification task:
    - Pre-condition: the function's `requires` clauses
    - Post-condition: 1:a == b; 
Please verify that the generated loop invariant is consistent with these constraints. If these specific pre- or post-conditions are not provided or empty, please infer the loop invariant strictly based on the program's execution logic and standard correctness.
In order to get a correct answer, You may want to consider both the situation of not entering the loop and the situation of jumping out of the loop. If some of the pre-conditions are also loop invariant, you need to add them to your answer as well.
Use '&&', '||', '==>', '\forall' or '\exists' if necessary. For instance:
```
loop invariant 1 <= x;
loop invariant x == y;
loop invariant 0 < x ==> y <= z;
loop invariant z % 2 == 1 || x == y;
loop invariant z % 2 == 1 && x <= y;
loop invariant \forall integer k;  0 <= k < i ==> max >=  a[k];
loop invariant \exists integer k;  0 <= k < i &&  max == a[k];
loop invariant \forall integer p; 0 <= p < \at(k, End_l) ==> res[p] == \at(res[p], End_l);
```
Your answer should follow the following format:
```
loop invariant ...;
loop invariant ...;
...
```
No explanation. No commentary. Just show me the loop invariant.
 /no_think
--------------------------
----------Response----------
[unused16][unused17]loop invariant a == b - j + 2*i;

loop invariant flag == 0 => i == 1;
loop invariant flag == 1 => i == 0;
loop invariant j == 1;
loop invariant j % 2 == 1;
loop invariant i % 2 == 0 => j == j + 2;
loop invariant i % 2 == 0 => j == j + 2;
loop invariant i % 2 == 1 => j == j + 1;
----------------------------
------------Invariant Info-----------
LOOP A:
i_6: a == b - j + 2*i
i_7: flag == 0 => i == 1
i_8: flag == 1 => i == 0
i_9: j == 1
i_10: j % 2 == 1
i_11: i % 2 == 0 => j == j + 2
i_12: i % 2 == 1 => j == j + 1
------------------------------------
---------- Code with Invariants ----------
// Source: Isil Dillig, Thomas Dillig, Boyang Li, Ken McMillan: "Inductive
// Invariant Generation via Abductive Inference", OOPSLA 2013.
#include "assert.h"
int unknown1();

int svcomp_8(int flag) {
    unsigned int i, j, a, b;
    a = 0;
    b = 0;
    j = 1;

    if (flag) {
        i = 0;
    } else {
        i = 1;
    }

    // Loop A
    /*@
        loop invariant i_6: a == b - j + 2*i;

        loop invariant i_7: flag == 0 => i == 1;

        loop invariant i_8: flag == 1 => i == 0;

        loop invariant i_9: j == 1;

        loop invariant i_10: j % 2 == 1;

        loop invariant i_11: i % 2 == 0 => j == j + 2;

        loop invariant i_12: i % 2 == 1 => j == j + 1;


        loop assigns a, b, i, j;
    */
    while (unknown1()) {
        a++;
        b += (j - i);
        i += 2;
        if (i%2 == 0) {
            j += 2;
        } else {
            j++;
        }
    }
    if (flag) {
        //@ assert a == b;
    }
    return 0;
}
------------------------------------------
Verification failed (Invalid), removing all invariants and retrying.
========== Attempt 3 ==========
----------Prompt----------

// Source: Isil Dillig, Thomas Dillig, Boyang Li, Ken McMillan: "Inductive
// Invariant Generation via Abductive Inference", OOPSLA 2013.
#include "assert.h"
int unknown1();

int svcomp_8(int flag) {
    unsigned int i, j, a, b;
    a = 0;
    b = 0;
    j = 1;

    if (flag) {
        i = 0;
    } else {
        i = 1;
    }

    // Loop A
    /*@
        [Hint] Please infer the loop invariant for the following loop.

        loop assigns a, b, i, j;
    */
    while (unknown1()) {
        a++;
        b += (j - i);
        i += 2;
        if (i%2 == 0) {
            j += 2;
        } else {
            j++;
        }
    }
    if (flag) {
        //@ assert a == b;
    }
    return 0;
}
You are an expert in program verification, and please generate loop invariant as C annotation comments at the hint location (annotated by "[Hint] Please infer the loop invariant for the following loop.") using ACSL language.
ACSL is a specification language for C programs that conforms to the design by contract paradigm, utilizing Hoare style pre- and postconditions and invariants. Note that the `loop invariant` clause is a condition that is true at the beginning and end of every loop iteration.
Specifically, for the current verification task:
    - Pre-condition: the function's `requires` clauses
    - Post-condition: 1:a == b; 
Please verify that the generated loop invariant is consistent with these constraints. If these specific pre- or post-conditions are not provided or empty, please infer the loop invariant strictly based on the program's execution logic and standard correctness.
In order to get a correct answer, You may want to consider both the situation of not entering the loop and the situation of jumping out of the loop. If some of the pre-conditions are also loop invariant, you need to add them to your answer as well.
Use '&&', '||', '==>', '\forall' or '\exists' if necessary. For instance:
```
loop invariant 1 <= x;
loop invariant x == y;
loop invariant 0 < x ==> y <= z;
loop invariant z % 2 == 1 || x == y;
loop invariant z % 2 == 1 && x <= y;
loop invariant \forall integer k;  0 <= k < i ==> max >=  a[k];
loop invariant \exists integer k;  0 <= k < i &&  max == a[k];
loop invariant \forall integer p; 0 <= p < \at(k, End_l) ==> res[p] == \at(res[p], End_l);
```
Your answer should follow the following format:
```
loop invariant ...;
loop invariant ...;
...
```
No explanation. No commentary. Just show me the loop invariant.
 /no_think
--------------------------
----------Response----------
[unused16][unused17]```
loop invariant a + b == j;
```
----------------------------
------------Invariant Info-----------
LOOP A:
i_13: a + b == j
------------------------------------
---------- Code with Invariants ----------
// Source: Isil Dillig, Thomas Dillig, Boyang Li, Ken McMillan: "Inductive
// Invariant Generation via Abductive Inference", OOPSLA 2013.
#include "assert.h"
int unknown1();

int svcomp_8(int flag) {
    unsigned int i, j, a, b;
    a = 0;
    b = 0;
    j = 1;

    if (flag) {
        i = 0;
    } else {
        i = 1;
    }

    // Loop A
    /*@
        loop invariant i_13: a + b == j;


        loop assigns a, b, i, j;
    */
    while (unknown1()) {
        a++;
        b += (j - i);
        i += 2;
        if (i%2 == 0) {
            j += 2;
        } else {
            j++;
        }
    }
    if (flag) {
        //@ assert a == b;
    }
    return 0;
}
------------------------------------------
Verification failed (Fail_5_6), removing all invariants and retrying.
========== Attempt 4 ==========
----------Prompt----------

// Source: Isil Dillig, Thomas Dillig, Boyang Li, Ken McMillan: "Inductive
// Invariant Generation via Abductive Inference", OOPSLA 2013.
#include "assert.h"
int unknown1();

int svcomp_8(int flag) {
    unsigned int i, j, a, b;
    a = 0;
    b = 0;
    j = 1;

    if (flag) {
        i = 0;
    } else {
        i = 1;
    }

    // Loop A
    /*@
        [Hint] Please infer the loop invariant for the following loop.

        loop assigns a, b, i, j;
    */
    while (unknown1()) {
        a++;
        b += (j - i);
        i += 2;
        if (i%2 == 0) {
            j += 2;
        } else {
            j++;
        }
    }
    if (flag) {
        //@ assert a == b;
    }
    return 0;
}
You are an expert in program verification, and please generate loop invariant as C annotation comments at the hint location (annotated by "[Hint] Please infer the loop invariant for the following loop.") using ACSL language.
ACSL is a specification language for C programs that conforms to the design by contract paradigm, utilizing Hoare style pre- and postconditions and invariants. Note that the `loop invariant` clause is a condition that is true at the beginning and end of every loop iteration.
Specifically, for the current verification task:
    - Pre-condition: the function's `requires` clauses
    - Post-condition: 1:a == b; 
Please verify that the generated loop invariant is consistent with these constraints. If these specific pre- or post-conditions are not provided or empty, please infer the loop invariant strictly based on the program's execution logic and standard correctness.
In order to get a correct answer, You may want to consider both the situation of not entering the loop and the situation of jumping out of the loop. If some of the pre-conditions are also loop invariant, you need to add them to your answer as well.
Use '&&', '||', '==>', '\forall' or '\exists' if necessary. For instance:
```
loop invariant 1 <= x;
loop invariant x == y;
loop invariant 0 < x ==> y <= z;
loop invariant z % 2 == 1 || x == y;
loop invariant z % 2 == 1 && x <= y;
loop invariant \forall integer k;  0 <= k < i ==> max >=  a[k];
loop invariant \exists integer k;  0 <= k < i &&  max == a[k];
loop invariant \forall integer p; 0 <= p < \at(k, End_l) ==> res[p] == \at(res[p], End_l);
```
Your answer should follow the following format:
```
loop invariant ...;
loop invariant ...;
...
```
No explanation. No commentary. Just show me the loop invariant.
 /no_think
--------------------------
----------Response----------
[unused16][unused17]loop invariant a == b && i == j;
loop invariant i <= j;
```
----------------------------
------------Invariant Info-----------
LOOP A:
i_14: a == b && i == j
i_15: i <= j
------------------------------------
---------- Code with Invariants ----------
// Source: Isil Dillig, Thomas Dillig, Boyang Li, Ken McMillan: "Inductive
// Invariant Generation via Abductive Inference", OOPSLA 2013.
#include "assert.h"
int unknown1();

int svcomp_8(int flag) {
    unsigned int i, j, a, b;
    a = 0;
    b = 0;
    j = 1;

    if (flag) {
        i = 0;
    } else {
        i = 1;
    }

    // Loop A
    /*@
        loop invariant i_14: a == b && i == j;

        loop invariant i_15: i <= j;


        loop assigns a, b, i, j;
    */
    while (unknown1()) {
        a++;
        b += (j - i);
        i += 2;
        if (i%2 == 0) {
            j += 2;
        } else {
            j++;
        }
    }
    if (flag) {
        //@ assert a == b;
    }
    return 0;
}
------------------------------------------
Verification failed (Fail_6_8), removing all invariants and retrying.
========== Attempt 5 ==========
----------Prompt----------

// Source: Isil Dillig, Thomas Dillig, Boyang Li, Ken McMillan: "Inductive
// Invariant Generation via Abductive Inference", OOPSLA 2013.
#include "assert.h"
int unknown1();

int svcomp_8(int flag) {
    unsigned int i, j, a, b;
    a = 0;
    b = 0;
    j = 1;

    if (flag) {
        i = 0;
    } else {
        i = 1;
    }

    // Loop A
    /*@
        [Hint] Please infer the loop invariant for the following loop.

        loop assigns a, b, i, j;
    */
    while (unknown1()) {
        a++;
        b += (j - i);
        i += 2;
        if (i%2 == 0) {
            j += 2;
        } else {
            j++;
        }
    }
    if (flag) {
        //@ assert a == b;
    }
    return 0;
}
You are an expert in program verification, and please generate loop invariant as C annotation comments at the hint location (annotated by "[Hint] Please infer the loop invariant for the following loop.") using ACSL language.
ACSL is a specification language for C programs that conforms to the design by contract paradigm, utilizing Hoare style pre- and postconditions and invariants. Note that the `loop invariant` clause is a condition that is true at the beginning and end of every loop iteration.
Specifically, for the current verification task:
    - Pre-condition: the function's `requires` clauses
    - Post-condition: 1:a == b; 
Please verify that the generated loop invariant is consistent with these constraints. If these specific pre- or post-conditions are not provided or empty, please infer the loop invariant strictly based on the program's execution logic and standard correctness.
In order to get a correct answer, You may want to consider both the situation of not entering the loop and the situation of jumping out of the loop. If some of the pre-conditions are also loop invariant, you need to add them to your answer as well.
Use '&&', '||', '==>', '\forall' or '\exists' if necessary. For instance:
```
loop invariant 1 <= x;
loop invariant x == y;
loop invariant 0 < x ==> y <= z;
loop invariant z % 2 == 1 || x == y;
loop invariant z % 2 == 1 && x <= y;
loop invariant \forall integer k;  0 <= k < i ==> max >=  a[k];
loop invariant \exists integer k;  0 <= k < i &&  max == a[k];
loop invariant \forall integer p; 0 <= p < \at(k, End_l) ==> res[p] == \at(res[p], End_l);
```
Your answer should follow the following format:
```
loop invariant ...;
loop invariant ...;
...
```
No explanation. No commentary. Just show me the loop invariant.
 /no_think
--------------------------
----------Response----------
[unused16][unused17]```
loop invariant a == b;
```
----------------------------
------------Invariant Info-----------
LOOP A:
i_16: a == b
------------------------------------
---------- Code with Invariants ----------
// Source: Isil Dillig, Thomas Dillig, Boyang Li, Ken McMillan: "Inductive
// Invariant Generation via Abductive Inference", OOPSLA 2013.
#include "assert.h"
int unknown1();

int svcomp_8(int flag) {
    unsigned int i, j, a, b;
    a = 0;
    b = 0;
    j = 1;

    if (flag) {
        i = 0;
    } else {
        i = 1;
    }

    // Loop A
    /*@
        loop invariant i_16: a == b;


        loop assigns a, b, i, j;
    */
    while (unknown1()) {
        a++;
        b += (j - i);
        i += 2;
        if (i%2 == 0) {
            j += 2;
        } else {
            j++;
        }
    }
    if (flag) {
        //@ assert a == b;
    }
    return 0;
}
------------------------------------------
Verification failed (Fail_5_6), removing all invariants and retrying.
Verification failed: reached maximum attempts.
---------Result---------
Fail
Model: openPangu-Embedded-7B-V1.1
Running time: 66.34989428520203
Proposal number: 5
Verified code:

------------------------
