-----------Model-----------
Model type:
PanguEmbeddedForCausalLM(
  (model): PanguEmbeddedModel(
    (embed_tokens): Embedding(153376, 4096, padding_idx=0)
    (layers): ModuleList(
      (0-33): 34 x PanguEmbeddedDecoderLayer(
        (self_attn): PanguEmbeddedAttention(
          (q_proj): Linear(in_features=4096, out_features=4096, bias=True)
          (k_proj): Linear(in_features=4096, out_features=1024, bias=True)
          (v_proj): Linear(in_features=4096, out_features=1024, bias=True)
          (o_proj): Linear(in_features=4096, out_features=4096, bias=True)
        )
        (mlp): PanguEmbeddedMLP(
          (gate_proj): Linear(in_features=4096, out_features=12800, bias=False)
          (up_proj): Linear(in_features=4096, out_features=12800, bias=False)
          (down_proj): Linear(in_features=12800, out_features=4096, bias=False)
          (act_fn): SiLU()
        )
        (input_layernorm): PanguEmbeddedRMSNorm((4096,), eps=1e-05)
        (post_attention_layernorm): PanguEmbeddedRMSNorm((4096,), eps=1e-05)
      )
    )
    (norm): PanguEmbeddedRMSNorm((4096,), eps=1e-05)
    (rotary_emb): PanguEmbeddedRotaryEmbedding()
  )
  (lm_head): Linear(in_features=4096, out_features=153376, bias=False)
)
Model device:
npu:1
---------------------------
File Path: ../Benchmark/acsl-algorithms/_merge.c
----------Code----------
/*@
  predicate Sorted(int *t, integer lo, integer hi) =
    \forall integer i, j; lo <= i <= j < hi ==> t[i] <= t[j];
*/

/*@
    requires \valid(A + (0..a- 1));
    requires \valid(B + (0..b - 1));
    requires \valid(res + (0..a + b - 1));
    requires \separated(&A[0..(a-1)], &B[0..(b-1)], &res[0..(a+b-1)]);
    requires a > 0;
    requires b > 0;
    requires Sorted(A, 0, a);
    requires Sorted(B, 0, b);
    assigns res[0..a + b - 1];
    ensures e_1: Sorted(res, 0, a + b);
*/
void _merge(int A[], int B[], int res[], int a, int b) {
    int i = 0;
    int j = 0;
    int k = 0;
    /*@
        loop assigns i, j, k;
        loop assigns res[0..a + b - 1];
    */
    while (i < a && j < b) {
        if (A[i] <= B[j]) {
            res[k] = A[i];
            k = k + 1;
            i = i + 1;
        } 
        else {
            res[k] = B[j];
            k = k + 1;
            j = j + 1;
        }
    }
    //@ ghost End_l: ;
    
    /*@
        loop assigns res[0..a + b - 1];
        loop assigns i, k;
    */
    while (i < a) {
        res[k] = A[i];
        k = k + 1;
        i = i + 1;
    }

    /*@
        loop assigns res[0..a + b - 1];
        loop assigns j, k;
    */
    while (j < b) {
        res[k] = B[j];
        k = k + 1;
        j = j + 1;
    }
}
------------------------
----------Prompt----------

/*@
  predicate Sorted(int *t, integer lo, integer hi) =
    \forall integer i, j; lo <= i <= j < hi ==> t[i] <= t[j];
*/

/*@
    requires \valid(A + (0..a- 1));
    requires \valid(B + (0..b - 1));
    requires \valid(res + (0..a + b - 1));
    requires \separated(&A[0..(a-1)], &B[0..(b-1)], &res[0..(a+b-1)]);
    requires a > 0;
    requires b > 0;
    requires Sorted(A, 0, a);
    requires Sorted(B, 0, b);
    assigns res[0..a + b - 1];
    ensures e_1: Sorted(res, 0, a + b);
*/
void _merge(int A[], int B[], int res[], int a, int b) {
    int i = 0;
    int j = 0;
    int k = 0;
    // Loop A
    /*@
        [Hint] Please infer the loop invariant for the following loop.

        loop assigns i, j, k;
        loop assigns res[0..a + b - 1];
    */
    while (i < a && j < b) {
        if (A[i] <= B[j]) {
            res[k] = A[i];
            k = k + 1;
            i = i + 1;
        } 
        else {
            res[k] = B[j];
            k = k + 1;
            j = j + 1;
        }
    }
    //@ ghost End_l: ;
    
    // Loop B
    /*@
        loop assigns res[0..a + b - 1];
        loop assigns i, k;
    */
    while (i < a) {
        res[k] = A[i];
        k = k + 1;
        i = i + 1;
    }

    // Loop C
    /*@
        loop assigns res[0..a + b - 1];
        loop assigns j, k;
    */
    while (j < b) {
        res[k] = B[j];
        k = k + 1;
        j = j + 1;
    }
}
You are an expert in program verification, and please generate loop invariant as C annotation comments at the hint location (annotated by "[Hint] Please infer the loop invariant for the following loop.") using ACSL language.
ACSL is a specification language for C programs that conforms to the design by contract paradigm, utilizing Hoare style pre- and postconditions and invariants. Note that the `loop invariant` clause is a condition that is true at the beginning and end of every loop iteration.
Specifically, for the current verification task:
    - Pre-condition: the function's `requires` clauses
    - Post-condition: 
Please verify that the generated loop invariant is consistent with these constraints. If these specific pre- or post-conditions are not provided or empty, please infer the loop invariant strictly based on the program's execution logic and standard correctness.
In order to get a correct answer, You may want to consider both the situation of not entering the loop and the situation of jumping out of the loop. If some of the pre-conditions are also loop invariant, you need to add them to your answer as well.
Use '&&', '||', '==>', '\forall' or '\exists' if necessary. For instance:
```
loop invariant 1 <= x;
loop invariant x == y;
loop invariant 0 < x ==> y <= z;
loop invariant z % 2 == 1 || x == y;
loop invariant z % 2 == 1 && x <= y;
loop invariant \forall integer k;  0 <= k < i ==> max >=  a[k];
loop invariant \exists integer k;  0 <= k < i &&  max == a[k];
loop invariant \forall integer p; 0 <= p < \at(k, End_l) ==> res[p] == \at(res[p], End_l);
```
Your answer should follow the following format:
```
loop invariant ...;
loop invariant ...;
...
```
No explanation. No commentary. Just show me the loop invariant.
 /no_think
--------------------------
----------Response----------
[unused16][unused17]loop invariant 0 <= i < a && 0 <= j < b;
loop invariant 0 <= k < a + b;
loop invariant i + j + k == a + b - 1;
loop invariant \forall integer x; 0 <= x < a + b - 1 ==> res[x] == \at(res[x], \_merg);
loop invariant \exists integer idx; 0 <= idx < a && res[idx] == \at(A[idx], \_merg);
loop invariant \exists integer idx; 0 <= idx < b && res[idx] == \at(B[idx], \_merg);
loop invariant \forall integer x; \forall integer n; 0 <= x < n ==> \at(res[n-1], End_l) == \at(res[n], End_r);
----------------------------
----------Prompt----------

/*@
  predicate Sorted(int *t, integer lo, integer hi) =
    \forall integer i, j; lo <= i <= j < hi ==> t[i] <= t[j];
*/

/*@
    requires \valid(A + (0..a- 1));
    requires \valid(B + (0..b - 1));
    requires \valid(res + (0..a + b - 1));
    requires \separated(&A[0..(a-1)], &B[0..(b-1)], &res[0..(a+b-1)]);
    requires a > 0;
    requires b > 0;
    requires Sorted(A, 0, a);
    requires Sorted(B, 0, b);
    assigns res[0..a + b - 1];
    ensures e_1: Sorted(res, 0, a + b);
*/
void _merge(int A[], int B[], int res[], int a, int b) {
    int i = 0;
    int j = 0;
    int k = 0;
    // Loop A
    /*@
        loop invariant i_0: 0 <= i < a && 0 <= j < b;

        loop invariant i_1: 0 <= k < a + b;

        loop invariant i_2: i + j + k == a + b - 1;

        loop invariant i_3: \forall integer x; 0 <= x < a + b - 1 ==> res[x] == \at(res[x], \_merg);

        loop invariant i_4: \exists integer idx; 0 <= idx < a && res[idx] == \at(A[idx], \_merg);

        loop invariant i_5: \exists integer idx; 0 <= idx < b && res[idx] == \at(B[idx], \_merg);

        loop invariant i_6: \forall integer x; \forall integer n; 0 <= x < n ==> \at(res[n-1], End_l) == \at(res[n], End_r);


        loop assigns i, j, k;
        loop assigns res[0..a + b - 1];
    */
    while (i < a && j < b) {
        if (A[i] <= B[j]) {
            res[k] = A[i];
            k = k + 1;
            i = i + 1;
        } 
        else {
            res[k] = B[j];
            k = k + 1;
            j = j + 1;
        }
    }
    //@ ghost End_l: ;
    
    // Loop B
    /*@
        loop assigns res[0..a + b - 1];
        loop assigns i, k;
    */
    while (i < a) {
        res[k] = A[i];
        k = k + 1;
        i = i + 1;
    }

    // Loop C
    /*@
        [Hint] Please infer the loop invariant for the following loop.

        loop assigns res[0..a + b - 1];
        loop assigns j, k;
    */
    while (j < b) {
        res[k] = B[j];
        k = k + 1;
        j = j + 1;
    }
}
You are an expert in program verification, and please generate loop invariant as C annotation comments at the hint location (annotated by "[Hint] Please infer the loop invariant for the following loop.") using ACSL language.
ACSL is a specification language for C programs that conforms to the design by contract paradigm, utilizing Hoare style pre- and postconditions and invariants. Note that the `loop invariant` clause is a condition that is true at the beginning and end of every loop iteration.
Specifically, for the current verification task:
    - Pre-condition: 
    - Post-condition: e_1:Sorted(res, 0, a + b); 
Please verify that the generated loop invariant is consistent with these constraints. If these specific pre- or post-conditions are not provided or empty, please infer the loop invariant strictly based on the program's execution logic and standard correctness.
In order to get a correct answer, You may want to consider both the situation of not entering the loop and the situation of jumping out of the loop. If some of the pre-conditions are also loop invariant, you need to add them to your answer as well.
Use '&&', '||', '==>', '\forall' or '\exists' if necessary. For instance:
```
loop invariant 1 <= x;
loop invariant x == y;
loop invariant 0 < x ==> y <= z;
loop invariant z % 2 == 1 || x == y;
loop invariant z % 2 == 1 && x <= y;
loop invariant \forall integer k;  0 <= k < i ==> max >=  a[k];
loop invariant \exists integer k;  0 <= k < i &&  max == a[k];
loop invariant \forall integer p; 0 <= p < \at(k, End_l) ==> res[p] == \at(res[p], End_l);
```
Your answer should follow the following format:
```
loop invariant ...;
loop invariant ...;
...
```
No explanation. No commentary. Just show me the loop invariant.
 /no_think
--------------------------
----------Response----------
[unused16][unused17]```
loop invariant i >= 0 && j >= 0 && k >= 0 && i < a && j < b && k < a + b;

loop invariant \forall integer x; 0 <= x < a + b - 1 ==> \at(res[x], \_merg);

loop invariant \exists integer idx; 0 <= idx < a && res[idx] == \at(A[idx], \_merg);

loop invariant \exists integer idx; 0 <= idx < b && res[idx] == \at(B[idx], \_merg);

loop invariant \forall integer x; 0 <= x < a + b - 1 ==> \at(res[x-1], End_l) == \at(res[x], End_r);

loop invariant i + j + k == a + b - 1;
```
----------------------------
----------Prompt----------

/*@
  predicate Sorted(int *t, integer lo, integer hi) =
    \forall integer i, j; lo <= i <= j < hi ==> t[i] <= t[j];
*/

/*@
    requires \valid(A + (0..a- 1));
    requires \valid(B + (0..b - 1));
    requires \valid(res + (0..a + b - 1));
    requires \separated(&A[0..(a-1)], &B[0..(b-1)], &res[0..(a+b-1)]);
    requires a > 0;
    requires b > 0;
    requires Sorted(A, 0, a);
    requires Sorted(B, 0, b);
    assigns res[0..a + b - 1];
    ensures e_1: Sorted(res, 0, a + b);
*/
void _merge(int A[], int B[], int res[], int a, int b) {
    int i = 0;
    int j = 0;
    int k = 0;
    // Loop A
    /*@
        loop invariant i_0: 0 <= i < a && 0 <= j < b;

        loop invariant i_1: 0 <= k < a + b;

        loop invariant i_2: i + j + k == a + b - 1;

        loop invariant i_3: \forall integer x; 0 <= x < a + b - 1 ==> res[x] == \at(res[x], \_merg);

        loop invariant i_4: \exists integer idx; 0 <= idx < a && res[idx] == \at(A[idx], \_merg);

        loop invariant i_5: \exists integer idx; 0 <= idx < b && res[idx] == \at(B[idx], \_merg);

        loop invariant i_6: \forall integer x; \forall integer n; 0 <= x < n ==> \at(res[n-1], End_l) == \at(res[n], End_r);


        loop assigns i, j, k;
        loop assigns res[0..a + b - 1];
    */
    while (i < a && j < b) {
        if (A[i] <= B[j]) {
            res[k] = A[i];
            k = k + 1;
            i = i + 1;
        } 
        else {
            res[k] = B[j];
            k = k + 1;
            j = j + 1;
        }
    }
    //@ ghost End_l: ;
    
    // Loop B
    /*@
        [Hint] Please infer the loop invariant for the following loop.

        loop assigns res[0..a + b - 1];
        loop assigns i, k;
    */
    while (i < a) {
        res[k] = A[i];
        k = k + 1;
        i = i + 1;
    }

    // Loop C
    /*@
        loop invariant i_7: i >= 0 && j >= 0 && k >= 0 && i < a && j < b && k < a + b;

        loop invariant i_8: \forall integer x; 0 <= x < a + b - 1 ==> \at(res[x], \_merg);

        loop invariant i_9: \exists integer idx; 0 <= idx < a && res[idx] == \at(A[idx], \_merg);

        loop invariant i_10: \exists integer idx; 0 <= idx < b && res[idx] == \at(B[idx], \_merg);

        loop invariant i_11: \forall integer x; 0 <= x < a + b - 1 ==> \at(res[x-1], End_l) == \at(res[x], End_r);

        loop invariant i_12: i + j + k == a + b - 1;


        loop assigns res[0..a + b - 1];
        loop assigns j, k;
    */
    while (j < b) {
        res[k] = B[j];
        k = k + 1;
        j = j + 1;
    }
}
You are an expert in program verification, and please generate loop invariant as C annotation comments at the hint location (annotated by "[Hint] Please infer the loop invariant for the following loop.") using ACSL language.
ACSL is a specification language for C programs that conforms to the design by contract paradigm, utilizing Hoare style pre- and postconditions and invariants. Note that the `loop invariant` clause is a condition that is true at the beginning and end of every loop iteration.
Specifically, for the current verification task:
    - Pre-condition: i_0:0 <= i < a && 0 <= j < b; i_1:0 <= k < a + b; i_2:i + j + k == a + b - 1; i_3:\forall integer x; 0 <= x < a + b - 1 ==> res[x] == \at(res[x], \_merg); i_4:\exists integer idx; 0 <= idx < a && res[idx] == \at(A[idx], \_merg); i_5:\exists integer idx; 0 <= idx < b && res[idx] == \at(B[idx], \_merg); i_6:\forall integer x; \forall integer n; 0 <= x < n ==> \at(res[n-1], End_l) == \at(res[n], End_r); 
    - Post-condition: i_7:i >= 0 && j >= 0 && k >= 0 && i < a && j < b && k < a + b; i_8:\forall integer x; 0 <= x < a + b - 1 ==> \at(res[x], \_merg); i_9:\exists integer idx; 0 <= idx < a && res[idx] == \at(A[idx], \_merg); i_10:\exists integer idx; 0 <= idx < b && res[idx] == \at(B[idx], \_merg); i_11:\forall integer x; 0 <= x < a + b - 1 ==> \at(res[x-1], End_l) == \at(res[x], End_r); i_12:i + j + k == a + b - 1; 
Please verify that the generated loop invariant is consistent with these constraints. If these specific pre- or post-conditions are not provided or empty, please infer the loop invariant strictly based on the program's execution logic and standard correctness.
In order to get a correct answer, You may want to consider both the situation of not entering the loop and the situation of jumping out of the loop. If some of the pre-conditions are also loop invariant, you need to add them to your answer as well.
Use '&&', '||', '==>', '\forall' or '\exists' if necessary. For instance:
```
loop invariant 1 <= x;
loop invariant x == y;
loop invariant 0 < x ==> y <= z;
loop invariant z % 2 == 1 || x == y;
loop invariant z % 2 == 1 && x <= y;
loop invariant \forall integer k;  0 <= k < i ==> max >=  a[k];
loop invariant \exists integer k;  0 <= k < i &&  max == a[k];
loop invariant \forall integer p; 0 <= p < \at(k, End_l) ==> res[p] == \at(res[p], End_l);
```
Your answer should follow the following format:
```
loop invariant ...;
loop invariant ...;
...
```
No explanation. No commentary. Just show me the loop invariant.
 /no_think
--------------------------
----------Response----------
[unused16][unused17][Loop <CUR_LOOP>]  
loop invariant i_0: 0 <= i < a && 0 <= j < b;

[Loop <PRE_LOOP>]  
loop invariant i_1: 0 <= k < a + b;

[Loop <INNER_LOOP>]  
loop invariant i_2: i + j + k == a + b - 1;

[Loop <CUR_LOOP>]  
loop invariant i_3: \forall integer x; 0 <= x < a + b - 1 ==> res[x] == \at(res[x], \_merg);

[Loop <INNER_LOOP>]  
loop invariant i_4: \exists integer idx; 0 <= idx < a && res[idx] == \at(A[idx], \_merg);

[Loop <INNER_LOOP>]  
loop invariant i_5: \exists integer idx; 0 <= idx < b && res[idx] == \at(B[idx], \_merg);

[Loop <INNER_LOOP>]  
loop invariant i_6: \forall integer x; 0 <= x < a + b - 1 ==> \at(res[x-1], End_l) == \at(res[x], End_r);

[Loop <CUR_LOOP>]  
loop invariant i_7: i >= 0 && j >= 0 && k >= 0 && i < a && j < b && k < a + b;

[Loop <PRE_LOOP>]  
loop invariant i_8: \forall integer x; 0 <= x < a + b - 1 ==> \at(res[x], \_merg);

[Loop <PRE_LOOP>]  
loop invariant i_9: \exists integer idx; 0 <= idx < a && res[idx] == \at(A[idx], \_merg);

[Loop <PRE_LOOP>]  
loop invariant i_10: \exists integer idx; 0 <= idx < b && res[idx] == \at(B[idx], \_merg);

[Loop <PRE_LOOP>]  
loop invariant i_11: \forall integer x; 0 <= x < a + b - 1 ==> \at(res[x-1], End_l) == \at(res[x], End_r);

[Loop <PRE_LOOP>]  
loop invariant i_12: i + j + k == a + b - 1;
----------------------------
------------Invariant Info-----------
LOOP A:
i_0: 0 <= i < a && 0 <= j < b
i_1: 0 <= k < a + b
i_2: i + j + k == a + b - 1
i_3: \forall integer x; 0 <= x < a + b - 1 ==> res[x] == \at(res[x], \_merg)
i_4: \exists integer idx; 0 <= idx < a && res[idx] == \at(A[idx], \_merg)
i_5: \exists integer idx; 0 <= idx < b && res[idx] == \at(B[idx], \_merg)
i_6: \forall integer x; \forall integer n; 0 <= x < n ==> \at(res[n-1], End_l) == \at(res[n], End_r)
LOOP B:
i_13: 0 <= i < a && 0 <= j < b
i_14: 0 <= k < a + b
i_15: i + j + k == a + b - 1
i_16: \forall integer x; 0 <= x < a + b - 1 ==> res[x] == \at(res[x], \_merg)
i_17: \exists integer idx; 0 <= idx < a && res[idx] == \at(A[idx], \_merg)
i_18: \exists integer idx; 0 <= idx < b && res[idx] == \at(B[idx], \_merg)
i_19: \forall integer x; 0 <= x < a + b - 1 ==> \at(res[x-1], End_l) == \at(res[x], End_r)
i_20: i >= 0 && j >= 0 && k >= 0 && i < a && j < b && k < a + b
i_21: \forall integer x; 0 <= x < a + b - 1 ==> \at(res[x], \_merg)
LOOP C:
i_7: i >= 0 && j >= 0 && k >= 0 && i < a && j < b && k < a + b
i_8: \forall integer x; 0 <= x < a + b - 1 ==> \at(res[x], \_merg)
i_9: \exists integer idx; 0 <= idx < a && res[idx] == \at(A[idx], \_merg)
i_10: \exists integer idx; 0 <= idx < b && res[idx] == \at(B[idx], \_merg)
i_11: \forall integer x; 0 <= x < a + b - 1 ==> \at(res[x-1], End_l) == \at(res[x], End_r)
i_12: i + j + k == a + b - 1
------------------------------------
----------Code with Invariants----------
/*@
  predicate Sorted(int *t, integer lo, integer hi) =
    \forall integer i, j; lo <= i <= j < hi ==> t[i] <= t[j];
*/

/*@
    requires \valid(A + (0..a- 1));
    requires \valid(B + (0..b - 1));
    requires \valid(res + (0..a + b - 1));
    requires \separated(&A[0..(a-1)], &B[0..(b-1)], &res[0..(a+b-1)]);
    requires a > 0;
    requires b > 0;
    requires Sorted(A, 0, a);
    requires Sorted(B, 0, b);
    assigns res[0..a + b - 1];
    ensures e_1: Sorted(res, 0, a + b);
*/
void _merge(int A[], int B[], int res[], int a, int b) {
    int i = 0;
    int j = 0;
    int k = 0;
    // Loop A
    /*@
        loop invariant i_0: 0 <= i < a && 0 <= j < b;

        loop invariant i_1: 0 <= k < a + b;

        loop invariant i_2: i + j + k == a + b - 1;

        loop invariant i_3: \forall integer x; 0 <= x < a + b - 1 ==> res[x] == \at(res[x], \_merg);

        loop invariant i_4: \exists integer idx; 0 <= idx < a && res[idx] == \at(A[idx], \_merg);

        loop invariant i_5: \exists integer idx; 0 <= idx < b && res[idx] == \at(B[idx], \_merg);

        loop invariant i_6: \forall integer x; \forall integer n; 0 <= x < n ==> \at(res[n-1], End_l) == \at(res[n], End_r);


        loop assigns i, j, k;
        loop assigns res[0..a + b - 1];
    */
    while (i < a && j < b) {
        if (A[i] <= B[j]) {
            res[k] = A[i];
            k = k + 1;
            i = i + 1;
        } 
        else {
            res[k] = B[j];
            k = k + 1;
            j = j + 1;
        }
    }
    //@ ghost End_l: ;
    
    // Loop B
    /*@
        loop invariant i_13: 0 <= i < a && 0 <= j < b;

        loop invariant i_14: 0 <= k < a + b;

        loop invariant i_15: i + j + k == a + b - 1;

        loop invariant i_16: \forall integer x; 0 <= x < a + b - 1 ==> res[x] == \at(res[x], \_merg);

        loop invariant i_17: \exists integer idx; 0 <= idx < a && res[idx] == \at(A[idx], \_merg);

        loop invariant i_18: \exists integer idx; 0 <= idx < b && res[idx] == \at(B[idx], \_merg);

        loop invariant i_19: \forall integer x; 0 <= x < a + b - 1 ==> \at(res[x-1], End_l) == \at(res[x], End_r);

        loop invariant i_20: i >= 0 && j >= 0 && k >= 0 && i < a && j < b && k < a + b;

        loop invariant i_21: \forall integer x; 0 <= x < a + b - 1 ==> \at(res[x], \_merg);


        loop assigns res[0..a + b - 1];
        loop assigns i, k;
    */
    while (i < a) {
        res[k] = A[i];
        k = k + 1;
        i = i + 1;
    }

    // Loop C
    /*@
        loop invariant i_7: i >= 0 && j >= 0 && k >= 0 && i < a && j < b && k < a + b;

        loop invariant i_8: \forall integer x; 0 <= x < a + b - 1 ==> \at(res[x], \_merg);

        loop invariant i_9: \exists integer idx; 0 <= idx < a && res[idx] == \at(A[idx], \_merg);

        loop invariant i_10: \exists integer idx; 0 <= idx < b && res[idx] == \at(B[idx], \_merg);

        loop invariant i_11: \forall integer x; 0 <= x < a + b - 1 ==> \at(res[x-1], End_l) == \at(res[x], End_r);

        loop invariant i_12: i + j + k == a + b - 1;


        loop assigns res[0..a + b - 1];
        loop assigns j, k;
    */
    while (j < b) {
        res[k] = B[j];
        k = k + 1;
        j = j + 1;
    }
}
----------------------------------------
------------Invariant Info-----------
LOOP A:
i_0: 0 <= i < a && 0 <= j < b
i_1: 0 <= k < a + b
i_2: i + j + k == a + b - 1
i_4: \exists integer idx; 0 <= idx < a && res[idx] == \at(A[idx], \_merg)
i_5: \exists integer idx; 0 <= idx < b && res[idx] == \at(B[idx], \_merg)
i_6: \forall integer x; \forall integer n; 0 <= x < n ==> \at(res[n-1], End_l) == \at(res[n], End_r)
LOOP B:
i_13: 0 <= i < a && 0 <= j < b
i_14: 0 <= k < a + b
i_15: i + j + k == a + b - 1
i_16: \forall integer x; 0 <= x < a + b - 1 ==> res[x] == \at(res[x], \_merg)
i_17: \exists integer idx; 0 <= idx < a && res[idx] == \at(A[idx], \_merg)
i_18: \exists integer idx; 0 <= idx < b && res[idx] == \at(B[idx], \_merg)
i_19: \forall integer x; 0 <= x < a + b - 1 ==> \at(res[x-1], End_l) == \at(res[x], End_r)
i_20: i >= 0 && j >= 0 && k >= 0 && i < a && j < b && k < a + b
i_21: \forall integer x; 0 <= x < a + b - 1 ==> \at(res[x], \_merg)
LOOP C:
i_7: i >= 0 && j >= 0 && k >= 0 && i < a && j < b && k < a + b
i_8: \forall integer x; 0 <= x < a + b - 1 ==> \at(res[x], \_merg)
i_9: \exists integer idx; 0 <= idx < a && res[idx] == \at(A[idx], \_merg)
i_10: \exists integer idx; 0 <= idx < b && res[idx] == \at(B[idx], \_merg)
i_11: \forall integer x; 0 <= x < a + b - 1 ==> \at(res[x-1], End_l) == \at(res[x], End_r)
i_12: i + j + k == a + b - 1
------------------------------------
----------Code with Invariants----------
/*@
  predicate Sorted(int *t, integer lo, integer hi) =
    \forall integer i, j; lo <= i <= j < hi ==> t[i] <= t[j];
*/

/*@
    requires \valid(A + (0..a- 1));
    requires \valid(B + (0..b - 1));
    requires \valid(res + (0..a + b - 1));
    requires \separated(&A[0..(a-1)], &B[0..(b-1)], &res[0..(a+b-1)]);
    requires a > 0;
    requires b > 0;
    requires Sorted(A, 0, a);
    requires Sorted(B, 0, b);
    assigns res[0..a + b - 1];
    ensures e_1: Sorted(res, 0, a + b);
*/
void _merge(int A[], int B[], int res[], int a, int b) {
    int i = 0;
    int j = 0;
    int k = 0;
    // Loop A
    /*@
        loop invariant i_0: 0 <= i < a && 0 <= j < b;

        loop invariant i_1: 0 <= k < a + b;

        loop invariant i_2: i + j + k == a + b - 1;

        loop invariant i_4: \exists integer idx; 0 <= idx < a && res[idx] == \at(A[idx], \_merg);

        loop invariant i_5: \exists integer idx; 0 <= idx < b && res[idx] == \at(B[idx], \_merg);

        loop invariant i_6: \forall integer x; \forall integer n; 0 <= x < n ==> \at(res[n-1], End_l) == \at(res[n], End_r);


        loop assigns i, j, k;
        loop assigns res[0..a + b - 1];
    */
    while (i < a && j < b) {
        if (A[i] <= B[j]) {
            res[k] = A[i];
            k = k + 1;
            i = i + 1;
        } 
        else {
            res[k] = B[j];
            k = k + 1;
            j = j + 1;
        }
    }
    //@ ghost End_l: ;
    
    // Loop B
    /*@
        loop invariant i_13: 0 <= i < a && 0 <= j < b;

        loop invariant i_14: 0 <= k < a + b;

        loop invariant i_15: i + j + k == a + b - 1;

        loop invariant i_16: \forall integer x; 0 <= x < a + b - 1 ==> res[x] == \at(res[x], \_merg);

        loop invariant i_17: \exists integer idx; 0 <= idx < a && res[idx] == \at(A[idx], \_merg);

        loop invariant i_18: \exists integer idx; 0 <= idx < b && res[idx] == \at(B[idx], \_merg);

        loop invariant i_19: \forall integer x; 0 <= x < a + b - 1 ==> \at(res[x-1], End_l) == \at(res[x], End_r);

        loop invariant i_20: i >= 0 && j >= 0 && k >= 0 && i < a && j < b && k < a + b;

        loop invariant i_21: \forall integer x; 0 <= x < a + b - 1 ==> \at(res[x], \_merg);


        loop assigns res[0..a + b - 1];
        loop assigns i, k;
    */
    while (i < a) {
        res[k] = A[i];
        k = k + 1;
        i = i + 1;
    }

    // Loop C
    /*@
        loop invariant i_7: i >= 0 && j >= 0 && k >= 0 && i < a && j < b && k < a + b;

        loop invariant i_8: \forall integer x; 0 <= x < a + b - 1 ==> \at(res[x], \_merg);

        loop invariant i_9: \exists integer idx; 0 <= idx < a && res[idx] == \at(A[idx], \_merg);

        loop invariant i_10: \exists integer idx; 0 <= idx < b && res[idx] == \at(B[idx], \_merg);

        loop invariant i_11: \forall integer x; 0 <= x < a + b - 1 ==> \at(res[x-1], End_l) == \at(res[x], End_r);

        loop invariant i_12: i + j + k == a + b - 1;


        loop assigns res[0..a + b - 1];
        loop assigns j, k;
    */
    while (j < b) {
        res[k] = B[j];
        k = k + 1;
        j = j + 1;
    }
}
----------------------------------------
------------Invariant Info-----------
LOOP A:
i_0: 0 <= i < a && 0 <= j < b
i_1: 0 <= k < a + b
i_2: i + j + k == a + b - 1
i_5: \exists integer idx; 0 <= idx < b && res[idx] == \at(B[idx], \_merg)
i_6: \forall integer x; \forall integer n; 0 <= x < n ==> \at(res[n-1], End_l) == \at(res[n], End_r)
LOOP B:
i_13: 0 <= i < a && 0 <= j < b
i_14: 0 <= k < a + b
i_15: i + j + k == a + b - 1
i_16: \forall integer x; 0 <= x < a + b - 1 ==> res[x] == \at(res[x], \_merg)
i_17: \exists integer idx; 0 <= idx < a && res[idx] == \at(A[idx], \_merg)
i_18: \exists integer idx; 0 <= idx < b && res[idx] == \at(B[idx], \_merg)
i_19: \forall integer x; 0 <= x < a + b - 1 ==> \at(res[x-1], End_l) == \at(res[x], End_r)
i_20: i >= 0 && j >= 0 && k >= 0 && i < a && j < b && k < a + b
i_21: \forall integer x; 0 <= x < a + b - 1 ==> \at(res[x], \_merg)
LOOP C:
i_7: i >= 0 && j >= 0 && k >= 0 && i < a && j < b && k < a + b
i_8: \forall integer x; 0 <= x < a + b - 1 ==> \at(res[x], \_merg)
i_9: \exists integer idx; 0 <= idx < a && res[idx] == \at(A[idx], \_merg)
i_10: \exists integer idx; 0 <= idx < b && res[idx] == \at(B[idx], \_merg)
i_11: \forall integer x; 0 <= x < a + b - 1 ==> \at(res[x-1], End_l) == \at(res[x], End_r)
i_12: i + j + k == a + b - 1
------------------------------------
----------Code with Invariants----------
/*@
  predicate Sorted(int *t, integer lo, integer hi) =
    \forall integer i, j; lo <= i <= j < hi ==> t[i] <= t[j];
*/

/*@
    requires \valid(A + (0..a- 1));
    requires \valid(B + (0..b - 1));
    requires \valid(res + (0..a + b - 1));
    requires \separated(&A[0..(a-1)], &B[0..(b-1)], &res[0..(a+b-1)]);
    requires a > 0;
    requires b > 0;
    requires Sorted(A, 0, a);
    requires Sorted(B, 0, b);
    assigns res[0..a + b - 1];
    ensures e_1: Sorted(res, 0, a + b);
*/
void _merge(int A[], int B[], int res[], int a, int b) {
    int i = 0;
    int j = 0;
    int k = 0;
    // Loop A
    /*@
        loop invariant i_0: 0 <= i < a && 0 <= j < b;

        loop invariant i_1: 0 <= k < a + b;

        loop invariant i_2: i + j + k == a + b - 1;

        loop invariant i_5: \exists integer idx; 0 <= idx < b && res[idx] == \at(B[idx], \_merg);

        loop invariant i_6: \forall integer x; \forall integer n; 0 <= x < n ==> \at(res[n-1], End_l) == \at(res[n], End_r);


        loop assigns i, j, k;
        loop assigns res[0..a + b - 1];
    */
    while (i < a && j < b) {
        if (A[i] <= B[j]) {
            res[k] = A[i];
            k = k + 1;
            i = i + 1;
        } 
        else {
            res[k] = B[j];
            k = k + 1;
            j = j + 1;
        }
    }
    //@ ghost End_l: ;
    
    // Loop B
    /*@
        loop invariant i_13: 0 <= i < a && 0 <= j < b;

        loop invariant i_14: 0 <= k < a + b;

        loop invariant i_15: i + j + k == a + b - 1;

        loop invariant i_16: \forall integer x; 0 <= x < a + b - 1 ==> res[x] == \at(res[x], \_merg);

        loop invariant i_17: \exists integer idx; 0 <= idx < a && res[idx] == \at(A[idx], \_merg);

        loop invariant i_18: \exists integer idx; 0 <= idx < b && res[idx] == \at(B[idx], \_merg);

        loop invariant i_19: \forall integer x; 0 <= x < a + b - 1 ==> \at(res[x-1], End_l) == \at(res[x], End_r);

        loop invariant i_20: i >= 0 && j >= 0 && k >= 0 && i < a && j < b && k < a + b;

        loop invariant i_21: \forall integer x; 0 <= x < a + b - 1 ==> \at(res[x], \_merg);


        loop assigns res[0..a + b - 1];
        loop assigns i, k;
    */
    while (i < a) {
        res[k] = A[i];
        k = k + 1;
        i = i + 1;
    }

    // Loop C
    /*@
        loop invariant i_7: i >= 0 && j >= 0 && k >= 0 && i < a && j < b && k < a + b;

        loop invariant i_8: \forall integer x; 0 <= x < a + b - 1 ==> \at(res[x], \_merg);

        loop invariant i_9: \exists integer idx; 0 <= idx < a && res[idx] == \at(A[idx], \_merg);

        loop invariant i_10: \exists integer idx; 0 <= idx < b && res[idx] == \at(B[idx], \_merg);

        loop invariant i_11: \forall integer x; 0 <= x < a + b - 1 ==> \at(res[x-1], End_l) == \at(res[x], End_r);

        loop invariant i_12: i + j + k == a + b - 1;


        loop assigns res[0..a + b - 1];
        loop assigns j, k;
    */
    while (j < b) {
        res[k] = B[j];
        k = k + 1;
        j = j + 1;
    }
}
----------------------------------------
------------Invariant Info-----------
LOOP A:
i_0: 0 <= i < a && 0 <= j < b
i_1: 0 <= k < a + b
i_2: i + j + k == a + b - 1
i_6: \forall integer x; \forall integer n; 0 <= x < n ==> \at(res[n-1], End_l) == \at(res[n], End_r)
LOOP B:
i_13: 0 <= i < a && 0 <= j < b
i_14: 0 <= k < a + b
i_15: i + j + k == a + b - 1
i_16: \forall integer x; 0 <= x < a + b - 1 ==> res[x] == \at(res[x], \_merg)
i_17: \exists integer idx; 0 <= idx < a && res[idx] == \at(A[idx], \_merg)
i_18: \exists integer idx; 0 <= idx < b && res[idx] == \at(B[idx], \_merg)
i_19: \forall integer x; 0 <= x < a + b - 1 ==> \at(res[x-1], End_l) == \at(res[x], End_r)
i_20: i >= 0 && j >= 0 && k >= 0 && i < a && j < b && k < a + b
i_21: \forall integer x; 0 <= x < a + b - 1 ==> \at(res[x], \_merg)
LOOP C:
i_7: i >= 0 && j >= 0 && k >= 0 && i < a && j < b && k < a + b
i_8: \forall integer x; 0 <= x < a + b - 1 ==> \at(res[x], \_merg)
i_9: \exists integer idx; 0 <= idx < a && res[idx] == \at(A[idx], \_merg)
i_10: \exists integer idx; 0 <= idx < b && res[idx] == \at(B[idx], \_merg)
i_11: \forall integer x; 0 <= x < a + b - 1 ==> \at(res[x-1], End_l) == \at(res[x], End_r)
i_12: i + j + k == a + b - 1
------------------------------------
----------Code with Invariants----------
/*@
  predicate Sorted(int *t, integer lo, integer hi) =
    \forall integer i, j; lo <= i <= j < hi ==> t[i] <= t[j];
*/

/*@
    requires \valid(A + (0..a- 1));
    requires \valid(B + (0..b - 1));
    requires \valid(res + (0..a + b - 1));
    requires \separated(&A[0..(a-1)], &B[0..(b-1)], &res[0..(a+b-1)]);
    requires a > 0;
    requires b > 0;
    requires Sorted(A, 0, a);
    requires Sorted(B, 0, b);
    assigns res[0..a + b - 1];
    ensures e_1: Sorted(res, 0, a + b);
*/
void _merge(int A[], int B[], int res[], int a, int b) {
    int i = 0;
    int j = 0;
    int k = 0;
    // Loop A
    /*@
        loop invariant i_0: 0 <= i < a && 0 <= j < b;

        loop invariant i_1: 0 <= k < a + b;

        loop invariant i_2: i + j + k == a + b - 1;

        loop invariant i_6: \forall integer x; \forall integer n; 0 <= x < n ==> \at(res[n-1], End_l) == \at(res[n], End_r);


        loop assigns i, j, k;
        loop assigns res[0..a + b - 1];
    */
    while (i < a && j < b) {
        if (A[i] <= B[j]) {
            res[k] = A[i];
            k = k + 1;
            i = i + 1;
        } 
        else {
            res[k] = B[j];
            k = k + 1;
            j = j + 1;
        }
    }
    //@ ghost End_l: ;
    
    // Loop B
    /*@
        loop invariant i_13: 0 <= i < a && 0 <= j < b;

        loop invariant i_14: 0 <= k < a + b;

        loop invariant i_15: i + j + k == a + b - 1;

        loop invariant i_16: \forall integer x; 0 <= x < a + b - 1 ==> res[x] == \at(res[x], \_merg);

        loop invariant i_17: \exists integer idx; 0 <= idx < a && res[idx] == \at(A[idx], \_merg);

        loop invariant i_18: \exists integer idx; 0 <= idx < b && res[idx] == \at(B[idx], \_merg);

        loop invariant i_19: \forall integer x; 0 <= x < a + b - 1 ==> \at(res[x-1], End_l) == \at(res[x], End_r);

        loop invariant i_20: i >= 0 && j >= 0 && k >= 0 && i < a && j < b && k < a + b;

        loop invariant i_21: \forall integer x; 0 <= x < a + b - 1 ==> \at(res[x], \_merg);


        loop assigns res[0..a + b - 1];
        loop assigns i, k;
    */
    while (i < a) {
        res[k] = A[i];
        k = k + 1;
        i = i + 1;
    }

    // Loop C
    /*@
        loop invariant i_7: i >= 0 && j >= 0 && k >= 0 && i < a && j < b && k < a + b;

        loop invariant i_8: \forall integer x; 0 <= x < a + b - 1 ==> \at(res[x], \_merg);

        loop invariant i_9: \exists integer idx; 0 <= idx < a && res[idx] == \at(A[idx], \_merg);

        loop invariant i_10: \exists integer idx; 0 <= idx < b && res[idx] == \at(B[idx], \_merg);

        loop invariant i_11: \forall integer x; 0 <= x < a + b - 1 ==> \at(res[x-1], End_l) == \at(res[x], End_r);

        loop invariant i_12: i + j + k == a + b - 1;


        loop assigns res[0..a + b - 1];
        loop assigns j, k;
    */
    while (j < b) {
        res[k] = B[j];
        k = k + 1;
        j = j + 1;
    }
}
----------------------------------------
------------Invariant Info-----------
LOOP A:
i_0: 0 <= i < a && 0 <= j < b
i_1: 0 <= k < a + b
i_2: i + j + k == a + b - 1
LOOP B:
i_13: 0 <= i < a && 0 <= j < b
i_14: 0 <= k < a + b
i_15: i + j + k == a + b - 1
i_16: \forall integer x; 0 <= x < a + b - 1 ==> res[x] == \at(res[x], \_merg)
i_17: \exists integer idx; 0 <= idx < a && res[idx] == \at(A[idx], \_merg)
i_18: \exists integer idx; 0 <= idx < b && res[idx] == \at(B[idx], \_merg)
i_19: \forall integer x; 0 <= x < a + b - 1 ==> \at(res[x-1], End_l) == \at(res[x], End_r)
i_20: i >= 0 && j >= 0 && k >= 0 && i < a && j < b && k < a + b
i_21: \forall integer x; 0 <= x < a + b - 1 ==> \at(res[x], \_merg)
LOOP C:
i_7: i >= 0 && j >= 0 && k >= 0 && i < a && j < b && k < a + b
i_8: \forall integer x; 0 <= x < a + b - 1 ==> \at(res[x], \_merg)
i_9: \exists integer idx; 0 <= idx < a && res[idx] == \at(A[idx], \_merg)
i_10: \exists integer idx; 0 <= idx < b && res[idx] == \at(B[idx], \_merg)
i_11: \forall integer x; 0 <= x < a + b - 1 ==> \at(res[x-1], End_l) == \at(res[x], End_r)
i_12: i + j + k == a + b - 1
------------------------------------
----------Code with Invariants----------
/*@
  predicate Sorted(int *t, integer lo, integer hi) =
    \forall integer i, j; lo <= i <= j < hi ==> t[i] <= t[j];
*/

/*@
    requires \valid(A + (0..a- 1));
    requires \valid(B + (0..b - 1));
    requires \valid(res + (0..a + b - 1));
    requires \separated(&A[0..(a-1)], &B[0..(b-1)], &res[0..(a+b-1)]);
    requires a > 0;
    requires b > 0;
    requires Sorted(A, 0, a);
    requires Sorted(B, 0, b);
    assigns res[0..a + b - 1];
    ensures e_1: Sorted(res, 0, a + b);
*/
void _merge(int A[], int B[], int res[], int a, int b) {
    int i = 0;
    int j = 0;
    int k = 0;
    // Loop A
    /*@
        loop invariant i_0: 0 <= i < a && 0 <= j < b;

        loop invariant i_1: 0 <= k < a + b;

        loop invariant i_2: i + j + k == a + b - 1;


        loop assigns i, j, k;
        loop assigns res[0..a + b - 1];
    */
    while (i < a && j < b) {
        if (A[i] <= B[j]) {
            res[k] = A[i];
            k = k + 1;
            i = i + 1;
        } 
        else {
            res[k] = B[j];
            k = k + 1;
            j = j + 1;
        }
    }
    //@ ghost End_l: ;
    
    // Loop B
    /*@
        loop invariant i_13: 0 <= i < a && 0 <= j < b;

        loop invariant i_14: 0 <= k < a + b;

        loop invariant i_15: i + j + k == a + b - 1;

        loop invariant i_16: \forall integer x; 0 <= x < a + b - 1 ==> res[x] == \at(res[x], \_merg);

        loop invariant i_17: \exists integer idx; 0 <= idx < a && res[idx] == \at(A[idx], \_merg);

        loop invariant i_18: \exists integer idx; 0 <= idx < b && res[idx] == \at(B[idx], \_merg);

        loop invariant i_19: \forall integer x; 0 <= x < a + b - 1 ==> \at(res[x-1], End_l) == \at(res[x], End_r);

        loop invariant i_20: i >= 0 && j >= 0 && k >= 0 && i < a && j < b && k < a + b;

        loop invariant i_21: \forall integer x; 0 <= x < a + b - 1 ==> \at(res[x], \_merg);


        loop assigns res[0..a + b - 1];
        loop assigns i, k;
    */
    while (i < a) {
        res[k] = A[i];
        k = k + 1;
        i = i + 1;
    }

    // Loop C
    /*@
        loop invariant i_7: i >= 0 && j >= 0 && k >= 0 && i < a && j < b && k < a + b;

        loop invariant i_8: \forall integer x; 0 <= x < a + b - 1 ==> \at(res[x], \_merg);

        loop invariant i_9: \exists integer idx; 0 <= idx < a && res[idx] == \at(A[idx], \_merg);

        loop invariant i_10: \exists integer idx; 0 <= idx < b && res[idx] == \at(B[idx], \_merg);

        loop invariant i_11: \forall integer x; 0 <= x < a + b - 1 ==> \at(res[x-1], End_l) == \at(res[x], End_r);

        loop invariant i_12: i + j + k == a + b - 1;


        loop assigns res[0..a + b - 1];
        loop assigns j, k;
    */
    while (j < b) {
        res[k] = B[j];
        k = k + 1;
        j = j + 1;
    }
}
----------------------------------------
------------Invariant Info-----------
LOOP A:
i_0: 0 <= i < a && 0 <= j < b
i_1: 0 <= k < a + b
i_2: i + j + k == a + b - 1
LOOP B:
i_13: 0 <= i < a && 0 <= j < b
i_14: 0 <= k < a + b
i_15: i + j + k == a + b - 1
i_17: \exists integer idx; 0 <= idx < a && res[idx] == \at(A[idx], \_merg)
i_18: \exists integer idx; 0 <= idx < b && res[idx] == \at(B[idx], \_merg)
i_19: \forall integer x; 0 <= x < a + b - 1 ==> \at(res[x-1], End_l) == \at(res[x], End_r)
i_20: i >= 0 && j >= 0 && k >= 0 && i < a && j < b && k < a + b
i_21: \forall integer x; 0 <= x < a + b - 1 ==> \at(res[x], \_merg)
LOOP C:
i_7: i >= 0 && j >= 0 && k >= 0 && i < a && j < b && k < a + b
i_8: \forall integer x; 0 <= x < a + b - 1 ==> \at(res[x], \_merg)
i_9: \exists integer idx; 0 <= idx < a && res[idx] == \at(A[idx], \_merg)
i_10: \exists integer idx; 0 <= idx < b && res[idx] == \at(B[idx], \_merg)
i_11: \forall integer x; 0 <= x < a + b - 1 ==> \at(res[x-1], End_l) == \at(res[x], End_r)
i_12: i + j + k == a + b - 1
------------------------------------
----------Code with Invariants----------
/*@
  predicate Sorted(int *t, integer lo, integer hi) =
    \forall integer i, j; lo <= i <= j < hi ==> t[i] <= t[j];
*/

/*@
    requires \valid(A + (0..a- 1));
    requires \valid(B + (0..b - 1));
    requires \valid(res + (0..a + b - 1));
    requires \separated(&A[0..(a-1)], &B[0..(b-1)], &res[0..(a+b-1)]);
    requires a > 0;
    requires b > 0;
    requires Sorted(A, 0, a);
    requires Sorted(B, 0, b);
    assigns res[0..a + b - 1];
    ensures e_1: Sorted(res, 0, a + b);
*/
void _merge(int A[], int B[], int res[], int a, int b) {
    int i = 0;
    int j = 0;
    int k = 0;
    // Loop A
    /*@
        loop invariant i_0: 0 <= i < a && 0 <= j < b;

        loop invariant i_1: 0 <= k < a + b;

        loop invariant i_2: i + j + k == a + b - 1;


        loop assigns i, j, k;
        loop assigns res[0..a + b - 1];
    */
    while (i < a && j < b) {
        if (A[i] <= B[j]) {
            res[k] = A[i];
            k = k + 1;
            i = i + 1;
        } 
        else {
            res[k] = B[j];
            k = k + 1;
            j = j + 1;
        }
    }
    //@ ghost End_l: ;
    
    // Loop B
    /*@
        loop invariant i_13: 0 <= i < a && 0 <= j < b;

        loop invariant i_14: 0 <= k < a + b;

        loop invariant i_15: i + j + k == a + b - 1;

        loop invariant i_17: \exists integer idx; 0 <= idx < a && res[idx] == \at(A[idx], \_merg);

        loop invariant i_18: \exists integer idx; 0 <= idx < b && res[idx] == \at(B[idx], \_merg);

        loop invariant i_19: \forall integer x; 0 <= x < a + b - 1 ==> \at(res[x-1], End_l) == \at(res[x], End_r);

        loop invariant i_20: i >= 0 && j >= 0 && k >= 0 && i < a && j < b && k < a + b;

        loop invariant i_21: \forall integer x; 0 <= x < a + b - 1 ==> \at(res[x], \_merg);


        loop assigns res[0..a + b - 1];
        loop assigns i, k;
    */
    while (i < a) {
        res[k] = A[i];
        k = k + 1;
        i = i + 1;
    }

    // Loop C
    /*@
        loop invariant i_7: i >= 0 && j >= 0 && k >= 0 && i < a && j < b && k < a + b;

        loop invariant i_8: \forall integer x; 0 <= x < a + b - 1 ==> \at(res[x], \_merg);

        loop invariant i_9: \exists integer idx; 0 <= idx < a && res[idx] == \at(A[idx], \_merg);

        loop invariant i_10: \exists integer idx; 0 <= idx < b && res[idx] == \at(B[idx], \_merg);

        loop invariant i_11: \forall integer x; 0 <= x < a + b - 1 ==> \at(res[x-1], End_l) == \at(res[x], End_r);

        loop invariant i_12: i + j + k == a + b - 1;


        loop assigns res[0..a + b - 1];
        loop assigns j, k;
    */
    while (j < b) {
        res[k] = B[j];
        k = k + 1;
        j = j + 1;
    }
}
----------------------------------------
------------Invariant Info-----------
LOOP A:
i_0: 0 <= i < a && 0 <= j < b
i_1: 0 <= k < a + b
i_2: i + j + k == a + b - 1
LOOP B:
i_13: 0 <= i < a && 0 <= j < b
i_14: 0 <= k < a + b
i_15: i + j + k == a + b - 1
i_18: \exists integer idx; 0 <= idx < b && res[idx] == \at(B[idx], \_merg)
i_19: \forall integer x; 0 <= x < a + b - 1 ==> \at(res[x-1], End_l) == \at(res[x], End_r)
i_20: i >= 0 && j >= 0 && k >= 0 && i < a && j < b && k < a + b
i_21: \forall integer x; 0 <= x < a + b - 1 ==> \at(res[x], \_merg)
LOOP C:
i_7: i >= 0 && j >= 0 && k >= 0 && i < a && j < b && k < a + b
i_8: \forall integer x; 0 <= x < a + b - 1 ==> \at(res[x], \_merg)
i_9: \exists integer idx; 0 <= idx < a && res[idx] == \at(A[idx], \_merg)
i_10: \exists integer idx; 0 <= idx < b && res[idx] == \at(B[idx], \_merg)
i_11: \forall integer x; 0 <= x < a + b - 1 ==> \at(res[x-1], End_l) == \at(res[x], End_r)
i_12: i + j + k == a + b - 1
------------------------------------
----------Code with Invariants----------
/*@
  predicate Sorted(int *t, integer lo, integer hi) =
    \forall integer i, j; lo <= i <= j < hi ==> t[i] <= t[j];
*/

/*@
    requires \valid(A + (0..a- 1));
    requires \valid(B + (0..b - 1));
    requires \valid(res + (0..a + b - 1));
    requires \separated(&A[0..(a-1)], &B[0..(b-1)], &res[0..(a+b-1)]);
    requires a > 0;
    requires b > 0;
    requires Sorted(A, 0, a);
    requires Sorted(B, 0, b);
    assigns res[0..a + b - 1];
    ensures e_1: Sorted(res, 0, a + b);
*/
void _merge(int A[], int B[], int res[], int a, int b) {
    int i = 0;
    int j = 0;
    int k = 0;
    // Loop A
    /*@
        loop invariant i_0: 0 <= i < a && 0 <= j < b;

        loop invariant i_1: 0 <= k < a + b;

        loop invariant i_2: i + j + k == a + b - 1;


        loop assigns i, j, k;
        loop assigns res[0..a + b - 1];
    */
    while (i < a && j < b) {
        if (A[i] <= B[j]) {
            res[k] = A[i];
            k = k + 1;
            i = i + 1;
        } 
        else {
            res[k] = B[j];
            k = k + 1;
            j = j + 1;
        }
    }
    //@ ghost End_l: ;
    
    // Loop B
    /*@
        loop invariant i_13: 0 <= i < a && 0 <= j < b;

        loop invariant i_14: 0 <= k < a + b;

        loop invariant i_15: i + j + k == a + b - 1;

        loop invariant i_18: \exists integer idx; 0 <= idx < b && res[idx] == \at(B[idx], \_merg);

        loop invariant i_19: \forall integer x; 0 <= x < a + b - 1 ==> \at(res[x-1], End_l) == \at(res[x], End_r);

        loop invariant i_20: i >= 0 && j >= 0 && k >= 0 && i < a && j < b && k < a + b;

        loop invariant i_21: \forall integer x; 0 <= x < a + b - 1 ==> \at(res[x], \_merg);


        loop assigns res[0..a + b - 1];
        loop assigns i, k;
    */
    while (i < a) {
        res[k] = A[i];
        k = k + 1;
        i = i + 1;
    }

    // Loop C
    /*@
        loop invariant i_7: i >= 0 && j >= 0 && k >= 0 && i < a && j < b && k < a + b;

        loop invariant i_8: \forall integer x; 0 <= x < a + b - 1 ==> \at(res[x], \_merg);

        loop invariant i_9: \exists integer idx; 0 <= idx < a && res[idx] == \at(A[idx], \_merg);

        loop invariant i_10: \exists integer idx; 0 <= idx < b && res[idx] == \at(B[idx], \_merg);

        loop invariant i_11: \forall integer x; 0 <= x < a + b - 1 ==> \at(res[x-1], End_l) == \at(res[x], End_r);

        loop invariant i_12: i + j + k == a + b - 1;


        loop assigns res[0..a + b - 1];
        loop assigns j, k;
    */
    while (j < b) {
        res[k] = B[j];
        k = k + 1;
        j = j + 1;
    }
}
----------------------------------------
------------Invariant Info-----------
LOOP A:
i_0: 0 <= i < a && 0 <= j < b
i_1: 0 <= k < a + b
i_2: i + j + k == a + b - 1
LOOP B:
i_13: 0 <= i < a && 0 <= j < b
i_14: 0 <= k < a + b
i_15: i + j + k == a + b - 1
i_19: \forall integer x; 0 <= x < a + b - 1 ==> \at(res[x-1], End_l) == \at(res[x], End_r)
i_20: i >= 0 && j >= 0 && k >= 0 && i < a && j < b && k < a + b
i_21: \forall integer x; 0 <= x < a + b - 1 ==> \at(res[x], \_merg)
LOOP C:
i_7: i >= 0 && j >= 0 && k >= 0 && i < a && j < b && k < a + b
i_8: \forall integer x; 0 <= x < a + b - 1 ==> \at(res[x], \_merg)
i_9: \exists integer idx; 0 <= idx < a && res[idx] == \at(A[idx], \_merg)
i_10: \exists integer idx; 0 <= idx < b && res[idx] == \at(B[idx], \_merg)
i_11: \forall integer x; 0 <= x < a + b - 1 ==> \at(res[x-1], End_l) == \at(res[x], End_r)
i_12: i + j + k == a + b - 1
------------------------------------
----------Code with Invariants----------
/*@
  predicate Sorted(int *t, integer lo, integer hi) =
    \forall integer i, j; lo <= i <= j < hi ==> t[i] <= t[j];
*/

/*@
    requires \valid(A + (0..a- 1));
    requires \valid(B + (0..b - 1));
    requires \valid(res + (0..a + b - 1));
    requires \separated(&A[0..(a-1)], &B[0..(b-1)], &res[0..(a+b-1)]);
    requires a > 0;
    requires b > 0;
    requires Sorted(A, 0, a);
    requires Sorted(B, 0, b);
    assigns res[0..a + b - 1];
    ensures e_1: Sorted(res, 0, a + b);
*/
void _merge(int A[], int B[], int res[], int a, int b) {
    int i = 0;
    int j = 0;
    int k = 0;
    // Loop A
    /*@
        loop invariant i_0: 0 <= i < a && 0 <= j < b;

        loop invariant i_1: 0 <= k < a + b;

        loop invariant i_2: i + j + k == a + b - 1;


        loop assigns i, j, k;
        loop assigns res[0..a + b - 1];
    */
    while (i < a && j < b) {
        if (A[i] <= B[j]) {
            res[k] = A[i];
            k = k + 1;
            i = i + 1;
        } 
        else {
            res[k] = B[j];
            k = k + 1;
            j = j + 1;
        }
    }
    //@ ghost End_l: ;
    
    // Loop B
    /*@
        loop invariant i_13: 0 <= i < a && 0 <= j < b;

        loop invariant i_14: 0 <= k < a + b;

        loop invariant i_15: i + j + k == a + b - 1;

        loop invariant i_19: \forall integer x; 0 <= x < a + b - 1 ==> \at(res[x-1], End_l) == \at(res[x], End_r);

        loop invariant i_20: i >= 0 && j >= 0 && k >= 0 && i < a && j < b && k < a + b;

        loop invariant i_21: \forall integer x; 0 <= x < a + b - 1 ==> \at(res[x], \_merg);


        loop assigns res[0..a + b - 1];
        loop assigns i, k;
    */
    while (i < a) {
        res[k] = A[i];
        k = k + 1;
        i = i + 1;
    }

    // Loop C
    /*@
        loop invariant i_7: i >= 0 && j >= 0 && k >= 0 && i < a && j < b && k < a + b;

        loop invariant i_8: \forall integer x; 0 <= x < a + b - 1 ==> \at(res[x], \_merg);

        loop invariant i_9: \exists integer idx; 0 <= idx < a && res[idx] == \at(A[idx], \_merg);

        loop invariant i_10: \exists integer idx; 0 <= idx < b && res[idx] == \at(B[idx], \_merg);

        loop invariant i_11: \forall integer x; 0 <= x < a + b - 1 ==> \at(res[x-1], End_l) == \at(res[x], End_r);

        loop invariant i_12: i + j + k == a + b - 1;


        loop assigns res[0..a + b - 1];
        loop assigns j, k;
    */
    while (j < b) {
        res[k] = B[j];
        k = k + 1;
        j = j + 1;
    }
}
----------------------------------------
------------Invariant Info-----------
LOOP A:
i_0: 0 <= i < a && 0 <= j < b
i_1: 0 <= k < a + b
i_2: i + j + k == a + b - 1
LOOP B:
i_13: 0 <= i < a && 0 <= j < b
i_14: 0 <= k < a + b
i_15: i + j + k == a + b - 1
i_20: i >= 0 && j >= 0 && k >= 0 && i < a && j < b && k < a + b
i_21: \forall integer x; 0 <= x < a + b - 1 ==> \at(res[x], \_merg)
LOOP C:
i_7: i >= 0 && j >= 0 && k >= 0 && i < a && j < b && k < a + b
i_8: \forall integer x; 0 <= x < a + b - 1 ==> \at(res[x], \_merg)
i_9: \exists integer idx; 0 <= idx < a && res[idx] == \at(A[idx], \_merg)
i_10: \exists integer idx; 0 <= idx < b && res[idx] == \at(B[idx], \_merg)
i_11: \forall integer x; 0 <= x < a + b - 1 ==> \at(res[x-1], End_l) == \at(res[x], End_r)
i_12: i + j + k == a + b - 1
------------------------------------
----------Code with Invariants----------
/*@
  predicate Sorted(int *t, integer lo, integer hi) =
    \forall integer i, j; lo <= i <= j < hi ==> t[i] <= t[j];
*/

/*@
    requires \valid(A + (0..a- 1));
    requires \valid(B + (0..b - 1));
    requires \valid(res + (0..a + b - 1));
    requires \separated(&A[0..(a-1)], &B[0..(b-1)], &res[0..(a+b-1)]);
    requires a > 0;
    requires b > 0;
    requires Sorted(A, 0, a);
    requires Sorted(B, 0, b);
    assigns res[0..a + b - 1];
    ensures e_1: Sorted(res, 0, a + b);
*/
void _merge(int A[], int B[], int res[], int a, int b) {
    int i = 0;
    int j = 0;
    int k = 0;
    // Loop A
    /*@
        loop invariant i_0: 0 <= i < a && 0 <= j < b;

        loop invariant i_1: 0 <= k < a + b;

        loop invariant i_2: i + j + k == a + b - 1;


        loop assigns i, j, k;
        loop assigns res[0..a + b - 1];
    */
    while (i < a && j < b) {
        if (A[i] <= B[j]) {
            res[k] = A[i];
            k = k + 1;
            i = i + 1;
        } 
        else {
            res[k] = B[j];
            k = k + 1;
            j = j + 1;
        }
    }
    //@ ghost End_l: ;
    
    // Loop B
    /*@
        loop invariant i_13: 0 <= i < a && 0 <= j < b;

        loop invariant i_14: 0 <= k < a + b;

        loop invariant i_15: i + j + k == a + b - 1;

        loop invariant i_20: i >= 0 && j >= 0 && k >= 0 && i < a && j < b && k < a + b;

        loop invariant i_21: \forall integer x; 0 <= x < a + b - 1 ==> \at(res[x], \_merg);


        loop assigns res[0..a + b - 1];
        loop assigns i, k;
    */
    while (i < a) {
        res[k] = A[i];
        k = k + 1;
        i = i + 1;
    }

    // Loop C
    /*@
        loop invariant i_7: i >= 0 && j >= 0 && k >= 0 && i < a && j < b && k < a + b;

        loop invariant i_8: \forall integer x; 0 <= x < a + b - 1 ==> \at(res[x], \_merg);

        loop invariant i_9: \exists integer idx; 0 <= idx < a && res[idx] == \at(A[idx], \_merg);

        loop invariant i_10: \exists integer idx; 0 <= idx < b && res[idx] == \at(B[idx], \_merg);

        loop invariant i_11: \forall integer x; 0 <= x < a + b - 1 ==> \at(res[x-1], End_l) == \at(res[x], End_r);

        loop invariant i_12: i + j + k == a + b - 1;


        loop assigns res[0..a + b - 1];
        loop assigns j, k;
    */
    while (j < b) {
        res[k] = B[j];
        k = k + 1;
        j = j + 1;
    }
}
----------------------------------------
------------Invariant Info-----------
LOOP A:
i_0: 0 <= i < a && 0 <= j < b
i_1: 0 <= k < a + b
i_2: i + j + k == a + b - 1
LOOP B:
i_13: 0 <= i < a && 0 <= j < b
i_14: 0 <= k < a + b
i_15: i + j + k == a + b - 1
i_20: i >= 0 && j >= 0 && k >= 0 && i < a && j < b && k < a + b
LOOP C:
i_7: i >= 0 && j >= 0 && k >= 0 && i < a && j < b && k < a + b
i_8: \forall integer x; 0 <= x < a + b - 1 ==> \at(res[x], \_merg)
i_9: \exists integer idx; 0 <= idx < a && res[idx] == \at(A[idx], \_merg)
i_10: \exists integer idx; 0 <= idx < b && res[idx] == \at(B[idx], \_merg)
i_11: \forall integer x; 0 <= x < a + b - 1 ==> \at(res[x-1], End_l) == \at(res[x], End_r)
i_12: i + j + k == a + b - 1
------------------------------------
----------Code with Invariants----------
/*@
  predicate Sorted(int *t, integer lo, integer hi) =
    \forall integer i, j; lo <= i <= j < hi ==> t[i] <= t[j];
*/

/*@
    requires \valid(A + (0..a- 1));
    requires \valid(B + (0..b - 1));
    requires \valid(res + (0..a + b - 1));
    requires \separated(&A[0..(a-1)], &B[0..(b-1)], &res[0..(a+b-1)]);
    requires a > 0;
    requires b > 0;
    requires Sorted(A, 0, a);
    requires Sorted(B, 0, b);
    assigns res[0..a + b - 1];
    ensures e_1: Sorted(res, 0, a + b);
*/
void _merge(int A[], int B[], int res[], int a, int b) {
    int i = 0;
    int j = 0;
    int k = 0;
    // Loop A
    /*@
        loop invariant i_0: 0 <= i < a && 0 <= j < b;

        loop invariant i_1: 0 <= k < a + b;

        loop invariant i_2: i + j + k == a + b - 1;


        loop assigns i, j, k;
        loop assigns res[0..a + b - 1];
    */
    while (i < a && j < b) {
        if (A[i] <= B[j]) {
            res[k] = A[i];
            k = k + 1;
            i = i + 1;
        } 
        else {
            res[k] = B[j];
            k = k + 1;
            j = j + 1;
        }
    }
    //@ ghost End_l: ;
    
    // Loop B
    /*@
        loop invariant i_13: 0 <= i < a && 0 <= j < b;

        loop invariant i_14: 0 <= k < a + b;

        loop invariant i_15: i + j + k == a + b - 1;

        loop invariant i_20: i >= 0 && j >= 0 && k >= 0 && i < a && j < b && k < a + b;


        loop assigns res[0..a + b - 1];
        loop assigns i, k;
    */
    while (i < a) {
        res[k] = A[i];
        k = k + 1;
        i = i + 1;
    }

    // Loop C
    /*@
        loop invariant i_7: i >= 0 && j >= 0 && k >= 0 && i < a && j < b && k < a + b;

        loop invariant i_8: \forall integer x; 0 <= x < a + b - 1 ==> \at(res[x], \_merg);

        loop invariant i_9: \exists integer idx; 0 <= idx < a && res[idx] == \at(A[idx], \_merg);

        loop invariant i_10: \exists integer idx; 0 <= idx < b && res[idx] == \at(B[idx], \_merg);

        loop invariant i_11: \forall integer x; 0 <= x < a + b - 1 ==> \at(res[x-1], End_l) == \at(res[x], End_r);

        loop invariant i_12: i + j + k == a + b - 1;


        loop assigns res[0..a + b - 1];
        loop assigns j, k;
    */
    while (j < b) {
        res[k] = B[j];
        k = k + 1;
        j = j + 1;
    }
}
----------------------------------------
------------Invariant Info-----------
LOOP A:
i_0: 0 <= i < a && 0 <= j < b
i_1: 0 <= k < a + b
i_2: i + j + k == a + b - 1
LOOP B:
i_13: 0 <= i < a && 0 <= j < b
i_14: 0 <= k < a + b
i_15: i + j + k == a + b - 1
i_20: i >= 0 && j >= 0 && k >= 0 && i < a && j < b && k < a + b
LOOP C:
i_7: i >= 0 && j >= 0 && k >= 0 && i < a && j < b && k < a + b
i_9: \exists integer idx; 0 <= idx < a && res[idx] == \at(A[idx], \_merg)
i_10: \exists integer idx; 0 <= idx < b && res[idx] == \at(B[idx], \_merg)
i_11: \forall integer x; 0 <= x < a + b - 1 ==> \at(res[x-1], End_l) == \at(res[x], End_r)
i_12: i + j + k == a + b - 1
------------------------------------
----------Code with Invariants----------
/*@
  predicate Sorted(int *t, integer lo, integer hi) =
    \forall integer i, j; lo <= i <= j < hi ==> t[i] <= t[j];
*/

/*@
    requires \valid(A + (0..a- 1));
    requires \valid(B + (0..b - 1));
    requires \valid(res + (0..a + b - 1));
    requires \separated(&A[0..(a-1)], &B[0..(b-1)], &res[0..(a+b-1)]);
    requires a > 0;
    requires b > 0;
    requires Sorted(A, 0, a);
    requires Sorted(B, 0, b);
    assigns res[0..a + b - 1];
    ensures e_1: Sorted(res, 0, a + b);
*/
void _merge(int A[], int B[], int res[], int a, int b) {
    int i = 0;
    int j = 0;
    int k = 0;
    // Loop A
    /*@
        loop invariant i_0: 0 <= i < a && 0 <= j < b;

        loop invariant i_1: 0 <= k < a + b;

        loop invariant i_2: i + j + k == a + b - 1;


        loop assigns i, j, k;
        loop assigns res[0..a + b - 1];
    */
    while (i < a && j < b) {
        if (A[i] <= B[j]) {
            res[k] = A[i];
            k = k + 1;
            i = i + 1;
        } 
        else {
            res[k] = B[j];
            k = k + 1;
            j = j + 1;
        }
    }
    //@ ghost End_l: ;
    
    // Loop B
    /*@
        loop invariant i_13: 0 <= i < a && 0 <= j < b;

        loop invariant i_14: 0 <= k < a + b;

        loop invariant i_15: i + j + k == a + b - 1;

        loop invariant i_20: i >= 0 && j >= 0 && k >= 0 && i < a && j < b && k < a + b;


        loop assigns res[0..a + b - 1];
        loop assigns i, k;
    */
    while (i < a) {
        res[k] = A[i];
        k = k + 1;
        i = i + 1;
    }

    // Loop C
    /*@
        loop invariant i_7: i >= 0 && j >= 0 && k >= 0 && i < a && j < b && k < a + b;

        loop invariant i_9: \exists integer idx; 0 <= idx < a && res[idx] == \at(A[idx], \_merg);

        loop invariant i_10: \exists integer idx; 0 <= idx < b && res[idx] == \at(B[idx], \_merg);

        loop invariant i_11: \forall integer x; 0 <= x < a + b - 1 ==> \at(res[x-1], End_l) == \at(res[x], End_r);

        loop invariant i_12: i + j + k == a + b - 1;


        loop assigns res[0..a + b - 1];
        loop assigns j, k;
    */
    while (j < b) {
        res[k] = B[j];
        k = k + 1;
        j = j + 1;
    }
}
----------------------------------------
---------Result---------
Fail
Model: openPangu-Embedded-7B-V1.1
Running time: 119.06944227218628
Proposal number: 11
Verified code:

------------------------
