-----------Model-----------
Model type:
PanguEmbeddedForCausalLM(
  (model): PanguEmbeddedModel(
    (embed_tokens): Embedding(153376, 4096, padding_idx=0)
    (layers): ModuleList(
      (0-33): 34 x PanguEmbeddedDecoderLayer(
        (self_attn): PanguEmbeddedAttention(
          (q_proj): Linear(in_features=4096, out_features=4096, bias=True)
          (k_proj): Linear(in_features=4096, out_features=1024, bias=True)
          (v_proj): Linear(in_features=4096, out_features=1024, bias=True)
          (o_proj): Linear(in_features=4096, out_features=4096, bias=True)
        )
        (mlp): PanguEmbeddedMLP(
          (gate_proj): Linear(in_features=4096, out_features=12800, bias=False)
          (up_proj): Linear(in_features=4096, out_features=12800, bias=False)
          (down_proj): Linear(in_features=12800, out_features=4096, bias=False)
          (act_fn): SiLU()
        )
        (input_layernorm): PanguEmbeddedRMSNorm((4096,), eps=1e-05)
        (post_attention_layernorm): PanguEmbeddedRMSNorm((4096,), eps=1e-05)
      )
    )
    (norm): PanguEmbeddedRMSNorm((4096,), eps=1e-05)
    (rotary_emb): PanguEmbeddedRotaryEmbedding()
  )
  (lm_head): Linear(in_features=4096, out_features=153376, bias=False)
)
Model device:
npu:1
---------------------------
File Path: ../Benchmark/acsl-algorithms/_huffman.c
----------Code----------
#include <stdlib.h>

struct Node {
    char ch;
    int freq;
    struct Node *left;
    struct Node *right;
};

/*@
    predicate Sorted(struct Node **t, integer lo, integer hi) =
        \forall integer i, j; lo <= i <= j < hi ==> t[i]->freq <= t[j]->freq;
*/


/*@
    predicate is_first_second_min(struct Node *t[], int n, int i, int j) =
        0 <= i < n && 0 <= j < n && i != j && \forall integer k; 0 <= k < n ==> t[k]->freq >= t[i]->freq && t[k]->freq >= t[j]->freq;
*/

/*@
  requires freq > 0;
  assigns \nothing;
  ensures \result != \null;
  ensures \result->ch == ch;
  ensures \result->freq == freq;
  ensures \result->left == left && \result->right == right;
*/
struct Node *newNode(char ch, int freq, struct Node *left, struct Node *right) {
    struct Node node;
    node.ch = ch;
    node.freq = freq;
    node.left = left;
    node.right = right;
    struct Node *res = &node;
    return res;
}

/*@ requires \valid(t+(0..n-1));
    requires n > 0;
    requires \forall integer i, j; 0 <= i < n && 0 <= j < n ==> \separated(t[i], t[j]);
    requires \forall integer i; 0 <= i < n ==> t[i]->freq > 0;
    ensures Sorted(t, 0, n-1);
    assigns t[0..n-1];
 */
void insert_sort(struct Node *t[], int n) {
    int i = 1, j = 1;
    struct Node * mv;
    
    /*@
        loop assigns i, j, mv;
        loop assigns t[0..n-1];
        loop invariant 1 <= i <= n;
        loop invariant Sorted(t, 0, i);
        loop variant n - i;
     */
    for (i = 1; i < n; i++) {
        mv = t[i];
        /*@
            loop assigns j, t[0..i];
            loop invariant 0 <= j <= i;
            loop invariant j == i ==> Sorted(t, 0, i);
            loop invariant j < i ==> Sorted(t, 0, i+1);
            loop invariant \forall integer k; j <= k < i ==> t[k] > mv;
            loop variant j;
         */
        for (j = i; j > 0; j--) {
            if (t[j - 1]->freq <= mv->freq) break;
            t[j] = t[j - 1];
        }
        t[j] = mv;
    }
}

/*@
  requires n > 0;
  requires \valid_read(arr+(0..(n - 1)));
  requires \forall integer i, j; 0 <= i < n && 0 <= j < n ==> \separated(arr[i], arr[j]);
  requires Sorted(arr, 0, n);
  requires \forall integer i; 0 <= i < n ==> arr[i]->freq > 0 && arr[i]->left == NULL && arr[i]->right == NULL;
  assigns arr[0..n-1];
  ensures e_1: \result != \null;
*/
struct Node *_huffman(struct Node *arr[], int n) {
    int length = n;
    /*@
      loop assigns arr[0..n-1];
    */
    while (length > 1) {
        struct Node *node1 = arr[0];
        arr[0] = arr[length - 1];
        length -= 1;
        struct Node *node2 = arr[1];
        struct Node *merged = newNode('\0', node1->freq + node2->freq, node1, node2);
        arr[1] = merged;
        insert_sort(arr, length);
    }
    return arr[0];
}
------------------------
----------Prompt----------

#include <stdlib.h>

struct Node {
    char ch;
    int freq;
    struct Node *left;
    struct Node *right;
};

/*@
    predicate Sorted(struct Node **t, integer lo, integer hi) =
        \forall integer i, j; lo <= i <= j < hi ==> t[i]->freq <= t[j]->freq;
*/


/*@
    predicate is_first_second_min(struct Node *t[], int n, int i, int j) =
        0 <= i < n && 0 <= j < n && i != j && \forall integer k; 0 <= k < n ==> t[k]->freq >= t[i]->freq && t[k]->freq >= t[j]->freq;
*/

/*@
  requires freq > 0;
  assigns \nothing;
  ensures \result != \null;
  ensures \result->ch == ch;
  ensures \result->freq == freq;
  ensures \result->left == left && \result->right == right;
*/
struct Node *newNode(char ch, int freq, struct Node *left, struct Node *right) {
    struct Node node;
    node.ch = ch;
    node.freq = freq;
    node.left = left;
    node.right = right;
    struct Node *res = &node;
    return res;
}

/*@ requires \valid(t+(0..n-1));
    requires n > 0;
    requires \forall integer i, j; 0 <= i < n && 0 <= j < n ==> \separated(t[i], t[j]);
    requires \forall integer i; 0 <= i < n ==> t[i]->freq > 0;
    ensures Sorted(t, 0, n-1);
    assigns t[0..n-1];
 */
void insert_sort(struct Node *t[], int n) {
    int i = 1, j = 1;
    struct Node * mv;
    
    /*@
        loop assigns i, j, mv;
        loop assigns t[0..n-1];
        loop invariant 1 <= i <= n;
        loop invariant Sorted(t, 0, i);
        loop variant n - i;
     */
    for (i = 1; i < n; i++) {
        mv = t[i];
        /*@
            loop assigns j, t[0..i];
            loop invariant 0 <= j <= i;
            loop invariant j == i ==> Sorted(t, 0, i);
            loop invariant j < i ==> Sorted(t, 0, i+1);
            loop invariant \forall integer k; j <= k < i ==> t[k] > mv;
            loop variant j;
         */
        for (j = i; j > 0; j--) {
            if (t[j - 1]->freq <= mv->freq) break;
            t[j] = t[j - 1];
        }
        t[j] = mv;
    }
}

/*@
  requires n > 0;
  requires \valid_read(arr+(0..(n - 1)));
  requires \forall integer i, j; 0 <= i < n && 0 <= j < n ==> \separated(arr[i], arr[j]);
  requires Sorted(arr, 0, n);
  requires \forall integer i; 0 <= i < n ==> arr[i]->freq > 0 && arr[i]->left == NULL && arr[i]->right == NULL;
  assigns arr[0..n-1];
  ensures e_1: \result != \null;
*/
struct Node *_huffman(struct Node *arr[], int n) {
    int length = n;
  // Loop A
    /*@
      [Hint] Please infer the loop invariant for the following loop.

      loop assigns arr[0..n-1];
    */
    while (length > 1) {
        struct Node *node1 = arr[0];
        arr[0] = arr[length - 1];
        length -= 1;
        struct Node *node2 = arr[1];
        struct Node *merged = newNode('\0', node1->freq + node2->freq, node1, node2);
        arr[1] = merged;
        insert_sort(arr, length);
    }
    return arr[0];
}
You are an expert in program verification, and please generate loop invariant as C annotation comments at the hint location (annotated by "[Hint] Please infer the loop invariant for the following loop.") using ACSL language.
ACSL is a specification language for C programs that conforms to the design by contract paradigm, utilizing Hoare style pre- and postconditions and invariants. Note that the `loop invariant` clause is a condition that is true at the beginning and end of every loop iteration.
Specifically, for the current verification task:
    - Pre-condition: the function's `requires` clauses
    - Post-condition: e_1:\result != \null; 
Please verify that the generated loop invariant is consistent with these constraints. If these specific pre- or post-conditions are not provided or empty, please infer the loop invariant strictly based on the program's execution logic and standard correctness.
In order to get a correct answer, You may want to consider both the situation of not entering the loop and the situation of jumping out of the loop. If some of the pre-conditions are also loop invariant, you need to add them to your answer as well.
Use '&&', '||', '==>', '\forall' or '\exists' if necessary. For instance:
```
loop invariant 1 <= x;
loop invariant x == y;
loop invariant 0 < x ==> y <= z;
loop invariant z % 2 == 1 || x == y;
loop invariant z % 2 == 1 && x <= y;
loop invariant \forall integer k;  0 <= k < i ==> max >=  a[k];
loop invariant \exists integer k;  0 <= k < i &&  max == a[k];
loop invariant \forall integer p; 0 <= p < \at(k, End_l) ==> res[p] == \at(res[p], End_l);
```
Your answer should follow the following format:
```
loop invariant ...;
loop invariant ...;
...
```
No explanation. No commentary. Just show me the loop invariant.
 /no_think
--------------------------
----------Response----------
[unused16][unused17][Loop <LOOP_A>]
loop invariant 1 <= length && length > 0;
loop invariant arr[1] == node1;
loop invariant \exists integer j; 0 <= j < length && arr[j]->freq == node1->freq;
loop invariant \exists integer k; 0 <= k < length && arr[k] == node2;
loop invariant Sorted(arr, 0, length);
loop invariant \forall integer i; 0 <= i < length ==> arr[i]->left == NULL && arr[i]->right == NULL;

[Loop <LOOP_B>]
loop invariant 1 <= length && length > 0;
loop invariant arr[1] == node2;
loop invariant \exists integer j; 0 <= j < length && arr[j]->freq == node1->freq;
loop invariant \exists integer k; 0 <= k < length && arr[k] == node2;
loop invariant Sorted(arr, 0, length);
loop invariant \forall integer i; 0 <= i < length ==> arr[i]->left == NULL && arr[i]->right == NULL;
----------------------------
------------Invariant Info-----------
LOOP A:
i_0: 1 <= length && length > 0
i_1: arr[1] == node1
i_2: \exists integer j; 0 <= j < length && arr[j]->freq == node1->freq
i_3: \exists integer k; 0 <= k < length && arr[k] == node2
i_4: Sorted(arr, 0, length)
i_5: \forall integer i; 0 <= i < length ==> arr[i]->left == NULL && arr[i]->right == NULL
i_6: arr[1] == node2
------------------------------------
----------Code with Invariants----------
#include <stdlib.h>

struct Node {
    char ch;
    int freq;
    struct Node *left;
    struct Node *right;
};

/*@
    predicate Sorted(struct Node **t, integer lo, integer hi) =
        \forall integer i, j; lo <= i <= j < hi ==> t[i]->freq <= t[j]->freq;
*/


/*@
    predicate is_first_second_min(struct Node *t[], int n, int i, int j) =
        0 <= i < n && 0 <= j < n && i != j && \forall integer k; 0 <= k < n ==> t[k]->freq >= t[i]->freq && t[k]->freq >= t[j]->freq;
*/

/*@
  requires freq > 0;
  assigns \nothing;
  ensures \result != \null;
  ensures \result->ch == ch;
  ensures \result->freq == freq;
  ensures \result->left == left && \result->right == right;
*/
struct Node *newNode(char ch, int freq, struct Node *left, struct Node *right) {
    struct Node node;
    node.ch = ch;
    node.freq = freq;
    node.left = left;
    node.right = right;
    struct Node *res = &node;
    return res;
}

/*@ requires \valid(t+(0..n-1));
    requires n > 0;
    requires \forall integer i, j; 0 <= i < n && 0 <= j < n ==> \separated(t[i], t[j]);
    requires \forall integer i; 0 <= i < n ==> t[i]->freq > 0;
    ensures Sorted(t, 0, n-1);
    assigns t[0..n-1];
 */
void insert_sort(struct Node *t[], int n) {
    int i = 1, j = 1;
    struct Node * mv;
    
    /*@
        loop assigns i, j, mv;
        loop assigns t[0..n-1];
        loop invariant 1 <= i <= n;
        loop invariant Sorted(t, 0, i);
        loop variant n - i;
     */
    for (i = 1; i < n; i++) {
        mv = t[i];
        /*@
            loop assigns j, t[0..i];
            loop invariant 0 <= j <= i;
            loop invariant j == i ==> Sorted(t, 0, i);
            loop invariant j < i ==> Sorted(t, 0, i+1);
            loop invariant \forall integer k; j <= k < i ==> t[k] > mv;
            loop variant j;
         */
        for (j = i; j > 0; j--) {
            if (t[j - 1]->freq <= mv->freq) break;
            t[j] = t[j - 1];
        }
        t[j] = mv;
    }
}

/*@
  requires n > 0;
  requires \valid_read(arr+(0..(n - 1)));
  requires \forall integer i, j; 0 <= i < n && 0 <= j < n ==> \separated(arr[i], arr[j]);
  requires Sorted(arr, 0, n);
  requires \forall integer i; 0 <= i < n ==> arr[i]->freq > 0 && arr[i]->left == NULL && arr[i]->right == NULL;
  assigns arr[0..n-1];
  ensures e_1: \result != \null;
*/
struct Node *_huffman(struct Node *arr[], int n) {
    int length = n;
  // Loop A
    /*@
      loop invariant i_0: 1 <= length && length > 0;

      loop invariant i_1: arr[1] == node1;

      loop invariant i_2: \exists integer j; 0 <= j < length && arr[j]->freq == node1->freq;

      loop invariant i_3: \exists integer k; 0 <= k < length && arr[k] == node2;

      loop invariant i_4: Sorted(arr, 0, length);

      loop invariant i_5: \forall integer i; 0 <= i < length ==> arr[i]->left == NULL && arr[i]->right == NULL;

      loop invariant i_6: arr[1] == node2;


      loop assigns arr[0..n-1];
    */
    while (length > 1) {
        struct Node *node1 = arr[0];
        arr[0] = arr[length - 1];
        length -= 1;
        struct Node *node2 = arr[1];
        struct Node *merged = newNode('\0', node1->freq + node2->freq, node1, node2);
        arr[1] = merged;
        insert_sort(arr, length);
    }
    return arr[0];
}
----------------------------------------
------------Invariant Info-----------
LOOP A:
i_0: 1 <= length && length > 0
i_2: \exists integer j; 0 <= j < length && arr[j]->freq == node1->freq
i_3: \exists integer k; 0 <= k < length && arr[k] == node2
i_4: Sorted(arr, 0, length)
i_5: \forall integer i; 0 <= i < length ==> arr[i]->left == NULL && arr[i]->right == NULL
i_6: arr[1] == node2
------------------------------------
----------Code with Invariants----------
#include <stdlib.h>

struct Node {
    char ch;
    int freq;
    struct Node *left;
    struct Node *right;
};

/*@
    predicate Sorted(struct Node **t, integer lo, integer hi) =
        \forall integer i, j; lo <= i <= j < hi ==> t[i]->freq <= t[j]->freq;
*/


/*@
    predicate is_first_second_min(struct Node *t[], int n, int i, int j) =
        0 <= i < n && 0 <= j < n && i != j && \forall integer k; 0 <= k < n ==> t[k]->freq >= t[i]->freq && t[k]->freq >= t[j]->freq;
*/

/*@
  requires freq > 0;
  assigns \nothing;
  ensures \result != \null;
  ensures \result->ch == ch;
  ensures \result->freq == freq;
  ensures \result->left == left && \result->right == right;
*/
struct Node *newNode(char ch, int freq, struct Node *left, struct Node *right) {
    struct Node node;
    node.ch = ch;
    node.freq = freq;
    node.left = left;
    node.right = right;
    struct Node *res = &node;
    return res;
}

/*@ requires \valid(t+(0..n-1));
    requires n > 0;
    requires \forall integer i, j; 0 <= i < n && 0 <= j < n ==> \separated(t[i], t[j]);
    requires \forall integer i; 0 <= i < n ==> t[i]->freq > 0;
    ensures Sorted(t, 0, n-1);
    assigns t[0..n-1];
 */
void insert_sort(struct Node *t[], int n) {
    int i = 1, j = 1;
    struct Node * mv;
    
    /*@
        loop assigns i, j, mv;
        loop assigns t[0..n-1];
        loop invariant 1 <= i <= n;
        loop invariant Sorted(t, 0, i);
        loop variant n - i;
     */
    for (i = 1; i < n; i++) {
        mv = t[i];
        /*@
            loop assigns j, t[0..i];
            loop invariant 0 <= j <= i;
            loop invariant j == i ==> Sorted(t, 0, i);
            loop invariant j < i ==> Sorted(t, 0, i+1);
            loop invariant \forall integer k; j <= k < i ==> t[k] > mv;
            loop variant j;
         */
        for (j = i; j > 0; j--) {
            if (t[j - 1]->freq <= mv->freq) break;
            t[j] = t[j - 1];
        }
        t[j] = mv;
    }
}

/*@
  requires n > 0;
  requires \valid_read(arr+(0..(n - 1)));
  requires \forall integer i, j; 0 <= i < n && 0 <= j < n ==> \separated(arr[i], arr[j]);
  requires Sorted(arr, 0, n);
  requires \forall integer i; 0 <= i < n ==> arr[i]->freq > 0 && arr[i]->left == NULL && arr[i]->right == NULL;
  assigns arr[0..n-1];
  ensures e_1: \result != \null;
*/
struct Node *_huffman(struct Node *arr[], int n) {
    int length = n;
  // Loop A
    /*@
      loop invariant i_0: 1 <= length && length > 0;

      loop invariant i_2: \exists integer j; 0 <= j < length && arr[j]->freq == node1->freq;

      loop invariant i_3: \exists integer k; 0 <= k < length && arr[k] == node2;

      loop invariant i_4: Sorted(arr, 0, length);

      loop invariant i_5: \forall integer i; 0 <= i < length ==> arr[i]->left == NULL && arr[i]->right == NULL;

      loop invariant i_6: arr[1] == node2;


      loop assigns arr[0..n-1];
    */
    while (length > 1) {
        struct Node *node1 = arr[0];
        arr[0] = arr[length - 1];
        length -= 1;
        struct Node *node2 = arr[1];
        struct Node *merged = newNode('\0', node1->freq + node2->freq, node1, node2);
        arr[1] = merged;
        insert_sort(arr, length);
    }
    return arr[0];
}
----------------------------------------
------------Invariant Info-----------
LOOP A:
i_0: 1 <= length && length > 0
i_3: \exists integer k; 0 <= k < length && arr[k] == node2
i_4: Sorted(arr, 0, length)
i_5: \forall integer i; 0 <= i < length ==> arr[i]->left == NULL && arr[i]->right == NULL
i_6: arr[1] == node2
------------------------------------
----------Code with Invariants----------
#include <stdlib.h>

struct Node {
    char ch;
    int freq;
    struct Node *left;
    struct Node *right;
};

/*@
    predicate Sorted(struct Node **t, integer lo, integer hi) =
        \forall integer i, j; lo <= i <= j < hi ==> t[i]->freq <= t[j]->freq;
*/


/*@
    predicate is_first_second_min(struct Node *t[], int n, int i, int j) =
        0 <= i < n && 0 <= j < n && i != j && \forall integer k; 0 <= k < n ==> t[k]->freq >= t[i]->freq && t[k]->freq >= t[j]->freq;
*/

/*@
  requires freq > 0;
  assigns \nothing;
  ensures \result != \null;
  ensures \result->ch == ch;
  ensures \result->freq == freq;
  ensures \result->left == left && \result->right == right;
*/
struct Node *newNode(char ch, int freq, struct Node *left, struct Node *right) {
    struct Node node;
    node.ch = ch;
    node.freq = freq;
    node.left = left;
    node.right = right;
    struct Node *res = &node;
    return res;
}

/*@ requires \valid(t+(0..n-1));
    requires n > 0;
    requires \forall integer i, j; 0 <= i < n && 0 <= j < n ==> \separated(t[i], t[j]);
    requires \forall integer i; 0 <= i < n ==> t[i]->freq > 0;
    ensures Sorted(t, 0, n-1);
    assigns t[0..n-1];
 */
void insert_sort(struct Node *t[], int n) {
    int i = 1, j = 1;
    struct Node * mv;
    
    /*@
        loop assigns i, j, mv;
        loop assigns t[0..n-1];
        loop invariant 1 <= i <= n;
        loop invariant Sorted(t, 0, i);
        loop variant n - i;
     */
    for (i = 1; i < n; i++) {
        mv = t[i];
        /*@
            loop assigns j, t[0..i];
            loop invariant 0 <= j <= i;
            loop invariant j == i ==> Sorted(t, 0, i);
            loop invariant j < i ==> Sorted(t, 0, i+1);
            loop invariant \forall integer k; j <= k < i ==> t[k] > mv;
            loop variant j;
         */
        for (j = i; j > 0; j--) {
            if (t[j - 1]->freq <= mv->freq) break;
            t[j] = t[j - 1];
        }
        t[j] = mv;
    }
}

/*@
  requires n > 0;
  requires \valid_read(arr+(0..(n - 1)));
  requires \forall integer i, j; 0 <= i < n && 0 <= j < n ==> \separated(arr[i], arr[j]);
  requires Sorted(arr, 0, n);
  requires \forall integer i; 0 <= i < n ==> arr[i]->freq > 0 && arr[i]->left == NULL && arr[i]->right == NULL;
  assigns arr[0..n-1];
  ensures e_1: \result != \null;
*/
struct Node *_huffman(struct Node *arr[], int n) {
    int length = n;
  // Loop A
    /*@
      loop invariant i_0: 1 <= length && length > 0;

      loop invariant i_3: \exists integer k; 0 <= k < length && arr[k] == node2;

      loop invariant i_4: Sorted(arr, 0, length);

      loop invariant i_5: \forall integer i; 0 <= i < length ==> arr[i]->left == NULL && arr[i]->right == NULL;

      loop invariant i_6: arr[1] == node2;


      loop assigns arr[0..n-1];
    */
    while (length > 1) {
        struct Node *node1 = arr[0];
        arr[0] = arr[length - 1];
        length -= 1;
        struct Node *node2 = arr[1];
        struct Node *merged = newNode('\0', node1->freq + node2->freq, node1, node2);
        arr[1] = merged;
        insert_sort(arr, length);
    }
    return arr[0];
}
----------------------------------------
------------Invariant Info-----------
LOOP A:
i_0: 1 <= length && length > 0
i_4: Sorted(arr, 0, length)
i_5: \forall integer i; 0 <= i < length ==> arr[i]->left == NULL && arr[i]->right == NULL
i_6: arr[1] == node2
------------------------------------
----------Code with Invariants----------
#include <stdlib.h>

struct Node {
    char ch;
    int freq;
    struct Node *left;
    struct Node *right;
};

/*@
    predicate Sorted(struct Node **t, integer lo, integer hi) =
        \forall integer i, j; lo <= i <= j < hi ==> t[i]->freq <= t[j]->freq;
*/


/*@
    predicate is_first_second_min(struct Node *t[], int n, int i, int j) =
        0 <= i < n && 0 <= j < n && i != j && \forall integer k; 0 <= k < n ==> t[k]->freq >= t[i]->freq && t[k]->freq >= t[j]->freq;
*/

/*@
  requires freq > 0;
  assigns \nothing;
  ensures \result != \null;
  ensures \result->ch == ch;
  ensures \result->freq == freq;
  ensures \result->left == left && \result->right == right;
*/
struct Node *newNode(char ch, int freq, struct Node *left, struct Node *right) {
    struct Node node;
    node.ch = ch;
    node.freq = freq;
    node.left = left;
    node.right = right;
    struct Node *res = &node;
    return res;
}

/*@ requires \valid(t+(0..n-1));
    requires n > 0;
    requires \forall integer i, j; 0 <= i < n && 0 <= j < n ==> \separated(t[i], t[j]);
    requires \forall integer i; 0 <= i < n ==> t[i]->freq > 0;
    ensures Sorted(t, 0, n-1);
    assigns t[0..n-1];
 */
void insert_sort(struct Node *t[], int n) {
    int i = 1, j = 1;
    struct Node * mv;
    
    /*@
        loop assigns i, j, mv;
        loop assigns t[0..n-1];
        loop invariant 1 <= i <= n;
        loop invariant Sorted(t, 0, i);
        loop variant n - i;
     */
    for (i = 1; i < n; i++) {
        mv = t[i];
        /*@
            loop assigns j, t[0..i];
            loop invariant 0 <= j <= i;
            loop invariant j == i ==> Sorted(t, 0, i);
            loop invariant j < i ==> Sorted(t, 0, i+1);
            loop invariant \forall integer k; j <= k < i ==> t[k] > mv;
            loop variant j;
         */
        for (j = i; j > 0; j--) {
            if (t[j - 1]->freq <= mv->freq) break;
            t[j] = t[j - 1];
        }
        t[j] = mv;
    }
}

/*@
  requires n > 0;
  requires \valid_read(arr+(0..(n - 1)));
  requires \forall integer i, j; 0 <= i < n && 0 <= j < n ==> \separated(arr[i], arr[j]);
  requires Sorted(arr, 0, n);
  requires \forall integer i; 0 <= i < n ==> arr[i]->freq > 0 && arr[i]->left == NULL && arr[i]->right == NULL;
  assigns arr[0..n-1];
  ensures e_1: \result != \null;
*/
struct Node *_huffman(struct Node *arr[], int n) {
    int length = n;
  // Loop A
    /*@
      loop invariant i_0: 1 <= length && length > 0;

      loop invariant i_4: Sorted(arr, 0, length);

      loop invariant i_5: \forall integer i; 0 <= i < length ==> arr[i]->left == NULL && arr[i]->right == NULL;

      loop invariant i_6: arr[1] == node2;


      loop assigns arr[0..n-1];
    */
    while (length > 1) {
        struct Node *node1 = arr[0];
        arr[0] = arr[length - 1];
        length -= 1;
        struct Node *node2 = arr[1];
        struct Node *merged = newNode('\0', node1->freq + node2->freq, node1, node2);
        arr[1] = merged;
        insert_sort(arr, length);
    }
    return arr[0];
}
----------------------------------------
------------Invariant Info-----------
LOOP A:
i_0: 1 <= length && length > 0
i_4: Sorted(arr, 0, length)
i_5: \forall integer i; 0 <= i < length ==> arr[i]->left == NULL && arr[i]->right == NULL
------------------------------------
----------Code with Invariants----------
#include <stdlib.h>

struct Node {
    char ch;
    int freq;
    struct Node *left;
    struct Node *right;
};

/*@
    predicate Sorted(struct Node **t, integer lo, integer hi) =
        \forall integer i, j; lo <= i <= j < hi ==> t[i]->freq <= t[j]->freq;
*/


/*@
    predicate is_first_second_min(struct Node *t[], int n, int i, int j) =
        0 <= i < n && 0 <= j < n && i != j && \forall integer k; 0 <= k < n ==> t[k]->freq >= t[i]->freq && t[k]->freq >= t[j]->freq;
*/

/*@
  requires freq > 0;
  assigns \nothing;
  ensures \result != \null;
  ensures \result->ch == ch;
  ensures \result->freq == freq;
  ensures \result->left == left && \result->right == right;
*/
struct Node *newNode(char ch, int freq, struct Node *left, struct Node *right) {
    struct Node node;
    node.ch = ch;
    node.freq = freq;
    node.left = left;
    node.right = right;
    struct Node *res = &node;
    return res;
}

/*@ requires \valid(t+(0..n-1));
    requires n > 0;
    requires \forall integer i, j; 0 <= i < n && 0 <= j < n ==> \separated(t[i], t[j]);
    requires \forall integer i; 0 <= i < n ==> t[i]->freq > 0;
    ensures Sorted(t, 0, n-1);
    assigns t[0..n-1];
 */
void insert_sort(struct Node *t[], int n) {
    int i = 1, j = 1;
    struct Node * mv;
    
    /*@
        loop assigns i, j, mv;
        loop assigns t[0..n-1];
        loop invariant 1 <= i <= n;
        loop invariant Sorted(t, 0, i);
        loop variant n - i;
     */
    for (i = 1; i < n; i++) {
        mv = t[i];
        /*@
            loop assigns j, t[0..i];
            loop invariant 0 <= j <= i;
            loop invariant j == i ==> Sorted(t, 0, i);
            loop invariant j < i ==> Sorted(t, 0, i+1);
            loop invariant \forall integer k; j <= k < i ==> t[k] > mv;
            loop variant j;
         */
        for (j = i; j > 0; j--) {
            if (t[j - 1]->freq <= mv->freq) break;
            t[j] = t[j - 1];
        }
        t[j] = mv;
    }
}

/*@
  requires n > 0;
  requires \valid_read(arr+(0..(n - 1)));
  requires \forall integer i, j; 0 <= i < n && 0 <= j < n ==> \separated(arr[i], arr[j]);
  requires Sorted(arr, 0, n);
  requires \forall integer i; 0 <= i < n ==> arr[i]->freq > 0 && arr[i]->left == NULL && arr[i]->right == NULL;
  assigns arr[0..n-1];
  ensures e_1: \result != \null;
*/
struct Node *_huffman(struct Node *arr[], int n) {
    int length = n;
  // Loop A
    /*@
      loop invariant i_0: 1 <= length && length > 0;

      loop invariant i_4: Sorted(arr, 0, length);

      loop invariant i_5: \forall integer i; 0 <= i < length ==> arr[i]->left == NULL && arr[i]->right == NULL;


      loop assigns arr[0..n-1];
    */
    while (length > 1) {
        struct Node *node1 = arr[0];
        arr[0] = arr[length - 1];
        length -= 1;
        struct Node *node2 = arr[1];
        struct Node *merged = newNode('\0', node1->freq + node2->freq, node1, node2);
        arr[1] = merged;
        insert_sort(arr, length);
    }
    return arr[0];
}
----------------------------------------
---------Result---------
Success
Model: openPangu-Embedded-7B-V1.1
Running time: 39.40233588218689
Proposal number: 5
Verified code:
#include <stdlib.h>

struct Node {
    char ch;
    int freq;
    struct Node *left;
    struct Node *right;
};

/*@
    predicate Sorted(struct Node **t, integer lo, integer hi) =
        \forall integer i, j; lo <= i <= j < hi ==> t[i]->freq <= t[j]->freq;
*/


/*@
    predicate is_first_second_min(struct Node *t[], int n, int i, int j) =
        0 <= i < n && 0 <= j < n && i != j && \forall integer k; 0 <= k < n ==> t[k]->freq >= t[i]->freq && t[k]->freq >= t[j]->freq;
*/

/*@
  requires freq > 0;
  assigns \nothing;
  ensures \result != \null;
  ensures \result->ch == ch;
  ensures \result->freq == freq;
  ensures \result->left == left && \result->right == right;
*/
struct Node *newNode(char ch, int freq, struct Node *left, struct Node *right) {
    struct Node node;
    node.ch = ch;
    node.freq = freq;
    node.left = left;
    node.right = right;
    struct Node *res = &node;
    return res;
}

/*@ requires \valid(t+(0..n-1));
    requires n > 0;
    requires \forall integer i, j; 0 <= i < n && 0 <= j < n ==> \separated(t[i], t[j]);
    requires \forall integer i; 0 <= i < n ==> t[i]->freq > 0;
    ensures Sorted(t, 0, n-1);
    assigns t[0..n-1];
 */
void insert_sort(struct Node *t[], int n) {
    int i = 1, j = 1;
    struct Node * mv;
    
    /*@
        loop assigns i, j, mv;
        loop assigns t[0..n-1];
        loop invariant 1 <= i <= n;
        loop invariant Sorted(t, 0, i);
        loop variant n - i;
     */
    for (i = 1; i < n; i++) {
        mv = t[i];
        /*@
            loop assigns j, t[0..i];
            loop invariant 0 <= j <= i;
            loop invariant j == i ==> Sorted(t, 0, i);
            loop invariant j < i ==> Sorted(t, 0, i+1);
            loop invariant \forall integer k; j <= k < i ==> t[k] > mv;
            loop variant j;
         */
        for (j = i; j > 0; j--) {
            if (t[j - 1]->freq <= mv->freq) break;
            t[j] = t[j - 1];
        }
        t[j] = mv;
    }
}

/*@
  requires n > 0;
  requires \valid_read(arr+(0..(n - 1)));
  requires \forall integer i, j; 0 <= i < n && 0 <= j < n ==> \separated(arr[i], arr[j]);
  requires Sorted(arr, 0, n);
  requires \forall integer i; 0 <= i < n ==> arr[i]->freq > 0 && arr[i]->left == NULL && arr[i]->right == NULL;
  assigns arr[0..n-1];
  ensures e_1: \result != \null;
*/
struct Node *_huffman(struct Node *arr[], int n) {
    int length = n;
  // Loop A
    /*@
      loop invariant i_0: 1 <= length && length > 0;

      loop invariant i_4: Sorted(arr, 0, length);

      loop invariant i_5: \forall integer i; 0 <= i < length ==> arr[i]->left == NULL && arr[i]->right == NULL;


      loop assigns arr[0..n-1];
    */
    while (length > 1) {
        struct Node *node1 = arr[0];
        arr[0] = arr[length - 1];
        length -= 1;
        struct Node *node2 = arr[1];
        struct Node *merged = newNode('\0', node1->freq + node2->freq, node1, node2);
        arr[1] = merged;
        insert_sort(arr, length);
    }
    return arr[0];
}
------------------------
