-----------Model-----------
Model type:
PanguEmbeddedForCausalLM(
  (model): PanguEmbeddedModel(
    (embed_tokens): Embedding(153376, 4096, padding_idx=0)
    (layers): ModuleList(
      (0-33): 34 x PanguEmbeddedDecoderLayer(
        (self_attn): PanguEmbeddedAttention(
          (q_proj): Linear(in_features=4096, out_features=4096, bias=True)
          (k_proj): Linear(in_features=4096, out_features=1024, bias=True)
          (v_proj): Linear(in_features=4096, out_features=1024, bias=True)
          (o_proj): Linear(in_features=4096, out_features=4096, bias=True)
        )
        (mlp): PanguEmbeddedMLP(
          (gate_proj): Linear(in_features=4096, out_features=12800, bias=False)
          (up_proj): Linear(in_features=4096, out_features=12800, bias=False)
          (down_proj): Linear(in_features=12800, out_features=4096, bias=False)
          (act_fn): SiLU()
        )
        (input_layernorm): PanguEmbeddedRMSNorm((4096,), eps=1e-05)
        (post_attention_layernorm): PanguEmbeddedRMSNorm((4096,), eps=1e-05)
      )
    )
    (norm): PanguEmbeddedRMSNorm((4096,), eps=1e-05)
    (rotary_emb): PanguEmbeddedRotaryEmbedding()
  )
  (lm_head): Linear(in_features=4096, out_features=153376, bias=False)
)
Model device:
npu:1
---------------------------
File Path: ../Benchmark/OOPSLA/oopsla_38.c
----------Code----------
#include <assert.h>
int unknown1();
int unknown2();
int unknown3();
int unknown4();

/*
    requires n > 0;
*/
void oopsla_38(int n){
    int x=0;
    int y=0;
    int i=0;
    
    /*@
        loop assigns y;
        loop assigns x;
        loop assigns i;
    */
    while(i<n) {
        i++;
        x++;
        if(i%2 == 0) {
            y++;
        }
    }

    //@ assert  a_1: i % 2 == 0 ==> x == 2 * y;
    
}


------------------------
========== Attempt 1 ==========
----------Prompt----------

#include <assert.h>
int unknown1();
int unknown2();
int unknown3();
int unknown4();

/*
    requires n > 0;
*/
void oopsla_38(int n){
    int x=0;
    int y=0;
    int i=0;
    
    // Loop A
    /*@
        [Hint] Please infer the loop invariant for the following loop.

        loop assigns y;
        loop assigns x;
        loop assigns i;
    */
    while(i<n) {
        i++;
        x++;
        if(i%2 == 0) {
            y++;
        }
    }

    //@ assert  a_1: i % 2 == 0 ==> x == 2 * y;
    
}


You are an expert in program verification, and please generate loop invariant as C annotation comments at the hint location (annotated by "[Hint] Please infer the loop invariant for the following loop.") using ACSL language.
ACSL is a specification language for C programs that conforms to the design by contract paradigm, utilizing Hoare style pre- and postconditions and invariants. Note that the `loop invariant` clause is a condition that is true at the beginning and end of every loop iteration.
Specifically, for the current verification task:
    - Pre-condition: the function's `requires` clauses
    - Post-condition: a_1:i % 2 == 0 ==> x == 2 * y; 
Please verify that the generated loop invariant is consistent with these constraints. If these specific pre- or post-conditions are not provided or empty, please infer the loop invariant strictly based on the program's execution logic and standard correctness.
In order to get a correct answer, You may want to consider both the situation of not entering the loop and the situation of jumping out of the loop. If some of the pre-conditions are also loop invariant, you need to add them to your answer as well.
Use '&&', '||', '==>', '\forall' or '\exists' if necessary. For instance:
```
loop invariant 1 <= x;
loop invariant x == y;
loop invariant 0 < x ==> y <= z;
loop invariant z % 2 == 1 || x == y;
loop invariant z % 2 == 1 && x <= y;
loop invariant \forall integer k;  0 <= k < i ==> max >=  a[k];
loop invariant \exists integer k;  0 <= k < i &&  max == a[k];
loop invariant \forall integer p; 0 <= p < \at(k, End_l) ==> res[p] == \at(res[p], End_l);
```
Your answer should follow the following format:
```
loop invariant ...;
loop invariant ...;
...
```
No explanation. No commentary. Just show me the loop invariant.
 /no_think
--------------------------
----------Response----------
[unused16][unused17]```
loop invariant i <= n;
loop invariant i % 2 == 0 && x == 2 * y;
```
----------------------------
------------Invariant Info-----------
LOOP A:
i_0: i <= n
i_1: i % 2 == 0 && x == 2 * y
------------------------------------
---------- Code with Invariants ----------
#include <assert.h>
int unknown1();
int unknown2();
int unknown3();
int unknown4();

/*
    requires n > 0;
*/
void oopsla_38(int n){
    int x=0;
    int y=0;
    int i=0;
    
    // Loop A
    /*@
        loop invariant i_0: i <= n;

        loop invariant i_1: i % 2 == 0 && x == 2 * y;


        loop assigns y;
        loop assigns x;
        loop assigns i;
    */
    while(i<n) {
        i++;
        x++;
        if(i%2 == 0) {
            y++;
        }
    }

    //@ assert  a_1: i % 2 == 0 ==> x == 2 * y;
    
}


------------------------------------------
Verification failed (Fail_5_7), removing all invariants and retrying.
========== Attempt 2 ==========
----------Prompt----------

#include <assert.h>
int unknown1();
int unknown2();
int unknown3();
int unknown4();

/*
    requires n > 0;
*/
void oopsla_38(int n){
    int x=0;
    int y=0;
    int i=0;
    
    // Loop A
    /*@
        [Hint] Please infer the loop invariant for the following loop.

        loop assigns y;
        loop assigns x;
        loop assigns i;
    */
    while(i<n) {
        i++;
        x++;
        if(i%2 == 0) {
            y++;
        }
    }

    //@ assert  a_1: i % 2 == 0 ==> x == 2 * y;
    
}


You are an expert in program verification, and please generate loop invariant as C annotation comments at the hint location (annotated by "[Hint] Please infer the loop invariant for the following loop.") using ACSL language.
ACSL is a specification language for C programs that conforms to the design by contract paradigm, utilizing Hoare style pre- and postconditions and invariants. Note that the `loop invariant` clause is a condition that is true at the beginning and end of every loop iteration.
Specifically, for the current verification task:
    - Pre-condition: the function's `requires` clauses
    - Post-condition: a_1:i % 2 == 0 ==> x == 2 * y; 
Please verify that the generated loop invariant is consistent with these constraints. If these specific pre- or post-conditions are not provided or empty, please infer the loop invariant strictly based on the program's execution logic and standard correctness.
In order to get a correct answer, You may want to consider both the situation of not entering the loop and the situation of jumping out of the loop. If some of the pre-conditions are also loop invariant, you need to add them to your answer as well.
Use '&&', '||', '==>', '\forall' or '\exists' if necessary. For instance:
```
loop invariant 1 <= x;
loop invariant x == y;
loop invariant 0 < x ==> y <= z;
loop invariant z % 2 == 1 || x == y;
loop invariant z % 2 == 1 && x <= y;
loop invariant \forall integer k;  0 <= k < i ==> max >=  a[k];
loop invariant \exists integer k;  0 <= k < i &&  max == a[k];
loop invariant \forall integer p; 0 <= p < \at(k, End_l) ==> res[p] == \at(res[p], End_l);
```
Your answer should follow the following format:
```
loop invariant ...;
loop invariant ...;
...
```
No explanation. No commentary. Just show me the loop invariant.
 /no_think
--------------------------
----------Response----------
[unused16][unused17]loop invariant i <= n;
loop invariant i >= 0;
loop invariant x >= 0;
loop invariant y >= 0;
loop invariant i + x == x + y;
loop invariant i % 2 == 0 ==> x == 2 * y;
loop invariant i % 2 == 1 ==> x == 2 * y - 1;
loop invariant i % 2 == 0 && x == 2 * y && i + x == x + y;
loop invariant i % 2 == 1 && x == 2 * y - 1 && i + x == x + y;
----------------------------
------------Invariant Info-----------
LOOP A:
i_2: i <= n
i_3: i >= 0
i_4: x >= 0
i_5: y >= 0
i_6: i + x == x + y
i_7: i % 2 == 0 ==> x == 2 * y
i_8: i % 2 == 1 ==> x == 2 * y - 1
i_9: i % 2 == 0 && x == 2 * y && i + x == x + y
i_10: i % 2 == 1 && x == 2 * y - 1 && i + x == x + y
------------------------------------
---------- Code with Invariants ----------
#include <assert.h>
int unknown1();
int unknown2();
int unknown3();
int unknown4();

/*
    requires n > 0;
*/
void oopsla_38(int n){
    int x=0;
    int y=0;
    int i=0;
    
    // Loop A
    /*@
        loop invariant i_2: i <= n;

        loop invariant i_3: i >= 0;

        loop invariant i_4: x >= 0;

        loop invariant i_5: y >= 0;

        loop invariant i_6: i + x == x + y;

        loop invariant i_7: i % 2 == 0 ==> x == 2 * y;

        loop invariant i_8: i % 2 == 1 ==> x == 2 * y - 1;

        loop invariant i_9: i % 2 == 0 && x == 2 * y && i + x == x + y;

        loop invariant i_10: i % 2 == 1 && x == 2 * y - 1 && i + x == x + y;


        loop assigns y;
        loop assigns x;
        loop assigns i;
    */
    while(i<n) {
        i++;
        x++;
        if(i%2 == 0) {
            y++;
        }
    }

    //@ assert  a_1: i % 2 == 0 ==> x == 2 * y;
    
}


------------------------------------------
Verification failed (Fail_19_21), removing all invariants and retrying.
========== Attempt 3 ==========
----------Prompt----------

#include <assert.h>
int unknown1();
int unknown2();
int unknown3();
int unknown4();

/*
    requires n > 0;
*/
void oopsla_38(int n){
    int x=0;
    int y=0;
    int i=0;
    
    // Loop A
    /*@
        [Hint] Please infer the loop invariant for the following loop.

        loop assigns y;
        loop assigns x;
        loop assigns i;
    */
    while(i<n) {
        i++;
        x++;
        if(i%2 == 0) {
            y++;
        }
    }

    //@ assert  a_1: i % 2 == 0 ==> x == 2 * y;
    
}


You are an expert in program verification, and please generate loop invariant as C annotation comments at the hint location (annotated by "[Hint] Please infer the loop invariant for the following loop.") using ACSL language.
ACSL is a specification language for C programs that conforms to the design by contract paradigm, utilizing Hoare style pre- and postconditions and invariants. Note that the `loop invariant` clause is a condition that is true at the beginning and end of every loop iteration.
Specifically, for the current verification task:
    - Pre-condition: the function's `requires` clauses
    - Post-condition: a_1:i % 2 == 0 ==> x == 2 * y; 
Please verify that the generated loop invariant is consistent with these constraints. If these specific pre- or post-conditions are not provided or empty, please infer the loop invariant strictly based on the program's execution logic and standard correctness.
In order to get a correct answer, You may want to consider both the situation of not entering the loop and the situation of jumping out of the loop. If some of the pre-conditions are also loop invariant, you need to add them to your answer as well.
Use '&&', '||', '==>', '\forall' or '\exists' if necessary. For instance:
```
loop invariant 1 <= x;
loop invariant x == y;
loop invariant 0 < x ==> y <= z;
loop invariant z % 2 == 1 || x == y;
loop invariant z % 2 == 1 && x <= y;
loop invariant \forall integer k;  0 <= k < i ==> max >=  a[k];
loop invariant \exists integer k;  0 <= k < i &&  max == a[k];
loop invariant \forall integer p; 0 <= p < \at(k, End_l) ==> res[p] == \at(res[p], End_l);
```
Your answer should follow the following format:
```
loop invariant ...;
loop invariant ...;
...
```
No explanation. No commentary. Just show me the loop invariant.
 /no_think
--------------------------
----------Response----------
[unused16][unused17]loop invariant i <= n;
loop invariant i % 2 == 0 || x % 2 == 0;
loop invariant x <= n;
loop invariant y < n;
loop invariant i == x + y;
loop invariant x == 2 * y;
----------------------------
------------Invariant Info-----------
LOOP A:
i_11: i <= n
i_12: i % 2 == 0 || x % 2 == 0
i_13: x <= n
i_14: y < n
i_15: i == x + y
i_16: x == 2 * y
------------------------------------
---------- Code with Invariants ----------
#include <assert.h>
int unknown1();
int unknown2();
int unknown3();
int unknown4();

/*
    requires n > 0;
*/
void oopsla_38(int n){
    int x=0;
    int y=0;
    int i=0;
    
    // Loop A
    /*@
        loop invariant i_11: i <= n;

        loop invariant i_12: i % 2 == 0 || x % 2 == 0;

        loop invariant i_13: x <= n;

        loop invariant i_14: y < n;

        loop invariant i_15: i == x + y;

        loop invariant i_16: x == 2 * y;


        loop assigns y;
        loop assigns x;
        loop assigns i;
    */
    while(i<n) {
        i++;
        x++;
        if(i%2 == 0) {
            y++;
        }
    }

    //@ assert  a_1: i % 2 == 0 ==> x == 2 * y;
    
}


------------------------------------------
Verification failed (Fail_11_15), removing all invariants and retrying.
========== Attempt 4 ==========
----------Prompt----------

#include <assert.h>
int unknown1();
int unknown2();
int unknown3();
int unknown4();

/*
    requires n > 0;
*/
void oopsla_38(int n){
    int x=0;
    int y=0;
    int i=0;
    
    // Loop A
    /*@
        [Hint] Please infer the loop invariant for the following loop.

        loop assigns y;
        loop assigns x;
        loop assigns i;
    */
    while(i<n) {
        i++;
        x++;
        if(i%2 == 0) {
            y++;
        }
    }

    //@ assert  a_1: i % 2 == 0 ==> x == 2 * y;
    
}


You are an expert in program verification, and please generate loop invariant as C annotation comments at the hint location (annotated by "[Hint] Please infer the loop invariant for the following loop.") using ACSL language.
ACSL is a specification language for C programs that conforms to the design by contract paradigm, utilizing Hoare style pre- and postconditions and invariants. Note that the `loop invariant` clause is a condition that is true at the beginning and end of every loop iteration.
Specifically, for the current verification task:
    - Pre-condition: the function's `requires` clauses
    - Post-condition: a_1:i % 2 == 0 ==> x == 2 * y; 
Please verify that the generated loop invariant is consistent with these constraints. If these specific pre- or post-conditions are not provided or empty, please infer the loop invariant strictly based on the program's execution logic and standard correctness.
In order to get a correct answer, You may want to consider both the situation of not entering the loop and the situation of jumping out of the loop. If some of the pre-conditions are also loop invariant, you need to add them to your answer as well.
Use '&&', '||', '==>', '\forall' or '\exists' if necessary. For instance:
```
loop invariant 1 <= x;
loop invariant x == y;
loop invariant 0 < x ==> y <= z;
loop invariant z % 2 == 1 || x == y;
loop invariant z % 2 == 1 && x <= y;
loop invariant \forall integer k;  0 <= k < i ==> max >=  a[k];
loop invariant \exists integer k;  0 <= k < i &&  max == a[k];
loop invariant \forall integer p; 0 <= p < \at(k, End_l) ==> res[p] == \at(res[p], End_l);
```
Your answer should follow the following format:
```
loop invariant ...;
loop invariant ...;
...
```
No explanation. No commentary. Just show me the loop invariant.
 /no_think
--------------------------
----------Response----------
[unused16][unused17]loop invariant i <= n;
loop invariant i >= 0;
loop invariant x >= 0;
loop invariant y >= 0;
loop invariant i % 2 == 0 ==> x == 2 * y;
loop invariant i % 2 == 0;
loop invariant x == 2 * y;
loop invariant i % 2 == 0 || i == n;
----------------------------
------------Invariant Info-----------
LOOP A:
i_17: i <= n
i_18: i >= 0
i_19: x >= 0
i_20: y >= 0
i_21: i % 2 == 0 ==> x == 2 * y
i_22: i % 2 == 0
i_23: x == 2 * y
i_24: i % 2 == 0 || i == n
------------------------------------
---------- Code with Invariants ----------
#include <assert.h>
int unknown1();
int unknown2();
int unknown3();
int unknown4();

/*
    requires n > 0;
*/
void oopsla_38(int n){
    int x=0;
    int y=0;
    int i=0;
    
    // Loop A
    /*@
        loop invariant i_17: i <= n;

        loop invariant i_18: i >= 0;

        loop invariant i_19: x >= 0;

        loop invariant i_20: y >= 0;

        loop invariant i_21: i % 2 == 0 ==> x == 2 * y;

        loop invariant i_22: i % 2 == 0;

        loop invariant i_23: x == 2 * y;

        loop invariant i_24: i % 2 == 0 || i == n;


        loop assigns y;
        loop assigns x;
        loop assigns i;
    */
    while(i<n) {
        i++;
        x++;
        if(i%2 == 0) {
            y++;
        }
    }

    //@ assert  a_1: i % 2 == 0 ==> x == 2 * y;
    
}


------------------------------------------
Verification failed (Fail_17_19), removing all invariants and retrying.
========== Attempt 5 ==========
----------Prompt----------

#include <assert.h>
int unknown1();
int unknown2();
int unknown3();
int unknown4();

/*
    requires n > 0;
*/
void oopsla_38(int n){
    int x=0;
    int y=0;
    int i=0;
    
    // Loop A
    /*@
        [Hint] Please infer the loop invariant for the following loop.

        loop assigns y;
        loop assigns x;
        loop assigns i;
    */
    while(i<n) {
        i++;
        x++;
        if(i%2 == 0) {
            y++;
        }
    }

    //@ assert  a_1: i % 2 == 0 ==> x == 2 * y;
    
}


You are an expert in program verification, and please generate loop invariant as C annotation comments at the hint location (annotated by "[Hint] Please infer the loop invariant for the following loop.") using ACSL language.
ACSL is a specification language for C programs that conforms to the design by contract paradigm, utilizing Hoare style pre- and postconditions and invariants. Note that the `loop invariant` clause is a condition that is true at the beginning and end of every loop iteration.
Specifically, for the current verification task:
    - Pre-condition: the function's `requires` clauses
    - Post-condition: a_1:i % 2 == 0 ==> x == 2 * y; 
Please verify that the generated loop invariant is consistent with these constraints. If these specific pre- or post-conditions are not provided or empty, please infer the loop invariant strictly based on the program's execution logic and standard correctness.
In order to get a correct answer, You may want to consider both the situation of not entering the loop and the situation of jumping out of the loop. If some of the pre-conditions are also loop invariant, you need to add them to your answer as well.
Use '&&', '||', '==>', '\forall' or '\exists' if necessary. For instance:
```
loop invariant 1 <= x;
loop invariant x == y;
loop invariant 0 < x ==> y <= z;
loop invariant z % 2 == 1 || x == y;
loop invariant z % 2 == 1 && x <= y;
loop invariant \forall integer k;  0 <= k < i ==> max >=  a[k];
loop invariant \exists integer k;  0 <= k < i &&  max == a[k];
loop invariant \forall integer p; 0 <= p < \at(k, End_l) ==> res[p] == \at(res[p], End_l);
```
Your answer should follow the following format:
```
loop invariant ...;
loop invariant ...;
...
```
No explanation. No commentary. Just show me the loop invariant.
 /no_think
--------------------------
----------Response----------
[unused16][unused17]loop invariant i <= n;
loop invariant i >= 0;
loop invariant i % 2 == 0 ==> x == 2 * y;
loop invariant x <= n;
```
----------------------------
------------Invariant Info-----------
LOOP A:
i_25: i <= n
i_26: i >= 0
i_27: i % 2 == 0 ==> x == 2 * y
i_28: x <= n
------------------------------------
---------- Code with Invariants ----------
#include <assert.h>
int unknown1();
int unknown2();
int unknown3();
int unknown4();

/*
    requires n > 0;
*/
void oopsla_38(int n){
    int x=0;
    int y=0;
    int i=0;
    
    // Loop A
    /*@
        loop invariant i_25: i <= n;

        loop invariant i_26: i >= 0;

        loop invariant i_27: i % 2 == 0 ==> x == 2 * y;

        loop invariant i_28: x <= n;


        loop assigns y;
        loop assigns x;
        loop assigns i;
    */
    while(i<n) {
        i++;
        x++;
        if(i%2 == 0) {
            y++;
        }
    }

    //@ assert  a_1: i % 2 == 0 ==> x == 2 * y;
    
}


------------------------------------------
Verification failed (Fail_8_11), removing all invariants and retrying.
Verification failed: reached maximum attempts.
---------Result---------
Fail
Model: openPangu-Embedded-7B-V1.1
Running time: 100.76154589653015
Proposal number: 5
Verified code:

------------------------
