-----------Model-----------
Model type:
PanguEmbeddedForCausalLM(
  (model): PanguEmbeddedModel(
    (embed_tokens): Embedding(153376, 4096, padding_idx=0)
    (layers): ModuleList(
      (0-33): 34 x PanguEmbeddedDecoderLayer(
        (self_attn): PanguEmbeddedAttention(
          (q_proj): Linear(in_features=4096, out_features=4096, bias=True)
          (k_proj): Linear(in_features=4096, out_features=1024, bias=True)
          (v_proj): Linear(in_features=4096, out_features=1024, bias=True)
          (o_proj): Linear(in_features=4096, out_features=4096, bias=True)
        )
        (mlp): PanguEmbeddedMLP(
          (gate_proj): Linear(in_features=4096, out_features=12800, bias=False)
          (up_proj): Linear(in_features=4096, out_features=12800, bias=False)
          (down_proj): Linear(in_features=12800, out_features=4096, bias=False)
          (act_fn): SiLU()
        )
        (input_layernorm): PanguEmbeddedRMSNorm((4096,), eps=1e-05)
        (post_attention_layernorm): PanguEmbeddedRMSNorm((4096,), eps=1e-05)
      )
    )
    (norm): PanguEmbeddedRMSNorm((4096,), eps=1e-05)
    (rotary_emb): PanguEmbeddedRotaryEmbedding()
  )
  (lm_head): Linear(in_features=4096, out_features=153376, bias=False)
)
Model device:
npu:1
---------------------------
File Path: ../Benchmark/OOPSLA/oopsla_45.c
----------Code----------
#include <assert.h>

int unknown1();
int unknown2();
int unknown3();
int unknown4();

void oopsla_45(int flag) {
    int x = 0;
    int y = 0;
    int j = 0;
    int i = 0;

    /*@
        loop assigns y, x, j, i;
    */
    while (unknown1()) {
        x++;
        y++;
        i += x;
        j += y;
        if (flag) {
        j += 1;
        }
    }
    if (j >= i)
        x = y;
    else
        x = y + 1;

    int w = 1;
    int z = 0;
    /*@
        loop assigns y, x, w, z;
    */
    while (unknown2()) {
        /*@
            loop assigns y, x;
        */
        while (unknown3()) {
            if (w % 2 == 1)
                x++;
            if (z % 2 == 0)
                y++;
        }
        z = x + y;
        w = z + 1;
    }

    //@ assert  a_1: x == y;
}
------------------------
----------Prompt----------

#include <assert.h>

int unknown1();
int unknown2();
int unknown3();
int unknown4();

void oopsla_45(int flag) {
    int x = 0;
    int y = 0;
    int j = 0;
    int i = 0;

    // Loop A
    /*@
        [Hint] Please infer the loop invariant for the following loop.

        loop assigns y, x, j, i;
    */
    while (unknown1()) {
        x++;
        y++;
        i += x;
        j += y;
        if (flag) {
        j += 1;
        }
    }
    if (j >= i)
        x = y;
    else
        x = y + 1;

    int w = 1;
    int z = 0;
    // Loop B
    /*@
        loop assigns y, x, w, z;
    */
    while (unknown2()) {
        // Loop C
        /*@
            loop assigns y, x;
        */
        while (unknown3()) {
            if (w % 2 == 1)
                x++;
            if (z % 2 == 0)
                y++;
        }
        z = x + y;
        w = z + 1;
    }

    //@ assert  a_1: x == y;
}
You are an expert in program verification, and please generate loop invariant as C annotation comments at the hint location (annotated by "[Hint] Please infer the loop invariant for the following loop.") using ACSL language.
ACSL is a specification language for C programs that conforms to the design by contract paradigm, utilizing Hoare style pre- and postconditions and invariants. Note that the `loop invariant` clause is a condition that is true at the beginning and end of every loop iteration.
Specifically, for the current verification task:
    - Pre-condition: the function's `requires` clauses
    - Post-condition: 
Please verify that the generated loop invariant is consistent with these constraints. If these specific pre- or post-conditions are not provided or empty, please infer the loop invariant strictly based on the program's execution logic and standard correctness.
In order to get a correct answer, You may want to consider both the situation of not entering the loop and the situation of jumping out of the loop. If some of the pre-conditions are also loop invariant, you need to add them to your answer as well.
Use '&&', '||', '==>', '\forall' or '\exists' if necessary. For instance:
```
loop invariant 1 <= x;
loop invariant x == y;
loop invariant 0 < x ==> y <= z;
loop invariant z % 2 == 1 || x == y;
loop invariant z % 2 == 1 && x <= y;
loop invariant \forall integer k;  0 <= k < i ==> max >=  a[k];
loop invariant \exists integer k;  0 <= k < i &&  max == a[k];
loop invariant \forall integer p; 0 <= p < \at(k, End_l) ==> res[p] == \at(res[p], End_l);
```
Your answer should follow the following format:
```
loop invariant ...;
loop invariant ...;
...
```
No explanation. No commentary. Just show me the loop invariant.
 /no_think
--------------------------
----------Response----------
[unused16][unused17]loop invariant i == 0 && j == 0;
loop invariant x == y;
----------------------------
----------Prompt----------

#include <assert.h>

int unknown1();
int unknown2();
int unknown3();
int unknown4();

void oopsla_45(int flag) {
    int x = 0;
    int y = 0;
    int j = 0;
    int i = 0;

    // Loop A
    /*@
        loop invariant i_0: i == 0 && j == 0;

        loop invariant i_1: x == y;


        loop assigns y, x, j, i;
    */
    while (unknown1()) {
        x++;
        y++;
        i += x;
        j += y;
        if (flag) {
        j += 1;
        }
    }
    if (j >= i)
        x = y;
    else
        x = y + 1;

    int w = 1;
    int z = 0;
    // Loop B
    /*@
        loop assigns y, x, w, z;
    */
    while (unknown2()) {
        // Loop C
        /*@
            [Hint] Please infer the loop invariant for the following loop.

            loop assigns y, x;
        */
        while (unknown3()) {
            if (w % 2 == 1)
                x++;
            if (z % 2 == 0)
                y++;
        }
        z = x + y;
        w = z + 1;
    }

    //@ assert  a_1: x == y;
}
You are an expert in program verification, and please generate loop invariant as C annotation comments at the hint location (annotated by "[Hint] Please infer the loop invariant for the following loop.") using ACSL language.
ACSL is a specification language for C programs that conforms to the design by contract paradigm, utilizing Hoare style pre- and postconditions and invariants. Note that the `loop invariant` clause is a condition that is true at the beginning and end of every loop iteration.
Specifically, for the current verification task:
    - Pre-condition: 
    - Post-condition: 
Please verify that the generated loop invariant is consistent with these constraints. If these specific pre- or post-conditions are not provided or empty, please infer the loop invariant strictly based on the program's execution logic and standard correctness.
In order to get a correct answer, You may want to consider both the situation of not entering the loop and the situation of jumping out of the loop. If some of the pre-conditions are also loop invariant, you need to add them to your answer as well.
Use '&&', '||', '==>', '\forall' or '\exists' if necessary. For instance:
```
loop invariant 1 <= x;
loop invariant x == y;
loop invariant 0 < x ==> y <= z;
loop invariant z % 2 == 1 || x == y;
loop invariant z % 2 == 1 && x <= y;
loop invariant \forall integer k;  0 <= k < i ==> max >=  a[k];
loop invariant \exists integer k;  0 <= k < i &&  max == a[k];
loop invariant \forall integer p; 0 <= p < \at(k, End_l) ==> res[p] == \at(res[p], End_l);
```
Your answer should follow the following format:
```
loop invariant ...;
loop invariant ...;
...
```
No explanation. No commentary. Just show me the loop invariant.
 /no_think
--------------------------
----------Response----------
[unused16][unused17][Loop <Loop C>]
loop invariant w % 2 == 1 || x == y;

[Loop <Loop B>]
loop invariant z == x + y;
loop invariant w == z + 1;
----------------------------
----------Prompt----------

#include <assert.h>

int unknown1();
int unknown2();
int unknown3();
int unknown4();

void oopsla_45(int flag) {
    int x = 0;
    int y = 0;
    int j = 0;
    int i = 0;

    // Loop A
    /*@
        loop invariant i_0: i == 0 && j == 0;

        loop invariant i_1: x == y;


        loop assigns y, x, j, i;
    */
    while (unknown1()) {
        x++;
        y++;
        i += x;
        j += y;
        if (flag) {
        j += 1;
        }
    }
    if (j >= i)
        x = y;
    else
        x = y + 1;

    int w = 1;
    int z = 0;
    // Loop B
    /*@
        [Hint] Please infer the loop invariant for the following loop.

        loop assigns y, x, w, z;
    */
    while (unknown2()) {
        // Loop C
        /*@
            loop invariant i_2: w % 2 == 1 || x == y;

            loop invariant i_3: z == x + y;

            loop invariant i_4: w == z + 1;


            loop assigns y, x;
        */
        while (unknown3()) {
            if (w % 2 == 1)
                x++;
            if (z % 2 == 0)
                y++;
        }
        z = x + y;
        w = z + 1;
    }

    //@ assert  a_1: x == y;
}
You are an expert in program verification, and please generate loop invariant as C annotation comments at the hint location (annotated by "[Hint] Please infer the loop invariant for the following loop.") using ACSL language.
ACSL is a specification language for C programs that conforms to the design by contract paradigm, utilizing Hoare style pre- and postconditions and invariants. Note that the `loop invariant` clause is a condition that is true at the beginning and end of every loop iteration.
Specifically, for the current verification task:
    - Pre-condition: i_0:i == 0 && j == 0; i_1:x == y; 
    - Post-condition: i_2:w % 2 == 1 || x == y; i_3:z == x + y; i_4:w == z + 1; 
Please verify that the generated loop invariant is consistent with these constraints. If these specific pre- or post-conditions are not provided or empty, please infer the loop invariant strictly based on the program's execution logic and standard correctness.
In order to get a correct answer, You may want to consider both the situation of not entering the loop and the situation of jumping out of the loop. If some of the pre-conditions are also loop invariant, you need to add them to your answer as well.
Use '&&', '||', '==>', '\forall' or '\exists' if necessary. For instance:
```
loop invariant 1 <= x;
loop invariant x == y;
loop invariant 0 < x ==> y <= z;
loop invariant z % 2 == 1 || x == y;
loop invariant z % 2 == 1 && x <= y;
loop invariant \forall integer k;  0 <= k < i ==> max >=  a[k];
loop invariant \exists integer k;  0 <= k < i &&  max == a[k];
loop invariant \forall integer p; 0 <= p < \at(k, End_l) ==> res[p] == \at(res[p], End_l);
```
Your answer should follow the following format:
```
loop invariant ...;
loop invariant ...;
...
```
No explanation. No commentary. Just show me the loop invariant.
 /no_think
--------------------------
----------Response----------
[unused16][unused17]```
loop invariant i == 0 && j == 0;
loop invariant x == y;
```
----------------------------
------------Invariant Info-----------
LOOP A:
i_0: i == 0 && j == 0
i_1: x == y
LOOP B:
i_5: i == 0 && j == 0
i_6: x == y
LOOP C:
i_2: w % 2 == 1 || x == y
i_3: z == x + y
i_4: w == z + 1
------------------------------------
----------Code with Invariants----------
#include <assert.h>

int unknown1();
int unknown2();
int unknown3();
int unknown4();

void oopsla_45(int flag) {
    int x = 0;
    int y = 0;
    int j = 0;
    int i = 0;

    // Loop A
    /*@
        loop invariant i_0: i == 0 && j == 0;

        loop invariant i_1: x == y;


        loop assigns y, x, j, i;
    */
    while (unknown1()) {
        x++;
        y++;
        i += x;
        j += y;
        if (flag) {
        j += 1;
        }
    }
    if (j >= i)
        x = y;
    else
        x = y + 1;

    int w = 1;
    int z = 0;
    // Loop B
    /*@
        loop invariant i_5: i == 0 && j == 0;

        loop invariant i_6: x == y;


        loop assigns y, x, w, z;
    */
    while (unknown2()) {
        // Loop C
        /*@
            loop invariant i_2: w % 2 == 1 || x == y;

            loop invariant i_3: z == x + y;

            loop invariant i_4: w == z + 1;


            loop assigns y, x;
        */
        while (unknown3()) {
            if (w % 2 == 1)
                x++;
            if (z % 2 == 0)
                y++;
        }
        z = x + y;
        w = z + 1;
    }

    //@ assert  a_1: x == y;
}
----------------------------------------
----------Begin Revise----------
-------------Establishment_cross: i_4: establishment---------------
----------Prompt----------

#include <assert.h>

int unknown1();
int unknown2();
int unknown3();
int unknown4();

void oopsla_45(int flag) {
    int x = 0;
    int y = 0;
    int j = 0;
    int i = 0;

    // Loop A
    /*@
        loop invariant i_0: i == 0 && j == 0;

        loop invariant i_1: x == y;


        loop assigns y, x, j, i;
    */
    while (unknown1()) {
        x++;
        y++;
        i += x;
        j += y;
        if (flag) {
        j += 1;
        }
    }
    if (j >= i)
        x = y;
    else
        x = y + 1;

    int w = 1;
    int z = 0;
    // Loop B
    /*@
        loop invariant i_5: i == 0 && j == 0;

        loop invariant i_6: x == y;


        loop assigns y, x, w, z;
    */
    while (unknown2()) {
        // Loop C
        /*@
            [Hint] Invariant w == z + 1 not initially provable. Fix or supplement invariants in the pre-loop or in this loop.

            loop invariant i_2: w % 2 == 1 || x == y;

            loop invariant i_3: z == x + y;

            loop invariant i_4: w == z + 1;


            loop assigns y, x;
        */
        while (unknown3()) {
            if (w % 2 == 1)
                x++;
            if (z % 2 == 0)
                y++;
        }
        z = x + y;
        w = z + 1;
    }

    //@ assert  a_1: x == y;
}
You are an expert in deductive program verification using ACSL and Frama-C.
[Unprovable Invariant] w == z + 1
The above loop invariant required by the loop labeled "C" cannot be derived from the invariants of the preceding loop "B", and the program state before entering the current loop:
[Pre-statement]

Accordingly, we must fix the situation that prevents proving the current loop invariant. There are two independent possibilities you should consider and address:
  1) The current loop invariant for "Loop C" is too strong:
     - It uses facts that are not guaranteed by the preceding loop invariants together with Pre-statement.
     - Remedy: weaken or simplify the invariant of "C" so it becomes derivable from the available preconditions.

  2) The preceding loop invariants of "Loop B" are too weak:
     - They do not imply the facts required by the "C" invariant after executing Pre-statement.
     - Remedy: strengthen the invariant(s) of "Loop B" so that, after running Pre-statement, they imply the needed facts for "Loop C".

Your task is to adjust the invariants so that the establishment of "Loop C" succeeds.
IMPORTANT RULES:
1. You may modify either:
   - only the current loop "C", or  
   - only the preceding loop "B", or  
   - both, if needed.
2. Do NOT output any of the original invariants.  
   Only output the new or modified invariants you propose.
3. Output must contain two blocks, even if one block is empty:
   ```
   [Loop B]
   loop invariant ...;
   loop invariant ...;

   [Loop C]
   loop invariant ...;
   loop invariant ...;
   ```
4. Each block may contain zero or more invariants. If a block has no changes, leave it empty but keep the block header.
5. All invariants must follow ACSL syntax and be valid loop invariants.
6. No explanation. No commentary. Just show me the loop invariant.
 /no_think
--------------------------
----------Response----------
[unused16][unused17][Loop B]
loop invariant i_5: i == 0 && j == 0;

[Loop C]
loop invariant i_2: w % 2 == 1 || x == y;
loop invariant i_3: z == x + y;
loop invariant i_4: w == z + 1;
----------------------------
-------------Preservation_self: i_2: preservation---------------
----------Prompt----------

#include <assert.h>

int unknown1();
int unknown2();
int unknown3();
int unknown4();

void oopsla_45(int flag) {
    int x = 0;
    int y = 0;
    int j = 0;
    int i = 0;

    // Loop A
    /*@
        loop invariant i_0: i == 0 && j == 0;

        loop invariant i_1: x == y;


        loop assigns y, x, j, i;
    */
    while (unknown1()) {
        x++;
        y++;
        i += x;
        j += y;
        if (flag) {
        j += 1;
        }
    }
    if (j >= i)
        x = y;
    else
        x = y + 1;

    int w = 1;
    int z = 0;
    // Loop B
    /*@
        loop invariant i_5: i == 0 && j == 0;

        loop invariant i_6: x == y;


        loop assigns y, x, w, z;
    */
    while (unknown2()) {
        // Loop C
        /*@
            [Hint] Invariant w % 2 == 1 || x == y not preserved in this loop. Fix or supplement invariants.

            loop invariant i_2: w % 2 == 1 || x == y;

            loop invariant i_4: w == z + 1;


            loop assigns y, x;
        */
        while (unknown3()) {
            if (w % 2 == 1)
                x++;
            if (z % 2 == 0)
                y++;
        }
        z = x + y;
        w = z + 1;
    }

    //@ assert  a_1: x == y;
}
You are an expert in deductive program verification using ACSL and Frama-C.
[Unprovable Invariant] w % 2 == 1 || x == y
The above loop invariant of loop "C" fails the preservation (inductive) condition:
after executing one iteration of the loop body, the invariant cannot be re-established.
[Loop Body]
if (w % 2 == 1) x++; if (z % 2 == 0) y++;
This failure indicates that the current invariant may be incorrect or incomplete.  
There are two typical causes:
  1) The invariant is logically incorrect, so it does not hold after the loop body executes once.
     - In this case, you must adjust the invariant so that it is preserved by the loop body.
  2) The invariant is insufficient, i.e., it misses essential supporting conditions needed to re-establish itself.
     - In this case, you must introduce additional invariants so that the whole set becomes inductive.
Your task is to produce the corrected and/or auxiliary invariants that make the preservation step succeed.
IMPORTANT RULES:
1. You MUST NOT output any of the original invariants already in the code. Only output the new or modified invariants.
2. All invariants you produce must satisfy:
   - Establishment: they hold on loop entry.
   - Preservation: after executing the loop body exactly once, the invariant still holds.
   - Zero-iteration case: the invariant is valid even if the loop never executes.
3. The answer must follow this format exactly:
   ```
   loop invariant ...;
   loop invariant ...;
   ...
   ```
4. All invariants must follow ACSL syntax and be valid loop invariants.
5. No explanation. No commentary. Just show me the loop invariant.
 /no_think
--------------------------
----------Response----------
[unused16][unused17]```
loop invariant i_2: w % 2 == 1 || x == y;

loop invariant i_4: w == z + 1;
```
----------------------------
-------------Preservation_nested: i_6: preservation---------------
----------Prompt----------

#include <assert.h>

int unknown1();
int unknown2();
int unknown3();
int unknown4();

void oopsla_45(int flag) {
    int x = 0;
    int y = 0;
    int j = 0;
    int i = 0;

    // Loop A
    /*@
        loop invariant i_0: i == 0 && j == 0;

        loop invariant i_1: x == y;


        loop assigns y, x, j, i;
    */
    while (unknown1()) {
        x++;
        y++;
        i += x;
        j += y;
        if (flag) {
        j += 1;
        }
    }
    if (j >= i)
        x = y;
    else
        x = y + 1;

    int w = 1;
    int z = 0;
    // Loop B
    /*@
        [Hint] Invariant x == y not preserved. Fix or supplement invariants the last inner loop or in this loop.

        loop invariant i_5: i == 0 && j == 0;

        loop invariant i_6: x == y;


        loop assigns y, x, w, z;
    */
    while (unknown2()) {
        // Loop C
        /*@
            loop invariant i_2: w % 2 == 1 || x == y;

            loop invariant i_4: w == z + 1;


            loop assigns y, x;
        */
        while (unknown3()) {
            if (w % 2 == 1)
                x++;
            if (z % 2 == 0)
                y++;
        }
        z = x + y;
        w = z + 1;
    }

    //@ assert  a_1: x == y;
}
You are an expert in deductive program verification using ACSL and Frama-C.
[Unprovable Invariant] x == y
The loop invariant of the loop labeled "B" fails the *preservation* check. After one iteration of the loop body, the invariant cannot be re-established.
Accordingly, there are two distinct possibilities that may prevent the preservation of the current loop invariant:
  1) The unprovable invariant of "Loop B" is incorrect:
     - It cannot be re-established from itself after executing the loop body.
     - Remedy: modify the unprovable invariant of "B" so that it becomes inductive.

  2) The invariant(s) of the nested inner loop "Loop C" are too weak:
     - They do not guarantee enough facts after the completion of the inner loop to re-establish "B"'s invariant.
     - Remedy: strengthen the invariant(s) of "C" so that the preservation of "B" becomes provable.

Your task is to adjust the invariants so that the preservation of "Loop B" succeeds.
IMPORTANT RULES:
1. You may modify either:
   - only the current loop "B", or
   - only the inner loop "C", or
   - both, if needed.
2. Do NOT output any of the original invariants. Only output the new or modified invariants you propose.
3. Output must contain two blocks, even if one block is empty:
   ```
   [Loop C]
   loop invariant ...;
   loop invariant ...;

   [Loop B]
   loop invariant ...;
   loop invariant ...;
   ```
4. Each block may contain zero or more invariants. If a block has no changes, leave it empty but keep the block header.
5. All invariants must strictly satisfy ACSL rules and must be valid inductive loop invariants.
6. No explanation. No commentary. Just show me the loop invariant.
 /no_think
--------------------------
----------Response----------
[unused16][unused17][Loop C]
loop invariant i_2: w % 2 == 1 || x == y;

[Loop B]
loop invariant i_1: x == y;
loop invariant i_2: i == 0 && j == 0;

loop invariant i_3: w == z + 1;
----------------------------
-------------Preservation_self: i_0: preservation---------------
----------Prompt----------

#include <assert.h>

int unknown1();
int unknown2();
int unknown3();
int unknown4();

void oopsla_45(int flag) {
    int x = 0;
    int y = 0;
    int j = 0;
    int i = 0;

    // Loop A
    /*@
        [Hint] Invariant i == 0 && j == 0 not preserved in this loop. Fix or supplement invariants.

        loop invariant i_0: i == 0 && j == 0;

        loop invariant i_1: x == y;


        loop assigns y, x, j, i;
    */
    while (unknown1()) {
        x++;
        y++;
        i += x;
        j += y;
        if (flag) {
        j += 1;
        }
    }
    if (j >= i)
        x = y;
    else
        x = y + 1;

    int w = 1;
    int z = 0;
    // Loop B
    /*@
        loop invariant i_5: i == 0 && j == 0;

        loop invariant i_6: x == y;

        loop invariant i_7: w == z + 1;


        loop assigns y, x, w, z;
    */
    while (unknown2()) {
        // Loop C
        /*@
            loop invariant i_2: w % 2 == 1 || x == y;

            loop invariant i_4: w == z + 1;


            loop assigns y, x;
        */
        while (unknown3()) {
            if (w % 2 == 1)
                x++;
            if (z % 2 == 0)
                y++;
        }
        z = x + y;
        w = z + 1;
    }

    //@ assert  a_1: x == y;
}
You are an expert in deductive program verification using ACSL and Frama-C.
[Unprovable Invariant] i == 0 && j == 0
The above loop invariant of loop "A" fails the preservation (inductive) condition:
after executing one iteration of the loop body, the invariant cannot be re-established.
[Loop Body]
x++; y++; i += x; j += y; if (flag) { j += 1;
This failure indicates that the current invariant may be incorrect or incomplete.  
There are two typical causes:
  1) The invariant is logically incorrect, so it does not hold after the loop body executes once.
     - In this case, you must adjust the invariant so that it is preserved by the loop body.
  2) The invariant is insufficient, i.e., it misses essential supporting conditions needed to re-establish itself.
     - In this case, you must introduce additional invariants so that the whole set becomes inductive.
Your task is to produce the corrected and/or auxiliary invariants that make the preservation step succeed.
IMPORTANT RULES:
1. You MUST NOT output any of the original invariants already in the code. Only output the new or modified invariants.
2. All invariants you produce must satisfy:
   - Establishment: they hold on loop entry.
   - Preservation: after executing the loop body exactly once, the invariant still holds.
   - Zero-iteration case: the invariant is valid even if the loop never executes.
3. The answer must follow this format exactly:
   ```
   loop invariant ...;
   loop invariant ...;
   ...
   ```
4. All invariants must follow ACSL syntax and be valid loop invariants.
5. No explanation. No commentary. Just show me the loop invariant.
 /no_think
--------------------------
----------Response----------
[unused16][unused17]```
loop invariant i == 0 && j == 0;
loop invariant i == y;
loop invariant w == z + 1;
```
----------------------------
--------------------------------
------------Invariant Info-----------
LOOP A:
i_0: i == 0 && j == 0
i_1: x == y
i_8: i == y
i_9: w == z + 1
LOOP B:
i_5: i == 0 && j == 0
i_6: x == y
i_7: w == z + 1
LOOP C:
i_2: w % 2 == 1 || x == y
i_4: w == z + 1
------------------------------------
----------Code with Invariants----------
#include <assert.h>

int unknown1();
int unknown2();
int unknown3();
int unknown4();

void oopsla_45(int flag) {
    int x = 0;
    int y = 0;
    int j = 0;
    int i = 0;

    // Loop A
    /*@
        loop invariant i_0: i == 0 && j == 0;

        loop invariant i_1: x == y;

        loop invariant i_8: i == y;

        loop invariant i_9: w == z + 1;


        loop assigns y, x, j, i;
    */
    while (unknown1()) {
        x++;
        y++;
        i += x;
        j += y;
        if (flag) {
        j += 1;
        }
    }
    if (j >= i)
        x = y;
    else
        x = y + 1;

    int w = 1;
    int z = 0;
    // Loop B
    /*@
        loop invariant i_5: i == 0 && j == 0;

        loop invariant i_6: x == y;

        loop invariant i_7: w == z + 1;


        loop assigns y, x, w, z;
    */
    while (unknown2()) {
        // Loop C
        /*@
            loop invariant i_2: w % 2 == 1 || x == y;

            loop invariant i_4: w == z + 1;


            loop assigns y, x;
        */
        while (unknown3()) {
            if (w % 2 == 1)
                x++;
            if (z % 2 == 0)
                y++;
        }
        z = x + y;
        w = z + 1;
    }

    //@ assert  a_1: x == y;
}
----------------------------------------
------------Invariant Info-----------
LOOP A:
i_0: i == 0 && j == 0
i_1: x == y
i_8: i == y
i_9: w == z + 1
LOOP B:
i_5: i == 0 && j == 0
i_6: x == y
i_7: w == z + 1
LOOP C:
i_2: w % 2 == 1 || x == y
i_4: w == z + 1
------------------------------------
----------Code with Invariants----------
#include <assert.h>

int unknown1();
int unknown2();
int unknown3();
int unknown4();

void oopsla_45(int flag) {
    int x = 0;
    int y = 0;
    int j = 0;
    int i = 0;

    // Loop A
    /*@
        loop invariant i_0: i == 0 && j == 0;

        loop invariant i_1: x == y;

        loop invariant i_8: i == y;

        loop invariant i_9: w == z + 1;


        loop assigns y, x, j, i;
    */
    while (unknown1()) {
        x++;
        y++;
        i += x;
        j += y;
        if (flag) {
        j += 1;
        }
    }
    if (j >= i)
        x = y;
    else
        x = y + 1;

    int w = 1;
    int z = 0;
    // Loop B
    /*@
        loop invariant i_5: i == 0 && j == 0;

        loop invariant i_6: x == y;

        loop invariant i_7: w == z + 1;


        loop assigns y, x, w, z;
    */
    while (unknown2()) {
        // Loop C
        /*@
            loop invariant i_2: w % 2 == 1 || x == y;

            loop invariant i_4: w == z + 1;


            loop assigns y, x;
        */
        while (unknown3()) {
            if (w % 2 == 1)
                x++;
            if (z % 2 == 0)
                y++;
        }
        z = x + y;
        w = z + 1;
    }

    //@ assert  a_1: x == y;
}
----------------------------------------
------------Invariant Info-----------
LOOP A:
i_0: i == 0 && j == 0
i_1: x == y
i_8: i == y
i_9: w == z + 1
LOOP B:
i_5: i == 0 && j == 0
i_6: x == y
i_7: w == z + 1
LOOP C:
i_2: w % 2 == 1 || x == y
i_4: w == z + 1
------------------------------------
----------Code with Invariants----------
#include <assert.h>

int unknown1();
int unknown2();
int unknown3();
int unknown4();

void oopsla_45(int flag) {
    int x = 0;
    int y = 0;
    int j = 0;
    int i = 0;

    // Loop A
    /*@
        loop invariant i_0: i == 0 && j == 0;

        loop invariant i_1: x == y;

        loop invariant i_8: i == y;

        loop invariant i_9: w == z + 1;


        loop assigns y, x, j, i;
    */
    while (unknown1()) {
        x++;
        y++;
        i += x;
        j += y;
        if (flag) {
        j += 1;
        }
    }
    if (j >= i)
        x = y;
    else
        x = y + 1;

    int w = 1;
    int z = 0;
    // Loop B
    /*@
        loop invariant i_5: i == 0 && j == 0;

        loop invariant i_6: x == y;

        loop invariant i_7: w == z + 1;


        loop assigns y, x, w, z;
    */
    while (unknown2()) {
        // Loop C
        /*@
            loop invariant i_2: w % 2 == 1 || x == y;

            loop invariant i_4: w == z + 1;


            loop assigns y, x;
        */
        while (unknown3()) {
            if (w % 2 == 1)
                x++;
            if (z % 2 == 0)
                y++;
        }
        z = x + y;
        w = z + 1;
    }

    //@ assert  a_1: x == y;
}
----------------------------------------
------------Invariant Info-----------
LOOP A:
i_0: i == 0 && j == 0
i_1: x == y
i_8: i == y
i_9: w == z + 1
LOOP B:
i_5: i == 0 && j == 0
i_6: x == y
i_7: w == z + 1
LOOP C:
i_2: w % 2 == 1 || x == y
i_4: w == z + 1
------------------------------------
----------Code with Invariants----------
#include <assert.h>

int unknown1();
int unknown2();
int unknown3();
int unknown4();

void oopsla_45(int flag) {
    int x = 0;
    int y = 0;
    int j = 0;
    int i = 0;

    // Loop A
    /*@
        loop invariant i_0: i == 0 && j == 0;

        loop invariant i_1: x == y;

        loop invariant i_8: i == y;

        loop invariant i_9: w == z + 1;


        loop assigns y, x, j, i;
    */
    while (unknown1()) {
        x++;
        y++;
        i += x;
        j += y;
        if (flag) {
        j += 1;
        }
    }
    if (j >= i)
        x = y;
    else
        x = y + 1;

    int w = 1;
    int z = 0;
    // Loop B
    /*@
        loop invariant i_5: i == 0 && j == 0;

        loop invariant i_6: x == y;

        loop invariant i_7: w == z + 1;


        loop assigns y, x, w, z;
    */
    while (unknown2()) {
        // Loop C
        /*@
            loop invariant i_2: w % 2 == 1 || x == y;

            loop invariant i_4: w == z + 1;


            loop assigns y, x;
        */
        while (unknown3()) {
            if (w % 2 == 1)
                x++;
            if (z % 2 == 0)
                y++;
        }
        z = x + y;
        w = z + 1;
    }

    //@ assert  a_1: x == y;
}
----------------------------------------
------------Invariant Info-----------
LOOP A:
i_0: i == 0 && j == 0
i_1: x == y
i_8: i == y
i_9: w == z + 1
LOOP B:
i_5: i == 0 && j == 0
i_6: x == y
i_7: w == z + 1
LOOP C:
i_2: w % 2 == 1 || x == y
i_4: w == z + 1
------------------------------------
----------Code with Invariants----------
#include <assert.h>

int unknown1();
int unknown2();
int unknown3();
int unknown4();

void oopsla_45(int flag) {
    int x = 0;
    int y = 0;
    int j = 0;
    int i = 0;

    // Loop A
    /*@
        loop invariant i_0: i == 0 && j == 0;

        loop invariant i_1: x == y;

        loop invariant i_8: i == y;

        loop invariant i_9: w == z + 1;


        loop assigns y, x, j, i;
    */
    while (unknown1()) {
        x++;
        y++;
        i += x;
        j += y;
        if (flag) {
        j += 1;
        }
    }
    if (j >= i)
        x = y;
    else
        x = y + 1;

    int w = 1;
    int z = 0;
    // Loop B
    /*@
        loop invariant i_5: i == 0 && j == 0;

        loop invariant i_6: x == y;

        loop invariant i_7: w == z + 1;


        loop assigns y, x, w, z;
    */
    while (unknown2()) {
        // Loop C
        /*@
            loop invariant i_2: w % 2 == 1 || x == y;

            loop invariant i_4: w == z + 1;


            loop assigns y, x;
        */
        while (unknown3()) {
            if (w % 2 == 1)
                x++;
            if (z % 2 == 0)
                y++;
        }
        z = x + y;
        w = z + 1;
    }

    //@ assert  a_1: x == y;
}
----------------------------------------
------------Invariant Info-----------
LOOP A:
i_0: i == 0 && j == 0
i_1: x == y
i_8: i == y
i_9: w == z + 1
LOOP B:
i_5: i == 0 && j == 0
i_6: x == y
i_7: w == z + 1
LOOP C:
i_2: w % 2 == 1 || x == y
i_4: w == z + 1
------------------------------------
----------Code with Invariants----------
#include <assert.h>

int unknown1();
int unknown2();
int unknown3();
int unknown4();

void oopsla_45(int flag) {
    int x = 0;
    int y = 0;
    int j = 0;
    int i = 0;

    // Loop A
    /*@
        loop invariant i_0: i == 0 && j == 0;

        loop invariant i_1: x == y;

        loop invariant i_8: i == y;

        loop invariant i_9: w == z + 1;


        loop assigns y, x, j, i;
    */
    while (unknown1()) {
        x++;
        y++;
        i += x;
        j += y;
        if (flag) {
        j += 1;
        }
    }
    if (j >= i)
        x = y;
    else
        x = y + 1;

    int w = 1;
    int z = 0;
    // Loop B
    /*@
        loop invariant i_5: i == 0 && j == 0;

        loop invariant i_6: x == y;

        loop invariant i_7: w == z + 1;


        loop assigns y, x, w, z;
    */
    while (unknown2()) {
        // Loop C
        /*@
            loop invariant i_2: w % 2 == 1 || x == y;

            loop invariant i_4: w == z + 1;


            loop assigns y, x;
        */
        while (unknown3()) {
            if (w % 2 == 1)
                x++;
            if (z % 2 == 0)
                y++;
        }
        z = x + y;
        w = z + 1;
    }

    //@ assert  a_1: x == y;
}
----------------------------------------
------------Invariant Info-----------
LOOP A:
i_0: i == 0 && j == 0
i_1: x == y
i_8: i == y
i_9: w == z + 1
LOOP B:
i_5: i == 0 && j == 0
i_6: x == y
i_7: w == z + 1
LOOP C:
i_2: w % 2 == 1 || x == y
i_4: w == z + 1
------------------------------------
----------Code with Invariants----------
#include <assert.h>

int unknown1();
int unknown2();
int unknown3();
int unknown4();

void oopsla_45(int flag) {
    int x = 0;
    int y = 0;
    int j = 0;
    int i = 0;

    // Loop A
    /*@
        loop invariant i_0: i == 0 && j == 0;

        loop invariant i_1: x == y;

        loop invariant i_8: i == y;

        loop invariant i_9: w == z + 1;


        loop assigns y, x, j, i;
    */
    while (unknown1()) {
        x++;
        y++;
        i += x;
        j += y;
        if (flag) {
        j += 1;
        }
    }
    if (j >= i)
        x = y;
    else
        x = y + 1;

    int w = 1;
    int z = 0;
    // Loop B
    /*@
        loop invariant i_5: i == 0 && j == 0;

        loop invariant i_6: x == y;

        loop invariant i_7: w == z + 1;


        loop assigns y, x, w, z;
    */
    while (unknown2()) {
        // Loop C
        /*@
            loop invariant i_2: w % 2 == 1 || x == y;

            loop invariant i_4: w == z + 1;


            loop assigns y, x;
        */
        while (unknown3()) {
            if (w % 2 == 1)
                x++;
            if (z % 2 == 0)
                y++;
        }
        z = x + y;
        w = z + 1;
    }

    //@ assert  a_1: x == y;
}
----------------------------------------
------------Invariant Info-----------
LOOP A:
i_0: i == 0 && j == 0
i_1: x == y
i_8: i == y
i_9: w == z + 1
LOOP B:
i_5: i == 0 && j == 0
i_6: x == y
i_7: w == z + 1
LOOP C:
i_2: w % 2 == 1 || x == y
i_4: w == z + 1
------------------------------------
----------Code with Invariants----------
#include <assert.h>

int unknown1();
int unknown2();
int unknown3();
int unknown4();

void oopsla_45(int flag) {
    int x = 0;
    int y = 0;
    int j = 0;
    int i = 0;

    // Loop A
    /*@
        loop invariant i_0: i == 0 && j == 0;

        loop invariant i_1: x == y;

        loop invariant i_8: i == y;

        loop invariant i_9: w == z + 1;


        loop assigns y, x, j, i;
    */
    while (unknown1()) {
        x++;
        y++;
        i += x;
        j += y;
        if (flag) {
        j += 1;
        }
    }
    if (j >= i)
        x = y;
    else
        x = y + 1;

    int w = 1;
    int z = 0;
    // Loop B
    /*@
        loop invariant i_5: i == 0 && j == 0;

        loop invariant i_6: x == y;

        loop invariant i_7: w == z + 1;


        loop assigns y, x, w, z;
    */
    while (unknown2()) {
        // Loop C
        /*@
            loop invariant i_2: w % 2 == 1 || x == y;

            loop invariant i_4: w == z + 1;


            loop assigns y, x;
        */
        while (unknown3()) {
            if (w % 2 == 1)
                x++;
            if (z % 2 == 0)
                y++;
        }
        z = x + y;
        w = z + 1;
    }

    //@ assert  a_1: x == y;
}
----------------------------------------
------------Invariant Info-----------
LOOP A:
i_0: i == 0 && j == 0
i_1: x == y
i_8: i == y
i_9: w == z + 1
LOOP B:
i_5: i == 0 && j == 0
i_6: x == y
i_7: w == z + 1
LOOP C:
i_2: w % 2 == 1 || x == y
i_4: w == z + 1
------------------------------------
----------Code with Invariants----------
#include <assert.h>

int unknown1();
int unknown2();
int unknown3();
int unknown4();

void oopsla_45(int flag) {
    int x = 0;
    int y = 0;
    int j = 0;
    int i = 0;

    // Loop A
    /*@
        loop invariant i_0: i == 0 && j == 0;

        loop invariant i_1: x == y;

        loop invariant i_8: i == y;

        loop invariant i_9: w == z + 1;


        loop assigns y, x, j, i;
    */
    while (unknown1()) {
        x++;
        y++;
        i += x;
        j += y;
        if (flag) {
        j += 1;
        }
    }
    if (j >= i)
        x = y;
    else
        x = y + 1;

    int w = 1;
    int z = 0;
    // Loop B
    /*@
        loop invariant i_5: i == 0 && j == 0;

        loop invariant i_6: x == y;

        loop invariant i_7: w == z + 1;


        loop assigns y, x, w, z;
    */
    while (unknown2()) {
        // Loop C
        /*@
            loop invariant i_2: w % 2 == 1 || x == y;

            loop invariant i_4: w == z + 1;


            loop assigns y, x;
        */
        while (unknown3()) {
            if (w % 2 == 1)
                x++;
            if (z % 2 == 0)
                y++;
        }
        z = x + y;
        w = z + 1;
    }

    //@ assert  a_1: x == y;
}
----------------------------------------
------------Invariant Info-----------
LOOP A:
i_0: i == 0 && j == 0
i_1: x == y
i_8: i == y
i_9: w == z + 1
LOOP B:
i_5: i == 0 && j == 0
i_6: x == y
i_7: w == z + 1
LOOP C:
i_2: w % 2 == 1 || x == y
i_4: w == z + 1
------------------------------------
----------Code with Invariants----------
#include <assert.h>

int unknown1();
int unknown2();
int unknown3();
int unknown4();

void oopsla_45(int flag) {
    int x = 0;
    int y = 0;
    int j = 0;
    int i = 0;

    // Loop A
    /*@
        loop invariant i_0: i == 0 && j == 0;

        loop invariant i_1: x == y;

        loop invariant i_8: i == y;

        loop invariant i_9: w == z + 1;


        loop assigns y, x, j, i;
    */
    while (unknown1()) {
        x++;
        y++;
        i += x;
        j += y;
        if (flag) {
        j += 1;
        }
    }
    if (j >= i)
        x = y;
    else
        x = y + 1;

    int w = 1;
    int z = 0;
    // Loop B
    /*@
        loop invariant i_5: i == 0 && j == 0;

        loop invariant i_6: x == y;

        loop invariant i_7: w == z + 1;


        loop assigns y, x, w, z;
    */
    while (unknown2()) {
        // Loop C
        /*@
            loop invariant i_2: w % 2 == 1 || x == y;

            loop invariant i_4: w == z + 1;


            loop assigns y, x;
        */
        while (unknown3()) {
            if (w % 2 == 1)
                x++;
            if (z % 2 == 0)
                y++;
        }
        z = x + y;
        w = z + 1;
    }

    //@ assert  a_1: x == y;
}
----------------------------------------
------------Invariant Info-----------
LOOP A:
i_0: i == 0 && j == 0
i_1: x == y
i_8: i == y
i_9: w == z + 1
LOOP B:
i_5: i == 0 && j == 0
i_6: x == y
i_7: w == z + 1
LOOP C:
i_2: w % 2 == 1 || x == y
i_4: w == z + 1
------------------------------------
----------Code with Invariants----------
#include <assert.h>

int unknown1();
int unknown2();
int unknown3();
int unknown4();

void oopsla_45(int flag) {
    int x = 0;
    int y = 0;
    int j = 0;
    int i = 0;

    // Loop A
    /*@
        loop invariant i_0: i == 0 && j == 0;

        loop invariant i_1: x == y;

        loop invariant i_8: i == y;

        loop invariant i_9: w == z + 1;


        loop assigns y, x, j, i;
    */
    while (unknown1()) {
        x++;
        y++;
        i += x;
        j += y;
        if (flag) {
        j += 1;
        }
    }
    if (j >= i)
        x = y;
    else
        x = y + 1;

    int w = 1;
    int z = 0;
    // Loop B
    /*@
        loop invariant i_5: i == 0 && j == 0;

        loop invariant i_6: x == y;

        loop invariant i_7: w == z + 1;


        loop assigns y, x, w, z;
    */
    while (unknown2()) {
        // Loop C
        /*@
            loop invariant i_2: w % 2 == 1 || x == y;

            loop invariant i_4: w == z + 1;


            loop assigns y, x;
        */
        while (unknown3()) {
            if (w % 2 == 1)
                x++;
            if (z % 2 == 0)
                y++;
        }
        z = x + y;
        w = z + 1;
    }

    //@ assert  a_1: x == y;
}
----------------------------------------
---------Result---------
Fail
Model: openPangu-Embedded-7B-V1.1
Running time: 63.786707162857056
Proposal number: 12
Verified code:

------------------------
