-----------Model-----------
Model type:
PanguEmbeddedForCausalLM(
  (model): PanguEmbeddedModel(
    (embed_tokens): Embedding(153376, 4096, padding_idx=0)
    (layers): ModuleList(
      (0-33): 34 x PanguEmbeddedDecoderLayer(
        (self_attn): PanguEmbeddedAttention(
          (q_proj): Linear(in_features=4096, out_features=4096, bias=True)
          (k_proj): Linear(in_features=4096, out_features=1024, bias=True)
          (v_proj): Linear(in_features=4096, out_features=1024, bias=True)
          (o_proj): Linear(in_features=4096, out_features=4096, bias=True)
        )
        (mlp): PanguEmbeddedMLP(
          (gate_proj): Linear(in_features=4096, out_features=12800, bias=False)
          (up_proj): Linear(in_features=4096, out_features=12800, bias=False)
          (down_proj): Linear(in_features=12800, out_features=4096, bias=False)
          (act_fn): SiLU()
        )
        (input_layernorm): PanguEmbeddedRMSNorm((4096,), eps=1e-05)
        (post_attention_layernorm): PanguEmbeddedRMSNorm((4096,), eps=1e-05)
      )
    )
    (norm): PanguEmbeddedRMSNorm((4096,), eps=1e-05)
    (rotary_emb): PanguEmbeddedRotaryEmbedding()
  )
  (lm_head): Linear(in_features=4096, out_features=153376, bias=False)
)
Model device:
npu:1
---------------------------
File Path: ../Benchmark/SVCOMP/svcomp_4.c
----------Code----------
// bhmr2007_true-unreach-call.c
// Source: Dirk Beyer, Thomas A. Henzinger, Rupak Majumdar, Andrey
// Rybalchenko: "Path Invariants", PLDI 2007.
int unknown1();

/*@ 
    requires 0 <= n && n < 1000000;
*/
int svcomp_4(int n, int i, int a, int b) {
    i = 0; a = 0; b = 0;
    
    /*@
        loop assigns i;
        loop assigns b;
        loop assigns a;
    */
    while (i < n) {
        if (unknown1()) {
            a = a + 1;
            b = b + 2;
        } else {
            a = a + 2;
            b = b + 1;
        }
        i = i + 1;
    }

    //@ assert a + b == 3 * n;
    return 0;
}

------------------------
----------Prompt----------

// bhmr2007_true-unreach-call.c
// Source: Dirk Beyer, Thomas A. Henzinger, Rupak Majumdar, Andrey
// Rybalchenko: "Path Invariants", PLDI 2007.
int unknown1();

/*@ 
    requires 0 <= n && n < 1000000;
*/
int svcomp_4(int n, int i, int a, int b) {
    i = 0; a = 0; b = 0;
    
    // Loop A
    /*@
        [Hint] Please infer the loop invariant for the following loop.

        loop assigns i;
        loop assigns b;
        loop assigns a;
    */
    while (i < n) {
        if (unknown1()) {
            a = a + 1;
            b = b + 2;
        } else {
            a = a + 2;
            b = b + 1;
        }
        i = i + 1;
    }

    //@ assert a + b == 3 * n;
    return 0;
}

You are an expert in program verification, and please generate loop invariant as C annotation comments at the hint location (annotated by "[Hint] Please infer the loop invariant for the following loop.") using ACSL language.
ACSL is a specification language for C programs that conforms to the design by contract paradigm, utilizing Hoare style pre- and postconditions and invariants. Note that the `loop invariant` clause is a condition that is true at the beginning and end of every loop iteration.
Specifically, for the current verification task:
    - Pre-condition: the function's `requires` clauses
    - Post-condition: 1:a + b == 3 * n; 
Please verify that the generated loop invariant is consistent with these constraints. If these specific pre- or post-conditions are not provided or empty, please infer the loop invariant strictly based on the program's execution logic and standard correctness.
In order to get a correct answer, You may want to consider both the situation of not entering the loop and the situation of jumping out of the loop. If some of the pre-conditions are also loop invariant, you need to add them to your answer as well.
Use '&&', '||', '==>', '\forall' or '\exists' if necessary. For instance:
```
loop invariant 1 <= x;
loop invariant x == y;
loop invariant 0 < x ==> y <= z;
loop invariant z % 2 == 1 || x == y;
loop invariant z % 2 == 1 && x <= y;
loop invariant \forall integer k;  0 <= k < i ==> max >=  a[k];
loop invariant \exists integer k;  0 <= k < i &&  max == a[k];
loop invariant \forall integer p; 0 <= p < \at(k, End_l) ==> res[p] == \at(res[p], End_l);
```
Your answer should follow the following format:
```
loop invariant ...;
loop invariant ...;
...
```
No explanation. No commentary. Just show me the loop invariant.
 /no_think
--------------------------
----------Response----------
[unused16][unused17]loop invariant 0 <= i <= n;
loop invariant a + b == 3 * i;
```loop invariant 0 <= i <= n && a + b == 3 * i;;
```
----------------------------
------------Invariant Info-----------
LOOP A:
i_0: 0 <= i <= n
i_1: a + b == 3 * i
i_2: 0 <= i <= n && a + b == 3 * i
------------------------------------
----------Code with Invariants----------
// bhmr2007_true-unreach-call.c
// Source: Dirk Beyer, Thomas A. Henzinger, Rupak Majumdar, Andrey
// Rybalchenko: "Path Invariants", PLDI 2007.
int unknown1();

/*@ 
    requires 0 <= n && n < 1000000;
*/
int svcomp_4(int n, int i, int a, int b) {
    i = 0; a = 0; b = 0;
    
    // Loop A
    /*@
        loop invariant i_0: 0 <= i <= n;

        loop invariant i_1: a + b == 3 * i;

        loop invariant i_2: 0 <= i <= n && a + b == 3 * i;


        loop assigns i;
        loop assigns b;
        loop assigns a;
    */
    while (i < n) {
        if (unknown1()) {
            a = a + 1;
            b = b + 2;
        } else {
            a = a + 2;
            b = b + 1;
        }
        i = i + 1;
    }

    //@ assert a + b == 3 * n;
    return 0;
}

----------------------------------------
---------Result---------
Success
Model: openPangu-Embedded-7B-V1.1
Running time: 7.1437742710113525
Proposal number: 1
Verified code:
// bhmr2007_true-unreach-call.c
// Source: Dirk Beyer, Thomas A. Henzinger, Rupak Majumdar, Andrey
// Rybalchenko: "Path Invariants", PLDI 2007.
int unknown1();

/*@ 
    requires 0 <= n && n < 1000000;
*/
int svcomp_4(int n, int i, int a, int b) {
    i = 0; a = 0; b = 0;
    
    // Loop A
    /*@
        loop invariant i_0: 0 <= i <= n;

        loop invariant i_1: a + b == 3 * i;

        loop invariant i_2: 0 <= i <= n && a + b == 3 * i;


        loop assigns i;
        loop assigns b;
        loop assigns a;
    */
    while (i < n) {
        if (unknown1()) {
            a = a + 1;
            b = b + 2;
        } else {
            a = a + 2;
            b = b + 1;
        }
        i = i + 1;
    }

    //@ assert a + b == 3 * n;
    return 0;
}

------------------------
