-----------Model-----------
Model type:
PanguEmbeddedForCausalLM(
  (model): PanguEmbeddedModel(
    (embed_tokens): Embedding(153376, 4096, padding_idx=0)
    (layers): ModuleList(
      (0-33): 34 x PanguEmbeddedDecoderLayer(
        (self_attn): PanguEmbeddedAttention(
          (q_proj): Linear(in_features=4096, out_features=4096, bias=True)
          (k_proj): Linear(in_features=4096, out_features=1024, bias=True)
          (v_proj): Linear(in_features=4096, out_features=1024, bias=True)
          (o_proj): Linear(in_features=4096, out_features=4096, bias=True)
        )
        (mlp): PanguEmbeddedMLP(
          (gate_proj): Linear(in_features=4096, out_features=12800, bias=False)
          (up_proj): Linear(in_features=4096, out_features=12800, bias=False)
          (down_proj): Linear(in_features=12800, out_features=4096, bias=False)
          (act_fn): SiLU()
        )
        (input_layernorm): PanguEmbeddedRMSNorm((4096,), eps=1e-05)
        (post_attention_layernorm): PanguEmbeddedRMSNorm((4096,), eps=1e-05)
      )
    )
    (norm): PanguEmbeddedRMSNorm((4096,), eps=1e-05)
    (rotary_emb): PanguEmbeddedRotaryEmbedding()
  )
  (lm_head): Linear(in_features=4096, out_features=153376, bias=False)
)
Model device:
npu:1
---------------------------
File Path: ../Benchmark/OOPSLA/oopsla_15.c
----------Code----------
#include <assert.h>
int unknown1();
int unknown2();
int unknown3();
int unknown4();

/*
 * from Invgen test suite
 */
/*@
    requires n > 0;
    requires k > n;
*/
void oopsla_15(int n, int k) {

    int i, j;

    j = 0;
    /*@
    loop assigns k;
    loop assigns j;
    */
    while( j < n ) {
        j++;
        k--;
    } 

    //@ assert  a_1: k>=0;
}

------------------------
========== Attempt 1 ==========
----------Prompt----------

#include <assert.h>
int unknown1();
int unknown2();
int unknown3();
int unknown4();

/*
 * from Invgen test suite
 */
/*@
    requires n > 0;
    requires k > n;
*/
void oopsla_15(int n, int k) {

    int i, j;

    j = 0;
// Loop A
    /*@
    [Hint] Please infer the loop invariant for the following loop.

    loop assigns k;
    loop assigns j;
    */
    while( j < n ) {
        j++;
        k--;
    } 

    //@ assert  a_1: k>=0;
}

You are an expert in program verification, and please generate loop invariant as C annotation comments at the hint location (annotated by "[Hint] Please infer the loop invariant for the following loop.") using ACSL language.
ACSL is a specification language for C programs that conforms to the design by contract paradigm, utilizing Hoare style pre- and postconditions and invariants. Note that the `loop invariant` clause is a condition that is true at the beginning and end of every loop iteration.
Specifically, for the current verification task:
    - Pre-condition: the function's `requires` clauses
    - Post-condition: a_1:k>=0; 
Please verify that the generated loop invariant is consistent with these constraints. If these specific pre- or post-conditions are not provided or empty, please infer the loop invariant strictly based on the program's execution logic and standard correctness.
In order to get a correct answer, You may want to consider both the situation of not entering the loop and the situation of jumping out of the loop. If some of the pre-conditions are also loop invariant, you need to add them to your answer as well.
Use '&&', '||', '==>', '\forall' or '\exists' if necessary. For instance:
```
loop invariant 1 <= x;
loop invariant x == y;
loop invariant 0 < x ==> y <= z;
loop invariant z % 2 == 1 || x == y;
loop invariant z % 2 == 1 && x <= y;
loop invariant \forall integer k;  0 <= k < i ==> max >=  a[k];
loop invariant \exists integer k;  0 <= k < i &&  max == a[k];
loop invariant \forall integer p; 0 <= p < \at(k, End_l) ==> res[p] == \at(res[p], End_l);
```
Your answer should follow the following format:
```
loop invariant ...;
loop invariant ...;
...
```
No explanation. No commentary. Just show me the loop invariant.
 /no_think
--------------------------
----------Response----------
[unused16][unused17]loop invariant j < n;
loop invariant k >= 0;
```
----------------------------
------------Invariant Info-----------
LOOP A:
i_0: j < n
i_1: k >= 0
------------------------------------
---------- Code with Invariants ----------
#include <assert.h>
int unknown1();
int unknown2();
int unknown3();
int unknown4();

/*
 * from Invgen test suite
 */
/*@
    requires n > 0;
    requires k > n;
*/
void oopsla_15(int n, int k) {

    int i, j;

    j = 0;
// Loop A
    /*@
    loop invariant i_0: j < n;

    loop invariant i_1: k >= 0;


    loop assigns k;
    loop assigns j;
    */
    while( j < n ) {
        j++;
        k--;
    } 

    //@ assert  a_1: k>=0;
}

------------------------------------------
Verification failed (Fail_5_7), removing all invariants and retrying.
========== Attempt 2 ==========
----------Prompt----------

#include <assert.h>
int unknown1();
int unknown2();
int unknown3();
int unknown4();

/*
 * from Invgen test suite
 */
/*@
    requires n > 0;
    requires k > n;
*/
void oopsla_15(int n, int k) {

    int i, j;

    j = 0;
// Loop A
    /*@
    [Hint] Please infer the loop invariant for the following loop.

    loop assigns k;
    loop assigns j;
    */
    while( j < n ) {
        j++;
        k--;
    } 

    //@ assert  a_1: k>=0;
}

You are an expert in program verification, and please generate loop invariant as C annotation comments at the hint location (annotated by "[Hint] Please infer the loop invariant for the following loop.") using ACSL language.
ACSL is a specification language for C programs that conforms to the design by contract paradigm, utilizing Hoare style pre- and postconditions and invariants. Note that the `loop invariant` clause is a condition that is true at the beginning and end of every loop iteration.
Specifically, for the current verification task:
    - Pre-condition: the function's `requires` clauses
    - Post-condition: a_1:k>=0; 
Please verify that the generated loop invariant is consistent with these constraints. If these specific pre- or post-conditions are not provided or empty, please infer the loop invariant strictly based on the program's execution logic and standard correctness.
In order to get a correct answer, You may want to consider both the situation of not entering the loop and the situation of jumping out of the loop. If some of the pre-conditions are also loop invariant, you need to add them to your answer as well.
Use '&&', '||', '==>', '\forall' or '\exists' if necessary. For instance:
```
loop invariant 1 <= x;
loop invariant x == y;
loop invariant 0 < x ==> y <= z;
loop invariant z % 2 == 1 || x == y;
loop invariant z % 2 == 1 && x <= y;
loop invariant \forall integer k;  0 <= k < i ==> max >=  a[k];
loop invariant \exists integer k;  0 <= k < i &&  max == a[k];
loop invariant \forall integer p; 0 <= p < \at(k, End_l) ==> res[p] == \at(res[p], End_l);
```
Your answer should follow the following format:
```
loop invariant ...;
loop invariant ...;
...
```
No explanation. No commentary. Just show me the loop invariant.
 /no_think
--------------------------
----------Response----------
[unused16][unused17]loop invariant j <= n && j >= 0;
loop invariant k >= 0 && k <= n;
loop invariant j + k == n;
----------------------------
------------Invariant Info-----------
LOOP A:
i_2: j <= n && j >= 0
i_3: k >= 0 && k <= n
i_4: j + k == n
------------------------------------
---------- Code with Invariants ----------
#include <assert.h>
int unknown1();
int unknown2();
int unknown3();
int unknown4();

/*
 * from Invgen test suite
 */
/*@
    requires n > 0;
    requires k > n;
*/
void oopsla_15(int n, int k) {

    int i, j;

    j = 0;
// Loop A
    /*@
    loop invariant i_2: j <= n && j >= 0;

    loop invariant i_3: k >= 0 && k <= n;

    loop invariant i_4: j + k == n;


    loop assigns k;
    loop assigns j;
    */
    while( j < n ) {
        j++;
        k--;
    } 

    //@ assert  a_1: k>=0;
}

------------------------------------------
Verification failed (Fail_8_9), removing all invariants and retrying.
========== Attempt 3 ==========
----------Prompt----------

#include <assert.h>
int unknown1();
int unknown2();
int unknown3();
int unknown4();

/*
 * from Invgen test suite
 */
/*@
    requires n > 0;
    requires k > n;
*/
void oopsla_15(int n, int k) {

    int i, j;

    j = 0;
// Loop A
    /*@
    [Hint] Please infer the loop invariant for the following loop.

    loop assigns k;
    loop assigns j;
    */
    while( j < n ) {
        j++;
        k--;
    } 

    //@ assert  a_1: k>=0;
}

You are an expert in program verification, and please generate loop invariant as C annotation comments at the hint location (annotated by "[Hint] Please infer the loop invariant for the following loop.") using ACSL language.
ACSL is a specification language for C programs that conforms to the design by contract paradigm, utilizing Hoare style pre- and postconditions and invariants. Note that the `loop invariant` clause is a condition that is true at the beginning and end of every loop iteration.
Specifically, for the current verification task:
    - Pre-condition: the function's `requires` clauses
    - Post-condition: a_1:k>=0; 
Please verify that the generated loop invariant is consistent with these constraints. If these specific pre- or post-conditions are not provided or empty, please infer the loop invariant strictly based on the program's execution logic and standard correctness.
In order to get a correct answer, You may want to consider both the situation of not entering the loop and the situation of jumping out of the loop. If some of the pre-conditions are also loop invariant, you need to add them to your answer as well.
Use '&&', '||', '==>', '\forall' or '\exists' if necessary. For instance:
```
loop invariant 1 <= x;
loop invariant x == y;
loop invariant 0 < x ==> y <= z;
loop invariant z % 2 == 1 || x == y;
loop invariant z % 2 == 1 && x <= y;
loop invariant \forall integer k;  0 <= k < i ==> max >=  a[k];
loop invariant \exists integer k;  0 <= k < i &&  max == a[k];
loop invariant \forall integer p; 0 <= p < \at(k, End_l) ==> res[p] == \at(res[p], End_l);
```
Your answer should follow the following format:
```
loop invariant ...;
loop invariant ...;
...
```
No explanation. No commentary. Just show me the loop invariant.
 /no_think
--------------------------
----------Response----------
[unused16][unused17]loop invariant j <= n;
loop invariant k >= 0;
```
----------------------------
------------Invariant Info-----------
LOOP A:
i_5: j <= n
i_6: k >= 0
------------------------------------
---------- Code with Invariants ----------
#include <assert.h>
int unknown1();
int unknown2();
int unknown3();
int unknown4();

/*
 * from Invgen test suite
 */
/*@
    requires n > 0;
    requires k > n;
*/
void oopsla_15(int n, int k) {

    int i, j;

    j = 0;
// Loop A
    /*@
    loop invariant i_5: j <= n;

    loop invariant i_6: k >= 0;


    loop assigns k;
    loop assigns j;
    */
    while( j < n ) {
        j++;
        k--;
    } 

    //@ assert  a_1: k>=0;
}

------------------------------------------
Verification failed (Fail_6_7), removing all invariants and retrying.
========== Attempt 4 ==========
----------Prompt----------

#include <assert.h>
int unknown1();
int unknown2();
int unknown3();
int unknown4();

/*
 * from Invgen test suite
 */
/*@
    requires n > 0;
    requires k > n;
*/
void oopsla_15(int n, int k) {

    int i, j;

    j = 0;
// Loop A
    /*@
    [Hint] Please infer the loop invariant for the following loop.

    loop assigns k;
    loop assigns j;
    */
    while( j < n ) {
        j++;
        k--;
    } 

    //@ assert  a_1: k>=0;
}

You are an expert in program verification, and please generate loop invariant as C annotation comments at the hint location (annotated by "[Hint] Please infer the loop invariant for the following loop.") using ACSL language.
ACSL is a specification language for C programs that conforms to the design by contract paradigm, utilizing Hoare style pre- and postconditions and invariants. Note that the `loop invariant` clause is a condition that is true at the beginning and end of every loop iteration.
Specifically, for the current verification task:
    - Pre-condition: the function's `requires` clauses
    - Post-condition: a_1:k>=0; 
Please verify that the generated loop invariant is consistent with these constraints. If these specific pre- or post-conditions are not provided or empty, please infer the loop invariant strictly based on the program's execution logic and standard correctness.
In order to get a correct answer, You may want to consider both the situation of not entering the loop and the situation of jumping out of the loop. If some of the pre-conditions are also loop invariant, you need to add them to your answer as well.
Use '&&', '||', '==>', '\forall' or '\exists' if necessary. For instance:
```
loop invariant 1 <= x;
loop invariant x == y;
loop invariant 0 < x ==> y <= z;
loop invariant z % 2 == 1 || x == y;
loop invariant z % 2 == 1 && x <= y;
loop invariant \forall integer k;  0 <= k < i ==> max >=  a[k];
loop invariant \exists integer k;  0 <= k < i &&  max == a[k];
loop invariant \forall integer p; 0 <= p < \at(k, End_l) ==> res[p] == \at(res[p], End_l);
```
Your answer should follow the following format:
```
loop invariant ...;
loop invariant ...;
...
```
No explanation. No commentary. Just show me the loop invariant.
 /no_think
--------------------------
----------Response----------
[unused16][unused17]loop invariant j <= n;
loop invariant k >= 0;
```
----------------------------
------------Invariant Info-----------
LOOP A:
i_7: j <= n
i_8: k >= 0
------------------------------------
---------- Code with Invariants ----------
#include <assert.h>
int unknown1();
int unknown2();
int unknown3();
int unknown4();

/*
 * from Invgen test suite
 */
/*@
    requires n > 0;
    requires k > n;
*/
void oopsla_15(int n, int k) {

    int i, j;

    j = 0;
// Loop A
    /*@
    loop invariant i_7: j <= n;

    loop invariant i_8: k >= 0;


    loop assigns k;
    loop assigns j;
    */
    while( j < n ) {
        j++;
        k--;
    } 

    //@ assert  a_1: k>=0;
}

------------------------------------------
Verification failed (Fail_6_7), removing all invariants and retrying.
========== Attempt 5 ==========
----------Prompt----------

#include <assert.h>
int unknown1();
int unknown2();
int unknown3();
int unknown4();

/*
 * from Invgen test suite
 */
/*@
    requires n > 0;
    requires k > n;
*/
void oopsla_15(int n, int k) {

    int i, j;

    j = 0;
// Loop A
    /*@
    [Hint] Please infer the loop invariant for the following loop.

    loop assigns k;
    loop assigns j;
    */
    while( j < n ) {
        j++;
        k--;
    } 

    //@ assert  a_1: k>=0;
}

You are an expert in program verification, and please generate loop invariant as C annotation comments at the hint location (annotated by "[Hint] Please infer the loop invariant for the following loop.") using ACSL language.
ACSL is a specification language for C programs that conforms to the design by contract paradigm, utilizing Hoare style pre- and postconditions and invariants. Note that the `loop invariant` clause is a condition that is true at the beginning and end of every loop iteration.
Specifically, for the current verification task:
    - Pre-condition: the function's `requires` clauses
    - Post-condition: a_1:k>=0; 
Please verify that the generated loop invariant is consistent with these constraints. If these specific pre- or post-conditions are not provided or empty, please infer the loop invariant strictly based on the program's execution logic and standard correctness.
In order to get a correct answer, You may want to consider both the situation of not entering the loop and the situation of jumping out of the loop. If some of the pre-conditions are also loop invariant, you need to add them to your answer as well.
Use '&&', '||', '==>', '\forall' or '\exists' if necessary. For instance:
```
loop invariant 1 <= x;
loop invariant x == y;
loop invariant 0 < x ==> y <= z;
loop invariant z % 2 == 1 || x == y;
loop invariant z % 2 == 1 && x <= y;
loop invariant \forall integer k;  0 <= k < i ==> max >=  a[k];
loop invariant \exists integer k;  0 <= k < i &&  max == a[k];
loop invariant \forall integer p; 0 <= p < \at(k, End_l) ==> res[p] == \at(res[p], End_l);
```
Your answer should follow the following format:
```
loop invariant ...;
loop invariant ...;
...
```
No explanation. No commentary. Just show me the loop invariant.
 /no_think
--------------------------
----------Response----------
[unused16][unused17]loop invariant j < n;
loop invariant j <= n - 1;
loop invariant k >= 0;
```
----------------------------
------------Invariant Info-----------
LOOP A:
i_9: j < n
i_10: j <= n - 1
i_11: k >= 0
------------------------------------
---------- Code with Invariants ----------
#include <assert.h>
int unknown1();
int unknown2();
int unknown3();
int unknown4();

/*
 * from Invgen test suite
 */
/*@
    requires n > 0;
    requires k > n;
*/
void oopsla_15(int n, int k) {

    int i, j;

    j = 0;
// Loop A
    /*@
    loop invariant i_9: j < n;

    loop invariant i_10: j <= n - 1;

    loop invariant i_11: k >= 0;


    loop assigns k;
    loop assigns j;
    */
    while( j < n ) {
        j++;
        k--;
    } 

    //@ assert  a_1: k>=0;
}

------------------------------------------
Verification failed (Fail_7_9), removing all invariants and retrying.
Verification failed: reached maximum attempts.
---------Result---------
Fail
Model: openPangu-Embedded-7B-V1.1
Running time: 74.20365071296692
Proposal number: 5
Verified code:

------------------------
