-----------Model-----------
Model type:
PanguEmbeddedForCausalLM(
  (model): PanguEmbeddedModel(
    (embed_tokens): Embedding(153376, 4096, padding_idx=0)
    (layers): ModuleList(
      (0-33): 34 x PanguEmbeddedDecoderLayer(
        (self_attn): PanguEmbeddedAttention(
          (q_proj): Linear(in_features=4096, out_features=4096, bias=True)
          (k_proj): Linear(in_features=4096, out_features=1024, bias=True)
          (v_proj): Linear(in_features=4096, out_features=1024, bias=True)
          (o_proj): Linear(in_features=4096, out_features=4096, bias=True)
        )
        (mlp): PanguEmbeddedMLP(
          (gate_proj): Linear(in_features=4096, out_features=12800, bias=False)
          (up_proj): Linear(in_features=4096, out_features=12800, bias=False)
          (down_proj): Linear(in_features=12800, out_features=4096, bias=False)
          (act_fn): SiLU()
        )
        (input_layernorm): PanguEmbeddedRMSNorm((4096,), eps=1e-05)
        (post_attention_layernorm): PanguEmbeddedRMSNorm((4096,), eps=1e-05)
      )
    )
    (norm): PanguEmbeddedRMSNorm((4096,), eps=1e-05)
    (rotary_emb): PanguEmbeddedRotaryEmbedding()
  )
  (lm_head): Linear(in_features=4096, out_features=153376, bias=False)
)
Model device:
npu:1
---------------------------
File Path: ../Benchmark/acsl-algorithms/_string_same_judge.c
----------Code----------
/*@
    predicate string_same(char* t, char* p, integer n, integer m, integer match) =
        n < m || \forall integer k; 0 <= k < m ==> p[k] == t[match + k];
*/

/*@
    requires \valid_read(t);
    requires \valid_read(p);
    requires \valid(t + (0..n - 1));
    requires \valid(p + (0..m - 1));
    requires \separated(&t[0..(n - 1)], &p[0..(m - 1)]);
    requires n > 0;
    requires m > 0;
    assigns \nothing;
    ensures e_1: \result == 1 ==> string_same(t, p, n, m, match);
*/
int _string_same_judge(char* t, char* p, int n, int m, int match){
    /*@
        loop assigns j;
    */
    for (int j = 0; j < m; j++){
        if (p[j] == t[match + j]) {
            continue;
        }
        else{
            return 0;
        }
    }
    return 1;
}

------------------------
----------Prompt----------

/*@
    predicate string_same(char* t, char* p, integer n, integer m, integer match) =
        n < m || \forall integer k; 0 <= k < m ==> p[k] == t[match + k];
*/

/*@
    requires \valid_read(t);
    requires \valid_read(p);
    requires \valid(t + (0..n - 1));
    requires \valid(p + (0..m - 1));
    requires \separated(&t[0..(n - 1)], &p[0..(m - 1)]);
    requires n > 0;
    requires m > 0;
    assigns \nothing;
    ensures e_1: \result == 1 ==> string_same(t, p, n, m, match);
*/
int _string_same_judge(char* t, char* p, int n, int m, int match){
    // Loop A
    /*@
        [Hint] Please infer the loop invariant for the following loop.

        loop assigns j;
    */
    for (int j = 0; j < m; j++){
        if (p[j] == t[match + j]) {
            continue;
        }
        else{
            return 0;
        }
    }
    return 1;
}

You are an expert in program verification, and please generate loop invariant as C annotation comments at the hint location (annotated by "[Hint] Please infer the loop invariant for the following loop.") using ACSL language.
ACSL is a specification language for C programs that conforms to the design by contract paradigm, utilizing Hoare style pre- and postconditions and invariants. Note that the `loop invariant` clause is a condition that is true at the beginning and end of every loop iteration.
Specifically, for the current verification task:
    - Pre-condition: the function's `requires` clauses
    - Post-condition: e_1:\result == 1 ==> string_same(t, p, n, m, match); 
Please verify that the generated loop invariant is consistent with these constraints. If these specific pre- or post-conditions are not provided or empty, please infer the loop invariant strictly based on the program's execution logic and standard correctness.
In order to get a correct answer, You may want to consider both the situation of not entering the loop and the situation of jumping out of the loop. If some of the pre-conditions are also loop invariant, you need to add them to your answer as well.
Use '&&', '||', '==>', '\forall' or '\exists' if necessary. For instance:
```
loop invariant 1 <= x;
loop invariant x == y;
loop invariant 0 < x ==> y <= z;
loop invariant z % 2 == 1 || x == y;
loop invariant z % 2 == 1 && x <= y;
loop invariant \forall integer k;  0 <= k < i ==> max >=  a[k];
loop invariant \exists integer k;  0 <= k < i &&  max == a[k];
loop invariant \forall integer p; 0 <= p < \at(k, End_l) ==> res[p] == \at(res[p], End_l);
```
Your answer should follow the following format:
```
loop invariant ...;
loop invariant ...;
...
```
No explanation. No commentary. Just show me the loop invariant.
 /no_think
--------------------------
----------Response----------
[unused16][unused17]```
loop invariant j < m;
loop invariant \forall integer k; 0 <= k < j ==> p[k] == t[match + k];
```
----------------------------
------------Invariant Info-----------
LOOP A:
i_0: j < m
i_1: \forall integer k; 0 <= k < j ==> p[k] == t[match + k]
------------------------------------
----------Code with Invariants----------
/*@
    predicate string_same(char* t, char* p, integer n, integer m, integer match) =
        n < m || \forall integer k; 0 <= k < m ==> p[k] == t[match + k];
*/

/*@
    requires \valid_read(t);
    requires \valid_read(p);
    requires \valid(t + (0..n - 1));
    requires \valid(p + (0..m - 1));
    requires \separated(&t[0..(n - 1)], &p[0..(m - 1)]);
    requires n > 0;
    requires m > 0;
    assigns \nothing;
    ensures e_1: \result == 1 ==> string_same(t, p, n, m, match);
*/
int _string_same_judge(char* t, char* p, int n, int m, int match){
    // Loop A
    /*@
        loop invariant i_0: j < m;

        loop invariant i_1: \forall integer k; 0 <= k < j ==> p[k] == t[match + k];


        loop assigns j;
    */
    for (int j = 0; j < m; j++){
        if (p[j] == t[match + j]) {
            continue;
        }
        else{
            return 0;
        }
    }
    return 1;
}

----------------------------------------
----------Begin Revise----------
-------------Preservation_self: i_0: preservation---------------
----------Prompt----------

/*@
    predicate string_same(char* t, char* p, integer n, integer m, integer match) =
        n < m || \forall integer k; 0 <= k < m ==> p[k] == t[match + k];
*/

/*@
    requires \valid_read(t);
    requires \valid_read(p);
    requires \valid(t + (0..n - 1));
    requires \valid(p + (0..m - 1));
    requires \separated(&t[0..(n - 1)], &p[0..(m - 1)]);
    requires n > 0;
    requires m > 0;
    assigns \nothing;
    ensures e_1: \result == 1 ==> string_same(t, p, n, m, match);
*/
int _string_same_judge(char* t, char* p, int n, int m, int match){
    // Loop A
    /*@
        [Hint] Invariant j < m not preserved in this loop. Fix or supplement invariants.

        loop invariant i_0: j < m;

        loop invariant i_1: \forall integer k; 0 <= k < j ==> p[k] == t[match + k];


        loop assigns j;
    */
    for (int j = 0; j < m; j++){
        if (p[j] == t[match + j]) {
            continue;
        }
        else{
            return 0;
        }
    }
    return 1;
}

You are an expert in deductive program verification using ACSL and Frama-C.
[Unprovable Invariant] j < m
The above loop invariant of loop "A" fails the preservation (inductive) condition:
after executing one iteration of the loop body, the invariant cannot be re-established.
[Loop Body]
if (p[j] == t[match + j]) { continue; else{ return 0; j++;
This failure indicates that the current invariant may be incorrect or incomplete.  
There are two typical causes:
  1) The invariant is logically incorrect, so it does not hold after the loop body executes once.
     - In this case, you must adjust the invariant so that it is preserved by the loop body.
  2) The invariant is insufficient, i.e., it misses essential supporting conditions needed to re-establish itself.
     - In this case, you must introduce additional invariants so that the whole set becomes inductive.
Your task is to produce the corrected and/or auxiliary invariants that make the preservation step succeed.
IMPORTANT RULES:
1. You MUST NOT output any of the original invariants already in the code. Only output the new or modified invariants.
2. All invariants you produce must satisfy:
   - Establishment: they hold on loop entry.
   - Preservation: after executing the loop body exactly once, the invariant still holds.
   - Zero-iteration case: the invariant is valid even if the loop never executes.
3. The answer must follow this format exactly:
   ```
   loop invariant ...;
   loop invariant ...;
   ...
   ```
4. All invariants must follow ACSL syntax and be valid loop invariants.
5. No explanation. No commentary. Just show me the loop invariant.
 /no_think
--------------------------
----------Response----------
[unused16][unused17]```
loop invariant j < m;
loop invariant \forall integer k; 0 <= k < j ==> p[k] == t[match + k];
```
----------------------------
--------------------------------
------------Invariant Info-----------
LOOP A:
i_0: j < m
i_1: \forall integer k; 0 <= k < j ==> p[k] == t[match + k]
------------------------------------
----------Code with Invariants----------
/*@
    predicate string_same(char* t, char* p, integer n, integer m, integer match) =
        n < m || \forall integer k; 0 <= k < m ==> p[k] == t[match + k];
*/

/*@
    requires \valid_read(t);
    requires \valid_read(p);
    requires \valid(t + (0..n - 1));
    requires \valid(p + (0..m - 1));
    requires \separated(&t[0..(n - 1)], &p[0..(m - 1)]);
    requires n > 0;
    requires m > 0;
    assigns \nothing;
    ensures e_1: \result == 1 ==> string_same(t, p, n, m, match);
*/
int _string_same_judge(char* t, char* p, int n, int m, int match){
    // Loop A
    /*@
        loop invariant i_0: j < m;

        loop invariant i_1: \forall integer k; 0 <= k < j ==> p[k] == t[match + k];


        loop assigns j;
    */
    for (int j = 0; j < m; j++){
        if (p[j] == t[match + j]) {
            continue;
        }
        else{
            return 0;
        }
    }
    return 1;
}

----------------------------------------
----------Begin Revise----------
-------------Preservation_self: i_0: preservation---------------
----------Prompt----------

/*@
    predicate string_same(char* t, char* p, integer n, integer m, integer match) =
        n < m || \forall integer k; 0 <= k < m ==> p[k] == t[match + k];
*/

/*@
    requires \valid_read(t);
    requires \valid_read(p);
    requires \valid(t + (0..n - 1));
    requires \valid(p + (0..m - 1));
    requires \separated(&t[0..(n - 1)], &p[0..(m - 1)]);
    requires n > 0;
    requires m > 0;
    assigns \nothing;
    ensures e_1: \result == 1 ==> string_same(t, p, n, m, match);
*/
int _string_same_judge(char* t, char* p, int n, int m, int match){
    // Loop A
    /*@
        [Hint] Invariant j < m not preserved in this loop. Fix or supplement invariants.

        loop invariant i_0: j < m;

        loop invariant i_1: \forall integer k; 0 <= k < j ==> p[k] == t[match + k];


        loop assigns j;
    */
    for (int j = 0; j < m; j++){
        if (p[j] == t[match + j]) {
            continue;
        }
        else{
            return 0;
        }
    }
    return 1;
}

You are an expert in deductive program verification using ACSL and Frama-C.
[Unprovable Invariant] j < m
The above loop invariant of loop "A" fails the preservation (inductive) condition:
after executing one iteration of the loop body, the invariant cannot be re-established.
[Loop Body]
if (p[j] == t[match + j]) { continue; else{ return 0; j++;
This failure indicates that the current invariant may be incorrect or incomplete.  
There are two typical causes:
  1) The invariant is logically incorrect, so it does not hold after the loop body executes once.
     - In this case, you must adjust the invariant so that it is preserved by the loop body.
  2) The invariant is insufficient, i.e., it misses essential supporting conditions needed to re-establish itself.
     - In this case, you must introduce additional invariants so that the whole set becomes inductive.
Your task is to produce the corrected and/or auxiliary invariants that make the preservation step succeed.
IMPORTANT RULES:
1. You MUST NOT output any of the original invariants already in the code. Only output the new or modified invariants.
2. All invariants you produce must satisfy:
   - Establishment: they hold on loop entry.
   - Preservation: after executing the loop body exactly once, the invariant still holds.
   - Zero-iteration case: the invariant is valid even if the loop never executes.
3. The answer must follow this format exactly:
   ```
   loop invariant ...;
   loop invariant ...;
   ...
   ```
4. All invariants must follow ACSL syntax and be valid loop invariants.
5. No explanation. No commentary. Just show me the loop invariant.
 /no_think
--------------------------
----------Response----------
[unused16][unused17]```
loop invariant j < m;
loop invariant \forall integer k; 0 <= k < j ==> p[k] == t[match + k];
```
----------------------------
--------------------------------
------------Invariant Info-----------
LOOP A:
i_0: j < m
i_1: \forall integer k; 0 <= k < j ==> p[k] == t[match + k]
------------------------------------
----------Code with Invariants----------
/*@
    predicate string_same(char* t, char* p, integer n, integer m, integer match) =
        n < m || \forall integer k; 0 <= k < m ==> p[k] == t[match + k];
*/

/*@
    requires \valid_read(t);
    requires \valid_read(p);
    requires \valid(t + (0..n - 1));
    requires \valid(p + (0..m - 1));
    requires \separated(&t[0..(n - 1)], &p[0..(m - 1)]);
    requires n > 0;
    requires m > 0;
    assigns \nothing;
    ensures e_1: \result == 1 ==> string_same(t, p, n, m, match);
*/
int _string_same_judge(char* t, char* p, int n, int m, int match){
    // Loop A
    /*@
        loop invariant i_0: j < m;

        loop invariant i_1: \forall integer k; 0 <= k < j ==> p[k] == t[match + k];


        loop assigns j;
    */
    for (int j = 0; j < m; j++){
        if (p[j] == t[match + j]) {
            continue;
        }
        else{
            return 0;
        }
    }
    return 1;
}

----------------------------------------
----------Begin Revise----------
-------------Preservation_self: i_0: preservation---------------
----------Prompt----------

/*@
    predicate string_same(char* t, char* p, integer n, integer m, integer match) =
        n < m || \forall integer k; 0 <= k < m ==> p[k] == t[match + k];
*/

/*@
    requires \valid_read(t);
    requires \valid_read(p);
    requires \valid(t + (0..n - 1));
    requires \valid(p + (0..m - 1));
    requires \separated(&t[0..(n - 1)], &p[0..(m - 1)]);
    requires n > 0;
    requires m > 0;
    assigns \nothing;
    ensures e_1: \result == 1 ==> string_same(t, p, n, m, match);
*/
int _string_same_judge(char* t, char* p, int n, int m, int match){
    // Loop A
    /*@
        [Hint] Invariant j < m not preserved in this loop. Fix or supplement invariants.

        loop invariant i_0: j < m;

        loop invariant i_1: \forall integer k; 0 <= k < j ==> p[k] == t[match + k];


        loop assigns j;
    */
    for (int j = 0; j < m; j++){
        if (p[j] == t[match + j]) {
            continue;
        }
        else{
            return 0;
        }
    }
    return 1;
}

You are an expert in deductive program verification using ACSL and Frama-C.
[Unprovable Invariant] j < m
The above loop invariant of loop "A" fails the preservation (inductive) condition:
after executing one iteration of the loop body, the invariant cannot be re-established.
[Loop Body]
if (p[j] == t[match + j]) { continue; else{ return 0; j++;
This failure indicates that the current invariant may be incorrect or incomplete.  
There are two typical causes:
  1) The invariant is logically incorrect, so it does not hold after the loop body executes once.
     - In this case, you must adjust the invariant so that it is preserved by the loop body.
  2) The invariant is insufficient, i.e., it misses essential supporting conditions needed to re-establish itself.
     - In this case, you must introduce additional invariants so that the whole set becomes inductive.
Your task is to produce the corrected and/or auxiliary invariants that make the preservation step succeed.
IMPORTANT RULES:
1. You MUST NOT output any of the original invariants already in the code. Only output the new or modified invariants.
2. All invariants you produce must satisfy:
   - Establishment: they hold on loop entry.
   - Preservation: after executing the loop body exactly once, the invariant still holds.
   - Zero-iteration case: the invariant is valid even if the loop never executes.
3. The answer must follow this format exactly:
   ```
   loop invariant ...;
   loop invariant ...;
   ...
   ```
4. All invariants must follow ACSL syntax and be valid loop invariants.
5. No explanation. No commentary. Just show me the loop invariant.
 /no_think
--------------------------
----------Response----------
[unused16][unused17]```
loop invariant j < m;
loop invariant \forall integer k; 0 <= k < j ==> p[k] == t[match + k];
```
----------------------------
--------------------------------
------------Invariant Info-----------
LOOP A:
i_0: j < m
i_1: \forall integer k; 0 <= k < j ==> p[k] == t[match + k]
------------------------------------
----------Code with Invariants----------
/*@
    predicate string_same(char* t, char* p, integer n, integer m, integer match) =
        n < m || \forall integer k; 0 <= k < m ==> p[k] == t[match + k];
*/

/*@
    requires \valid_read(t);
    requires \valid_read(p);
    requires \valid(t + (0..n - 1));
    requires \valid(p + (0..m - 1));
    requires \separated(&t[0..(n - 1)], &p[0..(m - 1)]);
    requires n > 0;
    requires m > 0;
    assigns \nothing;
    ensures e_1: \result == 1 ==> string_same(t, p, n, m, match);
*/
int _string_same_judge(char* t, char* p, int n, int m, int match){
    // Loop A
    /*@
        loop invariant i_0: j < m;

        loop invariant i_1: \forall integer k; 0 <= k < j ==> p[k] == t[match + k];


        loop assigns j;
    */
    for (int j = 0; j < m; j++){
        if (p[j] == t[match + j]) {
            continue;
        }
        else{
            return 0;
        }
    }
    return 1;
}

----------------------------------------
----------Begin Revise----------
-------------Preservation_self: i_0: preservation---------------
----------Prompt----------

/*@
    predicate string_same(char* t, char* p, integer n, integer m, integer match) =
        n < m || \forall integer k; 0 <= k < m ==> p[k] == t[match + k];
*/

/*@
    requires \valid_read(t);
    requires \valid_read(p);
    requires \valid(t + (0..n - 1));
    requires \valid(p + (0..m - 1));
    requires \separated(&t[0..(n - 1)], &p[0..(m - 1)]);
    requires n > 0;
    requires m > 0;
    assigns \nothing;
    ensures e_1: \result == 1 ==> string_same(t, p, n, m, match);
*/
int _string_same_judge(char* t, char* p, int n, int m, int match){
    // Loop A
    /*@
        [Hint] Invariant j < m not preserved in this loop. Fix or supplement invariants.

        loop invariant i_0: j < m;

        loop invariant i_1: \forall integer k; 0 <= k < j ==> p[k] == t[match + k];


        loop assigns j;
    */
    for (int j = 0; j < m; j++){
        if (p[j] == t[match + j]) {
            continue;
        }
        else{
            return 0;
        }
    }
    return 1;
}

You are an expert in deductive program verification using ACSL and Frama-C.
[Unprovable Invariant] j < m
The above loop invariant of loop "A" fails the preservation (inductive) condition:
after executing one iteration of the loop body, the invariant cannot be re-established.
[Loop Body]
if (p[j] == t[match + j]) { continue; else{ return 0; j++;
This failure indicates that the current invariant may be incorrect or incomplete.  
There are two typical causes:
  1) The invariant is logically incorrect, so it does not hold after the loop body executes once.
     - In this case, you must adjust the invariant so that it is preserved by the loop body.
  2) The invariant is insufficient, i.e., it misses essential supporting conditions needed to re-establish itself.
     - In this case, you must introduce additional invariants so that the whole set becomes inductive.
Your task is to produce the corrected and/or auxiliary invariants that make the preservation step succeed.
IMPORTANT RULES:
1. You MUST NOT output any of the original invariants already in the code. Only output the new or modified invariants.
2. All invariants you produce must satisfy:
   - Establishment: they hold on loop entry.
   - Preservation: after executing the loop body exactly once, the invariant still holds.
   - Zero-iteration case: the invariant is valid even if the loop never executes.
3. The answer must follow this format exactly:
   ```
   loop invariant ...;
   loop invariant ...;
   ...
   ```
4. All invariants must follow ACSL syntax and be valid loop invariants.
5. No explanation. No commentary. Just show me the loop invariant.
 /no_think
--------------------------
----------Response----------
[unused16][unused17]```
loop invariant j < m;
loop invariant \forall integer k; 0 <= k < j ==> p[k] == t[match + k];
```
----------------------------
--------------------------------
------------Invariant Info-----------
LOOP A:
i_0: j < m
i_1: \forall integer k; 0 <= k < j ==> p[k] == t[match + k]
------------------------------------
----------Code with Invariants----------
/*@
    predicate string_same(char* t, char* p, integer n, integer m, integer match) =
        n < m || \forall integer k; 0 <= k < m ==> p[k] == t[match + k];
*/

/*@
    requires \valid_read(t);
    requires \valid_read(p);
    requires \valid(t + (0..n - 1));
    requires \valid(p + (0..m - 1));
    requires \separated(&t[0..(n - 1)], &p[0..(m - 1)]);
    requires n > 0;
    requires m > 0;
    assigns \nothing;
    ensures e_1: \result == 1 ==> string_same(t, p, n, m, match);
*/
int _string_same_judge(char* t, char* p, int n, int m, int match){
    // Loop A
    /*@
        loop invariant i_0: j < m;

        loop invariant i_1: \forall integer k; 0 <= k < j ==> p[k] == t[match + k];


        loop assigns j;
    */
    for (int j = 0; j < m; j++){
        if (p[j] == t[match + j]) {
            continue;
        }
        else{
            return 0;
        }
    }
    return 1;
}

----------------------------------------
----------Begin Revise----------
-------------Preservation_self: i_0: preservation---------------
----------Prompt----------

/*@
    predicate string_same(char* t, char* p, integer n, integer m, integer match) =
        n < m || \forall integer k; 0 <= k < m ==> p[k] == t[match + k];
*/

/*@
    requires \valid_read(t);
    requires \valid_read(p);
    requires \valid(t + (0..n - 1));
    requires \valid(p + (0..m - 1));
    requires \separated(&t[0..(n - 1)], &p[0..(m - 1)]);
    requires n > 0;
    requires m > 0;
    assigns \nothing;
    ensures e_1: \result == 1 ==> string_same(t, p, n, m, match);
*/
int _string_same_judge(char* t, char* p, int n, int m, int match){
    // Loop A
    /*@
        [Hint] Invariant j < m not preserved in this loop. Fix or supplement invariants.

        loop invariant i_0: j < m;

        loop invariant i_1: \forall integer k; 0 <= k < j ==> p[k] == t[match + k];


        loop assigns j;
    */
    for (int j = 0; j < m; j++){
        if (p[j] == t[match + j]) {
            continue;
        }
        else{
            return 0;
        }
    }
    return 1;
}

You are an expert in deductive program verification using ACSL and Frama-C.
[Unprovable Invariant] j < m
The above loop invariant of loop "A" fails the preservation (inductive) condition:
after executing one iteration of the loop body, the invariant cannot be re-established.
[Loop Body]
if (p[j] == t[match + j]) { continue; else{ return 0; j++;
This failure indicates that the current invariant may be incorrect or incomplete.  
There are two typical causes:
  1) The invariant is logically incorrect, so it does not hold after the loop body executes once.
     - In this case, you must adjust the invariant so that it is preserved by the loop body.
  2) The invariant is insufficient, i.e., it misses essential supporting conditions needed to re-establish itself.
     - In this case, you must introduce additional invariants so that the whole set becomes inductive.
Your task is to produce the corrected and/or auxiliary invariants that make the preservation step succeed.
IMPORTANT RULES:
1. You MUST NOT output any of the original invariants already in the code. Only output the new or modified invariants.
2. All invariants you produce must satisfy:
   - Establishment: they hold on loop entry.
   - Preservation: after executing the loop body exactly once, the invariant still holds.
   - Zero-iteration case: the invariant is valid even if the loop never executes.
3. The answer must follow this format exactly:
   ```
   loop invariant ...;
   loop invariant ...;
   ...
   ```
4. All invariants must follow ACSL syntax and be valid loop invariants.
5. No explanation. No commentary. Just show me the loop invariant.
 /no_think
--------------------------
----------Response----------
[unused16][unused17]```
loop invariant j < m;
loop invariant \forall integer k; 0 <= k < j ==> p[k] == t[match + k];
```
----------------------------
--------------------------------
------------Invariant Info-----------
LOOP A:
i_0: j < m
i_1: \forall integer k; 0 <= k < j ==> p[k] == t[match + k]
------------------------------------
----------Code with Invariants----------
/*@
    predicate string_same(char* t, char* p, integer n, integer m, integer match) =
        n < m || \forall integer k; 0 <= k < m ==> p[k] == t[match + k];
*/

/*@
    requires \valid_read(t);
    requires \valid_read(p);
    requires \valid(t + (0..n - 1));
    requires \valid(p + (0..m - 1));
    requires \separated(&t[0..(n - 1)], &p[0..(m - 1)]);
    requires n > 0;
    requires m > 0;
    assigns \nothing;
    ensures e_1: \result == 1 ==> string_same(t, p, n, m, match);
*/
int _string_same_judge(char* t, char* p, int n, int m, int match){
    // Loop A
    /*@
        loop invariant i_0: j < m;

        loop invariant i_1: \forall integer k; 0 <= k < j ==> p[k] == t[match + k];


        loop assigns j;
    */
    for (int j = 0; j < m; j++){
        if (p[j] == t[match + j]) {
            continue;
        }
        else{
            return 0;
        }
    }
    return 1;
}

----------------------------------------
----------Begin Revise----------
-------------Preservation_self: i_0: preservation---------------
----------Prompt----------

/*@
    predicate string_same(char* t, char* p, integer n, integer m, integer match) =
        n < m || \forall integer k; 0 <= k < m ==> p[k] == t[match + k];
*/

/*@
    requires \valid_read(t);
    requires \valid_read(p);
    requires \valid(t + (0..n - 1));
    requires \valid(p + (0..m - 1));
    requires \separated(&t[0..(n - 1)], &p[0..(m - 1)]);
    requires n > 0;
    requires m > 0;
    assigns \nothing;
    ensures e_1: \result == 1 ==> string_same(t, p, n, m, match);
*/
int _string_same_judge(char* t, char* p, int n, int m, int match){
    // Loop A
    /*@
        [Hint] Invariant j < m not preserved in this loop. Fix or supplement invariants.

        loop invariant i_0: j < m;

        loop invariant i_1: \forall integer k; 0 <= k < j ==> p[k] == t[match + k];


        loop assigns j;
    */
    for (int j = 0; j < m; j++){
        if (p[j] == t[match + j]) {
            continue;
        }
        else{
            return 0;
        }
    }
    return 1;
}

You are an expert in deductive program verification using ACSL and Frama-C.
[Unprovable Invariant] j < m
The above loop invariant of loop "A" fails the preservation (inductive) condition:
after executing one iteration of the loop body, the invariant cannot be re-established.
[Loop Body]
if (p[j] == t[match + j]) { continue; else{ return 0; j++;
This failure indicates that the current invariant may be incorrect or incomplete.  
There are two typical causes:
  1) The invariant is logically incorrect, so it does not hold after the loop body executes once.
     - In this case, you must adjust the invariant so that it is preserved by the loop body.
  2) The invariant is insufficient, i.e., it misses essential supporting conditions needed to re-establish itself.
     - In this case, you must introduce additional invariants so that the whole set becomes inductive.
Your task is to produce the corrected and/or auxiliary invariants that make the preservation step succeed.
IMPORTANT RULES:
1. You MUST NOT output any of the original invariants already in the code. Only output the new or modified invariants.
2. All invariants you produce must satisfy:
   - Establishment: they hold on loop entry.
   - Preservation: after executing the loop body exactly once, the invariant still holds.
   - Zero-iteration case: the invariant is valid even if the loop never executes.
3. The answer must follow this format exactly:
   ```
   loop invariant ...;
   loop invariant ...;
   ...
   ```
4. All invariants must follow ACSL syntax and be valid loop invariants.
5. No explanation. No commentary. Just show me the loop invariant.
 /no_think
--------------------------
----------Response----------
[unused16][unused17]```
loop invariant j < m;
loop invariant \forall integer k; 0 <= k < j ==> p[k] == t[match + k];
```
----------------------------
--------------------------------
------------Invariant Info-----------
LOOP A:
i_0: j < m
i_1: \forall integer k; 0 <= k < j ==> p[k] == t[match + k]
------------------------------------
----------Code with Invariants----------
/*@
    predicate string_same(char* t, char* p, integer n, integer m, integer match) =
        n < m || \forall integer k; 0 <= k < m ==> p[k] == t[match + k];
*/

/*@
    requires \valid_read(t);
    requires \valid_read(p);
    requires \valid(t + (0..n - 1));
    requires \valid(p + (0..m - 1));
    requires \separated(&t[0..(n - 1)], &p[0..(m - 1)]);
    requires n > 0;
    requires m > 0;
    assigns \nothing;
    ensures e_1: \result == 1 ==> string_same(t, p, n, m, match);
*/
int _string_same_judge(char* t, char* p, int n, int m, int match){
    // Loop A
    /*@
        loop invariant i_0: j < m;

        loop invariant i_1: \forall integer k; 0 <= k < j ==> p[k] == t[match + k];


        loop assigns j;
    */
    for (int j = 0; j < m; j++){
        if (p[j] == t[match + j]) {
            continue;
        }
        else{
            return 0;
        }
    }
    return 1;
}

----------------------------------------
----------Begin Revise----------
--------------------------------
------------Invariant Info-----------
LOOP A:
i_1: \forall integer k; 0 <= k < j ==> p[k] == t[match + k]
------------------------------------
----------Code with Invariants----------
/*@
    predicate string_same(char* t, char* p, integer n, integer m, integer match) =
        n < m || \forall integer k; 0 <= k < m ==> p[k] == t[match + k];
*/

/*@
    requires \valid_read(t);
    requires \valid_read(p);
    requires \valid(t + (0..n - 1));
    requires \valid(p + (0..m - 1));
    requires \separated(&t[0..(n - 1)], &p[0..(m - 1)]);
    requires n > 0;
    requires m > 0;
    assigns \nothing;
    ensures e_1: \result == 1 ==> string_same(t, p, n, m, match);
*/
int _string_same_judge(char* t, char* p, int n, int m, int match){
    // Loop A
    /*@
        loop invariant i_1: \forall integer k; 0 <= k < j ==> p[k] == t[match + k];


        loop assigns j;
    */
    for (int j = 0; j < m; j++){
        if (p[j] == t[match + j]) {
            continue;
        }
        else{
            return 0;
        }
    }
    return 1;
}

----------------------------------------
---------Result---------
Success
Model: openPangu-Embedded-7B-V1.1
Running time: 121.19965314865112
Proposal number: 8
Verified code:
/*@
    predicate string_same(char* t, char* p, integer n, integer m, integer match) =
        n < m || \forall integer k; 0 <= k < m ==> p[k] == t[match + k];
*/

/*@
    requires \valid_read(t);
    requires \valid_read(p);
    requires \valid(t + (0..n - 1));
    requires \valid(p + (0..m - 1));
    requires \separated(&t[0..(n - 1)], &p[0..(m - 1)]);
    requires n > 0;
    requires m > 0;
    assigns \nothing;
    ensures e_1: \result == 1 ==> string_same(t, p, n, m, match);
*/
int _string_same_judge(char* t, char* p, int n, int m, int match){
    // Loop A
    /*@
        loop invariant i_1: \forall integer k; 0 <= k < j ==> p[k] == t[match + k];


        loop assigns j;
    */
    for (int j = 0; j < m; j++){
        if (p[j] == t[match + j]) {
            continue;
        }
        else{
            return 0;
        }
    }
    return 1;
}

------------------------
