-----------Model-----------
Model type:
PanguEmbeddedForCausalLM(
  (model): PanguEmbeddedModel(
    (embed_tokens): Embedding(153376, 4096, padding_idx=0)
    (layers): ModuleList(
      (0-33): 34 x PanguEmbeddedDecoderLayer(
        (self_attn): PanguEmbeddedAttention(
          (q_proj): Linear(in_features=4096, out_features=4096, bias=True)
          (k_proj): Linear(in_features=4096, out_features=1024, bias=True)
          (v_proj): Linear(in_features=4096, out_features=1024, bias=True)
          (o_proj): Linear(in_features=4096, out_features=4096, bias=True)
        )
        (mlp): PanguEmbeddedMLP(
          (gate_proj): Linear(in_features=4096, out_features=12800, bias=False)
          (up_proj): Linear(in_features=4096, out_features=12800, bias=False)
          (down_proj): Linear(in_features=12800, out_features=4096, bias=False)
          (act_fn): SiLU()
        )
        (input_layernorm): PanguEmbeddedRMSNorm((4096,), eps=1e-05)
        (post_attention_layernorm): PanguEmbeddedRMSNorm((4096,), eps=1e-05)
      )
    )
    (norm): PanguEmbeddedRMSNorm((4096,), eps=1e-05)
    (rotary_emb): PanguEmbeddedRotaryEmbedding()
  )
  (lm_head): Linear(in_features=4096, out_features=153376, bias=False)
)
Model device:
npu:1
---------------------------
File Path: ../Benchmark/OOPSLA/oopsla_18.c
----------Code----------
#include <assert.h>
int unknown1();
int unknown2();
int unknown3();
int unknown4();

/*
 * Adapted from ex17.c in NECLA test suite
 */
/*@
    requires flag > 0;
*/
void oopsla_18(int flag, int a) {
    int b;
    int j = 0;
    /*@
        loop assigns j;
        loop assigns flag;
        loop assigns b;
    */
    for (b = 0; b < 100 ; ++b){
        if (flag)
            j = j + 1;
    }
    
    //@ assert  a_1: flag ==> j == 100;
}

------------------------
========== Attempt 1 ==========
----------Prompt----------

#include <assert.h>
int unknown1();
int unknown2();
int unknown3();
int unknown4();

/*
 * Adapted from ex17.c in NECLA test suite
 */
/*@
    requires flag > 0;
*/
void oopsla_18(int flag, int a) {
    int b;
    int j = 0;
    // Loop A
    /*@
        [Hint] Please infer the loop invariant for the following loop.

        loop assigns j;
        loop assigns flag;
        loop assigns b;
    */
    for (b = 0; b < 100 ; ++b){
        if (flag)
            j = j + 1;
    }
    
    //@ assert  a_1: flag ==> j == 100;
}

You are an expert in program verification, and please generate loop invariant as C annotation comments at the hint location (annotated by "[Hint] Please infer the loop invariant for the following loop.") using ACSL language.
ACSL is a specification language for C programs that conforms to the design by contract paradigm, utilizing Hoare style pre- and postconditions and invariants. Note that the `loop invariant` clause is a condition that is true at the beginning and end of every loop iteration.
Specifically, for the current verification task:
    - Pre-condition: the function's `requires` clauses
    - Post-condition: a_1:flag ==> j == 100; 
Please verify that the generated loop invariant is consistent with these constraints. If these specific pre- or post-conditions are not provided or empty, please infer the loop invariant strictly based on the program's execution logic and standard correctness.
In order to get a correct answer, You may want to consider both the situation of not entering the loop and the situation of jumping out of the loop. If some of the pre-conditions are also loop invariant, you need to add them to your answer as well.
Use '&&', '||', '==>', '\forall' or '\exists' if necessary. For instance:
```
loop invariant 1 <= x;
loop invariant x == y;
loop invariant 0 < x ==> y <= z;
loop invariant z % 2 == 1 || x == y;
loop invariant z % 2 == 1 && x <= y;
loop invariant \forall integer k;  0 <= k < i ==> max >=  a[k];
loop invariant \exists integer k;  0 <= k < i &&  max == a[k];
loop invariant \forall integer p; 0 <= p < \at(k, End_l) ==> res[p] == \at(res[p], End_l);
```
Your answer should follow the following format:
```
loop invariant ...;
loop invariant ...;
...
```
No explanation. No commentary. Just show me the loop invariant.
 /no_think
--------------------------
----------Response----------
[unused16][unused17]loop invariant j >= 0 && j <= 100;
loop invariant flag == flag;
loop invariant b == 100 || !flag;
```
----------------------------
------------Invariant Info-----------
LOOP A:
i_0: j >= 0 && j <= 100
i_1: flag == flag
i_2: b == 100 || !flag
------------------------------------
---------- Code with Invariants ----------
#include <assert.h>
int unknown1();
int unknown2();
int unknown3();
int unknown4();

/*
 * Adapted from ex17.c in NECLA test suite
 */
/*@
    requires flag > 0;
*/
void oopsla_18(int flag, int a) {
    int b;
    int j = 0;
    // Loop A
    /*@
        loop invariant i_0: j >= 0 && j <= 100;

        loop invariant i_1: flag == flag;

        loop invariant i_2: b == 100 || !flag;


        loop assigns j;
        loop assigns flag;
        loop assigns b;
    */
    for (b = 0; b < 100 ; ++b){
        if (flag)
            j = j + 1;
    }
    
    //@ assert  a_1: flag ==> j == 100;
}

------------------------------------------
Verification failed (Fail_8_9), removing all invariants and retrying.
========== Attempt 2 ==========
----------Prompt----------

#include <assert.h>
int unknown1();
int unknown2();
int unknown3();
int unknown4();

/*
 * Adapted from ex17.c in NECLA test suite
 */
/*@
    requires flag > 0;
*/
void oopsla_18(int flag, int a) {
    int b;
    int j = 0;
    // Loop A
    /*@
        [Hint] Please infer the loop invariant for the following loop.

        loop assigns j;
        loop assigns flag;
        loop assigns b;
    */
    for (b = 0; b < 100 ; ++b){
        if (flag)
            j = j + 1;
    }
    
    //@ assert  a_1: flag ==> j == 100;
}

You are an expert in program verification, and please generate loop invariant as C annotation comments at the hint location (annotated by "[Hint] Please infer the loop invariant for the following loop.") using ACSL language.
ACSL is a specification language for C programs that conforms to the design by contract paradigm, utilizing Hoare style pre- and postconditions and invariants. Note that the `loop invariant` clause is a condition that is true at the beginning and end of every loop iteration.
Specifically, for the current verification task:
    - Pre-condition: the function's `requires` clauses
    - Post-condition: a_1:flag ==> j == 100; 
Please verify that the generated loop invariant is consistent with these constraints. If these specific pre- or post-conditions are not provided or empty, please infer the loop invariant strictly based on the program's execution logic and standard correctness.
In order to get a correct answer, You may want to consider both the situation of not entering the loop and the situation of jumping out of the loop. If some of the pre-conditions are also loop invariant, you need to add them to your answer as well.
Use '&&', '||', '==>', '\forall' or '\exists' if necessary. For instance:
```
loop invariant 1 <= x;
loop invariant x == y;
loop invariant 0 < x ==> y <= z;
loop invariant z % 2 == 1 || x == y;
loop invariant z % 2 == 1 && x <= y;
loop invariant \forall integer k;  0 <= k < i ==> max >=  a[k];
loop invariant \exists integer k;  0 <= k < i &&  max == a[k];
loop invariant \forall integer p; 0 <= p < \at(k, End_l) ==> res[p] == \at(res[p], End_l);
```
Your answer should follow the following format:
```
loop invariant ...;
loop invariant ...;
...
```
No explanation. No commentary. Just show me the loop invariant.
 /no_think
--------------------------
----------Response----------
[unused16][unused17]loop invariant b == 0 && j >= 0;
loop invariant j >= 0 && j <= 99;
loop invariant flag == false || j == 100;
----------------------------
------------Invariant Info-----------
LOOP A:
i_3: b == 0 && j >= 0
i_4: j >= 0 && j <= 99
i_5: flag == false || j == 100
------------------------------------
---------- Code with Invariants ----------
#include <assert.h>
int unknown1();
int unknown2();
int unknown3();
int unknown4();

/*
 * Adapted from ex17.c in NECLA test suite
 */
/*@
    requires flag > 0;
*/
void oopsla_18(int flag, int a) {
    int b;
    int j = 0;
    // Loop A
    /*@
        loop invariant i_3: b == 0 && j >= 0;

        loop invariant i_4: j >= 0 && j <= 99;

        loop invariant i_5: flag == false || j == 100;


        loop assigns j;
        loop assigns flag;
        loop assigns b;
    */
    for (b = 0; b < 100 ; ++b){
        if (flag)
            j = j + 1;
    }
    
    //@ assert  a_1: flag ==> j == 100;
}

------------------------------------------
Verification failed (Invalid), removing all invariants and retrying.
========== Attempt 3 ==========
----------Prompt----------

#include <assert.h>
int unknown1();
int unknown2();
int unknown3();
int unknown4();

/*
 * Adapted from ex17.c in NECLA test suite
 */
/*@
    requires flag > 0;
*/
void oopsla_18(int flag, int a) {
    int b;
    int j = 0;
    // Loop A
    /*@
        [Hint] Please infer the loop invariant for the following loop.

        loop assigns j;
        loop assigns flag;
        loop assigns b;
    */
    for (b = 0; b < 100 ; ++b){
        if (flag)
            j = j + 1;
    }
    
    //@ assert  a_1: flag ==> j == 100;
}

You are an expert in program verification, and please generate loop invariant as C annotation comments at the hint location (annotated by "[Hint] Please infer the loop invariant for the following loop.") using ACSL language.
ACSL is a specification language for C programs that conforms to the design by contract paradigm, utilizing Hoare style pre- and postconditions and invariants. Note that the `loop invariant` clause is a condition that is true at the beginning and end of every loop iteration.
Specifically, for the current verification task:
    - Pre-condition: the function's `requires` clauses
    - Post-condition: a_1:flag ==> j == 100; 
Please verify that the generated loop invariant is consistent with these constraints. If these specific pre- or post-conditions are not provided or empty, please infer the loop invariant strictly based on the program's execution logic and standard correctness.
In order to get a correct answer, You may want to consider both the situation of not entering the loop and the situation of jumping out of the loop. If some of the pre-conditions are also loop invariant, you need to add them to your answer as well.
Use '&&', '||', '==>', '\forall' or '\exists' if necessary. For instance:
```
loop invariant 1 <= x;
loop invariant x == y;
loop invariant 0 < x ==> y <= z;
loop invariant z % 2 == 1 || x == y;
loop invariant z % 2 == 1 && x <= y;
loop invariant \forall integer k;  0 <= k < i ==> max >=  a[k];
loop invariant \exists integer k;  0 <= k < i &&  max == a[k];
loop invariant \forall integer p; 0 <= p < \at(k, End_l) ==> res[p] == \at(res[p], End_l);
```
Your answer should follow the following format:
```
loop invariant ...;
loop invariant ...;
...
```
No explanation. No commentary. Just show me the loop invariant.
 /no_think
--------------------------
----------Response----------
[unused16][unused17]loop invariant j >= 0;
loop invariant b >= 0 && b < 100;
loop invariant flag == flag;
```
----------------------------
------------Invariant Info-----------
LOOP A:
i_6: j >= 0
i_7: b >= 0 && b < 100
i_8: flag == flag
------------------------------------
---------- Code with Invariants ----------
#include <assert.h>
int unknown1();
int unknown2();
int unknown3();
int unknown4();

/*
 * Adapted from ex17.c in NECLA test suite
 */
/*@
    requires flag > 0;
*/
void oopsla_18(int flag, int a) {
    int b;
    int j = 0;
    // Loop A
    /*@
        loop invariant i_6: j >= 0;

        loop invariant i_7: b >= 0 && b < 100;

        loop invariant i_8: flag == flag;


        loop assigns j;
        loop assigns flag;
        loop assigns b;
    */
    for (b = 0; b < 100 ; ++b){
        if (flag)
            j = j + 1;
    }
    
    //@ assert  a_1: flag ==> j == 100;
}

------------------------------------------
Verification failed (Fail_8_9), removing all invariants and retrying.
========== Attempt 4 ==========
----------Prompt----------

#include <assert.h>
int unknown1();
int unknown2();
int unknown3();
int unknown4();

/*
 * Adapted from ex17.c in NECLA test suite
 */
/*@
    requires flag > 0;
*/
void oopsla_18(int flag, int a) {
    int b;
    int j = 0;
    // Loop A
    /*@
        [Hint] Please infer the loop invariant for the following loop.

        loop assigns j;
        loop assigns flag;
        loop assigns b;
    */
    for (b = 0; b < 100 ; ++b){
        if (flag)
            j = j + 1;
    }
    
    //@ assert  a_1: flag ==> j == 100;
}

You are an expert in program verification, and please generate loop invariant as C annotation comments at the hint location (annotated by "[Hint] Please infer the loop invariant for the following loop.") using ACSL language.
ACSL is a specification language for C programs that conforms to the design by contract paradigm, utilizing Hoare style pre- and postconditions and invariants. Note that the `loop invariant` clause is a condition that is true at the beginning and end of every loop iteration.
Specifically, for the current verification task:
    - Pre-condition: the function's `requires` clauses
    - Post-condition: a_1:flag ==> j == 100; 
Please verify that the generated loop invariant is consistent with these constraints. If these specific pre- or post-conditions are not provided or empty, please infer the loop invariant strictly based on the program's execution logic and standard correctness.
In order to get a correct answer, You may want to consider both the situation of not entering the loop and the situation of jumping out of the loop. If some of the pre-conditions are also loop invariant, you need to add them to your answer as well.
Use '&&', '||', '==>', '\forall' or '\exists' if necessary. For instance:
```
loop invariant 1 <= x;
loop invariant x == y;
loop invariant 0 < x ==> y <= z;
loop invariant z % 2 == 1 || x == y;
loop invariant z % 2 == 1 && x <= y;
loop invariant \forall integer k;  0 <= k < i ==> max >=  a[k];
loop invariant \exists integer k;  0 <= k < i &&  max == a[k];
loop invariant \forall integer p; 0 <= p < \at(k, End_l) ==> res[p] == \at(res[p], End_l);
```
Your answer should follow the following format:
```
loop invariant ...;
loop invariant ...;
...
```
No explanation. No commentary. Just show me the loop invariant.
 /no_think
--------------------------
----------Response----------
[unused16][unused17]```
loop invariant 0 <= b && b < 100;
```
----------------------------
------------Invariant Info-----------
LOOP A:
i_9: 0 <= b && b < 100
------------------------------------
---------- Code with Invariants ----------
#include <assert.h>
int unknown1();
int unknown2();
int unknown3();
int unknown4();

/*
 * Adapted from ex17.c in NECLA test suite
 */
/*@
    requires flag > 0;
*/
void oopsla_18(int flag, int a) {
    int b;
    int j = 0;
    // Loop A
    /*@
        loop invariant i_9: 0 <= b && b < 100;


        loop assigns j;
        loop assigns flag;
        loop assigns b;
    */
    for (b = 0; b < 100 ; ++b){
        if (flag)
            j = j + 1;
    }
    
    //@ assert  a_1: flag ==> j == 100;
}

------------------------------------------
Verification failed (Fail_4_5), removing all invariants and retrying.
========== Attempt 5 ==========
----------Prompt----------

#include <assert.h>
int unknown1();
int unknown2();
int unknown3();
int unknown4();

/*
 * Adapted from ex17.c in NECLA test suite
 */
/*@
    requires flag > 0;
*/
void oopsla_18(int flag, int a) {
    int b;
    int j = 0;
    // Loop A
    /*@
        [Hint] Please infer the loop invariant for the following loop.

        loop assigns j;
        loop assigns flag;
        loop assigns b;
    */
    for (b = 0; b < 100 ; ++b){
        if (flag)
            j = j + 1;
    }
    
    //@ assert  a_1: flag ==> j == 100;
}

You are an expert in program verification, and please generate loop invariant as C annotation comments at the hint location (annotated by "[Hint] Please infer the loop invariant for the following loop.") using ACSL language.
ACSL is a specification language for C programs that conforms to the design by contract paradigm, utilizing Hoare style pre- and postconditions and invariants. Note that the `loop invariant` clause is a condition that is true at the beginning and end of every loop iteration.
Specifically, for the current verification task:
    - Pre-condition: the function's `requires` clauses
    - Post-condition: a_1:flag ==> j == 100; 
Please verify that the generated loop invariant is consistent with these constraints. If these specific pre- or post-conditions are not provided or empty, please infer the loop invariant strictly based on the program's execution logic and standard correctness.
In order to get a correct answer, You may want to consider both the situation of not entering the loop and the situation of jumping out of the loop. If some of the pre-conditions are also loop invariant, you need to add them to your answer as well.
Use '&&', '||', '==>', '\forall' or '\exists' if necessary. For instance:
```
loop invariant 1 <= x;
loop invariant x == y;
loop invariant 0 < x ==> y <= z;
loop invariant z % 2 == 1 || x == y;
loop invariant z % 2 == 1 && x <= y;
loop invariant \forall integer k;  0 <= k < i ==> max >=  a[k];
loop invariant \exists integer k;  0 <= k < i &&  max == a[k];
loop invariant \forall integer p; 0 <= p < \at(k, End_l) ==> res[p] == \at(res[p], End_l);
```
Your answer should follow the following format:
```
loop invariant ...;
loop invariant ...;
...
```
No explanation. No commentary. Just show me the loop invariant.
 /no_think
--------------------------
----------Response----------
[unused16][unused17]loop invariant j >= 0;
loop invariant b >= 0 && b < 100;
loop invariant flag == flag;
```
----------------------------
------------Invariant Info-----------
LOOP A:
i_10: j >= 0
i_11: b >= 0 && b < 100
i_12: flag == flag
------------------------------------
---------- Code with Invariants ----------
#include <assert.h>
int unknown1();
int unknown2();
int unknown3();
int unknown4();

/*
 * Adapted from ex17.c in NECLA test suite
 */
/*@
    requires flag > 0;
*/
void oopsla_18(int flag, int a) {
    int b;
    int j = 0;
    // Loop A
    /*@
        loop invariant i_10: j >= 0;

        loop invariant i_11: b >= 0 && b < 100;

        loop invariant i_12: flag == flag;


        loop assigns j;
        loop assigns flag;
        loop assigns b;
    */
    for (b = 0; b < 100 ; ++b){
        if (flag)
            j = j + 1;
    }
    
    //@ assert  a_1: flag ==> j == 100;
}

------------------------------------------
Verification failed (Fail_8_9), removing all invariants and retrying.
Verification failed: reached maximum attempts.
---------Result---------
Fail
Model: openPangu-Embedded-7B-V1.1
Running time: 66.62274503707886
Proposal number: 5
Verified code:

------------------------
