-----------Model-----------
Model type:
PanguEmbeddedForCausalLM(
  (model): PanguEmbeddedModel(
    (embed_tokens): Embedding(153376, 4096, padding_idx=0)
    (layers): ModuleList(
      (0-33): 34 x PanguEmbeddedDecoderLayer(
        (self_attn): PanguEmbeddedAttention(
          (q_proj): Linear(in_features=4096, out_features=4096, bias=True)
          (k_proj): Linear(in_features=4096, out_features=1024, bias=True)
          (v_proj): Linear(in_features=4096, out_features=1024, bias=True)
          (o_proj): Linear(in_features=4096, out_features=4096, bias=True)
        )
        (mlp): PanguEmbeddedMLP(
          (gate_proj): Linear(in_features=4096, out_features=12800, bias=False)
          (up_proj): Linear(in_features=4096, out_features=12800, bias=False)
          (down_proj): Linear(in_features=12800, out_features=4096, bias=False)
          (act_fn): SiLU()
        )
        (input_layernorm): PanguEmbeddedRMSNorm((4096,), eps=1e-05)
        (post_attention_layernorm): PanguEmbeddedRMSNorm((4096,), eps=1e-05)
      )
    )
    (norm): PanguEmbeddedRMSNorm((4096,), eps=1e-05)
    (rotary_emb): PanguEmbeddedRotaryEmbedding()
  )
  (lm_head): Linear(in_features=4096, out_features=153376, bias=False)
)
Model device:
npu:1
---------------------------
File Path: ../Benchmark/OOPSLA/oopsla_41.c
----------Code----------
#include <assert.h>
/*@
ensures \result >= 0;
*/
int unknown1();
int unknown2();
int unknown3();
int unknown4();

/*
 * Adapted from "Automated Error Diagnosis Using Abductive Inference" by Dillig et al.
 */
/*@
requires n > 0;
*/
void oopsla_41(int n, int flag) {
    int k = 1;
    if (flag) {
        k = unknown1();
    }
    int i = 0, j = 0;
    /*@
        loop assigns j;
        loop assigns i;
    */
    while (i <= n) {
        i++;
        j += i;
    }
    int z = k + i + j;
    //@ assert  a_1: z > 2 * n;
}
------------------------
========== Attempt 1 ==========
----------Prompt----------

#include <assert.h>
/*@
ensures \result >= 0;
*/
int unknown1();
int unknown2();
int unknown3();
int unknown4();

/*
 * Adapted from "Automated Error Diagnosis Using Abductive Inference" by Dillig et al.
 */
/*@
requires n > 0;
*/
void oopsla_41(int n, int flag) {
    int k = 1;
    if (flag) {
        k = unknown1();
    }
    int i = 0, j = 0;
    // Loop A
    /*@
        [Hint] Please infer the loop invariant for the following loop.

        loop assigns j;
        loop assigns i;
    */
    while (i <= n) {
        i++;
        j += i;
    }
    int z = k + i + j;
    //@ assert  a_1: z > 2 * n;
}
You are an expert in program verification, and please generate loop invariant as C annotation comments at the hint location (annotated by "[Hint] Please infer the loop invariant for the following loop.") using ACSL language.
ACSL is a specification language for C programs that conforms to the design by contract paradigm, utilizing Hoare style pre- and postconditions and invariants. Note that the `loop invariant` clause is a condition that is true at the beginning and end of every loop iteration.
Specifically, for the current verification task:
    - Pre-condition: the function's `requires` clauses
    - Post-condition: a_1:z > 2 * n; 
Please verify that the generated loop invariant is consistent with these constraints. If these specific pre- or post-conditions are not provided or empty, please infer the loop invariant strictly based on the program's execution logic and standard correctness.
In order to get a correct answer, You may want to consider both the situation of not entering the loop and the situation of jumping out of the loop. If some of the pre-conditions are also loop invariant, you need to add them to your answer as well.
Use '&&', '||', '==>', '\forall' or '\exists' if necessary. For instance:
```
loop invariant 1 <= x;
loop invariant x == y;
loop invariant 0 < x ==> y <= z;
loop invariant z % 2 == 1 || x == y;
loop invariant z % 2 == 1 && x <= y;
loop invariant \forall integer k;  0 <= k < i ==> max >=  a[k];
loop invariant \exists integer k;  0 <= k < i &&  max == a[k];
loop invariant \forall integer p; 0 <= p < \at(k, End_l) ==> res[p] == \at(res[p], End_l);
```
Your answer should follow the following format:
```
loop invariant ...;
loop invariant ...;
...
```
No explanation. No commentary. Just show me the loop invariant.
 /no_think
--------------------------
----------Response----------
[unused16][unused17]loop invariant i <= n;
loop invariant j == k + i;
```

```
loop invariant i <= n && j == k + i;
```
----------------------------
------------Invariant Info-----------
LOOP A:
i_0: i <= n
i_1: j == k + i
i_2: i <= n && j == k + i
------------------------------------
---------- Code with Invariants ----------
#include <assert.h>
/*@
ensures \result >= 0;
*/
int unknown1();
int unknown2();
int unknown3();
int unknown4();

/*
 * Adapted from "Automated Error Diagnosis Using Abductive Inference" by Dillig et al.
 */
/*@
requires n > 0;
*/
void oopsla_41(int n, int flag) {
    int k = 1;
    if (flag) {
        k = unknown1();
    }
    int i = 0, j = 0;
    // Loop A
    /*@
        loop invariant i_0: i <= n;

        loop invariant i_1: j == k + i;

        loop invariant i_2: i <= n && j == k + i;


        loop assigns j;
        loop assigns i;
    */
    while (i <= n) {
        i++;
        j += i;
    }
    int z = k + i + j;
    //@ assert  a_1: z > 2 * n;
}
------------------------------------------
Verification failed (Fail_6_9), removing all invariants and retrying.
========== Attempt 2 ==========
----------Prompt----------

#include <assert.h>
/*@
ensures \result >= 0;
*/
int unknown1();
int unknown2();
int unknown3();
int unknown4();

/*
 * Adapted from "Automated Error Diagnosis Using Abductive Inference" by Dillig et al.
 */
/*@
requires n > 0;
*/
void oopsla_41(int n, int flag) {
    int k = 1;
    if (flag) {
        k = unknown1();
    }
    int i = 0, j = 0;
    // Loop A
    /*@
        [Hint] Please infer the loop invariant for the following loop.

        loop assigns j;
        loop assigns i;
    */
    while (i <= n) {
        i++;
        j += i;
    }
    int z = k + i + j;
    //@ assert  a_1: z > 2 * n;
}
You are an expert in program verification, and please generate loop invariant as C annotation comments at the hint location (annotated by "[Hint] Please infer the loop invariant for the following loop.") using ACSL language.
ACSL is a specification language for C programs that conforms to the design by contract paradigm, utilizing Hoare style pre- and postconditions and invariants. Note that the `loop invariant` clause is a condition that is true at the beginning and end of every loop iteration.
Specifically, for the current verification task:
    - Pre-condition: the function's `requires` clauses
    - Post-condition: a_1:z > 2 * n; 
Please verify that the generated loop invariant is consistent with these constraints. If these specific pre- or post-conditions are not provided or empty, please infer the loop invariant strictly based on the program's execution logic and standard correctness.
In order to get a correct answer, You may want to consider both the situation of not entering the loop and the situation of jumping out of the loop. If some of the pre-conditions are also loop invariant, you need to add them to your answer as well.
Use '&&', '||', '==>', '\forall' or '\exists' if necessary. For instance:
```
loop invariant 1 <= x;
loop invariant x == y;
loop invariant 0 < x ==> y <= z;
loop invariant z % 2 == 1 || x == y;
loop invariant z % 2 == 1 && x <= y;
loop invariant \forall integer k;  0 <= k < i ==> max >=  a[k];
loop invariant \exists integer k;  0 <= k < i &&  max == a[k];
loop invariant \forall integer p; 0 <= p < \at(k, End_l) ==> res[p] == \at(res[p], End_l);
```
Your answer should follow the following format:
```
loop invariant ...;
loop invariant ...;
...
```
No explanation. No commentary. Just show me the loop invariant.
 /no_think
--------------------------
----------Response----------
[unused16][unused17]loop invariant i <= n;
loop invariant j == \sum_{m=1}^i m;
loop invariant k >= 0 && k == \sum_{m=1}^i m;
loop invariant z <= 2 * n + k;
loop invariant z > 2 * n && k == unknown1();
loop invariant \exists integer k; k >= 0 && k <= n && j == \sum_{m=1}^i m;
loop invariant \forall integer k; 0 <= k < i ==> k <= n;
loop invariant \forall integer k; 0 <= k < i ==> j >= k;
loop invariant \forall integer k; 0 <= k < i ==> j = \sum_{m=1}^i m;
loop invariant \forall integer k; 0 <= k < i ==> k <= n;
```
----------------------------
------------Invariant Info-----------
LOOP A:
i_3: i <= n
i_4: j == \sum_{m=1}^i m
i_5: k >= 0 && k == \sum_{m=1}^i m
i_6: z <= 2 * n + k
i_7: z > 2 * n && k == unknown1()
i_8: \exists integer k; k >= 0 && k <= n && j == \sum_{m=1}^i m
i_9: \forall integer k; 0 <= k < i ==> k <= n
i_10: \forall integer k; 0 <= k < i ==> j >= k
i_11: \forall integer k; 0 <= k < i ==> j = \sum_{m=1}^i m
------------------------------------
---------- Code with Invariants ----------
#include <assert.h>
/*@
ensures \result >= 0;
*/
int unknown1();
int unknown2();
int unknown3();
int unknown4();

/*
 * Adapted from "Automated Error Diagnosis Using Abductive Inference" by Dillig et al.
 */
/*@
requires n > 0;
*/
void oopsla_41(int n, int flag) {
    int k = 1;
    if (flag) {
        k = unknown1();
    }
    int i = 0, j = 0;
    // Loop A
    /*@
        loop invariant i_3: i <= n;

        loop invariant i_4: j == \sum_{m=1}^i m;

        loop invariant i_5: k >= 0 && k == \sum_{m=1}^i m;

        loop invariant i_6: z <= 2 * n + k;

        loop invariant i_7: z > 2 * n && k == unknown1();

        loop invariant i_8: \exists integer k; k >= 0 && k <= n && j == \sum_{m=1}^i m;

        loop invariant i_9: \forall integer k; 0 <= k < i ==> k <= n;

        loop invariant i_10: \forall integer k; 0 <= k < i ==> j >= k;

        loop invariant i_11: \forall integer k; 0 <= k < i ==> j = \sum_{m=1}^i m;


        loop assigns j;
        loop assigns i;
    */
    while (i <= n) {
        i++;
        j += i;
    }
    int z = k + i + j;
    //@ assert  a_1: z > 2 * n;
}
------------------------------------------
Verification failed (Invalid), removing all invariants and retrying.
========== Attempt 3 ==========
----------Prompt----------

#include <assert.h>
/*@
ensures \result >= 0;
*/
int unknown1();
int unknown2();
int unknown3();
int unknown4();

/*
 * Adapted from "Automated Error Diagnosis Using Abductive Inference" by Dillig et al.
 */
/*@
requires n > 0;
*/
void oopsla_41(int n, int flag) {
    int k = 1;
    if (flag) {
        k = unknown1();
    }
    int i = 0, j = 0;
    // Loop A
    /*@
        [Hint] Please infer the loop invariant for the following loop.

        loop assigns j;
        loop assigns i;
    */
    while (i <= n) {
        i++;
        j += i;
    }
    int z = k + i + j;
    //@ assert  a_1: z > 2 * n;
}
You are an expert in program verification, and please generate loop invariant as C annotation comments at the hint location (annotated by "[Hint] Please infer the loop invariant for the following loop.") using ACSL language.
ACSL is a specification language for C programs that conforms to the design by contract paradigm, utilizing Hoare style pre- and postconditions and invariants. Note that the `loop invariant` clause is a condition that is true at the beginning and end of every loop iteration.
Specifically, for the current verification task:
    - Pre-condition: the function's `requires` clauses
    - Post-condition: a_1:z > 2 * n; 
Please verify that the generated loop invariant is consistent with these constraints. If these specific pre- or post-conditions are not provided or empty, please infer the loop invariant strictly based on the program's execution logic and standard correctness.
In order to get a correct answer, You may want to consider both the situation of not entering the loop and the situation of jumping out of the loop. If some of the pre-conditions are also loop invariant, you need to add them to your answer as well.
Use '&&', '||', '==>', '\forall' or '\exists' if necessary. For instance:
```
loop invariant 1 <= x;
loop invariant x == y;
loop invariant 0 < x ==> y <= z;
loop invariant z % 2 == 1 || x == y;
loop invariant z % 2 == 1 && x <= y;
loop invariant \forall integer k;  0 <= k < i ==> max >=  a[k];
loop invariant \exists integer k;  0 <= k < i &&  max == a[k];
loop invariant \forall integer p; 0 <= p < \at(k, End_l) ==> res[p] == \at(res[p], End_l);
```
Your answer should follow the following format:
```
loop invariant ...;
loop invariant ...;
...
```
No explanation. No commentary. Just show me the loop invariant.
 /no_think
--------------------------
----------Response----------
[unused16][unused17]```
loop invariant i <= n;
loop invariant j == k + i;
```
----------------------------
------------Invariant Info-----------
LOOP A:
i_12: i <= n
i_13: j == k + i
------------------------------------
---------- Code with Invariants ----------
#include <assert.h>
/*@
ensures \result >= 0;
*/
int unknown1();
int unknown2();
int unknown3();
int unknown4();

/*
 * Adapted from "Automated Error Diagnosis Using Abductive Inference" by Dillig et al.
 */
/*@
requires n > 0;
*/
void oopsla_41(int n, int flag) {
    int k = 1;
    if (flag) {
        k = unknown1();
    }
    int i = 0, j = 0;
    // Loop A
    /*@
        loop invariant i_12: i <= n;

        loop invariant i_13: j == k + i;


        loop assigns j;
        loop assigns i;
    */
    while (i <= n) {
        i++;
        j += i;
    }
    int z = k + i + j;
    //@ assert  a_1: z > 2 * n;
}
------------------------------------------
Verification failed (Fail_4_7), removing all invariants and retrying.
========== Attempt 4 ==========
----------Prompt----------

#include <assert.h>
/*@
ensures \result >= 0;
*/
int unknown1();
int unknown2();
int unknown3();
int unknown4();

/*
 * Adapted from "Automated Error Diagnosis Using Abductive Inference" by Dillig et al.
 */
/*@
requires n > 0;
*/
void oopsla_41(int n, int flag) {
    int k = 1;
    if (flag) {
        k = unknown1();
    }
    int i = 0, j = 0;
    // Loop A
    /*@
        [Hint] Please infer the loop invariant for the following loop.

        loop assigns j;
        loop assigns i;
    */
    while (i <= n) {
        i++;
        j += i;
    }
    int z = k + i + j;
    //@ assert  a_1: z > 2 * n;
}
You are an expert in program verification, and please generate loop invariant as C annotation comments at the hint location (annotated by "[Hint] Please infer the loop invariant for the following loop.") using ACSL language.
ACSL is a specification language for C programs that conforms to the design by contract paradigm, utilizing Hoare style pre- and postconditions and invariants. Note that the `loop invariant` clause is a condition that is true at the beginning and end of every loop iteration.
Specifically, for the current verification task:
    - Pre-condition: the function's `requires` clauses
    - Post-condition: a_1:z > 2 * n; 
Please verify that the generated loop invariant is consistent with these constraints. If these specific pre- or post-conditions are not provided or empty, please infer the loop invariant strictly based on the program's execution logic and standard correctness.
In order to get a correct answer, You may want to consider both the situation of not entering the loop and the situation of jumping out of the loop. If some of the pre-conditions are also loop invariant, you need to add them to your answer as well.
Use '&&', '||', '==>', '\forall' or '\exists' if necessary. For instance:
```
loop invariant 1 <= x;
loop invariant x == y;
loop invariant 0 < x ==> y <= z;
loop invariant z % 2 == 1 || x == y;
loop invariant z % 2 == 1 && x <= y;
loop invariant \forall integer k;  0 <= k < i ==> max >=  a[k];
loop invariant \exists integer k;  0 <= k < i &&  max == a[k];
loop invariant \forall integer p; 0 <= p < \at(k, End_l) ==> res[p] == \at(res[p], End_l);
```
Your answer should follow the following format:
```
loop invariant ...;
loop invariant ...;
...
```
No explanation. No commentary. Just show me the loop invariant.
 /no_think
--------------------------
----------Response----------
[unused16][unused17]loop invariant i <= n;
loop invariant j == k;
```
#include <assert.h>
/*@
ensures \result >= 0;
*/
int unknown1();
int unknown2();
int unknown3();
int unknown4();

/*
 * Adapted from "Automated Error Diagnosis Using Abductive Inference" by Dillig et al.
*/
void oopsla_41(int n, int flag) {
    int k = 1;
    if (flag) {
        k = unknown1();
    }
    int i = 0, j = 0;
    // Loop A
    /*@
        [Hint] Please infer the loop invariant for the following loop.

        loop assigns j;
        loop assigns i;
    */
    while (i <= n) {
        i++;
        j += i;
    }
    int z = k + i + j;
    //@ assert  a_1: z > 2 * n;
}
```

```
loop invariant i <= n;
loop invariant j == k;
```
----------------------------
------------Invariant Info-----------
LOOP A:
i_14: i <= n
i_15: j == k
i_16: for the following loop. loop assigns j
------------------------------------
---------- Code with Invariants ----------
#include <assert.h>
/*@
ensures \result >= 0;
*/
int unknown1();
int unknown2();
int unknown3();
int unknown4();

/*
 * Adapted from "Automated Error Diagnosis Using Abductive Inference" by Dillig et al.
 */
/*@
requires n > 0;
*/
void oopsla_41(int n, int flag) {
    int k = 1;
    if (flag) {
        k = unknown1();
    }
    int i = 0, j = 0;
    // Loop A
    /*@
        loop invariant i_14: i <= n;

        loop invariant i_15: j == k;

        loop invariant i_16: for the following loop. loop assigns j;


        loop assigns j;
        loop assigns i;
    */
    while (i <= n) {
        i++;
        j += i;
    }
    int z = k + i + j;
    //@ assert  a_1: z > 2 * n;
}
------------------------------------------
Verification failed (Invalid), removing all invariants and retrying.
========== Attempt 5 ==========
----------Prompt----------

#include <assert.h>
/*@
ensures \result >= 0;
*/
int unknown1();
int unknown2();
int unknown3();
int unknown4();

/*
 * Adapted from "Automated Error Diagnosis Using Abductive Inference" by Dillig et al.
 */
/*@
requires n > 0;
*/
void oopsla_41(int n, int flag) {
    int k = 1;
    if (flag) {
        k = unknown1();
    }
    int i = 0, j = 0;
    // Loop A
    /*@
        [Hint] Please infer the loop invariant for the following loop.

        loop assigns j;
        loop assigns i;
    */
    while (i <= n) {
        i++;
        j += i;
    }
    int z = k + i + j;
    //@ assert  a_1: z > 2 * n;
}
You are an expert in program verification, and please generate loop invariant as C annotation comments at the hint location (annotated by "[Hint] Please infer the loop invariant for the following loop.") using ACSL language.
ACSL is a specification language for C programs that conforms to the design by contract paradigm, utilizing Hoare style pre- and postconditions and invariants. Note that the `loop invariant` clause is a condition that is true at the beginning and end of every loop iteration.
Specifically, for the current verification task:
    - Pre-condition: the function's `requires` clauses
    - Post-condition: a_1:z > 2 * n; 
Please verify that the generated loop invariant is consistent with these constraints. If these specific pre- or post-conditions are not provided or empty, please infer the loop invariant strictly based on the program's execution logic and standard correctness.
In order to get a correct answer, You may want to consider both the situation of not entering the loop and the situation of jumping out of the loop. If some of the pre-conditions are also loop invariant, you need to add them to your answer as well.
Use '&&', '||', '==>', '\forall' or '\exists' if necessary. For instance:
```
loop invariant 1 <= x;
loop invariant x == y;
loop invariant 0 < x ==> y <= z;
loop invariant z % 2 == 1 || x == y;
loop invariant z % 2 == 1 && x <= y;
loop invariant \forall integer k;  0 <= k < i ==> max >=  a[k];
loop invariant \exists integer k;  0 <= k < i &&  max == a[k];
loop invariant \forall integer p; 0 <= p < \at(k, End_l) ==> res[p] == \at(res[p], End_l);
```
Your answer should follow the following format:
```
loop invariant ...;
loop invariant ...;
...
```
No explanation. No commentary. Just show me the loop invariant.
 /no_think
--------------------------
----------Response----------
[unused16][unused17]loop invariant i <= n;
loop invariant j == k + i;
loop invariant k == 1;
loop invariant flag == 0 || k == unknown1();
loop invariant i == 0 || j == k + i;
loop invariant z == k + i + j;
```
----------------------------
------------Invariant Info-----------
LOOP A:
i_17: i <= n
i_18: j == k + i
i_19: k == 1
i_20: flag == 0 || k == unknown1()
i_21: i == 0 || j == k + i
i_22: z == k + i + j
------------------------------------
---------- Code with Invariants ----------
#include <assert.h>
/*@
ensures \result >= 0;
*/
int unknown1();
int unknown2();
int unknown3();
int unknown4();

/*
 * Adapted from "Automated Error Diagnosis Using Abductive Inference" by Dillig et al.
 */
/*@
requires n > 0;
*/
void oopsla_41(int n, int flag) {
    int k = 1;
    if (flag) {
        k = unknown1();
    }
    int i = 0, j = 0;
    // Loop A
    /*@
        loop invariant i_17: i <= n;

        loop invariant i_18: j == k + i;

        loop invariant i_19: k == 1;

        loop invariant i_20: flag == 0 || k == unknown1();

        loop invariant i_21: i == 0 || j == k + i;

        loop invariant i_22: z == k + i + j;


        loop assigns j;
        loop assigns i;
    */
    while (i <= n) {
        i++;
        j += i;
    }
    int z = k + i + j;
    //@ assert  a_1: z > 2 * n;
}
------------------------------------------
Verification failed (Invalid), removing all invariants and retrying.
Verification failed: reached maximum attempts.
---------Result---------
Fail
Model: openPangu-Embedded-7B-V1.1
Running time: 92.7917251586914
Proposal number: 5
Verified code:

------------------------
