-----------Model-----------
Model type:
PanguEmbeddedForCausalLM(
  (model): PanguEmbeddedModel(
    (embed_tokens): Embedding(153376, 4096, padding_idx=0)
    (layers): ModuleList(
      (0-33): 34 x PanguEmbeddedDecoderLayer(
        (self_attn): PanguEmbeddedAttention(
          (q_proj): Linear(in_features=4096, out_features=4096, bias=True)
          (k_proj): Linear(in_features=4096, out_features=1024, bias=True)
          (v_proj): Linear(in_features=4096, out_features=1024, bias=True)
          (o_proj): Linear(in_features=4096, out_features=4096, bias=True)
        )
        (mlp): PanguEmbeddedMLP(
          (gate_proj): Linear(in_features=4096, out_features=12800, bias=False)
          (up_proj): Linear(in_features=4096, out_features=12800, bias=False)
          (down_proj): Linear(in_features=12800, out_features=4096, bias=False)
          (act_fn): SiLU()
        )
        (input_layernorm): PanguEmbeddedRMSNorm((4096,), eps=1e-05)
        (post_attention_layernorm): PanguEmbeddedRMSNorm((4096,), eps=1e-05)
      )
    )
    (norm): PanguEmbeddedRMSNorm((4096,), eps=1e-05)
    (rotary_emb): PanguEmbeddedRotaryEmbedding()
  )
  (lm_head): Linear(in_features=4096, out_features=153376, bias=False)
)
Model device:
npu:1
---------------------------
File Path: ../Benchmark/acsl-algorithms/_partition_lomuto.c
----------Code----------
/*@
    requires \valid(x) && \valid(y);
    assigns *x, *y;
    ensures *x == \old(*y) && *y == \old(*x);
*/
void swap(int *x, int *y) {
    int tmp = *x;
    *x = *y;
    *y = tmp;
}

/*@
    requires lo <= hi;
    requires \valid(a + (lo .. hi));
    assigns a[lo..hi];
    ensures lo <= \result && \result <= hi;
    ensures e_1: \forall integer i; lo <= i <= \result ==> a[i] <= a[\result];
    ensures e_2: \forall integer i; \result <= i <= hi ==> a[i] >= a[\result];
*/
int _partition_lomuto(int* a, int lo, int hi) {
    int pivot = a[hi];
    int i = lo - 1;
    int j;

    /*@
        loop assigns a[lo..hi], i, j;
    */
    for (j = lo; j < hi; j++) {
        if (a[j] <= pivot) {
            i++;
            swap(&a[i], &a[j]);
        }
    }
    swap(&a[i + 1], &a[hi]);
    return i + 1;
}
------------------------
----------Prompt----------

/*@
    requires \valid(x) && \valid(y);
    assigns *x, *y;
    ensures *x == \old(*y) && *y == \old(*x);
*/
void swap(int *x, int *y) {
    int tmp = *x;
    *x = *y;
    *y = tmp;
}

/*@
    requires lo <= hi;
    requires \valid(a + (lo .. hi));
    assigns a[lo..hi];
    ensures lo <= \result && \result <= hi;
    ensures e_1: \forall integer i; lo <= i <= \result ==> a[i] <= a[\result];
    ensures e_2: \forall integer i; \result <= i <= hi ==> a[i] >= a[\result];
*/
int _partition_lomuto(int* a, int lo, int hi) {
    int pivot = a[hi];
    int i = lo - 1;
    int j;

    // Loop A
    /*@
        [Hint] Please infer the loop invariant for the following loop.

        loop assigns a[lo..hi], i, j;
    */
    for (j = lo; j < hi; j++) {
        if (a[j] <= pivot) {
            i++;
            swap(&a[i], &a[j]);
        }
    }
    swap(&a[i + 1], &a[hi]);
    return i + 1;
}
You are an expert in program verification, and please generate loop invariant as C annotation comments at the hint location (annotated by "[Hint] Please infer the loop invariant for the following loop.") using ACSL language.
ACSL is a specification language for C programs that conforms to the design by contract paradigm, utilizing Hoare style pre- and postconditions and invariants. Note that the `loop invariant` clause is a condition that is true at the beginning and end of every loop iteration.
Specifically, for the current verification task:
    - Pre-condition: the function's `requires` clauses
    - Post-condition: 1:lo <= \result && \result <= hi; e_1:\forall integer i; lo <= i <= \result ==> a[i] <= a[\result]; e_2:\forall integer i; \result <= i <= hi ==> a[i] >= a[\result]; 
Please verify that the generated loop invariant is consistent with these constraints. If these specific pre- or post-conditions are not provided or empty, please infer the loop invariant strictly based on the program's execution logic and standard correctness.
In order to get a correct answer, You may want to consider both the situation of not entering the loop and the situation of jumping out of the loop. If some of the pre-conditions are also loop invariant, you need to add them to your answer as well.
Use '&&', '||', '==>', '\forall' or '\exists' if necessary. For instance:
```
loop invariant 1 <= x;
loop invariant x == y;
loop invariant 0 < x ==> y <= z;
loop invariant z % 2 == 1 || x == y;
loop invariant z % 2 == 1 && x <= y;
loop invariant \forall integer k;  0 <= k < i ==> max >=  a[k];
loop invariant \exists integer k;  0 <= k < i &&  max == a[k];
loop invariant \forall integer p; 0 <= p < \at(k, End_l) ==> res[p] == \at(res[p], End_l);
```
Your answer should follow the following format:
```
loop invariant ...;
loop invariant ...;
...
```
No explanation. No commentary. Just show me the loop invariant.
 /no_think
--------------------------
----------Response----------
[unused16][unused17]loop invariant lo <= i <= hi && \valid(a + (lo .. i));
loop invariant \forall integer k;  lo <= k <= i ==> a[k] <= pivot;
loop invariant \forall integer k;  lo <= k <= i ==> a[k] <= a[hi];
loop invariant i >= lo - 1;
loop invariant j >= lo;
```
----------------------------
------------Invariant Info-----------
LOOP A:
i_0: lo <= i <= hi && \valid(a + (lo .. i))
i_1: \forall integer k; lo <= k <= i ==> a[k] <= pivot
i_2: \forall integer k; lo <= k <= i ==> a[k] <= a[hi]
i_3: i >= lo - 1
i_4: j >= lo
------------------------------------
----------Code with Invariants----------
/*@
    requires \valid(x) && \valid(y);
    assigns *x, *y;
    ensures *x == \old(*y) && *y == \old(*x);
*/
void swap(int *x, int *y) {
    int tmp = *x;
    *x = *y;
    *y = tmp;
}

/*@
    requires lo <= hi;
    requires \valid(a + (lo .. hi));
    assigns a[lo..hi];
    ensures lo <= \result && \result <= hi;
    ensures e_1: \forall integer i; lo <= i <= \result ==> a[i] <= a[\result];
    ensures e_2: \forall integer i; \result <= i <= hi ==> a[i] >= a[\result];
*/
int _partition_lomuto(int* a, int lo, int hi) {
    int pivot = a[hi];
    int i = lo - 1;
    int j;

    // Loop A
    /*@
        loop invariant i_0: lo <= i <= hi && \valid(a + (lo .. i));

        loop invariant i_1: \forall integer k; lo <= k <= i ==> a[k] <= pivot;

        loop invariant i_2: \forall integer k; lo <= k <= i ==> a[k] <= a[hi];

        loop invariant i_3: i >= lo - 1;

        loop invariant i_4: j >= lo;


        loop assigns a[lo..hi], i, j;
    */
    for (j = lo; j < hi; j++) {
        if (a[j] <= pivot) {
            i++;
            swap(&a[i], &a[j]);
        }
    }
    swap(&a[i + 1], &a[hi]);
    return i + 1;
}
----------------------------------------
----------Begin Revise----------
-------------Establishment_requires: i_0: establishment---------------
----------Prompt----------

/*@
    requires \valid(x) && \valid(y);
    assigns *x, *y;
    ensures *x == \old(*y) && *y == \old(*x);
*/
void swap(int *x, int *y) {
    int tmp = *x;
    *x = *y;
    *y = tmp;
}

/*@
    requires lo <= hi;
    requires \valid(a + (lo .. hi));
    assigns a[lo..hi];
    ensures lo <= \result && \result <= hi;
    ensures e_1: \forall integer i; lo <= i <= \result ==> a[i] <= a[\result];
    ensures e_2: \forall integer i; \result <= i <= hi ==> a[i] >= a[\result];
*/
int _partition_lomuto(int* a, int lo, int hi) {
    int pivot = a[hi];
    int i = lo - 1;
    int j;

    // Loop A
    /*@
        [Hint] Loop invariant lo <= i <= hi && \valid(a + (lo .. i)) too strong initially. Relax it.

        loop invariant i_0: lo <= i <= hi && \valid(a + (lo .. i));

        loop invariant i_1: \forall integer k; lo <= k <= i ==> a[k] <= pivot;

        loop invariant i_2: \forall integer k; lo <= k <= i ==> a[k] <= a[hi];

        loop invariant i_3: i >= lo - 1;

        loop invariant i_4: j >= lo;


        loop assigns a[lo..hi], i, j;
    */
    for (j = lo; j < hi; j++) {
        if (a[j] <= pivot) {
            i++;
            swap(&a[i], &a[j]);
        }
    }
    swap(&a[i + 1], &a[hi]);
    return i + 1;
}
You are an expert in deductive program verification using ACSL and Frama-C.
The following loop invariant of the loop labeled "A" cannot be established from the function's `requires` clauses:
[Unprovable Initial Invariant] lo <= i <= hi && \valid(a + (lo .. i))
This means the loop invariant is too strong at the loop entry, violating the establishment condition of loop correctness.  
Your task is to relax or weaken the loop invariant at the position marked by: "[Hint] Loop invariant too strong initially. Relax it."
IMPORTANT RULES:
1. The relaxed invariants must still hold:
   - Establishment: They must be provable solely from the function's requires clauses and the program state before entering the loop.
   - Preservation: after executing the loop body exactly once, the invariant still holds.
   - Zero-iteration case: the invariant is valid even if the loop never executes.
2. Do NOT restate or print any of the existing loop invariants.  
   Only output the modified (weakened) invariants necessary to make the establishment step succeed.
3. Your answer must be solely in the form:
   ```
   loop invariant ...;
   loop invariant ...;
   ...
   ```
4. All invariants must follow ACSL syntax and be valid loop invariants.
5. No explanation. No commentary. Just show me the loop invariant.
 /no_think
--------------------------
----------Response----------
[unused16][unused17]```
loop invariant i_0: lo <= i <= hi && \valid(a + (lo .. i));
loop invariant i_1: \forall integer k; lo <= k <= i ==> a[k] <= pivot;
loop invariant i_2: \forall integer k; lo <= k <= i ==> a[k] <= a[hi];
loop invariant i_3: i >= lo - 1;
```
----------------------------
--------------------------------
------------Invariant Info-----------
LOOP A:
i_0: lo <= i <= hi && \valid(a + (lo .. i))
i_1: \forall integer k; lo <= k <= i ==> a[k] <= pivot
i_2: \forall integer k; lo <= k <= i ==> a[k] <= a[hi]
i_3: i >= lo - 1
i_4: j >= lo
------------------------------------
----------Code with Invariants----------
/*@
    requires \valid(x) && \valid(y);
    assigns *x, *y;
    ensures *x == \old(*y) && *y == \old(*x);
*/
void swap(int *x, int *y) {
    int tmp = *x;
    *x = *y;
    *y = tmp;
}

/*@
    requires lo <= hi;
    requires \valid(a + (lo .. hi));
    assigns a[lo..hi];
    ensures lo <= \result && \result <= hi;
    ensures e_1: \forall integer i; lo <= i <= \result ==> a[i] <= a[\result];
    ensures e_2: \forall integer i; \result <= i <= hi ==> a[i] >= a[\result];
*/
int _partition_lomuto(int* a, int lo, int hi) {
    int pivot = a[hi];
    int i = lo - 1;
    int j;

    // Loop A
    /*@
        loop invariant i_0: lo <= i <= hi && \valid(a + (lo .. i));

        loop invariant i_1: \forall integer k; lo <= k <= i ==> a[k] <= pivot;

        loop invariant i_2: \forall integer k; lo <= k <= i ==> a[k] <= a[hi];

        loop invariant i_3: i >= lo - 1;

        loop invariant i_4: j >= lo;


        loop assigns a[lo..hi], i, j;
    */
    for (j = lo; j < hi; j++) {
        if (a[j] <= pivot) {
            i++;
            swap(&a[i], &a[j]);
        }
    }
    swap(&a[i + 1], &a[hi]);
    return i + 1;
}
----------------------------------------
----------Begin Revise----------
-------------Establishment_requires: i_0: establishment---------------
----------Prompt----------

/*@
    requires \valid(x) && \valid(y);
    assigns *x, *y;
    ensures *x == \old(*y) && *y == \old(*x);
*/
void swap(int *x, int *y) {
    int tmp = *x;
    *x = *y;
    *y = tmp;
}

/*@
    requires lo <= hi;
    requires \valid(a + (lo .. hi));
    assigns a[lo..hi];
    ensures lo <= \result && \result <= hi;
    ensures e_1: \forall integer i; lo <= i <= \result ==> a[i] <= a[\result];
    ensures e_2: \forall integer i; \result <= i <= hi ==> a[i] >= a[\result];
*/
int _partition_lomuto(int* a, int lo, int hi) {
    int pivot = a[hi];
    int i = lo - 1;
    int j;

    // Loop A
    /*@
        [Hint] Loop invariant lo <= i <= hi && \valid(a + (lo .. i)) too strong initially. Relax it.

        loop invariant i_0: lo <= i <= hi && \valid(a + (lo .. i));

        loop invariant i_1: \forall integer k; lo <= k <= i ==> a[k] <= pivot;

        loop invariant i_2: \forall integer k; lo <= k <= i ==> a[k] <= a[hi];

        loop invariant i_3: i >= lo - 1;

        loop invariant i_4: j >= lo;


        loop assigns a[lo..hi], i, j;
    */
    for (j = lo; j < hi; j++) {
        if (a[j] <= pivot) {
            i++;
            swap(&a[i], &a[j]);
        }
    }
    swap(&a[i + 1], &a[hi]);
    return i + 1;
}
You are an expert in deductive program verification using ACSL and Frama-C.
The following loop invariant of the loop labeled "A" cannot be established from the function's `requires` clauses:
[Unprovable Initial Invariant] lo <= i <= hi && \valid(a + (lo .. i))
This means the loop invariant is too strong at the loop entry, violating the establishment condition of loop correctness.  
Your task is to relax or weaken the loop invariant at the position marked by: "[Hint] Loop invariant too strong initially. Relax it."
IMPORTANT RULES:
1. The relaxed invariants must still hold:
   - Establishment: They must be provable solely from the function's requires clauses and the program state before entering the loop.
   - Preservation: after executing the loop body exactly once, the invariant still holds.
   - Zero-iteration case: the invariant is valid even if the loop never executes.
2. Do NOT restate or print any of the existing loop invariants.  
   Only output the modified (weakened) invariants necessary to make the establishment step succeed.
3. Your answer must be solely in the form:
   ```
   loop invariant ...;
   loop invariant ...;
   ...
   ```
4. All invariants must follow ACSL syntax and be valid loop invariants.
5. No explanation. No commentary. Just show me the loop invariant.
 /no_think
--------------------------
----------Response----------
[unused16][unused17]```
loop invariant i_0: lo <= i <= hi && \valid(a + (lo .. i));
loop invariant i_1: \forall integer k; lo <= k <= i ==> a[k] <= pivot;
loop invariant i_2: \forall integer k; lo <= k <= i ==> a[k] <= a[hi];
```
----------------------------
--------------------------------
------------Invariant Info-----------
LOOP A:
i_0: lo <= i <= hi && \valid(a + (lo .. i))
i_1: \forall integer k; lo <= k <= i ==> a[k] <= pivot
i_2: \forall integer k; lo <= k <= i ==> a[k] <= a[hi]
i_3: i >= lo - 1
i_4: j >= lo
------------------------------------
----------Code with Invariants----------
/*@
    requires \valid(x) && \valid(y);
    assigns *x, *y;
    ensures *x == \old(*y) && *y == \old(*x);
*/
void swap(int *x, int *y) {
    int tmp = *x;
    *x = *y;
    *y = tmp;
}

/*@
    requires lo <= hi;
    requires \valid(a + (lo .. hi));
    assigns a[lo..hi];
    ensures lo <= \result && \result <= hi;
    ensures e_1: \forall integer i; lo <= i <= \result ==> a[i] <= a[\result];
    ensures e_2: \forall integer i; \result <= i <= hi ==> a[i] >= a[\result];
*/
int _partition_lomuto(int* a, int lo, int hi) {
    int pivot = a[hi];
    int i = lo - 1;
    int j;

    // Loop A
    /*@
        loop invariant i_0: lo <= i <= hi && \valid(a + (lo .. i));

        loop invariant i_1: \forall integer k; lo <= k <= i ==> a[k] <= pivot;

        loop invariant i_2: \forall integer k; lo <= k <= i ==> a[k] <= a[hi];

        loop invariant i_3: i >= lo - 1;

        loop invariant i_4: j >= lo;


        loop assigns a[lo..hi], i, j;
    */
    for (j = lo; j < hi; j++) {
        if (a[j] <= pivot) {
            i++;
            swap(&a[i], &a[j]);
        }
    }
    swap(&a[i + 1], &a[hi]);
    return i + 1;
}
----------------------------------------
----------Begin Revise----------
-------------Establishment_requires: i_0: establishment---------------
----------Prompt----------

/*@
    requires \valid(x) && \valid(y);
    assigns *x, *y;
    ensures *x == \old(*y) && *y == \old(*x);
*/
void swap(int *x, int *y) {
    int tmp = *x;
    *x = *y;
    *y = tmp;
}

/*@
    requires lo <= hi;
    requires \valid(a + (lo .. hi));
    assigns a[lo..hi];
    ensures lo <= \result && \result <= hi;
    ensures e_1: \forall integer i; lo <= i <= \result ==> a[i] <= a[\result];
    ensures e_2: \forall integer i; \result <= i <= hi ==> a[i] >= a[\result];
*/
int _partition_lomuto(int* a, int lo, int hi) {
    int pivot = a[hi];
    int i = lo - 1;
    int j;

    // Loop A
    /*@
        [Hint] Loop invariant lo <= i <= hi && \valid(a + (lo .. i)) too strong initially. Relax it.

        loop invariant i_0: lo <= i <= hi && \valid(a + (lo .. i));

        loop invariant i_1: \forall integer k; lo <= k <= i ==> a[k] <= pivot;

        loop invariant i_2: \forall integer k; lo <= k <= i ==> a[k] <= a[hi];

        loop invariant i_3: i >= lo - 1;

        loop invariant i_4: j >= lo;


        loop assigns a[lo..hi], i, j;
    */
    for (j = lo; j < hi; j++) {
        if (a[j] <= pivot) {
            i++;
            swap(&a[i], &a[j]);
        }
    }
    swap(&a[i + 1], &a[hi]);
    return i + 1;
}
You are an expert in deductive program verification using ACSL and Frama-C.
The following loop invariant of the loop labeled "A" cannot be established from the function's `requires` clauses:
[Unprovable Initial Invariant] lo <= i <= hi && \valid(a + (lo .. i))
This means the loop invariant is too strong at the loop entry, violating the establishment condition of loop correctness.  
Your task is to relax or weaken the loop invariant at the position marked by: "[Hint] Loop invariant too strong initially. Relax it."
IMPORTANT RULES:
1. The relaxed invariants must still hold:
   - Establishment: They must be provable solely from the function's requires clauses and the program state before entering the loop.
   - Preservation: after executing the loop body exactly once, the invariant still holds.
   - Zero-iteration case: the invariant is valid even if the loop never executes.
2. Do NOT restate or print any of the existing loop invariants.  
   Only output the modified (weakened) invariants necessary to make the establishment step succeed.
3. Your answer must be solely in the form:
   ```
   loop invariant ...;
   loop invariant ...;
   ...
   ```
4. All invariants must follow ACSL syntax and be valid loop invariants.
5. No explanation. No commentary. Just show me the loop invariant.
 /no_think
--------------------------
----------Response----------
[unused16][unused17]```
loop invariant i_0: lo <= i <= hi && \valid(a + (lo .. i));
loop invariant i_1: \forall integer k; lo <= k <= i ==> a[k] <= pivot;
loop invariant i_2: \forall integer k; lo <= k <= i ==> a[k] <= a[hi];
loop invariant i_3: i >= lo - 1;
loop invariant i_4: j >= lo;
```
----------------------------
--------------------------------
------------Invariant Info-----------
LOOP A:
i_0: lo <= i <= hi && \valid(a + (lo .. i))
i_1: \forall integer k; lo <= k <= i ==> a[k] <= pivot
i_2: \forall integer k; lo <= k <= i ==> a[k] <= a[hi]
i_3: i >= lo - 1
i_4: j >= lo
------------------------------------
----------Code with Invariants----------
/*@
    requires \valid(x) && \valid(y);
    assigns *x, *y;
    ensures *x == \old(*y) && *y == \old(*x);
*/
void swap(int *x, int *y) {
    int tmp = *x;
    *x = *y;
    *y = tmp;
}

/*@
    requires lo <= hi;
    requires \valid(a + (lo .. hi));
    assigns a[lo..hi];
    ensures lo <= \result && \result <= hi;
    ensures e_1: \forall integer i; lo <= i <= \result ==> a[i] <= a[\result];
    ensures e_2: \forall integer i; \result <= i <= hi ==> a[i] >= a[\result];
*/
int _partition_lomuto(int* a, int lo, int hi) {
    int pivot = a[hi];
    int i = lo - 1;
    int j;

    // Loop A
    /*@
        loop invariant i_0: lo <= i <= hi && \valid(a + (lo .. i));

        loop invariant i_1: \forall integer k; lo <= k <= i ==> a[k] <= pivot;

        loop invariant i_2: \forall integer k; lo <= k <= i ==> a[k] <= a[hi];

        loop invariant i_3: i >= lo - 1;

        loop invariant i_4: j >= lo;


        loop assigns a[lo..hi], i, j;
    */
    for (j = lo; j < hi; j++) {
        if (a[j] <= pivot) {
            i++;
            swap(&a[i], &a[j]);
        }
    }
    swap(&a[i + 1], &a[hi]);
    return i + 1;
}
----------------------------------------
----------Begin Revise----------
-------------Establishment_requires: i_0: establishment---------------
----------Prompt----------

/*@
    requires \valid(x) && \valid(y);
    assigns *x, *y;
    ensures *x == \old(*y) && *y == \old(*x);
*/
void swap(int *x, int *y) {
    int tmp = *x;
    *x = *y;
    *y = tmp;
}

/*@
    requires lo <= hi;
    requires \valid(a + (lo .. hi));
    assigns a[lo..hi];
    ensures lo <= \result && \result <= hi;
    ensures e_1: \forall integer i; lo <= i <= \result ==> a[i] <= a[\result];
    ensures e_2: \forall integer i; \result <= i <= hi ==> a[i] >= a[\result];
*/
int _partition_lomuto(int* a, int lo, int hi) {
    int pivot = a[hi];
    int i = lo - 1;
    int j;

    // Loop A
    /*@
        [Hint] Loop invariant lo <= i <= hi && \valid(a + (lo .. i)) too strong initially. Relax it.

        loop invariant i_0: lo <= i <= hi && \valid(a + (lo .. i));

        loop invariant i_1: \forall integer k; lo <= k <= i ==> a[k] <= pivot;

        loop invariant i_2: \forall integer k; lo <= k <= i ==> a[k] <= a[hi];

        loop invariant i_3: i >= lo - 1;

        loop invariant i_4: j >= lo;


        loop assigns a[lo..hi], i, j;
    */
    for (j = lo; j < hi; j++) {
        if (a[j] <= pivot) {
            i++;
            swap(&a[i], &a[j]);
        }
    }
    swap(&a[i + 1], &a[hi]);
    return i + 1;
}
You are an expert in deductive program verification using ACSL and Frama-C.
The following loop invariant of the loop labeled "A" cannot be established from the function's `requires` clauses:
[Unprovable Initial Invariant] lo <= i <= hi && \valid(a + (lo .. i))
This means the loop invariant is too strong at the loop entry, violating the establishment condition of loop correctness.  
Your task is to relax or weaken the loop invariant at the position marked by: "[Hint] Loop invariant too strong initially. Relax it."
IMPORTANT RULES:
1. The relaxed invariants must still hold:
   - Establishment: They must be provable solely from the function's requires clauses and the program state before entering the loop.
   - Preservation: after executing the loop body exactly once, the invariant still holds.
   - Zero-iteration case: the invariant is valid even if the loop never executes.
2. Do NOT restate or print any of the existing loop invariants.  
   Only output the modified (weakened) invariants necessary to make the establishment step succeed.
3. Your answer must be solely in the form:
   ```
   loop invariant ...;
   loop invariant ...;
   ...
   ```
4. All invariants must follow ACSL syntax and be valid loop invariants.
5. No explanation. No commentary. Just show me the loop invariant.
 /no_think
--------------------------
----------Response----------
[unused16][unused17]```
loop invariant i_0: lo <= i <= hi && \valid(a + (lo .. i));
loop invariant i_1: \forall integer k; lo <= k <= i ==> a[k] <= pivot;
loop invariant i_2: \forall integer k; lo <= k <= i ==> a[k] <= a[hi];
loop invariant i_3: i >= lo - 1;
loop invariant i_4: j >= lo;
```
----------------------------
--------------------------------
------------Invariant Info-----------
LOOP A:
i_0: lo <= i <= hi && \valid(a + (lo .. i))
i_1: \forall integer k; lo <= k <= i ==> a[k] <= pivot
i_2: \forall integer k; lo <= k <= i ==> a[k] <= a[hi]
i_3: i >= lo - 1
i_4: j >= lo
------------------------------------
----------Code with Invariants----------
/*@
    requires \valid(x) && \valid(y);
    assigns *x, *y;
    ensures *x == \old(*y) && *y == \old(*x);
*/
void swap(int *x, int *y) {
    int tmp = *x;
    *x = *y;
    *y = tmp;
}

/*@
    requires lo <= hi;
    requires \valid(a + (lo .. hi));
    assigns a[lo..hi];
    ensures lo <= \result && \result <= hi;
    ensures e_1: \forall integer i; lo <= i <= \result ==> a[i] <= a[\result];
    ensures e_2: \forall integer i; \result <= i <= hi ==> a[i] >= a[\result];
*/
int _partition_lomuto(int* a, int lo, int hi) {
    int pivot = a[hi];
    int i = lo - 1;
    int j;

    // Loop A
    /*@
        loop invariant i_0: lo <= i <= hi && \valid(a + (lo .. i));

        loop invariant i_1: \forall integer k; lo <= k <= i ==> a[k] <= pivot;

        loop invariant i_2: \forall integer k; lo <= k <= i ==> a[k] <= a[hi];

        loop invariant i_3: i >= lo - 1;

        loop invariant i_4: j >= lo;


        loop assigns a[lo..hi], i, j;
    */
    for (j = lo; j < hi; j++) {
        if (a[j] <= pivot) {
            i++;
            swap(&a[i], &a[j]);
        }
    }
    swap(&a[i + 1], &a[hi]);
    return i + 1;
}
----------------------------------------
----------Begin Revise----------
-------------Establishment_requires: i_0: establishment---------------
----------Prompt----------

/*@
    requires \valid(x) && \valid(y);
    assigns *x, *y;
    ensures *x == \old(*y) && *y == \old(*x);
*/
void swap(int *x, int *y) {
    int tmp = *x;
    *x = *y;
    *y = tmp;
}

/*@
    requires lo <= hi;
    requires \valid(a + (lo .. hi));
    assigns a[lo..hi];
    ensures lo <= \result && \result <= hi;
    ensures e_1: \forall integer i; lo <= i <= \result ==> a[i] <= a[\result];
    ensures e_2: \forall integer i; \result <= i <= hi ==> a[i] >= a[\result];
*/
int _partition_lomuto(int* a, int lo, int hi) {
    int pivot = a[hi];
    int i = lo - 1;
    int j;

    // Loop A
    /*@
        [Hint] Loop invariant lo <= i <= hi && \valid(a + (lo .. i)) too strong initially. Relax it.

        loop invariant i_0: lo <= i <= hi && \valid(a + (lo .. i));

        loop invariant i_1: \forall integer k; lo <= k <= i ==> a[k] <= pivot;

        loop invariant i_2: \forall integer k; lo <= k <= i ==> a[k] <= a[hi];

        loop invariant i_3: i >= lo - 1;

        loop invariant i_4: j >= lo;


        loop assigns a[lo..hi], i, j;
    */
    for (j = lo; j < hi; j++) {
        if (a[j] <= pivot) {
            i++;
            swap(&a[i], &a[j]);
        }
    }
    swap(&a[i + 1], &a[hi]);
    return i + 1;
}
You are an expert in deductive program verification using ACSL and Frama-C.
The following loop invariant of the loop labeled "A" cannot be established from the function's `requires` clauses:
[Unprovable Initial Invariant] lo <= i <= hi && \valid(a + (lo .. i))
This means the loop invariant is too strong at the loop entry, violating the establishment condition of loop correctness.  
Your task is to relax or weaken the loop invariant at the position marked by: "[Hint] Loop invariant too strong initially. Relax it."
IMPORTANT RULES:
1. The relaxed invariants must still hold:
   - Establishment: They must be provable solely from the function's requires clauses and the program state before entering the loop.
   - Preservation: after executing the loop body exactly once, the invariant still holds.
   - Zero-iteration case: the invariant is valid even if the loop never executes.
2. Do NOT restate or print any of the existing loop invariants.  
   Only output the modified (weakened) invariants necessary to make the establishment step succeed.
3. Your answer must be solely in the form:
   ```
   loop invariant ...;
   loop invariant ...;
   ...
   ```
4. All invariants must follow ACSL syntax and be valid loop invariants.
5. No explanation. No commentary. Just show me the loop invariant.
 /no_think
--------------------------
----------Response----------
[unused16][unused17]```
loop invariant i_0: lo <= i <= hi && \valid(a + (lo .. i));
loop invariant i_1: \forall integer k; lo <= k <= i ==> a[k] <= pivot;
loop invariant i_2: \forall integer k; lo <= k <= i ==> a[k] <= a[hi];
loop invariant i_3: i >= lo - 1;
loop invariant i_4: j >= lo;
```
----------------------------
--------------------------------
------------Invariant Info-----------
LOOP A:
i_0: lo <= i <= hi && \valid(a + (lo .. i))
i_1: \forall integer k; lo <= k <= i ==> a[k] <= pivot
i_2: \forall integer k; lo <= k <= i ==> a[k] <= a[hi]
i_3: i >= lo - 1
i_4: j >= lo
------------------------------------
----------Code with Invariants----------
/*@
    requires \valid(x) && \valid(y);
    assigns *x, *y;
    ensures *x == \old(*y) && *y == \old(*x);
*/
void swap(int *x, int *y) {
    int tmp = *x;
    *x = *y;
    *y = tmp;
}

/*@
    requires lo <= hi;
    requires \valid(a + (lo .. hi));
    assigns a[lo..hi];
    ensures lo <= \result && \result <= hi;
    ensures e_1: \forall integer i; lo <= i <= \result ==> a[i] <= a[\result];
    ensures e_2: \forall integer i; \result <= i <= hi ==> a[i] >= a[\result];
*/
int _partition_lomuto(int* a, int lo, int hi) {
    int pivot = a[hi];
    int i = lo - 1;
    int j;

    // Loop A
    /*@
        loop invariant i_0: lo <= i <= hi && \valid(a + (lo .. i));

        loop invariant i_1: \forall integer k; lo <= k <= i ==> a[k] <= pivot;

        loop invariant i_2: \forall integer k; lo <= k <= i ==> a[k] <= a[hi];

        loop invariant i_3: i >= lo - 1;

        loop invariant i_4: j >= lo;


        loop assigns a[lo..hi], i, j;
    */
    for (j = lo; j < hi; j++) {
        if (a[j] <= pivot) {
            i++;
            swap(&a[i], &a[j]);
        }
    }
    swap(&a[i + 1], &a[hi]);
    return i + 1;
}
----------------------------------------
----------Begin Revise----------
-------------Establishment_requires: i_0: establishment---------------
----------Prompt----------

/*@
    requires \valid(x) && \valid(y);
    assigns *x, *y;
    ensures *x == \old(*y) && *y == \old(*x);
*/
void swap(int *x, int *y) {
    int tmp = *x;
    *x = *y;
    *y = tmp;
}

/*@
    requires lo <= hi;
    requires \valid(a + (lo .. hi));
    assigns a[lo..hi];
    ensures lo <= \result && \result <= hi;
    ensures e_1: \forall integer i; lo <= i <= \result ==> a[i] <= a[\result];
    ensures e_2: \forall integer i; \result <= i <= hi ==> a[i] >= a[\result];
*/
int _partition_lomuto(int* a, int lo, int hi) {
    int pivot = a[hi];
    int i = lo - 1;
    int j;

    // Loop A
    /*@
        [Hint] Loop invariant lo <= i <= hi && \valid(a + (lo .. i)) too strong initially. Relax it.

        loop invariant i_0: lo <= i <= hi && \valid(a + (lo .. i));

        loop invariant i_1: \forall integer k; lo <= k <= i ==> a[k] <= pivot;

        loop invariant i_2: \forall integer k; lo <= k <= i ==> a[k] <= a[hi];

        loop invariant i_3: i >= lo - 1;

        loop invariant i_4: j >= lo;


        loop assigns a[lo..hi], i, j;
    */
    for (j = lo; j < hi; j++) {
        if (a[j] <= pivot) {
            i++;
            swap(&a[i], &a[j]);
        }
    }
    swap(&a[i + 1], &a[hi]);
    return i + 1;
}
You are an expert in deductive program verification using ACSL and Frama-C.
The following loop invariant of the loop labeled "A" cannot be established from the function's `requires` clauses:
[Unprovable Initial Invariant] lo <= i <= hi && \valid(a + (lo .. i))
This means the loop invariant is too strong at the loop entry, violating the establishment condition of loop correctness.  
Your task is to relax or weaken the loop invariant at the position marked by: "[Hint] Loop invariant too strong initially. Relax it."
IMPORTANT RULES:
1. The relaxed invariants must still hold:
   - Establishment: They must be provable solely from the function's requires clauses and the program state before entering the loop.
   - Preservation: after executing the loop body exactly once, the invariant still holds.
   - Zero-iteration case: the invariant is valid even if the loop never executes.
2. Do NOT restate or print any of the existing loop invariants.  
   Only output the modified (weakened) invariants necessary to make the establishment step succeed.
3. Your answer must be solely in the form:
   ```
   loop invariant ...;
   loop invariant ...;
   ...
   ```
4. All invariants must follow ACSL syntax and be valid loop invariants.
5. No explanation. No commentary. Just show me the loop invariant.
 /no_think
--------------------------
----------Response----------
[unused16][unused17]```
loop invariant i_0: lo <= i <= hi && \valid(a + (lo .. i));

loop invariant i_1: \forall integer k; lo <= k <= i ==> a[k] <= pivot;

loop invariant i_2: \forall integer k; lo <= k <= i ==> a[k] <= a[hi];

loop invariant i_3: i >= lo - 1;

loop invariant i_4: j >= lo;

loop invariant j_1: j <= hi - 1;
```
----------------------------
--------------------------------
------------Invariant Info-----------
LOOP A:
i_0: lo <= i <= hi && \valid(a + (lo .. i))
i_1: \forall integer k; lo <= k <= i ==> a[k] <= pivot
i_2: \forall integer k; lo <= k <= i ==> a[k] <= a[hi]
i_3: i >= lo - 1
i_4: j >= lo
i_5: j <= hi - 1
------------------------------------
----------Code with Invariants----------
/*@
    requires \valid(x) && \valid(y);
    assigns *x, *y;
    ensures *x == \old(*y) && *y == \old(*x);
*/
void swap(int *x, int *y) {
    int tmp = *x;
    *x = *y;
    *y = tmp;
}

/*@
    requires lo <= hi;
    requires \valid(a + (lo .. hi));
    assigns a[lo..hi];
    ensures lo <= \result && \result <= hi;
    ensures e_1: \forall integer i; lo <= i <= \result ==> a[i] <= a[\result];
    ensures e_2: \forall integer i; \result <= i <= hi ==> a[i] >= a[\result];
*/
int _partition_lomuto(int* a, int lo, int hi) {
    int pivot = a[hi];
    int i = lo - 1;
    int j;

    // Loop A
    /*@
        loop invariant i_0: lo <= i <= hi && \valid(a + (lo .. i));

        loop invariant i_1: \forall integer k; lo <= k <= i ==> a[k] <= pivot;

        loop invariant i_2: \forall integer k; lo <= k <= i ==> a[k] <= a[hi];

        loop invariant i_3: i >= lo - 1;

        loop invariant i_4: j >= lo;

        loop invariant i_5: j <= hi - 1;


        loop assigns a[lo..hi], i, j;
    */
    for (j = lo; j < hi; j++) {
        if (a[j] <= pivot) {
            i++;
            swap(&a[i], &a[j]);
        }
    }
    swap(&a[i + 1], &a[hi]);
    return i + 1;
}
----------------------------------------
----------Begin Revise----------
--------------------------------
------------Invariant Info-----------
LOOP A:
i_1: \forall integer k; lo <= k <= i ==> a[k] <= pivot
i_2: \forall integer k; lo <= k <= i ==> a[k] <= a[hi]
i_3: i >= lo - 1
i_4: j >= lo
i_5: j <= hi - 1
------------------------------------
----------Code with Invariants----------
/*@
    requires \valid(x) && \valid(y);
    assigns *x, *y;
    ensures *x == \old(*y) && *y == \old(*x);
*/
void swap(int *x, int *y) {
    int tmp = *x;
    *x = *y;
    *y = tmp;
}

/*@
    requires lo <= hi;
    requires \valid(a + (lo .. hi));
    assigns a[lo..hi];
    ensures lo <= \result && \result <= hi;
    ensures e_1: \forall integer i; lo <= i <= \result ==> a[i] <= a[\result];
    ensures e_2: \forall integer i; \result <= i <= hi ==> a[i] >= a[\result];
*/
int _partition_lomuto(int* a, int lo, int hi) {
    int pivot = a[hi];
    int i = lo - 1;
    int j;

    // Loop A
    /*@
        loop invariant i_1: \forall integer k; lo <= k <= i ==> a[k] <= pivot;

        loop invariant i_2: \forall integer k; lo <= k <= i ==> a[k] <= a[hi];

        loop invariant i_3: i >= lo - 1;

        loop invariant i_4: j >= lo;

        loop invariant i_5: j <= hi - 1;


        loop assigns a[lo..hi], i, j;
    */
    for (j = lo; j < hi; j++) {
        if (a[j] <= pivot) {
            i++;
            swap(&a[i], &a[j]);
        }
    }
    swap(&a[i + 1], &a[hi]);
    return i + 1;
}
----------------------------------------
----------Begin Revise----------
-------------Preservation_self: i_2: preservation---------------
----------Prompt----------

/*@
    requires \valid(x) && \valid(y);
    assigns *x, *y;
    ensures *x == \old(*y) && *y == \old(*x);
*/
void swap(int *x, int *y) {
    int tmp = *x;
    *x = *y;
    *y = tmp;
}

/*@
    requires lo <= hi;
    requires \valid(a + (lo .. hi));
    assigns a[lo..hi];
    ensures lo <= \result && \result <= hi;
    ensures e_1: \forall integer i; lo <= i <= \result ==> a[i] <= a[\result];
    ensures e_2: \forall integer i; \result <= i <= hi ==> a[i] >= a[\result];
*/
int _partition_lomuto(int* a, int lo, int hi) {
    int pivot = a[hi];
    int i = lo - 1;
    int j;

    // Loop A
    /*@
        [Hint] Invariant \forall integer k; lo <= k <= i ==> a[k] <= a[hi] not preserved in this loop. Fix or supplement invariants.

        loop invariant i_1: \forall integer k; lo <= k <= i ==> a[k] <= pivot;

        loop invariant i_2: \forall integer k; lo <= k <= i ==> a[k] <= a[hi];

        loop invariant i_3: i >= lo - 1;

        loop invariant i_4: j >= lo;


        loop assigns a[lo..hi], i, j;
    */
    for (j = lo; j < hi; j++) {
        if (a[j] <= pivot) {
            i++;
            swap(&a[i], &a[j]);
        }
    }
    swap(&a[i + 1], &a[hi]);
    return i + 1;
}
You are an expert in deductive program verification using ACSL and Frama-C.
[Unprovable Invariant] \forall integer k; lo <= k <= i ==> a[k] <= a[hi]
The above loop invariant of loop "A" fails the preservation (inductive) condition:
after executing one iteration of the loop body, the invariant cannot be re-established.
[Loop Body]
if (a[j] <= pivot) { i++; swap(&a[i], &a[j]); j++;
This failure indicates that the current invariant may be incorrect or incomplete.  
There are two typical causes:
  1) The invariant is logically incorrect, so it does not hold after the loop body executes once.
     - In this case, you must adjust the invariant so that it is preserved by the loop body.
  2) The invariant is insufficient, i.e., it misses essential supporting conditions needed to re-establish itself.
     - In this case, you must introduce additional invariants so that the whole set becomes inductive.
Your task is to produce the corrected and/or auxiliary invariants that make the preservation step succeed.
IMPORTANT RULES:
1. You MUST NOT output any of the original invariants already in the code. Only output the new or modified invariants.
2. All invariants you produce must satisfy:
   - Establishment: they hold on loop entry.
   - Preservation: after executing the loop body exactly once, the invariant still holds.
   - Zero-iteration case: the invariant is valid even if the loop never executes.
3. The answer must follow this format exactly:
   ```
   loop invariant ...;
   loop invariant ...;
   ...
   ```
4. All invariants must follow ACSL syntax and be valid loop invariants.
5. No explanation. No commentary. Just show me the loop invariant.
 /no_think
--------------------------
----------Response----------
[unused16][unused17]loop invariant \forall integer k; lo <= k <= i ==> a[k] <= pivot;

loop invariant \forall integer k; lo <= k <= i ==> a[k] <= a[hi];

loop invariant i >= lo - 1;

loop invariant j >= lo;

loop invariant \forall integer k; lo <= k <= i ==> a[k] <= a[hi] && a[k] <= pivot;

loop invariant \forall integer k; lo <= k <= i ==> a[k] <= a[hi] && a[k] <= pivot;
----------------------------
-------------Preservation_self: i_1: preservation---------------
----------Prompt----------

/*@
    requires \valid(x) && \valid(y);
    assigns *x, *y;
    ensures *x == \old(*y) && *y == \old(*x);
*/
void swap(int *x, int *y) {
    int tmp = *x;
    *x = *y;
    *y = tmp;
}

/*@
    requires lo <= hi;
    requires \valid(a + (lo .. hi));
    assigns a[lo..hi];
    ensures lo <= \result && \result <= hi;
    ensures e_1: \forall integer i; lo <= i <= \result ==> a[i] <= a[\result];
    ensures e_2: \forall integer i; \result <= i <= hi ==> a[i] >= a[\result];
*/
int _partition_lomuto(int* a, int lo, int hi) {
    int pivot = a[hi];
    int i = lo - 1;
    int j;

    // Loop A
    /*@
        [Hint] Invariant \forall integer k; lo <= k <= i ==> a[k] <= pivot not preserved in this loop. Fix or supplement invariants.

        loop invariant i_1: \forall integer k; lo <= k <= i ==> a[k] <= pivot;

        loop invariant i_2: \forall integer k; lo <= k <= i ==> a[k] <= a[hi];

        loop invariant i_3: i >= lo - 1;

        loop invariant i_4: j >= lo;

        loop invariant i_6: \forall integer k; lo <= k <= i ==> a[k] <= a[hi] && a[k] <= pivot;


        loop assigns a[lo..hi], i, j;
    */
    for (j = lo; j < hi; j++) {
        if (a[j] <= pivot) {
            i++;
            swap(&a[i], &a[j]);
        }
    }
    swap(&a[i + 1], &a[hi]);
    return i + 1;
}
You are an expert in deductive program verification using ACSL and Frama-C.
[Unprovable Invariant] \forall integer k; lo <= k <= i ==> a[k] <= pivot
The above loop invariant of loop "A" fails the preservation (inductive) condition:
after executing one iteration of the loop body, the invariant cannot be re-established.
[Loop Body]
if (a[j] <= pivot) { i++; swap(&a[i], &a[j]); j++;
This failure indicates that the current invariant may be incorrect or incomplete.  
There are two typical causes:
  1) The invariant is logically incorrect, so it does not hold after the loop body executes once.
     - In this case, you must adjust the invariant so that it is preserved by the loop body.
  2) The invariant is insufficient, i.e., it misses essential supporting conditions needed to re-establish itself.
     - In this case, you must introduce additional invariants so that the whole set becomes inductive.
Your task is to produce the corrected and/or auxiliary invariants that make the preservation step succeed.
IMPORTANT RULES:
1. You MUST NOT output any of the original invariants already in the code. Only output the new or modified invariants.
2. All invariants you produce must satisfy:
   - Establishment: they hold on loop entry.
   - Preservation: after executing the loop body exactly once, the invariant still holds.
   - Zero-iteration case: the invariant is valid even if the loop never executes.
3. The answer must follow this format exactly:
   ```
   loop invariant ...;
   loop invariant ...;
   ...
   ```
4. All invariants must follow ACSL syntax and be valid loop invariants.
5. No explanation. No commentary. Just show me the loop invariant.
 /no_think
--------------------------
----------Response----------
[unused16][unused17]```
loop invariant i_1: \forall integer k; lo <= k <= i ==> a[k] <= pivot;

loop invariant i_2: \forall integer k; lo <= k <= i ==> a[k] <= a[hi];

loop invariant i_3: i >= lo - 1;

loop invariant j_1: j >= lo;

loop invariant i_6: \forall integer k; lo <= k <= i ==> a[k] <= a[hi] && a[k] <= pivot;
```
----------------------------
--------------------------------
------------Invariant Info-----------
LOOP A:
i_1: \forall integer k; lo <= k <= i ==> a[k] <= pivot
i_2: \forall integer k; lo <= k <= i ==> a[k] <= a[hi]
i_3: i >= lo - 1
i_4: j >= lo
i_6: \forall integer k; lo <= k <= i ==> a[k] <= a[hi] && a[k] <= pivot
------------------------------------
----------Code with Invariants----------
/*@
    requires \valid(x) && \valid(y);
    assigns *x, *y;
    ensures *x == \old(*y) && *y == \old(*x);
*/
void swap(int *x, int *y) {
    int tmp = *x;
    *x = *y;
    *y = tmp;
}

/*@
    requires lo <= hi;
    requires \valid(a + (lo .. hi));
    assigns a[lo..hi];
    ensures lo <= \result && \result <= hi;
    ensures e_1: \forall integer i; lo <= i <= \result ==> a[i] <= a[\result];
    ensures e_2: \forall integer i; \result <= i <= hi ==> a[i] >= a[\result];
*/
int _partition_lomuto(int* a, int lo, int hi) {
    int pivot = a[hi];
    int i = lo - 1;
    int j;

    // Loop A
    /*@
        loop invariant i_1: \forall integer k; lo <= k <= i ==> a[k] <= pivot;

        loop invariant i_2: \forall integer k; lo <= k <= i ==> a[k] <= a[hi];

        loop invariant i_3: i >= lo - 1;

        loop invariant i_4: j >= lo;

        loop invariant i_6: \forall integer k; lo <= k <= i ==> a[k] <= a[hi] && a[k] <= pivot;


        loop assigns a[lo..hi], i, j;
    */
    for (j = lo; j < hi; j++) {
        if (a[j] <= pivot) {
            i++;
            swap(&a[i], &a[j]);
        }
    }
    swap(&a[i + 1], &a[hi]);
    return i + 1;
}
----------------------------------------
----------Begin Revise----------
-------------Preservation_self: i_2: preservation---------------
----------Prompt----------

/*@
    requires \valid(x) && \valid(y);
    assigns *x, *y;
    ensures *x == \old(*y) && *y == \old(*x);
*/
void swap(int *x, int *y) {
    int tmp = *x;
    *x = *y;
    *y = tmp;
}

/*@
    requires lo <= hi;
    requires \valid(a + (lo .. hi));
    assigns a[lo..hi];
    ensures lo <= \result && \result <= hi;
    ensures e_1: \forall integer i; lo <= i <= \result ==> a[i] <= a[\result];
    ensures e_2: \forall integer i; \result <= i <= hi ==> a[i] >= a[\result];
*/
int _partition_lomuto(int* a, int lo, int hi) {
    int pivot = a[hi];
    int i = lo - 1;
    int j;

    // Loop A
    /*@
        [Hint] Invariant \forall integer k; lo <= k <= i ==> a[k] <= a[hi] not preserved in this loop. Fix or supplement invariants.

        loop invariant i_1: \forall integer k; lo <= k <= i ==> a[k] <= pivot;

        loop invariant i_2: \forall integer k; lo <= k <= i ==> a[k] <= a[hi];

        loop invariant i_3: i >= lo - 1;

        loop invariant i_4: j >= lo;

        loop invariant i_6: \forall integer k; lo <= k <= i ==> a[k] <= a[hi] && a[k] <= pivot;


        loop assigns a[lo..hi], i, j;
    */
    for (j = lo; j < hi; j++) {
        if (a[j] <= pivot) {
            i++;
            swap(&a[i], &a[j]);
        }
    }
    swap(&a[i + 1], &a[hi]);
    return i + 1;
}
You are an expert in deductive program verification using ACSL and Frama-C.
[Unprovable Invariant] \forall integer k; lo <= k <= i ==> a[k] <= a[hi]
The above loop invariant of loop "A" fails the preservation (inductive) condition:
after executing one iteration of the loop body, the invariant cannot be re-established.
[Loop Body]
if (a[j] <= pivot) { i++; swap(&a[i], &a[j]); j++;
This failure indicates that the current invariant may be incorrect or incomplete.  
There are two typical causes:
  1) The invariant is logically incorrect, so it does not hold after the loop body executes once.
     - In this case, you must adjust the invariant so that it is preserved by the loop body.
  2) The invariant is insufficient, i.e., it misses essential supporting conditions needed to re-establish itself.
     - In this case, you must introduce additional invariants so that the whole set becomes inductive.
Your task is to produce the corrected and/or auxiliary invariants that make the preservation step succeed.
IMPORTANT RULES:
1. You MUST NOT output any of the original invariants already in the code. Only output the new or modified invariants.
2. All invariants you produce must satisfy:
   - Establishment: they hold on loop entry.
   - Preservation: after executing the loop body exactly once, the invariant still holds.
   - Zero-iteration case: the invariant is valid even if the loop never executes.
3. The answer must follow this format exactly:
   ```
   loop invariant ...;
   loop invariant ...;
   ...
   ```
4. All invariants must follow ACSL syntax and be valid loop invariants.
5. No explanation. No commentary. Just show me the loop invariant.
 /no_think
--------------------------
----------Response----------
[unused16][unused17]```
loop invariant \forall integer k; lo <= k <= i ==> a[k] <= pivot && a[k] <= a[hi];

loop invariant i_3: i >= lo - 1;

loop invariant j_1: j >= lo;

loop invariant i_6: \forall integer k; lo <= k <= i ==> a[k] <= pivot && a[k] <= a[hi];
```
----------------------------
-------------Preservation_self: i_1: preservation---------------
----------Prompt----------

/*@
    requires \valid(x) && \valid(y);
    assigns *x, *y;
    ensures *x == \old(*y) && *y == \old(*x);
*/
void swap(int *x, int *y) {
    int tmp = *x;
    *x = *y;
    *y = tmp;
}

/*@
    requires lo <= hi;
    requires \valid(a + (lo .. hi));
    assigns a[lo..hi];
    ensures lo <= \result && \result <= hi;
    ensures e_1: \forall integer i; lo <= i <= \result ==> a[i] <= a[\result];
    ensures e_2: \forall integer i; \result <= i <= hi ==> a[i] >= a[\result];
*/
int _partition_lomuto(int* a, int lo, int hi) {
    int pivot = a[hi];
    int i = lo - 1;
    int j;

    // Loop A
    /*@
        [Hint] Invariant \forall integer k; lo <= k <= i ==> a[k] <= pivot not preserved in this loop. Fix or supplement invariants.

        loop invariant i_1: \forall integer k; lo <= k <= i ==> a[k] <= pivot;

        loop invariant i_2: \forall integer k; lo <= k <= i ==> a[k] <= a[hi];

        loop invariant i_3: i >= lo - 1;

        loop invariant i_4: j >= lo;

        loop invariant i_6: \forall integer k; lo <= k <= i ==> a[k] <= a[hi] && a[k] <= pivot;

        loop invariant i_7: \forall integer k; lo <= k <= i ==> a[k] <= pivot && a[k] <= a[hi];


        loop assigns a[lo..hi], i, j;
    */
    for (j = lo; j < hi; j++) {
        if (a[j] <= pivot) {
            i++;
            swap(&a[i], &a[j]);
        }
    }
    swap(&a[i + 1], &a[hi]);
    return i + 1;
}
You are an expert in deductive program verification using ACSL and Frama-C.
[Unprovable Invariant] \forall integer k; lo <= k <= i ==> a[k] <= pivot
The above loop invariant of loop "A" fails the preservation (inductive) condition:
after executing one iteration of the loop body, the invariant cannot be re-established.
[Loop Body]
if (a[j] <= pivot) { i++; swap(&a[i], &a[j]); j++;
This failure indicates that the current invariant may be incorrect or incomplete.  
There are two typical causes:
  1) The invariant is logically incorrect, so it does not hold after the loop body executes once.
     - In this case, you must adjust the invariant so that it is preserved by the loop body.
  2) The invariant is insufficient, i.e., it misses essential supporting conditions needed to re-establish itself.
     - In this case, you must introduce additional invariants so that the whole set becomes inductive.
Your task is to produce the corrected and/or auxiliary invariants that make the preservation step succeed.
IMPORTANT RULES:
1. You MUST NOT output any of the original invariants already in the code. Only output the new or modified invariants.
2. All invariants you produce must satisfy:
   - Establishment: they hold on loop entry.
   - Preservation: after executing the loop body exactly once, the invariant still holds.
   - Zero-iteration case: the invariant is valid even if the loop never executes.
3. The answer must follow this format exactly:
   ```
   loop invariant ...;
   loop invariant ...;
   ...
   ```
4. All invariants must follow ACSL syntax and be valid loop invariants.
5. No explanation. No commentary. Just show me the loop invariant.
 /no_think
--------------------------
----------Response----------
[unused16][unused17]```
loop invariant \forall integer k; lo <= k <= i ==> a[k] <= pivot && a[k] <= a[hi];

loop invariant j >= lo;

loop invariant i >= lo - 1;
```
----------------------------
-------------Ensure Revise: e_2: \forall integer i; \result <= i <= hi ==> a[i] >= a[\result]---------------
----------Prompt----------

/*@
    requires \valid(x) && \valid(y);
    assigns *x, *y;
    ensures *x == \old(*y) && *y == \old(*x);
*/
void swap(int *x, int *y) {
    int tmp = *x;
    *x = *y;
    *y = tmp;
}

/*@
    requires lo <= hi;
    requires \valid(a + (lo .. hi));
    assigns a[lo..hi];
    ensures lo <= \result && \result <= hi;
    ensures e_1: \forall integer i; lo <= i <= \result ==> a[i] <= a[\result];
    ensures e_2: \forall integer i; \result <= i <= hi ==> a[i] >= a[\result];
*/
int _partition_lomuto(int* a, int lo, int hi) {
    int pivot = a[hi];
    int i = lo - 1;
    int j;

    // Loop A
    /*@
        [Hint] Please strengthen the loop invariant in the following loop.

        loop invariant i_1: \forall integer k; lo <= k <= i ==> a[k] <= pivot;

        loop invariant i_2: \forall integer k; lo <= k <= i ==> a[k] <= a[hi];

        loop invariant i_3: i >= lo - 1;

        loop invariant i_4: j >= lo;

        loop invariant i_6: \forall integer k; lo <= k <= i ==> a[k] <= a[hi] && a[k] <= pivot;

        loop invariant i_7: \forall integer k; lo <= k <= i ==> a[k] <= pivot && a[k] <= a[hi];


        loop assigns a[lo..hi], i, j;
    */
    for (j = lo; j < hi; j++) {
        if (a[j] <= pivot) {
            i++;
            swap(&a[i], &a[j]);
        }
    }
    swap(&a[i + 1], &a[hi]);
    return i + 1;
}
You are an expert in deductive program verification using ACSL and Frama-C.
The program has failed to prove the following `ensures` clause:
[Unproved Ensures]  \forall integer i; \result <= i <= hi ==> a[i] >= a[\result]
To help Frama-C discharge this postcondition, you must strengthen the loop invariant of the LAST executed loop, which is the loop labeled by alphabet "A".  
You should insert additional `loop invariant` clauses only at the location marked by "[Hint] Please strengthen the loop invariant in the following loop."
IMPORTANT RULES:
1. Do NOT repeat or reprint the existing loop invariants already present in the code.
2. Your task is to provide only the new invariants that are necessary to establish the failed ensures clause.
3. The new invariants must be strong enough to imply the ensures clause upon normal loop termination.
4. All invariants you produce must satisfy:
   - Establishment: they hold on loop entry.
   - Preservation: after executing the loop body exactly once, the invariant still holds.
   - Zero-iteration case: the invariant is valid even if the loop never executes.
5. Your answer should follow the following format:
   ```
   loop invariant ...;
   loop invariant ...;
   ...
   ```
5. All invariants must follow ACSL syntax and be valid loop invariants.
6. No explanation. No commentary. Just show me the loop invariant.
 /no_think
--------------------------
----------Response----------
[unused16][unused17]```
loop invariant i_6: \forall integer k; lo <= k <= i ==> a[k] <= a[hi] && a[k] <= pivot;

loop invariant i_7: \forall integer k; lo <= k <= i ==> a[k] <= pivot && a[k] <= a[hi];

loop invariant i_3: i >= lo - 1;
```
----------------------------
-------------Ensure Revise: e_1: \forall integer i; lo <= i <= \result ==> a[i] <= a[\result]---------------
----------Prompt----------

/*@
    requires \valid(x) && \valid(y);
    assigns *x, *y;
    ensures *x == \old(*y) && *y == \old(*x);
*/
void swap(int *x, int *y) {
    int tmp = *x;
    *x = *y;
    *y = tmp;
}

/*@
    requires lo <= hi;
    requires \valid(a + (lo .. hi));
    assigns a[lo..hi];
    ensures lo <= \result && \result <= hi;
    ensures e_1: \forall integer i; lo <= i <= \result ==> a[i] <= a[\result];
    ensures e_2: \forall integer i; \result <= i <= hi ==> a[i] >= a[\result];
*/
int _partition_lomuto(int* a, int lo, int hi) {
    int pivot = a[hi];
    int i = lo - 1;
    int j;

    // Loop A
    /*@
        [Hint] Please strengthen the loop invariant in the following loop.

        loop invariant i_1: \forall integer k; lo <= k <= i ==> a[k] <= pivot;

        loop invariant i_2: \forall integer k; lo <= k <= i ==> a[k] <= a[hi];

        loop invariant i_3: i >= lo - 1;

        loop invariant i_4: j >= lo;

        loop invariant i_6: \forall integer k; lo <= k <= i ==> a[k] <= a[hi] && a[k] <= pivot;

        loop invariant i_7: \forall integer k; lo <= k <= i ==> a[k] <= pivot && a[k] <= a[hi];


        loop assigns a[lo..hi], i, j;
    */
    for (j = lo; j < hi; j++) {
        if (a[j] <= pivot) {
            i++;
            swap(&a[i], &a[j]);
        }
    }
    swap(&a[i + 1], &a[hi]);
    return i + 1;
}
You are an expert in deductive program verification using ACSL and Frama-C.
The program has failed to prove the following `ensures` clause:
[Unproved Ensures]  \forall integer i; lo <= i <= \result ==> a[i] <= a[\result]
To help Frama-C discharge this postcondition, you must strengthen the loop invariant of the LAST executed loop, which is the loop labeled by alphabet "A".  
You should insert additional `loop invariant` clauses only at the location marked by "[Hint] Please strengthen the loop invariant in the following loop."
IMPORTANT RULES:
1. Do NOT repeat or reprint the existing loop invariants already present in the code.
2. Your task is to provide only the new invariants that are necessary to establish the failed ensures clause.
3. The new invariants must be strong enough to imply the ensures clause upon normal loop termination.
4. All invariants you produce must satisfy:
   - Establishment: they hold on loop entry.
   - Preservation: after executing the loop body exactly once, the invariant still holds.
   - Zero-iteration case: the invariant is valid even if the loop never executes.
5. Your answer should follow the following format:
   ```
   loop invariant ...;
   loop invariant ...;
   ...
   ```
5. All invariants must follow ACSL syntax and be valid loop invariants.
6. No explanation. No commentary. Just show me the loop invariant.
 /no_think
--------------------------
----------Response----------
[unused16][unused17]loop invariant i_1: \forall integer k; lo <= k <= i ==> a[k] <= pivot;
loop invariant i_2: \forall integer k; lo <= k <= i ==> a[k] <= a[hi];
loop invariant i_3: i >= lo - 1;
loop invariant i_6: \forall integer k; lo <= k <= i ==> a[k] <= a[hi] && a[k] <= pivot;
loop invariant i_7: \forall integer k; lo <= k <= i ==> a[k] <= pivot && a[k] <= a[hi];
----------------------------
--------------------------------
------------Invariant Info-----------
LOOP A:
i_1: \forall integer k; lo <= k <= i ==> a[k] <= pivot
i_2: \forall integer k; lo <= k <= i ==> a[k] <= a[hi]
i_3: i >= lo - 1
i_4: j >= lo
i_6: \forall integer k; lo <= k <= i ==> a[k] <= a[hi] && a[k] <= pivot
i_7: \forall integer k; lo <= k <= i ==> a[k] <= pivot && a[k] <= a[hi]
------------------------------------
----------Code with Invariants----------
/*@
    requires \valid(x) && \valid(y);
    assigns *x, *y;
    ensures *x == \old(*y) && *y == \old(*x);
*/
void swap(int *x, int *y) {
    int tmp = *x;
    *x = *y;
    *y = tmp;
}

/*@
    requires lo <= hi;
    requires \valid(a + (lo .. hi));
    assigns a[lo..hi];
    ensures lo <= \result && \result <= hi;
    ensures e_1: \forall integer i; lo <= i <= \result ==> a[i] <= a[\result];
    ensures e_2: \forall integer i; \result <= i <= hi ==> a[i] >= a[\result];
*/
int _partition_lomuto(int* a, int lo, int hi) {
    int pivot = a[hi];
    int i = lo - 1;
    int j;

    // Loop A
    /*@
        loop invariant i_1: \forall integer k; lo <= k <= i ==> a[k] <= pivot;

        loop invariant i_2: \forall integer k; lo <= k <= i ==> a[k] <= a[hi];

        loop invariant i_3: i >= lo - 1;

        loop invariant i_4: j >= lo;

        loop invariant i_6: \forall integer k; lo <= k <= i ==> a[k] <= a[hi] && a[k] <= pivot;

        loop invariant i_7: \forall integer k; lo <= k <= i ==> a[k] <= pivot && a[k] <= a[hi];


        loop assigns a[lo..hi], i, j;
    */
    for (j = lo; j < hi; j++) {
        if (a[j] <= pivot) {
            i++;
            swap(&a[i], &a[j]);
        }
    }
    swap(&a[i + 1], &a[hi]);
    return i + 1;
}
----------------------------------------
----------Begin Revise----------
-------------Preservation_self: i_2: preservation---------------
----------Prompt----------

/*@
    requires \valid(x) && \valid(y);
    assigns *x, *y;
    ensures *x == \old(*y) && *y == \old(*x);
*/
void swap(int *x, int *y) {
    int tmp = *x;
    *x = *y;
    *y = tmp;
}

/*@
    requires lo <= hi;
    requires \valid(a + (lo .. hi));
    assigns a[lo..hi];
    ensures lo <= \result && \result <= hi;
    ensures e_1: \forall integer i; lo <= i <= \result ==> a[i] <= a[\result];
    ensures e_2: \forall integer i; \result <= i <= hi ==> a[i] >= a[\result];
*/
int _partition_lomuto(int* a, int lo, int hi) {
    int pivot = a[hi];
    int i = lo - 1;
    int j;

    // Loop A
    /*@
        [Hint] Invariant \forall integer k; lo <= k <= i ==> a[k] <= a[hi] not preserved in this loop. Fix or supplement invariants.

        loop invariant i_1: \forall integer k; lo <= k <= i ==> a[k] <= pivot;

        loop invariant i_2: \forall integer k; lo <= k <= i ==> a[k] <= a[hi];

        loop invariant i_3: i >= lo - 1;

        loop invariant i_4: j >= lo;

        loop invariant i_6: \forall integer k; lo <= k <= i ==> a[k] <= a[hi] && a[k] <= pivot;

        loop invariant i_7: \forall integer k; lo <= k <= i ==> a[k] <= pivot && a[k] <= a[hi];


        loop assigns a[lo..hi], i, j;
    */
    for (j = lo; j < hi; j++) {
        if (a[j] <= pivot) {
            i++;
            swap(&a[i], &a[j]);
        }
    }
    swap(&a[i + 1], &a[hi]);
    return i + 1;
}
You are an expert in deductive program verification using ACSL and Frama-C.
[Unprovable Invariant] \forall integer k; lo <= k <= i ==> a[k] <= a[hi]
The above loop invariant of loop "A" fails the preservation (inductive) condition:
after executing one iteration of the loop body, the invariant cannot be re-established.
[Loop Body]
if (a[j] <= pivot) { i++; swap(&a[i], &a[j]); j++;
This failure indicates that the current invariant may be incorrect or incomplete.  
There are two typical causes:
  1) The invariant is logically incorrect, so it does not hold after the loop body executes once.
     - In this case, you must adjust the invariant so that it is preserved by the loop body.
  2) The invariant is insufficient, i.e., it misses essential supporting conditions needed to re-establish itself.
     - In this case, you must introduce additional invariants so that the whole set becomes inductive.
Your task is to produce the corrected and/or auxiliary invariants that make the preservation step succeed.
IMPORTANT RULES:
1. You MUST NOT output any of the original invariants already in the code. Only output the new or modified invariants.
2. All invariants you produce must satisfy:
   - Establishment: they hold on loop entry.
   - Preservation: after executing the loop body exactly once, the invariant still holds.
   - Zero-iteration case: the invariant is valid even if the loop never executes.
3. The answer must follow this format exactly:
   ```
   loop invariant ...;
   loop invariant ...;
   ...
   ```
4. All invariants must follow ACSL syntax and be valid loop invariants.
5. No explanation. No commentary. Just show me the loop invariant.
 /no_think
--------------------------
----------Response----------
[unused16][unused17]```
loop invariant \forall integer k; lo <= k <= i ==> a[k] <= pivot && a[k] <= a[hi];

loop invariant j >= lo;

loop invariant i >= lo - 1;

loop invariant \forall integer k; lo <= k <= i ==> a[k] <= pivot && a[k] <= a[hi] && a[k] <= a[hi]; // Note: This is redundant as a consequence of the previous invariant.
```
----------------------------
-------------Preservation_self: i_1: preservation---------------
----------Prompt----------

/*@
    requires \valid(x) && \valid(y);
    assigns *x, *y;
    ensures *x == \old(*y) && *y == \old(*x);
*/
void swap(int *x, int *y) {
    int tmp = *x;
    *x = *y;
    *y = tmp;
}

/*@
    requires lo <= hi;
    requires \valid(a + (lo .. hi));
    assigns a[lo..hi];
    ensures lo <= \result && \result <= hi;
    ensures e_1: \forall integer i; lo <= i <= \result ==> a[i] <= a[\result];
    ensures e_2: \forall integer i; \result <= i <= hi ==> a[i] >= a[\result];
*/
int _partition_lomuto(int* a, int lo, int hi) {
    int pivot = a[hi];
    int i = lo - 1;
    int j;

    // Loop A
    /*@
        [Hint] Invariant \forall integer k; lo <= k <= i ==> a[k] <= pivot not preserved in this loop. Fix or supplement invariants.

        loop invariant i_1: \forall integer k; lo <= k <= i ==> a[k] <= pivot;

        loop invariant i_2: \forall integer k; lo <= k <= i ==> a[k] <= a[hi];

        loop invariant i_3: i >= lo - 1;

        loop invariant i_4: j >= lo;

        loop invariant i_6: \forall integer k; lo <= k <= i ==> a[k] <= a[hi] && a[k] <= pivot;

        loop invariant i_7: \forall integer k; lo <= k <= i ==> a[k] <= pivot && a[k] <= a[hi];

        loop invariant i_8: \forall integer k; lo <= k <= i ==> a[k] <= pivot && a[k] <= a[hi] && a[k] <= a[hi];


        loop assigns a[lo..hi], i, j;
    */
    for (j = lo; j < hi; j++) {
        if (a[j] <= pivot) {
            i++;
            swap(&a[i], &a[j]);
        }
    }
    swap(&a[i + 1], &a[hi]);
    return i + 1;
}
You are an expert in deductive program verification using ACSL and Frama-C.
[Unprovable Invariant] \forall integer k; lo <= k <= i ==> a[k] <= pivot
The above loop invariant of loop "A" fails the preservation (inductive) condition:
after executing one iteration of the loop body, the invariant cannot be re-established.
[Loop Body]
if (a[j] <= pivot) { i++; swap(&a[i], &a[j]); j++;
This failure indicates that the current invariant may be incorrect or incomplete.  
There are two typical causes:
  1) The invariant is logically incorrect, so it does not hold after the loop body executes once.
     - In this case, you must adjust the invariant so that it is preserved by the loop body.
  2) The invariant is insufficient, i.e., it misses essential supporting conditions needed to re-establish itself.
     - In this case, you must introduce additional invariants so that the whole set becomes inductive.
Your task is to produce the corrected and/or auxiliary invariants that make the preservation step succeed.
IMPORTANT RULES:
1. You MUST NOT output any of the original invariants already in the code. Only output the new or modified invariants.
2. All invariants you produce must satisfy:
   - Establishment: they hold on loop entry.
   - Preservation: after executing the loop body exactly once, the invariant still holds.
   - Zero-iteration case: the invariant is valid even if the loop never executes.
3. The answer must follow this format exactly:
   ```
   loop invariant ...;
   loop invariant ...;
   ...
   ```
4. All invariants must follow ACSL syntax and be valid loop invariants.
5. No explanation. No commentary. Just show me the loop invariant.
 /no_think
--------------------------
----------Response----------
[unused16][unused17]```
loop invariant i_1: \forall integer k; lo <= k <= i ==> a[k] <= pivot;

loop invariant i_2: \forall integer k; lo <= k <= i ==> a[k] <= a[hi];

loop invariant i_3: i >= lo - 1;

loop invariant i_4: j >= lo;

loop invariant i_6: \forall integer k; lo <= k <= i ==> a[k] <= a[hi] && a[k] <= pivot;

loop invariant i_7: \forall integer k; lo <= k <= i ==> a[k] <= pivot && a[k] <= a[hi];

loop invariant i_8: \forall integer k; lo <= k <= i ==> a[k] <= pivot && a[k] <= a[hi] && a[k] <= a[hi];
```
----------------------------
-------------Ensure Revise: e_2: \forall integer i; \result <= i <= hi ==> a[i] >= a[\result]---------------
----------Prompt----------

/*@
    requires \valid(x) && \valid(y);
    assigns *x, *y;
    ensures *x == \old(*y) && *y == \old(*x);
*/
void swap(int *x, int *y) {
    int tmp = *x;
    *x = *y;
    *y = tmp;
}

/*@
    requires lo <= hi;
    requires \valid(a + (lo .. hi));
    assigns a[lo..hi];
    ensures lo <= \result && \result <= hi;
    ensures e_1: \forall integer i; lo <= i <= \result ==> a[i] <= a[\result];
    ensures e_2: \forall integer i; \result <= i <= hi ==> a[i] >= a[\result];
*/
int _partition_lomuto(int* a, int lo, int hi) {
    int pivot = a[hi];
    int i = lo - 1;
    int j;

    // Loop A
    /*@
        [Hint] Please strengthen the loop invariant in the following loop.

        loop invariant i_1: \forall integer k; lo <= k <= i ==> a[k] <= pivot;

        loop invariant i_2: \forall integer k; lo <= k <= i ==> a[k] <= a[hi];

        loop invariant i_3: i >= lo - 1;

        loop invariant i_4: j >= lo;

        loop invariant i_6: \forall integer k; lo <= k <= i ==> a[k] <= a[hi] && a[k] <= pivot;

        loop invariant i_7: \forall integer k; lo <= k <= i ==> a[k] <= pivot && a[k] <= a[hi];

        loop invariant i_8: \forall integer k; lo <= k <= i ==> a[k] <= pivot && a[k] <= a[hi] && a[k] <= a[hi];


        loop assigns a[lo..hi], i, j;
    */
    for (j = lo; j < hi; j++) {
        if (a[j] <= pivot) {
            i++;
            swap(&a[i], &a[j]);
        }
    }
    swap(&a[i + 1], &a[hi]);
    return i + 1;
}
You are an expert in deductive program verification using ACSL and Frama-C.
The program has failed to prove the following `ensures` clause:
[Unproved Ensures]  \forall integer i; \result <= i <= hi ==> a[i] >= a[\result]
To help Frama-C discharge this postcondition, you must strengthen the loop invariant of the LAST executed loop, which is the loop labeled by alphabet "A".  
You should insert additional `loop invariant` clauses only at the location marked by "[Hint] Please strengthen the loop invariant in the following loop."
IMPORTANT RULES:
1. Do NOT repeat or reprint the existing loop invariants already present in the code.
2. Your task is to provide only the new invariants that are necessary to establish the failed ensures clause.
3. The new invariants must be strong enough to imply the ensures clause upon normal loop termination.
4. All invariants you produce must satisfy:
   - Establishment: they hold on loop entry.
   - Preservation: after executing the loop body exactly once, the invariant still holds.
   - Zero-iteration case: the invariant is valid even if the loop never executes.
5. Your answer should follow the following format:
   ```
   loop invariant ...;
   loop invariant ...;
   ...
   ```
5. All invariants must follow ACSL syntax and be valid loop invariants.
6. No explanation. No commentary. Just show me the loop invariant.
 /no_think
--------------------------
----------Response----------
[unused16][unused17]```
loop invariant j <= hi - 1;
loop invariant lo <= j;
loop invariant i <= hi;
```
----------------------------
-------------Ensure Revise: e_1: \forall integer i; lo <= i <= \result ==> a[i] <= a[\result]---------------
----------Prompt----------

/*@
    requires \valid(x) && \valid(y);
    assigns *x, *y;
    ensures *x == \old(*y) && *y == \old(*x);
*/
void swap(int *x, int *y) {
    int tmp = *x;
    *x = *y;
    *y = tmp;
}

/*@
    requires lo <= hi;
    requires \valid(a + (lo .. hi));
    assigns a[lo..hi];
    ensures lo <= \result && \result <= hi;
    ensures e_1: \forall integer i; lo <= i <= \result ==> a[i] <= a[\result];
    ensures e_2: \forall integer i; \result <= i <= hi ==> a[i] >= a[\result];
*/
int _partition_lomuto(int* a, int lo, int hi) {
    int pivot = a[hi];
    int i = lo - 1;
    int j;

    // Loop A
    /*@
        [Hint] Please strengthen the loop invariant in the following loop.

        loop invariant i_1: \forall integer k; lo <= k <= i ==> a[k] <= pivot;

        loop invariant i_2: \forall integer k; lo <= k <= i ==> a[k] <= a[hi];

        loop invariant i_3: i >= lo - 1;

        loop invariant i_4: j >= lo;

        loop invariant i_6: \forall integer k; lo <= k <= i ==> a[k] <= a[hi] && a[k] <= pivot;

        loop invariant i_7: \forall integer k; lo <= k <= i ==> a[k] <= pivot && a[k] <= a[hi];

        loop invariant i_8: \forall integer k; lo <= k <= i ==> a[k] <= pivot && a[k] <= a[hi] && a[k] <= a[hi];

        loop invariant i_9: j <= hi - 1;

        loop invariant i_10: lo <= j;

        loop invariant i_11: i <= hi;


        loop assigns a[lo..hi], i, j;
    */
    for (j = lo; j < hi; j++) {
        if (a[j] <= pivot) {
            i++;
            swap(&a[i], &a[j]);
        }
    }
    swap(&a[i + 1], &a[hi]);
    return i + 1;
}
You are an expert in deductive program verification using ACSL and Frama-C.
The program has failed to prove the following `ensures` clause:
[Unproved Ensures]  \forall integer i; lo <= i <= \result ==> a[i] <= a[\result]
To help Frama-C discharge this postcondition, you must strengthen the loop invariant of the LAST executed loop, which is the loop labeled by alphabet "A".  
You should insert additional `loop invariant` clauses only at the location marked by "[Hint] Please strengthen the loop invariant in the following loop."
IMPORTANT RULES:
1. Do NOT repeat or reprint the existing loop invariants already present in the code.
2. Your task is to provide only the new invariants that are necessary to establish the failed ensures clause.
3. The new invariants must be strong enough to imply the ensures clause upon normal loop termination.
4. All invariants you produce must satisfy:
   - Establishment: they hold on loop entry.
   - Preservation: after executing the loop body exactly once, the invariant still holds.
   - Zero-iteration case: the invariant is valid even if the loop never executes.
5. Your answer should follow the following format:
   ```
   loop invariant ...;
   loop invariant ...;
   ...
   ```
5. All invariants must follow ACSL syntax and be valid loop invariants.
6. No explanation. No commentary. Just show me the loop invariant.
 /no_think
--------------------------
----------Response----------
[unused16][unused17]loop invariant i_6: \forall integer k; lo <= k <= i ==> a[k] <= a[hi] && a[k] <= pivot;

loop invariant i_7: \forall integer k; lo <= k <= i ==> a[k] <= pivot && a[k] <= a[hi];

loop invariant i_8: i >= lo - 1;

loop invariant i_9: j >= lo;

loop invariant i_10: j <= hi - 1;

loop invariant i_11: lo <= j;

loop invariant i_6a: \forall integer k; lo <= k <= i ==> a[k] <= a[hi] && a[k] <= pivot && a[k] <= a[hi];

loop invariant i_7a: \forall integer k; lo <= k <= i ==> a[k] <= pivot && a[k] <= a[hi];

loop invariant i_8a: \forall integer k; lo <= k <= i ==> a[k] <= pivot && a[k] <= a[hi];

loop invariant i_9a: i <= hi;

loop invariant i_10a: j >= lo - 1;

loop invariant i_11a: j <= hi;

loop invariant i_6b: \forall integer k; lo <= k <= i ==> a[k] <= a[hi] && a[k] <= pivot;

loop invariant i_7b: \forall integer k; lo <= k <= i ==> a[k] <= pivot && a[k] <= a[hi];

loop invariant i_8b: \forall integer k; lo <= k <= i ==> a[k] <= pivot && a[k] <= a[hi] && a[k] <= a[hi];
----------------------------
--------------------------------
------------Invariant Info-----------
LOOP A:
i_1: \forall integer k; lo <= k <= i ==> a[k] <= pivot
i_2: \forall integer k; lo <= k <= i ==> a[k] <= a[hi]
i_3: i >= lo - 1
i_4: j >= lo
i_6: \forall integer k; lo <= k <= i ==> a[k] <= a[hi] && a[k] <= pivot
i_7: \forall integer k; lo <= k <= i ==> a[k] <= pivot && a[k] <= a[hi]
i_8: \forall integer k; lo <= k <= i ==> a[k] <= pivot && a[k] <= a[hi] && a[k] <= a[hi]
i_9: j <= hi - 1
i_10: lo <= j
i_11: i <= hi
i_12: \forall integer k; lo <= k <= i ==> a[k] <= a[hi] && a[k] <= pivot && a[k] <= a[hi]
i_13: j >= lo - 1
i_14: j <= hi
------------------------------------
----------Code with Invariants----------
/*@
    requires \valid(x) && \valid(y);
    assigns *x, *y;
    ensures *x == \old(*y) && *y == \old(*x);
*/
void swap(int *x, int *y) {
    int tmp = *x;
    *x = *y;
    *y = tmp;
}

/*@
    requires lo <= hi;
    requires \valid(a + (lo .. hi));
    assigns a[lo..hi];
    ensures lo <= \result && \result <= hi;
    ensures e_1: \forall integer i; lo <= i <= \result ==> a[i] <= a[\result];
    ensures e_2: \forall integer i; \result <= i <= hi ==> a[i] >= a[\result];
*/
int _partition_lomuto(int* a, int lo, int hi) {
    int pivot = a[hi];
    int i = lo - 1;
    int j;

    // Loop A
    /*@
        loop invariant i_1: \forall integer k; lo <= k <= i ==> a[k] <= pivot;

        loop invariant i_2: \forall integer k; lo <= k <= i ==> a[k] <= a[hi];

        loop invariant i_3: i >= lo - 1;

        loop invariant i_4: j >= lo;

        loop invariant i_6: \forall integer k; lo <= k <= i ==> a[k] <= a[hi] && a[k] <= pivot;

        loop invariant i_7: \forall integer k; lo <= k <= i ==> a[k] <= pivot && a[k] <= a[hi];

        loop invariant i_8: \forall integer k; lo <= k <= i ==> a[k] <= pivot && a[k] <= a[hi] && a[k] <= a[hi];

        loop invariant i_9: j <= hi - 1;

        loop invariant i_10: lo <= j;

        loop invariant i_11: i <= hi;

        loop invariant i_12: \forall integer k; lo <= k <= i ==> a[k] <= a[hi] && a[k] <= pivot && a[k] <= a[hi];

        loop invariant i_13: j >= lo - 1;

        loop invariant i_14: j <= hi;


        loop assigns a[lo..hi], i, j;
    */
    for (j = lo; j < hi; j++) {
        if (a[j] <= pivot) {
            i++;
            swap(&a[i], &a[j]);
        }
    }
    swap(&a[i + 1], &a[hi]);
    return i + 1;
}
----------------------------------------
------------Invariant Info-----------
LOOP A:
i_3: i >= lo - 1
i_4: j >= lo
i_6: \forall integer k; lo <= k <= i ==> a[k] <= a[hi] && a[k] <= pivot
i_7: \forall integer k; lo <= k <= i ==> a[k] <= pivot && a[k] <= a[hi]
i_8: \forall integer k; lo <= k <= i ==> a[k] <= pivot && a[k] <= a[hi] && a[k] <= a[hi]
i_10: lo <= j
i_12: \forall integer k; lo <= k <= i ==> a[k] <= a[hi] && a[k] <= pivot && a[k] <= a[hi]
i_13: j >= lo - 1
i_14: j <= hi
------------------------------------
----------Code with Invariants----------
/*@
    requires \valid(x) && \valid(y);
    assigns *x, *y;
    ensures *x == \old(*y) && *y == \old(*x);
*/
void swap(int *x, int *y) {
    int tmp = *x;
    *x = *y;
    *y = tmp;
}

/*@
    requires lo <= hi;
    requires \valid(a + (lo .. hi));
    assigns a[lo..hi];
    ensures lo <= \result && \result <= hi;
    ensures e_1: \forall integer i; lo <= i <= \result ==> a[i] <= a[\result];
    ensures e_2: \forall integer i; \result <= i <= hi ==> a[i] >= a[\result];
*/
int _partition_lomuto(int* a, int lo, int hi) {
    int pivot = a[hi];
    int i = lo - 1;
    int j;

    // Loop A
    /*@
        loop invariant i_3: i >= lo - 1;

        loop invariant i_4: j >= lo;

        loop invariant i_6: \forall integer k; lo <= k <= i ==> a[k] <= a[hi] && a[k] <= pivot;

        loop invariant i_7: \forall integer k; lo <= k <= i ==> a[k] <= pivot && a[k] <= a[hi];

        loop invariant i_8: \forall integer k; lo <= k <= i ==> a[k] <= pivot && a[k] <= a[hi] && a[k] <= a[hi];

        loop invariant i_10: lo <= j;

        loop invariant i_12: \forall integer k; lo <= k <= i ==> a[k] <= a[hi] && a[k] <= pivot && a[k] <= a[hi];

        loop invariant i_13: j >= lo - 1;

        loop invariant i_14: j <= hi;


        loop assigns a[lo..hi], i, j;
    */
    for (j = lo; j < hi; j++) {
        if (a[j] <= pivot) {
            i++;
            swap(&a[i], &a[j]);
        }
    }
    swap(&a[i + 1], &a[hi]);
    return i + 1;
}
----------------------------------------
------------Invariant Info-----------
LOOP A:
i_3: i >= lo - 1
i_4: j >= lo
i_7: \forall integer k; lo <= k <= i ==> a[k] <= pivot && a[k] <= a[hi]
i_8: \forall integer k; lo <= k <= i ==> a[k] <= pivot && a[k] <= a[hi] && a[k] <= a[hi]
i_10: lo <= j
i_12: \forall integer k; lo <= k <= i ==> a[k] <= a[hi] && a[k] <= pivot && a[k] <= a[hi]
i_13: j >= lo - 1
i_14: j <= hi
------------------------------------
----------Code with Invariants----------
/*@
    requires \valid(x) && \valid(y);
    assigns *x, *y;
    ensures *x == \old(*y) && *y == \old(*x);
*/
void swap(int *x, int *y) {
    int tmp = *x;
    *x = *y;
    *y = tmp;
}

/*@
    requires lo <= hi;
    requires \valid(a + (lo .. hi));
    assigns a[lo..hi];
    ensures lo <= \result && \result <= hi;
    ensures e_1: \forall integer i; lo <= i <= \result ==> a[i] <= a[\result];
    ensures e_2: \forall integer i; \result <= i <= hi ==> a[i] >= a[\result];
*/
int _partition_lomuto(int* a, int lo, int hi) {
    int pivot = a[hi];
    int i = lo - 1;
    int j;

    // Loop A
    /*@
        loop invariant i_3: i >= lo - 1;

        loop invariant i_4: j >= lo;

        loop invariant i_7: \forall integer k; lo <= k <= i ==> a[k] <= pivot && a[k] <= a[hi];

        loop invariant i_8: \forall integer k; lo <= k <= i ==> a[k] <= pivot && a[k] <= a[hi] && a[k] <= a[hi];

        loop invariant i_10: lo <= j;

        loop invariant i_12: \forall integer k; lo <= k <= i ==> a[k] <= a[hi] && a[k] <= pivot && a[k] <= a[hi];

        loop invariant i_13: j >= lo - 1;

        loop invariant i_14: j <= hi;


        loop assigns a[lo..hi], i, j;
    */
    for (j = lo; j < hi; j++) {
        if (a[j] <= pivot) {
            i++;
            swap(&a[i], &a[j]);
        }
    }
    swap(&a[i + 1], &a[hi]);
    return i + 1;
}
----------------------------------------
------------Invariant Info-----------
LOOP A:
i_3: i >= lo - 1
i_4: j >= lo
i_8: \forall integer k; lo <= k <= i ==> a[k] <= pivot && a[k] <= a[hi] && a[k] <= a[hi]
i_10: lo <= j
i_12: \forall integer k; lo <= k <= i ==> a[k] <= a[hi] && a[k] <= pivot && a[k] <= a[hi]
i_13: j >= lo - 1
i_14: j <= hi
------------------------------------
----------Code with Invariants----------
/*@
    requires \valid(x) && \valid(y);
    assigns *x, *y;
    ensures *x == \old(*y) && *y == \old(*x);
*/
void swap(int *x, int *y) {
    int tmp = *x;
    *x = *y;
    *y = tmp;
}

/*@
    requires lo <= hi;
    requires \valid(a + (lo .. hi));
    assigns a[lo..hi];
    ensures lo <= \result && \result <= hi;
    ensures e_1: \forall integer i; lo <= i <= \result ==> a[i] <= a[\result];
    ensures e_2: \forall integer i; \result <= i <= hi ==> a[i] >= a[\result];
*/
int _partition_lomuto(int* a, int lo, int hi) {
    int pivot = a[hi];
    int i = lo - 1;
    int j;

    // Loop A
    /*@
        loop invariant i_3: i >= lo - 1;

        loop invariant i_4: j >= lo;

        loop invariant i_8: \forall integer k; lo <= k <= i ==> a[k] <= pivot && a[k] <= a[hi] && a[k] <= a[hi];

        loop invariant i_10: lo <= j;

        loop invariant i_12: \forall integer k; lo <= k <= i ==> a[k] <= a[hi] && a[k] <= pivot && a[k] <= a[hi];

        loop invariant i_13: j >= lo - 1;

        loop invariant i_14: j <= hi;


        loop assigns a[lo..hi], i, j;
    */
    for (j = lo; j < hi; j++) {
        if (a[j] <= pivot) {
            i++;
            swap(&a[i], &a[j]);
        }
    }
    swap(&a[i + 1], &a[hi]);
    return i + 1;
}
----------------------------------------
------------Invariant Info-----------
LOOP A:
i_3: i >= lo - 1
i_4: j >= lo
i_10: lo <= j
i_12: \forall integer k; lo <= k <= i ==> a[k] <= a[hi] && a[k] <= pivot && a[k] <= a[hi]
i_13: j >= lo - 1
i_14: j <= hi
------------------------------------
----------Code with Invariants----------
/*@
    requires \valid(x) && \valid(y);
    assigns *x, *y;
    ensures *x == \old(*y) && *y == \old(*x);
*/
void swap(int *x, int *y) {
    int tmp = *x;
    *x = *y;
    *y = tmp;
}

/*@
    requires lo <= hi;
    requires \valid(a + (lo .. hi));
    assigns a[lo..hi];
    ensures lo <= \result && \result <= hi;
    ensures e_1: \forall integer i; lo <= i <= \result ==> a[i] <= a[\result];
    ensures e_2: \forall integer i; \result <= i <= hi ==> a[i] >= a[\result];
*/
int _partition_lomuto(int* a, int lo, int hi) {
    int pivot = a[hi];
    int i = lo - 1;
    int j;

    // Loop A
    /*@
        loop invariant i_3: i >= lo - 1;

        loop invariant i_4: j >= lo;

        loop invariant i_10: lo <= j;

        loop invariant i_12: \forall integer k; lo <= k <= i ==> a[k] <= a[hi] && a[k] <= pivot && a[k] <= a[hi];

        loop invariant i_13: j >= lo - 1;

        loop invariant i_14: j <= hi;


        loop assigns a[lo..hi], i, j;
    */
    for (j = lo; j < hi; j++) {
        if (a[j] <= pivot) {
            i++;
            swap(&a[i], &a[j]);
        }
    }
    swap(&a[i + 1], &a[hi]);
    return i + 1;
}
----------------------------------------
------------Invariant Info-----------
LOOP A:
i_3: i >= lo - 1
i_4: j >= lo
i_10: lo <= j
i_13: j >= lo - 1
i_14: j <= hi
------------------------------------
----------Code with Invariants----------
/*@
    requires \valid(x) && \valid(y);
    assigns *x, *y;
    ensures *x == \old(*y) && *y == \old(*x);
*/
void swap(int *x, int *y) {
    int tmp = *x;
    *x = *y;
    *y = tmp;
}

/*@
    requires lo <= hi;
    requires \valid(a + (lo .. hi));
    assigns a[lo..hi];
    ensures lo <= \result && \result <= hi;
    ensures e_1: \forall integer i; lo <= i <= \result ==> a[i] <= a[\result];
    ensures e_2: \forall integer i; \result <= i <= hi ==> a[i] >= a[\result];
*/
int _partition_lomuto(int* a, int lo, int hi) {
    int pivot = a[hi];
    int i = lo - 1;
    int j;

    // Loop A
    /*@
        loop invariant i_3: i >= lo - 1;

        loop invariant i_4: j >= lo;

        loop invariant i_10: lo <= j;

        loop invariant i_13: j >= lo - 1;

        loop invariant i_14: j <= hi;


        loop assigns a[lo..hi], i, j;
    */
    for (j = lo; j < hi; j++) {
        if (a[j] <= pivot) {
            i++;
            swap(&a[i], &a[j]);
        }
    }
    swap(&a[i + 1], &a[hi]);
    return i + 1;
}
----------------------------------------
---------Result---------
Fail
Model: openPangu-Embedded-7B-V1.1
Running time: 451.43131494522095
Proposal number: 16
Verified code:

------------------------
