-----------Model-----------
Model type:
PanguEmbeddedForCausalLM(
  (model): PanguEmbeddedModel(
    (embed_tokens): Embedding(153376, 4096, padding_idx=0)
    (layers): ModuleList(
      (0-33): 34 x PanguEmbeddedDecoderLayer(
        (self_attn): PanguEmbeddedAttention(
          (q_proj): Linear(in_features=4096, out_features=4096, bias=True)
          (k_proj): Linear(in_features=4096, out_features=1024, bias=True)
          (v_proj): Linear(in_features=4096, out_features=1024, bias=True)
          (o_proj): Linear(in_features=4096, out_features=4096, bias=True)
        )
        (mlp): PanguEmbeddedMLP(
          (gate_proj): Linear(in_features=4096, out_features=12800, bias=False)
          (up_proj): Linear(in_features=4096, out_features=12800, bias=False)
          (down_proj): Linear(in_features=12800, out_features=4096, bias=False)
          (act_fn): SiLU()
        )
        (input_layernorm): PanguEmbeddedRMSNorm((4096,), eps=1e-05)
        (post_attention_layernorm): PanguEmbeddedRMSNorm((4096,), eps=1e-05)
      )
    )
    (norm): PanguEmbeddedRMSNorm((4096,), eps=1e-05)
    (rotary_emb): PanguEmbeddedRotaryEmbedding()
  )
  (lm_head): Linear(in_features=4096, out_features=153376, bias=False)
)
Model device:
npu:1
---------------------------
File Path: ../Benchmark/SVCOMP/svcomp_1.c
----------Code----------
int svcomp_1() {
    int x = 1;
    int y = 0;
    /*@
        loop assigns y;
        loop assigns x;
    */
    while (y < 1000 ) {
        x = x + y;
        y = y + 1;
    }
    //@ assert x >= y;
    return 0;
}
------------------------
========== Attempt 1 ==========
----------Prompt----------

int svcomp_1() {
    int x = 1;
    int y = 0;
    // Loop A
    /*@
        [Hint] Please infer the loop invariant for the following loop.

        loop assigns y;
        loop assigns x;
    */
    while (y < 1000 ) {
        x = x + y;
        y = y + 1;
    }
    //@ assert x >= y;
    return 0;
}
You are an expert in program verification, and please generate loop invariant as C annotation comments at the hint location (annotated by "[Hint] Please infer the loop invariant for the following loop.") using ACSL language.
ACSL is a specification language for C programs that conforms to the design by contract paradigm, utilizing Hoare style pre- and postconditions and invariants. Note that the `loop invariant` clause is a condition that is true at the beginning and end of every loop iteration.
Specifically, for the current verification task:
    - Pre-condition: the function's `requires` clauses
    - Post-condition: 1:x >= y; 
Please verify that the generated loop invariant is consistent with these constraints. If these specific pre- or post-conditions are not provided or empty, please infer the loop invariant strictly based on the program's execution logic and standard correctness.
In order to get a correct answer, You may want to consider both the situation of not entering the loop and the situation of jumping out of the loop. If some of the pre-conditions are also loop invariant, you need to add them to your answer as well.
Use '&&', '||', '==>', '\forall' or '\exists' if necessary. For instance:
```
loop invariant 1 <= x;
loop invariant x == y;
loop invariant 0 < x ==> y <= z;
loop invariant z % 2 == 1 || x == y;
loop invariant z % 2 == 1 && x <= y;
loop invariant \forall integer k;  0 <= k < i ==> max >=  a[k];
loop invariant \exists integer k;  0 <= k < i &&  max == a[k];
loop invariant \forall integer p; 0 <= p < \at(k, End_l) ==> res[p] == \at(res[p], End_l);
```
Your answer should follow the following format:
```
loop invariant ...;
loop invariant ...;
...
```
No explanation. No commentary. Just show me the loop invariant.
 /no_think
--------------------------
----------Response----------
[unused16][unused17][Loop <Loop A>]
loop invariant y < 1000 && y >= 0;

[Loop <Loop A>]
loop invariant y < 1000 && y >= 0 && x >= y;

[Loop <Loop A>]
loop invariant y < 1000 && y >= 0 && x >= y;

[Loop <Loop B>]
loop invariant x >= y && y < 1000 && y >= 0;

[Loop <Loop B>]
loop invariant y < 1000 && y >= 0 && x >= y;
----------------------------
------------Invariant Info-----------
LOOP A:
i_0: y < 1000 && y >= 0
i_1: y < 1000 && y >= 0 && x >= y
i_2: x >= y && y < 1000 && y >= 0
------------------------------------
---------- Code with Invariants ----------
int svcomp_1() {
    int x = 1;
    int y = 0;
    // Loop A
    /*@
        loop invariant i_0: y < 1000 && y >= 0;

        loop invariant i_1: y < 1000 && y >= 0 && x >= y;

        loop invariant i_2: x >= y && y < 1000 && y >= 0;


        loop assigns y;
        loop assigns x;
    */
    while (y < 1000 ) {
        x = x + y;
        y = y + 1;
    }
    //@ assert x >= y;
    return 0;
}
------------------------------------------
Verification failed (Fail_7_9), removing all invariants and retrying.
========== Attempt 2 ==========
----------Prompt----------

int svcomp_1() {
    int x = 1;
    int y = 0;
    // Loop A
    /*@
        [Hint] Please infer the loop invariant for the following loop.

        loop assigns y;
        loop assigns x;
    */
    while (y < 1000 ) {
        x = x + y;
        y = y + 1;
    }
    //@ assert x >= y;
    return 0;
}
You are an expert in program verification, and please generate loop invariant as C annotation comments at the hint location (annotated by "[Hint] Please infer the loop invariant for the following loop.") using ACSL language.
ACSL is a specification language for C programs that conforms to the design by contract paradigm, utilizing Hoare style pre- and postconditions and invariants. Note that the `loop invariant` clause is a condition that is true at the beginning and end of every loop iteration.
Specifically, for the current verification task:
    - Pre-condition: the function's `requires` clauses
    - Post-condition: 1:x >= y; 
Please verify that the generated loop invariant is consistent with these constraints. If these specific pre- or post-conditions are not provided or empty, please infer the loop invariant strictly based on the program's execution logic and standard correctness.
In order to get a correct answer, You may want to consider both the situation of not entering the loop and the situation of jumping out of the loop. If some of the pre-conditions are also loop invariant, you need to add them to your answer as well.
Use '&&', '||', '==>', '\forall' or '\exists' if necessary. For instance:
```
loop invariant 1 <= x;
loop invariant x == y;
loop invariant 0 < x ==> y <= z;
loop invariant z % 2 == 1 || x == y;
loop invariant z % 2 == 1 && x <= y;
loop invariant \forall integer k;  0 <= k < i ==> max >=  a[k];
loop invariant \exists integer k;  0 <= k < i &&  max == a[k];
loop invariant \forall integer p; 0 <= p < \at(k, End_l) ==> res[p] == \at(res[p], End_l);
```
Your answer should follow the following format:
```
loop invariant ...;
loop invariant ...;
...
```
No explanation. No commentary. Just show me the loop invariant.
 /no_think
--------------------------
----------Response----------
[unused16][unused17]```
loop invariant 1 <= x;
loop invariant x >= y;
```
----------------------------
------------Invariant Info-----------
LOOP A:
i_3: 1 <= x
i_4: x >= y
------------------------------------
---------- Code with Invariants ----------
int svcomp_1() {
    int x = 1;
    int y = 0;
    // Loop A
    /*@
        loop invariant i_3: 1 <= x;

        loop invariant i_4: x >= y;


        loop assigns y;
        loop assigns x;
    */
    while (y < 1000 ) {
        x = x + y;
        y = y + 1;
    }
    //@ assert x >= y;
    return 0;
}
------------------------------------------
Verification failed (Fail_6_7), removing all invariants and retrying.
========== Attempt 3 ==========
----------Prompt----------

int svcomp_1() {
    int x = 1;
    int y = 0;
    // Loop A
    /*@
        [Hint] Please infer the loop invariant for the following loop.

        loop assigns y;
        loop assigns x;
    */
    while (y < 1000 ) {
        x = x + y;
        y = y + 1;
    }
    //@ assert x >= y;
    return 0;
}
You are an expert in program verification, and please generate loop invariant as C annotation comments at the hint location (annotated by "[Hint] Please infer the loop invariant for the following loop.") using ACSL language.
ACSL is a specification language for C programs that conforms to the design by contract paradigm, utilizing Hoare style pre- and postconditions and invariants. Note that the `loop invariant` clause is a condition that is true at the beginning and end of every loop iteration.
Specifically, for the current verification task:
    - Pre-condition: the function's `requires` clauses
    - Post-condition: 1:x >= y; 
Please verify that the generated loop invariant is consistent with these constraints. If these specific pre- or post-conditions are not provided or empty, please infer the loop invariant strictly based on the program's execution logic and standard correctness.
In order to get a correct answer, You may want to consider both the situation of not entering the loop and the situation of jumping out of the loop. If some of the pre-conditions are also loop invariant, you need to add them to your answer as well.
Use '&&', '||', '==>', '\forall' or '\exists' if necessary. For instance:
```
loop invariant 1 <= x;
loop invariant x == y;
loop invariant 0 < x ==> y <= z;
loop invariant z % 2 == 1 || x == y;
loop invariant z % 2 == 1 && x <= y;
loop invariant \forall integer k;  0 <= k < i ==> max >=  a[k];
loop invariant \exists integer k;  0 <= k < i &&  max == a[k];
loop invariant \forall integer p; 0 <= p < \at(k, End_l) ==> res[p] == \at(res[p], End_l);
```
Your answer should follow the following format:
```
loop invariant ...;
loop invariant ...;
...
```
No explanation. No commentary. Just show me the loop invariant.
 /no_think
--------------------------
----------Response----------
[unused16][unused17]loop invariant 1 <= x && y <= x && y <= 1000;
loop invariant 1 <= x && y <= x && y <= 1000;
loop invariant 1 <= x && y <= x && y <= 1000;
``` 

The provided code contains an issue in the ACSL comment: it claims `loop` assigns `x` and `y`, but the actual loop body assigns `x = x + y` and `y = y + 1`. These assignments are likely intended to be part of the loop, but the comment incorrectly labels them as `loop` assignments, which is misleading. 

Given the actual loop assignments:
- `x = x + y`
- `y = y + 1`

The loop invariant should reflect the state of `x` and `y` before each iteration, considering the actual assignments inside the loop.

### Correct Loop Invariant
The loop invariant should capture the state of `x` and `y` at the start of each iteration. Since the loop body modifies both `x` and `y`, the invariant must account for their values.

### Invariant:
- `x` is updated as `x = x + y`.
- `y` is updated as `y = y + 1`.

The invariant should hold before each iteration. 

### Zero-iteration (No Loop Execution)
If the loop is not entered (i.e., `y` is already 1000), the initial values are `x = 1`, `y = 0`. 

### Loop Termination
The loop terminates when `y >= 1000`, which is the condition in the `while` statement.

### Loop Invariant
Given the actual loop assignments, the loop invariant should be:
```
loop invariant 1 <= x && y <= x && y <= 1000;
```
But this doesn't seem correct because it doesn't account for the actual updates.

Wait, the loop invariant should be about the state before each iteration, not after. 

### Correct Loop Invariant
Before each iteration:
- `x` is the previous value of `x` (before the iteration).
- `y` is the previous value of `y` (before the iteration).

But since `x` and `y` are being updated, the invariant should capture the relationship between them before the iteration.

### Correct Invariant
Given the loop:
```
while (y < 1000) {
    x = x + y;
    y = y + 1;
}
```
Before each iteration:
- `y` is less than 1000 (loop condition).
- `x` is `x + y` (since `y` is about to be incremented, but we are before the iteration).

But the invariant should reflect the state before the loop starts.

### Initial Invariant
Before the loop starts:
- `x = 1`
- `y = 0`

### After First Iteration
After first iteration:
- `x = 1 + 0 = 1`
- `y = 1`

### After Second Iteration
After second iteration:
- `x = 1 + 1 = 2`
- `y = 2`

### Pattern
After `i` iterations:
- `x = i`
- `y = i`

### Loop Condition
The loop continues while `y < 1000`, so `i` goes from 0 to 999.

### Loop Invariant
The invariant before each iteration is:
- `y < 1000`
- `x == y + 1` (since `x` is `i` and `y` is `i`, so `x = y + 1`)

But the loop invariant should be:
```
loop invariant y < 1000 && x == y + 1;
```

But the loop condition is `y < 1000`, so the invariant is `y < 1000` and `x == y + 1`.

But the invariant should be before the loop starts.

### Correct Loop Invariant
The loop invariant is:
```
loop invariant y < 1000 && x == y + 1;
```

But the initial state is `x = 1`, `y = 0`, so before the first iteration, `x == y + 1` is `1 == 0 + 1`, which holds.

### Zero-iteration
If the loop is not entered (`y >= 1000`), then `x = 1` and `y = 0`, but the invariant `y < 1000` would be false, so the invariant is only for loop execution.

### Loop Termination
The loop exits when `y >= 1000`.

### Final Loop Invariant
The loop invariant is:
```
loop invariant y < 1000 && x == y + 1;
```

### ACSL Syntax
```
loop invariant y < 1000 && x == y + 1;
```

But the invariant should be before each iteration, so it should hold at the start of the loop, not after.

### Verification
- **Zero-iteration**: If `y >= 1000`, loop is not entered, invariant is not required.
- **Loop execution**: Before each iteration, `y < 1000` and `x == y + 1`.

### Pre- and Post-conditions
The function has:
- Returns `0`.
- No `assert x >= y` in the code (the comment has `//@ assert x >= y;`, but it's commented).

But the user mentioned:
- Pre-condition: `requires` clauses (empty).
- Post-condition: `1 >= x >= y` (but the function returns `0`).

There's a discrepancy.

The function returns `0`, but the post-condition is `1 >= x >= y`, which would require `x >= y`, but the loop does not check this.

The comment has `//@ assert x >= y;`, but it's commented.

### Conclusion
The loop invariant is based on the actual loop logic, not the assertion.

### Correct Invariant
The loop invariant is:
```
loop invariant y < 1000 && x == y + 1;
```

But the initial state is `x = 1`, `y = 0`, which satisfies `x == y + 1`.

### ACSL
```
loop invariant y < 1000 && x == y + 1;
```

But the invariant is only for loop execution. If the loop is not entered, the invariant doesn't apply.

### Final Answer
```
loop invariant y < 1000 && x == y + 1;
```

But the user wants the invariant in the ACSL style with `&&`, `||`, `==>`.

But the invariant is a conjunction.

### Correct ACSL Syntax
```
loop invariant y < 1000 && x == y + 1;
```

### Final Answer
```
loop invariant y < 1000 && x == y + 1;
```

But the user also mentioned the post-condition `1 >= x >= y`, but the function returns `0`, which is `1 >= x >= y` is true (since `x` starts at 1 and `y` at 0, but after the loop, `x` is 999 and `y` is 1000, so `x >= y` holds).

But the invariant is only for the loop.

### Correct Invariant
The loop invariant is:
```
loop invariant y < 1000 && x == y + 1;
```

### Final Output
```
loop invariant y < 1000 && x == y + 1;
```

But the user wants the invariant in the ACSL style, and the example shows multiple invariants.

### Another possible invariant
Since `x` and `y` are being updated, and the invariant is about their values, perhaps:
```
loop invariant y < 1000;
loop invariant x == y + 1;
```

But that's two invariants. The user's example shows multiple invariants in one line.

### Correct Single Invariant
The invariant can be:
```
loop invariant y < 1000 && x == y + 1;
```

### Final Answer
```
loop invariant y < 1000 && x == y + 1;
```
----------------------------
------------Invariant Info-----------
LOOP A:
i_5: 1 <= x && y <= x && y <= 1000
i_6: should reflect the state of `x` and `y` before each iteration, considering the actual assignments inside the loop. ### Correct Loop Invariant The loop invariant should capture the state of `x` and `y` at the start of each iteration. Since the loop body modifies both `x` and `y`, the invariant must account for their values. ### Invariant: - `x` is updated as `x = x + y`. - `y` is updated as `y = y + 1`. The invariant should hold before each iteration. ### Zero-iteration (No Loop Execution) If the loop is not entered (i.e., `y` is already 1000), the initial values are `x = 1`, `y = 0`. ### Loop Termination The loop terminates when `y >= 1000`, which is the condition in the `while` statement. ### Loop Invariant Given the actual loop assignments, the loop invariant should be: ``` loop invariant 1 <= x && y <= x && y <= 1000
i_7: should capture the state of `x` and `y` at the start of each iteration. Since the loop body modifies both `x` and `y`, the invariant must account for their values. ### Invariant: - `x` is updated as `x = x + y`. - `y` is updated as `y = y + 1`. The invariant should hold before each iteration. ### Zero-iteration (No Loop Execution) If the loop is not entered (i.e., `y` is already 1000), the initial values are `x = 1`, `y = 0`. ### Loop Termination The loop terminates when `y >= 1000`, which is the condition in the `while` statement. ### Loop Invariant Given the actual loop assignments, the loop invariant should be: ``` loop invariant 1 <= x && y <= x && y <= 1000
i_8: should be: ``` loop invariant 1 <= x && y <= x && y <= 1000
i_9: should be about the state before each iteration, not after. ### Correct Loop Invariant Before each iteration: - `x` is the previous value of `x` (before the iteration). - `y` is the previous value of `y` (before the iteration). But since `x` and `y` are being updated, the invariant should capture the relationship between them before the iteration. ### Correct Invariant Given the loop: ``` while (y < 1000) { x = x + y; y = y + 1; } ``` Before each iteration: - `y` is less than 1000 (loop condition). - `x` is `x + y` (since `y` is about to be incremented, but we are before the iteration). But the invariant should reflect the state before the loop starts. ### Initial Invariant Before the loop starts: - `x = 1` - `y = 0` ### After First Iteration After first iteration: - `x = 1 + 0 = 1` - `y = 1` ### After Second Iteration After second iteration: - `x = 1 + 1 = 2` - `y = 2` ### Pattern After `i` iterations: - `x = i` - `y = i` ### Loop Condition The loop continues while `y < 1000`, so `i` goes from 0 to 999. ### Loop Invariant The invariant before each iteration is: - `y < 1000` - `x == y + 1` (since `x` is `i` and `y` is `i`, so `x = y + 1`) But the loop invariant should be: ``` loop invariant y < 1000 && x == y + 1
i_10: should be: ``` loop invariant y < 1000 && x == y + 1
i_11: y < 1000 && x == y + 1
i_12: ``` loop invariant y < 1000 && x == y + 1
i_13: is based on the actual loop logic, not the assertion. ### Correct Invariant The loop invariant is: ``` loop invariant y < 1000 && x == y + 1
i_14: y < 1000
i_15: x == y + 1
------------------------------------
---------- Code with Invariants ----------
int svcomp_1() {
    int x = 1;
    int y = 0;
    // Loop A
    /*@
        loop invariant i_5: 1 <= x && y <= x && y <= 1000;

        loop invariant i_6: should reflect the state of `x` and `y` before each iteration, considering the actual assignments inside the loop. ### Correct Loop Invariant The loop invariant should capture the state of `x` and `y` at the start of each iteration. Since the loop body modifies both `x` and `y`, the invariant must account for their values. ### Invariant: - `x` is updated as `x = x + y`. - `y` is updated as `y = y + 1`. The invariant should hold before each iteration. ### Zero-iteration (No Loop Execution) If the loop is not entered (i.e., `y` is already 1000), the initial values are `x = 1`, `y = 0`. ### Loop Termination The loop terminates when `y >= 1000`, which is the condition in the `while` statement. ### Loop Invariant Given the actual loop assignments, the loop invariant should be: ``` loop invariant 1 <= x && y <= x && y <= 1000;

        loop invariant i_7: should capture the state of `x` and `y` at the start of each iteration. Since the loop body modifies both `x` and `y`, the invariant must account for their values. ### Invariant: - `x` is updated as `x = x + y`. - `y` is updated as `y = y + 1`. The invariant should hold before each iteration. ### Zero-iteration (No Loop Execution) If the loop is not entered (i.e., `y` is already 1000), the initial values are `x = 1`, `y = 0`. ### Loop Termination The loop terminates when `y >= 1000`, which is the condition in the `while` statement. ### Loop Invariant Given the actual loop assignments, the loop invariant should be: ``` loop invariant 1 <= x && y <= x && y <= 1000;

        loop invariant i_8: should be: ``` loop invariant 1 <= x && y <= x && y <= 1000;

        loop invariant i_9: should be about the state before each iteration, not after. ### Correct Loop Invariant Before each iteration: - `x` is the previous value of `x` (before the iteration). - `y` is the previous value of `y` (before the iteration). But since `x` and `y` are being updated, the invariant should capture the relationship between them before the iteration. ### Correct Invariant Given the loop: ``` while (y < 1000) { x = x + y; y = y + 1; } ``` Before each iteration: - `y` is less than 1000 (loop condition). - `x` is `x + y` (since `y` is about to be incremented, but we are before the iteration). But the invariant should reflect the state before the loop starts. ### Initial Invariant Before the loop starts: - `x = 1` - `y = 0` ### After First Iteration After first iteration: - `x = 1 + 0 = 1` - `y = 1` ### After Second Iteration After second iteration: - `x = 1 + 1 = 2` - `y = 2` ### Pattern After `i` iterations: - `x = i` - `y = i` ### Loop Condition The loop continues while `y < 1000`, so `i` goes from 0 to 999. ### Loop Invariant The invariant before each iteration is: - `y < 1000` - `x == y + 1` (since `x` is `i` and `y` is `i`, so `x = y + 1`) But the loop invariant should be: ``` loop invariant y < 1000 && x == y + 1;

        loop invariant i_10: should be: ``` loop invariant y < 1000 && x == y + 1;

        loop invariant i_11: y < 1000 && x == y + 1;

        loop invariant i_12: ``` loop invariant y < 1000 && x == y + 1;

        loop invariant i_13: is based on the actual loop logic, not the assertion. ### Correct Invariant The loop invariant is: ``` loop invariant y < 1000 && x == y + 1;

        loop invariant i_14: y < 1000;

        loop invariant i_15: x == y + 1;


        loop assigns y;
        loop assigns x;
    */
    while (y < 1000 ) {
        x = x + y;
        y = y + 1;
    }
    //@ assert x >= y;
    return 0;
}
------------------------------------------
Verification failed (Invalid), removing all invariants and retrying.
========== Attempt 4 ==========
----------Prompt----------

int svcomp_1() {
    int x = 1;
    int y = 0;
    // Loop A
    /*@
        [Hint] Please infer the loop invariant for the following loop.

        loop assigns y;
        loop assigns x;
    */
    while (y < 1000 ) {
        x = x + y;
        y = y + 1;
    }
    //@ assert x >= y;
    return 0;
}
You are an expert in program verification, and please generate loop invariant as C annotation comments at the hint location (annotated by "[Hint] Please infer the loop invariant for the following loop.") using ACSL language.
ACSL is a specification language for C programs that conforms to the design by contract paradigm, utilizing Hoare style pre- and postconditions and invariants. Note that the `loop invariant` clause is a condition that is true at the beginning and end of every loop iteration.
Specifically, for the current verification task:
    - Pre-condition: the function's `requires` clauses
    - Post-condition: 1:x >= y; 
Please verify that the generated loop invariant is consistent with these constraints. If these specific pre- or post-conditions are not provided or empty, please infer the loop invariant strictly based on the program's execution logic and standard correctness.
In order to get a correct answer, You may want to consider both the situation of not entering the loop and the situation of jumping out of the loop. If some of the pre-conditions are also loop invariant, you need to add them to your answer as well.
Use '&&', '||', '==>', '\forall' or '\exists' if necessary. For instance:
```
loop invariant 1 <= x;
loop invariant x == y;
loop invariant 0 < x ==> y <= z;
loop invariant z % 2 == 1 || x == y;
loop invariant z % 2 == 1 && x <= y;
loop invariant \forall integer k;  0 <= k < i ==> max >=  a[k];
loop invariant \exists integer k;  0 <= k < i &&  max == a[k];
loop invariant \forall integer p; 0 <= p < \at(k, End_l) ==> res[p] == \at(res[p], End_l);
```
Your answer should follow the following format:
```
loop invariant ...;
loop invariant ...;
...
```
No explanation. No commentary. Just show me the loop invariant.
 /no_think
--------------------------
----------Response----------
[unused16][unused17]loop invariant && y < 1000;
```C
// Output in ACSL:
loop invariant && y < 1000;
```

The provided code snippet and ACSL example do not contain the pre- or post-conditions specified in the `svcomp_1()` function (e.g., `requires` or `assert` clauses). Therefore, the loop invariant is inferred purely based on the program logic and standard correctness requirements for loop invariants.

The loop invariant is `y < 1000`, which must hold true before and after each iteration of the loop. The variable `x` is updated using `y`, but since `y` is incremented in each iteration, `y < 1000` is the invariant that constrains the loop's termination condition. The invariant `x >= y` is not guaranteed at the end of the loop (since the loop exits when `y == 1000`, and `x` may be `y + sum of all previous y values`), so it cannot be part of the loop invariant.

If pre- or post-conditions were provided (e.g., `requires` or `assert` clauses), the invariant would be adjusted accordingly. Since they are not present in the code snippet, only the standard loop invariant is provided.

**Note:** The loop invariant is placed in ACSL as follows:

```acsl
loop invariant && y < 1000;
```
----------------------------
------------Invariant Info-----------
LOOP A:
i_16: && y < 1000
i_17: is inferred purely based on the program logic and standard correctness requirements for loop invariants. The loop invariant is `y < 1000`, which must hold true before and after each iteration of the loop. The variable `x` is updated using `y`, but since `y` is incremented in each iteration, `y < 1000` is the invariant that constrains the loop's termination condition. The invariant `x >= y` is not guaranteed at the end of the loop (since the loop exits when `y == 1000`, and `x` may be `y + sum of all previous y values`), so it cannot be part of the loop invariant. If pre- or post-conditions were provided (e.g., `requires` or `assert` clauses), the invariant would be adjusted accordingly. Since they are not present in the code snippet, only the standard loop invariant is provided. **Note:** The loop invariant is placed in ACSL as follows: ```acsl loop invariant && y < 1000
i_18: s. The loop invariant is `y < 1000`, which must hold true before and after each iteration of the loop. The variable `x` is updated using `y`, but since `y` is incremented in each iteration, `y < 1000` is the invariant that constrains the loop's termination condition. The invariant `x >= y` is not guaranteed at the end of the loop (since the loop exits when `y == 1000`, and `x` may be `y + sum of all previous y values`), so it cannot be part of the loop invariant. If pre- or post-conditions were provided (e.g., `requires` or `assert` clauses), the invariant would be adjusted accordingly. Since they are not present in the code snippet, only the standard loop invariant is provided. **Note:** The loop invariant is placed in ACSL as follows: ```acsl loop invariant && y < 1000
i_19: is `y < 1000`, which must hold true before and after each iteration of the loop. The variable `x` is updated using `y`, but since `y` is incremented in each iteration, `y < 1000` is the invariant that constrains the loop's termination condition. The invariant `x >= y` is not guaranteed at the end of the loop (since the loop exits when `y == 1000`, and `x` may be `y + sum of all previous y values`), so it cannot be part of the loop invariant. If pre- or post-conditions were provided (e.g., `requires` or `assert` clauses), the invariant would be adjusted accordingly. Since they are not present in the code snippet, only the standard loop invariant is provided. **Note:** The loop invariant is placed in ACSL as follows: ```acsl loop invariant && y < 1000
i_20: . If pre- or post-conditions were provided (e.g., `requires` or `assert` clauses), the invariant would be adjusted accordingly. Since they are not present in the code snippet, only the standard loop invariant is provided. **Note:** The loop invariant is placed in ACSL as follows: ```acsl loop invariant && y < 1000
i_21: is provided. **Note:** The loop invariant is placed in ACSL as follows: ```acsl loop invariant && y < 1000
i_22: is placed in ACSL as follows: ```acsl loop invariant && y < 1000
------------------------------------
---------- Code with Invariants ----------
int svcomp_1() {
    int x = 1;
    int y = 0;
    // Loop A
    /*@
        loop invariant i_16: && y < 1000;

        loop invariant i_17: is inferred purely based on the program logic and standard correctness requirements for loop invariants. The loop invariant is `y < 1000`, which must hold true before and after each iteration of the loop. The variable `x` is updated using `y`, but since `y` is incremented in each iteration, `y < 1000` is the invariant that constrains the loop's termination condition. The invariant `x >= y` is not guaranteed at the end of the loop (since the loop exits when `y == 1000`, and `x` may be `y + sum of all previous y values`), so it cannot be part of the loop invariant. If pre- or post-conditions were provided (e.g., `requires` or `assert` clauses), the invariant would be adjusted accordingly. Since they are not present in the code snippet, only the standard loop invariant is provided. **Note:** The loop invariant is placed in ACSL as follows: ```acsl loop invariant && y < 1000;

        loop invariant i_18: s. The loop invariant is `y < 1000`, which must hold true before and after each iteration of the loop. The variable `x` is updated using `y`, but since `y` is incremented in each iteration, `y < 1000` is the invariant that constrains the loop's termination condition. The invariant `x >= y` is not guaranteed at the end of the loop (since the loop exits when `y == 1000`, and `x` may be `y + sum of all previous y values`), so it cannot be part of the loop invariant. If pre- or post-conditions were provided (e.g., `requires` or `assert` clauses), the invariant would be adjusted accordingly. Since they are not present in the code snippet, only the standard loop invariant is provided. **Note:** The loop invariant is placed in ACSL as follows: ```acsl loop invariant && y < 1000;

        loop invariant i_19: is `y < 1000`, which must hold true before and after each iteration of the loop. The variable `x` is updated using `y`, but since `y` is incremented in each iteration, `y < 1000` is the invariant that constrains the loop's termination condition. The invariant `x >= y` is not guaranteed at the end of the loop (since the loop exits when `y == 1000`, and `x` may be `y + sum of all previous y values`), so it cannot be part of the loop invariant. If pre- or post-conditions were provided (e.g., `requires` or `assert` clauses), the invariant would be adjusted accordingly. Since they are not present in the code snippet, only the standard loop invariant is provided. **Note:** The loop invariant is placed in ACSL as follows: ```acsl loop invariant && y < 1000;

        loop invariant i_20: . If pre- or post-conditions were provided (e.g., `requires` or `assert` clauses), the invariant would be adjusted accordingly. Since they are not present in the code snippet, only the standard loop invariant is provided. **Note:** The loop invariant is placed in ACSL as follows: ```acsl loop invariant && y < 1000;

        loop invariant i_21: is provided. **Note:** The loop invariant is placed in ACSL as follows: ```acsl loop invariant && y < 1000;

        loop invariant i_22: is placed in ACSL as follows: ```acsl loop invariant && y < 1000;


        loop assigns y;
        loop assigns x;
    */
    while (y < 1000 ) {
        x = x + y;
        y = y + 1;
    }
    //@ assert x >= y;
    return 0;
}
------------------------------------------
Verification failed (UK), removing all invariants and retrying.
========== Attempt 5 ==========
----------Prompt----------

int svcomp_1() {
    int x = 1;
    int y = 0;
    // Loop A
    /*@
        [Hint] Please infer the loop invariant for the following loop.

        loop assigns y;
        loop assigns x;
    */
    while (y < 1000 ) {
        x = x + y;
        y = y + 1;
    }
    //@ assert x >= y;
    return 0;
}
You are an expert in program verification, and please generate loop invariant as C annotation comments at the hint location (annotated by "[Hint] Please infer the loop invariant for the following loop.") using ACSL language.
ACSL is a specification language for C programs that conforms to the design by contract paradigm, utilizing Hoare style pre- and postconditions and invariants. Note that the `loop invariant` clause is a condition that is true at the beginning and end of every loop iteration.
Specifically, for the current verification task:
    - Pre-condition: the function's `requires` clauses
    - Post-condition: 1:x >= y; 
Please verify that the generated loop invariant is consistent with these constraints. If these specific pre- or post-conditions are not provided or empty, please infer the loop invariant strictly based on the program's execution logic and standard correctness.
In order to get a correct answer, You may want to consider both the situation of not entering the loop and the situation of jumping out of the loop. If some of the pre-conditions are also loop invariant, you need to add them to your answer as well.
Use '&&', '||', '==>', '\forall' or '\exists' if necessary. For instance:
```
loop invariant 1 <= x;
loop invariant x == y;
loop invariant 0 < x ==> y <= z;
loop invariant z % 2 == 1 || x == y;
loop invariant z % 2 == 1 && x <= y;
loop invariant \forall integer k;  0 <= k < i ==> max >=  a[k];
loop invariant \exists integer k;  0 <= k < i &&  max == a[k];
loop invariant \forall integer p; 0 <= p < \at(k, End_l) ==> res[p] == \at(res[p], End_l);
```
Your answer should follow the following format:
```
loop invariant ...;
loop invariant ...;
...
```
No explanation. No commentary. Just show me the loop invariant.
 /no_think
--------------------------
----------Response----------
[unused16][unused17]```
loop invariant y < 1000;
```
----------------------------
------------Invariant Info-----------
LOOP A:
i_23: y < 1000
------------------------------------
---------- Code with Invariants ----------
int svcomp_1() {
    int x = 1;
    int y = 0;
    // Loop A
    /*@
        loop invariant i_23: y < 1000;


        loop assigns y;
        loop assigns x;
    */
    while (y < 1000 ) {
        x = x + y;
        y = y + 1;
    }
    //@ assert x >= y;
    return 0;
}
------------------------------------------
Verification failed (Fail_4_5), removing all invariants and retrying.
Verification failed: reached maximum attempts.
---------Result---------
Fail
Model: openPangu-Embedded-7B-V1.1
Running time: 318.16791129112244
Proposal number: 5
Verified code:

------------------------
