-----------Model-----------
Model type:
PanguEmbeddedForCausalLM(
  (model): PanguEmbeddedModel(
    (embed_tokens): Embedding(153376, 4096, padding_idx=0)
    (layers): ModuleList(
      (0-33): 34 x PanguEmbeddedDecoderLayer(
        (self_attn): PanguEmbeddedAttention(
          (q_proj): Linear(in_features=4096, out_features=4096, bias=True)
          (k_proj): Linear(in_features=4096, out_features=1024, bias=True)
          (v_proj): Linear(in_features=4096, out_features=1024, bias=True)
          (o_proj): Linear(in_features=4096, out_features=4096, bias=True)
        )
        (mlp): PanguEmbeddedMLP(
          (gate_proj): Linear(in_features=4096, out_features=12800, bias=False)
          (up_proj): Linear(in_features=4096, out_features=12800, bias=False)
          (down_proj): Linear(in_features=12800, out_features=4096, bias=False)
          (act_fn): SiLU()
        )
        (input_layernorm): PanguEmbeddedRMSNorm((4096,), eps=1e-05)
        (post_attention_layernorm): PanguEmbeddedRMSNorm((4096,), eps=1e-05)
      )
    )
    (norm): PanguEmbeddedRMSNorm((4096,), eps=1e-05)
    (rotary_emb): PanguEmbeddedRotaryEmbedding()
  )
  (lm_head): Linear(in_features=4096, out_features=153376, bias=False)
)
Model device:
npu:1
---------------------------
File Path: ../Benchmark/acsl-algorithms/_bfs.c
----------Code----------
/*@
    predicate connect(int** graph, integer i, integer j, integer n) =
        0 <= i < n && 0 <= j < n && ((i == j) || (graph[i][j] == 1) || (graph[j][i] == 1) || (\exists integer k; 0 <= k < n && connect(graph, i, k, n) && connect(graph, k, j, n)));
*/

/*@
    requires 0 <= start < n;
    requires \valid(graph + (0..(n)));
    requires \valid(graph[0..(n)] + (0..(n)));
    requires \valid(dist + (0..(n)));
    requires \valid(visited + (0..(n)));
    requires \valid(queue + (0..(n)));
    requires \forall integer i, j; 0 <= i <= n && 0 <= j <= n && i != j ==> \separated(&graph[i] + (0..(n)), &graph[j] + (0..(n)), &dist[0..(n)], &visited[0..(n)], &queue[0..(n)]);
    requires \separated(&dist[0..(n)], &visited[0..(n)], &queue[0..(n)]);
    requires \forall integer j; 0 <= j <= n && j != start ==> visited[j] == 0 && dist[j] == -1;
    requires visited[start] == 1 && dist[start] == 0;
    requires queue[0] == start;
    requires \forall integer i, j; 0 <= i <= n ==> graph[i][i] == 1;
    requires \forall integer i, j; 0 <= i <= n && 0 <= j <= n ==> graph[i][j] == graph[j][i];
    requires \forall integer i, j; 0 <= i <= n && 0 <= j <= n ==> (graph[i][j] == 0 || graph[i][j] == 1);
    ensures e_1: \forall integer i; (0 <= i < n && visited[i] == 1) ==> connect(graph, i, start, n);
    assigns dist[0..(n)], visited[0..(n)], queue[0..(n)];
*/
void _bfs(int** graph, int* dist, int* visited, int* queue, int start, int n) {
    int rear = 0;
    int front = 0;
    int node = start;
    /*@
        loop assigns front;
        loop assigns rear;
        loop assigns node;
        loop assigns queue[0..(n)];
        loop assigns dist[0..(n)];
        loop assigns visited[0..(n)];
    */
    while (front <= rear && front < n && rear < n) {
        /*@
            loop assigns rear;
            loop assigns queue[0..(n)];
            loop assigns dist[0..(n)];
            loop assigns visited[0..(n)];
            loop assigns i;
        */
        for (int i = 0; i < n; i++) {
            if (graph[node][i] == 1 && visited[i] == 0 && rear < n) { 
                rear++;
                queue[rear] = i;
                visited[i] = 1;
                dist[i] = dist[node] + 1;
            }
        }
        front += 1;
        if(front <= rear){
            node = queue[front];
        }
        else{
            break;
        }
    }
}
------------------------
========== Attempt 1 ==========
----------Prompt----------

/*@
    predicate connect(int** graph, integer i, integer j, integer n) =
        0 <= i < n && 0 <= j < n && ((i == j) || (graph[i][j] == 1) || (graph[j][i] == 1) || (\exists integer k; 0 <= k < n && connect(graph, i, k, n) && connect(graph, k, j, n)));
*/

/*@
    requires 0 <= start < n;
    requires \valid(graph + (0..(n)));
    requires \valid(graph[0..(n)] + (0..(n)));
    requires \valid(dist + (0..(n)));
    requires \valid(visited + (0..(n)));
    requires \valid(queue + (0..(n)));
    requires \forall integer i, j; 0 <= i <= n && 0 <= j <= n && i != j ==> \separated(&graph[i] + (0..(n)), &graph[j] + (0..(n)), &dist[0..(n)], &visited[0..(n)], &queue[0..(n)]);
    requires \separated(&dist[0..(n)], &visited[0..(n)], &queue[0..(n)]);
    requires \forall integer j; 0 <= j <= n && j != start ==> visited[j] == 0 && dist[j] == -1;
    requires visited[start] == 1 && dist[start] == 0;
    requires queue[0] == start;
    requires \forall integer i, j; 0 <= i <= n ==> graph[i][i] == 1;
    requires \forall integer i, j; 0 <= i <= n && 0 <= j <= n ==> graph[i][j] == graph[j][i];
    requires \forall integer i, j; 0 <= i <= n && 0 <= j <= n ==> (graph[i][j] == 0 || graph[i][j] == 1);
    ensures e_1: \forall integer i; (0 <= i < n && visited[i] == 1) ==> connect(graph, i, start, n);
    assigns dist[0..(n)], visited[0..(n)], queue[0..(n)];
*/
void _bfs(int** graph, int* dist, int* visited, int* queue, int start, int n) {
    int rear = 0;
    int front = 0;
    int node = start;
    // Loop A
    /*@
        [Hint] Please infer the loop invariant for the following loop.

        loop assigns front;
        loop assigns rear;
        loop assigns node;
        loop assigns queue[0..(n)];
        loop assigns dist[0..(n)];
        loop assigns visited[0..(n)];
    */
    while (front <= rear && front < n && rear < n) {
        // Loop B
        /*@
            loop assigns rear;
            loop assigns queue[0..(n)];
            loop assigns dist[0..(n)];
            loop assigns visited[0..(n)];
            loop assigns i;
        */
        for (int i = 0; i < n; i++) {
            if (graph[node][i] == 1 && visited[i] == 0 && rear < n) { 
                rear++;
                queue[rear] = i;
                visited[i] = 1;
                dist[i] = dist[node] + 1;
            }
        }
        front += 1;
        if(front <= rear){
            node = queue[front];
        }
        else{
            break;
        }
    }
}
You are an expert in program verification, and please generate loop invariant as C annotation comments at the hint location (annotated by "[Hint] Please infer the loop invariant for the following loop.") using ACSL language.
ACSL is a specification language for C programs that conforms to the design by contract paradigm, utilizing Hoare style pre- and postconditions and invariants. Note that the `loop invariant` clause is a condition that is true at the beginning and end of every loop iteration.
Specifically, for the current verification task:
    - Pre-condition: the function's `requires` clauses
    - Post-condition: 
Please verify that the generated loop invariant is consistent with these constraints. If these specific pre- or post-conditions are not provided or empty, please infer the loop invariant strictly based on the program's execution logic and standard correctness.
In order to get a correct answer, You may want to consider both the situation of not entering the loop and the situation of jumping out of the loop. If some of the pre-conditions are also loop invariant, you need to add them to your answer as well.
Use '&&', '||', '==>', '\forall' or '\exists' if necessary. For instance:
```
loop invariant 1 <= x;
loop invariant x == y;
loop invariant 0 < x ==> y <= z;
loop invariant z % 2 == 1 || x == y;
loop invariant z % 2 == 1 && x <= y;
loop invariant \forall integer k;  0 <= k < i ==> max >=  a[k];
loop invariant \exists integer k;  0 <= k < i &&  max == a[k];
loop invariant \forall integer p; 0 <= p < \at(k, End_l) ==> res[p] == \at(res[p], End_l);
```
Your answer should follow the following format:
```
loop invariant ...;
loop invariant ...;
...
```
No explanation. No commentary. Just show me the loop invariant.
 /no_think
--------------------------
----------Response----------
[unused16][unused17][Loop <Loop A>]
loop invariant 0 <= front <= rear && front <= n && rear < n;
loop invariant rear < n;
loop invariant \forall integer i; 0 <= i <= rear && visited[i] == 0 && dist[i] == dist[node] + 1 && queue[front] == i;
loop invariant \forall integer i; 0 <= i <= n && (i == node || visited[i] == 1);
loop invariant \forall integer i; 0 <= i <= n && \exists integer k; 0 <= k <= i && graph[node][k] == 1;
loop invariant \forall integer i; 0 <= i <= n && \exists integer k; 0 <= k <= i && graph[i][k] == 1;
loop invariant \forall integer i; 0 <= i <= n && \exists integer k; 0 <= k <= n && graph[i][k] == 1;
loop invariant \forall integer i; 0 <= i <= n && \exists integer j; 0 <= j <= n && graph[i][j] == 1;
loop invariant \forall integer i; 0 <= i <= n && \exists integer j; 0 <= j <= i && graph[j][i] == 1;
loop invariant \forall integer i; 0 <= i <= n && \exists integer j; 0 <= j <= n && graph[i][j] == 1;
loop invariant \forall integer i; 0 <= i <= n && \exists integer j; 0 <= j <= n && graph[i][j] == 1;
loop invariant \forall integer i; 0 <= i <= n && \exists integer j; 0 <= j <= n && graph[j][i] == 1;
loop invariant \forall integer i; 0 <= i <= n && \exists integer j; 0 <= j <= n && graph[i][j] == 1;
loop invariant \forall integer i; 0 <= i <= n && \exists integer k; 0 <= k <= n && graph[i][k] == 1;
loop invariant \forall integer i; 0 <= i <= n && \exists integer j; 0 <= j <= n && graph[j][i] == 1;
loop invariant \forall integer i; 0 <= i <= n && \exists integer k; 0 <= k <= i && graph[i][k] == 1;
loop invariant \forall integer i; 0 <= i <= n && \exists integer j; 0 <= j <= i && graph[j][i] == 1;
loop invariant \forall integer i; 0 <= i <= n && graph[i][i] == 1;
loop invariant \forall integer i, j; 0 <= i <= n && 0 <= j <= n && i != j ==> \separated(&graph[i] + (0..(n)), &graph[j] + (0..(n)), &dist[0..(n)], &visited[0..(n)], &queue[0..(n)]);
loop invariant \separated(&dist[0..(n)], &visited[0..(n)], &queue[0..(n)]);
loop invariant \forall integer j; 0 <= j <= n && j != start ==> visited[j] == 0 && dist[j] == -1;
loop invariant visited[start] == 1 && dist[start] == 0;
loop invariant queue[front] == start;
[Loop <Loop B>]
loop invariant \forall integer i; 0 <= i <= rear && visited[i] == 0 && dist[i] == dist[node] + 1 && queue[front] == i;
loop invariant \forall integer i; 0 <= i <= n && \exists integer k; 0 <= k <= i && graph[node][k] == 1;
loop invariant \forall integer i; 0 <= i <= n && \exists integer j; 0 <= j <= n && graph[i][j] == 1;
loop invariant \forall integer i; 0 <= i <= n && \exists integer j; 0 <= j <= i && graph[i][j] == 1;
loop invariant \forall integer i; 0 <= i <= n && \exists integer j; 0 <= j <= n && graph[i][j] == 1;
loop invariant \forall integer i; 0 <= i <= n && \exists integer j; 0 <= j <= i && graph[j][i] == 1;
loop invariant \forall integer i; 0 <= i <= n && \exists integer j; 0 <= j <= n && graph[i][j] == 1;
loop invariant \forall integer i; 0 <= i <= n && \exists integer j; 0 <= j <= n && graph[i][j] == 1;
loop invariant \forall integer i; 0 <= i <= n && \exists integer j; 0 <= j <= i && graph[j][i] == 1;
loop invariant \forall integer i; 0 <= i <= n && \exists integer k; 0 <= k <= i && graph[i][k] == 1;
loop invariant \forall integer i; 0 <= i <= n && \exists integer k; 0 <= k <= i && graph[i][k] == 1;
loop invariant \forall integer i; 0 <= i <= n && \exists integer k; 0 <= k <= i && graph[i][k] == 1;
loop invariant \forall integer i; 0 <= i <= n && \exists integer j; 0 <= j <= i && graph[j][i] == 1;
loop invariant \forall integer i; 0 <= i <= n && \exists integer k; 0 <= k <= n && graph[i][k] == 1;
loop invariant \forall integer i; 0 <= i <= n && \exists integer j; 0 <= j <= n && graph[i][j] == 1;
loop invariant \forall integer i; 0 <= i <= n && \exists integer j; 0 <= j <= n && graph[i][j] == 1;
loop invariant \forall integer i; 0 <= i <= n && \exists integer j; 0 <= j <= n && graph[j][i] == 1;
loop invariant \forall integer i; 0 <= i <= n && graph[i][i] == 1;
```
----------------------------
----------Prompt----------

/*@
    predicate connect(int** graph, integer i, integer j, integer n) =
        0 <= i < n && 0 <= j < n && ((i == j) || (graph[i][j] == 1) || (graph[j][i] == 1) || (\exists integer k; 0 <= k < n && connect(graph, i, k, n) && connect(graph, k, j, n)));
*/

/*@
    requires 0 <= start < n;
    requires \valid(graph + (0..(n)));
    requires \valid(graph[0..(n)] + (0..(n)));
    requires \valid(dist + (0..(n)));
    requires \valid(visited + (0..(n)));
    requires \valid(queue + (0..(n)));
    requires \forall integer i, j; 0 <= i <= n && 0 <= j <= n && i != j ==> \separated(&graph[i] + (0..(n)), &graph[j] + (0..(n)), &dist[0..(n)], &visited[0..(n)], &queue[0..(n)]);
    requires \separated(&dist[0..(n)], &visited[0..(n)], &queue[0..(n)]);
    requires \forall integer j; 0 <= j <= n && j != start ==> visited[j] == 0 && dist[j] == -1;
    requires visited[start] == 1 && dist[start] == 0;
    requires queue[0] == start;
    requires \forall integer i, j; 0 <= i <= n ==> graph[i][i] == 1;
    requires \forall integer i, j; 0 <= i <= n && 0 <= j <= n ==> graph[i][j] == graph[j][i];
    requires \forall integer i, j; 0 <= i <= n && 0 <= j <= n ==> (graph[i][j] == 0 || graph[i][j] == 1);
    ensures e_1: \forall integer i; (0 <= i < n && visited[i] == 1) ==> connect(graph, i, start, n);
    assigns dist[0..(n)], visited[0..(n)], queue[0..(n)];
*/
void _bfs(int** graph, int* dist, int* visited, int* queue, int start, int n) {
    int rear = 0;
    int front = 0;
    int node = start;
    // Loop A
    /*@
        loop invariant i_0: 0 <= front <= rear && front <= n && rear < n;

        loop invariant i_1: rear < n;

        loop invariant i_2: \forall integer i; 0 <= i <= rear && visited[i] == 0 && dist[i] == dist[node] + 1 && queue[front] == i;

        loop invariant i_3: \forall integer i; 0 <= i <= n && (i == node || visited[i] == 1);

        loop invariant i_4: \forall integer i; 0 <= i <= n && \exists integer k; 0 <= k <= i && graph[node][k] == 1;

        loop invariant i_5: \forall integer i; 0 <= i <= n && \exists integer k; 0 <= k <= i && graph[i][k] == 1;

        loop invariant i_6: \forall integer i; 0 <= i <= n && \exists integer k; 0 <= k <= n && graph[i][k] == 1;

        loop invariant i_7: \forall integer i; 0 <= i <= n && \exists integer j; 0 <= j <= n && graph[i][j] == 1;

        loop invariant i_8: \forall integer i; 0 <= i <= n && \exists integer j; 0 <= j <= i && graph[j][i] == 1;

        loop invariant i_9: \forall integer i; 0 <= i <= n && \exists integer j; 0 <= j <= n && graph[j][i] == 1;

        loop invariant i_10: \forall integer i; 0 <= i <= n && graph[i][i] == 1;

        loop invariant i_11: \forall integer i, j; 0 <= i <= n && 0 <= j <= n && i != j ==> \separated(&graph[i] + (0..(n)), &graph[j] + (0..(n)), &dist[0..(n)], &visited[0..(n)], &queue[0..(n)]);

        loop invariant i_12: \separated(&dist[0..(n)], &visited[0..(n)], &queue[0..(n)]);

        loop invariant i_13: \forall integer j; 0 <= j <= n && j != start ==> visited[j] == 0 && dist[j] == -1;

        loop invariant i_14: visited[start] == 1 && dist[start] == 0;

        loop invariant i_15: queue[front] == start;

        loop invariant i_16: \forall integer i; 0 <= i <= n && \exists integer j; 0 <= j <= i && graph[i][j] == 1;


        loop assigns front;
        loop assigns rear;
        loop assigns node;
        loop assigns queue[0..(n)];
        loop assigns dist[0..(n)];
        loop assigns visited[0..(n)];
    */
    while (front <= rear && front < n && rear < n) {
        // Loop B
        /*@
            [Hint] Please infer the loop invariant for the following loop.

            loop assigns rear;
            loop assigns queue[0..(n)];
            loop assigns dist[0..(n)];
            loop assigns visited[0..(n)];
            loop assigns i;
        */
        for (int i = 0; i < n; i++) {
            if (graph[node][i] == 1 && visited[i] == 0 && rear < n) { 
                rear++;
                queue[rear] = i;
                visited[i] = 1;
                dist[i] = dist[node] + 1;
            }
        }
        front += 1;
        if(front <= rear){
            node = queue[front];
        }
        else{
            break;
        }
    }
}
You are an expert in program verification, and please generate loop invariant as C annotation comments at the hint location (annotated by "[Hint] Please infer the loop invariant for the following loop.") using ACSL language.
ACSL is a specification language for C programs that conforms to the design by contract paradigm, utilizing Hoare style pre- and postconditions and invariants. Note that the `loop invariant` clause is a condition that is true at the beginning and end of every loop iteration.
Specifically, for the current verification task:
    - Pre-condition: i_0:0 <= front <= rear && front <= n && rear < n; i_1:rear < n; i_2:\forall integer i; 0 <= i <= rear && visited[i] == 0 && dist[i] == dist[node] + 1 && queue[front] == i; i_3:\forall integer i; 0 <= i <= n && (i == node || visited[i] == 1); i_4:\forall integer i; 0 <= i <= n && \exists integer k; 0 <= k <= i && graph[node][k] == 1; i_5:\forall integer i; 0 <= i <= n && \exists integer k; 0 <= k <= i && graph[i][k] == 1; i_6:\forall integer i; 0 <= i <= n && \exists integer k; 0 <= k <= n && graph[i][k] == 1; i_7:\forall integer i; 0 <= i <= n && \exists integer j; 0 <= j <= n && graph[i][j] == 1; i_8:\forall integer i; 0 <= i <= n && \exists integer j; 0 <= j <= i && graph[j][i] == 1; i_9:\forall integer i; 0 <= i <= n && \exists integer j; 0 <= j <= n && graph[j][i] == 1; i_10:\forall integer i; 0 <= i <= n && graph[i][i] == 1; i_11:\forall integer i, j; 0 <= i <= n && 0 <= j <= n && i != j ==> \separated(&graph[i] + (0..(n)), &graph[j] + (0..(n)), &dist[0..(n)], &visited[0..(n)], &queue[0..(n)]); i_12:\separated(&dist[0..(n)], &visited[0..(n)], &queue[0..(n)]); i_13:\forall integer j; 0 <= j <= n && j != start ==> visited[j] == 0 && dist[j] == -1; i_14:visited[start] == 1 && dist[start] == 0; i_15:queue[front] == start; i_16:\forall integer i; 0 <= i <= n && \exists integer j; 0 <= j <= i && graph[i][j] == 1; 
    - Post-condition: i_0:0 <= front <= rear && front <= n && rear < n; i_1:rear < n; i_2:\forall integer i; 0 <= i <= rear && visited[i] == 0 && dist[i] == dist[node] + 1 && queue[front] == i; i_3:\forall integer i; 0 <= i <= n && (i == node || visited[i] == 1); i_4:\forall integer i; 0 <= i <= n && \exists integer k; 0 <= k <= i && graph[node][k] == 1; i_5:\forall integer i; 0 <= i <= n && \exists integer k; 0 <= k <= i && graph[i][k] == 1; i_6:\forall integer i; 0 <= i <= n && \exists integer k; 0 <= k <= n && graph[i][k] == 1; i_7:\forall integer i; 0 <= i <= n && \exists integer j; 0 <= j <= n && graph[i][j] == 1; i_8:\forall integer i; 0 <= i <= n && \exists integer j; 0 <= j <= i && graph[j][i] == 1; i_9:\forall integer i; 0 <= i <= n && \exists integer j; 0 <= j <= n && graph[j][i] == 1; i_10:\forall integer i; 0 <= i <= n && graph[i][i] == 1; i_11:\forall integer i, j; 0 <= i <= n && 0 <= j <= n && i != j ==> \separated(&graph[i] + (0..(n)), &graph[j] + (0..(n)), &dist[0..(n)], &visited[0..(n)], &queue[0..(n)]); i_12:\separated(&dist[0..(n)], &visited[0..(n)], &queue[0..(n)]); i_13:\forall integer j; 0 <= j <= n && j != start ==> visited[j] == 0 && dist[j] == -1; i_14:visited[start] == 1 && dist[start] == 0; i_15:queue[front] == start; i_16:\forall integer i; 0 <= i <= n && \exists integer j; 0 <= j <= i && graph[i][j] == 1; 
Please verify that the generated loop invariant is consistent with these constraints. If these specific pre- or post-conditions are not provided or empty, please infer the loop invariant strictly based on the program's execution logic and standard correctness.
In order to get a correct answer, You may want to consider both the situation of not entering the loop and the situation of jumping out of the loop. If some of the pre-conditions are also loop invariant, you need to add them to your answer as well.
Use '&&', '||', '==>', '\forall' or '\exists' if necessary. For instance:
```
loop invariant 1 <= x;
loop invariant x == y;
loop invariant 0 < x ==> y <= z;
loop invariant z % 2 == 1 || x == y;
loop invariant z % 2 == 1 && x <= y;
loop invariant \forall integer k;  0 <= k < i ==> max >=  a[k];
loop invariant \exists integer k;  0 <= k < i &&  max == a[k];
loop invariant \forall integer p; 0 <= p < \at(k, End_l) ==> res[p] == \at(res[p], End_l);
```
Your answer should follow the following format:
```
loop invariant ...;
loop invariant ...;
...
```
No explanation. No commentary. Just show me the loop invariant.
 /no_think
--------------------------
----------Response----------
[unused16][unused17][Loop <PRE_LOOP>]
loop invariant 0 <= front <= rear && front <= n && rear < n && \forall integer i; 0 <= i <= rear && visited[i] == 0 && dist[i] == dist[node] + 1 && queue[front] == i && \forall integer i; 0 <= i <= n && (i == node || visited[i] == 1) && \forall integer i; 0 <= i <= n && \exists integer k; 0 <= k <= i && graph[node][k] == 1 && \forall integer i; 0 <= i <= n && \exists integer k; 0 <= k <= i && graph[i][k] == 1 && \forall integer i; 0 <= i <= n && \exists integer j; 0 <= j <= n && graph[i][j] == 1 && \forall integer i; 0 <= i <= n && \exists integer j; 0 <= j <= i && graph[j][i] == 1 && \forall integer i; 0 <= i <= n && \exists integer j; 0 <= j <= n && graph[i][j] == 1 && \forall integer i; 0 <= i <= n && \exists integer j; 0 <= j <= n && graph[j][i] == 1 && \forall integer i; 0 <= i <= n && graph[i][i] == 1;

[Loop <CUR_LOOP>]  
loop invariant rear < n && \forall integer i; 0 <= i <= rear && visited[i] == 0 && dist[i] == dist[node] + 1 && queue[front] == i && \forall integer i; 0 <= i <= n && \exists integer k; 0 <= k <= i && graph[node][k] == 1 && \forall integer i; 0 <= i <= n && \exists integer k; 0 <= k <= i && graph[i][k] == 1 && \forall integer i; 0 <= i <= n && \exists integer j; 0 <= j <= n && graph[i][j] == 1 && \forall integer i; 0 <= i <= n && \exists integer j; 0 <= j <= i && graph[j][i] == 1 && \forall integer i; 0 <= i <= n && \exists integer j; 0 <= j <= n && graph[i][j] == 1 && \forall integer i; 0 <= i <= n && \exists integer j; 0 <= j <= n && graph[j][i] == 1 && \forall integer i; 0 <= i <= n && graph[i][i] == 1; && \forall integer i, j; 0 <= i <= n && 0 <= j <= n && i != j ==> \separated(&graph[i] + (0..(n)), &graph[j] + (0..(n)), &dist[0..(n)], &visited[0..(n)], &queue[0..(n)]); && \separated(&dist[0..(n)], &visited[0..(n)], &queue[0..(n)]); && \forall integer j; 0 <= j <= n && j != start ==> visited[j] == 0 && dist[j] == -1 && rear == j; && visited[start] == 1 && dist[start] == 0 && \exists integer j; 0 <= j <= n && j == node; && queue[front] == start; && \forall integer i; 0 <= i <= n && \exists integer j; 0 <= j <= i && graph[i][j] == 1;
----------------------------
------------Invariant Info-----------
LOOP A:
i_0: 0 <= front <= rear && front <= n && rear < n
i_1: rear < n
i_2: \forall integer i; 0 <= i <= rear && visited[i] == 0 && dist[i] == dist[node] + 1 && queue[front] == i
i_3: \forall integer i; 0 <= i <= n && (i == node || visited[i] == 1)
i_4: \forall integer i; 0 <= i <= n && \exists integer k; 0 <= k <= i && graph[node][k] == 1
i_5: \forall integer i; 0 <= i <= n && \exists integer k; 0 <= k <= i && graph[i][k] == 1
i_6: \forall integer i; 0 <= i <= n && \exists integer k; 0 <= k <= n && graph[i][k] == 1
i_7: \forall integer i; 0 <= i <= n && \exists integer j; 0 <= j <= n && graph[i][j] == 1
i_8: \forall integer i; 0 <= i <= n && \exists integer j; 0 <= j <= i && graph[j][i] == 1
i_9: \forall integer i; 0 <= i <= n && \exists integer j; 0 <= j <= n && graph[j][i] == 1
i_10: \forall integer i; 0 <= i <= n && graph[i][i] == 1
i_11: \forall integer i, j; 0 <= i <= n && 0 <= j <= n && i != j ==> \separated(&graph[i] + (0..(n)), &graph[j] + (0..(n)), &dist[0..(n)], &visited[0..(n)], &queue[0..(n)])
i_12: \separated(&dist[0..(n)], &visited[0..(n)], &queue[0..(n)])
i_13: \forall integer j; 0 <= j <= n && j != start ==> visited[j] == 0 && dist[j] == -1
i_14: visited[start] == 1 && dist[start] == 0
i_15: queue[front] == start
i_16: \forall integer i; 0 <= i <= n && \exists integer j; 0 <= j <= i && graph[i][j] == 1
LOOP B:
i_17: 0 <= front <= rear && front <= n && rear < n && \forall integer i; 0 <= i <= rear && visited[i] == 0 && dist[i] == dist[node] + 1 && queue[front] == i && \forall integer i; 0 <= i <= n && (i == node || visited[i] == 1) && \forall integer i; 0 <= i <= n && \exists integer k; 0 <= k <= i && graph[node][k] == 1 && \forall integer i; 0 <= i <= n && \exists integer k; 0 <= k <= i && graph[i][k] == 1 && \forall integer i; 0 <= i <= n && \exists integer j; 0 <= j <= n && graph[i][j] == 1 && \forall integer i; 0 <= i <= n && \exists integer j; 0 <= j <= i && graph[j][i] == 1 && \forall integer i; 0 <= i <= n && \exists integer j; 0 <= j <= n && graph[i][j] == 1 && \forall integer i; 0 <= i <= n && \exists integer j; 0 <= j <= n && graph[j][i] == 1 && \forall integer i; 0 <= i <= n && graph[i][i] == 1
i_18: rear < n && \forall integer i; 0 <= i <= rear && visited[i] == 0 && dist[i] == dist[node] + 1 && queue[front] == i && \forall integer i; 0 <= i <= n && \exists integer k; 0 <= k <= i && graph[node][k] == 1 && \forall integer i; 0 <= i <= n && \exists integer k; 0 <= k <= i && graph[i][k] == 1 && \forall integer i; 0 <= i <= n && \exists integer j; 0 <= j <= n && graph[i][j] == 1 && \forall integer i; 0 <= i <= n && \exists integer j; 0 <= j <= i && graph[j][i] == 1 && \forall integer i; 0 <= i <= n && \exists integer j; 0 <= j <= n && graph[i][j] == 1 && \forall integer i; 0 <= i <= n && \exists integer j; 0 <= j <= n && graph[j][i] == 1 && \forall integer i; 0 <= i <= n && graph[i][i] == 1
------------------------------------
---------- Code with Invariants ----------
/*@
    predicate connect(int** graph, integer i, integer j, integer n) =
        0 <= i < n && 0 <= j < n && ((i == j) || (graph[i][j] == 1) || (graph[j][i] == 1) || (\exists integer k; 0 <= k < n && connect(graph, i, k, n) && connect(graph, k, j, n)));
*/

/*@
    requires 0 <= start < n;
    requires \valid(graph + (0..(n)));
    requires \valid(graph[0..(n)] + (0..(n)));
    requires \valid(dist + (0..(n)));
    requires \valid(visited + (0..(n)));
    requires \valid(queue + (0..(n)));
    requires \forall integer i, j; 0 <= i <= n && 0 <= j <= n && i != j ==> \separated(&graph[i] + (0..(n)), &graph[j] + (0..(n)), &dist[0..(n)], &visited[0..(n)], &queue[0..(n)]);
    requires \separated(&dist[0..(n)], &visited[0..(n)], &queue[0..(n)]);
    requires \forall integer j; 0 <= j <= n && j != start ==> visited[j] == 0 && dist[j] == -1;
    requires visited[start] == 1 && dist[start] == 0;
    requires queue[0] == start;
    requires \forall integer i, j; 0 <= i <= n ==> graph[i][i] == 1;
    requires \forall integer i, j; 0 <= i <= n && 0 <= j <= n ==> graph[i][j] == graph[j][i];
    requires \forall integer i, j; 0 <= i <= n && 0 <= j <= n ==> (graph[i][j] == 0 || graph[i][j] == 1);
    ensures e_1: \forall integer i; (0 <= i < n && visited[i] == 1) ==> connect(graph, i, start, n);
    assigns dist[0..(n)], visited[0..(n)], queue[0..(n)];
*/
void _bfs(int** graph, int* dist, int* visited, int* queue, int start, int n) {
    int rear = 0;
    int front = 0;
    int node = start;
    // Loop A
    /*@
        loop invariant i_0: 0 <= front <= rear && front <= n && rear < n;

        loop invariant i_1: rear < n;

        loop invariant i_2: \forall integer i; 0 <= i <= rear && visited[i] == 0 && dist[i] == dist[node] + 1 && queue[front] == i;

        loop invariant i_3: \forall integer i; 0 <= i <= n && (i == node || visited[i] == 1);

        loop invariant i_4: \forall integer i; 0 <= i <= n && \exists integer k; 0 <= k <= i && graph[node][k] == 1;

        loop invariant i_5: \forall integer i; 0 <= i <= n && \exists integer k; 0 <= k <= i && graph[i][k] == 1;

        loop invariant i_6: \forall integer i; 0 <= i <= n && \exists integer k; 0 <= k <= n && graph[i][k] == 1;

        loop invariant i_7: \forall integer i; 0 <= i <= n && \exists integer j; 0 <= j <= n && graph[i][j] == 1;

        loop invariant i_8: \forall integer i; 0 <= i <= n && \exists integer j; 0 <= j <= i && graph[j][i] == 1;

        loop invariant i_9: \forall integer i; 0 <= i <= n && \exists integer j; 0 <= j <= n && graph[j][i] == 1;

        loop invariant i_10: \forall integer i; 0 <= i <= n && graph[i][i] == 1;

        loop invariant i_11: \forall integer i, j; 0 <= i <= n && 0 <= j <= n && i != j ==> \separated(&graph[i] + (0..(n)), &graph[j] + (0..(n)), &dist[0..(n)], &visited[0..(n)], &queue[0..(n)]);

        loop invariant i_12: \separated(&dist[0..(n)], &visited[0..(n)], &queue[0..(n)]);

        loop invariant i_13: \forall integer j; 0 <= j <= n && j != start ==> visited[j] == 0 && dist[j] == -1;

        loop invariant i_14: visited[start] == 1 && dist[start] == 0;

        loop invariant i_15: queue[front] == start;

        loop invariant i_16: \forall integer i; 0 <= i <= n && \exists integer j; 0 <= j <= i && graph[i][j] == 1;


        loop assigns front;
        loop assigns rear;
        loop assigns node;
        loop assigns queue[0..(n)];
        loop assigns dist[0..(n)];
        loop assigns visited[0..(n)];
    */
    while (front <= rear && front < n && rear < n) {
        // Loop B
        /*@
            loop invariant i_17: 0 <= front <= rear && front <= n && rear < n && \forall integer i; 0 <= i <= rear && visited[i] == 0 && dist[i] == dist[node] + 1 && queue[front] == i && \forall integer i; 0 <= i <= n && (i == node || visited[i] == 1) && \forall integer i; 0 <= i <= n && \exists integer k; 0 <= k <= i && graph[node][k] == 1 && \forall integer i; 0 <= i <= n && \exists integer k; 0 <= k <= i && graph[i][k] == 1 && \forall integer i; 0 <= i <= n && \exists integer j; 0 <= j <= n && graph[i][j] == 1 && \forall integer i; 0 <= i <= n && \exists integer j; 0 <= j <= i && graph[j][i] == 1 && \forall integer i; 0 <= i <= n && \exists integer j; 0 <= j <= n && graph[i][j] == 1 && \forall integer i; 0 <= i <= n && \exists integer j; 0 <= j <= n && graph[j][i] == 1 && \forall integer i; 0 <= i <= n && graph[i][i] == 1;

            loop invariant i_18: rear < n && \forall integer i; 0 <= i <= rear && visited[i] == 0 && dist[i] == dist[node] + 1 && queue[front] == i && \forall integer i; 0 <= i <= n && \exists integer k; 0 <= k <= i && graph[node][k] == 1 && \forall integer i; 0 <= i <= n && \exists integer k; 0 <= k <= i && graph[i][k] == 1 && \forall integer i; 0 <= i <= n && \exists integer j; 0 <= j <= n && graph[i][j] == 1 && \forall integer i; 0 <= i <= n && \exists integer j; 0 <= j <= i && graph[j][i] == 1 && \forall integer i; 0 <= i <= n && \exists integer j; 0 <= j <= n && graph[i][j] == 1 && \forall integer i; 0 <= i <= n && \exists integer j; 0 <= j <= n && graph[j][i] == 1 && \forall integer i; 0 <= i <= n && graph[i][i] == 1;


            loop assigns rear;
            loop assigns queue[0..(n)];
            loop assigns dist[0..(n)];
            loop assigns visited[0..(n)];
            loop assigns i;
        */
        for (int i = 0; i < n; i++) {
            if (graph[node][i] == 1 && visited[i] == 0 && rear < n) { 
                rear++;
                queue[rear] = i;
                visited[i] = 1;
                dist[i] = dist[node] + 1;
            }
        }
        front += 1;
        if(front <= rear){
            node = queue[front];
        }
        else{
            break;
        }
    }
}
------------------------------------------
Verification succeeded.
---------Result---------
Success
Model: openPangu-Embedded-7B-V1.1
Running time: 285.76072907447815
Proposal number: 1
Verified code:
/*@
    predicate connect(int** graph, integer i, integer j, integer n) =
        0 <= i < n && 0 <= j < n && ((i == j) || (graph[i][j] == 1) || (graph[j][i] == 1) || (\exists integer k; 0 <= k < n && connect(graph, i, k, n) && connect(graph, k, j, n)));
*/

/*@
    requires 0 <= start < n;
    requires \valid(graph + (0..(n)));
    requires \valid(graph[0..(n)] + (0..(n)));
    requires \valid(dist + (0..(n)));
    requires \valid(visited + (0..(n)));
    requires \valid(queue + (0..(n)));
    requires \forall integer i, j; 0 <= i <= n && 0 <= j <= n && i != j ==> \separated(&graph[i] + (0..(n)), &graph[j] + (0..(n)), &dist[0..(n)], &visited[0..(n)], &queue[0..(n)]);
    requires \separated(&dist[0..(n)], &visited[0..(n)], &queue[0..(n)]);
    requires \forall integer j; 0 <= j <= n && j != start ==> visited[j] == 0 && dist[j] == -1;
    requires visited[start] == 1 && dist[start] == 0;
    requires queue[0] == start;
    requires \forall integer i, j; 0 <= i <= n ==> graph[i][i] == 1;
    requires \forall integer i, j; 0 <= i <= n && 0 <= j <= n ==> graph[i][j] == graph[j][i];
    requires \forall integer i, j; 0 <= i <= n && 0 <= j <= n ==> (graph[i][j] == 0 || graph[i][j] == 1);
    ensures e_1: \forall integer i; (0 <= i < n && visited[i] == 1) ==> connect(graph, i, start, n);
    assigns dist[0..(n)], visited[0..(n)], queue[0..(n)];
*/
void _bfs(int** graph, int* dist, int* visited, int* queue, int start, int n) {
    int rear = 0;
    int front = 0;
    int node = start;
    // Loop A
    /*@
        loop invariant i_0: 0 <= front <= rear && front <= n && rear < n;

        loop invariant i_1: rear < n;

        loop invariant i_2: \forall integer i; 0 <= i <= rear && visited[i] == 0 && dist[i] == dist[node] + 1 && queue[front] == i;

        loop invariant i_3: \forall integer i; 0 <= i <= n && (i == node || visited[i] == 1);

        loop invariant i_4: \forall integer i; 0 <= i <= n && \exists integer k; 0 <= k <= i && graph[node][k] == 1;

        loop invariant i_5: \forall integer i; 0 <= i <= n && \exists integer k; 0 <= k <= i && graph[i][k] == 1;

        loop invariant i_6: \forall integer i; 0 <= i <= n && \exists integer k; 0 <= k <= n && graph[i][k] == 1;

        loop invariant i_7: \forall integer i; 0 <= i <= n && \exists integer j; 0 <= j <= n && graph[i][j] == 1;

        loop invariant i_8: \forall integer i; 0 <= i <= n && \exists integer j; 0 <= j <= i && graph[j][i] == 1;

        loop invariant i_9: \forall integer i; 0 <= i <= n && \exists integer j; 0 <= j <= n && graph[j][i] == 1;

        loop invariant i_10: \forall integer i; 0 <= i <= n && graph[i][i] == 1;

        loop invariant i_11: \forall integer i, j; 0 <= i <= n && 0 <= j <= n && i != j ==> \separated(&graph[i] + (0..(n)), &graph[j] + (0..(n)), &dist[0..(n)], &visited[0..(n)], &queue[0..(n)]);

        loop invariant i_12: \separated(&dist[0..(n)], &visited[0..(n)], &queue[0..(n)]);

        loop invariant i_13: \forall integer j; 0 <= j <= n && j != start ==> visited[j] == 0 && dist[j] == -1;

        loop invariant i_14: visited[start] == 1 && dist[start] == 0;

        loop invariant i_15: queue[front] == start;

        loop invariant i_16: \forall integer i; 0 <= i <= n && \exists integer j; 0 <= j <= i && graph[i][j] == 1;


        loop assigns front;
        loop assigns rear;
        loop assigns node;
        loop assigns queue[0..(n)];
        loop assigns dist[0..(n)];
        loop assigns visited[0..(n)];
    */
    while (front <= rear && front < n && rear < n) {
        // Loop B
        /*@
            loop invariant i_17: 0 <= front <= rear && front <= n && rear < n && \forall integer i; 0 <= i <= rear && visited[i] == 0 && dist[i] == dist[node] + 1 && queue[front] == i && \forall integer i; 0 <= i <= n && (i == node || visited[i] == 1) && \forall integer i; 0 <= i <= n && \exists integer k; 0 <= k <= i && graph[node][k] == 1 && \forall integer i; 0 <= i <= n && \exists integer k; 0 <= k <= i && graph[i][k] == 1 && \forall integer i; 0 <= i <= n && \exists integer j; 0 <= j <= n && graph[i][j] == 1 && \forall integer i; 0 <= i <= n && \exists integer j; 0 <= j <= i && graph[j][i] == 1 && \forall integer i; 0 <= i <= n && \exists integer j; 0 <= j <= n && graph[i][j] == 1 && \forall integer i; 0 <= i <= n && \exists integer j; 0 <= j <= n && graph[j][i] == 1 && \forall integer i; 0 <= i <= n && graph[i][i] == 1;

            loop invariant i_18: rear < n && \forall integer i; 0 <= i <= rear && visited[i] == 0 && dist[i] == dist[node] + 1 && queue[front] == i && \forall integer i; 0 <= i <= n && \exists integer k; 0 <= k <= i && graph[node][k] == 1 && \forall integer i; 0 <= i <= n && \exists integer k; 0 <= k <= i && graph[i][k] == 1 && \forall integer i; 0 <= i <= n && \exists integer j; 0 <= j <= n && graph[i][j] == 1 && \forall integer i; 0 <= i <= n && \exists integer j; 0 <= j <= i && graph[j][i] == 1 && \forall integer i; 0 <= i <= n && \exists integer j; 0 <= j <= n && graph[i][j] == 1 && \forall integer i; 0 <= i <= n && \exists integer j; 0 <= j <= n && graph[j][i] == 1 && \forall integer i; 0 <= i <= n && graph[i][i] == 1;


            loop assigns rear;
            loop assigns queue[0..(n)];
            loop assigns dist[0..(n)];
            loop assigns visited[0..(n)];
            loop assigns i;
        */
        for (int i = 0; i < n; i++) {
            if (graph[node][i] == 1 && visited[i] == 0 && rear < n) { 
                rear++;
                queue[rear] = i;
                visited[i] = 1;
                dist[i] = dist[node] + 1;
            }
        }
        front += 1;
        if(front <= rear){
            node = queue[front];
        }
        else{
            break;
        }
    }
}
------------------------
