-----------Model-----------
Model type:
PanguEmbeddedForCausalLM(
  (model): PanguEmbeddedModel(
    (embed_tokens): Embedding(153376, 4096, padding_idx=0)
    (layers): ModuleList(
      (0-33): 34 x PanguEmbeddedDecoderLayer(
        (self_attn): PanguEmbeddedAttention(
          (q_proj): Linear(in_features=4096, out_features=4096, bias=True)
          (k_proj): Linear(in_features=4096, out_features=1024, bias=True)
          (v_proj): Linear(in_features=4096, out_features=1024, bias=True)
          (o_proj): Linear(in_features=4096, out_features=4096, bias=True)
        )
        (mlp): PanguEmbeddedMLP(
          (gate_proj): Linear(in_features=4096, out_features=12800, bias=False)
          (up_proj): Linear(in_features=4096, out_features=12800, bias=False)
          (down_proj): Linear(in_features=12800, out_features=4096, bias=False)
          (act_fn): SiLU()
        )
        (input_layernorm): PanguEmbeddedRMSNorm((4096,), eps=1e-05)
        (post_attention_layernorm): PanguEmbeddedRMSNorm((4096,), eps=1e-05)
      )
    )
    (norm): PanguEmbeddedRMSNorm((4096,), eps=1e-05)
    (rotary_emb): PanguEmbeddedRotaryEmbedding()
  )
  (lm_head): Linear(in_features=4096, out_features=153376, bias=False)
)
Model device:
npu:1
---------------------------
File Path: ../Benchmark/OOPSLA/oopsla_39.c
----------Code----------
//#include <assert.h>
int __BLAST_NONDET;
int MAXPATHLEN;
int unknown();


/*
 * "NetBSD_loop_int" from InvGen benchmark suite
 */

int oopsla_39(){
    int buf_off;
    int pattern_off;
    int bound_off;

    int glob3_pathbuf_off;
    int glob3_pathend_off;
    int glob3_pathlim_off;
    int glob3_pattern_off;
    int glob3_dc;

    if(MAXPATHLEN > 0); else goto END;

    buf_off = 0;
    pattern_off = 0;


    bound_off = 0 + (MAXPATHLEN + 1) - 1;

    glob3_pathbuf_off = buf_off;
    glob3_pathend_off = buf_off;
    glob3_pathlim_off = bound_off;
    glob3_pattern_off = pattern_off;

    glob3_dc = 0;

    /*@
        loop assigns glob3_dc;
    */
    for (;;){
        if (glob3_pathend_off + glob3_dc >= glob3_pathlim_off) 
            break;
        else {
            glob3_dc++;
            //@ assert a_1: 0 <= glob3_dc;
            //@ assert a_2: glob3_dc < MAXPATHLEN + 1;
            if (unknown()) 
                goto END;
        }
    }
    END:  return 0;
}

------------------------
----------Prompt----------

//#include <assert.h>
int __BLAST_NONDET;
int MAXPATHLEN;
int unknown();


/*
 * "NetBSD_loop_int" from InvGen benchmark suite
 */

int oopsla_39(){
    int buf_off;
    int pattern_off;
    int bound_off;

    int glob3_pathbuf_off;
    int glob3_pathend_off;
    int glob3_pathlim_off;
    int glob3_pattern_off;
    int glob3_dc;

    if(MAXPATHLEN > 0); else goto END;

    buf_off = 0;
    pattern_off = 0;


    bound_off = 0 + (MAXPATHLEN + 1) - 1;

    glob3_pathbuf_off = buf_off;
    glob3_pathend_off = buf_off;
    glob3_pathlim_off = bound_off;
    glob3_pattern_off = pattern_off;

    glob3_dc = 0;

    // Loop A
    /*@
        [Hint] Please infer the loop invariant for the following loop.

        loop assigns glob3_dc;
    */
    for (;;){
        if (glob3_pathend_off + glob3_dc >= glob3_pathlim_off) 
            break;
        else {
            glob3_dc++;
            //@ assert a_1: 0 <= glob3_dc;
            //@ assert a_2: glob3_dc < MAXPATHLEN + 1;
            if (unknown()) 
                goto END;
        }
    }
    END:  return 0;
}

You are an expert in program verification, and please generate loop invariant as C annotation comments at the hint location (annotated by "[Hint] Please infer the loop invariant for the following loop.") using ACSL language.
ACSL is a specification language for C programs that conforms to the design by contract paradigm, utilizing Hoare style pre- and postconditions and invariants. Note that the `loop invariant` clause is a condition that is true at the beginning and end of every loop iteration.
Specifically, for the current verification task:
    - Pre-condition: the function's `requires` clauses
    - Post-condition: a_1:0 <= glob3_dc; a_2:glob3_dc < MAXPATHLEN + 1; 
Please verify that the generated loop invariant is consistent with these constraints. If these specific pre- or post-conditions are not provided or empty, please infer the loop invariant strictly based on the program's execution logic and standard correctness.
In order to get a correct answer, You may want to consider both the situation of not entering the loop and the situation of jumping out of the loop. If some of the pre-conditions are also loop invariant, you need to add them to your answer as well.
Use '&&', '||', '==>', '\forall' or '\exists' if necessary. For instance:
```
loop invariant 1 <= x;
loop invariant x == y;
loop invariant 0 < x ==> y <= z;
loop invariant z % 2 == 1 || x == y;
loop invariant z % 2 == 1 && x <= y;
loop invariant \forall integer k;  0 <= k < i ==> max >=  a[k];
loop invariant \exists integer k;  0 <= k < i &&  max == a[k];
loop invariant \forall integer p; 0 <= p < \at(k, End_l) ==> res[p] == \at(res[p], End_l);
```
Your answer should follow the following format:
```
loop invariant ...;
loop invariant ...;
...
```
No explanation. No commentary. Just show me the loop invariant.
 /no_think
--------------------------
----------Response----------
[unused16][unused17]loop invariant glob3_dc == 0;
loop invariant 0 <= glob3_dc < MAXPATHLEN + 1;
```
----------------------------
------------Invariant Info-----------
LOOP A:
i_0: glob3_dc == 0
i_1: 0 <= glob3_dc < MAXPATHLEN + 1
------------------------------------
----------Code with Invariants----------
//#include <assert.h>
int __BLAST_NONDET;
int MAXPATHLEN;
int unknown();


/*
 * "NetBSD_loop_int" from InvGen benchmark suite
 */

int oopsla_39(){
    int buf_off;
    int pattern_off;
    int bound_off;

    int glob3_pathbuf_off;
    int glob3_pathend_off;
    int glob3_pathlim_off;
    int glob3_pattern_off;
    int glob3_dc;

    if(MAXPATHLEN > 0); else goto END;

    buf_off = 0;
    pattern_off = 0;


    bound_off = 0 + (MAXPATHLEN + 1) - 1;

    glob3_pathbuf_off = buf_off;
    glob3_pathend_off = buf_off;
    glob3_pathlim_off = bound_off;
    glob3_pattern_off = pattern_off;

    glob3_dc = 0;

    // Loop A
    /*@
        loop invariant i_0: glob3_dc == 0;

        loop invariant i_1: 0 <= glob3_dc < MAXPATHLEN + 1;


        loop assigns glob3_dc;
    */
    for (;;){
        if (glob3_pathend_off + glob3_dc >= glob3_pathlim_off) 
            break;
        else {
            glob3_dc++;
            //@ assert a_1: 0 <= glob3_dc;
            //@ assert a_2: glob3_dc < MAXPATHLEN + 1;
            if (unknown()) 
                goto END;
        }
    }
    END:  return 0;
}

----------------------------------------
----------Begin Revise----------
-------------Preservation_self: i_0: preservation---------------
----------Prompt----------

//#include <assert.h>
int __BLAST_NONDET;
int MAXPATHLEN;
int unknown();


/*
 * "NetBSD_loop_int" from InvGen benchmark suite
 */

int oopsla_39(){
    int buf_off;
    int pattern_off;
    int bound_off;

    int glob3_pathbuf_off;
    int glob3_pathend_off;
    int glob3_pathlim_off;
    int glob3_pattern_off;
    int glob3_dc;

    if(MAXPATHLEN > 0); else goto END;

    buf_off = 0;
    pattern_off = 0;


    bound_off = 0 + (MAXPATHLEN + 1) - 1;

    glob3_pathbuf_off = buf_off;
    glob3_pathend_off = buf_off;
    glob3_pathlim_off = bound_off;
    glob3_pattern_off = pattern_off;

    glob3_dc = 0;

    // Loop A
    /*@
        [Hint] Invariant glob3_dc == 0 not preserved in this loop. Fix or supplement invariants.

        loop invariant i_0: glob3_dc == 0;

        loop invariant i_1: 0 <= glob3_dc < MAXPATHLEN + 1;


        loop assigns glob3_dc;
    */
    for (;;){
        if (glob3_pathend_off + glob3_dc >= glob3_pathlim_off) 
            break;
        else {
            glob3_dc++;
            //@ assert a_1: 0 <= glob3_dc;
            //@ assert a_2: glob3_dc < MAXPATHLEN + 1;
            if (unknown()) 
                goto END;
        }
    }
    END:  return 0;
}

You are an expert in deductive program verification using ACSL and Frama-C.
[Unprovable Invariant] glob3_dc == 0
The above loop invariant of loop "A" fails the preservation (inductive) condition:
after executing one iteration of the loop body, the invariant cannot be re-established.
[Loop Body]
if (glob3_pathend_off + glob3_dc >= glob3_pathlim_off) break; else { glob3_dc++; //@ assert a_1: 0 <= glob3_dc; //@ assert a_2: glob3_dc < MAXPATHLEN + 1; if (unknown()) goto END;
This failure indicates that the current invariant may be incorrect or incomplete.  
There are two typical causes:
  1) The invariant is logically incorrect, so it does not hold after the loop body executes once.
     - In this case, you must adjust the invariant so that it is preserved by the loop body.
  2) The invariant is insufficient, i.e., it misses essential supporting conditions needed to re-establish itself.
     - In this case, you must introduce additional invariants so that the whole set becomes inductive.
Your task is to produce the corrected and/or auxiliary invariants that make the preservation step succeed.
IMPORTANT RULES:
1. You MUST NOT output any of the original invariants already in the code. Only output the new or modified invariants.
2. All invariants you produce must satisfy:
   - Establishment: they hold on loop entry.
   - Preservation: after executing the loop body exactly once, the invariant still holds.
   - Zero-iteration case: the invariant is valid even if the loop never executes.
3. The answer must follow this format exactly:
   ```
   loop invariant ...;
   loop invariant ...;
   ...
   ```
4. All invariants must follow ACSL syntax and be valid loop invariants.
5. No explanation. No commentary. Just show me the loop invariant.
 /no_think
--------------------------
----------Response----------
[unused16][unused17]loop invariant 0 <= glob3_dc < MAXPATHLEN + 1;
loop invariant glob3_dc == 0;
loop invariant glob3_pathend_off + glob3_dc < glob3_pathlim_off;
loop invariant 0 <= glob3_pathend_off < MAXPATHLEN + 1;
loop invariant 0 <= glob3_pathlim_off < MAXPATHLEN + 1;
----------------------------
--------------------------------
------------Invariant Info-----------
LOOP A:
i_0: glob3_dc == 0
i_1: 0 <= glob3_dc < MAXPATHLEN + 1
i_2: glob3_pathend_off + glob3_dc < glob3_pathlim_off
i_3: 0 <= glob3_pathend_off < MAXPATHLEN + 1
i_4: 0 <= glob3_pathlim_off < MAXPATHLEN + 1
------------------------------------
----------Code with Invariants----------
//#include <assert.h>
int __BLAST_NONDET;
int MAXPATHLEN;
int unknown();


/*
 * "NetBSD_loop_int" from InvGen benchmark suite
 */

int oopsla_39(){
    int buf_off;
    int pattern_off;
    int bound_off;

    int glob3_pathbuf_off;
    int glob3_pathend_off;
    int glob3_pathlim_off;
    int glob3_pattern_off;
    int glob3_dc;

    if(MAXPATHLEN > 0); else goto END;

    buf_off = 0;
    pattern_off = 0;


    bound_off = 0 + (MAXPATHLEN + 1) - 1;

    glob3_pathbuf_off = buf_off;
    glob3_pathend_off = buf_off;
    glob3_pathlim_off = bound_off;
    glob3_pattern_off = pattern_off;

    glob3_dc = 0;

    // Loop A
    /*@
        loop invariant i_0: glob3_dc == 0;

        loop invariant i_1: 0 <= glob3_dc < MAXPATHLEN + 1;

        loop invariant i_2: glob3_pathend_off + glob3_dc < glob3_pathlim_off;

        loop invariant i_3: 0 <= glob3_pathend_off < MAXPATHLEN + 1;

        loop invariant i_4: 0 <= glob3_pathlim_off < MAXPATHLEN + 1;


        loop assigns glob3_dc;
    */
    for (;;){
        if (glob3_pathend_off + glob3_dc >= glob3_pathlim_off) 
            break;
        else {
            glob3_dc++;
            //@ assert a_1: 0 <= glob3_dc;
            //@ assert a_2: glob3_dc < MAXPATHLEN + 1;
            if (unknown()) 
                goto END;
        }
    }
    END:  return 0;
}

----------------------------------------
----------Begin Revise----------
-------------Preservation_self: i_0: preservation---------------
----------Prompt----------

//#include <assert.h>
int __BLAST_NONDET;
int MAXPATHLEN;
int unknown();


/*
 * "NetBSD_loop_int" from InvGen benchmark suite
 */

int oopsla_39(){
    int buf_off;
    int pattern_off;
    int bound_off;

    int glob3_pathbuf_off;
    int glob3_pathend_off;
    int glob3_pathlim_off;
    int glob3_pattern_off;
    int glob3_dc;

    if(MAXPATHLEN > 0); else goto END;

    buf_off = 0;
    pattern_off = 0;


    bound_off = 0 + (MAXPATHLEN + 1) - 1;

    glob3_pathbuf_off = buf_off;
    glob3_pathend_off = buf_off;
    glob3_pathlim_off = bound_off;
    glob3_pattern_off = pattern_off;

    glob3_dc = 0;

    // Loop A
    /*@
        [Hint] Invariant glob3_dc == 0 not preserved in this loop. Fix or supplement invariants.

        loop invariant i_0: glob3_dc == 0;

        loop invariant i_1: 0 <= glob3_dc < MAXPATHLEN + 1;

        loop invariant i_2: glob3_pathend_off + glob3_dc < glob3_pathlim_off;

        loop invariant i_3: 0 <= glob3_pathend_off < MAXPATHLEN + 1;

        loop invariant i_4: 0 <= glob3_pathlim_off < MAXPATHLEN + 1;


        loop assigns glob3_dc;
    */
    for (;;){
        if (glob3_pathend_off + glob3_dc >= glob3_pathlim_off) 
            break;
        else {
            glob3_dc++;
            //@ assert a_1: 0 <= glob3_dc;
            //@ assert a_2: glob3_dc < MAXPATHLEN + 1;
            if (unknown()) 
                goto END;
        }
    }
    END:  return 0;
}

You are an expert in deductive program verification using ACSL and Frama-C.
[Unprovable Invariant] glob3_dc == 0
The above loop invariant of loop "A" fails the preservation (inductive) condition:
after executing one iteration of the loop body, the invariant cannot be re-established.
[Loop Body]
if (glob3_pathend_off + glob3_dc >= glob3_pathlim_off) break; else { glob3_dc++; //@ assert a_1: 0 <= glob3_dc; //@ assert a_2: glob3_dc < MAXPATHLEN + 1; if (unknown()) goto END;
This failure indicates that the current invariant may be incorrect or incomplete.  
There are two typical causes:
  1) The invariant is logically incorrect, so it does not hold after the loop body executes once.
     - In this case, you must adjust the invariant so that it is preserved by the loop body.
  2) The invariant is insufficient, i.e., it misses essential supporting conditions needed to re-establish itself.
     - In this case, you must introduce additional invariants so that the whole set becomes inductive.
Your task is to produce the corrected and/or auxiliary invariants that make the preservation step succeed.
IMPORTANT RULES:
1. You MUST NOT output any of the original invariants already in the code. Only output the new or modified invariants.
2. All invariants you produce must satisfy:
   - Establishment: they hold on loop entry.
   - Preservation: after executing the loop body exactly once, the invariant still holds.
   - Zero-iteration case: the invariant is valid even if the loop never executes.
3. The answer must follow this format exactly:
   ```
   loop invariant ...;
   loop invariant ...;
   ...
   ```
4. All invariants must follow ACSL syntax and be valid loop invariants.
5. No explanation. No commentary. Just show me the loop invariant.
 /no_think
--------------------------
----------Response----------
[unused16][unused17]loop invariant glob3_dc == 0;

loop invariant 0 <= glob3_dc < MAXPATHLEN + 1;

loop invariant 0 <= glob3_pathend_off + glob3_dc < glob3_pathlim_off;

loop invariant 0 <= glob3_pathlim_off < MAXPATHLEN + 1;
----------------------------
--------------------------------
------------Invariant Info-----------
LOOP A:
i_0: glob3_dc == 0
i_1: 0 <= glob3_dc < MAXPATHLEN + 1
i_2: glob3_pathend_off + glob3_dc < glob3_pathlim_off
i_3: 0 <= glob3_pathend_off < MAXPATHLEN + 1
i_4: 0 <= glob3_pathlim_off < MAXPATHLEN + 1
i_5: 0 <= glob3_pathend_off + glob3_dc < glob3_pathlim_off
------------------------------------
----------Code with Invariants----------
//#include <assert.h>
int __BLAST_NONDET;
int MAXPATHLEN;
int unknown();


/*
 * "NetBSD_loop_int" from InvGen benchmark suite
 */

int oopsla_39(){
    int buf_off;
    int pattern_off;
    int bound_off;

    int glob3_pathbuf_off;
    int glob3_pathend_off;
    int glob3_pathlim_off;
    int glob3_pattern_off;
    int glob3_dc;

    if(MAXPATHLEN > 0); else goto END;

    buf_off = 0;
    pattern_off = 0;


    bound_off = 0 + (MAXPATHLEN + 1) - 1;

    glob3_pathbuf_off = buf_off;
    glob3_pathend_off = buf_off;
    glob3_pathlim_off = bound_off;
    glob3_pattern_off = pattern_off;

    glob3_dc = 0;

    // Loop A
    /*@
        loop invariant i_0: glob3_dc == 0;

        loop invariant i_1: 0 <= glob3_dc < MAXPATHLEN + 1;

        loop invariant i_2: glob3_pathend_off + glob3_dc < glob3_pathlim_off;

        loop invariant i_3: 0 <= glob3_pathend_off < MAXPATHLEN + 1;

        loop invariant i_4: 0 <= glob3_pathlim_off < MAXPATHLEN + 1;

        loop invariant i_5: 0 <= glob3_pathend_off + glob3_dc < glob3_pathlim_off;


        loop assigns glob3_dc;
    */
    for (;;){
        if (glob3_pathend_off + glob3_dc >= glob3_pathlim_off) 
            break;
        else {
            glob3_dc++;
            //@ assert a_1: 0 <= glob3_dc;
            //@ assert a_2: glob3_dc < MAXPATHLEN + 1;
            if (unknown()) 
                goto END;
        }
    }
    END:  return 0;
}

----------------------------------------
----------Begin Revise----------
-------------Preservation_self: i_0: preservation---------------
----------Prompt----------

//#include <assert.h>
int __BLAST_NONDET;
int MAXPATHLEN;
int unknown();


/*
 * "NetBSD_loop_int" from InvGen benchmark suite
 */

int oopsla_39(){
    int buf_off;
    int pattern_off;
    int bound_off;

    int glob3_pathbuf_off;
    int glob3_pathend_off;
    int glob3_pathlim_off;
    int glob3_pattern_off;
    int glob3_dc;

    if(MAXPATHLEN > 0); else goto END;

    buf_off = 0;
    pattern_off = 0;


    bound_off = 0 + (MAXPATHLEN + 1) - 1;

    glob3_pathbuf_off = buf_off;
    glob3_pathend_off = buf_off;
    glob3_pathlim_off = bound_off;
    glob3_pattern_off = pattern_off;

    glob3_dc = 0;

    // Loop A
    /*@
        [Hint] Invariant glob3_dc == 0 not preserved in this loop. Fix or supplement invariants.

        loop invariant i_0: glob3_dc == 0;

        loop invariant i_1: 0 <= glob3_dc < MAXPATHLEN + 1;

        loop invariant i_2: glob3_pathend_off + glob3_dc < glob3_pathlim_off;

        loop invariant i_3: 0 <= glob3_pathend_off < MAXPATHLEN + 1;

        loop invariant i_4: 0 <= glob3_pathlim_off < MAXPATHLEN + 1;

        loop invariant i_5: 0 <= glob3_pathend_off + glob3_dc < glob3_pathlim_off;


        loop assigns glob3_dc;
    */
    for (;;){
        if (glob3_pathend_off + glob3_dc >= glob3_pathlim_off) 
            break;
        else {
            glob3_dc++;
            //@ assert a_1: 0 <= glob3_dc;
            //@ assert a_2: glob3_dc < MAXPATHLEN + 1;
            if (unknown()) 
                goto END;
        }
    }
    END:  return 0;
}

You are an expert in deductive program verification using ACSL and Frama-C.
[Unprovable Invariant] glob3_dc == 0
The above loop invariant of loop "A" fails the preservation (inductive) condition:
after executing one iteration of the loop body, the invariant cannot be re-established.
[Loop Body]
if (glob3_pathend_off + glob3_dc >= glob3_pathlim_off) break; else { glob3_dc++; //@ assert a_1: 0 <= glob3_dc; //@ assert a_2: glob3_dc < MAXPATHLEN + 1; if (unknown()) goto END;
This failure indicates that the current invariant may be incorrect or incomplete.  
There are two typical causes:
  1) The invariant is logically incorrect, so it does not hold after the loop body executes once.
     - In this case, you must adjust the invariant so that it is preserved by the loop body.
  2) The invariant is insufficient, i.e., it misses essential supporting conditions needed to re-establish itself.
     - In this case, you must introduce additional invariants so that the whole set becomes inductive.
Your task is to produce the corrected and/or auxiliary invariants that make the preservation step succeed.
IMPORTANT RULES:
1. You MUST NOT output any of the original invariants already in the code. Only output the new or modified invariants.
2. All invariants you produce must satisfy:
   - Establishment: they hold on loop entry.
   - Preservation: after executing the loop body exactly once, the invariant still holds.
   - Zero-iteration case: the invariant is valid even if the loop never executes.
3. The answer must follow this format exactly:
   ```
   loop invariant ...;
   loop invariant ...;
   ...
   ```
4. All invariants must follow ACSL syntax and be valid loop invariants.
5. No explanation. No commentary. Just show me the loop invariant.
 /no_think
--------------------------
----------Response----------
[unused16][unused17]loop invariant i_0: glob3_dc == 0;
loop invariant i_1: 0 <= glob3_dc < MAXPATHLEN + 1;
loop invariant i_2: glob3_pathend_off + glob3_dc < glob3_pathlim_off;
loop invariant i_3: 0 <= glob3_pathend_off < MAXPATHLEN + 1;
loop invariant i_4: 0 <= glob3_pathlim_off < MAXPATHLEN + 1;
loop invariant i_5: 0 <= glob3_pathend_off + glob3_dc < glob3_pathlim_off;
loop invariant i_6: glob3_dc < MAXPATHLEN + 1;
----------------------------
--------------------------------
------------Invariant Info-----------
LOOP A:
i_0: glob3_dc == 0
i_1: 0 <= glob3_dc < MAXPATHLEN + 1
i_2: glob3_pathend_off + glob3_dc < glob3_pathlim_off
i_3: 0 <= glob3_pathend_off < MAXPATHLEN + 1
i_4: 0 <= glob3_pathlim_off < MAXPATHLEN + 1
i_5: 0 <= glob3_pathend_off + glob3_dc < glob3_pathlim_off
i_6: glob3_dc < MAXPATHLEN + 1
------------------------------------
----------Code with Invariants----------
//#include <assert.h>
int __BLAST_NONDET;
int MAXPATHLEN;
int unknown();


/*
 * "NetBSD_loop_int" from InvGen benchmark suite
 */

int oopsla_39(){
    int buf_off;
    int pattern_off;
    int bound_off;

    int glob3_pathbuf_off;
    int glob3_pathend_off;
    int glob3_pathlim_off;
    int glob3_pattern_off;
    int glob3_dc;

    if(MAXPATHLEN > 0); else goto END;

    buf_off = 0;
    pattern_off = 0;


    bound_off = 0 + (MAXPATHLEN + 1) - 1;

    glob3_pathbuf_off = buf_off;
    glob3_pathend_off = buf_off;
    glob3_pathlim_off = bound_off;
    glob3_pattern_off = pattern_off;

    glob3_dc = 0;

    // Loop A
    /*@
        loop invariant i_0: glob3_dc == 0;

        loop invariant i_1: 0 <= glob3_dc < MAXPATHLEN + 1;

        loop invariant i_2: glob3_pathend_off + glob3_dc < glob3_pathlim_off;

        loop invariant i_3: 0 <= glob3_pathend_off < MAXPATHLEN + 1;

        loop invariant i_4: 0 <= glob3_pathlim_off < MAXPATHLEN + 1;

        loop invariant i_5: 0 <= glob3_pathend_off + glob3_dc < glob3_pathlim_off;

        loop invariant i_6: glob3_dc < MAXPATHLEN + 1;


        loop assigns glob3_dc;
    */
    for (;;){
        if (glob3_pathend_off + glob3_dc >= glob3_pathlim_off) 
            break;
        else {
            glob3_dc++;
            //@ assert a_1: 0 <= glob3_dc;
            //@ assert a_2: glob3_dc < MAXPATHLEN + 1;
            if (unknown()) 
                goto END;
        }
    }
    END:  return 0;
}

----------------------------------------
----------Begin Revise----------
-------------Preservation_self: i_0: preservation---------------
----------Prompt----------

//#include <assert.h>
int __BLAST_NONDET;
int MAXPATHLEN;
int unknown();


/*
 * "NetBSD_loop_int" from InvGen benchmark suite
 */

int oopsla_39(){
    int buf_off;
    int pattern_off;
    int bound_off;

    int glob3_pathbuf_off;
    int glob3_pathend_off;
    int glob3_pathlim_off;
    int glob3_pattern_off;
    int glob3_dc;

    if(MAXPATHLEN > 0); else goto END;

    buf_off = 0;
    pattern_off = 0;


    bound_off = 0 + (MAXPATHLEN + 1) - 1;

    glob3_pathbuf_off = buf_off;
    glob3_pathend_off = buf_off;
    glob3_pathlim_off = bound_off;
    glob3_pattern_off = pattern_off;

    glob3_dc = 0;

    // Loop A
    /*@
        [Hint] Invariant glob3_dc == 0 not preserved in this loop. Fix or supplement invariants.

        loop invariant i_0: glob3_dc == 0;

        loop invariant i_1: 0 <= glob3_dc < MAXPATHLEN + 1;

        loop invariant i_2: glob3_pathend_off + glob3_dc < glob3_pathlim_off;

        loop invariant i_3: 0 <= glob3_pathend_off < MAXPATHLEN + 1;

        loop invariant i_4: 0 <= glob3_pathlim_off < MAXPATHLEN + 1;

        loop invariant i_5: 0 <= glob3_pathend_off + glob3_dc < glob3_pathlim_off;

        loop invariant i_6: glob3_dc < MAXPATHLEN + 1;


        loop assigns glob3_dc;
    */
    for (;;){
        if (glob3_pathend_off + glob3_dc >= glob3_pathlim_off) 
            break;
        else {
            glob3_dc++;
            //@ assert a_1: 0 <= glob3_dc;
            //@ assert a_2: glob3_dc < MAXPATHLEN + 1;
            if (unknown()) 
                goto END;
        }
    }
    END:  return 0;
}

You are an expert in deductive program verification using ACSL and Frama-C.
[Unprovable Invariant] glob3_dc == 0
The above loop invariant of loop "A" fails the preservation (inductive) condition:
after executing one iteration of the loop body, the invariant cannot be re-established.
[Loop Body]
if (glob3_pathend_off + glob3_dc >= glob3_pathlim_off) break; else { glob3_dc++; //@ assert a_1: 0 <= glob3_dc; //@ assert a_2: glob3_dc < MAXPATHLEN + 1; if (unknown()) goto END;
This failure indicates that the current invariant may be incorrect or incomplete.  
There are two typical causes:
  1) The invariant is logically incorrect, so it does not hold after the loop body executes once.
     - In this case, you must adjust the invariant so that it is preserved by the loop body.
  2) The invariant is insufficient, i.e., it misses essential supporting conditions needed to re-establish itself.
     - In this case, you must introduce additional invariants so that the whole set becomes inductive.
Your task is to produce the corrected and/or auxiliary invariants that make the preservation step succeed.
IMPORTANT RULES:
1. You MUST NOT output any of the original invariants already in the code. Only output the new or modified invariants.
2. All invariants you produce must satisfy:
   - Establishment: they hold on loop entry.
   - Preservation: after executing the loop body exactly once, the invariant still holds.
   - Zero-iteration case: the invariant is valid even if the loop never executes.
3. The answer must follow this format exactly:
   ```
   loop invariant ...;
   loop invariant ...;
   ...
   ```
4. All invariants must follow ACSL syntax and be valid loop invariants.
5. No explanation. No commentary. Just show me the loop invariant.
 /no_think
--------------------------
----------Response----------
[unused16][unused17]```
loop invariant i_0: glob3_dc == 0;
loop invariant i_1: 0 <= glob3_dc < MAXPATHLEN + 1;
loop invariant i_2: glob3_pathend_off + glob3_dc < glob3_pathlim_off;
loop invariant i_3: 0 <= glob3_pathend_off < MAXPATHLEN + 1;
loop invariant i_4: 0 <= glob3_pathlim_off < MAXPATHLEN + 1;
loop invariant i_5: 0 <= glob3_pathend_off + glob3_dc < glob3_pathlim_off;
loop invariant i_6: glob3_dc < MAXPATHLEN + 1;
```
----------------------------
--------------------------------
------------Invariant Info-----------
LOOP A:
i_0: glob3_dc == 0
i_1: 0 <= glob3_dc < MAXPATHLEN + 1
i_2: glob3_pathend_off + glob3_dc < glob3_pathlim_off
i_3: 0 <= glob3_pathend_off < MAXPATHLEN + 1
i_4: 0 <= glob3_pathlim_off < MAXPATHLEN + 1
i_5: 0 <= glob3_pathend_off + glob3_dc < glob3_pathlim_off
i_6: glob3_dc < MAXPATHLEN + 1
------------------------------------
----------Code with Invariants----------
//#include <assert.h>
int __BLAST_NONDET;
int MAXPATHLEN;
int unknown();


/*
 * "NetBSD_loop_int" from InvGen benchmark suite
 */

int oopsla_39(){
    int buf_off;
    int pattern_off;
    int bound_off;

    int glob3_pathbuf_off;
    int glob3_pathend_off;
    int glob3_pathlim_off;
    int glob3_pattern_off;
    int glob3_dc;

    if(MAXPATHLEN > 0); else goto END;

    buf_off = 0;
    pattern_off = 0;


    bound_off = 0 + (MAXPATHLEN + 1) - 1;

    glob3_pathbuf_off = buf_off;
    glob3_pathend_off = buf_off;
    glob3_pathlim_off = bound_off;
    glob3_pattern_off = pattern_off;

    glob3_dc = 0;

    // Loop A
    /*@
        loop invariant i_0: glob3_dc == 0;

        loop invariant i_1: 0 <= glob3_dc < MAXPATHLEN + 1;

        loop invariant i_2: glob3_pathend_off + glob3_dc < glob3_pathlim_off;

        loop invariant i_3: 0 <= glob3_pathend_off < MAXPATHLEN + 1;

        loop invariant i_4: 0 <= glob3_pathlim_off < MAXPATHLEN + 1;

        loop invariant i_5: 0 <= glob3_pathend_off + glob3_dc < glob3_pathlim_off;

        loop invariant i_6: glob3_dc < MAXPATHLEN + 1;


        loop assigns glob3_dc;
    */
    for (;;){
        if (glob3_pathend_off + glob3_dc >= glob3_pathlim_off) 
            break;
        else {
            glob3_dc++;
            //@ assert a_1: 0 <= glob3_dc;
            //@ assert a_2: glob3_dc < MAXPATHLEN + 1;
            if (unknown()) 
                goto END;
        }
    }
    END:  return 0;
}

----------------------------------------
----------Begin Revise----------
-------------Preservation_self: i_0: preservation---------------
----------Prompt----------

//#include <assert.h>
int __BLAST_NONDET;
int MAXPATHLEN;
int unknown();


/*
 * "NetBSD_loop_int" from InvGen benchmark suite
 */

int oopsla_39(){
    int buf_off;
    int pattern_off;
    int bound_off;

    int glob3_pathbuf_off;
    int glob3_pathend_off;
    int glob3_pathlim_off;
    int glob3_pattern_off;
    int glob3_dc;

    if(MAXPATHLEN > 0); else goto END;

    buf_off = 0;
    pattern_off = 0;


    bound_off = 0 + (MAXPATHLEN + 1) - 1;

    glob3_pathbuf_off = buf_off;
    glob3_pathend_off = buf_off;
    glob3_pathlim_off = bound_off;
    glob3_pattern_off = pattern_off;

    glob3_dc = 0;

    // Loop A
    /*@
        [Hint] Invariant glob3_dc == 0 not preserved in this loop. Fix or supplement invariants.

        loop invariant i_0: glob3_dc == 0;

        loop invariant i_1: 0 <= glob3_dc < MAXPATHLEN + 1;

        loop invariant i_2: glob3_pathend_off + glob3_dc < glob3_pathlim_off;

        loop invariant i_3: 0 <= glob3_pathend_off < MAXPATHLEN + 1;

        loop invariant i_4: 0 <= glob3_pathlim_off < MAXPATHLEN + 1;

        loop invariant i_5: 0 <= glob3_pathend_off + glob3_dc < glob3_pathlim_off;

        loop invariant i_6: glob3_dc < MAXPATHLEN + 1;


        loop assigns glob3_dc;
    */
    for (;;){
        if (glob3_pathend_off + glob3_dc >= glob3_pathlim_off) 
            break;
        else {
            glob3_dc++;
            //@ assert a_1: 0 <= glob3_dc;
            //@ assert a_2: glob3_dc < MAXPATHLEN + 1;
            if (unknown()) 
                goto END;
        }
    }
    END:  return 0;
}

You are an expert in deductive program verification using ACSL and Frama-C.
[Unprovable Invariant] glob3_dc == 0
The above loop invariant of loop "A" fails the preservation (inductive) condition:
after executing one iteration of the loop body, the invariant cannot be re-established.
[Loop Body]
if (glob3_pathend_off + glob3_dc >= glob3_pathlim_off) break; else { glob3_dc++; //@ assert a_1: 0 <= glob3_dc; //@ assert a_2: glob3_dc < MAXPATHLEN + 1; if (unknown()) goto END;
This failure indicates that the current invariant may be incorrect or incomplete.  
There are two typical causes:
  1) The invariant is logically incorrect, so it does not hold after the loop body executes once.
     - In this case, you must adjust the invariant so that it is preserved by the loop body.
  2) The invariant is insufficient, i.e., it misses essential supporting conditions needed to re-establish itself.
     - In this case, you must introduce additional invariants so that the whole set becomes inductive.
Your task is to produce the corrected and/or auxiliary invariants that make the preservation step succeed.
IMPORTANT RULES:
1. You MUST NOT output any of the original invariants already in the code. Only output the new or modified invariants.
2. All invariants you produce must satisfy:
   - Establishment: they hold on loop entry.
   - Preservation: after executing the loop body exactly once, the invariant still holds.
   - Zero-iteration case: the invariant is valid even if the loop never executes.
3. The answer must follow this format exactly:
   ```
   loop invariant ...;
   loop invariant ...;
   ...
   ```
4. All invariants must follow ACSL syntax and be valid loop invariants.
5. No explanation. No commentary. Just show me the loop invariant.
 /no_think
--------------------------
----------Response----------
[unused16][unused17]loop invariant i_0: glob3_dc == 0;
loop invariant i_1: 0 <= glob3_dc < MAXPATHLEN + 1;
loop invariant i_2: glob3_pathend_off + glob3_dc < glob3_pathlim_off;
loop invariant i_3: 0 <= glob3_pathend_off < MAXPATHLEN + 1;
loop invariant i_4: 0 <= glob3_pathlim_off < MAXPATHLEN + 1;
loop invariant i_5: 0 <= glob3_pathend_off + glob3_dc < glob3_pathlim_off;
loop invariant i_6: glob3_dc < MAXPATHLEN + 1;
----------------------------
--------------------------------
------------Invariant Info-----------
LOOP A:
i_0: glob3_dc == 0
i_1: 0 <= glob3_dc < MAXPATHLEN + 1
i_2: glob3_pathend_off + glob3_dc < glob3_pathlim_off
i_3: 0 <= glob3_pathend_off < MAXPATHLEN + 1
i_4: 0 <= glob3_pathlim_off < MAXPATHLEN + 1
i_5: 0 <= glob3_pathend_off + glob3_dc < glob3_pathlim_off
i_6: glob3_dc < MAXPATHLEN + 1
------------------------------------
----------Code with Invariants----------
//#include <assert.h>
int __BLAST_NONDET;
int MAXPATHLEN;
int unknown();


/*
 * "NetBSD_loop_int" from InvGen benchmark suite
 */

int oopsla_39(){
    int buf_off;
    int pattern_off;
    int bound_off;

    int glob3_pathbuf_off;
    int glob3_pathend_off;
    int glob3_pathlim_off;
    int glob3_pattern_off;
    int glob3_dc;

    if(MAXPATHLEN > 0); else goto END;

    buf_off = 0;
    pattern_off = 0;


    bound_off = 0 + (MAXPATHLEN + 1) - 1;

    glob3_pathbuf_off = buf_off;
    glob3_pathend_off = buf_off;
    glob3_pathlim_off = bound_off;
    glob3_pattern_off = pattern_off;

    glob3_dc = 0;

    // Loop A
    /*@
        loop invariant i_0: glob3_dc == 0;

        loop invariant i_1: 0 <= glob3_dc < MAXPATHLEN + 1;

        loop invariant i_2: glob3_pathend_off + glob3_dc < glob3_pathlim_off;

        loop invariant i_3: 0 <= glob3_pathend_off < MAXPATHLEN + 1;

        loop invariant i_4: 0 <= glob3_pathlim_off < MAXPATHLEN + 1;

        loop invariant i_5: 0 <= glob3_pathend_off + glob3_dc < glob3_pathlim_off;

        loop invariant i_6: glob3_dc < MAXPATHLEN + 1;


        loop assigns glob3_dc;
    */
    for (;;){
        if (glob3_pathend_off + glob3_dc >= glob3_pathlim_off) 
            break;
        else {
            glob3_dc++;
            //@ assert a_1: 0 <= glob3_dc;
            //@ assert a_2: glob3_dc < MAXPATHLEN + 1;
            if (unknown()) 
                goto END;
        }
    }
    END:  return 0;
}

----------------------------------------
----------Begin Revise----------
-------------Preservation_self: i_0: preservation---------------
----------Prompt----------

//#include <assert.h>
int __BLAST_NONDET;
int MAXPATHLEN;
int unknown();


/*
 * "NetBSD_loop_int" from InvGen benchmark suite
 */

int oopsla_39(){
    int buf_off;
    int pattern_off;
    int bound_off;

    int glob3_pathbuf_off;
    int glob3_pathend_off;
    int glob3_pathlim_off;
    int glob3_pattern_off;
    int glob3_dc;

    if(MAXPATHLEN > 0); else goto END;

    buf_off = 0;
    pattern_off = 0;


    bound_off = 0 + (MAXPATHLEN + 1) - 1;

    glob3_pathbuf_off = buf_off;
    glob3_pathend_off = buf_off;
    glob3_pathlim_off = bound_off;
    glob3_pattern_off = pattern_off;

    glob3_dc = 0;

    // Loop A
    /*@
        [Hint] Invariant glob3_dc == 0 not preserved in this loop. Fix or supplement invariants.

        loop invariant i_0: glob3_dc == 0;

        loop invariant i_1: 0 <= glob3_dc < MAXPATHLEN + 1;

        loop invariant i_2: glob3_pathend_off + glob3_dc < glob3_pathlim_off;

        loop invariant i_3: 0 <= glob3_pathend_off < MAXPATHLEN + 1;

        loop invariant i_4: 0 <= glob3_pathlim_off < MAXPATHLEN + 1;

        loop invariant i_5: 0 <= glob3_pathend_off + glob3_dc < glob3_pathlim_off;

        loop invariant i_6: glob3_dc < MAXPATHLEN + 1;


        loop assigns glob3_dc;
    */
    for (;;){
        if (glob3_pathend_off + glob3_dc >= glob3_pathlim_off) 
            break;
        else {
            glob3_dc++;
            //@ assert a_1: 0 <= glob3_dc;
            //@ assert a_2: glob3_dc < MAXPATHLEN + 1;
            if (unknown()) 
                goto END;
        }
    }
    END:  return 0;
}

You are an expert in deductive program verification using ACSL and Frama-C.
[Unprovable Invariant] glob3_dc == 0
The above loop invariant of loop "A" fails the preservation (inductive) condition:
after executing one iteration of the loop body, the invariant cannot be re-established.
[Loop Body]
if (glob3_pathend_off + glob3_dc >= glob3_pathlim_off) break; else { glob3_dc++; //@ assert a_1: 0 <= glob3_dc; //@ assert a_2: glob3_dc < MAXPATHLEN + 1; if (unknown()) goto END;
This failure indicates that the current invariant may be incorrect or incomplete.  
There are two typical causes:
  1) The invariant is logically incorrect, so it does not hold after the loop body executes once.
     - In this case, you must adjust the invariant so that it is preserved by the loop body.
  2) The invariant is insufficient, i.e., it misses essential supporting conditions needed to re-establish itself.
     - In this case, you must introduce additional invariants so that the whole set becomes inductive.
Your task is to produce the corrected and/or auxiliary invariants that make the preservation step succeed.
IMPORTANT RULES:
1. You MUST NOT output any of the original invariants already in the code. Only output the new or modified invariants.
2. All invariants you produce must satisfy:
   - Establishment: they hold on loop entry.
   - Preservation: after executing the loop body exactly once, the invariant still holds.
   - Zero-iteration case: the invariant is valid even if the loop never executes.
3. The answer must follow this format exactly:
   ```
   loop invariant ...;
   loop invariant ...;
   ...
   ```
4. All invariants must follow ACSL syntax and be valid loop invariants.
5. No explanation. No commentary. Just show me the loop invariant.
 /no_think
--------------------------
----------Response----------
[unused16][unused17]loop invariant i_0: glob3_dc == 0;
loop invariant i_1: 0 <= glob3_dc < MAXPATHLEN + 1;
loop invariant i_2: glob3_pathend_off + glob3_dc < glob3_pathlim_off;
loop invariant i_3: 0 <= glob3_pathend_off < MAXPATHLEN + 1;
loop invariant i_4: 0 <= glob3_pathlim_off < MAXPATHLEN + 1;
loop invariant i_5: 0 <= glob3_pathend_off + glob3_dc < glob3_pathlim_off;
loop invariant i_6: glob3_dc < MAXPATHLEN + 1;
----------------------------
--------------------------------
------------Invariant Info-----------
LOOP A:
i_0: glob3_dc == 0
i_1: 0 <= glob3_dc < MAXPATHLEN + 1
i_2: glob3_pathend_off + glob3_dc < glob3_pathlim_off
i_3: 0 <= glob3_pathend_off < MAXPATHLEN + 1
i_4: 0 <= glob3_pathlim_off < MAXPATHLEN + 1
i_5: 0 <= glob3_pathend_off + glob3_dc < glob3_pathlim_off
i_6: glob3_dc < MAXPATHLEN + 1
------------------------------------
----------Code with Invariants----------
//#include <assert.h>
int __BLAST_NONDET;
int MAXPATHLEN;
int unknown();


/*
 * "NetBSD_loop_int" from InvGen benchmark suite
 */

int oopsla_39(){
    int buf_off;
    int pattern_off;
    int bound_off;

    int glob3_pathbuf_off;
    int glob3_pathend_off;
    int glob3_pathlim_off;
    int glob3_pattern_off;
    int glob3_dc;

    if(MAXPATHLEN > 0); else goto END;

    buf_off = 0;
    pattern_off = 0;


    bound_off = 0 + (MAXPATHLEN + 1) - 1;

    glob3_pathbuf_off = buf_off;
    glob3_pathend_off = buf_off;
    glob3_pathlim_off = bound_off;
    glob3_pattern_off = pattern_off;

    glob3_dc = 0;

    // Loop A
    /*@
        loop invariant i_0: glob3_dc == 0;

        loop invariant i_1: 0 <= glob3_dc < MAXPATHLEN + 1;

        loop invariant i_2: glob3_pathend_off + glob3_dc < glob3_pathlim_off;

        loop invariant i_3: 0 <= glob3_pathend_off < MAXPATHLEN + 1;

        loop invariant i_4: 0 <= glob3_pathlim_off < MAXPATHLEN + 1;

        loop invariant i_5: 0 <= glob3_pathend_off + glob3_dc < glob3_pathlim_off;

        loop invariant i_6: glob3_dc < MAXPATHLEN + 1;


        loop assigns glob3_dc;
    */
    for (;;){
        if (glob3_pathend_off + glob3_dc >= glob3_pathlim_off) 
            break;
        else {
            glob3_dc++;
            //@ assert a_1: 0 <= glob3_dc;
            //@ assert a_2: glob3_dc < MAXPATHLEN + 1;
            if (unknown()) 
                goto END;
        }
    }
    END:  return 0;
}

----------------------------------------
----------Begin Revise----------
--------------------------------
------------Invariant Info-----------
LOOP A:
i_1: 0 <= glob3_dc < MAXPATHLEN + 1
i_2: glob3_pathend_off + glob3_dc < glob3_pathlim_off
i_3: 0 <= glob3_pathend_off < MAXPATHLEN + 1
i_4: 0 <= glob3_pathlim_off < MAXPATHLEN + 1
i_5: 0 <= glob3_pathend_off + glob3_dc < glob3_pathlim_off
i_6: glob3_dc < MAXPATHLEN + 1
------------------------------------
----------Code with Invariants----------
//#include <assert.h>
int __BLAST_NONDET;
int MAXPATHLEN;
int unknown();


/*
 * "NetBSD_loop_int" from InvGen benchmark suite
 */

int oopsla_39(){
    int buf_off;
    int pattern_off;
    int bound_off;

    int glob3_pathbuf_off;
    int glob3_pathend_off;
    int glob3_pathlim_off;
    int glob3_pattern_off;
    int glob3_dc;

    if(MAXPATHLEN > 0); else goto END;

    buf_off = 0;
    pattern_off = 0;


    bound_off = 0 + (MAXPATHLEN + 1) - 1;

    glob3_pathbuf_off = buf_off;
    glob3_pathend_off = buf_off;
    glob3_pathlim_off = bound_off;
    glob3_pattern_off = pattern_off;

    glob3_dc = 0;

    // Loop A
    /*@
        loop invariant i_1: 0 <= glob3_dc < MAXPATHLEN + 1;

        loop invariant i_2: glob3_pathend_off + glob3_dc < glob3_pathlim_off;

        loop invariant i_3: 0 <= glob3_pathend_off < MAXPATHLEN + 1;

        loop invariant i_4: 0 <= glob3_pathlim_off < MAXPATHLEN + 1;

        loop invariant i_5: 0 <= glob3_pathend_off + glob3_dc < glob3_pathlim_off;

        loop invariant i_6: glob3_dc < MAXPATHLEN + 1;


        loop assigns glob3_dc;
    */
    for (;;){
        if (glob3_pathend_off + glob3_dc >= glob3_pathlim_off) 
            break;
        else {
            glob3_dc++;
            //@ assert a_1: 0 <= glob3_dc;
            //@ assert a_2: glob3_dc < MAXPATHLEN + 1;
            if (unknown()) 
                goto END;
        }
    }
    END:  return 0;
}

----------------------------------------
----------Begin Revise----------
-------------Preservation_self: i_2: preservation---------------
----------Prompt----------

//#include <assert.h>
int __BLAST_NONDET;
int MAXPATHLEN;
int unknown();


/*
 * "NetBSD_loop_int" from InvGen benchmark suite
 */

int oopsla_39(){
    int buf_off;
    int pattern_off;
    int bound_off;

    int glob3_pathbuf_off;
    int glob3_pathend_off;
    int glob3_pathlim_off;
    int glob3_pattern_off;
    int glob3_dc;

    if(MAXPATHLEN > 0); else goto END;

    buf_off = 0;
    pattern_off = 0;


    bound_off = 0 + (MAXPATHLEN + 1) - 1;

    glob3_pathbuf_off = buf_off;
    glob3_pathend_off = buf_off;
    glob3_pathlim_off = bound_off;
    glob3_pattern_off = pattern_off;

    glob3_dc = 0;

    // Loop A
    /*@
        [Hint] Invariant glob3_pathend_off + glob3_dc < glob3_pathlim_off not preserved in this loop. Fix or supplement invariants.

        loop invariant i_1: 0 <= glob3_dc < MAXPATHLEN + 1;

        loop invariant i_2: glob3_pathend_off + glob3_dc < glob3_pathlim_off;

        loop invariant i_3: 0 <= glob3_pathend_off < MAXPATHLEN + 1;

        loop invariant i_4: 0 <= glob3_pathlim_off < MAXPATHLEN + 1;

        loop invariant i_5: 0 <= glob3_pathend_off + glob3_dc < glob3_pathlim_off;

        loop invariant i_6: glob3_dc < MAXPATHLEN + 1;


        loop assigns glob3_dc;
    */
    for (;;){
        if (glob3_pathend_off + glob3_dc >= glob3_pathlim_off) 
            break;
        else {
            glob3_dc++;
            //@ assert a_1: 0 <= glob3_dc;
            //@ assert a_2: glob3_dc < MAXPATHLEN + 1;
            if (unknown()) 
                goto END;
        }
    }
    END:  return 0;
}

You are an expert in deductive program verification using ACSL and Frama-C.
[Unprovable Invariant] glob3_pathend_off + glob3_dc < glob3_pathlim_off
The above loop invariant of loop "A" fails the preservation (inductive) condition:
after executing one iteration of the loop body, the invariant cannot be re-established.
[Loop Body]
if (glob3_pathend_off + glob3_dc >= glob3_pathlim_off) break; else { glob3_dc++; //@ assert a_1: 0 <= glob3_dc; //@ assert a_2: glob3_dc < MAXPATHLEN + 1; if (unknown()) goto END;
This failure indicates that the current invariant may be incorrect or incomplete.  
There are two typical causes:
  1) The invariant is logically incorrect, so it does not hold after the loop body executes once.
     - In this case, you must adjust the invariant so that it is preserved by the loop body.
  2) The invariant is insufficient, i.e., it misses essential supporting conditions needed to re-establish itself.
     - In this case, you must introduce additional invariants so that the whole set becomes inductive.
Your task is to produce the corrected and/or auxiliary invariants that make the preservation step succeed.
IMPORTANT RULES:
1. You MUST NOT output any of the original invariants already in the code. Only output the new or modified invariants.
2. All invariants you produce must satisfy:
   - Establishment: they hold on loop entry.
   - Preservation: after executing the loop body exactly once, the invariant still holds.
   - Zero-iteration case: the invariant is valid even if the loop never executes.
3. The answer must follow this format exactly:
   ```
   loop invariant ...;
   loop invariant ...;
   ...
   ```
4. All invariants must follow ACSL syntax and be valid loop invariants.
5. No explanation. No commentary. Just show me the loop invariant.
 /no_think
--------------------------
----------Response----------
[unused16][unused17]```
loop invariant 0 <= glob3_dc < MAXPATHLEN + 1;
loop invariant 0 <= glob3_pathend_off + glob3_dc < glob3_pathlim_off;
```
----------------------------
--------------------------------
------------Invariant Info-----------
LOOP A:
i_1: 0 <= glob3_dc < MAXPATHLEN + 1
i_2: glob3_pathend_off + glob3_dc < glob3_pathlim_off
i_3: 0 <= glob3_pathend_off < MAXPATHLEN + 1
i_4: 0 <= glob3_pathlim_off < MAXPATHLEN + 1
i_5: 0 <= glob3_pathend_off + glob3_dc < glob3_pathlim_off
i_6: glob3_dc < MAXPATHLEN + 1
------------------------------------
----------Code with Invariants----------
//#include <assert.h>
int __BLAST_NONDET;
int MAXPATHLEN;
int unknown();


/*
 * "NetBSD_loop_int" from InvGen benchmark suite
 */

int oopsla_39(){
    int buf_off;
    int pattern_off;
    int bound_off;

    int glob3_pathbuf_off;
    int glob3_pathend_off;
    int glob3_pathlim_off;
    int glob3_pattern_off;
    int glob3_dc;

    if(MAXPATHLEN > 0); else goto END;

    buf_off = 0;
    pattern_off = 0;


    bound_off = 0 + (MAXPATHLEN + 1) - 1;

    glob3_pathbuf_off = buf_off;
    glob3_pathend_off = buf_off;
    glob3_pathlim_off = bound_off;
    glob3_pattern_off = pattern_off;

    glob3_dc = 0;

    // Loop A
    /*@
        loop invariant i_1: 0 <= glob3_dc < MAXPATHLEN + 1;

        loop invariant i_2: glob3_pathend_off + glob3_dc < glob3_pathlim_off;

        loop invariant i_3: 0 <= glob3_pathend_off < MAXPATHLEN + 1;

        loop invariant i_4: 0 <= glob3_pathlim_off < MAXPATHLEN + 1;

        loop invariant i_5: 0 <= glob3_pathend_off + glob3_dc < glob3_pathlim_off;

        loop invariant i_6: glob3_dc < MAXPATHLEN + 1;


        loop assigns glob3_dc;
    */
    for (;;){
        if (glob3_pathend_off + glob3_dc >= glob3_pathlim_off) 
            break;
        else {
            glob3_dc++;
            //@ assert a_1: 0 <= glob3_dc;
            //@ assert a_2: glob3_dc < MAXPATHLEN + 1;
            if (unknown()) 
                goto END;
        }
    }
    END:  return 0;
}

----------------------------------------
----------Begin Revise----------
-------------Preservation_self: i_2: preservation---------------
----------Prompt----------

//#include <assert.h>
int __BLAST_NONDET;
int MAXPATHLEN;
int unknown();


/*
 * "NetBSD_loop_int" from InvGen benchmark suite
 */

int oopsla_39(){
    int buf_off;
    int pattern_off;
    int bound_off;

    int glob3_pathbuf_off;
    int glob3_pathend_off;
    int glob3_pathlim_off;
    int glob3_pattern_off;
    int glob3_dc;

    if(MAXPATHLEN > 0); else goto END;

    buf_off = 0;
    pattern_off = 0;


    bound_off = 0 + (MAXPATHLEN + 1) - 1;

    glob3_pathbuf_off = buf_off;
    glob3_pathend_off = buf_off;
    glob3_pathlim_off = bound_off;
    glob3_pattern_off = pattern_off;

    glob3_dc = 0;

    // Loop A
    /*@
        [Hint] Invariant glob3_pathend_off + glob3_dc < glob3_pathlim_off not preserved in this loop. Fix or supplement invariants.

        loop invariant i_1: 0 <= glob3_dc < MAXPATHLEN + 1;

        loop invariant i_2: glob3_pathend_off + glob3_dc < glob3_pathlim_off;

        loop invariant i_3: 0 <= glob3_pathend_off < MAXPATHLEN + 1;

        loop invariant i_4: 0 <= glob3_pathlim_off < MAXPATHLEN + 1;

        loop invariant i_5: 0 <= glob3_pathend_off + glob3_dc < glob3_pathlim_off;

        loop invariant i_6: glob3_dc < MAXPATHLEN + 1;


        loop assigns glob3_dc;
    */
    for (;;){
        if (glob3_pathend_off + glob3_dc >= glob3_pathlim_off) 
            break;
        else {
            glob3_dc++;
            //@ assert a_1: 0 <= glob3_dc;
            //@ assert a_2: glob3_dc < MAXPATHLEN + 1;
            if (unknown()) 
                goto END;
        }
    }
    END:  return 0;
}

You are an expert in deductive program verification using ACSL and Frama-C.
[Unprovable Invariant] glob3_pathend_off + glob3_dc < glob3_pathlim_off
The above loop invariant of loop "A" fails the preservation (inductive) condition:
after executing one iteration of the loop body, the invariant cannot be re-established.
[Loop Body]
if (glob3_pathend_off + glob3_dc >= glob3_pathlim_off) break; else { glob3_dc++; //@ assert a_1: 0 <= glob3_dc; //@ assert a_2: glob3_dc < MAXPATHLEN + 1; if (unknown()) goto END;
This failure indicates that the current invariant may be incorrect or incomplete.  
There are two typical causes:
  1) The invariant is logically incorrect, so it does not hold after the loop body executes once.
     - In this case, you must adjust the invariant so that it is preserved by the loop body.
  2) The invariant is insufficient, i.e., it misses essential supporting conditions needed to re-establish itself.
     - In this case, you must introduce additional invariants so that the whole set becomes inductive.
Your task is to produce the corrected and/or auxiliary invariants that make the preservation step succeed.
IMPORTANT RULES:
1. You MUST NOT output any of the original invariants already in the code. Only output the new or modified invariants.
2. All invariants you produce must satisfy:
   - Establishment: they hold on loop entry.
   - Preservation: after executing the loop body exactly once, the invariant still holds.
   - Zero-iteration case: the invariant is valid even if the loop never executes.
3. The answer must follow this format exactly:
   ```
   loop invariant ...;
   loop invariant ...;
   ...
   ```
4. All invariants must follow ACSL syntax and be valid loop invariants.
5. No explanation. No commentary. Just show me the loop invariant.
 /no_think
--------------------------
----------Response----------
[unused16][unused17]loop invariant 0 <= glob3_dc < MAXPATHLEN + 1;
loop invariant 0 <= glob3_pathend_off + glob3_dc < glob3_pathlim_off;
loop invariant 0 <= glob3_pathend_off < MAXPATHLEN + 1;
loop invariant 0 <= glob3_pathlim_off < MAXPATHLEN + 1;
----------------------------
--------------------------------
------------Invariant Info-----------
LOOP A:
i_1: 0 <= glob3_dc < MAXPATHLEN + 1
i_2: glob3_pathend_off + glob3_dc < glob3_pathlim_off
i_3: 0 <= glob3_pathend_off < MAXPATHLEN + 1
i_4: 0 <= glob3_pathlim_off < MAXPATHLEN + 1
i_5: 0 <= glob3_pathend_off + glob3_dc < glob3_pathlim_off
i_6: glob3_dc < MAXPATHLEN + 1
------------------------------------
----------Code with Invariants----------
//#include <assert.h>
int __BLAST_NONDET;
int MAXPATHLEN;
int unknown();


/*
 * "NetBSD_loop_int" from InvGen benchmark suite
 */

int oopsla_39(){
    int buf_off;
    int pattern_off;
    int bound_off;

    int glob3_pathbuf_off;
    int glob3_pathend_off;
    int glob3_pathlim_off;
    int glob3_pattern_off;
    int glob3_dc;

    if(MAXPATHLEN > 0); else goto END;

    buf_off = 0;
    pattern_off = 0;


    bound_off = 0 + (MAXPATHLEN + 1) - 1;

    glob3_pathbuf_off = buf_off;
    glob3_pathend_off = buf_off;
    glob3_pathlim_off = bound_off;
    glob3_pattern_off = pattern_off;

    glob3_dc = 0;

    // Loop A
    /*@
        loop invariant i_1: 0 <= glob3_dc < MAXPATHLEN + 1;

        loop invariant i_2: glob3_pathend_off + glob3_dc < glob3_pathlim_off;

        loop invariant i_3: 0 <= glob3_pathend_off < MAXPATHLEN + 1;

        loop invariant i_4: 0 <= glob3_pathlim_off < MAXPATHLEN + 1;

        loop invariant i_5: 0 <= glob3_pathend_off + glob3_dc < glob3_pathlim_off;

        loop invariant i_6: glob3_dc < MAXPATHLEN + 1;


        loop assigns glob3_dc;
    */
    for (;;){
        if (glob3_pathend_off + glob3_dc >= glob3_pathlim_off) 
            break;
        else {
            glob3_dc++;
            //@ assert a_1: 0 <= glob3_dc;
            //@ assert a_2: glob3_dc < MAXPATHLEN + 1;
            if (unknown()) 
                goto END;
        }
    }
    END:  return 0;
}

----------------------------------------
----------Begin Revise----------
-------------Preservation_self: i_2: preservation---------------
----------Prompt----------

//#include <assert.h>
int __BLAST_NONDET;
int MAXPATHLEN;
int unknown();


/*
 * "NetBSD_loop_int" from InvGen benchmark suite
 */

int oopsla_39(){
    int buf_off;
    int pattern_off;
    int bound_off;

    int glob3_pathbuf_off;
    int glob3_pathend_off;
    int glob3_pathlim_off;
    int glob3_pattern_off;
    int glob3_dc;

    if(MAXPATHLEN > 0); else goto END;

    buf_off = 0;
    pattern_off = 0;


    bound_off = 0 + (MAXPATHLEN + 1) - 1;

    glob3_pathbuf_off = buf_off;
    glob3_pathend_off = buf_off;
    glob3_pathlim_off = bound_off;
    glob3_pattern_off = pattern_off;

    glob3_dc = 0;

    // Loop A
    /*@
        [Hint] Invariant glob3_pathend_off + glob3_dc < glob3_pathlim_off not preserved in this loop. Fix or supplement invariants.

        loop invariant i_1: 0 <= glob3_dc < MAXPATHLEN + 1;

        loop invariant i_2: glob3_pathend_off + glob3_dc < glob3_pathlim_off;

        loop invariant i_3: 0 <= glob3_pathend_off < MAXPATHLEN + 1;

        loop invariant i_4: 0 <= glob3_pathlim_off < MAXPATHLEN + 1;

        loop invariant i_5: 0 <= glob3_pathend_off + glob3_dc < glob3_pathlim_off;

        loop invariant i_6: glob3_dc < MAXPATHLEN + 1;


        loop assigns glob3_dc;
    */
    for (;;){
        if (glob3_pathend_off + glob3_dc >= glob3_pathlim_off) 
            break;
        else {
            glob3_dc++;
            //@ assert a_1: 0 <= glob3_dc;
            //@ assert a_2: glob3_dc < MAXPATHLEN + 1;
            if (unknown()) 
                goto END;
        }
    }
    END:  return 0;
}

You are an expert in deductive program verification using ACSL and Frama-C.
[Unprovable Invariant] glob3_pathend_off + glob3_dc < glob3_pathlim_off
The above loop invariant of loop "A" fails the preservation (inductive) condition:
after executing one iteration of the loop body, the invariant cannot be re-established.
[Loop Body]
if (glob3_pathend_off + glob3_dc >= glob3_pathlim_off) break; else { glob3_dc++; //@ assert a_1: 0 <= glob3_dc; //@ assert a_2: glob3_dc < MAXPATHLEN + 1; if (unknown()) goto END;
This failure indicates that the current invariant may be incorrect or incomplete.  
There are two typical causes:
  1) The invariant is logically incorrect, so it does not hold after the loop body executes once.
     - In this case, you must adjust the invariant so that it is preserved by the loop body.
  2) The invariant is insufficient, i.e., it misses essential supporting conditions needed to re-establish itself.
     - In this case, you must introduce additional invariants so that the whole set becomes inductive.
Your task is to produce the corrected and/or auxiliary invariants that make the preservation step succeed.
IMPORTANT RULES:
1. You MUST NOT output any of the original invariants already in the code. Only output the new or modified invariants.
2. All invariants you produce must satisfy:
   - Establishment: they hold on loop entry.
   - Preservation: after executing the loop body exactly once, the invariant still holds.
   - Zero-iteration case: the invariant is valid even if the loop never executes.
3. The answer must follow this format exactly:
   ```
   loop invariant ...;
   loop invariant ...;
   ...
   ```
4. All invariants must follow ACSL syntax and be valid loop invariants.
5. No explanation. No commentary. Just show me the loop invariant.
 /no_think
--------------------------
----------Response----------
[unused16][unused17]```
loop invariant 0 <= glob3_dc < MAXPATHLEN + 1;
loop invariant 0 <= glob3_pathend_off + glob3_dc < glob3_pathlim_off;
```
----------------------------
--------------------------------
------------Invariant Info-----------
LOOP A:
i_1: 0 <= glob3_dc < MAXPATHLEN + 1
i_2: glob3_pathend_off + glob3_dc < glob3_pathlim_off
i_3: 0 <= glob3_pathend_off < MAXPATHLEN + 1
i_4: 0 <= glob3_pathlim_off < MAXPATHLEN + 1
i_5: 0 <= glob3_pathend_off + glob3_dc < glob3_pathlim_off
i_6: glob3_dc < MAXPATHLEN + 1
------------------------------------
----------Code with Invariants----------
//#include <assert.h>
int __BLAST_NONDET;
int MAXPATHLEN;
int unknown();


/*
 * "NetBSD_loop_int" from InvGen benchmark suite
 */

int oopsla_39(){
    int buf_off;
    int pattern_off;
    int bound_off;

    int glob3_pathbuf_off;
    int glob3_pathend_off;
    int glob3_pathlim_off;
    int glob3_pattern_off;
    int glob3_dc;

    if(MAXPATHLEN > 0); else goto END;

    buf_off = 0;
    pattern_off = 0;


    bound_off = 0 + (MAXPATHLEN + 1) - 1;

    glob3_pathbuf_off = buf_off;
    glob3_pathend_off = buf_off;
    glob3_pathlim_off = bound_off;
    glob3_pattern_off = pattern_off;

    glob3_dc = 0;

    // Loop A
    /*@
        loop invariant i_1: 0 <= glob3_dc < MAXPATHLEN + 1;

        loop invariant i_2: glob3_pathend_off + glob3_dc < glob3_pathlim_off;

        loop invariant i_3: 0 <= glob3_pathend_off < MAXPATHLEN + 1;

        loop invariant i_4: 0 <= glob3_pathlim_off < MAXPATHLEN + 1;

        loop invariant i_5: 0 <= glob3_pathend_off + glob3_dc < glob3_pathlim_off;

        loop invariant i_6: glob3_dc < MAXPATHLEN + 1;


        loop assigns glob3_dc;
    */
    for (;;){
        if (glob3_pathend_off + glob3_dc >= glob3_pathlim_off) 
            break;
        else {
            glob3_dc++;
            //@ assert a_1: 0 <= glob3_dc;
            //@ assert a_2: glob3_dc < MAXPATHLEN + 1;
            if (unknown()) 
                goto END;
        }
    }
    END:  return 0;
}

----------------------------------------
------------Invariant Info-----------
LOOP A:
i_1: 0 <= glob3_dc < MAXPATHLEN + 1
i_3: 0 <= glob3_pathend_off < MAXPATHLEN + 1
i_4: 0 <= glob3_pathlim_off < MAXPATHLEN + 1
i_5: 0 <= glob3_pathend_off + glob3_dc < glob3_pathlim_off
i_6: glob3_dc < MAXPATHLEN + 1
------------------------------------
----------Code with Invariants----------
//#include <assert.h>
int __BLAST_NONDET;
int MAXPATHLEN;
int unknown();


/*
 * "NetBSD_loop_int" from InvGen benchmark suite
 */

int oopsla_39(){
    int buf_off;
    int pattern_off;
    int bound_off;

    int glob3_pathbuf_off;
    int glob3_pathend_off;
    int glob3_pathlim_off;
    int glob3_pattern_off;
    int glob3_dc;

    if(MAXPATHLEN > 0); else goto END;

    buf_off = 0;
    pattern_off = 0;


    bound_off = 0 + (MAXPATHLEN + 1) - 1;

    glob3_pathbuf_off = buf_off;
    glob3_pathend_off = buf_off;
    glob3_pathlim_off = bound_off;
    glob3_pattern_off = pattern_off;

    glob3_dc = 0;

    // Loop A
    /*@
        loop invariant i_1: 0 <= glob3_dc < MAXPATHLEN + 1;

        loop invariant i_3: 0 <= glob3_pathend_off < MAXPATHLEN + 1;

        loop invariant i_4: 0 <= glob3_pathlim_off < MAXPATHLEN + 1;

        loop invariant i_5: 0 <= glob3_pathend_off + glob3_dc < glob3_pathlim_off;

        loop invariant i_6: glob3_dc < MAXPATHLEN + 1;


        loop assigns glob3_dc;
    */
    for (;;){
        if (glob3_pathend_off + glob3_dc >= glob3_pathlim_off) 
            break;
        else {
            glob3_dc++;
            //@ assert a_1: 0 <= glob3_dc;
            //@ assert a_2: glob3_dc < MAXPATHLEN + 1;
            if (unknown()) 
                goto END;
        }
    }
    END:  return 0;
}

----------------------------------------
------------Invariant Info-----------
LOOP A:
i_1: 0 <= glob3_dc < MAXPATHLEN + 1
i_3: 0 <= glob3_pathend_off < MAXPATHLEN + 1
i_4: 0 <= glob3_pathlim_off < MAXPATHLEN + 1
i_6: glob3_dc < MAXPATHLEN + 1
------------------------------------
----------Code with Invariants----------
//#include <assert.h>
int __BLAST_NONDET;
int MAXPATHLEN;
int unknown();


/*
 * "NetBSD_loop_int" from InvGen benchmark suite
 */

int oopsla_39(){
    int buf_off;
    int pattern_off;
    int bound_off;

    int glob3_pathbuf_off;
    int glob3_pathend_off;
    int glob3_pathlim_off;
    int glob3_pattern_off;
    int glob3_dc;

    if(MAXPATHLEN > 0); else goto END;

    buf_off = 0;
    pattern_off = 0;


    bound_off = 0 + (MAXPATHLEN + 1) - 1;

    glob3_pathbuf_off = buf_off;
    glob3_pathend_off = buf_off;
    glob3_pathlim_off = bound_off;
    glob3_pattern_off = pattern_off;

    glob3_dc = 0;

    // Loop A
    /*@
        loop invariant i_1: 0 <= glob3_dc < MAXPATHLEN + 1;

        loop invariant i_3: 0 <= glob3_pathend_off < MAXPATHLEN + 1;

        loop invariant i_4: 0 <= glob3_pathlim_off < MAXPATHLEN + 1;

        loop invariant i_6: glob3_dc < MAXPATHLEN + 1;


        loop assigns glob3_dc;
    */
    for (;;){
        if (glob3_pathend_off + glob3_dc >= glob3_pathlim_off) 
            break;
        else {
            glob3_dc++;
            //@ assert a_1: 0 <= glob3_dc;
            //@ assert a_2: glob3_dc < MAXPATHLEN + 1;
            if (unknown()) 
                goto END;
        }
    }
    END:  return 0;
}

----------------------------------------
---------Result---------
Success
Model: openPangu-Embedded-7B-V1.1
Running time: 255.29889130592346
Proposal number: 13
Verified code:
//#include <assert.h>
int __BLAST_NONDET;
int MAXPATHLEN;
int unknown();


/*
 * "NetBSD_loop_int" from InvGen benchmark suite
 */

int oopsla_39(){
    int buf_off;
    int pattern_off;
    int bound_off;

    int glob3_pathbuf_off;
    int glob3_pathend_off;
    int glob3_pathlim_off;
    int glob3_pattern_off;
    int glob3_dc;

    if(MAXPATHLEN > 0); else goto END;

    buf_off = 0;
    pattern_off = 0;


    bound_off = 0 + (MAXPATHLEN + 1) - 1;

    glob3_pathbuf_off = buf_off;
    glob3_pathend_off = buf_off;
    glob3_pathlim_off = bound_off;
    glob3_pattern_off = pattern_off;

    glob3_dc = 0;

    // Loop A
    /*@
        loop invariant i_1: 0 <= glob3_dc < MAXPATHLEN + 1;

        loop invariant i_3: 0 <= glob3_pathend_off < MAXPATHLEN + 1;

        loop invariant i_4: 0 <= glob3_pathlim_off < MAXPATHLEN + 1;

        loop invariant i_6: glob3_dc < MAXPATHLEN + 1;


        loop assigns glob3_dc;
    */
    for (;;){
        if (glob3_pathend_off + glob3_dc >= glob3_pathlim_off) 
            break;
        else {
            glob3_dc++;
            //@ assert a_1: 0 <= glob3_dc;
            //@ assert a_2: glob3_dc < MAXPATHLEN + 1;
            if (unknown()) 
                goto END;
        }
    }
    END:  return 0;
}

------------------------
