-----------Model-----------
Model type:
PanguEmbeddedForCausalLM(
  (model): PanguEmbeddedModel(
    (embed_tokens): Embedding(153376, 4096, padding_idx=0)
    (layers): ModuleList(
      (0-33): 34 x PanguEmbeddedDecoderLayer(
        (self_attn): PanguEmbeddedAttention(
          (q_proj): Linear(in_features=4096, out_features=4096, bias=True)
          (k_proj): Linear(in_features=4096, out_features=1024, bias=True)
          (v_proj): Linear(in_features=4096, out_features=1024, bias=True)
          (o_proj): Linear(in_features=4096, out_features=4096, bias=True)
        )
        (mlp): PanguEmbeddedMLP(
          (gate_proj): Linear(in_features=4096, out_features=12800, bias=False)
          (up_proj): Linear(in_features=4096, out_features=12800, bias=False)
          (down_proj): Linear(in_features=12800, out_features=4096, bias=False)
          (act_fn): SiLU()
        )
        (input_layernorm): PanguEmbeddedRMSNorm((4096,), eps=1e-05)
        (post_attention_layernorm): PanguEmbeddedRMSNorm((4096,), eps=1e-05)
      )
    )
    (norm): PanguEmbeddedRMSNorm((4096,), eps=1e-05)
    (rotary_emb): PanguEmbeddedRotaryEmbedding()
  )
  (lm_head): Linear(in_features=4096, out_features=153376, bias=False)
)
Model device:
npu:1
---------------------------
File Path: ../Benchmark/acsl-algorithms/_get_water.c
----------Code----------
/*@
  predicate Sorted(int *t, integer lo, integer hi) =
    \forall integer i, j; lo <= i <= j < hi ==> t[i] <= t[j];
*/

/*@
    requires \valid(d + (0..n - 1));
    requires \valid(f + (0..n - 1));
    requires \separated(&d[0..(n - 1)], &f[0..(n - 1)]);
    requires \forall integer k; 0 < k < n ==> f[k] == 0;
    requires d[0] == 0;
    requires f[0] == 1;
    requires n > 0;
    requires m > 0;
    requires Sorted(d, 0, n);
    assigns f[0..n - 1];
    ensures e_1: \exists integer k; 0 <= k < n && f[k] == 1 && \result <= d[k] + m;
*/
int _get_water(int d[], int f[], int n, int m) { 
	int maxDistance = m; 
    /*@
        loop assigns i;
        loop assigns maxDistance;
        loop assigns f[0..n - 1];
    */
	for (int i = 1; i < n; i++) { 
		if (d[i] > maxDistance) { 
			f[i - 1] = 1;         
			maxDistance = m + d[i - 1];
		}
	}
    return maxDistance;
}

------------------------
========== Attempt 1 ==========
----------Prompt----------

/*@
  predicate Sorted(int *t, integer lo, integer hi) =
    \forall integer i, j; lo <= i <= j < hi ==> t[i] <= t[j];
*/

/*@
    requires \valid(d + (0..n - 1));
    requires \valid(f + (0..n - 1));
    requires \separated(&d[0..(n - 1)], &f[0..(n - 1)]);
    requires \forall integer k; 0 < k < n ==> f[k] == 0;
    requires d[0] == 0;
    requires f[0] == 1;
    requires n > 0;
    requires m > 0;
    requires Sorted(d, 0, n);
    assigns f[0..n - 1];
    ensures e_1: \exists integer k; 0 <= k < n && f[k] == 1 && \result <= d[k] + m;
*/
int _get_water(int d[], int f[], int n, int m) { 
	int maxDistance = m; 
    // Loop A
    /*@
        [Hint] Please infer the loop invariant for the following loop.

        loop assigns i;
        loop assigns maxDistance;
        loop assigns f[0..n - 1];
    */
	for (int i = 1; i < n; i++) { 
		if (d[i] > maxDistance) { 
			f[i - 1] = 1;         
			maxDistance = m + d[i - 1];
		}
	}
    return maxDistance;
}

You are an expert in program verification, and please generate loop invariant as C annotation comments at the hint location (annotated by "[Hint] Please infer the loop invariant for the following loop.") using ACSL language.
ACSL is a specification language for C programs that conforms to the design by contract paradigm, utilizing Hoare style pre- and postconditions and invariants. Note that the `loop invariant` clause is a condition that is true at the beginning and end of every loop iteration.
Specifically, for the current verification task:
    - Pre-condition: the function's `requires` clauses
    - Post-condition: e_1:\exists integer k; 0 <= k < n && f[k] == 1 && \result <= d[k] + m; 
Please verify that the generated loop invariant is consistent with these constraints. If these specific pre- or post-conditions are not provided or empty, please infer the loop invariant strictly based on the program's execution logic and standard correctness.
In order to get a correct answer, You may want to consider both the situation of not entering the loop and the situation of jumping out of the loop. If some of the pre-conditions are also loop invariant, you need to add them to your answer as well.
Use '&&', '||', '==>', '\forall' or '\exists' if necessary. For instance:
```
loop invariant 1 <= x;
loop invariant x == y;
loop invariant 0 < x ==> y <= z;
loop invariant z % 2 == 1 || x == y;
loop invariant z % 2 == 1 && x <= y;
loop invariant \forall integer k;  0 <= k < i ==> max >=  a[k];
loop invariant \exists integer k;  0 <= k < i &&  max == a[k];
loop invariant \forall integer p; 0 <= p < \at(k, End_l) ==> res[p] == \at(res[p], End_l);
```
Your answer should follow the following format:
```
loop invariant ...;
loop invariant ...;
...
```
No explanation. No commentary. Just show me the loop invariant.
 /no_think
--------------------------
----------Response----------
[unused16][unused17]loop invariant maxDistance >= m;
loop invariant \forall integer i; 0 <= i < n && d[i] <= maxDistance;
loop invariant i >= 1;
loop invariant f[0] == 1;
```
----------------------------
------------Invariant Info-----------
LOOP A:
i_0: maxDistance >= m
i_1: \forall integer i; 0 <= i < n && d[i] <= maxDistance
i_2: i >= 1
i_3: f[0] == 1
------------------------------------
---------- Code with Invariants ----------
/*@
  predicate Sorted(int *t, integer lo, integer hi) =
    \forall integer i, j; lo <= i <= j < hi ==> t[i] <= t[j];
*/

/*@
    requires \valid(d + (0..n - 1));
    requires \valid(f + (0..n - 1));
    requires \separated(&d[0..(n - 1)], &f[0..(n - 1)]);
    requires \forall integer k; 0 < k < n ==> f[k] == 0;
    requires d[0] == 0;
    requires f[0] == 1;
    requires n > 0;
    requires m > 0;
    requires Sorted(d, 0, n);
    assigns f[0..n - 1];
    ensures e_1: \exists integer k; 0 <= k < n && f[k] == 1 && \result <= d[k] + m;
*/
int _get_water(int d[], int f[], int n, int m) { 
	int maxDistance = m; 
    // Loop A
    /*@
        loop invariant i_0: maxDistance >= m;

        loop invariant i_1: \forall integer i; 0 <= i < n && d[i] <= maxDistance;

        loop invariant i_2: i >= 1;

        loop invariant i_3: f[0] == 1;


        loop assigns i;
        loop assigns maxDistance;
        loop assigns f[0..n - 1];
    */
	for (int i = 1; i < n; i++) { 
		if (d[i] > maxDistance) { 
			f[i - 1] = 1;         
			maxDistance = m + d[i - 1];
		}
	}
    return maxDistance;
}

------------------------------------------
Verification failed (Fail_12_13), removing all invariants and retrying.
========== Attempt 2 ==========
----------Prompt----------

/*@
  predicate Sorted(int *t, integer lo, integer hi) =
    \forall integer i, j; lo <= i <= j < hi ==> t[i] <= t[j];
*/

/*@
    requires \valid(d + (0..n - 1));
    requires \valid(f + (0..n - 1));
    requires \separated(&d[0..(n - 1)], &f[0..(n - 1)]);
    requires \forall integer k; 0 < k < n ==> f[k] == 0;
    requires d[0] == 0;
    requires f[0] == 1;
    requires n > 0;
    requires m > 0;
    requires Sorted(d, 0, n);
    assigns f[0..n - 1];
    ensures e_1: \exists integer k; 0 <= k < n && f[k] == 1 && \result <= d[k] + m;
*/
int _get_water(int d[], int f[], int n, int m) { 
	int maxDistance = m; 
    // Loop A
    /*@
        [Hint] Please infer the loop invariant for the following loop.

        loop assigns i;
        loop assigns maxDistance;
        loop assigns f[0..n - 1];
    */
	for (int i = 1; i < n; i++) { 
		if (d[i] > maxDistance) { 
			f[i - 1] = 1;         
			maxDistance = m + d[i - 1];
		}
	}
    return maxDistance;
}

You are an expert in program verification, and please generate loop invariant as C annotation comments at the hint location (annotated by "[Hint] Please infer the loop invariant for the following loop.") using ACSL language.
ACSL is a specification language for C programs that conforms to the design by contract paradigm, utilizing Hoare style pre- and postconditions and invariants. Note that the `loop invariant` clause is a condition that is true at the beginning and end of every loop iteration.
Specifically, for the current verification task:
    - Pre-condition: the function's `requires` clauses
    - Post-condition: e_1:\exists integer k; 0 <= k < n && f[k] == 1 && \result <= d[k] + m; 
Please verify that the generated loop invariant is consistent with these constraints. If these specific pre- or post-conditions are not provided or empty, please infer the loop invariant strictly based on the program's execution logic and standard correctness.
In order to get a correct answer, You may want to consider both the situation of not entering the loop and the situation of jumping out of the loop. If some of the pre-conditions are also loop invariant, you need to add them to your answer as well.
Use '&&', '||', '==>', '\forall' or '\exists' if necessary. For instance:
```
loop invariant 1 <= x;
loop invariant x == y;
loop invariant 0 < x ==> y <= z;
loop invariant z % 2 == 1 || x == y;
loop invariant z % 2 == 1 && x <= y;
loop invariant \forall integer k;  0 <= k < i ==> max >=  a[k];
loop invariant \exists integer k;  0 <= k < i &&  max == a[k];
loop invariant \forall integer p; 0 <= p < \at(k, End_l) ==> res[p] == \at(res[p], End_l);
```
Your answer should follow the following format:
```
loop invariant ...;
loop invariant ...;
...
```
No explanation. No commentary. Just show me the loop invariant.
 /no_think
--------------------------
----------Response----------
[unused16][unused17]loop invariant \forall integer i; 0 <= i < n && \result <= m + d[i];;
loop invariant \exists integer i; 1 <= i < n && f[i - 1] == 1 && \result == m + d[i - 1];;
loop invariant \forall integer i; 0 <= i < n ==> \exists integer k; 0 <= k < n && f[k] == 1 && \result <= d[k] + m;
----------------------------
------------Invariant Info-----------
LOOP A:
i_4: \forall integer i; 0 <= i < n && \result <= m + d[i]
i_5: \exists integer i; 1 <= i < n && f[i - 1] == 1 && \result == m + d[i - 1]
i_6: \forall integer i; 0 <= i < n ==> \exists integer k; 0 <= k < n && f[k] == 1 && \result <= d[k] + m
------------------------------------
---------- Code with Invariants ----------
/*@
  predicate Sorted(int *t, integer lo, integer hi) =
    \forall integer i, j; lo <= i <= j < hi ==> t[i] <= t[j];
*/

/*@
    requires \valid(d + (0..n - 1));
    requires \valid(f + (0..n - 1));
    requires \separated(&d[0..(n - 1)], &f[0..(n - 1)]);
    requires \forall integer k; 0 < k < n ==> f[k] == 0;
    requires d[0] == 0;
    requires f[0] == 1;
    requires n > 0;
    requires m > 0;
    requires Sorted(d, 0, n);
    assigns f[0..n - 1];
    ensures e_1: \exists integer k; 0 <= k < n && f[k] == 1 && \result <= d[k] + m;
*/
int _get_water(int d[], int f[], int n, int m) { 
	int maxDistance = m; 
    // Loop A
    /*@
        loop invariant i_4: \forall integer i; 0 <= i < n && \result <= m + d[i];

        loop invariant i_5: \exists integer i; 1 <= i < n && f[i - 1] == 1 && \result == m + d[i - 1];

        loop invariant i_6: \forall integer i; 0 <= i < n ==> \exists integer k; 0 <= k < n && f[k] == 1 && \result <= d[k] + m;


        loop assigns i;
        loop assigns maxDistance;
        loop assigns f[0..n - 1];
    */
	for (int i = 1; i < n; i++) { 
		if (d[i] > maxDistance) { 
			f[i - 1] = 1;         
			maxDistance = m + d[i - 1];
		}
	}
    return maxDistance;
}

------------------------------------------
Verification failed (Invalid), removing all invariants and retrying.
========== Attempt 3 ==========
----------Prompt----------

/*@
  predicate Sorted(int *t, integer lo, integer hi) =
    \forall integer i, j; lo <= i <= j < hi ==> t[i] <= t[j];
*/

/*@
    requires \valid(d + (0..n - 1));
    requires \valid(f + (0..n - 1));
    requires \separated(&d[0..(n - 1)], &f[0..(n - 1)]);
    requires \forall integer k; 0 < k < n ==> f[k] == 0;
    requires d[0] == 0;
    requires f[0] == 1;
    requires n > 0;
    requires m > 0;
    requires Sorted(d, 0, n);
    assigns f[0..n - 1];
    ensures e_1: \exists integer k; 0 <= k < n && f[k] == 1 && \result <= d[k] + m;
*/
int _get_water(int d[], int f[], int n, int m) { 
	int maxDistance = m; 
    // Loop A
    /*@
        [Hint] Please infer the loop invariant for the following loop.

        loop assigns i;
        loop assigns maxDistance;
        loop assigns f[0..n - 1];
    */
	for (int i = 1; i < n; i++) { 
		if (d[i] > maxDistance) { 
			f[i - 1] = 1;         
			maxDistance = m + d[i - 1];
		}
	}
    return maxDistance;
}

You are an expert in program verification, and please generate loop invariant as C annotation comments at the hint location (annotated by "[Hint] Please infer the loop invariant for the following loop.") using ACSL language.
ACSL is a specification language for C programs that conforms to the design by contract paradigm, utilizing Hoare style pre- and postconditions and invariants. Note that the `loop invariant` clause is a condition that is true at the beginning and end of every loop iteration.
Specifically, for the current verification task:
    - Pre-condition: the function's `requires` clauses
    - Post-condition: e_1:\exists integer k; 0 <= k < n && f[k] == 1 && \result <= d[k] + m; 
Please verify that the generated loop invariant is consistent with these constraints. If these specific pre- or post-conditions are not provided or empty, please infer the loop invariant strictly based on the program's execution logic and standard correctness.
In order to get a correct answer, You may want to consider both the situation of not entering the loop and the situation of jumping out of the loop. If some of the pre-conditions are also loop invariant, you need to add them to your answer as well.
Use '&&', '||', '==>', '\forall' or '\exists' if necessary. For instance:
```
loop invariant 1 <= x;
loop invariant x == y;
loop invariant 0 < x ==> y <= z;
loop invariant z % 2 == 1 || x == y;
loop invariant z % 2 == 1 && x <= y;
loop invariant \forall integer k;  0 <= k < i ==> max >=  a[k];
loop invariant \exists integer k;  0 <= k < i &&  max == a[k];
loop invariant \forall integer p; 0 <= p < \at(k, End_l) ==> res[p] == \at(res[p], End_l);
```
Your answer should follow the following format:
```
loop invariant ...;
loop invariant ...;
...
```
No explanation. No commentary. Just show me the loop invariant.
 /no_think
--------------------------
----------Response----------
[unused16][unused17]loop invariant maxDistance >= m;
loop invariant \forall integer i, 0 <= i < n; if i > 0, then d[i - 1] <= maxDistance;
loop invariant \exists integer k, 0 <= k < n; f[k] == 1 implies d[k] <= maxDistance;
loop invariant \forall integer i, 0 <= i < n; f[i] == 1 implies d[i - 1] <= maxDistance;
loop invariant \forall integer i, 0 <= i < n; if i > 0, then d[i - 1] <= maxDistance;
loop invariant \exists integer k, 0 <= k < n && f[k] == 1 && d[k] <= maxDistance;
```
----------------------------
------------Invariant Info-----------
LOOP A:
i_7: maxDistance >= m
i_8: \forall integer i, 0 <= i < n; if i > 0, then d[i - 1] <= maxDistance
i_9: \exists integer k, 0 <= k < n; f[k] == 1 implies d[k] <= maxDistance
i_10: \forall integer i, 0 <= i < n; f[i] == 1 implies d[i - 1] <= maxDistance
i_11: \exists integer k, 0 <= k < n && f[k] == 1 && d[k] <= maxDistance; ```
------------------------------------
---------- Code with Invariants ----------
/*@
  predicate Sorted(int *t, integer lo, integer hi) =
    \forall integer i, j; lo <= i <= j < hi ==> t[i] <= t[j];
*/

/*@
    requires \valid(d + (0..n - 1));
    requires \valid(f + (0..n - 1));
    requires \separated(&d[0..(n - 1)], &f[0..(n - 1)]);
    requires \forall integer k; 0 < k < n ==> f[k] == 0;
    requires d[0] == 0;
    requires f[0] == 1;
    requires n > 0;
    requires m > 0;
    requires Sorted(d, 0, n);
    assigns f[0..n - 1];
    ensures e_1: \exists integer k; 0 <= k < n && f[k] == 1 && \result <= d[k] + m;
*/
int _get_water(int d[], int f[], int n, int m) { 
	int maxDistance = m; 
    // Loop A
    /*@
        loop invariant i_7: maxDistance >= m;

        loop invariant i_8: \forall integer i, 0 <= i < n; if i > 0, then d[i - 1] <= maxDistance;

        loop invariant i_9: \exists integer k, 0 <= k < n; f[k] == 1 implies d[k] <= maxDistance;

        loop invariant i_10: \forall integer i, 0 <= i < n; f[i] == 1 implies d[i - 1] <= maxDistance;

        loop invariant i_11: \exists integer k, 0 <= k < n && f[k] == 1 && d[k] <= maxDistance; ```;


        loop assigns i;
        loop assigns maxDistance;
        loop assigns f[0..n - 1];
    */
	for (int i = 1; i < n; i++) { 
		if (d[i] > maxDistance) { 
			f[i - 1] = 1;         
			maxDistance = m + d[i - 1];
		}
	}
    return maxDistance;
}

------------------------------------------
Verification failed (Invalid), removing all invariants and retrying.
========== Attempt 4 ==========
----------Prompt----------

/*@
  predicate Sorted(int *t, integer lo, integer hi) =
    \forall integer i, j; lo <= i <= j < hi ==> t[i] <= t[j];
*/

/*@
    requires \valid(d + (0..n - 1));
    requires \valid(f + (0..n - 1));
    requires \separated(&d[0..(n - 1)], &f[0..(n - 1)]);
    requires \forall integer k; 0 < k < n ==> f[k] == 0;
    requires d[0] == 0;
    requires f[0] == 1;
    requires n > 0;
    requires m > 0;
    requires Sorted(d, 0, n);
    assigns f[0..n - 1];
    ensures e_1: \exists integer k; 0 <= k < n && f[k] == 1 && \result <= d[k] + m;
*/
int _get_water(int d[], int f[], int n, int m) { 
	int maxDistance = m; 
    // Loop A
    /*@
        [Hint] Please infer the loop invariant for the following loop.

        loop assigns i;
        loop assigns maxDistance;
        loop assigns f[0..n - 1];
    */
	for (int i = 1; i < n; i++) { 
		if (d[i] > maxDistance) { 
			f[i - 1] = 1;         
			maxDistance = m + d[i - 1];
		}
	}
    return maxDistance;
}

You are an expert in program verification, and please generate loop invariant as C annotation comments at the hint location (annotated by "[Hint] Please infer the loop invariant for the following loop.") using ACSL language.
ACSL is a specification language for C programs that conforms to the design by contract paradigm, utilizing Hoare style pre- and postconditions and invariants. Note that the `loop invariant` clause is a condition that is true at the beginning and end of every loop iteration.
Specifically, for the current verification task:
    - Pre-condition: the function's `requires` clauses
    - Post-condition: e_1:\exists integer k; 0 <= k < n && f[k] == 1 && \result <= d[k] + m; 
Please verify that the generated loop invariant is consistent with these constraints. If these specific pre- or post-conditions are not provided or empty, please infer the loop invariant strictly based on the program's execution logic and standard correctness.
In order to get a correct answer, You may want to consider both the situation of not entering the loop and the situation of jumping out of the loop. If some of the pre-conditions are also loop invariant, you need to add them to your answer as well.
Use '&&', '||', '==>', '\forall' or '\exists' if necessary. For instance:
```
loop invariant 1 <= x;
loop invariant x == y;
loop invariant 0 < x ==> y <= z;
loop invariant z % 2 == 1 || x == y;
loop invariant z % 2 == 1 && x <= y;
loop invariant \forall integer k;  0 <= k < i ==> max >=  a[k];
loop invariant \exists integer k;  0 <= k < i &&  max == a[k];
loop invariant \forall integer p; 0 <= p < \at(k, End_l) ==> res[p] == \at(res[p], End_l);
```
Your answer should follow the following format:
```
loop invariant ...;
loop invariant ...;
...
```
No explanation. No commentary. Just show me the loop invariant.
 /no_think
--------------------------
----------Response----------
[unused16][unused17]loop invariant 1 <= maxDistance;
loop invariant \exists integer i; 0 <= i < n && d[i] > maxDistance;
loop invariant f[0] == 1;
loop invariant \forall integer i; 0 <= i < n ==> f[i] == 0 || d[i] > maxDistance;
loop invariant \forall integer i; i < n ==> maxDistance >= m + d[i - 1] && d[i - 1] > 0;
```
----------------------------
------------Invariant Info-----------
LOOP A:
i_12: 1 <= maxDistance
i_13: \exists integer i; 0 <= i < n && d[i] > maxDistance
i_14: f[0] == 1
i_15: \forall integer i; 0 <= i < n ==> f[i] == 0 || d[i] > maxDistance
i_16: \forall integer i; i < n ==> maxDistance >= m + d[i - 1] && d[i - 1] > 0
------------------------------------
---------- Code with Invariants ----------
/*@
  predicate Sorted(int *t, integer lo, integer hi) =
    \forall integer i, j; lo <= i <= j < hi ==> t[i] <= t[j];
*/

/*@
    requires \valid(d + (0..n - 1));
    requires \valid(f + (0..n - 1));
    requires \separated(&d[0..(n - 1)], &f[0..(n - 1)]);
    requires \forall integer k; 0 < k < n ==> f[k] == 0;
    requires d[0] == 0;
    requires f[0] == 1;
    requires n > 0;
    requires m > 0;
    requires Sorted(d, 0, n);
    assigns f[0..n - 1];
    ensures e_1: \exists integer k; 0 <= k < n && f[k] == 1 && \result <= d[k] + m;
*/
int _get_water(int d[], int f[], int n, int m) { 
	int maxDistance = m; 
    // Loop A
    /*@
        loop invariant i_12: 1 <= maxDistance;

        loop invariant i_13: \exists integer i; 0 <= i < n && d[i] > maxDistance;

        loop invariant i_14: f[0] == 1;

        loop invariant i_15: \forall integer i; 0 <= i < n ==> f[i] == 0 || d[i] > maxDistance;

        loop invariant i_16: \forall integer i; i < n ==> maxDistance >= m + d[i - 1] && d[i - 1] > 0;


        loop assigns i;
        loop assigns maxDistance;
        loop assigns f[0..n - 1];
    */
	for (int i = 1; i < n; i++) { 
		if (d[i] > maxDistance) { 
			f[i - 1] = 1;         
			maxDistance = m + d[i - 1];
		}
	}
    return maxDistance;
}

------------------------------------------
Verification failed (Fail_13_15), removing all invariants and retrying.
========== Attempt 5 ==========
----------Prompt----------

/*@
  predicate Sorted(int *t, integer lo, integer hi) =
    \forall integer i, j; lo <= i <= j < hi ==> t[i] <= t[j];
*/

/*@
    requires \valid(d + (0..n - 1));
    requires \valid(f + (0..n - 1));
    requires \separated(&d[0..(n - 1)], &f[0..(n - 1)]);
    requires \forall integer k; 0 < k < n ==> f[k] == 0;
    requires d[0] == 0;
    requires f[0] == 1;
    requires n > 0;
    requires m > 0;
    requires Sorted(d, 0, n);
    assigns f[0..n - 1];
    ensures e_1: \exists integer k; 0 <= k < n && f[k] == 1 && \result <= d[k] + m;
*/
int _get_water(int d[], int f[], int n, int m) { 
	int maxDistance = m; 
    // Loop A
    /*@
        [Hint] Please infer the loop invariant for the following loop.

        loop assigns i;
        loop assigns maxDistance;
        loop assigns f[0..n - 1];
    */
	for (int i = 1; i < n; i++) { 
		if (d[i] > maxDistance) { 
			f[i - 1] = 1;         
			maxDistance = m + d[i - 1];
		}
	}
    return maxDistance;
}

You are an expert in program verification, and please generate loop invariant as C annotation comments at the hint location (annotated by "[Hint] Please infer the loop invariant for the following loop.") using ACSL language.
ACSL is a specification language for C programs that conforms to the design by contract paradigm, utilizing Hoare style pre- and postconditions and invariants. Note that the `loop invariant` clause is a condition that is true at the beginning and end of every loop iteration.
Specifically, for the current verification task:
    - Pre-condition: the function's `requires` clauses
    - Post-condition: e_1:\exists integer k; 0 <= k < n && f[k] == 1 && \result <= d[k] + m; 
Please verify that the generated loop invariant is consistent with these constraints. If these specific pre- or post-conditions are not provided or empty, please infer the loop invariant strictly based on the program's execution logic and standard correctness.
In order to get a correct answer, You may want to consider both the situation of not entering the loop and the situation of jumping out of the loop. If some of the pre-conditions are also loop invariant, you need to add them to your answer as well.
Use '&&', '||', '==>', '\forall' or '\exists' if necessary. For instance:
```
loop invariant 1 <= x;
loop invariant x == y;
loop invariant 0 < x ==> y <= z;
loop invariant z % 2 == 1 || x == y;
loop invariant z % 2 == 1 && x <= y;
loop invariant \forall integer k;  0 <= k < i ==> max >=  a[k];
loop invariant \exists integer k;  0 <= k < i &&  max == a[k];
loop invariant \forall integer p; 0 <= p < \at(k, End_l) ==> res[p] == \at(res[p], End_l);
```
Your answer should follow the following format:
```
loop invariant ...;
loop invariant ...;
...
```
No explanation. No commentary. Just show me the loop invariant.
 /no_think
--------------------------
----------Response----------
[unused16][unused17]```
loop invariant maxDistance >= m;
loop invariant \forall integer i; 0 <= i < n && d[i] > maxDistance ==> f[i - 1] == 1;
```
----------------------------
------------Invariant Info-----------
LOOP A:
i_17: maxDistance >= m
i_18: \forall integer i; 0 <= i < n && d[i] > maxDistance ==> f[i - 1] == 1
------------------------------------
---------- Code with Invariants ----------
/*@
  predicate Sorted(int *t, integer lo, integer hi) =
    \forall integer i, j; lo <= i <= j < hi ==> t[i] <= t[j];
*/

/*@
    requires \valid(d + (0..n - 1));
    requires \valid(f + (0..n - 1));
    requires \separated(&d[0..(n - 1)], &f[0..(n - 1)]);
    requires \forall integer k; 0 < k < n ==> f[k] == 0;
    requires d[0] == 0;
    requires f[0] == 1;
    requires n > 0;
    requires m > 0;
    requires Sorted(d, 0, n);
    assigns f[0..n - 1];
    ensures e_1: \exists integer k; 0 <= k < n && f[k] == 1 && \result <= d[k] + m;
*/
int _get_water(int d[], int f[], int n, int m) { 
	int maxDistance = m; 
    // Loop A
    /*@
        loop invariant i_17: maxDistance >= m;

        loop invariant i_18: \forall integer i; 0 <= i < n && d[i] > maxDistance ==> f[i - 1] == 1;


        loop assigns i;
        loop assigns maxDistance;
        loop assigns f[0..n - 1];
    */
	for (int i = 1; i < n; i++) { 
		if (d[i] > maxDistance) { 
			f[i - 1] = 1;         
			maxDistance = m + d[i - 1];
		}
	}
    return maxDistance;
}

------------------------------------------
Verification failed (Fail_4_9), removing all invariants and retrying.
Verification failed: reached maximum attempts.
---------Result---------
Fail
Model: openPangu-Embedded-7B-V1.1
Running time: 96.95847082138062
Proposal number: 5
Verified code:

------------------------
