-----------Model-----------
Model type:
PanguEmbeddedForCausalLM(
  (model): PanguEmbeddedModel(
    (embed_tokens): Embedding(153376, 4096, padding_idx=0)
    (layers): ModuleList(
      (0-33): 34 x PanguEmbeddedDecoderLayer(
        (self_attn): PanguEmbeddedAttention(
          (q_proj): Linear(in_features=4096, out_features=4096, bias=True)
          (k_proj): Linear(in_features=4096, out_features=1024, bias=True)
          (v_proj): Linear(in_features=4096, out_features=1024, bias=True)
          (o_proj): Linear(in_features=4096, out_features=4096, bias=True)
        )
        (mlp): PanguEmbeddedMLP(
          (gate_proj): Linear(in_features=4096, out_features=12800, bias=False)
          (up_proj): Linear(in_features=4096, out_features=12800, bias=False)
          (down_proj): Linear(in_features=12800, out_features=4096, bias=False)
          (act_fn): SiLU()
        )
        (input_layernorm): PanguEmbeddedRMSNorm((4096,), eps=1e-05)
        (post_attention_layernorm): PanguEmbeddedRMSNorm((4096,), eps=1e-05)
      )
    )
    (norm): PanguEmbeddedRMSNorm((4096,), eps=1e-05)
    (rotary_emb): PanguEmbeddedRotaryEmbedding()
  )
  (lm_head): Linear(in_features=4096, out_features=153376, bias=False)
)
Model device:
npu:1
---------------------------
File Path: ../Benchmark/acsl-algorithms/_matrix_chain.c
----------Code----------
#include <stdio.h>
#include <stdlib.h>
#include <stdbool.h>
#include <assert.h>

/*@
    requires n == 10;
    requires \valid(p + (0..(n)));
    requires \valid(m + (0..(n)));
    requires \valid(m[0..(n)] + (0..(n)));
    requires \forall integer i, j; 0 <= i < n && 0 <= j < n && i != j ==> \separated(&m[i] + (0..(n)), &m[j] + (0..(n)), &p[0..(n)]);
    requires \separated(&m[0..(n)] + (0..(n)), &p[0..(n)]);
    requires \forall integer k; 0 <= k <= n ==> 0 < p[k] < 5;
    requires \forall integer r; 0 <= r <= n ==> m[r][r] == 0;
    requires \forall integer i, j; 0 <= i <= n  && 0 <= j <= n && i != j ==> m[i][j] == 2147483647;
    ensures e_1: \forall integer j; 2 <= j <= n ==>
                (\forall integer g; 1 <= g <= n - j + 1 ==> 
                    (\forall integer h; g <= h < g + j - 1 ==> 
                        m[g][g + j - 1] <= m[g][h] + m[h + 1][g + j - 1] + p[g - 1] * p[h] * p[g + j - 1]));
    assigns m[1..(n)][1..(n)];
*/
int _matrix_chain(int p[], int** m, int n) {

    /*@
        loop assigns l;
        loop assigns m[1..(n)][1..(n)];
    */
    for (int l = 2; l <= n; l++) {
        /*@
            loop assigns m[1..(n)][1..(n)];
            loop assigns i;
        */
        for (int i = 1; i <= n - l + 1; i++) {
            int end = i + l - 1;
            m[i][end] = 2147483647;
            /*@
                loop assigns m[i][end];
                loop assigns k;
            */
            for (int k = i; k < end; k++) {
                int q = m[i][k] + m[k + 1][end] + p[i - 1] * p[k] * p[end];
                if (q < m[i][end]) {
                    m[i][end] = m[i][k] + m[k + 1][end] + p[i - 1] * p[k] * p[end];
                }
            }
            
        }
    }
    return m[1][n];
}



 
------------------------
----------Prompt----------

#include <stdio.h>
#include <stdlib.h>
#include <stdbool.h>
#include <assert.h>

/*@
    requires n == 10;
    requires \valid(p + (0..(n)));
    requires \valid(m + (0..(n)));
    requires \valid(m[0..(n)] + (0..(n)));
    requires \forall integer i, j; 0 <= i < n && 0 <= j < n && i != j ==> \separated(&m[i] + (0..(n)), &m[j] + (0..(n)), &p[0..(n)]);
    requires \separated(&m[0..(n)] + (0..(n)), &p[0..(n)]);
    requires \forall integer k; 0 <= k <= n ==> 0 < p[k] < 5;
    requires \forall integer r; 0 <= r <= n ==> m[r][r] == 0;
    requires \forall integer i, j; 0 <= i <= n  && 0 <= j <= n && i != j ==> m[i][j] == 2147483647;
    ensures e_1: \forall integer j; 2 <= j <= n ==>
                (\forall integer g; 1 <= g <= n - j + 1 ==> 
                    (\forall integer h; g <= h < g + j - 1 ==> 
                        m[g][g + j - 1] <= m[g][h] + m[h + 1][g + j - 1] + p[g - 1] * p[h] * p[g + j - 1]));
    assigns m[1..(n)][1..(n)];
*/
int _matrix_chain(int p[], int** m, int n) {

    // Loop A
    /*@
        [Hint] Please infer the loop invariant for the following loop.

        loop assigns l;
        loop assigns m[1..(n)][1..(n)];
    */
    for (int l = 2; l <= n; l++) {
        // Loop B
        /*@
            loop assigns m[1..(n)][1..(n)];
            loop assigns i;
        */
        for (int i = 1; i <= n - l + 1; i++) {
            int end = i + l - 1;
            m[i][end] = 2147483647;
            // Loop C
            /*@
                loop assigns m[i][end];
                loop assigns k;
            */
            for (int k = i; k < end; k++) {
                int q = m[i][k] + m[k + 1][end] + p[i - 1] * p[k] * p[end];
                if (q < m[i][end]) {
                    m[i][end] = m[i][k] + m[k + 1][end] + p[i - 1] * p[k] * p[end];
                }
            }
            
        }
    }
    return m[1][n];
}



 
You are an expert in program verification, and please generate loop invariant as C annotation comments at the hint location (annotated by "[Hint] Please infer the loop invariant for the following loop.") using ACSL language.
ACSL is a specification language for C programs that conforms to the design by contract paradigm, utilizing Hoare style pre- and postconditions and invariants. Note that the `loop invariant` clause is a condition that is true at the beginning and end of every loop iteration.
Specifically, for the current verification task:
    - Pre-condition: the function's `requires` clauses
    - Post-condition: 
Please verify that the generated loop invariant is consistent with these constraints. If these specific pre- or post-conditions are not provided or empty, please infer the loop invariant strictly based on the program's execution logic and standard correctness.
In order to get a correct answer, You may want to consider both the situation of not entering the loop and the situation of jumping out of the loop. If some of the pre-conditions are also loop invariant, you need to add them to your answer as well.
Use '&&', '||', '==>', '\forall' or '\exists' if necessary. For instance:
```
loop invariant 1 <= x;
loop invariant x == y;
loop invariant 0 < x ==> y <= z;
loop invariant z % 2 == 1 || x == y;
loop invariant z % 2 == 1 && x <= y;
loop invariant \forall integer k;  0 <= k < i ==> max >=  a[k];
loop invariant \exists integer k;  0 <= k < i &&  max == a[k];
loop invariant \forall integer p; 0 <= p < \at(k, End_l) ==> res[p] == \at(res[p], End_l);
```
Your answer should follow the following format:
```
loop invariant ...;
loop invariant ...;
...
```
No explanation. No commentary. Just show me the loop invariant.
 /no_think
--------------------------
----------Response----------
[unused16][unused17]```
loop invariant 1 <= l <= n;
loop invariant \forall integer i; 0 <= i <= n - l + 1 && m[i][i + l - 1] == 2147483647;
loop invariant \forall integer i, j; 0 <= i <= n - l + 1 && 0 <= j <= n - i && i != j ==> m[i][j] == 2147483647;
loop invariant \forall integer i; 0 <= i <= n && \forall integer j; 0 <= j <= n && i != j ==> m[i][j] <= 2147483647;
```
----------------------------
----------Prompt----------

#include <stdio.h>
#include <stdlib.h>
#include <stdbool.h>
#include <assert.h>

/*@
    requires n == 10;
    requires \valid(p + (0..(n)));
    requires \valid(m + (0..(n)));
    requires \valid(m[0..(n)] + (0..(n)));
    requires \forall integer i, j; 0 <= i < n && 0 <= j < n && i != j ==> \separated(&m[i] + (0..(n)), &m[j] + (0..(n)), &p[0..(n)]);
    requires \separated(&m[0..(n)] + (0..(n)), &p[0..(n)]);
    requires \forall integer k; 0 <= k <= n ==> 0 < p[k] < 5;
    requires \forall integer r; 0 <= r <= n ==> m[r][r] == 0;
    requires \forall integer i, j; 0 <= i <= n  && 0 <= j <= n && i != j ==> m[i][j] == 2147483647;
    ensures e_1: \forall integer j; 2 <= j <= n ==>
                (\forall integer g; 1 <= g <= n - j + 1 ==> 
                    (\forall integer h; g <= h < g + j - 1 ==> 
                        m[g][g + j - 1] <= m[g][h] + m[h + 1][g + j - 1] + p[g - 1] * p[h] * p[g + j - 1]));
    assigns m[1..(n)][1..(n)];
*/
int _matrix_chain(int p[], int** m, int n) {

    // Loop A
    /*@
        loop invariant i_0: 1 <= l <= n;

        loop invariant i_1: \forall integer i; 0 <= i <= n - l + 1 && m[i][i + l - 1] == 2147483647;

        loop invariant i_2: \forall integer i, j; 0 <= i <= n - l + 1 && 0 <= j <= n - i && i != j ==> m[i][j] == 2147483647;

        loop invariant i_3: \forall integer i; 0 <= i <= n && \forall integer j; 0 <= j <= n && i != j ==> m[i][j] <= 2147483647;


        loop assigns l;
        loop assigns m[1..(n)][1..(n)];
    */
    for (int l = 2; l <= n; l++) {
        // Loop B
        /*@
            loop assigns m[1..(n)][1..(n)];
            loop assigns i;
        */
        for (int i = 1; i <= n - l + 1; i++) {
            int end = i + l - 1;
            m[i][end] = 2147483647;
            // Loop C
            /*@
                [Hint] Please infer the loop invariant for the following loop.

                loop assigns m[i][end];
                loop assigns k;
            */
            for (int k = i; k < end; k++) {
                int q = m[i][k] + m[k + 1][end] + p[i - 1] * p[k] * p[end];
                if (q < m[i][end]) {
                    m[i][end] = m[i][k] + m[k + 1][end] + p[i - 1] * p[k] * p[end];
                }
            }
            
        }
    }
    return m[1][n];
}



 
You are an expert in program verification, and please generate loop invariant as C annotation comments at the hint location (annotated by "[Hint] Please infer the loop invariant for the following loop.") using ACSL language.
ACSL is a specification language for C programs that conforms to the design by contract paradigm, utilizing Hoare style pre- and postconditions and invariants. Note that the `loop invariant` clause is a condition that is true at the beginning and end of every loop iteration.
Specifically, for the current verification task:
    - Pre-condition: 
    - Post-condition: 
Please verify that the generated loop invariant is consistent with these constraints. If these specific pre- or post-conditions are not provided or empty, please infer the loop invariant strictly based on the program's execution logic and standard correctness.
In order to get a correct answer, You may want to consider both the situation of not entering the loop and the situation of jumping out of the loop. If some of the pre-conditions are also loop invariant, you need to add them to your answer as well.
Use '&&', '||', '==>', '\forall' or '\exists' if necessary. For instance:
```
loop invariant 1 <= x;
loop invariant x == y;
loop invariant 0 < x ==> y <= z;
loop invariant z % 2 == 1 || x == y;
loop invariant z % 2 == 1 && x <= y;
loop invariant \forall integer k;  0 <= k < i ==> max >=  a[k];
loop invariant \exists integer k;  0 <= k < i &&  max == a[k];
loop invariant \forall integer p; 0 <= p < \at(k, End_l) ==> res[p] == \at(res[p], End_l);
```
Your answer should follow the following format:
```
loop invariant ...;
loop invariant ...;
...
```
No explanation. No commentary. Just show me the loop invariant.
 /no_think
--------------------------
----------Response----------
[unused16][unused17]```
loop invariant 1 <= l <= n;
loop invariant \forall integer i; 0 <= i <= n - l + 1 && m[i][i + l - 1] == 2147483647;
loop invariant \forall integer i, j; 0 <= i <= n - l + 1 && 0 <= j <= n - i && i != j ==> m[i][j] == 2147483647;
```
----------------------------
----------Prompt----------

#include <stdio.h>
#include <stdlib.h>
#include <stdbool.h>
#include <assert.h>

/*@
    requires n == 10;
    requires \valid(p + (0..(n)));
    requires \valid(m + (0..(n)));
    requires \valid(m[0..(n)] + (0..(n)));
    requires \forall integer i, j; 0 <= i < n && 0 <= j < n && i != j ==> \separated(&m[i] + (0..(n)), &m[j] + (0..(n)), &p[0..(n)]);
    requires \separated(&m[0..(n)] + (0..(n)), &p[0..(n)]);
    requires \forall integer k; 0 <= k <= n ==> 0 < p[k] < 5;
    requires \forall integer r; 0 <= r <= n ==> m[r][r] == 0;
    requires \forall integer i, j; 0 <= i <= n  && 0 <= j <= n && i != j ==> m[i][j] == 2147483647;
    ensures e_1: \forall integer j; 2 <= j <= n ==>
                (\forall integer g; 1 <= g <= n - j + 1 ==> 
                    (\forall integer h; g <= h < g + j - 1 ==> 
                        m[g][g + j - 1] <= m[g][h] + m[h + 1][g + j - 1] + p[g - 1] * p[h] * p[g + j - 1]));
    assigns m[1..(n)][1..(n)];
*/
int _matrix_chain(int p[], int** m, int n) {

    // Loop A
    /*@
        loop invariant i_0: 1 <= l <= n;

        loop invariant i_1: \forall integer i; 0 <= i <= n - l + 1 && m[i][i + l - 1] == 2147483647;

        loop invariant i_2: \forall integer i, j; 0 <= i <= n - l + 1 && 0 <= j <= n - i && i != j ==> m[i][j] == 2147483647;

        loop invariant i_3: \forall integer i; 0 <= i <= n && \forall integer j; 0 <= j <= n && i != j ==> m[i][j] <= 2147483647;


        loop assigns l;
        loop assigns m[1..(n)][1..(n)];
    */
    for (int l = 2; l <= n; l++) {
        // Loop B
        /*@
            [Hint] Please infer the loop invariant for the following loop.

            loop assigns m[1..(n)][1..(n)];
            loop assigns i;
        */
        for (int i = 1; i <= n - l + 1; i++) {
            int end = i + l - 1;
            m[i][end] = 2147483647;
            // Loop C
            /*@
                loop invariant i_4: 1 <= l <= n;

                loop invariant i_5: \forall integer i; 0 <= i <= n - l + 1 && m[i][i + l - 1] == 2147483647;

                loop invariant i_6: \forall integer i, j; 0 <= i <= n - l + 1 && 0 <= j <= n - i && i != j ==> m[i][j] == 2147483647;


                loop assigns m[i][end];
                loop assigns k;
            */
            for (int k = i; k < end; k++) {
                int q = m[i][k] + m[k + 1][end] + p[i - 1] * p[k] * p[end];
                if (q < m[i][end]) {
                    m[i][end] = m[i][k] + m[k + 1][end] + p[i - 1] * p[k] * p[end];
                }
            }
            
        }
    }
    return m[1][n];
}



 
You are an expert in program verification, and please generate loop invariant as C annotation comments at the hint location (annotated by "[Hint] Please infer the loop invariant for the following loop.") using ACSL language.
ACSL is a specification language for C programs that conforms to the design by contract paradigm, utilizing Hoare style pre- and postconditions and invariants. Note that the `loop invariant` clause is a condition that is true at the beginning and end of every loop iteration.
Specifically, for the current verification task:
    - Pre-condition: i_0:1 <= l <= n; i_1:\forall integer i; 0 <= i <= n - l + 1 && m[i][i + l - 1] == 2147483647; i_2:\forall integer i, j; 0 <= i <= n - l + 1 && 0 <= j <= n - i && i != j ==> m[i][j] == 2147483647; i_3:\forall integer i; 0 <= i <= n && \forall integer j; 0 <= j <= n && i != j ==> m[i][j] <= 2147483647; 
    - Post-condition: i_4:1 <= l <= n; i_5:\forall integer i; 0 <= i <= n - l + 1 && m[i][i + l - 1] == 2147483647; i_6:\forall integer i, j; 0 <= i <= n - l + 1 && 0 <= j <= n - i && i != j ==> m[i][j] == 2147483647; 
Please verify that the generated loop invariant is consistent with these constraints. If these specific pre- or post-conditions are not provided or empty, please infer the loop invariant strictly based on the program's execution logic and standard correctness.
In order to get a correct answer, You may want to consider both the situation of not entering the loop and the situation of jumping out of the loop. If some of the pre-conditions are also loop invariant, you need to add them to your answer as well.
Use '&&', '||', '==>', '\forall' or '\exists' if necessary. For instance:
```
loop invariant 1 <= x;
loop invariant x == y;
loop invariant 0 < x ==> y <= z;
loop invariant z % 2 == 1 || x == y;
loop invariant z % 2 == 1 && x <= y;
loop invariant \forall integer k;  0 <= k < i ==> max >=  a[k];
loop invariant \exists integer k;  0 <= k < i &&  max == a[k];
loop invariant \forall integer p; 0 <= p < \at(k, End_l) ==> res[p] == \at(res[p], End_l);
```
Your answer should follow the following format:
```
loop invariant ...;
loop invariant ...;
...
```
No explanation. No commentary. Just show me the loop invariant.
 /no_think
--------------------------
----------Response----------
[unused16][unused17][Loop <Loop B>]
loop invariant 1 <= l <= n;
loop invariant \forall integer i; 0 <= i <= n - l + 1 && m[i][i + l - 1] == 2147483647;
loop invariant \forall integer i, j; 0 <= i <= n - l + 1 && 0 <= j <= n - i && i != j ==> m[i][j] == 2147483647;
loop invariant \forall integer i; 0 <= i <= n && \forall integer j; 0 <= j <= n && i != j ==> m[i][j] <= 2147483647;
----------------------------
------------Invariant Info-----------
LOOP A:
i_0: 1 <= l <= n
i_1: \forall integer i; 0 <= i <= n - l + 1 && m[i][i + l - 1] == 2147483647
i_2: \forall integer i, j; 0 <= i <= n - l + 1 && 0 <= j <= n - i && i != j ==> m[i][j] == 2147483647
i_3: \forall integer i; 0 <= i <= n && \forall integer j; 0 <= j <= n && i != j ==> m[i][j] <= 2147483647
LOOP B:
i_7: 1 <= l <= n
i_8: \forall integer i; 0 <= i <= n - l + 1 && m[i][i + l - 1] == 2147483647
i_9: \forall integer i, j; 0 <= i <= n - l + 1 && 0 <= j <= n - i && i != j ==> m[i][j] == 2147483647
i_10: \forall integer i; 0 <= i <= n && \forall integer j; 0 <= j <= n && i != j ==> m[i][j] <= 2147483647
LOOP C:
i_4: 1 <= l <= n
i_5: \forall integer i; 0 <= i <= n - l + 1 && m[i][i + l - 1] == 2147483647
i_6: \forall integer i, j; 0 <= i <= n - l + 1 && 0 <= j <= n - i && i != j ==> m[i][j] == 2147483647
------------------------------------
----------Code with Invariants----------
#include <stdio.h>
#include <stdlib.h>
#include <stdbool.h>
#include <assert.h>

/*@
    requires n == 10;
    requires \valid(p + (0..(n)));
    requires \valid(m + (0..(n)));
    requires \valid(m[0..(n)] + (0..(n)));
    requires \forall integer i, j; 0 <= i < n && 0 <= j < n && i != j ==> \separated(&m[i] + (0..(n)), &m[j] + (0..(n)), &p[0..(n)]);
    requires \separated(&m[0..(n)] + (0..(n)), &p[0..(n)]);
    requires \forall integer k; 0 <= k <= n ==> 0 < p[k] < 5;
    requires \forall integer r; 0 <= r <= n ==> m[r][r] == 0;
    requires \forall integer i, j; 0 <= i <= n  && 0 <= j <= n && i != j ==> m[i][j] == 2147483647;
    ensures e_1: \forall integer j; 2 <= j <= n ==>
                (\forall integer g; 1 <= g <= n - j + 1 ==> 
                    (\forall integer h; g <= h < g + j - 1 ==> 
                        m[g][g + j - 1] <= m[g][h] + m[h + 1][g + j - 1] + p[g - 1] * p[h] * p[g + j - 1]));
    assigns m[1..(n)][1..(n)];
*/
int _matrix_chain(int p[], int** m, int n) {

    // Loop A
    /*@
        loop invariant i_0: 1 <= l <= n;

        loop invariant i_1: \forall integer i; 0 <= i <= n - l + 1 && m[i][i + l - 1] == 2147483647;

        loop invariant i_2: \forall integer i, j; 0 <= i <= n - l + 1 && 0 <= j <= n - i && i != j ==> m[i][j] == 2147483647;

        loop invariant i_3: \forall integer i; 0 <= i <= n && \forall integer j; 0 <= j <= n && i != j ==> m[i][j] <= 2147483647;


        loop assigns l;
        loop assigns m[1..(n)][1..(n)];
    */
    for (int l = 2; l <= n; l++) {
        // Loop B
        /*@
            loop invariant i_7: 1 <= l <= n;

            loop invariant i_8: \forall integer i; 0 <= i <= n - l + 1 && m[i][i + l - 1] == 2147483647;

            loop invariant i_9: \forall integer i, j; 0 <= i <= n - l + 1 && 0 <= j <= n - i && i != j ==> m[i][j] == 2147483647;

            loop invariant i_10: \forall integer i; 0 <= i <= n && \forall integer j; 0 <= j <= n && i != j ==> m[i][j] <= 2147483647;


            loop assigns m[1..(n)][1..(n)];
            loop assigns i;
        */
        for (int i = 1; i <= n - l + 1; i++) {
            int end = i + l - 1;
            m[i][end] = 2147483647;
            // Loop C
            /*@
                loop invariant i_4: 1 <= l <= n;

                loop invariant i_5: \forall integer i; 0 <= i <= n - l + 1 && m[i][i + l - 1] == 2147483647;

                loop invariant i_6: \forall integer i, j; 0 <= i <= n - l + 1 && 0 <= j <= n - i && i != j ==> m[i][j] == 2147483647;


                loop assigns m[i][end];
                loop assigns k;
            */
            for (int k = i; k < end; k++) {
                int q = m[i][k] + m[k + 1][end] + p[i - 1] * p[k] * p[end];
                if (q < m[i][end]) {
                    m[i][end] = m[i][k] + m[k + 1][end] + p[i - 1] * p[k] * p[end];
                }
            }
            
        }
    }
    return m[1][n];
}



 
----------------------------------------
---------Result---------
Success
Model: openPangu-Embedded-7B-V1.1
Running time: 56.424018144607544
Proposal number: 1
Verified code:
#include <stdio.h>
#include <stdlib.h>
#include <stdbool.h>
#include <assert.h>

/*@
    requires n == 10;
    requires \valid(p + (0..(n)));
    requires \valid(m + (0..(n)));
    requires \valid(m[0..(n)] + (0..(n)));
    requires \forall integer i, j; 0 <= i < n && 0 <= j < n && i != j ==> \separated(&m[i] + (0..(n)), &m[j] + (0..(n)), &p[0..(n)]);
    requires \separated(&m[0..(n)] + (0..(n)), &p[0..(n)]);
    requires \forall integer k; 0 <= k <= n ==> 0 < p[k] < 5;
    requires \forall integer r; 0 <= r <= n ==> m[r][r] == 0;
    requires \forall integer i, j; 0 <= i <= n  && 0 <= j <= n && i != j ==> m[i][j] == 2147483647;
    ensures e_1: \forall integer j; 2 <= j <= n ==>
                (\forall integer g; 1 <= g <= n - j + 1 ==> 
                    (\forall integer h; g <= h < g + j - 1 ==> 
                        m[g][g + j - 1] <= m[g][h] + m[h + 1][g + j - 1] + p[g - 1] * p[h] * p[g + j - 1]));
    assigns m[1..(n)][1..(n)];
*/
int _matrix_chain(int p[], int** m, int n) {

    // Loop A
    /*@
        loop invariant i_0: 1 <= l <= n;

        loop invariant i_1: \forall integer i; 0 <= i <= n - l + 1 && m[i][i + l - 1] == 2147483647;

        loop invariant i_2: \forall integer i, j; 0 <= i <= n - l + 1 && 0 <= j <= n - i && i != j ==> m[i][j] == 2147483647;

        loop invariant i_3: \forall integer i; 0 <= i <= n && \forall integer j; 0 <= j <= n && i != j ==> m[i][j] <= 2147483647;


        loop assigns l;
        loop assigns m[1..(n)][1..(n)];
    */
    for (int l = 2; l <= n; l++) {
        // Loop B
        /*@
            loop invariant i_7: 1 <= l <= n;

            loop invariant i_8: \forall integer i; 0 <= i <= n - l + 1 && m[i][i + l - 1] == 2147483647;

            loop invariant i_9: \forall integer i, j; 0 <= i <= n - l + 1 && 0 <= j <= n - i && i != j ==> m[i][j] == 2147483647;

            loop invariant i_10: \forall integer i; 0 <= i <= n && \forall integer j; 0 <= j <= n && i != j ==> m[i][j] <= 2147483647;


            loop assigns m[1..(n)][1..(n)];
            loop assigns i;
        */
        for (int i = 1; i <= n - l + 1; i++) {
            int end = i + l - 1;
            m[i][end] = 2147483647;
            // Loop C
            /*@
                loop invariant i_4: 1 <= l <= n;

                loop invariant i_5: \forall integer i; 0 <= i <= n - l + 1 && m[i][i + l - 1] == 2147483647;

                loop invariant i_6: \forall integer i, j; 0 <= i <= n - l + 1 && 0 <= j <= n - i && i != j ==> m[i][j] == 2147483647;


                loop assigns m[i][end];
                loop assigns k;
            */
            for (int k = i; k < end; k++) {
                int q = m[i][k] + m[k + 1][end] + p[i - 1] * p[k] * p[end];
                if (q < m[i][end]) {
                    m[i][end] = m[i][k] + m[k + 1][end] + p[i - 1] * p[k] * p[end];
                }
            }
            
        }
    }
    return m[1][n];
}



 
------------------------
