-----------Model-----------
Model type:
PanguEmbeddedForCausalLM(
  (model): PanguEmbeddedModel(
    (embed_tokens): Embedding(153376, 4096, padding_idx=0)
    (layers): ModuleList(
      (0-33): 34 x PanguEmbeddedDecoderLayer(
        (self_attn): PanguEmbeddedAttention(
          (q_proj): Linear(in_features=4096, out_features=4096, bias=True)
          (k_proj): Linear(in_features=4096, out_features=1024, bias=True)
          (v_proj): Linear(in_features=4096, out_features=1024, bias=True)
          (o_proj): Linear(in_features=4096, out_features=4096, bias=True)
        )
        (mlp): PanguEmbeddedMLP(
          (gate_proj): Linear(in_features=4096, out_features=12800, bias=False)
          (up_proj): Linear(in_features=4096, out_features=12800, bias=False)
          (down_proj): Linear(in_features=12800, out_features=4096, bias=False)
          (act_fn): SiLU()
        )
        (input_layernorm): PanguEmbeddedRMSNorm((4096,), eps=1e-05)
        (post_attention_layernorm): PanguEmbeddedRMSNorm((4096,), eps=1e-05)
      )
    )
    (norm): PanguEmbeddedRMSNorm((4096,), eps=1e-05)
    (rotary_emb): PanguEmbeddedRotaryEmbedding()
  )
  (lm_head): Linear(in_features=4096, out_features=153376, bias=False)
)
Model device:
npu:0
---------------------------
File Path: ../Benchmark/OOPSLA/oopsla_06.c
----------Code----------
#include <assert.h>
int unknown1();
int unknown2();
int unknown3();
int unknown4();

void oopsla_06(){
    int w = 1;
    int z = 0;
    int x = 0;
    int y = 0;

    /*@
        loop assigns z;
        loop assigns y;
        loop assigns x;
        loop assigns w;
    */
    while(unknown1()) {
        
        /*@
            loop assigns y;
            loop assigns x;
        */
        while(unknown2()){
            if(w%2 == 1) x++;
            if(z%2 == 0) y++;
        }
        z = x + y;
        w = z + 1;
    }

    //@ assert a_1: x == y;
}

------------------------
========== Attempt 1 ==========
----------Prompt----------

#include <assert.h>
int unknown1();
int unknown2();
int unknown3();
int unknown4();

void oopsla_06(){
    int w = 1;
    int z = 0;
    int x = 0;
    int y = 0;

    // Loop A
    /*@
        [Hint] Please infer the loop invariant for the following loop.

        loop assigns z;
        loop assigns y;
        loop assigns x;
        loop assigns w;
    */
    while(unknown1()) {
        
        // Loop B
        /*@
            loop assigns y;
            loop assigns x;
        */
        while(unknown2()){
            if(w%2 == 1) x++;
            if(z%2 == 0) y++;
        }
        z = x + y;
        w = z + 1;
    }

    //@ assert a_1: x == y;
}

You are an expert in program verification, and please generate loop invariant as C annotation comments at the hint location (annotated by "[Hint] Please infer the loop invariant for the following loop.") using ACSL language.
ACSL is a specification language for C programs that conforms to the design by contract paradigm, utilizing Hoare style pre- and postconditions and invariants. Note that the `loop invariant` clause is a condition that is true at the beginning and end of every loop iteration.
Specifically, for the current verification task:
    - Pre-condition: the function's `requires` clauses
    - Post-condition: 
Please verify that the generated loop invariant is consistent with these constraints. If these specific pre- or post-conditions are not provided or empty, please infer the loop invariant strictly based on the program's execution logic and standard correctness.
In order to get a correct answer, You may want to consider both the situation of not entering the loop and the situation of jumping out of the loop. If some of the pre-conditions are also loop invariant, you need to add them to your answer as well.
Use '&&', '||', '==>', '\forall' or '\exists' if necessary. For instance:
```
loop invariant 1 <= x;
loop invariant x == y;
loop invariant 0 < x ==> y <= z;
loop invariant z % 2 == 1 || x == y;
loop invariant z % 2 == 1 && x <= y;
loop invariant \forall integer k;  0 <= k < i ==> max >=  a[k];
loop invariant \exists integer k;  0 <= k < i &&  max == a[k];
loop invariant \forall integer p; 0 <= p < \at(k, End_l) ==> res[p] == \at(res[p], End_l);
```
Your answer should follow the following format:
```
loop invariant ...;
loop invariant ...;
...
```
No explanation. No commentary. Just show me the loop invariant.
 /no_think
--------------------------
----------Response----------
[unused16][unused17][Loop <Loop A>]
loop invariant z == 0;
loop invariant x == 0;
loop invariant w == 1;

[Loop <Loop B>]
loop invariant z % 2 == 0 && x <= y;
loop invariant w % 2 == 1 && x + y == z;

[Loop <General Loop>]
loop invariant w == 1 || unknown1() == 0;
loop invariant \exists integer k;  0 <= k && unknown1(k) == 0;
```
----------------------------
----------Prompt----------

#include <assert.h>
int unknown1();
int unknown2();
int unknown3();
int unknown4();

void oopsla_06(){
    int w = 1;
    int z = 0;
    int x = 0;
    int y = 0;

    // Loop A
    /*@
        loop invariant i_0: z == 0;

        loop invariant i_1: x == 0;

        loop invariant i_2: w == 1;

        loop invariant i_3: z % 2 == 0 && x <= y;

        loop invariant i_4: w % 2 == 1 && x + y == z;

        loop invariant i_5: w == 1 || unknown1() == 0;

        loop invariant i_6: \exists integer k; 0 <= k && unknown1(k) == 0;


        loop assigns z;
        loop assigns y;
        loop assigns x;
        loop assigns w;
    */
    while(unknown1()) {
        
        // Loop B
        /*@
            [Hint] Please infer the loop invariant for the following loop.

            loop assigns y;
            loop assigns x;
        */
        while(unknown2()){
            if(w%2 == 1) x++;
            if(z%2 == 0) y++;
        }
        z = x + y;
        w = z + 1;
    }

    //@ assert a_1: x == y;
}

You are an expert in program verification, and please generate loop invariant as C annotation comments at the hint location (annotated by "[Hint] Please infer the loop invariant for the following loop.") using ACSL language.
ACSL is a specification language for C programs that conforms to the design by contract paradigm, utilizing Hoare style pre- and postconditions and invariants. Note that the `loop invariant` clause is a condition that is true at the beginning and end of every loop iteration.
Specifically, for the current verification task:
    - Pre-condition: i_0:z == 0; i_1:x == 0; i_2:w == 1; i_3:z % 2 == 0 && x <= y; i_4:w % 2 == 1 && x + y == z; i_5:w == 1 || unknown1() == 0; i_6:\exists integer k; 0 <= k && unknown1(k) == 0; 
    - Post-condition: i_0:z == 0; i_1:x == 0; i_2:w == 1; i_3:z % 2 == 0 && x <= y; i_4:w % 2 == 1 && x + y == z; i_5:w == 1 || unknown1() == 0; i_6:\exists integer k; 0 <= k && unknown1(k) == 0; 
Please verify that the generated loop invariant is consistent with these constraints. If these specific pre- or post-conditions are not provided or empty, please infer the loop invariant strictly based on the program's execution logic and standard correctness.
In order to get a correct answer, You may want to consider both the situation of not entering the loop and the situation of jumping out of the loop. If some of the pre-conditions are also loop invariant, you need to add them to your answer as well.
Use '&&', '||', '==>', '\forall' or '\exists' if necessary. For instance:
```
loop invariant 1 <= x;
loop invariant x == y;
loop invariant 0 < x ==> y <= z;
loop invariant z % 2 == 1 || x == y;
loop invariant z % 2 == 1 && x <= y;
loop invariant \forall integer k;  0 <= k < i ==> max >=  a[k];
loop invariant \exists integer k;  0 <= k < i &&  max == a[k];
loop invariant \forall integer p; 0 <= p < \at(k, End_l) ==> res[p] == \at(res[p], End_l);
```
Your answer should follow the following format:
```
loop invariant ...;
loop invariant ...;
...
```
No explanation. No commentary. Just show me the loop invariant.
 /no_think
--------------------------
----------Response----------
[unused16][unused17][Loop B]
loop invariant i_7: z == x + y;

[Loop B]
loop invariant w == z + 1;

[Loop B]
loop invariant w % 2 == 1;

[Loop B]
loop invariant x == x;

[Loop B]
loop invariant y == y;
----------------------------
------------Invariant Info-----------
LOOP A:
i_0: z == 0
i_1: x == 0
i_2: w == 1
i_3: z % 2 == 0 && x <= y
i_4: w % 2 == 1 && x + y == z
i_5: w == 1 || unknown1() == 0
i_6: \exists integer k; 0 <= k && unknown1(k) == 0
LOOP B:
i_7: y == y
------------------------------------
---------- Code with Invariants ----------
#include <assert.h>
int unknown1();
int unknown2();
int unknown3();
int unknown4();

void oopsla_06(){
    int w = 1;
    int z = 0;
    int x = 0;
    int y = 0;

    // Loop A
    /*@
        loop invariant i_0: z == 0;

        loop invariant i_1: x == 0;

        loop invariant i_2: w == 1;

        loop invariant i_3: z % 2 == 0 && x <= y;

        loop invariant i_4: w % 2 == 1 && x + y == z;

        loop invariant i_5: w == 1 || unknown1() == 0;

        loop invariant i_6: \exists integer k; 0 <= k && unknown1(k) == 0;


        loop assigns z;
        loop assigns y;
        loop assigns x;
        loop assigns w;
    */
    while(unknown1()) {
        
        // Loop B
        /*@
            loop invariant i_7: y == y;


            loop assigns y;
            loop assigns x;
        */
        while(unknown2()){
            if(w%2 == 1) x++;
            if(z%2 == 0) y++;
        }
        z = x + y;
        w = z + 1;
    }

    //@ assert a_1: x == y;
}

------------------------------------------
Verification failed (Invalid), removing all invariants and retrying.
========== Attempt 2 ==========
----------Prompt----------

#include <assert.h>
int unknown1();
int unknown2();
int unknown3();
int unknown4();

void oopsla_06(){
    int w = 1;
    int z = 0;
    int x = 0;
    int y = 0;

    // Loop A
    /*@
        [Hint] Please infer the loop invariant for the following loop.

        loop assigns z;
        loop assigns y;
        loop assigns x;
        loop assigns w;
    */
    while(unknown1()) {
        
        // Loop B
        /*@
            loop assigns y;
            loop assigns x;
        */
        while(unknown2()){
            if(w%2 == 1) x++;
            if(z%2 == 0) y++;
        }
        z = x + y;
        w = z + 1;
    }

    //@ assert a_1: x == y;
}

You are an expert in program verification, and please generate loop invariant as C annotation comments at the hint location (annotated by "[Hint] Please infer the loop invariant for the following loop.") using ACSL language.
ACSL is a specification language for C programs that conforms to the design by contract paradigm, utilizing Hoare style pre- and postconditions and invariants. Note that the `loop invariant` clause is a condition that is true at the beginning and end of every loop iteration.
Specifically, for the current verification task:
    - Pre-condition: the function's `requires` clauses
    - Post-condition: 
Please verify that the generated loop invariant is consistent with these constraints. If these specific pre- or post-conditions are not provided or empty, please infer the loop invariant strictly based on the program's execution logic and standard correctness.
In order to get a correct answer, You may want to consider both the situation of not entering the loop and the situation of jumping out of the loop. If some of the pre-conditions are also loop invariant, you need to add them to your answer as well.
Use '&&', '||', '==>', '\forall' or '\exists' if necessary. For instance:
```
loop invariant 1 <= x;
loop invariant x == y;
loop invariant 0 < x ==> y <= z;
loop invariant z % 2 == 1 || x == y;
loop invariant z % 2 == 1 && x <= y;
loop invariant \forall integer k;  0 <= k < i ==> max >=  a[k];
loop invariant \exists integer k;  0 <= k < i &&  max == a[k];
loop invariant \forall integer p; 0 <= p < \at(k, End_l) ==> res[p] == \at(res[p], End_l);
```
Your answer should follow the following format:
```
loop invariant ...;
loop invariant ...;
...
```
No explanation. No commentary. Just show me the loop invariant.
 /no_think
--------------------------
----------Response----------
[unused16][unused17]```
loop invariant x >= 0 && y >= 0 && z % 2 == 0;
```
----------------------------
----------Prompt----------

#include <assert.h>
int unknown1();
int unknown2();
int unknown3();
int unknown4();

void oopsla_06(){
    int w = 1;
    int z = 0;
    int x = 0;
    int y = 0;

    // Loop A
    /*@
        loop invariant i_8: x >= 0 && y >= 0 && z % 2 == 0;


        loop assigns z;
        loop assigns y;
        loop assigns x;
        loop assigns w;
    */
    while(unknown1()) {
        
        // Loop B
        /*@
            [Hint] Please infer the loop invariant for the following loop.

            loop assigns y;
            loop assigns x;
        */
        while(unknown2()){
            if(w%2 == 1) x++;
            if(z%2 == 0) y++;
        }
        z = x + y;
        w = z + 1;
    }

    //@ assert a_1: x == y;
}

You are an expert in program verification, and please generate loop invariant as C annotation comments at the hint location (annotated by "[Hint] Please infer the loop invariant for the following loop.") using ACSL language.
ACSL is a specification language for C programs that conforms to the design by contract paradigm, utilizing Hoare style pre- and postconditions and invariants. Note that the `loop invariant` clause is a condition that is true at the beginning and end of every loop iteration.
Specifically, for the current verification task:
    - Pre-condition: i_8:x >= 0 && y >= 0 && z % 2 == 0; 
    - Post-condition: i_8:x >= 0 && y >= 0 && z % 2 == 0; 
Please verify that the generated loop invariant is consistent with these constraints. If these specific pre- or post-conditions are not provided or empty, please infer the loop invariant strictly based on the program's execution logic and standard correctness.
In order to get a correct answer, You may want to consider both the situation of not entering the loop and the situation of jumping out of the loop. If some of the pre-conditions are also loop invariant, you need to add them to your answer as well.
Use '&&', '||', '==>', '\forall' or '\exists' if necessary. For instance:
```
loop invariant 1 <= x;
loop invariant x == y;
loop invariant 0 < x ==> y <= z;
loop invariant z % 2 == 1 || x == y;
loop invariant z % 2 == 1 && x <= y;
loop invariant \forall integer k;  0 <= k < i ==> max >=  a[k];
loop invariant \exists integer k;  0 <= k < i &&  max == a[k];
loop invariant \forall integer p; 0 <= p < \at(k, End_l) ==> res[p] == \at(res[p], End_l);
```
Your answer should follow the following format:
```
loop invariant ...;
loop invariant ...;
...
```
No explanation. No commentary. Just show me the loop invariant.
 /no_think
--------------------------
----------Response----------
[unused16][unused17][Loop <Loop A>]
loop invariant x >= 0 && y >= 0 && z % 2 == 0;

[Loop <Loop B>]
loop invariant x == y && w >= 0 && z >= x;

[Loop <Loop B>]
loop invariant w % 2 == 1;

[Loop <Loop B>]
loop invariant z % 2 == 0;

[Loop <Loop B>]
loop invariant x >= 0 && y >= 0;

[Loop <Loop B>]
loop invariant z % 2 == 0 && x <= y;

[Loop <Loop B>]
loop invariant x == y && w >= 0 && z >= x;

[Loop <Loop B>]
loop invariant w % 2 == 1 && x == y;

[Loop <Loop B>]
loop invariant x >= 0 && y >= 0 && z % 2 == 0 && w >= 0;

[Loop <Loop B>]
loop invariant x == y && z >= x && w % 2 == 1;

[Loop <Loop B>]
loop invariant x >= 0 && y >= 0 && z % 2 == 0 && x <= y;

[Loop <Loop B>]
loop invariant x == y && z >= x && w % 2 == 1;

[Loop <Loop B>]
loop invariant w % 2 == 1 && x >= 0 && y >= 0 && x <= y;

[Loop <Loop B>]
loop invariant w % 2 == 1;

[Loop <Loop B>]
loop invariant z % 2 == 0;

[Loop <Loop B>]
loop invariant x == y;

[Loop <Loop B>]
loop invariant z == x + y;

[Loop <Loop B>]
loop invariant w == z + 1;

[Loop <Loop B>]
loop invariant x == y && w >= 0 && z >= x;

[Loop <Loop B>]
loop invariant x >= 0 && y >= 0 && z % 2 == 0 && x <= y;

[Loop <Loop B>]
loop invariant z % 2 == 0 && x >= 0 && y >= 0 && x <= y;

[Loop <Loop B>]
loop invariant z % 2 == 0 && x == y && w >= 0;

[Loop <Loop B>]
loop invariant x >= 0 && y >= 0 && z % 2 == 0 && x <= y;

[Loop <Loop B>]
loop invariant w % 2 == 1;

[Loop <Loop B>]
loop invariant w % 2 == 1 && x >= 0 && y >= 0 && x <= y;

[Loop <Loop B>]
loop invariant w % 2 == 1 && x == y;

[Loop <Loop B>]
loop invariant x == y && w >= 0 && z >= x;

[Loop <Loop B>]
loop invariant x == y && z >= x && w % 2 == 1;

[Loop <Loop B>]
loop invariant x >= 0 && y >= 0 && z % 2 == 0 && x <= y;

[Loop <Loop B>]
loop invariant w % 2 == 1;

[Loop <Loop B>]
loop invariant z % 2 == 0;

[Loop <Loop B>]
loop invariant z == x + y;

[Loop <Loop B>]
loop invariant w == z + 1;

[Loop <Loop B>]
loop invariant x == y;

[Loop <Loop B>]
loop invariant z == x + y;

[Loop <Loop B>]
loop invariant w == z + 1;
----------------------------
------------Invariant Info-----------
LOOP A:
i_8: x >= 0 && y >= 0 && z % 2 == 0
LOOP B:
i_9: x >= 0 && y >= 0 && z % 2 == 0
i_10: x == y && w >= 0 && z >= x
i_11: w % 2 == 1
i_12: z % 2 == 0
i_13: x >= 0 && y >= 0
i_14: z % 2 == 0 && x <= y
i_15: w % 2 == 1 && x == y
i_16: x >= 0 && y >= 0 && z % 2 == 0 && w >= 0
i_17: x == y && z >= x && w % 2 == 1
i_18: x >= 0 && y >= 0 && z % 2 == 0 && x <= y
i_19: w % 2 == 1 && x >= 0 && y >= 0 && x <= y
i_20: x == y
i_21: z == x + y
i_22: w == z + 1
i_23: z % 2 == 0 && x >= 0 && y >= 0 && x <= y
i_24: z % 2 == 0 && x == y && w >= 0
------------------------------------
---------- Code with Invariants ----------
#include <assert.h>
int unknown1();
int unknown2();
int unknown3();
int unknown4();

void oopsla_06(){
    int w = 1;
    int z = 0;
    int x = 0;
    int y = 0;

    // Loop A
    /*@
        loop invariant i_8: x >= 0 && y >= 0 && z % 2 == 0;


        loop assigns z;
        loop assigns y;
        loop assigns x;
        loop assigns w;
    */
    while(unknown1()) {
        
        // Loop B
        /*@
            loop invariant i_9: x >= 0 && y >= 0 && z % 2 == 0;

            loop invariant i_10: x == y && w >= 0 && z >= x;

            loop invariant i_11: w % 2 == 1;

            loop invariant i_12: z % 2 == 0;

            loop invariant i_13: x >= 0 && y >= 0;

            loop invariant i_14: z % 2 == 0 && x <= y;

            loop invariant i_15: w % 2 == 1 && x == y;

            loop invariant i_16: x >= 0 && y >= 0 && z % 2 == 0 && w >= 0;

            loop invariant i_17: x == y && z >= x && w % 2 == 1;

            loop invariant i_18: x >= 0 && y >= 0 && z % 2 == 0 && x <= y;

            loop invariant i_19: w % 2 == 1 && x >= 0 && y >= 0 && x <= y;

            loop invariant i_20: x == y;

            loop invariant i_21: z == x + y;

            loop invariant i_22: w == z + 1;

            loop invariant i_23: z % 2 == 0 && x >= 0 && y >= 0 && x <= y;

            loop invariant i_24: z % 2 == 0 && x == y && w >= 0;


            loop assigns y;
            loop assigns x;
        */
        while(unknown2()){
            if(w%2 == 1) x++;
            if(z%2 == 0) y++;
        }
        z = x + y;
        w = z + 1;
    }

    //@ assert a_1: x == y;
}

------------------------------------------
Verification failed (Fail_34_41), removing all invariants and retrying.
========== Attempt 3 ==========
----------Prompt----------

#include <assert.h>
int unknown1();
int unknown2();
int unknown3();
int unknown4();

void oopsla_06(){
    int w = 1;
    int z = 0;
    int x = 0;
    int y = 0;

    // Loop A
    /*@
        [Hint] Please infer the loop invariant for the following loop.

        loop assigns z;
        loop assigns y;
        loop assigns x;
        loop assigns w;
    */
    while(unknown1()) {
        
        // Loop B
        /*@
            loop assigns y;
            loop assigns x;
        */
        while(unknown2()){
            if(w%2 == 1) x++;
            if(z%2 == 0) y++;
        }
        z = x + y;
        w = z + 1;
    }

    //@ assert a_1: x == y;
}

You are an expert in program verification, and please generate loop invariant as C annotation comments at the hint location (annotated by "[Hint] Please infer the loop invariant for the following loop.") using ACSL language.
ACSL is a specification language for C programs that conforms to the design by contract paradigm, utilizing Hoare style pre- and postconditions and invariants. Note that the `loop invariant` clause is a condition that is true at the beginning and end of every loop iteration.
Specifically, for the current verification task:
    - Pre-condition: the function's `requires` clauses
    - Post-condition: 
Please verify that the generated loop invariant is consistent with these constraints. If these specific pre- or post-conditions are not provided or empty, please infer the loop invariant strictly based on the program's execution logic and standard correctness.
In order to get a correct answer, You may want to consider both the situation of not entering the loop and the situation of jumping out of the loop. If some of the pre-conditions are also loop invariant, you need to add them to your answer as well.
Use '&&', '||', '==>', '\forall' or '\exists' if necessary. For instance:
```
loop invariant 1 <= x;
loop invariant x == y;
loop invariant 0 < x ==> y <= z;
loop invariant z % 2 == 1 || x == y;
loop invariant z % 2 == 1 && x <= y;
loop invariant \forall integer k;  0 <= k < i ==> max >=  a[k];
loop invariant \exists integer k;  0 <= k < i &&  max == a[k];
loop invariant \forall integer p; 0 <= p < \at(k, End_l) ==> res[p] == \at(res[p], End_l);
```
Your answer should follow the following format:
```
loop invariant ...;
loop invariant ...;
...
```
No explanation. No commentary. Just show me the loop invariant.
 /no_think
--------------------------
----------Response----------
[unused16][unused17][Loop <Loop A>]
loop invariant z == 0;
loop invariant x == 0;
loop invariant y == 0;
loop invariant w == 1;

[Loop <Loop B>]
loop invariant x == 0 && y == 0;
loop invariant w % 2 == 1;
loop invariant z % 2 == 0;
```
----------------------------
----------Prompt----------

#include <assert.h>
int unknown1();
int unknown2();
int unknown3();
int unknown4();

void oopsla_06(){
    int w = 1;
    int z = 0;
    int x = 0;
    int y = 0;

    // Loop A
    /*@
        loop invariant i_25: z == 0;

        loop invariant i_26: x == 0;

        loop invariant i_27: y == 0;

        loop invariant i_28: w == 1;

        loop invariant i_29: x == 0 && y == 0;

        loop invariant i_30: w % 2 == 1;

        loop invariant i_31: z % 2 == 0;


        loop assigns z;
        loop assigns y;
        loop assigns x;
        loop assigns w;
    */
    while(unknown1()) {
        
        // Loop B
        /*@
            [Hint] Please infer the loop invariant for the following loop.

            loop assigns y;
            loop assigns x;
        */
        while(unknown2()){
            if(w%2 == 1) x++;
            if(z%2 == 0) y++;
        }
        z = x + y;
        w = z + 1;
    }

    //@ assert a_1: x == y;
}

You are an expert in program verification, and please generate loop invariant as C annotation comments at the hint location (annotated by "[Hint] Please infer the loop invariant for the following loop.") using ACSL language.
ACSL is a specification language for C programs that conforms to the design by contract paradigm, utilizing Hoare style pre- and postconditions and invariants. Note that the `loop invariant` clause is a condition that is true at the beginning and end of every loop iteration.
Specifically, for the current verification task:
    - Pre-condition: i_25:z == 0; i_26:x == 0; i_27:y == 0; i_28:w == 1; i_29:x == 0 && y == 0; i_30:w % 2 == 1; i_31:z % 2 == 0; 
    - Post-condition: i_25:z == 0; i_26:x == 0; i_27:y == 0; i_28:w == 1; i_29:x == 0 && y == 0; i_30:w % 2 == 1; i_31:z % 2 == 0; 
Please verify that the generated loop invariant is consistent with these constraints. If these specific pre- or post-conditions are not provided or empty, please infer the loop invariant strictly based on the program's execution logic and standard correctness.
In order to get a correct answer, You may want to consider both the situation of not entering the loop and the situation of jumping out of the loop. If some of the pre-conditions are also loop invariant, you need to add them to your answer as well.
Use '&&', '||', '==>', '\forall' or '\exists' if necessary. For instance:
```
loop invariant 1 <= x;
loop invariant x == y;
loop invariant 0 < x ==> y <= z;
loop invariant z % 2 == 1 || x == y;
loop invariant z % 2 == 1 && x <= y;
loop invariant \forall integer k;  0 <= k < i ==> max >=  a[k];
loop invariant \exists integer k;  0 <= k < i &&  max == a[k];
loop invariant \forall integer p; 0 <= p < \at(k, End_l) ==> res[p] == \at(res[p], End_l);
```
Your answer should follow the following format:
```
loop invariant ...;
loop invariant ...;
...
```
No explanation. No commentary. Just show me the loop invariant.
 /no_think
--------------------------
----------Response----------
[unused16][unused17]```
loop invariant z == 0;
loop invariant x == 0;
loop invariant y == 0;
loop invariant w == 1;
loop invariant x == 0 && y == 0;
loop invariant w % 2 == 1;
loop invariant z % 2 == 0;
```
----------------------------
------------Invariant Info-----------
LOOP A:
i_25: z == 0
i_26: x == 0
i_27: y == 0
i_28: w == 1
i_29: x == 0 && y == 0
i_30: w % 2 == 1
i_31: z % 2 == 0
LOOP B:
i_32: z == 0
i_33: x == 0
i_34: y == 0
i_35: w == 1
i_36: x == 0 && y == 0
i_37: w % 2 == 1
i_38: z % 2 == 0
------------------------------------
---------- Code with Invariants ----------
#include <assert.h>
int unknown1();
int unknown2();
int unknown3();
int unknown4();

void oopsla_06(){
    int w = 1;
    int z = 0;
    int x = 0;
    int y = 0;

    // Loop A
    /*@
        loop invariant i_25: z == 0;

        loop invariant i_26: x == 0;

        loop invariant i_27: y == 0;

        loop invariant i_28: w == 1;

        loop invariant i_29: x == 0 && y == 0;

        loop invariant i_30: w % 2 == 1;

        loop invariant i_31: z % 2 == 0;


        loop assigns z;
        loop assigns y;
        loop assigns x;
        loop assigns w;
    */
    while(unknown1()) {
        
        // Loop B
        /*@
            loop invariant i_32: z == 0;

            loop invariant i_33: x == 0;

            loop invariant i_34: y == 0;

            loop invariant i_35: w == 1;

            loop invariant i_36: x == 0 && y == 0;

            loop invariant i_37: w % 2 == 1;

            loop invariant i_38: z % 2 == 0;


            loop assigns y;
            loop assigns x;
        */
        while(unknown2()){
            if(w%2 == 1) x++;
            if(z%2 == 0) y++;
        }
        z = x + y;
        w = z + 1;
    }

    //@ assert a_1: x == y;
}

------------------------------------------
Verification failed (Fail_34_35), removing all invariants and retrying.
========== Attempt 4 ==========
----------Prompt----------

#include <assert.h>
int unknown1();
int unknown2();
int unknown3();
int unknown4();

void oopsla_06(){
    int w = 1;
    int z = 0;
    int x = 0;
    int y = 0;

    // Loop A
    /*@
        [Hint] Please infer the loop invariant for the following loop.

        loop assigns z;
        loop assigns y;
        loop assigns x;
        loop assigns w;
    */
    while(unknown1()) {
        
        // Loop B
        /*@
            loop assigns y;
            loop assigns x;
        */
        while(unknown2()){
            if(w%2 == 1) x++;
            if(z%2 == 0) y++;
        }
        z = x + y;
        w = z + 1;
    }

    //@ assert a_1: x == y;
}

You are an expert in program verification, and please generate loop invariant as C annotation comments at the hint location (annotated by "[Hint] Please infer the loop invariant for the following loop.") using ACSL language.
ACSL is a specification language for C programs that conforms to the design by contract paradigm, utilizing Hoare style pre- and postconditions and invariants. Note that the `loop invariant` clause is a condition that is true at the beginning and end of every loop iteration.
Specifically, for the current verification task:
    - Pre-condition: the function's `requires` clauses
    - Post-condition: 
Please verify that the generated loop invariant is consistent with these constraints. If these specific pre- or post-conditions are not provided or empty, please infer the loop invariant strictly based on the program's execution logic and standard correctness.
In order to get a correct answer, You may want to consider both the situation of not entering the loop and the situation of jumping out of the loop. If some of the pre-conditions are also loop invariant, you need to add them to your answer as well.
Use '&&', '||', '==>', '\forall' or '\exists' if necessary. For instance:
```
loop invariant 1 <= x;
loop invariant x == y;
loop invariant 0 < x ==> y <= z;
loop invariant z % 2 == 1 || x == y;
loop invariant z % 2 == 1 && x <= y;
loop invariant \forall integer k;  0 <= k < i ==> max >=  a[k];
loop invariant \exists integer k;  0 <= k < i &&  max == a[k];
loop invariant \forall integer p; 0 <= p < \at(k, End_l) ==> res[p] == \at(res[p], End_l);
```
Your answer should follow the following format:
```
loop invariant ...;
loop invariant ...;
...
```
No explanation. No commentary. Just show me the loop invariant.
 /no_think
--------------------------
----------Response----------
[unused16][unused17]```
loop invariant w == 1;
loop invariant z == 0;
loop invariant x == 0 && y == 0;
```
----------------------------
----------Prompt----------

#include <assert.h>
int unknown1();
int unknown2();
int unknown3();
int unknown4();

void oopsla_06(){
    int w = 1;
    int z = 0;
    int x = 0;
    int y = 0;

    // Loop A
    /*@
        loop invariant i_39: w == 1;

        loop invariant i_40: z == 0;

        loop invariant i_41: x == 0 && y == 0;


        loop assigns z;
        loop assigns y;
        loop assigns x;
        loop assigns w;
    */
    while(unknown1()) {
        
        // Loop B
        /*@
            [Hint] Please infer the loop invariant for the following loop.

            loop assigns y;
            loop assigns x;
        */
        while(unknown2()){
            if(w%2 == 1) x++;
            if(z%2 == 0) y++;
        }
        z = x + y;
        w = z + 1;
    }

    //@ assert a_1: x == y;
}

You are an expert in program verification, and please generate loop invariant as C annotation comments at the hint location (annotated by "[Hint] Please infer the loop invariant for the following loop.") using ACSL language.
ACSL is a specification language for C programs that conforms to the design by contract paradigm, utilizing Hoare style pre- and postconditions and invariants. Note that the `loop invariant` clause is a condition that is true at the beginning and end of every loop iteration.
Specifically, for the current verification task:
    - Pre-condition: i_39:w == 1; i_40:z == 0; i_41:x == 0 && y == 0; 
    - Post-condition: i_39:w == 1; i_40:z == 0; i_41:x == 0 && y == 0; 
Please verify that the generated loop invariant is consistent with these constraints. If these specific pre- or post-conditions are not provided or empty, please infer the loop invariant strictly based on the program's execution logic and standard correctness.
In order to get a correct answer, You may want to consider both the situation of not entering the loop and the situation of jumping out of the loop. If some of the pre-conditions are also loop invariant, you need to add them to your answer as well.
Use '&&', '||', '==>', '\forall' or '\exists' if necessary. For instance:
```
loop invariant 1 <= x;
loop invariant x == y;
loop invariant 0 < x ==> y <= z;
loop invariant z % 2 == 1 || x == y;
loop invariant z % 2 == 1 && x <= y;
loop invariant \forall integer k;  0 <= k < i ==> max >=  a[k];
loop invariant \exists integer k;  0 <= k < i &&  max == a[k];
loop invariant \forall integer p; 0 <= p < \at(k, End_l) ==> res[p] == \at(res[p], End_l);
```
Your answer should follow the following format:
```
loop invariant ...;
loop invariant ...;
...
```
No explanation. No commentary. Just show me the loop invariant.
 /no_think
--------------------------
----------Response----------
[unused16][unused17][Loop B]
loop invariant w == 1 && z == 0 && x == 0 && y == 0;

[Loop A]
loop invariant w == 1;
loop invariant z == 0;
loop invariant x == 0 && y == 0;
----------------------------
------------Invariant Info-----------
LOOP A:
i_39: w == 1
i_40: z == 0
i_41: x == 0 && y == 0
LOOP B:
i_42: w == 1 && z == 0 && x == 0 && y == 0
------------------------------------
---------- Code with Invariants ----------
#include <assert.h>
int unknown1();
int unknown2();
int unknown3();
int unknown4();

void oopsla_06(){
    int w = 1;
    int z = 0;
    int x = 0;
    int y = 0;

    // Loop A
    /*@
        loop invariant i_39: w == 1;

        loop invariant i_40: z == 0;

        loop invariant i_41: x == 0 && y == 0;


        loop assigns z;
        loop assigns y;
        loop assigns x;
        loop assigns w;
    */
    while(unknown1()) {
        
        // Loop B
        /*@
            loop invariant i_42: w == 1 && z == 0 && x == 0 && y == 0;


            loop assigns y;
            loop assigns x;
        */
        while(unknown2()){
            if(w%2 == 1) x++;
            if(z%2 == 0) y++;
        }
        z = x + y;
        w = z + 1;
    }

    //@ assert a_1: x == y;
}

------------------------------------------
Verification failed (Fail_14_15), removing all invariants and retrying.
========== Attempt 5 ==========
----------Prompt----------

#include <assert.h>
int unknown1();
int unknown2();
int unknown3();
int unknown4();

void oopsla_06(){
    int w = 1;
    int z = 0;
    int x = 0;
    int y = 0;

    // Loop A
    /*@
        [Hint] Please infer the loop invariant for the following loop.

        loop assigns z;
        loop assigns y;
        loop assigns x;
        loop assigns w;
    */
    while(unknown1()) {
        
        // Loop B
        /*@
            loop assigns y;
            loop assigns x;
        */
        while(unknown2()){
            if(w%2 == 1) x++;
            if(z%2 == 0) y++;
        }
        z = x + y;
        w = z + 1;
    }

    //@ assert a_1: x == y;
}

You are an expert in program verification, and please generate loop invariant as C annotation comments at the hint location (annotated by "[Hint] Please infer the loop invariant for the following loop.") using ACSL language.
ACSL is a specification language for C programs that conforms to the design by contract paradigm, utilizing Hoare style pre- and postconditions and invariants. Note that the `loop invariant` clause is a condition that is true at the beginning and end of every loop iteration.
Specifically, for the current verification task:
    - Pre-condition: the function's `requires` clauses
    - Post-condition: 
Please verify that the generated loop invariant is consistent with these constraints. If these specific pre- or post-conditions are not provided or empty, please infer the loop invariant strictly based on the program's execution logic and standard correctness.
In order to get a correct answer, You may want to consider both the situation of not entering the loop and the situation of jumping out of the loop. If some of the pre-conditions are also loop invariant, you need to add them to your answer as well.
Use '&&', '||', '==>', '\forall' or '\exists' if necessary. For instance:
```
loop invariant 1 <= x;
loop invariant x == y;
loop invariant 0 < x ==> y <= z;
loop invariant z % 2 == 1 || x == y;
loop invariant z % 2 == 1 && x <= y;
loop invariant \forall integer k;  0 <= k < i ==> max >=  a[k];
loop invariant \exists integer k;  0 <= k < i &&  max == a[k];
loop invariant \forall integer p; 0 <= p < \at(k, End_l) ==> res[p] == \at(res[p], End_l);
```
Your answer should follow the following format:
```
loop invariant ...;
loop invariant ...;
...
```
No explanation. No commentary. Just show me the loop invariant.
 /no_think
--------------------------
----------Response----------
[unused16][unused17]```
loop invariant w == 1 || x == w;
loop invariant x == y || w == 1 && x == y;
```
----------------------------
----------Prompt----------

#include <assert.h>
int unknown1();
int unknown2();
int unknown3();
int unknown4();

void oopsla_06(){
    int w = 1;
    int z = 0;
    int x = 0;
    int y = 0;

    // Loop A
    /*@
        loop invariant i_43: w == 1 || x == w;

        loop invariant i_44: x == y || w == 1 && x == y;


        loop assigns z;
        loop assigns y;
        loop assigns x;
        loop assigns w;
    */
    while(unknown1()) {
        
        // Loop B
        /*@
            [Hint] Please infer the loop invariant for the following loop.

            loop assigns y;
            loop assigns x;
        */
        while(unknown2()){
            if(w%2 == 1) x++;
            if(z%2 == 0) y++;
        }
        z = x + y;
        w = z + 1;
    }

    //@ assert a_1: x == y;
}

You are an expert in program verification, and please generate loop invariant as C annotation comments at the hint location (annotated by "[Hint] Please infer the loop invariant for the following loop.") using ACSL language.
ACSL is a specification language for C programs that conforms to the design by contract paradigm, utilizing Hoare style pre- and postconditions and invariants. Note that the `loop invariant` clause is a condition that is true at the beginning and end of every loop iteration.
Specifically, for the current verification task:
    - Pre-condition: i_43:w == 1 || x == w; i_44:x == y || w == 1 && x == y; 
    - Post-condition: i_43:w == 1 || x == w; i_44:x == y || w == 1 && x == y; 
Please verify that the generated loop invariant is consistent with these constraints. If these specific pre- or post-conditions are not provided or empty, please infer the loop invariant strictly based on the program's execution logic and standard correctness.
In order to get a correct answer, You may want to consider both the situation of not entering the loop and the situation of jumping out of the loop. If some of the pre-conditions are also loop invariant, you need to add them to your answer as well.
Use '&&', '||', '==>', '\forall' or '\exists' if necessary. For instance:
```
loop invariant 1 <= x;
loop invariant x == y;
loop invariant 0 < x ==> y <= z;
loop invariant z % 2 == 1 || x == y;
loop invariant z % 2 == 1 && x <= y;
loop invariant \forall integer k;  0 <= k < i ==> max >=  a[k];
loop invariant \exists integer k;  0 <= k < i &&  max == a[k];
loop invariant \forall integer p; 0 <= p < \at(k, End_l) ==> res[p] == \at(res[p], End_l);
```
Your answer should follow the following format:
```
loop invariant ...;
loop invariant ...;
...
```
No explanation. No commentary. Just show me the loop invariant.
 /no_think
--------------------------
----------Response----------
[unused16][unused17][Loop <Loop B>]
loop invariant i_44: x == y || w == 1 && x == y;

[Loop <Loop B>]
loop invariant x + y == z;
----------------------------
------------Invariant Info-----------
LOOP A:
i_43: w == 1 || x == w
i_44: x == y || w == 1 && x == y
LOOP B:
i_45: x == y || w == 1 && x == y
i_46: x + y == z
------------------------------------
---------- Code with Invariants ----------
#include <assert.h>
int unknown1();
int unknown2();
int unknown3();
int unknown4();

void oopsla_06(){
    int w = 1;
    int z = 0;
    int x = 0;
    int y = 0;

    // Loop A
    /*@
        loop invariant i_43: w == 1 || x == w;

        loop invariant i_44: x == y || w == 1 && x == y;


        loop assigns z;
        loop assigns y;
        loop assigns x;
        loop assigns w;
    */
    while(unknown1()) {
        
        // Loop B
        /*@
            loop invariant i_45: x == y || w == 1 && x == y;

            loop invariant i_46: x + y == z;


            loop assigns y;
            loop assigns x;
        */
        while(unknown2()){
            if(w%2 == 1) x++;
            if(z%2 == 0) y++;
        }
        z = x + y;
        w = z + 1;
    }

    //@ assert a_1: x == y;
}

------------------------------------------
Verification failed (Fail_11_15), removing all invariants and retrying.
Verification failed: reached maximum attempts.
---------Result---------
Fail
Model: openPangu-Embedded-7B-V1.1
Running time: 120.97880125045776
Proposal number: 5
Verified code:

------------------------
