-----------Model-----------
Model type:
PanguEmbeddedForCausalLM(
  (model): PanguEmbeddedModel(
    (embed_tokens): Embedding(153376, 4096, padding_idx=0)
    (layers): ModuleList(
      (0-33): 34 x PanguEmbeddedDecoderLayer(
        (self_attn): PanguEmbeddedAttention(
          (q_proj): Linear(in_features=4096, out_features=4096, bias=True)
          (k_proj): Linear(in_features=4096, out_features=1024, bias=True)
          (v_proj): Linear(in_features=4096, out_features=1024, bias=True)
          (o_proj): Linear(in_features=4096, out_features=4096, bias=True)
        )
        (mlp): PanguEmbeddedMLP(
          (gate_proj): Linear(in_features=4096, out_features=12800, bias=False)
          (up_proj): Linear(in_features=4096, out_features=12800, bias=False)
          (down_proj): Linear(in_features=12800, out_features=4096, bias=False)
          (act_fn): SiLU()
        )
        (input_layernorm): PanguEmbeddedRMSNorm((4096,), eps=1e-05)
        (post_attention_layernorm): PanguEmbeddedRMSNorm((4096,), eps=1e-05)
      )
    )
    (norm): PanguEmbeddedRMSNorm((4096,), eps=1e-05)
    (rotary_emb): PanguEmbeddedRotaryEmbedding()
  )
  (lm_head): Linear(in_features=4096, out_features=153376, bias=False)
)
Model device:
npu:1
---------------------------
File Path: ../Benchmark/acsl-algorithms/_linear_probing_insert.c
----------Code----------
/*@
    predicate hashtable(int* a, integer length, integer key, integer data) =
        \exists integer i; 0 <= i < length && 
        key == (data + i) % length &&
        a[(data + i) % length] == data && 
        (\forall integer key; 0 <= key < i ==> a[(data + i) % length] != (0 - 1));
*/

//@ lemma mod_property: \forall integer x, y; x > 0 && y > 0 ==> 0 <= x % y < y;

/*@
    requires \valid(table+(0..(size - 1)));
    requires size > 0;
    requires data > 0;
    assigns table[0..(size - 1)];
    ensures e_1: \result == -1 || table[\result] == data;
    ensures e_2: ((\result == -1) && (\forall integer i; (data % size) <= i < size ==> table[i] != -1)) || \forall integer i; (data % size) <= i <= \result ==> table[i] != -1;
*/
int _linear_probing_insert(int table[], int size, int data) {
    int index = data % size;

    /*@
        loop assigns index;
    */
    while (table[index] != -1 && index < size) {
        index = index + 1;
    }
    if (index == size) {
        return -1;
    }
    else if (table[index] == -1){
        table[index] = data;
        return index;
    }
}
------------------------
----------Prompt----------

/*@
    predicate hashtable(int* a, integer length, integer key, integer data) =
        \exists integer i; 0 <= i < length && 
        key == (data + i) % length &&
        a[(data + i) % length] == data && 
        (\forall integer key; 0 <= key < i ==> a[(data + i) % length] != (0 - 1));
*/

//@ lemma mod_property: \forall integer x, y; x > 0 && y > 0 ==> 0 <= x % y < y;

/*@
    requires \valid(table+(0..(size - 1)));
    requires size > 0;
    requires data > 0;
    assigns table[0..(size - 1)];
    ensures e_1: \result == -1 || table[\result] == data;
    ensures e_2: ((\result == -1) && (\forall integer i; (data % size) <= i < size ==> table[i] != -1)) || \forall integer i; (data % size) <= i <= \result ==> table[i] != -1;
*/
int _linear_probing_insert(int table[], int size, int data) {
    int index = data % size;

    // Loop A
    /*@
        [Hint] Please infer the loop invariant for the following loop.

        loop assigns index;
    */
    while (table[index] != -1 && index < size) {
        index = index + 1;
    }
    if (index == size) {
        return -1;
    }
    else if (table[index] == -1){
        table[index] = data;
        return index;
    }
}
You are an expert in program verification, and please generate loop invariant as C annotation comments at the hint location (annotated by "[Hint] Please infer the loop invariant for the following loop.") using ACSL language.
ACSL is a specification language for C programs that conforms to the design by contract paradigm, utilizing Hoare style pre- and postconditions and invariants. Note that the `loop invariant` clause is a condition that is true at the beginning and end of every loop iteration.
Specifically, for the current verification task:
    - Pre-condition: the function's `requires` clauses
    - Post-condition: e_1:\result == -1 || table[\result] == data; e_2:((\result == -1) && (\forall integer i; (data % size) <= i < size ==> table[i] != -1)) || \forall integer i; (data % size) <= i <= \result ==> table[i] != -1;; 
Please verify that the generated loop invariant is consistent with these constraints. If these specific pre- or post-conditions are not provided or empty, please infer the loop invariant strictly based on the program's execution logic and standard correctness.
In order to get a correct answer, You may want to consider both the situation of not entering the loop and the situation of jumping out of the loop. If some of the pre-conditions are also loop invariant, you need to add them to your answer as well.
Use '&&', '||', '==>', '\forall' or '\exists' if necessary. For instance:
```
loop invariant 1 <= x;
loop invariant x == y;
loop invariant 0 < x ==> y <= z;
loop invariant z % 2 == 1 || x == y;
loop invariant z % 2 == 1 && x <= y;
loop invariant \forall integer k;  0 <= k < i ==> max >=  a[k];
loop invariant \exists integer k;  0 <= k < i &&  max == a[k];
loop invariant \forall integer p; 0 <= p < \at(k, End_l) ==> res[p] == \at(res[p], End_l);
```
Your answer should follow the following format:
```
loop invariant ...;
loop invariant ...;
...
```
No explanation. No commentary. Just show me the loop invariant.
 /no_think
--------------------------
----------Response----------
[unused16][unused17]loop invariant index < size && table[index] == -1;
loop invariant index == data % size;
loop invariant 0 <= index < size;
loop invariant table[index] == -1 || size == 0;
```
----------------------------
------------Invariant Info-----------
LOOP A:
i_0: index < size && table[index] == -1
i_1: index == data % size
i_2: 0 <= index < size
i_3: table[index] == -1 || size == 0
------------------------------------
----------Code with Invariants----------
/*@
    predicate hashtable(int* a, integer length, integer key, integer data) =
        \exists integer i; 0 <= i < length && 
        key == (data + i) % length &&
        a[(data + i) % length] == data && 
        (\forall integer key; 0 <= key < i ==> a[(data + i) % length] != (0 - 1));
*/

//@ lemma mod_property: \forall integer x, y; x > 0 && y > 0 ==> 0 <= x % y < y;

/*@
    requires \valid(table+(0..(size - 1)));
    requires size > 0;
    requires data > 0;
    assigns table[0..(size - 1)];
    ensures e_1: \result == -1 || table[\result] == data;
    ensures e_2: ((\result == -1) && (\forall integer i; (data % size) <= i < size ==> table[i] != -1)) || \forall integer i; (data % size) <= i <= \result ==> table[i] != -1;
*/
int _linear_probing_insert(int table[], int size, int data) {
    int index = data % size;

    // Loop A
    /*@
        loop invariant i_0: index < size && table[index] == -1;

        loop invariant i_1: index == data % size;

        loop invariant i_2: 0 <= index < size;

        loop invariant i_3: table[index] == -1 || size == 0;


        loop assigns index;
    */
    while (table[index] != -1 && index < size) {
        index = index + 1;
    }
    if (index == size) {
        return -1;
    }
    else if (table[index] == -1){
        table[index] = data;
        return index;
    }
}
----------------------------------------
----------Begin Revise----------
-------------Establishment_requires: i_0: establishment---------------
----------Prompt----------

/*@
    predicate hashtable(int* a, integer length, integer key, integer data) =
        \exists integer i; 0 <= i < length && 
        key == (data + i) % length &&
        a[(data + i) % length] == data && 
        (\forall integer key; 0 <= key < i ==> a[(data + i) % length] != (0 - 1));
*/

//@ lemma mod_property: \forall integer x, y; x > 0 && y > 0 ==> 0 <= x % y < y;

/*@
    requires \valid(table+(0..(size - 1)));
    requires size > 0;
    requires data > 0;
    assigns table[0..(size - 1)];
    ensures e_1: \result == -1 || table[\result] == data;
    ensures e_2: ((\result == -1) && (\forall integer i; (data % size) <= i < size ==> table[i] != -1)) || \forall integer i; (data % size) <= i <= \result ==> table[i] != -1;
*/
int _linear_probing_insert(int table[], int size, int data) {
    int index = data % size;

    // Loop A
    /*@
        [Hint] Loop invariant index < size && table[index] == -1 too strong initially. Relax it.

        loop invariant i_0: index < size && table[index] == -1;

        loop invariant i_1: index == data % size;

        loop invariant i_2: 0 <= index < size;

        loop invariant i_3: table[index] == -1 || size == 0;


        loop assigns index;
    */
    while (table[index] != -1 && index < size) {
        index = index + 1;
    }
    if (index == size) {
        return -1;
    }
    else if (table[index] == -1){
        table[index] = data;
        return index;
    }
}
You are an expert in deductive program verification using ACSL and Frama-C.
The following loop invariant of the loop labeled "A" cannot be established from the function's `requires` clauses:
[Unprovable Initial Invariant] index < size && table[index] == -1
This means the loop invariant is too strong at the loop entry, violating the establishment condition of loop correctness.  
Your task is to relax or weaken the loop invariant at the position marked by: "[Hint] Loop invariant too strong initially. Relax it."
IMPORTANT RULES:
1. The relaxed invariants must still hold:
   - Establishment: They must be provable solely from the function's requires clauses and the program state before entering the loop.
   - Preservation: after executing the loop body exactly once, the invariant still holds.
   - Zero-iteration case: the invariant is valid even if the loop never executes.
2. Do NOT restate or print any of the existing loop invariants.  
   Only output the modified (weakened) invariants necessary to make the establishment step succeed.
3. Your answer must be solely in the form:
   ```
   loop invariant ...;
   loop invariant ...;
   ...
   ```
4. All invariants must follow ACSL syntax and be valid loop invariants.
5. No explanation. No commentary. Just show me the loop invariant.
 /no_think
--------------------------
----------Response----------
[unused16][unused17]```
loop invariant index < size && table[index] == -1;
loop invariant index == data % size;
loop invariant 0 <= index < size;
loop invariant table[index] == -1 || size == 0;
```
----------------------------
--------------------------------
------------Invariant Info-----------
LOOP A:
i_0: index < size && table[index] == -1
i_1: index == data % size
i_2: 0 <= index < size
i_3: table[index] == -1 || size == 0
------------------------------------
----------Code with Invariants----------
/*@
    predicate hashtable(int* a, integer length, integer key, integer data) =
        \exists integer i; 0 <= i < length && 
        key == (data + i) % length &&
        a[(data + i) % length] == data && 
        (\forall integer key; 0 <= key < i ==> a[(data + i) % length] != (0 - 1));
*/

//@ lemma mod_property: \forall integer x, y; x > 0 && y > 0 ==> 0 <= x % y < y;

/*@
    requires \valid(table+(0..(size - 1)));
    requires size > 0;
    requires data > 0;
    assigns table[0..(size - 1)];
    ensures e_1: \result == -1 || table[\result] == data;
    ensures e_2: ((\result == -1) && (\forall integer i; (data % size) <= i < size ==> table[i] != -1)) || \forall integer i; (data % size) <= i <= \result ==> table[i] != -1;
*/
int _linear_probing_insert(int table[], int size, int data) {
    int index = data % size;

    // Loop A
    /*@
        loop invariant i_0: index < size && table[index] == -1;

        loop invariant i_1: index == data % size;

        loop invariant i_2: 0 <= index < size;

        loop invariant i_3: table[index] == -1 || size == 0;


        loop assigns index;
    */
    while (table[index] != -1 && index < size) {
        index = index + 1;
    }
    if (index == size) {
        return -1;
    }
    else if (table[index] == -1){
        table[index] = data;
        return index;
    }
}
----------------------------------------
----------Begin Revise----------
-------------Establishment_requires: i_0: establishment---------------
----------Prompt----------

/*@
    predicate hashtable(int* a, integer length, integer key, integer data) =
        \exists integer i; 0 <= i < length && 
        key == (data + i) % length &&
        a[(data + i) % length] == data && 
        (\forall integer key; 0 <= key < i ==> a[(data + i) % length] != (0 - 1));
*/

//@ lemma mod_property: \forall integer x, y; x > 0 && y > 0 ==> 0 <= x % y < y;

/*@
    requires \valid(table+(0..(size - 1)));
    requires size > 0;
    requires data > 0;
    assigns table[0..(size - 1)];
    ensures e_1: \result == -1 || table[\result] == data;
    ensures e_2: ((\result == -1) && (\forall integer i; (data % size) <= i < size ==> table[i] != -1)) || \forall integer i; (data % size) <= i <= \result ==> table[i] != -1;
*/
int _linear_probing_insert(int table[], int size, int data) {
    int index = data % size;

    // Loop A
    /*@
        [Hint] Loop invariant index < size && table[index] == -1 too strong initially. Relax it.

        loop invariant i_0: index < size && table[index] == -1;

        loop invariant i_1: index == data % size;

        loop invariant i_2: 0 <= index < size;

        loop invariant i_3: table[index] == -1 || size == 0;


        loop assigns index;
    */
    while (table[index] != -1 && index < size) {
        index = index + 1;
    }
    if (index == size) {
        return -1;
    }
    else if (table[index] == -1){
        table[index] = data;
        return index;
    }
}
You are an expert in deductive program verification using ACSL and Frama-C.
The following loop invariant of the loop labeled "A" cannot be established from the function's `requires` clauses:
[Unprovable Initial Invariant] index < size && table[index] == -1
This means the loop invariant is too strong at the loop entry, violating the establishment condition of loop correctness.  
Your task is to relax or weaken the loop invariant at the position marked by: "[Hint] Loop invariant too strong initially. Relax it."
IMPORTANT RULES:
1. The relaxed invariants must still hold:
   - Establishment: They must be provable solely from the function's requires clauses and the program state before entering the loop.
   - Preservation: after executing the loop body exactly once, the invariant still holds.
   - Zero-iteration case: the invariant is valid even if the loop never executes.
2. Do NOT restate or print any of the existing loop invariants.  
   Only output the modified (weakened) invariants necessary to make the establishment step succeed.
3. Your answer must be solely in the form:
   ```
   loop invariant ...;
   loop invariant ...;
   ...
   ```
4. All invariants must follow ACSL syntax and be valid loop invariants.
5. No explanation. No commentary. Just show me the loop invariant.
 /no_think
--------------------------
----------Response----------
[unused16][unused17]```
loop invariant index < size && table[index] == -1;
loop invariant index == data % size;
loop invariant 0 <= index < size;
loop invariant table[index] == -1 || size == 0;
```
----------------------------
--------------------------------
------------Invariant Info-----------
LOOP A:
i_0: index < size && table[index] == -1
i_1: index == data % size
i_2: 0 <= index < size
i_3: table[index] == -1 || size == 0
------------------------------------
----------Code with Invariants----------
/*@
    predicate hashtable(int* a, integer length, integer key, integer data) =
        \exists integer i; 0 <= i < length && 
        key == (data + i) % length &&
        a[(data + i) % length] == data && 
        (\forall integer key; 0 <= key < i ==> a[(data + i) % length] != (0 - 1));
*/

//@ lemma mod_property: \forall integer x, y; x > 0 && y > 0 ==> 0 <= x % y < y;

/*@
    requires \valid(table+(0..(size - 1)));
    requires size > 0;
    requires data > 0;
    assigns table[0..(size - 1)];
    ensures e_1: \result == -1 || table[\result] == data;
    ensures e_2: ((\result == -1) && (\forall integer i; (data % size) <= i < size ==> table[i] != -1)) || \forall integer i; (data % size) <= i <= \result ==> table[i] != -1;
*/
int _linear_probing_insert(int table[], int size, int data) {
    int index = data % size;

    // Loop A
    /*@
        loop invariant i_0: index < size && table[index] == -1;

        loop invariant i_1: index == data % size;

        loop invariant i_2: 0 <= index < size;

        loop invariant i_3: table[index] == -1 || size == 0;


        loop assigns index;
    */
    while (table[index] != -1 && index < size) {
        index = index + 1;
    }
    if (index == size) {
        return -1;
    }
    else if (table[index] == -1){
        table[index] = data;
        return index;
    }
}
----------------------------------------
----------Begin Revise----------
-------------Establishment_requires: i_0: establishment---------------
----------Prompt----------

/*@
    predicate hashtable(int* a, integer length, integer key, integer data) =
        \exists integer i; 0 <= i < length && 
        key == (data + i) % length &&
        a[(data + i) % length] == data && 
        (\forall integer key; 0 <= key < i ==> a[(data + i) % length] != (0 - 1));
*/

//@ lemma mod_property: \forall integer x, y; x > 0 && y > 0 ==> 0 <= x % y < y;

/*@
    requires \valid(table+(0..(size - 1)));
    requires size > 0;
    requires data > 0;
    assigns table[0..(size - 1)];
    ensures e_1: \result == -1 || table[\result] == data;
    ensures e_2: ((\result == -1) && (\forall integer i; (data % size) <= i < size ==> table[i] != -1)) || \forall integer i; (data % size) <= i <= \result ==> table[i] != -1;
*/
int _linear_probing_insert(int table[], int size, int data) {
    int index = data % size;

    // Loop A
    /*@
        [Hint] Loop invariant index < size && table[index] == -1 too strong initially. Relax it.

        loop invariant i_0: index < size && table[index] == -1;

        loop invariant i_1: index == data % size;

        loop invariant i_2: 0 <= index < size;

        loop invariant i_3: table[index] == -1 || size == 0;


        loop assigns index;
    */
    while (table[index] != -1 && index < size) {
        index = index + 1;
    }
    if (index == size) {
        return -1;
    }
    else if (table[index] == -1){
        table[index] = data;
        return index;
    }
}
You are an expert in deductive program verification using ACSL and Frama-C.
The following loop invariant of the loop labeled "A" cannot be established from the function's `requires` clauses:
[Unprovable Initial Invariant] index < size && table[index] == -1
This means the loop invariant is too strong at the loop entry, violating the establishment condition of loop correctness.  
Your task is to relax or weaken the loop invariant at the position marked by: "[Hint] Loop invariant too strong initially. Relax it."
IMPORTANT RULES:
1. The relaxed invariants must still hold:
   - Establishment: They must be provable solely from the function's requires clauses and the program state before entering the loop.
   - Preservation: after executing the loop body exactly once, the invariant still holds.
   - Zero-iteration case: the invariant is valid even if the loop never executes.
2. Do NOT restate or print any of the existing loop invariants.  
   Only output the modified (weakened) invariants necessary to make the establishment step succeed.
3. Your answer must be solely in the form:
   ```
   loop invariant ...;
   loop invariant ...;
   ...
   ```
4. All invariants must follow ACSL syntax and be valid loop invariants.
5. No explanation. No commentary. Just show me the loop invariant.
 /no_think
--------------------------
----------Response----------
[unused16][unused17]```
loop invariant i_0: index < size;
loop invariant i_1: index == data % size;
loop invariant i_2: 0 <= index < size;
```
----------------------------
--------------------------------
------------Invariant Info-----------
LOOP A:
i_0: index < size && table[index] == -1
i_1: index == data % size
i_2: 0 <= index < size
i_3: table[index] == -1 || size == 0
i_4: index < size
------------------------------------
----------Code with Invariants----------
/*@
    predicate hashtable(int* a, integer length, integer key, integer data) =
        \exists integer i; 0 <= i < length && 
        key == (data + i) % length &&
        a[(data + i) % length] == data && 
        (\forall integer key; 0 <= key < i ==> a[(data + i) % length] != (0 - 1));
*/

//@ lemma mod_property: \forall integer x, y; x > 0 && y > 0 ==> 0 <= x % y < y;

/*@
    requires \valid(table+(0..(size - 1)));
    requires size > 0;
    requires data > 0;
    assigns table[0..(size - 1)];
    ensures e_1: \result == -1 || table[\result] == data;
    ensures e_2: ((\result == -1) && (\forall integer i; (data % size) <= i < size ==> table[i] != -1)) || \forall integer i; (data % size) <= i <= \result ==> table[i] != -1;
*/
int _linear_probing_insert(int table[], int size, int data) {
    int index = data % size;

    // Loop A
    /*@
        loop invariant i_0: index < size && table[index] == -1;

        loop invariant i_1: index == data % size;

        loop invariant i_2: 0 <= index < size;

        loop invariant i_3: table[index] == -1 || size == 0;

        loop invariant i_4: index < size;


        loop assigns index;
    */
    while (table[index] != -1 && index < size) {
        index = index + 1;
    }
    if (index == size) {
        return -1;
    }
    else if (table[index] == -1){
        table[index] = data;
        return index;
    }
}
----------------------------------------
----------Begin Revise----------
-------------Establishment_requires: i_0: establishment---------------
----------Prompt----------

/*@
    predicate hashtable(int* a, integer length, integer key, integer data) =
        \exists integer i; 0 <= i < length && 
        key == (data + i) % length &&
        a[(data + i) % length] == data && 
        (\forall integer key; 0 <= key < i ==> a[(data + i) % length] != (0 - 1));
*/

//@ lemma mod_property: \forall integer x, y; x > 0 && y > 0 ==> 0 <= x % y < y;

/*@
    requires \valid(table+(0..(size - 1)));
    requires size > 0;
    requires data > 0;
    assigns table[0..(size - 1)];
    ensures e_1: \result == -1 || table[\result] == data;
    ensures e_2: ((\result == -1) && (\forall integer i; (data % size) <= i < size ==> table[i] != -1)) || \forall integer i; (data % size) <= i <= \result ==> table[i] != -1;
*/
int _linear_probing_insert(int table[], int size, int data) {
    int index = data % size;

    // Loop A
    /*@
        [Hint] Loop invariant index < size && table[index] == -1 too strong initially. Relax it.

        loop invariant i_0: index < size && table[index] == -1;

        loop invariant i_1: index == data % size;

        loop invariant i_2: 0 <= index < size;

        loop invariant i_3: table[index] == -1 || size == 0;

        loop invariant i_4: index < size;


        loop assigns index;
    */
    while (table[index] != -1 && index < size) {
        index = index + 1;
    }
    if (index == size) {
        return -1;
    }
    else if (table[index] == -1){
        table[index] = data;
        return index;
    }
}
You are an expert in deductive program verification using ACSL and Frama-C.
The following loop invariant of the loop labeled "A" cannot be established from the function's `requires` clauses:
[Unprovable Initial Invariant] index < size && table[index] == -1
This means the loop invariant is too strong at the loop entry, violating the establishment condition of loop correctness.  
Your task is to relax or weaken the loop invariant at the position marked by: "[Hint] Loop invariant too strong initially. Relax it."
IMPORTANT RULES:
1. The relaxed invariants must still hold:
   - Establishment: They must be provable solely from the function's requires clauses and the program state before entering the loop.
   - Preservation: after executing the loop body exactly once, the invariant still holds.
   - Zero-iteration case: the invariant is valid even if the loop never executes.
2. Do NOT restate or print any of the existing loop invariants.  
   Only output the modified (weakened) invariants necessary to make the establishment step succeed.
3. Your answer must be solely in the form:
   ```
   loop invariant ...;
   loop invariant ...;
   ...
   ```
4. All invariants must follow ACSL syntax and be valid loop invariants.
5. No explanation. No commentary. Just show me the loop invariant.
 /no_think
--------------------------
----------Response----------
[unused16][unused17]```
loop invariant index < size && table[index] == -1;
loop invariant index == data % size;
loop invariant 0 <= index < size;
loop invariant index < size;
```
----------------------------
--------------------------------
------------Invariant Info-----------
LOOP A:
i_0: index < size && table[index] == -1
i_1: index == data % size
i_2: 0 <= index < size
i_3: table[index] == -1 || size == 0
i_4: index < size
------------------------------------
----------Code with Invariants----------
/*@
    predicate hashtable(int* a, integer length, integer key, integer data) =
        \exists integer i; 0 <= i < length && 
        key == (data + i) % length &&
        a[(data + i) % length] == data && 
        (\forall integer key; 0 <= key < i ==> a[(data + i) % length] != (0 - 1));
*/

//@ lemma mod_property: \forall integer x, y; x > 0 && y > 0 ==> 0 <= x % y < y;

/*@
    requires \valid(table+(0..(size - 1)));
    requires size > 0;
    requires data > 0;
    assigns table[0..(size - 1)];
    ensures e_1: \result == -1 || table[\result] == data;
    ensures e_2: ((\result == -1) && (\forall integer i; (data % size) <= i < size ==> table[i] != -1)) || \forall integer i; (data % size) <= i <= \result ==> table[i] != -1;
*/
int _linear_probing_insert(int table[], int size, int data) {
    int index = data % size;

    // Loop A
    /*@
        loop invariant i_0: index < size && table[index] == -1;

        loop invariant i_1: index == data % size;

        loop invariant i_2: 0 <= index < size;

        loop invariant i_3: table[index] == -1 || size == 0;

        loop invariant i_4: index < size;


        loop assigns index;
    */
    while (table[index] != -1 && index < size) {
        index = index + 1;
    }
    if (index == size) {
        return -1;
    }
    else if (table[index] == -1){
        table[index] = data;
        return index;
    }
}
----------------------------------------
----------Begin Revise----------
-------------Establishment_requires: i_0: establishment---------------
----------Prompt----------

/*@
    predicate hashtable(int* a, integer length, integer key, integer data) =
        \exists integer i; 0 <= i < length && 
        key == (data + i) % length &&
        a[(data + i) % length] == data && 
        (\forall integer key; 0 <= key < i ==> a[(data + i) % length] != (0 - 1));
*/

//@ lemma mod_property: \forall integer x, y; x > 0 && y > 0 ==> 0 <= x % y < y;

/*@
    requires \valid(table+(0..(size - 1)));
    requires size > 0;
    requires data > 0;
    assigns table[0..(size - 1)];
    ensures e_1: \result == -1 || table[\result] == data;
    ensures e_2: ((\result == -1) && (\forall integer i; (data % size) <= i < size ==> table[i] != -1)) || \forall integer i; (data % size) <= i <= \result ==> table[i] != -1;
*/
int _linear_probing_insert(int table[], int size, int data) {
    int index = data % size;

    // Loop A
    /*@
        [Hint] Loop invariant index < size && table[index] == -1 too strong initially. Relax it.

        loop invariant i_0: index < size && table[index] == -1;

        loop invariant i_1: index == data % size;

        loop invariant i_2: 0 <= index < size;

        loop invariant i_3: table[index] == -1 || size == 0;

        loop invariant i_4: index < size;


        loop assigns index;
    */
    while (table[index] != -1 && index < size) {
        index = index + 1;
    }
    if (index == size) {
        return -1;
    }
    else if (table[index] == -1){
        table[index] = data;
        return index;
    }
}
You are an expert in deductive program verification using ACSL and Frama-C.
The following loop invariant of the loop labeled "A" cannot be established from the function's `requires` clauses:
[Unprovable Initial Invariant] index < size && table[index] == -1
This means the loop invariant is too strong at the loop entry, violating the establishment condition of loop correctness.  
Your task is to relax or weaken the loop invariant at the position marked by: "[Hint] Loop invariant too strong initially. Relax it."
IMPORTANT RULES:
1. The relaxed invariants must still hold:
   - Establishment: They must be provable solely from the function's requires clauses and the program state before entering the loop.
   - Preservation: after executing the loop body exactly once, the invariant still holds.
   - Zero-iteration case: the invariant is valid even if the loop never executes.
2. Do NOT restate or print any of the existing loop invariants.  
   Only output the modified (weakened) invariants necessary to make the establishment step succeed.
3. Your answer must be solely in the form:
   ```
   loop invariant ...;
   loop invariant ...;
   ...
   ```
4. All invariants must follow ACSL syntax and be valid loop invariants.
5. No explanation. No commentary. Just show me the loop invariant.
 /no_think
--------------------------
----------Response----------
[unused16][unused17]```
loop invariant index < size && table[index] == -1;
loop invariant index == data % size;
loop invariant 0 <= index < size;
loop invariant table[index] == -1 || size == 0;
```
----------------------------
--------------------------------
------------Invariant Info-----------
LOOP A:
i_0: index < size && table[index] == -1
i_1: index == data % size
i_2: 0 <= index < size
i_3: table[index] == -1 || size == 0
i_4: index < size
------------------------------------
----------Code with Invariants----------
/*@
    predicate hashtable(int* a, integer length, integer key, integer data) =
        \exists integer i; 0 <= i < length && 
        key == (data + i) % length &&
        a[(data + i) % length] == data && 
        (\forall integer key; 0 <= key < i ==> a[(data + i) % length] != (0 - 1));
*/

//@ lemma mod_property: \forall integer x, y; x > 0 && y > 0 ==> 0 <= x % y < y;

/*@
    requires \valid(table+(0..(size - 1)));
    requires size > 0;
    requires data > 0;
    assigns table[0..(size - 1)];
    ensures e_1: \result == -1 || table[\result] == data;
    ensures e_2: ((\result == -1) && (\forall integer i; (data % size) <= i < size ==> table[i] != -1)) || \forall integer i; (data % size) <= i <= \result ==> table[i] != -1;
*/
int _linear_probing_insert(int table[], int size, int data) {
    int index = data % size;

    // Loop A
    /*@
        loop invariant i_0: index < size && table[index] == -1;

        loop invariant i_1: index == data % size;

        loop invariant i_2: 0 <= index < size;

        loop invariant i_3: table[index] == -1 || size == 0;

        loop invariant i_4: index < size;


        loop assigns index;
    */
    while (table[index] != -1 && index < size) {
        index = index + 1;
    }
    if (index == size) {
        return -1;
    }
    else if (table[index] == -1){
        table[index] = data;
        return index;
    }
}
----------------------------------------
----------Begin Revise----------
-------------Establishment_requires: i_0: establishment---------------
----------Prompt----------

/*@
    predicate hashtable(int* a, integer length, integer key, integer data) =
        \exists integer i; 0 <= i < length && 
        key == (data + i) % length &&
        a[(data + i) % length] == data && 
        (\forall integer key; 0 <= key < i ==> a[(data + i) % length] != (0 - 1));
*/

//@ lemma mod_property: \forall integer x, y; x > 0 && y > 0 ==> 0 <= x % y < y;

/*@
    requires \valid(table+(0..(size - 1)));
    requires size > 0;
    requires data > 0;
    assigns table[0..(size - 1)];
    ensures e_1: \result == -1 || table[\result] == data;
    ensures e_2: ((\result == -1) && (\forall integer i; (data % size) <= i < size ==> table[i] != -1)) || \forall integer i; (data % size) <= i <= \result ==> table[i] != -1;
*/
int _linear_probing_insert(int table[], int size, int data) {
    int index = data % size;

    // Loop A
    /*@
        [Hint] Loop invariant index < size && table[index] == -1 too strong initially. Relax it.

        loop invariant i_0: index < size && table[index] == -1;

        loop invariant i_1: index == data % size;

        loop invariant i_2: 0 <= index < size;

        loop invariant i_3: table[index] == -1 || size == 0;

        loop invariant i_4: index < size;


        loop assigns index;
    */
    while (table[index] != -1 && index < size) {
        index = index + 1;
    }
    if (index == size) {
        return -1;
    }
    else if (table[index] == -1){
        table[index] = data;
        return index;
    }
}
You are an expert in deductive program verification using ACSL and Frama-C.
The following loop invariant of the loop labeled "A" cannot be established from the function's `requires` clauses:
[Unprovable Initial Invariant] index < size && table[index] == -1
This means the loop invariant is too strong at the loop entry, violating the establishment condition of loop correctness.  
Your task is to relax or weaken the loop invariant at the position marked by: "[Hint] Loop invariant too strong initially. Relax it."
IMPORTANT RULES:
1. The relaxed invariants must still hold:
   - Establishment: They must be provable solely from the function's requires clauses and the program state before entering the loop.
   - Preservation: after executing the loop body exactly once, the invariant still holds.
   - Zero-iteration case: the invariant is valid even if the loop never executes.
2. Do NOT restate or print any of the existing loop invariants.  
   Only output the modified (weakened) invariants necessary to make the establishment step succeed.
3. Your answer must be solely in the form:
   ```
   loop invariant ...;
   loop invariant ...;
   ...
   ```
4. All invariants must follow ACSL syntax and be valid loop invariants.
5. No explanation. No commentary. Just show me the loop invariant.
 /no_think
--------------------------
----------Response----------
[unused16][unused17]```
loop invariant index < size;
loop invariant table[index] == -1 || size == 0;
```
----------------------------
--------------------------------
------------Invariant Info-----------
LOOP A:
i_0: index < size && table[index] == -1
i_1: index == data % size
i_2: 0 <= index < size
i_3: table[index] == -1 || size == 0
i_4: index < size
------------------------------------
----------Code with Invariants----------
/*@
    predicate hashtable(int* a, integer length, integer key, integer data) =
        \exists integer i; 0 <= i < length && 
        key == (data + i) % length &&
        a[(data + i) % length] == data && 
        (\forall integer key; 0 <= key < i ==> a[(data + i) % length] != (0 - 1));
*/

//@ lemma mod_property: \forall integer x, y; x > 0 && y > 0 ==> 0 <= x % y < y;

/*@
    requires \valid(table+(0..(size - 1)));
    requires size > 0;
    requires data > 0;
    assigns table[0..(size - 1)];
    ensures e_1: \result == -1 || table[\result] == data;
    ensures e_2: ((\result == -1) && (\forall integer i; (data % size) <= i < size ==> table[i] != -1)) || \forall integer i; (data % size) <= i <= \result ==> table[i] != -1;
*/
int _linear_probing_insert(int table[], int size, int data) {
    int index = data % size;

    // Loop A
    /*@
        loop invariant i_0: index < size && table[index] == -1;

        loop invariant i_1: index == data % size;

        loop invariant i_2: 0 <= index < size;

        loop invariant i_3: table[index] == -1 || size == 0;

        loop invariant i_4: index < size;


        loop assigns index;
    */
    while (table[index] != -1 && index < size) {
        index = index + 1;
    }
    if (index == size) {
        return -1;
    }
    else if (table[index] == -1){
        table[index] = data;
        return index;
    }
}
----------------------------------------
----------Begin Revise----------
--------------------------------
------------Invariant Info-----------
LOOP A:
i_1: index == data % size
i_2: 0 <= index < size
i_3: table[index] == -1 || size == 0
i_4: index < size
------------------------------------
----------Code with Invariants----------
/*@
    predicate hashtable(int* a, integer length, integer key, integer data) =
        \exists integer i; 0 <= i < length && 
        key == (data + i) % length &&
        a[(data + i) % length] == data && 
        (\forall integer key; 0 <= key < i ==> a[(data + i) % length] != (0 - 1));
*/

//@ lemma mod_property: \forall integer x, y; x > 0 && y > 0 ==> 0 <= x % y < y;

/*@
    requires \valid(table+(0..(size - 1)));
    requires size > 0;
    requires data > 0;
    assigns table[0..(size - 1)];
    ensures e_1: \result == -1 || table[\result] == data;
    ensures e_2: ((\result == -1) && (\forall integer i; (data % size) <= i < size ==> table[i] != -1)) || \forall integer i; (data % size) <= i <= \result ==> table[i] != -1;
*/
int _linear_probing_insert(int table[], int size, int data) {
    int index = data % size;

    // Loop A
    /*@
        loop invariant i_1: index == data % size;

        loop invariant i_2: 0 <= index < size;

        loop invariant i_3: table[index] == -1 || size == 0;

        loop invariant i_4: index < size;


        loop assigns index;
    */
    while (table[index] != -1 && index < size) {
        index = index + 1;
    }
    if (index == size) {
        return -1;
    }
    else if (table[index] == -1){
        table[index] = data;
        return index;
    }
}
----------------------------------------
----------Begin Revise----------
-------------Establishment_requires: i_3: establishment---------------
----------Prompt----------

/*@
    predicate hashtable(int* a, integer length, integer key, integer data) =
        \exists integer i; 0 <= i < length && 
        key == (data + i) % length &&
        a[(data + i) % length] == data && 
        (\forall integer key; 0 <= key < i ==> a[(data + i) % length] != (0 - 1));
*/

//@ lemma mod_property: \forall integer x, y; x > 0 && y > 0 ==> 0 <= x % y < y;

/*@
    requires \valid(table+(0..(size - 1)));
    requires size > 0;
    requires data > 0;
    assigns table[0..(size - 1)];
    ensures e_1: \result == -1 || table[\result] == data;
    ensures e_2: ((\result == -1) && (\forall integer i; (data % size) <= i < size ==> table[i] != -1)) || \forall integer i; (data % size) <= i <= \result ==> table[i] != -1;
*/
int _linear_probing_insert(int table[], int size, int data) {
    int index = data % size;

    // Loop A
    /*@
        [Hint] Loop invariant table[index] == -1 || size == 0 too strong initially. Relax it.

        loop invariant i_1: index == data % size;

        loop invariant i_2: 0 <= index < size;

        loop invariant i_3: table[index] == -1 || size == 0;

        loop invariant i_4: index < size;


        loop assigns index;
    */
    while (table[index] != -1 && index < size) {
        index = index + 1;
    }
    if (index == size) {
        return -1;
    }
    else if (table[index] == -1){
        table[index] = data;
        return index;
    }
}
You are an expert in deductive program verification using ACSL and Frama-C.
The following loop invariant of the loop labeled "A" cannot be established from the function's `requires` clauses:
[Unprovable Initial Invariant] table[index] == -1 || size == 0
This means the loop invariant is too strong at the loop entry, violating the establishment condition of loop correctness.  
Your task is to relax or weaken the loop invariant at the position marked by: "[Hint] Loop invariant too strong initially. Relax it."
IMPORTANT RULES:
1. The relaxed invariants must still hold:
   - Establishment: They must be provable solely from the function's requires clauses and the program state before entering the loop.
   - Preservation: after executing the loop body exactly once, the invariant still holds.
   - Zero-iteration case: the invariant is valid even if the loop never executes.
2. Do NOT restate or print any of the existing loop invariants.  
   Only output the modified (weakened) invariants necessary to make the establishment step succeed.
3. Your answer must be solely in the form:
   ```
   loop invariant ...;
   loop invariant ...;
   ...
   ```
4. All invariants must follow ACSL syntax and be valid loop invariants.
5. No explanation. No commentary. Just show me the loop invariant.
 /no_think
--------------------------
----------Response----------
[unused16][unused17]```
loop invariant i_1: index == data % size;
loop invariant i_2: 0 <= index < size;
```
----------------------------
--------------------------------
------------Invariant Info-----------
LOOP A:
i_1: index == data % size
i_2: 0 <= index < size
i_3: table[index] == -1 || size == 0
i_4: index < size
------------------------------------
----------Code with Invariants----------
/*@
    predicate hashtable(int* a, integer length, integer key, integer data) =
        \exists integer i; 0 <= i < length && 
        key == (data + i) % length &&
        a[(data + i) % length] == data && 
        (\forall integer key; 0 <= key < i ==> a[(data + i) % length] != (0 - 1));
*/

//@ lemma mod_property: \forall integer x, y; x > 0 && y > 0 ==> 0 <= x % y < y;

/*@
    requires \valid(table+(0..(size - 1)));
    requires size > 0;
    requires data > 0;
    assigns table[0..(size - 1)];
    ensures e_1: \result == -1 || table[\result] == data;
    ensures e_2: ((\result == -1) && (\forall integer i; (data % size) <= i < size ==> table[i] != -1)) || \forall integer i; (data % size) <= i <= \result ==> table[i] != -1;
*/
int _linear_probing_insert(int table[], int size, int data) {
    int index = data % size;

    // Loop A
    /*@
        loop invariant i_1: index == data % size;

        loop invariant i_2: 0 <= index < size;

        loop invariant i_3: table[index] == -1 || size == 0;

        loop invariant i_4: index < size;


        loop assigns index;
    */
    while (table[index] != -1 && index < size) {
        index = index + 1;
    }
    if (index == size) {
        return -1;
    }
    else if (table[index] == -1){
        table[index] = data;
        return index;
    }
}
----------------------------------------
----------Begin Revise----------
-------------Establishment_requires: i_3: establishment---------------
----------Prompt----------

/*@
    predicate hashtable(int* a, integer length, integer key, integer data) =
        \exists integer i; 0 <= i < length && 
        key == (data + i) % length &&
        a[(data + i) % length] == data && 
        (\forall integer key; 0 <= key < i ==> a[(data + i) % length] != (0 - 1));
*/

//@ lemma mod_property: \forall integer x, y; x > 0 && y > 0 ==> 0 <= x % y < y;

/*@
    requires \valid(table+(0..(size - 1)));
    requires size > 0;
    requires data > 0;
    assigns table[0..(size - 1)];
    ensures e_1: \result == -1 || table[\result] == data;
    ensures e_2: ((\result == -1) && (\forall integer i; (data % size) <= i < size ==> table[i] != -1)) || \forall integer i; (data % size) <= i <= \result ==> table[i] != -1;
*/
int _linear_probing_insert(int table[], int size, int data) {
    int index = data % size;

    // Loop A
    /*@
        [Hint] Loop invariant table[index] == -1 || size == 0 too strong initially. Relax it.

        loop invariant i_1: index == data % size;

        loop invariant i_2: 0 <= index < size;

        loop invariant i_3: table[index] == -1 || size == 0;

        loop invariant i_4: index < size;


        loop assigns index;
    */
    while (table[index] != -1 && index < size) {
        index = index + 1;
    }
    if (index == size) {
        return -1;
    }
    else if (table[index] == -1){
        table[index] = data;
        return index;
    }
}
You are an expert in deductive program verification using ACSL and Frama-C.
The following loop invariant of the loop labeled "A" cannot be established from the function's `requires` clauses:
[Unprovable Initial Invariant] table[index] == -1 || size == 0
This means the loop invariant is too strong at the loop entry, violating the establishment condition of loop correctness.  
Your task is to relax or weaken the loop invariant at the position marked by: "[Hint] Loop invariant too strong initially. Relax it."
IMPORTANT RULES:
1. The relaxed invariants must still hold:
   - Establishment: They must be provable solely from the function's requires clauses and the program state before entering the loop.
   - Preservation: after executing the loop body exactly once, the invariant still holds.
   - Zero-iteration case: the invariant is valid even if the loop never executes.
2. Do NOT restate or print any of the existing loop invariants.  
   Only output the modified (weakened) invariants necessary to make the establishment step succeed.
3. Your answer must be solely in the form:
   ```
   loop invariant ...;
   loop invariant ...;
   ...
   ```
4. All invariants must follow ACSL syntax and be valid loop invariants.
5. No explanation. No commentary. Just show me the loop invariant.
 /no_think
--------------------------
----------Response----------
[unused16][unused17]```
loop invariant index == data % size;
loop invariant 0 <= index < size;
loop invariant index < size;
```
----------------------------
--------------------------------
------------Invariant Info-----------
LOOP A:
i_1: index == data % size
i_2: 0 <= index < size
i_3: table[index] == -1 || size == 0
i_4: index < size
------------------------------------
----------Code with Invariants----------
/*@
    predicate hashtable(int* a, integer length, integer key, integer data) =
        \exists integer i; 0 <= i < length && 
        key == (data + i) % length &&
        a[(data + i) % length] == data && 
        (\forall integer key; 0 <= key < i ==> a[(data + i) % length] != (0 - 1));
*/

//@ lemma mod_property: \forall integer x, y; x > 0 && y > 0 ==> 0 <= x % y < y;

/*@
    requires \valid(table+(0..(size - 1)));
    requires size > 0;
    requires data > 0;
    assigns table[0..(size - 1)];
    ensures e_1: \result == -1 || table[\result] == data;
    ensures e_2: ((\result == -1) && (\forall integer i; (data % size) <= i < size ==> table[i] != -1)) || \forall integer i; (data % size) <= i <= \result ==> table[i] != -1;
*/
int _linear_probing_insert(int table[], int size, int data) {
    int index = data % size;

    // Loop A
    /*@
        loop invariant i_1: index == data % size;

        loop invariant i_2: 0 <= index < size;

        loop invariant i_3: table[index] == -1 || size == 0;

        loop invariant i_4: index < size;


        loop assigns index;
    */
    while (table[index] != -1 && index < size) {
        index = index + 1;
    }
    if (index == size) {
        return -1;
    }
    else if (table[index] == -1){
        table[index] = data;
        return index;
    }
}
----------------------------------------
----------Begin Revise----------
-------------Establishment_requires: i_3: establishment---------------
----------Prompt----------

/*@
    predicate hashtable(int* a, integer length, integer key, integer data) =
        \exists integer i; 0 <= i < length && 
        key == (data + i) % length &&
        a[(data + i) % length] == data && 
        (\forall integer key; 0 <= key < i ==> a[(data + i) % length] != (0 - 1));
*/

//@ lemma mod_property: \forall integer x, y; x > 0 && y > 0 ==> 0 <= x % y < y;

/*@
    requires \valid(table+(0..(size - 1)));
    requires size > 0;
    requires data > 0;
    assigns table[0..(size - 1)];
    ensures e_1: \result == -1 || table[\result] == data;
    ensures e_2: ((\result == -1) && (\forall integer i; (data % size) <= i < size ==> table[i] != -1)) || \forall integer i; (data % size) <= i <= \result ==> table[i] != -1;
*/
int _linear_probing_insert(int table[], int size, int data) {
    int index = data % size;

    // Loop A
    /*@
        [Hint] Loop invariant table[index] == -1 || size == 0 too strong initially. Relax it.

        loop invariant i_1: index == data % size;

        loop invariant i_2: 0 <= index < size;

        loop invariant i_3: table[index] == -1 || size == 0;

        loop invariant i_4: index < size;


        loop assigns index;
    */
    while (table[index] != -1 && index < size) {
        index = index + 1;
    }
    if (index == size) {
        return -1;
    }
    else if (table[index] == -1){
        table[index] = data;
        return index;
    }
}
You are an expert in deductive program verification using ACSL and Frama-C.
The following loop invariant of the loop labeled "A" cannot be established from the function's `requires` clauses:
[Unprovable Initial Invariant] table[index] == -1 || size == 0
This means the loop invariant is too strong at the loop entry, violating the establishment condition of loop correctness.  
Your task is to relax or weaken the loop invariant at the position marked by: "[Hint] Loop invariant too strong initially. Relax it."
IMPORTANT RULES:
1. The relaxed invariants must still hold:
   - Establishment: They must be provable solely from the function's requires clauses and the program state before entering the loop.
   - Preservation: after executing the loop body exactly once, the invariant still holds.
   - Zero-iteration case: the invariant is valid even if the loop never executes.
2. Do NOT restate or print any of the existing loop invariants.  
   Only output the modified (weakened) invariants necessary to make the establishment step succeed.
3. Your answer must be solely in the form:
   ```
   loop invariant ...;
   loop invariant ...;
   ...
   ```
4. All invariants must follow ACSL syntax and be valid loop invariants.
5. No explanation. No commentary. Just show me the loop invariant.
 /no_think
--------------------------
----------Response----------
[unused16][unused17]```
loop invariant index == data % size;
loop invariant 0 <= index < size;
```
----------------------------
--------------------------------
------------Invariant Info-----------
LOOP A:
i_1: index == data % size
i_2: 0 <= index < size
i_3: table[index] == -1 || size == 0
i_4: index < size
------------------------------------
----------Code with Invariants----------
/*@
    predicate hashtable(int* a, integer length, integer key, integer data) =
        \exists integer i; 0 <= i < length && 
        key == (data + i) % length &&
        a[(data + i) % length] == data && 
        (\forall integer key; 0 <= key < i ==> a[(data + i) % length] != (0 - 1));
*/

//@ lemma mod_property: \forall integer x, y; x > 0 && y > 0 ==> 0 <= x % y < y;

/*@
    requires \valid(table+(0..(size - 1)));
    requires size > 0;
    requires data > 0;
    assigns table[0..(size - 1)];
    ensures e_1: \result == -1 || table[\result] == data;
    ensures e_2: ((\result == -1) && (\forall integer i; (data % size) <= i < size ==> table[i] != -1)) || \forall integer i; (data % size) <= i <= \result ==> table[i] != -1;
*/
int _linear_probing_insert(int table[], int size, int data) {
    int index = data % size;

    // Loop A
    /*@
        loop invariant i_1: index == data % size;

        loop invariant i_2: 0 <= index < size;

        loop invariant i_3: table[index] == -1 || size == 0;

        loop invariant i_4: index < size;


        loop assigns index;
    */
    while (table[index] != -1 && index < size) {
        index = index + 1;
    }
    if (index == size) {
        return -1;
    }
    else if (table[index] == -1){
        table[index] = data;
        return index;
    }
}
----------------------------------------
------------Invariant Info-----------
LOOP A:
i_1: index == data % size
i_2: 0 <= index < size
i_4: index < size
------------------------------------
----------Code with Invariants----------
/*@
    predicate hashtable(int* a, integer length, integer key, integer data) =
        \exists integer i; 0 <= i < length && 
        key == (data + i) % length &&
        a[(data + i) % length] == data && 
        (\forall integer key; 0 <= key < i ==> a[(data + i) % length] != (0 - 1));
*/

//@ lemma mod_property: \forall integer x, y; x > 0 && y > 0 ==> 0 <= x % y < y;

/*@
    requires \valid(table+(0..(size - 1)));
    requires size > 0;
    requires data > 0;
    assigns table[0..(size - 1)];
    ensures e_1: \result == -1 || table[\result] == data;
    ensures e_2: ((\result == -1) && (\forall integer i; (data % size) <= i < size ==> table[i] != -1)) || \forall integer i; (data % size) <= i <= \result ==> table[i] != -1;
*/
int _linear_probing_insert(int table[], int size, int data) {
    int index = data % size;

    // Loop A
    /*@
        loop invariant i_1: index == data % size;

        loop invariant i_2: 0 <= index < size;

        loop invariant i_4: index < size;


        loop assigns index;
    */
    while (table[index] != -1 && index < size) {
        index = index + 1;
    }
    if (index == size) {
        return -1;
    }
    else if (table[index] == -1){
        table[index] = data;
        return index;
    }
}
----------------------------------------
------------Invariant Info-----------
LOOP A:
i_2: 0 <= index < size
i_4: index < size
------------------------------------
----------Code with Invariants----------
/*@
    predicate hashtable(int* a, integer length, integer key, integer data) =
        \exists integer i; 0 <= i < length && 
        key == (data + i) % length &&
        a[(data + i) % length] == data && 
        (\forall integer key; 0 <= key < i ==> a[(data + i) % length] != (0 - 1));
*/

//@ lemma mod_property: \forall integer x, y; x > 0 && y > 0 ==> 0 <= x % y < y;

/*@
    requires \valid(table+(0..(size - 1)));
    requires size > 0;
    requires data > 0;
    assigns table[0..(size - 1)];
    ensures e_1: \result == -1 || table[\result] == data;
    ensures e_2: ((\result == -1) && (\forall integer i; (data % size) <= i < size ==> table[i] != -1)) || \forall integer i; (data % size) <= i <= \result ==> table[i] != -1;
*/
int _linear_probing_insert(int table[], int size, int data) {
    int index = data % size;

    // Loop A
    /*@
        loop invariant i_2: 0 <= index < size;

        loop invariant i_4: index < size;


        loop assigns index;
    */
    while (table[index] != -1 && index < size) {
        index = index + 1;
    }
    if (index == size) {
        return -1;
    }
    else if (table[index] == -1){
        table[index] = data;
        return index;
    }
}
----------------------------------------
------------Invariant Info-----------
LOOP A:
i_4: index < size
------------------------------------
----------Code with Invariants----------
/*@
    predicate hashtable(int* a, integer length, integer key, integer data) =
        \exists integer i; 0 <= i < length && 
        key == (data + i) % length &&
        a[(data + i) % length] == data && 
        (\forall integer key; 0 <= key < i ==> a[(data + i) % length] != (0 - 1));
*/

//@ lemma mod_property: \forall integer x, y; x > 0 && y > 0 ==> 0 <= x % y < y;

/*@
    requires \valid(table+(0..(size - 1)));
    requires size > 0;
    requires data > 0;
    assigns table[0..(size - 1)];
    ensures e_1: \result == -1 || table[\result] == data;
    ensures e_2: ((\result == -1) && (\forall integer i; (data % size) <= i < size ==> table[i] != -1)) || \forall integer i; (data % size) <= i <= \result ==> table[i] != -1;
*/
int _linear_probing_insert(int table[], int size, int data) {
    int index = data % size;

    // Loop A
    /*@
        loop invariant i_4: index < size;


        loop assigns index;
    */
    while (table[index] != -1 && index < size) {
        index = index + 1;
    }
    if (index == size) {
        return -1;
    }
    else if (table[index] == -1){
        table[index] = data;
        return index;
    }
}
----------------------------------------
------------Invariant Info-----------
LOOP A:
------------------------------------
----------Code with Invariants----------
/*@
    predicate hashtable(int* a, integer length, integer key, integer data) =
        \exists integer i; 0 <= i < length && 
        key == (data + i) % length &&
        a[(data + i) % length] == data && 
        (\forall integer key; 0 <= key < i ==> a[(data + i) % length] != (0 - 1));
*/

//@ lemma mod_property: \forall integer x, y; x > 0 && y > 0 ==> 0 <= x % y < y;

/*@
    requires \valid(table+(0..(size - 1)));
    requires size > 0;
    requires data > 0;
    assigns table[0..(size - 1)];
    ensures e_1: \result == -1 || table[\result] == data;
    ensures e_2: ((\result == -1) && (\forall integer i; (data % size) <= i < size ==> table[i] != -1)) || \forall integer i; (data % size) <= i <= \result ==> table[i] != -1;
*/
int _linear_probing_insert(int table[], int size, int data) {
    int index = data % size;

    // Loop A
    /*@
        loop assigns index;
    */
    while (table[index] != -1 && index < size) {
        index = index + 1;
    }
    if (index == size) {
        return -1;
    }
    else if (table[index] == -1){
        table[index] = data;
        return index;
    }
}
----------------------------------------
---------Result---------
Fail
Model: openPangu-Embedded-7B-V1.1
Running time: 231.8150658607483
Proposal number: 15
Verified code:

------------------------
