-----------Model-----------
Model type:
PanguEmbeddedForCausalLM(
  (model): PanguEmbeddedModel(
    (embed_tokens): Embedding(153376, 4096, padding_idx=0)
    (layers): ModuleList(
      (0-33): 34 x PanguEmbeddedDecoderLayer(
        (self_attn): PanguEmbeddedAttention(
          (q_proj): Linear(in_features=4096, out_features=4096, bias=True)
          (k_proj): Linear(in_features=4096, out_features=1024, bias=True)
          (v_proj): Linear(in_features=4096, out_features=1024, bias=True)
          (o_proj): Linear(in_features=4096, out_features=4096, bias=True)
        )
        (mlp): PanguEmbeddedMLP(
          (gate_proj): Linear(in_features=4096, out_features=12800, bias=False)
          (up_proj): Linear(in_features=4096, out_features=12800, bias=False)
          (down_proj): Linear(in_features=12800, out_features=4096, bias=False)
          (act_fn): SiLU()
        )
        (input_layernorm): PanguEmbeddedRMSNorm((4096,), eps=1e-05)
        (post_attention_layernorm): PanguEmbeddedRMSNorm((4096,), eps=1e-05)
      )
    )
    (norm): PanguEmbeddedRMSNorm((4096,), eps=1e-05)
    (rotary_emb): PanguEmbeddedRotaryEmbedding()
  )
  (lm_head): Linear(in_features=4096, out_features=153376, bias=False)
)
Model device:
npu:1
---------------------------
File Path: ../Benchmark/OOPSLA/oopsla_03.c
----------Code----------
/*
 * "nested4.c" from InvGen benchmark suite
 */

/*@
    requires l > 0;
    requires n > l;
*/
void oopsla_03(int n, int l) {
    int i,k;

    /*@
        loop assigns k;
        loop assigns i;
    */
    for (k=1; k<n; k++){
        
        /*@
            loop assigns i;
        */
        for (i=l; i<n; i++) {
        }
        
        /*@
            loop assigns k;
            loop assigns i;
        */
        for (i=l; i<n; i++) {
            //@ assert a_1: 1<=i;
        }
    }

}

------------------------
----------Prompt----------

/*
 * "nested4.c" from InvGen benchmark suite
 */

/*@
    requires l > 0;
    requires n > l;
*/
void oopsla_03(int n, int l) {
    int i,k;

    // Loop A
    /*@
        [Hint] Please infer the loop invariant for the following loop.

        loop assigns k;
        loop assigns i;
    */
    for (k=1; k<n; k++){
        
        // Loop B
        /*@
            loop assigns i;
        */
        for (i=l; i<n; i++) {
        }
        
        // Loop C
        /*@
            loop assigns k;
            loop assigns i;
        */
        for (i=l; i<n; i++) {
            //@ assert a_1: 1<=i;
        }
    }

}

You are an expert in program verification, and please generate loop invariant as C annotation comments at the hint location (annotated by "[Hint] Please infer the loop invariant for the following loop.") using ACSL language.
ACSL is a specification language for C programs that conforms to the design by contract paradigm, utilizing Hoare style pre- and postconditions and invariants. Note that the `loop invariant` clause is a condition that is true at the beginning and end of every loop iteration.
Specifically, for the current verification task:
    - Pre-condition: the function's `requires` clauses
    - Post-condition: 
Please verify that the generated loop invariant is consistent with these constraints. If these specific pre- or post-conditions are not provided or empty, please infer the loop invariant strictly based on the program's execution logic and standard correctness.
In order to get a correct answer, You may want to consider both the situation of not entering the loop and the situation of jumping out of the loop. If some of the pre-conditions are also loop invariant, you need to add them to your answer as well.
Use '&&', '||', '==>', '\forall' or '\exists' if necessary. For instance:
```
loop invariant 1 <= x;
loop invariant x == y;
loop invariant 0 < x ==> y <= z;
loop invariant z % 2 == 1 || x == y;
loop invariant z % 2 == 1 && x <= y;
loop invariant \forall integer k;  0 <= k < i ==> max >=  a[k];
loop invariant \exists integer k;  0 <= k < i &&  max == a[k];
loop invariant \forall integer p; 0 <= p < \at(k, End_l) ==> res[p] == \at(res[p], End_l);
```
Your answer should follow the following format:
```
loop invariant ...;
loop invariant ...;
...
```
No explanation. No commentary. Just show me the loop invariant.
 /no_think
--------------------------
----------Response----------
[unused16][unused17][Loop <Loop A>]
loop invariant k == 1;
loop invariant i >= l;
```
[Loop <Loop B>]
loop invariant i == n;
```
[Loop <Loop C>]
loop invariant \exists integer k;  0 <= k < i &&  max == a[k];
```
```
----------------------------
----------Prompt----------

/*
 * "nested4.c" from InvGen benchmark suite
 */

/*@
    requires l > 0;
    requires n > l;
*/
void oopsla_03(int n, int l) {
    int i,k;

    // Loop A
    /*@
        loop invariant i_0: k == 1;

        loop invariant i_1: i >= l;

        loop invariant i_2: i == n;

        loop invariant i_3: \exists integer k; 0 <= k < i && max == a[k];


        loop assigns k;
        loop assigns i;
    */
    for (k=1; k<n; k++){
        
        // Loop B
        /*@
            loop assigns i;
        */
        for (i=l; i<n; i++) {
        }
        
        // Loop C
        /*@
            [Hint] Please infer the loop invariant for the following loop.

            loop assigns k;
            loop assigns i;
        */
        for (i=l; i<n; i++) {
            //@ assert a_1: 1<=i;
        }
    }

}

You are an expert in program verification, and please generate loop invariant as C annotation comments at the hint location (annotated by "[Hint] Please infer the loop invariant for the following loop.") using ACSL language.
ACSL is a specification language for C programs that conforms to the design by contract paradigm, utilizing Hoare style pre- and postconditions and invariants. Note that the `loop invariant` clause is a condition that is true at the beginning and end of every loop iteration.
Specifically, for the current verification task:
    - Pre-condition: 
    - Post-condition: i_0:k == 1; i_1:i >= l; i_2:i == n; i_3:\exists integer k; 0 <= k < i && max == a[k]; 
Please verify that the generated loop invariant is consistent with these constraints. If these specific pre- or post-conditions are not provided or empty, please infer the loop invariant strictly based on the program's execution logic and standard correctness.
In order to get a correct answer, You may want to consider both the situation of not entering the loop and the situation of jumping out of the loop. If some of the pre-conditions are also loop invariant, you need to add them to your answer as well.
Use '&&', '||', '==>', '\forall' or '\exists' if necessary. For instance:
```
loop invariant 1 <= x;
loop invariant x == y;
loop invariant 0 < x ==> y <= z;
loop invariant z % 2 == 1 || x == y;
loop invariant z % 2 == 1 && x <= y;
loop invariant \forall integer k;  0 <= k < i ==> max >=  a[k];
loop invariant \exists integer k;  0 <= k < i &&  max == a[k];
loop invariant \forall integer p; 0 <= p < \at(k, End_l) ==> res[p] == \at(res[p], End_l);
```
Your answer should follow the following format:
```
loop invariant ...;
loop invariant ...;
...
```
No explanation. No commentary. Just show me the loop invariant.
 /no_think
--------------------------
----------Response----------
[unused16][unused17]loop invariant k == 1;
loop invariant i >= l;
loop invariant i == n;
loop invariant \exists integer k; 0 <= k < i && max == a[k];
----------------------------
----------Prompt----------

/*
 * "nested4.c" from InvGen benchmark suite
 */

/*@
    requires l > 0;
    requires n > l;
*/
void oopsla_03(int n, int l) {
    int i,k;

    // Loop A
    /*@
        loop invariant i_0: k == 1;

        loop invariant i_1: i >= l;

        loop invariant i_2: i == n;

        loop invariant i_3: \exists integer k; 0 <= k < i && max == a[k];


        loop assigns k;
        loop assigns i;
    */
    for (k=1; k<n; k++){
        
        // Loop B
        /*@
            [Hint] Please infer the loop invariant for the following loop.

            loop assigns i;
        */
        for (i=l; i<n; i++) {
        }
        
        // Loop C
        /*@
            loop invariant i_4: k == 1;

            loop invariant i_5: i >= l;

            loop invariant i_6: i == n;

            loop invariant i_7: \exists integer k; 0 <= k < i && max == a[k];


            loop assigns k;
            loop assigns i;
        */
        for (i=l; i<n; i++) {
            //@ assert a_1: 1<=i;
        }
    }

}

You are an expert in program verification, and please generate loop invariant as C annotation comments at the hint location (annotated by "[Hint] Please infer the loop invariant for the following loop.") using ACSL language.
ACSL is a specification language for C programs that conforms to the design by contract paradigm, utilizing Hoare style pre- and postconditions and invariants. Note that the `loop invariant` clause is a condition that is true at the beginning and end of every loop iteration.
Specifically, for the current verification task:
    - Pre-condition: i_0:k == 1; i_1:i >= l; i_2:i == n; i_3:\exists integer k; 0 <= k < i && max == a[k]; 
    - Post-condition: i_4:k == 1; i_5:i >= l; i_6:i == n; i_7:\exists integer k; 0 <= k < i && max == a[k]; 
Please verify that the generated loop invariant is consistent with these constraints. If these specific pre- or post-conditions are not provided or empty, please infer the loop invariant strictly based on the program's execution logic and standard correctness.
In order to get a correct answer, You may want to consider both the situation of not entering the loop and the situation of jumping out of the loop. If some of the pre-conditions are also loop invariant, you need to add them to your answer as well.
Use '&&', '||', '==>', '\forall' or '\exists' if necessary. For instance:
```
loop invariant 1 <= x;
loop invariant x == y;
loop invariant 0 < x ==> y <= z;
loop invariant z % 2 == 1 || x == y;
loop invariant z % 2 == 1 && x <= y;
loop invariant \forall integer k;  0 <= k < i ==> max >=  a[k];
loop invariant \exists integer k;  0 <= k < i &&  max == a[k];
loop invariant \forall integer p; 0 <= p < \at(k, End_l) ==> res[p] == \at(res[p], End_l);
```
Your answer should follow the following format:
```
loop invariant ...;
loop invariant ...;
...
```
No explanation. No commentary. Just show me the loop invariant.
 /no_think
--------------------------
----------Response----------
[unused16][unused17][Loop <PRE_LOOP>]
loop invariant 1 <= k;
loop invariant i >= l;
loop invariant i < n;
loop invariant \exists integer k; 0 <= k < i && max == a[k];

[Loop <CUR_LOOP>]
loop invariant k == 1;
loop invariant i >= l;
loop invariant i < n;
loop invariant \exists integer k; 0 <= k < i && max == a[k];
----------------------------
------------Invariant Info-----------
LOOP A:
i_0: k == 1
i_1: i >= l
i_2: i == n
i_3: \exists integer k; 0 <= k < i && max == a[k]
LOOP B:
i_8: 1 <= k
i_9: i >= l
i_10: i < n
i_11: \exists integer k; 0 <= k < i && max == a[k]
i_12: k == 1
LOOP C:
i_4: k == 1
i_5: i >= l
i_6: i == n
i_7: \exists integer k; 0 <= k < i && max == a[k]
------------------------------------
----------Code with Invariants----------
/*
 * "nested4.c" from InvGen benchmark suite
 */

/*@
    requires l > 0;
    requires n > l;
*/
void oopsla_03(int n, int l) {
    int i,k;

    // Loop A
    /*@
        loop invariant i_0: k == 1;

        loop invariant i_1: i >= l;

        loop invariant i_2: i == n;

        loop invariant i_3: \exists integer k; 0 <= k < i && max == a[k];


        loop assigns k;
        loop assigns i;
    */
    for (k=1; k<n; k++){
        
        // Loop B
        /*@
            loop invariant i_8: 1 <= k;

            loop invariant i_9: i >= l;

            loop invariant i_10: i < n;

            loop invariant i_11: \exists integer k; 0 <= k < i && max == a[k];

            loop invariant i_12: k == 1;


            loop assigns i;
        */
        for (i=l; i<n; i++) {
        }
        
        // Loop C
        /*@
            loop invariant i_4: k == 1;

            loop invariant i_5: i >= l;

            loop invariant i_6: i == n;

            loop invariant i_7: \exists integer k; 0 <= k < i && max == a[k];


            loop assigns k;
            loop assigns i;
        */
        for (i=l; i<n; i++) {
            //@ assert a_1: 1<=i;
        }
    }

}

----------------------------------------
------------Invariant Info-----------
LOOP A:
i_0: k == 1
i_1: i >= l
i_2: i == n
LOOP B:
i_8: 1 <= k
i_9: i >= l
i_10: i < n
i_11: \exists integer k; 0 <= k < i && max == a[k]
i_12: k == 1
LOOP C:
i_4: k == 1
i_5: i >= l
i_6: i == n
i_7: \exists integer k; 0 <= k < i && max == a[k]
------------------------------------
----------Code with Invariants----------
/*
 * "nested4.c" from InvGen benchmark suite
 */

/*@
    requires l > 0;
    requires n > l;
*/
void oopsla_03(int n, int l) {
    int i,k;

    // Loop A
    /*@
        loop invariant i_0: k == 1;

        loop invariant i_1: i >= l;

        loop invariant i_2: i == n;


        loop assigns k;
        loop assigns i;
    */
    for (k=1; k<n; k++){
        
        // Loop B
        /*@
            loop invariant i_8: 1 <= k;

            loop invariant i_9: i >= l;

            loop invariant i_10: i < n;

            loop invariant i_11: \exists integer k; 0 <= k < i && max == a[k];

            loop invariant i_12: k == 1;


            loop assigns i;
        */
        for (i=l; i<n; i++) {
        }
        
        // Loop C
        /*@
            loop invariant i_4: k == 1;

            loop invariant i_5: i >= l;

            loop invariant i_6: i == n;

            loop invariant i_7: \exists integer k; 0 <= k < i && max == a[k];


            loop assigns k;
            loop assigns i;
        */
        for (i=l; i<n; i++) {
            //@ assert a_1: 1<=i;
        }
    }

}

----------------------------------------
------------Invariant Info-----------
LOOP A:
i_0: k == 1
i_1: i >= l
i_2: i == n
LOOP B:
i_8: 1 <= k
i_9: i >= l
i_10: i < n
i_12: k == 1
LOOP C:
i_4: k == 1
i_5: i >= l
i_6: i == n
i_7: \exists integer k; 0 <= k < i && max == a[k]
------------------------------------
----------Code with Invariants----------
/*
 * "nested4.c" from InvGen benchmark suite
 */

/*@
    requires l > 0;
    requires n > l;
*/
void oopsla_03(int n, int l) {
    int i,k;

    // Loop A
    /*@
        loop invariant i_0: k == 1;

        loop invariant i_1: i >= l;

        loop invariant i_2: i == n;


        loop assigns k;
        loop assigns i;
    */
    for (k=1; k<n; k++){
        
        // Loop B
        /*@
            loop invariant i_8: 1 <= k;

            loop invariant i_9: i >= l;

            loop invariant i_10: i < n;

            loop invariant i_12: k == 1;


            loop assigns i;
        */
        for (i=l; i<n; i++) {
        }
        
        // Loop C
        /*@
            loop invariant i_4: k == 1;

            loop invariant i_5: i >= l;

            loop invariant i_6: i == n;

            loop invariant i_7: \exists integer k; 0 <= k < i && max == a[k];


            loop assigns k;
            loop assigns i;
        */
        for (i=l; i<n; i++) {
            //@ assert a_1: 1<=i;
        }
    }

}

----------------------------------------
------------Invariant Info-----------
LOOP A:
i_0: k == 1
i_1: i >= l
i_2: i == n
LOOP B:
i_8: 1 <= k
i_9: i >= l
i_10: i < n
i_12: k == 1
LOOP C:
i_4: k == 1
i_5: i >= l
i_6: i == n
------------------------------------
----------Code with Invariants----------
/*
 * "nested4.c" from InvGen benchmark suite
 */

/*@
    requires l > 0;
    requires n > l;
*/
void oopsla_03(int n, int l) {
    int i,k;

    // Loop A
    /*@
        loop invariant i_0: k == 1;

        loop invariant i_1: i >= l;

        loop invariant i_2: i == n;


        loop assigns k;
        loop assigns i;
    */
    for (k=1; k<n; k++){
        
        // Loop B
        /*@
            loop invariant i_8: 1 <= k;

            loop invariant i_9: i >= l;

            loop invariant i_10: i < n;

            loop invariant i_12: k == 1;


            loop assigns i;
        */
        for (i=l; i<n; i++) {
        }
        
        // Loop C
        /*@
            loop invariant i_4: k == 1;

            loop invariant i_5: i >= l;

            loop invariant i_6: i == n;


            loop assigns k;
            loop assigns i;
        */
        for (i=l; i<n; i++) {
            //@ assert a_1: 1<=i;
        }
    }

}

----------------------------------------
----------Begin Revise----------
-------------Establishment_requires: i_1: establishment---------------
----------Prompt----------

/*
 * "nested4.c" from InvGen benchmark suite
 */

/*@
    requires l > 0;
    requires n > l;
*/
void oopsla_03(int n, int l) {
    int i,k;

    // Loop A
    /*@
        [Hint] Loop invariant i >= l too strong initially. Relax it.

        loop invariant i_0: k == 1;

        loop invariant i_1: i >= l;

        loop invariant i_2: i == n;


        loop assigns k;
        loop assigns i;
    */
    for (k=1; k<n; k++){
        
        // Loop B
        /*@
            loop invariant i_8: 1 <= k;

            loop invariant i_9: i >= l;

            loop invariant i_10: i < n;

            loop invariant i_12: k == 1;


            loop assigns i;
        */
        for (i=l; i<n; i++) {
        }
        
        // Loop C
        /*@
            loop invariant i_4: k == 1;

            loop invariant i_5: i >= l;

            loop invariant i_6: i == n;


            loop assigns k;
            loop assigns i;
        */
        for (i=l; i<n; i++) {
            //@ assert a_1: 1<=i;
        }
    }

}

You are an expert in deductive program verification using ACSL and Frama-C.
The following loop invariant of the loop labeled "A" cannot be established from the function's `requires` clauses:
[Unprovable Initial Invariant] i >= l
This means the loop invariant is too strong at the loop entry, violating the establishment condition of loop correctness.  
Your task is to relax or weaken the loop invariant at the position marked by: "[Hint] Loop invariant too strong initially. Relax it."
IMPORTANT RULES:
1. The relaxed invariants must still hold:
   - Establishment: They must be provable solely from the function's requires clauses and the program state before entering the loop.
   - Preservation: after executing the loop body exactly once, the invariant still holds.
   - Zero-iteration case: the invariant is valid even if the loop never executes.
2. Do NOT restate or print any of the existing loop invariants.  
   Only output the modified (weakened) invariants necessary to make the establishment step succeed.
3. Your answer must be solely in the form:
   ```
   loop invariant ...;
   loop invariant ...;
   ...
   ```
4. All invariants must follow ACSL syntax and be valid loop invariants.
5. No explanation. No commentary. Just show me the loop invariant.
 /no_think
--------------------------
----------Response----------
[unused16][unused17]```
loop invariant k == 1;
loop invariant i >= l;
```
----------------------------
-------------Establishment_requires: i_2: establishment---------------
----------Prompt----------

/*
 * "nested4.c" from InvGen benchmark suite
 */

/*@
    requires l > 0;
    requires n > l;
*/
void oopsla_03(int n, int l) {
    int i,k;

    // Loop A
    /*@
        [Hint] Loop invariant i == n too strong initially. Relax it.

        loop invariant i_0: k == 1;

        loop invariant i_1: i >= l;

        loop invariant i_2: i == n;


        loop assigns k;
        loop assigns i;
    */
    for (k=1; k<n; k++){
        
        // Loop B
        /*@
            loop invariant i_8: 1 <= k;

            loop invariant i_9: i >= l;

            loop invariant i_10: i < n;

            loop invariant i_12: k == 1;


            loop assigns i;
        */
        for (i=l; i<n; i++) {
        }
        
        // Loop C
        /*@
            loop invariant i_4: k == 1;

            loop invariant i_5: i >= l;

            loop invariant i_6: i == n;


            loop assigns k;
            loop assigns i;
        */
        for (i=l; i<n; i++) {
            //@ assert a_1: 1<=i;
        }
    }

}

You are an expert in deductive program verification using ACSL and Frama-C.
The following loop invariant of the loop labeled "A" cannot be established from the function's `requires` clauses:
[Unprovable Initial Invariant] i == n
This means the loop invariant is too strong at the loop entry, violating the establishment condition of loop correctness.  
Your task is to relax or weaken the loop invariant at the position marked by: "[Hint] Loop invariant too strong initially. Relax it."
IMPORTANT RULES:
1. The relaxed invariants must still hold:
   - Establishment: They must be provable solely from the function's requires clauses and the program state before entering the loop.
   - Preservation: after executing the loop body exactly once, the invariant still holds.
   - Zero-iteration case: the invariant is valid even if the loop never executes.
2. Do NOT restate or print any of the existing loop invariants.  
   Only output the modified (weakened) invariants necessary to make the establishment step succeed.
3. Your answer must be solely in the form:
   ```
   loop invariant ...;
   loop invariant ...;
   ...
   ```
4. All invariants must follow ACSL syntax and be valid loop invariants.
5. No explanation. No commentary. Just show me the loop invariant.
 /no_think
--------------------------
----------Response----------
[unused16][unused17]```
loop invariant i_0: k == 1;
loop invariant i_1: i >= l;
```
----------------------------
-------------Preservation_self: i_10: preservation---------------
----------Prompt----------

/*
 * "nested4.c" from InvGen benchmark suite
 */

/*@
    requires l > 0;
    requires n > l;
*/
void oopsla_03(int n, int l) {
    int i,k;

    // Loop A
    /*@
        loop invariant i_0: k == 1;

        loop invariant i_1: i >= l;

        loop invariant i_2: i == n;


        loop assigns k;
        loop assigns i;
    */
    for (k=1; k<n; k++){
        
        // Loop B
        /*@
            [Hint] Invariant i < n not preserved in this loop. Fix or supplement invariants.

            loop invariant i_8: 1 <= k;

            loop invariant i_9: i >= l;

            loop invariant i_10: i < n;

            loop invariant i_12: k == 1;


            loop assigns i;
        */
        for (i=l; i<n; i++) {
        }
        
        // Loop C
        /*@
            loop invariant i_4: k == 1;

            loop invariant i_5: i >= l;

            loop invariant i_6: i == n;


            loop assigns k;
            loop assigns i;
        */
        for (i=l; i<n; i++) {
            //@ assert a_1: 1<=i;
        }
    }

}

You are an expert in deductive program verification using ACSL and Frama-C.
[Unprovable Invariant] i < n
The above loop invariant of loop "B" fails the preservation (inductive) condition:
after executing one iteration of the loop body, the invariant cannot be re-established.
[Loop Body]
i++;
This failure indicates that the current invariant may be incorrect or incomplete.  
There are two typical causes:
  1) The invariant is logically incorrect, so it does not hold after the loop body executes once.
     - In this case, you must adjust the invariant so that it is preserved by the loop body.
  2) The invariant is insufficient, i.e., it misses essential supporting conditions needed to re-establish itself.
     - In this case, you must introduce additional invariants so that the whole set becomes inductive.
Your task is to produce the corrected and/or auxiliary invariants that make the preservation step succeed.
IMPORTANT RULES:
1. You MUST NOT output any of the original invariants already in the code. Only output the new or modified invariants.
2. All invariants you produce must satisfy:
   - Establishment: they hold on loop entry.
   - Preservation: after executing the loop body exactly once, the invariant still holds.
   - Zero-iteration case: the invariant is valid even if the loop never executes.
3. The answer must follow this format exactly:
   ```
   loop invariant ...;
   loop invariant ...;
   ...
   ```
4. All invariants must follow ACSL syntax and be valid loop invariants.
5. No explanation. No commentary. Just show me the loop invariant.
 /no_think
--------------------------
----------Response----------
[unused16][unused17]```
loop invariant 1 <= k;
loop invariant i >= l;
```
----------------------------
--------------------------------
------------Invariant Info-----------
LOOP A:
i_0: k == 1
i_1: i >= l
i_2: i == n
LOOP B:
i_8: 1 <= k
i_9: i >= l
i_10: i < n
i_12: k == 1
LOOP C:
i_4: k == 1
i_5: i >= l
i_6: i == n
------------------------------------
----------Code with Invariants----------
/*
 * "nested4.c" from InvGen benchmark suite
 */

/*@
    requires l > 0;
    requires n > l;
*/
void oopsla_03(int n, int l) {
    int i,k;

    // Loop A
    /*@
        loop invariant i_0: k == 1;

        loop invariant i_1: i >= l;

        loop invariant i_2: i == n;


        loop assigns k;
        loop assigns i;
    */
    for (k=1; k<n; k++){
        
        // Loop B
        /*@
            loop invariant i_8: 1 <= k;

            loop invariant i_9: i >= l;

            loop invariant i_10: i < n;

            loop invariant i_12: k == 1;


            loop assigns i;
        */
        for (i=l; i<n; i++) {
        }
        
        // Loop C
        /*@
            loop invariant i_4: k == 1;

            loop invariant i_5: i >= l;

            loop invariant i_6: i == n;


            loop assigns k;
            loop assigns i;
        */
        for (i=l; i<n; i++) {
            //@ assert a_1: 1<=i;
        }
    }

}

----------------------------------------
----------Begin Revise----------
-------------Establishment_requires: i_2: establishment---------------
----------Prompt----------

/*
 * "nested4.c" from InvGen benchmark suite
 */

/*@
    requires l > 0;
    requires n > l;
*/
void oopsla_03(int n, int l) {
    int i,k;

    // Loop A
    /*@
        [Hint] Loop invariant i == n too strong initially. Relax it.

        loop invariant i_0: k == 1;

        loop invariant i_1: i >= l;

        loop invariant i_2: i == n;


        loop assigns k;
        loop assigns i;
    */
    for (k=1; k<n; k++){
        
        // Loop B
        /*@
            loop invariant i_8: 1 <= k;

            loop invariant i_9: i >= l;

            loop invariant i_10: i < n;

            loop invariant i_12: k == 1;


            loop assigns i;
        */
        for (i=l; i<n; i++) {
        }
        
        // Loop C
        /*@
            loop invariant i_4: k == 1;

            loop invariant i_5: i >= l;

            loop invariant i_6: i == n;


            loop assigns k;
            loop assigns i;
        */
        for (i=l; i<n; i++) {
            //@ assert a_1: 1<=i;
        }
    }

}

You are an expert in deductive program verification using ACSL and Frama-C.
The following loop invariant of the loop labeled "A" cannot be established from the function's `requires` clauses:
[Unprovable Initial Invariant] i == n
This means the loop invariant is too strong at the loop entry, violating the establishment condition of loop correctness.  
Your task is to relax or weaken the loop invariant at the position marked by: "[Hint] Loop invariant too strong initially. Relax it."
IMPORTANT RULES:
1. The relaxed invariants must still hold:
   - Establishment: They must be provable solely from the function's requires clauses and the program state before entering the loop.
   - Preservation: after executing the loop body exactly once, the invariant still holds.
   - Zero-iteration case: the invariant is valid even if the loop never executes.
2. Do NOT restate or print any of the existing loop invariants.  
   Only output the modified (weakened) invariants necessary to make the establishment step succeed.
3. Your answer must be solely in the form:
   ```
   loop invariant ...;
   loop invariant ...;
   ...
   ```
4. All invariants must follow ACSL syntax and be valid loop invariants.
5. No explanation. No commentary. Just show me the loop invariant.
 /no_think
--------------------------
----------Response----------
[unused16][unused17]```
loop invariant i_0: k == 1;
loop invariant i_1: i >= l;
```
----------------------------
-------------Establishment_requires: i_1: establishment---------------
----------Prompt----------

/*
 * "nested4.c" from InvGen benchmark suite
 */

/*@
    requires l > 0;
    requires n > l;
*/
void oopsla_03(int n, int l) {
    int i,k;

    // Loop A
    /*@
        [Hint] Loop invariant i >= l too strong initially. Relax it.

        loop invariant i_0: k == 1;

        loop invariant i_1: i >= l;

        loop invariant i_2: i == n;


        loop assigns k;
        loop assigns i;
    */
    for (k=1; k<n; k++){
        
        // Loop B
        /*@
            loop invariant i_8: 1 <= k;

            loop invariant i_9: i >= l;

            loop invariant i_10: i < n;

            loop invariant i_12: k == 1;


            loop assigns i;
        */
        for (i=l; i<n; i++) {
        }
        
        // Loop C
        /*@
            loop invariant i_4: k == 1;

            loop invariant i_5: i >= l;

            loop invariant i_6: i == n;


            loop assigns k;
            loop assigns i;
        */
        for (i=l; i<n; i++) {
            //@ assert a_1: 1<=i;
        }
    }

}

You are an expert in deductive program verification using ACSL and Frama-C.
The following loop invariant of the loop labeled "A" cannot be established from the function's `requires` clauses:
[Unprovable Initial Invariant] i >= l
This means the loop invariant is too strong at the loop entry, violating the establishment condition of loop correctness.  
Your task is to relax or weaken the loop invariant at the position marked by: "[Hint] Loop invariant too strong initially. Relax it."
IMPORTANT RULES:
1. The relaxed invariants must still hold:
   - Establishment: They must be provable solely from the function's requires clauses and the program state before entering the loop.
   - Preservation: after executing the loop body exactly once, the invariant still holds.
   - Zero-iteration case: the invariant is valid even if the loop never executes.
2. Do NOT restate or print any of the existing loop invariants.  
   Only output the modified (weakened) invariants necessary to make the establishment step succeed.
3. Your answer must be solely in the form:
   ```
   loop invariant ...;
   loop invariant ...;
   ...
   ```
4. All invariants must follow ACSL syntax and be valid loop invariants.
5. No explanation. No commentary. Just show me the loop invariant.
 /no_think
--------------------------
----------Response----------
[unused16][unused17]```
loop invariant i_0: k == 1;
loop invariant i_1: i >= l;
loop invariant i_2: i < n;
```
----------------------------
-------------Preservation_self: i_10: preservation---------------
----------Prompt----------

/*
 * "nested4.c" from InvGen benchmark suite
 */

/*@
    requires l > 0;
    requires n > l;
*/
void oopsla_03(int n, int l) {
    int i,k;

    // Loop A
    /*@
        loop invariant i_0: k == 1;

        loop invariant i_1: i >= l;

        loop invariant i_2: i == n;

        loop invariant i_13: i < n;


        loop assigns k;
        loop assigns i;
    */
    for (k=1; k<n; k++){
        
        // Loop B
        /*@
            [Hint] Invariant i < n not preserved in this loop. Fix or supplement invariants.

            loop invariant i_8: 1 <= k;

            loop invariant i_9: i >= l;

            loop invariant i_10: i < n;

            loop invariant i_12: k == 1;


            loop assigns i;
        */
        for (i=l; i<n; i++) {
        }
        
        // Loop C
        /*@
            loop invariant i_4: k == 1;

            loop invariant i_5: i >= l;

            loop invariant i_6: i == n;


            loop assigns k;
            loop assigns i;
        */
        for (i=l; i<n; i++) {
            //@ assert a_1: 1<=i;
        }
    }

}

You are an expert in deductive program verification using ACSL and Frama-C.
[Unprovable Invariant] i < n
The above loop invariant of loop "B" fails the preservation (inductive) condition:
after executing one iteration of the loop body, the invariant cannot be re-established.
[Loop Body]
i++;
This failure indicates that the current invariant may be incorrect or incomplete.  
There are two typical causes:
  1) The invariant is logically incorrect, so it does not hold after the loop body executes once.
     - In this case, you must adjust the invariant so that it is preserved by the loop body.
  2) The invariant is insufficient, i.e., it misses essential supporting conditions needed to re-establish itself.
     - In this case, you must introduce additional invariants so that the whole set becomes inductive.
Your task is to produce the corrected and/or auxiliary invariants that make the preservation step succeed.
IMPORTANT RULES:
1. You MUST NOT output any of the original invariants already in the code. Only output the new or modified invariants.
2. All invariants you produce must satisfy:
   - Establishment: they hold on loop entry.
   - Preservation: after executing the loop body exactly once, the invariant still holds.
   - Zero-iteration case: the invariant is valid even if the loop never executes.
3. The answer must follow this format exactly:
   ```
   loop invariant ...;
   loop invariant ...;
   ...
   ```
4. All invariants must follow ACSL syntax and be valid loop invariants.
5. No explanation. No commentary. Just show me the loop invariant.
 /no_think
--------------------------
----------Response----------
[unused16][unused17]loop invariant i_8: 1 <= k;
loop invariant i_9: i >= l;
loop invariant i_10: i < n;
loop invariant i_12: k == 1;
----------------------------
--------------------------------
------------Invariant Info-----------
LOOP A:
i_0: k == 1
i_1: i >= l
i_2: i == n
i_13: i < n
LOOP B:
i_8: 1 <= k
i_9: i >= l
i_10: i < n
i_12: k == 1
LOOP C:
i_4: k == 1
i_5: i >= l
i_6: i == n
------------------------------------
----------Code with Invariants----------
/*
 * "nested4.c" from InvGen benchmark suite
 */

/*@
    requires l > 0;
    requires n > l;
*/
void oopsla_03(int n, int l) {
    int i,k;

    // Loop A
    /*@
        loop invariant i_0: k == 1;

        loop invariant i_1: i >= l;

        loop invariant i_2: i == n;

        loop invariant i_13: i < n;


        loop assigns k;
        loop assigns i;
    */
    for (k=1; k<n; k++){
        
        // Loop B
        /*@
            loop invariant i_8: 1 <= k;

            loop invariant i_9: i >= l;

            loop invariant i_10: i < n;

            loop invariant i_12: k == 1;


            loop assigns i;
        */
        for (i=l; i<n; i++) {
        }
        
        // Loop C
        /*@
            loop invariant i_4: k == 1;

            loop invariant i_5: i >= l;

            loop invariant i_6: i == n;


            loop assigns k;
            loop assigns i;
        */
        for (i=l; i<n; i++) {
            //@ assert a_1: 1<=i;
        }
    }

}

----------------------------------------
----------Begin Revise----------
-------------Establishment_requires: i_2: establishment---------------
----------Prompt----------

/*
 * "nested4.c" from InvGen benchmark suite
 */

/*@
    requires l > 0;
    requires n > l;
*/
void oopsla_03(int n, int l) {
    int i,k;

    // Loop A
    /*@
        [Hint] Loop invariant i == n too strong initially. Relax it.

        loop invariant i_0: k == 1;

        loop invariant i_1: i >= l;

        loop invariant i_2: i == n;

        loop invariant i_13: i < n;


        loop assigns k;
        loop assigns i;
    */
    for (k=1; k<n; k++){
        
        // Loop B
        /*@
            loop invariant i_8: 1 <= k;

            loop invariant i_9: i >= l;

            loop invariant i_10: i < n;

            loop invariant i_12: k == 1;


            loop assigns i;
        */
        for (i=l; i<n; i++) {
        }
        
        // Loop C
        /*@
            loop invariant i_4: k == 1;

            loop invariant i_5: i >= l;

            loop invariant i_6: i == n;


            loop assigns k;
            loop assigns i;
        */
        for (i=l; i<n; i++) {
            //@ assert a_1: 1<=i;
        }
    }

}

You are an expert in deductive program verification using ACSL and Frama-C.
The following loop invariant of the loop labeled "A" cannot be established from the function's `requires` clauses:
[Unprovable Initial Invariant] i == n
This means the loop invariant is too strong at the loop entry, violating the establishment condition of loop correctness.  
Your task is to relax or weaken the loop invariant at the position marked by: "[Hint] Loop invariant too strong initially. Relax it."
IMPORTANT RULES:
1. The relaxed invariants must still hold:
   - Establishment: They must be provable solely from the function's requires clauses and the program state before entering the loop.
   - Preservation: after executing the loop body exactly once, the invariant still holds.
   - Zero-iteration case: the invariant is valid even if the loop never executes.
2. Do NOT restate or print any of the existing loop invariants.  
   Only output the modified (weakened) invariants necessary to make the establishment step succeed.
3. Your answer must be solely in the form:
   ```
   loop invariant ...;
   loop invariant ...;
   ...
   ```
4. All invariants must follow ACSL syntax and be valid loop invariants.
5. No explanation. No commentary. Just show me the loop invariant.
 /no_think
--------------------------
----------Response----------
[unused16][unused17]```
loop invariant i_0: k == 1;
loop invariant i_1: i >= l;
loop invariant i_2: i < n;
loop invariant i_13: i < n;
```
----------------------------
-------------Establishment_requires: i_13: establishment---------------
----------Prompt----------

/*
 * "nested4.c" from InvGen benchmark suite
 */

/*@
    requires l > 0;
    requires n > l;
*/
void oopsla_03(int n, int l) {
    int i,k;

    // Loop A
    /*@
        [Hint] Loop invariant i < n too strong initially. Relax it.

        loop invariant i_0: k == 1;

        loop invariant i_1: i >= l;

        loop invariant i_2: i == n;

        loop invariant i_13: i < n;


        loop assigns k;
        loop assigns i;
    */
    for (k=1; k<n; k++){
        
        // Loop B
        /*@
            loop invariant i_8: 1 <= k;

            loop invariant i_9: i >= l;

            loop invariant i_10: i < n;

            loop invariant i_12: k == 1;


            loop assigns i;
        */
        for (i=l; i<n; i++) {
        }
        
        // Loop C
        /*@
            loop invariant i_4: k == 1;

            loop invariant i_5: i >= l;

            loop invariant i_6: i == n;


            loop assigns k;
            loop assigns i;
        */
        for (i=l; i<n; i++) {
            //@ assert a_1: 1<=i;
        }
    }

}

You are an expert in deductive program verification using ACSL and Frama-C.
The following loop invariant of the loop labeled "A" cannot be established from the function's `requires` clauses:
[Unprovable Initial Invariant] i < n
This means the loop invariant is too strong at the loop entry, violating the establishment condition of loop correctness.  
Your task is to relax or weaken the loop invariant at the position marked by: "[Hint] Loop invariant too strong initially. Relax it."
IMPORTANT RULES:
1. The relaxed invariants must still hold:
   - Establishment: They must be provable solely from the function's requires clauses and the program state before entering the loop.
   - Preservation: after executing the loop body exactly once, the invariant still holds.
   - Zero-iteration case: the invariant is valid even if the loop never executes.
2. Do NOT restate or print any of the existing loop invariants.  
   Only output the modified (weakened) invariants necessary to make the establishment step succeed.
3. Your answer must be solely in the form:
   ```
   loop invariant ...;
   loop invariant ...;
   ...
   ```
4. All invariants must follow ACSL syntax and be valid loop invariants.
5. No explanation. No commentary. Just show me the loop invariant.
 /no_think
--------------------------
----------Response----------
[unused16][unused17]```
loop invariant i_0: k == 1;
loop invariant i_1: i >= l;
```
----------------------------
-------------Establishment_requires: i_1: establishment---------------
----------Prompt----------

/*
 * "nested4.c" from InvGen benchmark suite
 */

/*@
    requires l > 0;
    requires n > l;
*/
void oopsla_03(int n, int l) {
    int i,k;

    // Loop A
    /*@
        [Hint] Loop invariant i >= l too strong initially. Relax it.

        loop invariant i_0: k == 1;

        loop invariant i_1: i >= l;

        loop invariant i_2: i == n;

        loop invariant i_13: i < n;


        loop assigns k;
        loop assigns i;
    */
    for (k=1; k<n; k++){
        
        // Loop B
        /*@
            loop invariant i_8: 1 <= k;

            loop invariant i_9: i >= l;

            loop invariant i_10: i < n;

            loop invariant i_12: k == 1;


            loop assigns i;
        */
        for (i=l; i<n; i++) {
        }
        
        // Loop C
        /*@
            loop invariant i_4: k == 1;

            loop invariant i_5: i >= l;

            loop invariant i_6: i == n;


            loop assigns k;
            loop assigns i;
        */
        for (i=l; i<n; i++) {
            //@ assert a_1: 1<=i;
        }
    }

}

You are an expert in deductive program verification using ACSL and Frama-C.
The following loop invariant of the loop labeled "A" cannot be established from the function's `requires` clauses:
[Unprovable Initial Invariant] i >= l
This means the loop invariant is too strong at the loop entry, violating the establishment condition of loop correctness.  
Your task is to relax or weaken the loop invariant at the position marked by: "[Hint] Loop invariant too strong initially. Relax it."
IMPORTANT RULES:
1. The relaxed invariants must still hold:
   - Establishment: They must be provable solely from the function's requires clauses and the program state before entering the loop.
   - Preservation: after executing the loop body exactly once, the invariant still holds.
   - Zero-iteration case: the invariant is valid even if the loop never executes.
2. Do NOT restate or print any of the existing loop invariants.  
   Only output the modified (weakened) invariants necessary to make the establishment step succeed.
3. Your answer must be solely in the form:
   ```
   loop invariant ...;
   loop invariant ...;
   ...
   ```
4. All invariants must follow ACSL syntax and be valid loop invariants.
5. No explanation. No commentary. Just show me the loop invariant.
 /no_think
--------------------------
----------Response----------
[unused16][unused17]```
loop invariant i_0: k == 1;
loop invariant i_1: i >= l;
loop invariant i_13: i < n;
```
----------------------------
--------------------------------
------------Invariant Info-----------
LOOP A:
i_0: k == 1
i_1: i >= l
i_2: i == n
i_13: i < n
LOOP B:
i_8: 1 <= k
i_9: i >= l
i_10: i < n
i_12: k == 1
LOOP C:
i_4: k == 1
i_5: i >= l
i_6: i == n
------------------------------------
----------Code with Invariants----------
/*
 * "nested4.c" from InvGen benchmark suite
 */

/*@
    requires l > 0;
    requires n > l;
*/
void oopsla_03(int n, int l) {
    int i,k;

    // Loop A
    /*@
        loop invariant i_0: k == 1;

        loop invariant i_1: i >= l;

        loop invariant i_2: i == n;

        loop invariant i_13: i < n;


        loop assigns k;
        loop assigns i;
    */
    for (k=1; k<n; k++){
        
        // Loop B
        /*@
            loop invariant i_8: 1 <= k;

            loop invariant i_9: i >= l;

            loop invariant i_10: i < n;

            loop invariant i_12: k == 1;


            loop assigns i;
        */
        for (i=l; i<n; i++) {
        }
        
        // Loop C
        /*@
            loop invariant i_4: k == 1;

            loop invariant i_5: i >= l;

            loop invariant i_6: i == n;


            loop assigns k;
            loop assigns i;
        */
        for (i=l; i<n; i++) {
            //@ assert a_1: 1<=i;
        }
    }

}

----------------------------------------
----------Begin Revise----------
-------------Establishment_requires: i_2: establishment---------------
----------Prompt----------

/*
 * "nested4.c" from InvGen benchmark suite
 */

/*@
    requires l > 0;
    requires n > l;
*/
void oopsla_03(int n, int l) {
    int i,k;

    // Loop A
    /*@
        [Hint] Loop invariant i == n too strong initially. Relax it.

        loop invariant i_0: k == 1;

        loop invariant i_1: i >= l;

        loop invariant i_2: i == n;

        loop invariant i_13: i < n;


        loop assigns k;
        loop assigns i;
    */
    for (k=1; k<n; k++){
        
        // Loop B
        /*@
            loop invariant i_8: 1 <= k;

            loop invariant i_9: i >= l;

            loop invariant i_10: i < n;

            loop invariant i_12: k == 1;


            loop assigns i;
        */
        for (i=l; i<n; i++) {
        }
        
        // Loop C
        /*@
            loop invariant i_4: k == 1;

            loop invariant i_5: i >= l;

            loop invariant i_6: i == n;


            loop assigns k;
            loop assigns i;
        */
        for (i=l; i<n; i++) {
            //@ assert a_1: 1<=i;
        }
    }

}

You are an expert in deductive program verification using ACSL and Frama-C.
The following loop invariant of the loop labeled "A" cannot be established from the function's `requires` clauses:
[Unprovable Initial Invariant] i == n
This means the loop invariant is too strong at the loop entry, violating the establishment condition of loop correctness.  
Your task is to relax or weaken the loop invariant at the position marked by: "[Hint] Loop invariant too strong initially. Relax it."
IMPORTANT RULES:
1. The relaxed invariants must still hold:
   - Establishment: They must be provable solely from the function's requires clauses and the program state before entering the loop.
   - Preservation: after executing the loop body exactly once, the invariant still holds.
   - Zero-iteration case: the invariant is valid even if the loop never executes.
2. Do NOT restate or print any of the existing loop invariants.  
   Only output the modified (weakened) invariants necessary to make the establishment step succeed.
3. Your answer must be solely in the form:
   ```
   loop invariant ...;
   loop invariant ...;
   ...
   ```
4. All invariants must follow ACSL syntax and be valid loop invariants.
5. No explanation. No commentary. Just show me the loop invariant.
 /no_think
--------------------------
----------Response----------
[unused16][unused17]```
loop invariant i_0: k == 1;
loop invariant i_1: i >= l;
loop invariant i_2: i < n;
```
----------------------------
-------------Establishment_requires: i_13: establishment---------------
----------Prompt----------

/*
 * "nested4.c" from InvGen benchmark suite
 */

/*@
    requires l > 0;
    requires n > l;
*/
void oopsla_03(int n, int l) {
    int i,k;

    // Loop A
    /*@
        [Hint] Loop invariant i < n too strong initially. Relax it.

        loop invariant i_0: k == 1;

        loop invariant i_1: i >= l;

        loop invariant i_2: i == n;

        loop invariant i_13: i < n;


        loop assigns k;
        loop assigns i;
    */
    for (k=1; k<n; k++){
        
        // Loop B
        /*@
            loop invariant i_8: 1 <= k;

            loop invariant i_9: i >= l;

            loop invariant i_10: i < n;

            loop invariant i_12: k == 1;


            loop assigns i;
        */
        for (i=l; i<n; i++) {
        }
        
        // Loop C
        /*@
            loop invariant i_4: k == 1;

            loop invariant i_5: i >= l;

            loop invariant i_6: i == n;


            loop assigns k;
            loop assigns i;
        */
        for (i=l; i<n; i++) {
            //@ assert a_1: 1<=i;
        }
    }

}

You are an expert in deductive program verification using ACSL and Frama-C.
The following loop invariant of the loop labeled "A" cannot be established from the function's `requires` clauses:
[Unprovable Initial Invariant] i < n
This means the loop invariant is too strong at the loop entry, violating the establishment condition of loop correctness.  
Your task is to relax or weaken the loop invariant at the position marked by: "[Hint] Loop invariant too strong initially. Relax it."
IMPORTANT RULES:
1. The relaxed invariants must still hold:
   - Establishment: They must be provable solely from the function's requires clauses and the program state before entering the loop.
   - Preservation: after executing the loop body exactly once, the invariant still holds.
   - Zero-iteration case: the invariant is valid even if the loop never executes.
2. Do NOT restate or print any of the existing loop invariants.  
   Only output the modified (weakened) invariants necessary to make the establishment step succeed.
3. Your answer must be solely in the form:
   ```
   loop invariant ...;
   loop invariant ...;
   ...
   ```
4. All invariants must follow ACSL syntax and be valid loop invariants.
5. No explanation. No commentary. Just show me the loop invariant.
 /no_think
--------------------------
----------Response----------
[unused16][unused17]```
loop invariant i_0: k == 1;
loop invariant i_1: i >= l;
```
----------------------------
-------------Establishment_requires: i_1: establishment---------------
----------Prompt----------

/*
 * "nested4.c" from InvGen benchmark suite
 */

/*@
    requires l > 0;
    requires n > l;
*/
void oopsla_03(int n, int l) {
    int i,k;

    // Loop A
    /*@
        [Hint] Loop invariant i >= l too strong initially. Relax it.

        loop invariant i_0: k == 1;

        loop invariant i_1: i >= l;

        loop invariant i_2: i == n;

        loop invariant i_13: i < n;


        loop assigns k;
        loop assigns i;
    */
    for (k=1; k<n; k++){
        
        // Loop B
        /*@
            loop invariant i_8: 1 <= k;

            loop invariant i_9: i >= l;

            loop invariant i_10: i < n;

            loop invariant i_12: k == 1;


            loop assigns i;
        */
        for (i=l; i<n; i++) {
        }
        
        // Loop C
        /*@
            loop invariant i_4: k == 1;

            loop invariant i_5: i >= l;

            loop invariant i_6: i == n;


            loop assigns k;
            loop assigns i;
        */
        for (i=l; i<n; i++) {
            //@ assert a_1: 1<=i;
        }
    }

}

You are an expert in deductive program verification using ACSL and Frama-C.
The following loop invariant of the loop labeled "A" cannot be established from the function's `requires` clauses:
[Unprovable Initial Invariant] i >= l
This means the loop invariant is too strong at the loop entry, violating the establishment condition of loop correctness.  
Your task is to relax or weaken the loop invariant at the position marked by: "[Hint] Loop invariant too strong initially. Relax it."
IMPORTANT RULES:
1. The relaxed invariants must still hold:
   - Establishment: They must be provable solely from the function's requires clauses and the program state before entering the loop.
   - Preservation: after executing the loop body exactly once, the invariant still holds.
   - Zero-iteration case: the invariant is valid even if the loop never executes.
2. Do NOT restate or print any of the existing loop invariants.  
   Only output the modified (weakened) invariants necessary to make the establishment step succeed.
3. Your answer must be solely in the form:
   ```
   loop invariant ...;
   loop invariant ...;
   ...
   ```
4. All invariants must follow ACSL syntax and be valid loop invariants.
5. No explanation. No commentary. Just show me the loop invariant.
 /no_think
--------------------------
----------Response----------
[unused16][unused17]```
loop invariant i_0: k == 1;
loop invariant i_1: i >= l;
```
----------------------------
--------------------------------
------------Invariant Info-----------
LOOP A:
i_0: k == 1
i_1: i >= l
i_2: i == n
i_13: i < n
LOOP B:
i_8: 1 <= k
i_9: i >= l
i_10: i < n
i_12: k == 1
LOOP C:
i_4: k == 1
i_5: i >= l
i_6: i == n
------------------------------------
----------Code with Invariants----------
/*
 * "nested4.c" from InvGen benchmark suite
 */

/*@
    requires l > 0;
    requires n > l;
*/
void oopsla_03(int n, int l) {
    int i,k;

    // Loop A
    /*@
        loop invariant i_0: k == 1;

        loop invariant i_1: i >= l;

        loop invariant i_2: i == n;

        loop invariant i_13: i < n;


        loop assigns k;
        loop assigns i;
    */
    for (k=1; k<n; k++){
        
        // Loop B
        /*@
            loop invariant i_8: 1 <= k;

            loop invariant i_9: i >= l;

            loop invariant i_10: i < n;

            loop invariant i_12: k == 1;


            loop assigns i;
        */
        for (i=l; i<n; i++) {
        }
        
        // Loop C
        /*@
            loop invariant i_4: k == 1;

            loop invariant i_5: i >= l;

            loop invariant i_6: i == n;


            loop assigns k;
            loop assigns i;
        */
        for (i=l; i<n; i++) {
            //@ assert a_1: 1<=i;
        }
    }

}

----------------------------------------
----------Begin Revise----------
-------------Establishment_requires: i_2: establishment---------------
----------Prompt----------

/*
 * "nested4.c" from InvGen benchmark suite
 */

/*@
    requires l > 0;
    requires n > l;
*/
void oopsla_03(int n, int l) {
    int i,k;

    // Loop A
    /*@
        [Hint] Loop invariant i == n too strong initially. Relax it.

        loop invariant i_0: k == 1;

        loop invariant i_1: i >= l;

        loop invariant i_2: i == n;

        loop invariant i_13: i < n;


        loop assigns k;
        loop assigns i;
    */
    for (k=1; k<n; k++){
        
        // Loop B
        /*@
            loop invariant i_8: 1 <= k;

            loop invariant i_9: i >= l;

            loop invariant i_10: i < n;

            loop invariant i_12: k == 1;


            loop assigns i;
        */
        for (i=l; i<n; i++) {
        }
        
        // Loop C
        /*@
            loop invariant i_4: k == 1;

            loop invariant i_5: i >= l;

            loop invariant i_6: i == n;


            loop assigns k;
            loop assigns i;
        */
        for (i=l; i<n; i++) {
            //@ assert a_1: 1<=i;
        }
    }

}

You are an expert in deductive program verification using ACSL and Frama-C.
The following loop invariant of the loop labeled "A" cannot be established from the function's `requires` clauses:
[Unprovable Initial Invariant] i == n
This means the loop invariant is too strong at the loop entry, violating the establishment condition of loop correctness.  
Your task is to relax or weaken the loop invariant at the position marked by: "[Hint] Loop invariant too strong initially. Relax it."
IMPORTANT RULES:
1. The relaxed invariants must still hold:
   - Establishment: They must be provable solely from the function's requires clauses and the program state before entering the loop.
   - Preservation: after executing the loop body exactly once, the invariant still holds.
   - Zero-iteration case: the invariant is valid even if the loop never executes.
2. Do NOT restate or print any of the existing loop invariants.  
   Only output the modified (weakened) invariants necessary to make the establishment step succeed.
3. Your answer must be solely in the form:
   ```
   loop invariant ...;
   loop invariant ...;
   ...
   ```
4. All invariants must follow ACSL syntax and be valid loop invariants.
5. No explanation. No commentary. Just show me the loop invariant.
 /no_think
--------------------------
----------Response----------
[unused16][unused17]```
loop invariant i_0: k == 1;
loop invariant i_1: i >= l;
loop invariant i_2: i < n;
loop invariant i_13: i < n;
```
----------------------------
-------------Establishment_requires: i_1: establishment---------------
----------Prompt----------

/*
 * "nested4.c" from InvGen benchmark suite
 */

/*@
    requires l > 0;
    requires n > l;
*/
void oopsla_03(int n, int l) {
    int i,k;

    // Loop A
    /*@
        [Hint] Loop invariant i >= l too strong initially. Relax it.

        loop invariant i_0: k == 1;

        loop invariant i_1: i >= l;

        loop invariant i_2: i == n;

        loop invariant i_13: i < n;


        loop assigns k;
        loop assigns i;
    */
    for (k=1; k<n; k++){
        
        // Loop B
        /*@
            loop invariant i_8: 1 <= k;

            loop invariant i_9: i >= l;

            loop invariant i_10: i < n;

            loop invariant i_12: k == 1;


            loop assigns i;
        */
        for (i=l; i<n; i++) {
        }
        
        // Loop C
        /*@
            loop invariant i_4: k == 1;

            loop invariant i_5: i >= l;

            loop invariant i_6: i == n;


            loop assigns k;
            loop assigns i;
        */
        for (i=l; i<n; i++) {
            //@ assert a_1: 1<=i;
        }
    }

}

You are an expert in deductive program verification using ACSL and Frama-C.
The following loop invariant of the loop labeled "A" cannot be established from the function's `requires` clauses:
[Unprovable Initial Invariant] i >= l
This means the loop invariant is too strong at the loop entry, violating the establishment condition of loop correctness.  
Your task is to relax or weaken the loop invariant at the position marked by: "[Hint] Loop invariant too strong initially. Relax it."
IMPORTANT RULES:
1. The relaxed invariants must still hold:
   - Establishment: They must be provable solely from the function's requires clauses and the program state before entering the loop.
   - Preservation: after executing the loop body exactly once, the invariant still holds.
   - Zero-iteration case: the invariant is valid even if the loop never executes.
2. Do NOT restate or print any of the existing loop invariants.  
   Only output the modified (weakened) invariants necessary to make the establishment step succeed.
3. Your answer must be solely in the form:
   ```
   loop invariant ...;
   loop invariant ...;
   ...
   ```
4. All invariants must follow ACSL syntax and be valid loop invariants.
5. No explanation. No commentary. Just show me the loop invariant.
 /no_think
--------------------------
----------Response----------
[unused16][unused17]```
loop invariant k == 1;
loop invariant i >= l;
loop invariant i < n;
```
----------------------------
-------------Establishment_requires: i_13: establishment---------------
----------Prompt----------

/*
 * "nested4.c" from InvGen benchmark suite
 */

/*@
    requires l > 0;
    requires n > l;
*/
void oopsla_03(int n, int l) {
    int i,k;

    // Loop A
    /*@
        [Hint] Loop invariant i < n too strong initially. Relax it.

        loop invariant i_0: k == 1;

        loop invariant i_1: i >= l;

        loop invariant i_2: i == n;

        loop invariant i_13: i < n;


        loop assigns k;
        loop assigns i;
    */
    for (k=1; k<n; k++){
        
        // Loop B
        /*@
            loop invariant i_8: 1 <= k;

            loop invariant i_9: i >= l;

            loop invariant i_10: i < n;

            loop invariant i_12: k == 1;


            loop assigns i;
        */
        for (i=l; i<n; i++) {
        }
        
        // Loop C
        /*@
            loop invariant i_4: k == 1;

            loop invariant i_5: i >= l;

            loop invariant i_6: i == n;


            loop assigns k;
            loop assigns i;
        */
        for (i=l; i<n; i++) {
            //@ assert a_1: 1<=i;
        }
    }

}

You are an expert in deductive program verification using ACSL and Frama-C.
The following loop invariant of the loop labeled "A" cannot be established from the function's `requires` clauses:
[Unprovable Initial Invariant] i < n
This means the loop invariant is too strong at the loop entry, violating the establishment condition of loop correctness.  
Your task is to relax or weaken the loop invariant at the position marked by: "[Hint] Loop invariant too strong initially. Relax it."
IMPORTANT RULES:
1. The relaxed invariants must still hold:
   - Establishment: They must be provable solely from the function's requires clauses and the program state before entering the loop.
   - Preservation: after executing the loop body exactly once, the invariant still holds.
   - Zero-iteration case: the invariant is valid even if the loop never executes.
2. Do NOT restate or print any of the existing loop invariants.  
   Only output the modified (weakened) invariants necessary to make the establishment step succeed.
3. Your answer must be solely in the form:
   ```
   loop invariant ...;
   loop invariant ...;
   ...
   ```
4. All invariants must follow ACSL syntax and be valid loop invariants.
5. No explanation. No commentary. Just show me the loop invariant.
 /no_think
--------------------------
----------Response----------
[unused16][unused17]```
loop invariant i < n;
```
----------------------------
--------------------------------
------------Invariant Info-----------
LOOP A:
i_0: k == 1
i_1: i >= l
i_2: i == n
i_13: i < n
LOOP B:
i_8: 1 <= k
i_9: i >= l
i_10: i < n
i_12: k == 1
LOOP C:
i_4: k == 1
i_5: i >= l
i_6: i == n
------------------------------------
----------Code with Invariants----------
/*
 * "nested4.c" from InvGen benchmark suite
 */

/*@
    requires l > 0;
    requires n > l;
*/
void oopsla_03(int n, int l) {
    int i,k;

    // Loop A
    /*@
        loop invariant i_0: k == 1;

        loop invariant i_1: i >= l;

        loop invariant i_2: i == n;

        loop invariant i_13: i < n;


        loop assigns k;
        loop assigns i;
    */
    for (k=1; k<n; k++){
        
        // Loop B
        /*@
            loop invariant i_8: 1 <= k;

            loop invariant i_9: i >= l;

            loop invariant i_10: i < n;

            loop invariant i_12: k == 1;


            loop assigns i;
        */
        for (i=l; i<n; i++) {
        }
        
        // Loop C
        /*@
            loop invariant i_4: k == 1;

            loop invariant i_5: i >= l;

            loop invariant i_6: i == n;


            loop assigns k;
            loop assigns i;
        */
        for (i=l; i<n; i++) {
            //@ assert a_1: 1<=i;
        }
    }

}

----------------------------------------
----------Begin Revise----------
-------------Establishment_requires: i_2: establishment---------------
----------Prompt----------

/*
 * "nested4.c" from InvGen benchmark suite
 */

/*@
    requires l > 0;
    requires n > l;
*/
void oopsla_03(int n, int l) {
    int i,k;

    // Loop A
    /*@
        [Hint] Loop invariant i == n too strong initially. Relax it.

        loop invariant i_0: k == 1;

        loop invariant i_1: i >= l;

        loop invariant i_2: i == n;

        loop invariant i_13: i < n;


        loop assigns k;
        loop assigns i;
    */
    for (k=1; k<n; k++){
        
        // Loop B
        /*@
            loop invariant i_8: 1 <= k;

            loop invariant i_9: i >= l;

            loop invariant i_10: i < n;

            loop invariant i_12: k == 1;


            loop assigns i;
        */
        for (i=l; i<n; i++) {
        }
        
        // Loop C
        /*@
            loop invariant i_4: k == 1;

            loop invariant i_5: i >= l;

            loop invariant i_6: i == n;


            loop assigns k;
            loop assigns i;
        */
        for (i=l; i<n; i++) {
            //@ assert a_1: 1<=i;
        }
    }

}

You are an expert in deductive program verification using ACSL and Frama-C.
The following loop invariant of the loop labeled "A" cannot be established from the function's `requires` clauses:
[Unprovable Initial Invariant] i == n
This means the loop invariant is too strong at the loop entry, violating the establishment condition of loop correctness.  
Your task is to relax or weaken the loop invariant at the position marked by: "[Hint] Loop invariant too strong initially. Relax it."
IMPORTANT RULES:
1. The relaxed invariants must still hold:
   - Establishment: They must be provable solely from the function's requires clauses and the program state before entering the loop.
   - Preservation: after executing the loop body exactly once, the invariant still holds.
   - Zero-iteration case: the invariant is valid even if the loop never executes.
2. Do NOT restate or print any of the existing loop invariants.  
   Only output the modified (weakened) invariants necessary to make the establishment step succeed.
3. Your answer must be solely in the form:
   ```
   loop invariant ...;
   loop invariant ...;
   ...
   ```
4. All invariants must follow ACSL syntax and be valid loop invariants.
5. No explanation. No commentary. Just show me the loop invariant.
 /no_think
--------------------------
----------Response----------
[unused16][unused17]```
loop invariant i_0: k == 1;
loop invariant i_1: i >= l;
loop invariant i_2: i < n;
```
----------------------------
-------------Establishment_requires: i_13: establishment---------------
----------Prompt----------

/*
 * "nested4.c" from InvGen benchmark suite
 */

/*@
    requires l > 0;
    requires n > l;
*/
void oopsla_03(int n, int l) {
    int i,k;

    // Loop A
    /*@
        [Hint] Loop invariant i < n too strong initially. Relax it.

        loop invariant i_0: k == 1;

        loop invariant i_1: i >= l;

        loop invariant i_2: i == n;

        loop invariant i_13: i < n;


        loop assigns k;
        loop assigns i;
    */
    for (k=1; k<n; k++){
        
        // Loop B
        /*@
            loop invariant i_8: 1 <= k;

            loop invariant i_9: i >= l;

            loop invariant i_10: i < n;

            loop invariant i_12: k == 1;


            loop assigns i;
        */
        for (i=l; i<n; i++) {
        }
        
        // Loop C
        /*@
            loop invariant i_4: k == 1;

            loop invariant i_5: i >= l;

            loop invariant i_6: i == n;


            loop assigns k;
            loop assigns i;
        */
        for (i=l; i<n; i++) {
            //@ assert a_1: 1<=i;
        }
    }

}

You are an expert in deductive program verification using ACSL and Frama-C.
The following loop invariant of the loop labeled "A" cannot be established from the function's `requires` clauses:
[Unprovable Initial Invariant] i < n
This means the loop invariant is too strong at the loop entry, violating the establishment condition of loop correctness.  
Your task is to relax or weaken the loop invariant at the position marked by: "[Hint] Loop invariant too strong initially. Relax it."
IMPORTANT RULES:
1. The relaxed invariants must still hold:
   - Establishment: They must be provable solely from the function's requires clauses and the program state before entering the loop.
   - Preservation: after executing the loop body exactly once, the invariant still holds.
   - Zero-iteration case: the invariant is valid even if the loop never executes.
2. Do NOT restate or print any of the existing loop invariants.  
   Only output the modified (weakened) invariants necessary to make the establishment step succeed.
3. Your answer must be solely in the form:
   ```
   loop invariant ...;
   loop invariant ...;
   ...
   ```
4. All invariants must follow ACSL syntax and be valid loop invariants.
5. No explanation. No commentary. Just show me the loop invariant.
 /no_think
--------------------------
----------Response----------
[unused16][unused17]```
loop invariant i_0: k == 1;
loop invariant i_1: i < n;
```
----------------------------
-------------Establishment_requires: i_1: establishment---------------
----------Prompt----------

/*
 * "nested4.c" from InvGen benchmark suite
 */

/*@
    requires l > 0;
    requires n > l;
*/
void oopsla_03(int n, int l) {
    int i,k;

    // Loop A
    /*@
        [Hint] Loop invariant i >= l too strong initially. Relax it.

        loop invariant i_0: k == 1;

        loop invariant i_1: i >= l;

        loop invariant i_2: i == n;

        loop invariant i_13: i < n;


        loop assigns k;
        loop assigns i;
    */
    for (k=1; k<n; k++){
        
        // Loop B
        /*@
            loop invariant i_8: 1 <= k;

            loop invariant i_9: i >= l;

            loop invariant i_10: i < n;

            loop invariant i_12: k == 1;


            loop assigns i;
        */
        for (i=l; i<n; i++) {
        }
        
        // Loop C
        /*@
            loop invariant i_4: k == 1;

            loop invariant i_5: i >= l;

            loop invariant i_6: i == n;


            loop assigns k;
            loop assigns i;
        */
        for (i=l; i<n; i++) {
            //@ assert a_1: 1<=i;
        }
    }

}

You are an expert in deductive program verification using ACSL and Frama-C.
The following loop invariant of the loop labeled "A" cannot be established from the function's `requires` clauses:
[Unprovable Initial Invariant] i >= l
This means the loop invariant is too strong at the loop entry, violating the establishment condition of loop correctness.  
Your task is to relax or weaken the loop invariant at the position marked by: "[Hint] Loop invariant too strong initially. Relax it."
IMPORTANT RULES:
1. The relaxed invariants must still hold:
   - Establishment: They must be provable solely from the function's requires clauses and the program state before entering the loop.
   - Preservation: after executing the loop body exactly once, the invariant still holds.
   - Zero-iteration case: the invariant is valid even if the loop never executes.
2. Do NOT restate or print any of the existing loop invariants.  
   Only output the modified (weakened) invariants necessary to make the establishment step succeed.
3. Your answer must be solely in the form:
   ```
   loop invariant ...;
   loop invariant ...;
   ...
   ```
4. All invariants must follow ACSL syntax and be valid loop invariants.
5. No explanation. No commentary. Just show me the loop invariant.
 /no_think
--------------------------
----------Response----------
[unused16][unused17]```
loop invariant i_0: k == 1;
loop invariant i_1: i >= l;
loop invariant i_2: i < n;
loop invariant i_13: i < n;
```
----------------------------
--------------------------------
------------Invariant Info-----------
LOOP A:
i_0: k == 1
i_1: i >= l
i_2: i == n
i_13: i < n
LOOP B:
i_8: 1 <= k
i_9: i >= l
i_10: i < n
i_12: k == 1
LOOP C:
i_4: k == 1
i_5: i >= l
i_6: i == n
------------------------------------
----------Code with Invariants----------
/*
 * "nested4.c" from InvGen benchmark suite
 */

/*@
    requires l > 0;
    requires n > l;
*/
void oopsla_03(int n, int l) {
    int i,k;

    // Loop A
    /*@
        loop invariant i_0: k == 1;

        loop invariant i_1: i >= l;

        loop invariant i_2: i == n;

        loop invariant i_13: i < n;


        loop assigns k;
        loop assigns i;
    */
    for (k=1; k<n; k++){
        
        // Loop B
        /*@
            loop invariant i_8: 1 <= k;

            loop invariant i_9: i >= l;

            loop invariant i_10: i < n;

            loop invariant i_12: k == 1;


            loop assigns i;
        */
        for (i=l; i<n; i++) {
        }
        
        // Loop C
        /*@
            loop invariant i_4: k == 1;

            loop invariant i_5: i >= l;

            loop invariant i_6: i == n;


            loop assigns k;
            loop assigns i;
        */
        for (i=l; i<n; i++) {
            //@ assert a_1: 1<=i;
        }
    }

}

----------------------------------------
----------Begin Revise----------
-------------Establishment_requires: i_13: establishment---------------
----------Prompt----------

/*
 * "nested4.c" from InvGen benchmark suite
 */

/*@
    requires l > 0;
    requires n > l;
*/
void oopsla_03(int n, int l) {
    int i,k;

    // Loop A
    /*@
        [Hint] Loop invariant i < n too strong initially. Relax it.

        loop invariant i_0: k == 1;

        loop invariant i_1: i >= l;

        loop invariant i_13: i < n;


        loop assigns k;
        loop assigns i;
    */
    for (k=1; k<n; k++){
        
        // Loop B
        /*@
            loop invariant i_8: 1 <= k;

            loop invariant i_9: i >= l;

            loop invariant i_10: i < n;

            loop invariant i_12: k == 1;


            loop assigns i;
        */
        for (i=l; i<n; i++) {
        }
        
        // Loop C
        /*@
            loop invariant i_4: k == 1;

            loop invariant i_5: i >= l;

            loop invariant i_6: i == n;


            loop assigns k;
            loop assigns i;
        */
        for (i=l; i<n; i++) {
            //@ assert a_1: 1<=i;
        }
    }

}

You are an expert in deductive program verification using ACSL and Frama-C.
The following loop invariant of the loop labeled "A" cannot be established from the function's `requires` clauses:
[Unprovable Initial Invariant] i < n
This means the loop invariant is too strong at the loop entry, violating the establishment condition of loop correctness.  
Your task is to relax or weaken the loop invariant at the position marked by: "[Hint] Loop invariant too strong initially. Relax it."
IMPORTANT RULES:
1. The relaxed invariants must still hold:
   - Establishment: They must be provable solely from the function's requires clauses and the program state before entering the loop.
   - Preservation: after executing the loop body exactly once, the invariant still holds.
   - Zero-iteration case: the invariant is valid even if the loop never executes.
2. Do NOT restate or print any of the existing loop invariants.  
   Only output the modified (weakened) invariants necessary to make the establishment step succeed.
3. Your answer must be solely in the form:
   ```
   loop invariant ...;
   loop invariant ...;
   ...
   ```
4. All invariants must follow ACSL syntax and be valid loop invariants.
5. No explanation. No commentary. Just show me the loop invariant.
 /no_think
--------------------------
----------Response----------
[unused16][unused17]```
loop invariant i < n;
```
----------------------------
--------------------------------
------------Invariant Info-----------
LOOP A:
i_0: k == 1
i_13: i < n
LOOP B:
i_8: 1 <= k
i_9: i >= l
i_10: i < n
i_12: k == 1
LOOP C:
i_4: k == 1
i_5: i >= l
i_6: i == n
------------------------------------
----------Code with Invariants----------
/*
 * "nested4.c" from InvGen benchmark suite
 */

/*@
    requires l > 0;
    requires n > l;
*/
void oopsla_03(int n, int l) {
    int i,k;

    // Loop A
    /*@
        loop invariant i_0: k == 1;

        loop invariant i_13: i < n;


        loop assigns k;
        loop assigns i;
    */
    for (k=1; k<n; k++){
        
        // Loop B
        /*@
            loop invariant i_8: 1 <= k;

            loop invariant i_9: i >= l;

            loop invariant i_10: i < n;

            loop invariant i_12: k == 1;


            loop assigns i;
        */
        for (i=l; i<n; i++) {
        }
        
        // Loop C
        /*@
            loop invariant i_4: k == 1;

            loop invariant i_5: i >= l;

            loop invariant i_6: i == n;


            loop assigns k;
            loop assigns i;
        */
        for (i=l; i<n; i++) {
            //@ assert a_1: 1<=i;
        }
    }

}

----------------------------------------
----------Begin Revise----------
-------------Establishment_requires: i_13: establishment---------------
----------Prompt----------

/*
 * "nested4.c" from InvGen benchmark suite
 */

/*@
    requires l > 0;
    requires n > l;
*/
void oopsla_03(int n, int l) {
    int i,k;

    // Loop A
    /*@
        [Hint] Loop invariant i < n too strong initially. Relax it.

        loop invariant i_0: k == 1;

        loop invariant i_13: i < n;


        loop assigns k;
        loop assigns i;
    */
    for (k=1; k<n; k++){
        
        // Loop B
        /*@
            loop invariant i_8: 1 <= k;

            loop invariant i_9: i >= l;

            loop invariant i_10: i < n;

            loop invariant i_12: k == 1;


            loop assigns i;
        */
        for (i=l; i<n; i++) {
        }
        
        // Loop C
        /*@
            loop invariant i_4: k == 1;

            loop invariant i_5: i >= l;

            loop invariant i_6: i == n;


            loop assigns k;
            loop assigns i;
        */
        for (i=l; i<n; i++) {
            //@ assert a_1: 1<=i;
        }
    }

}

You are an expert in deductive program verification using ACSL and Frama-C.
The following loop invariant of the loop labeled "A" cannot be established from the function's `requires` clauses:
[Unprovable Initial Invariant] i < n
This means the loop invariant is too strong at the loop entry, violating the establishment condition of loop correctness.  
Your task is to relax or weaken the loop invariant at the position marked by: "[Hint] Loop invariant too strong initially. Relax it."
IMPORTANT RULES:
1. The relaxed invariants must still hold:
   - Establishment: They must be provable solely from the function's requires clauses and the program state before entering the loop.
   - Preservation: after executing the loop body exactly once, the invariant still holds.
   - Zero-iteration case: the invariant is valid even if the loop never executes.
2. Do NOT restate or print any of the existing loop invariants.  
   Only output the modified (weakened) invariants necessary to make the establishment step succeed.
3. Your answer must be solely in the form:
   ```
   loop invariant ...;
   loop invariant ...;
   ...
   ```
4. All invariants must follow ACSL syntax and be valid loop invariants.
5. No explanation. No commentary. Just show me the loop invariant.
 /no_think
--------------------------
----------Response----------
[unused16][unused17]```
loop invariant i_0: k == 1;
loop invariant i_13: i < n;
```
----------------------------
-------------Preservation_self: i_10: preservation---------------
----------Prompt----------

/*
 * "nested4.c" from InvGen benchmark suite
 */

/*@
    requires l > 0;
    requires n > l;
*/
void oopsla_03(int n, int l) {
    int i,k;

    // Loop A
    /*@
        loop invariant i_0: k == 1;

        loop invariant i_13: i < n;


        loop assigns k;
        loop assigns i;
    */
    for (k=1; k<n; k++){
        
        // Loop B
        /*@
            [Hint] Invariant i < n not preserved in this loop. Fix or supplement invariants.

            loop invariant i_8: 1 <= k;

            loop invariant i_9: i >= l;

            loop invariant i_10: i < n;

            loop invariant i_12: k == 1;


            loop assigns i;
        */
        for (i=l; i<n; i++) {
        }
        
        // Loop C
        /*@
            loop invariant i_4: k == 1;

            loop invariant i_5: i >= l;

            loop invariant i_6: i == n;


            loop assigns k;
            loop assigns i;
        */
        for (i=l; i<n; i++) {
            //@ assert a_1: 1<=i;
        }
    }

}

You are an expert in deductive program verification using ACSL and Frama-C.
[Unprovable Invariant] i < n
The above loop invariant of loop "B" fails the preservation (inductive) condition:
after executing one iteration of the loop body, the invariant cannot be re-established.
[Loop Body]
i++;
This failure indicates that the current invariant may be incorrect or incomplete.  
There are two typical causes:
  1) The invariant is logically incorrect, so it does not hold after the loop body executes once.
     - In this case, you must adjust the invariant so that it is preserved by the loop body.
  2) The invariant is insufficient, i.e., it misses essential supporting conditions needed to re-establish itself.
     - In this case, you must introduce additional invariants so that the whole set becomes inductive.
Your task is to produce the corrected and/or auxiliary invariants that make the preservation step succeed.
IMPORTANT RULES:
1. You MUST NOT output any of the original invariants already in the code. Only output the new or modified invariants.
2. All invariants you produce must satisfy:
   - Establishment: they hold on loop entry.
   - Preservation: after executing the loop body exactly once, the invariant still holds.
   - Zero-iteration case: the invariant is valid even if the loop never executes.
3. The answer must follow this format exactly:
   ```
   loop invariant ...;
   loop invariant ...;
   ...
   ```
4. All invariants must follow ACSL syntax and be valid loop invariants.
5. No explanation. No commentary. Just show me the loop invariant.
 /no_think
--------------------------
----------Response----------
[unused16][unused17]```
loop invariant i_8: 1 <= k;
loop invariant i_9: i >= l;
```
----------------------------
--------------------------------
------------Invariant Info-----------
LOOP A:
i_0: k == 1
i_13: i < n
LOOP B:
i_8: 1 <= k
i_9: i >= l
i_10: i < n
i_12: k == 1
LOOP C:
i_4: k == 1
i_5: i >= l
i_6: i == n
------------------------------------
----------Code with Invariants----------
/*
 * "nested4.c" from InvGen benchmark suite
 */

/*@
    requires l > 0;
    requires n > l;
*/
void oopsla_03(int n, int l) {
    int i,k;

    // Loop A
    /*@
        loop invariant i_0: k == 1;

        loop invariant i_13: i < n;


        loop assigns k;
        loop assigns i;
    */
    for (k=1; k<n; k++){
        
        // Loop B
        /*@
            loop invariant i_8: 1 <= k;

            loop invariant i_9: i >= l;

            loop invariant i_10: i < n;

            loop invariant i_12: k == 1;


            loop assigns i;
        */
        for (i=l; i<n; i++) {
        }
        
        // Loop C
        /*@
            loop invariant i_4: k == 1;

            loop invariant i_5: i >= l;

            loop invariant i_6: i == n;


            loop assigns k;
            loop assigns i;
        */
        for (i=l; i<n; i++) {
            //@ assert a_1: 1<=i;
        }
    }

}

----------------------------------------
----------Begin Revise----------
-------------Preservation_self: i_10: preservation---------------
----------Prompt----------

/*
 * "nested4.c" from InvGen benchmark suite
 */

/*@
    requires l > 0;
    requires n > l;
*/
void oopsla_03(int n, int l) {
    int i,k;

    // Loop A
    /*@
        loop invariant i_0: k == 1;


        loop assigns k;
        loop assigns i;
    */
    for (k=1; k<n; k++){
        
        // Loop B
        /*@
            [Hint] Invariant i < n not preserved in this loop. Fix or supplement invariants.

            loop invariant i_8: 1 <= k;

            loop invariant i_9: i >= l;

            loop invariant i_10: i < n;

            loop invariant i_12: k == 1;


            loop assigns i;
        */
        for (i=l; i<n; i++) {
        }
        
        // Loop C
        /*@
            loop invariant i_4: k == 1;

            loop invariant i_5: i >= l;

            loop invariant i_6: i == n;


            loop assigns k;
            loop assigns i;
        */
        for (i=l; i<n; i++) {
            //@ assert a_1: 1<=i;
        }
    }

}

You are an expert in deductive program verification using ACSL and Frama-C.
[Unprovable Invariant] i < n
The above loop invariant of loop "B" fails the preservation (inductive) condition:
after executing one iteration of the loop body, the invariant cannot be re-established.
[Loop Body]
i++;
This failure indicates that the current invariant may be incorrect or incomplete.  
There are two typical causes:
  1) The invariant is logically incorrect, so it does not hold after the loop body executes once.
     - In this case, you must adjust the invariant so that it is preserved by the loop body.
  2) The invariant is insufficient, i.e., it misses essential supporting conditions needed to re-establish itself.
     - In this case, you must introduce additional invariants so that the whole set becomes inductive.
Your task is to produce the corrected and/or auxiliary invariants that make the preservation step succeed.
IMPORTANT RULES:
1. You MUST NOT output any of the original invariants already in the code. Only output the new or modified invariants.
2. All invariants you produce must satisfy:
   - Establishment: they hold on loop entry.
   - Preservation: after executing the loop body exactly once, the invariant still holds.
   - Zero-iteration case: the invariant is valid even if the loop never executes.
3. The answer must follow this format exactly:
   ```
   loop invariant ...;
   loop invariant ...;
   ...
   ```
4. All invariants must follow ACSL syntax and be valid loop invariants.
5. No explanation. No commentary. Just show me the loop invariant.
 /no_think
--------------------------
----------Response----------
[unused16][unused17]```
loop invariant 1 <= k;

loop invariant i >= l;

loop invariant i < n;

loop invariant k == 1;
```
----------------------------
--------------------------------
------------Invariant Info-----------
LOOP A:
i_0: k == 1
LOOP B:
i_8: 1 <= k
i_9: i >= l
i_10: i < n
i_12: k == 1
LOOP C:
i_4: k == 1
i_5: i >= l
i_6: i == n
------------------------------------
----------Code with Invariants----------
/*
 * "nested4.c" from InvGen benchmark suite
 */

/*@
    requires l > 0;
    requires n > l;
*/
void oopsla_03(int n, int l) {
    int i,k;

    // Loop A
    /*@
        loop invariant i_0: k == 1;


        loop assigns k;
        loop assigns i;
    */
    for (k=1; k<n; k++){
        
        // Loop B
        /*@
            loop invariant i_8: 1 <= k;

            loop invariant i_9: i >= l;

            loop invariant i_10: i < n;

            loop invariant i_12: k == 1;


            loop assigns i;
        */
        for (i=l; i<n; i++) {
        }
        
        // Loop C
        /*@
            loop invariant i_4: k == 1;

            loop invariant i_5: i >= l;

            loop invariant i_6: i == n;


            loop assigns k;
            loop assigns i;
        */
        for (i=l; i<n; i++) {
            //@ assert a_1: 1<=i;
        }
    }

}

----------------------------------------
----------Begin Revise----------
-------------Preservation_self: i_10: preservation---------------
----------Prompt----------

/*
 * "nested4.c" from InvGen benchmark suite
 */

/*@
    requires l > 0;
    requires n > l;
*/
void oopsla_03(int n, int l) {
    int i,k;

    // Loop A
    /*@
        loop invariant i_0: k == 1;


        loop assigns k;
        loop assigns i;
    */
    for (k=1; k<n; k++){
        
        // Loop B
        /*@
            [Hint] Invariant i < n not preserved in this loop. Fix or supplement invariants.

            loop invariant i_8: 1 <= k;

            loop invariant i_9: i >= l;

            loop invariant i_10: i < n;

            loop invariant i_12: k == 1;


            loop assigns i;
        */
        for (i=l; i<n; i++) {
        }
        
        // Loop C
        /*@
            loop invariant i_4: k == 1;

            loop invariant i_5: i >= l;

            loop invariant i_6: i == n;


            loop assigns k;
            loop assigns i;
        */
        for (i=l; i<n; i++) {
            //@ assert a_1: 1<=i;
        }
    }

}

You are an expert in deductive program verification using ACSL and Frama-C.
[Unprovable Invariant] i < n
The above loop invariant of loop "B" fails the preservation (inductive) condition:
after executing one iteration of the loop body, the invariant cannot be re-established.
[Loop Body]
i++;
This failure indicates that the current invariant may be incorrect or incomplete.  
There are two typical causes:
  1) The invariant is logically incorrect, so it does not hold after the loop body executes once.
     - In this case, you must adjust the invariant so that it is preserved by the loop body.
  2) The invariant is insufficient, i.e., it misses essential supporting conditions needed to re-establish itself.
     - In this case, you must introduce additional invariants so that the whole set becomes inductive.
Your task is to produce the corrected and/or auxiliary invariants that make the preservation step succeed.
IMPORTANT RULES:
1. You MUST NOT output any of the original invariants already in the code. Only output the new or modified invariants.
2. All invariants you produce must satisfy:
   - Establishment: they hold on loop entry.
   - Preservation: after executing the loop body exactly once, the invariant still holds.
   - Zero-iteration case: the invariant is valid even if the loop never executes.
3. The answer must follow this format exactly:
   ```
   loop invariant ...;
   loop invariant ...;
   ...
   ```
4. All invariants must follow ACSL syntax and be valid loop invariants.
5. No explanation. No commentary. Just show me the loop invariant.
 /no_think
--------------------------
----------Response----------
[unused16][unused17]```
loop invariant 1 <= k;
loop invariant i >= l;
```
----------------------------
--------------------------------
------------Invariant Info-----------
LOOP A:
i_0: k == 1
LOOP B:
i_8: 1 <= k
i_9: i >= l
i_10: i < n
i_12: k == 1
LOOP C:
i_4: k == 1
i_5: i >= l
i_6: i == n
------------------------------------
----------Code with Invariants----------
/*
 * "nested4.c" from InvGen benchmark suite
 */

/*@
    requires l > 0;
    requires n > l;
*/
void oopsla_03(int n, int l) {
    int i,k;

    // Loop A
    /*@
        loop invariant i_0: k == 1;


        loop assigns k;
        loop assigns i;
    */
    for (k=1; k<n; k++){
        
        // Loop B
        /*@
            loop invariant i_8: 1 <= k;

            loop invariant i_9: i >= l;

            loop invariant i_10: i < n;

            loop invariant i_12: k == 1;


            loop assigns i;
        */
        for (i=l; i<n; i++) {
        }
        
        // Loop C
        /*@
            loop invariant i_4: k == 1;

            loop invariant i_5: i >= l;

            loop invariant i_6: i == n;


            loop assigns k;
            loop assigns i;
        */
        for (i=l; i<n; i++) {
            //@ assert a_1: 1<=i;
        }
    }

}

----------------------------------------
------------Invariant Info-----------
LOOP A:
i_0: k == 1
LOOP B:
i_8: 1 <= k
i_9: i >= l
i_12: k == 1
LOOP C:
i_4: k == 1
i_5: i >= l
i_6: i == n
------------------------------------
----------Code with Invariants----------
/*
 * "nested4.c" from InvGen benchmark suite
 */

/*@
    requires l > 0;
    requires n > l;
*/
void oopsla_03(int n, int l) {
    int i,k;

    // Loop A
    /*@
        loop invariant i_0: k == 1;


        loop assigns k;
        loop assigns i;
    */
    for (k=1; k<n; k++){
        
        // Loop B
        /*@
            loop invariant i_8: 1 <= k;

            loop invariant i_9: i >= l;

            loop invariant i_12: k == 1;


            loop assigns i;
        */
        for (i=l; i<n; i++) {
        }
        
        // Loop C
        /*@
            loop invariant i_4: k == 1;

            loop invariant i_5: i >= l;

            loop invariant i_6: i == n;


            loop assigns k;
            loop assigns i;
        */
        for (i=l; i<n; i++) {
            //@ assert a_1: 1<=i;
        }
    }

}

----------------------------------------
------------Invariant Info-----------
LOOP A:
i_0: k == 1
LOOP B:
i_8: 1 <= k
i_9: i >= l
i_12: k == 1
LOOP C:
i_4: k == 1
i_5: i >= l
------------------------------------
----------Code with Invariants----------
/*
 * "nested4.c" from InvGen benchmark suite
 */

/*@
    requires l > 0;
    requires n > l;
*/
void oopsla_03(int n, int l) {
    int i,k;

    // Loop A
    /*@
        loop invariant i_0: k == 1;


        loop assigns k;
        loop assigns i;
    */
    for (k=1; k<n; k++){
        
        // Loop B
        /*@
            loop invariant i_8: 1 <= k;

            loop invariant i_9: i >= l;

            loop invariant i_12: k == 1;


            loop assigns i;
        */
        for (i=l; i<n; i++) {
        }
        
        // Loop C
        /*@
            loop invariant i_4: k == 1;

            loop invariant i_5: i >= l;


            loop assigns k;
            loop assigns i;
        */
        for (i=l; i<n; i++) {
            //@ assert a_1: 1<=i;
        }
    }

}

----------------------------------------
------------Invariant Info-----------
LOOP A:
LOOP B:
i_8: 1 <= k
i_9: i >= l
i_12: k == 1
LOOP C:
i_4: k == 1
i_5: i >= l
------------------------------------
----------Code with Invariants----------
/*
 * "nested4.c" from InvGen benchmark suite
 */

/*@
    requires l > 0;
    requires n > l;
*/
void oopsla_03(int n, int l) {
    int i,k;

    // Loop A
    /*@
        loop assigns k;
        loop assigns i;
    */
    for (k=1; k<n; k++){
        
        // Loop B
        /*@
            loop invariant i_8: 1 <= k;

            loop invariant i_9: i >= l;

            loop invariant i_12: k == 1;


            loop assigns i;
        */
        for (i=l; i<n; i++) {
        }
        
        // Loop C
        /*@
            loop invariant i_4: k == 1;

            loop invariant i_5: i >= l;


            loop assigns k;
            loop assigns i;
        */
        for (i=l; i<n; i++) {
            //@ assert a_1: 1<=i;
        }
    }

}

----------------------------------------
------------Invariant Info-----------
LOOP A:
LOOP B:
i_9: i >= l
LOOP C:
i_4: k == 1
i_5: i >= l
------------------------------------
----------Code with Invariants----------
/*
 * "nested4.c" from InvGen benchmark suite
 */

/*@
    requires l > 0;
    requires n > l;
*/
void oopsla_03(int n, int l) {
    int i,k;

    // Loop A
    /*@
        loop assigns k;
        loop assigns i;
    */
    for (k=1; k<n; k++){
        
        // Loop B
        /*@
            loop invariant i_9: i >= l;


            loop assigns i;
        */
        for (i=l; i<n; i++) {
        }
        
        // Loop C
        /*@
            loop invariant i_4: k == 1;

            loop invariant i_5: i >= l;


            loop assigns k;
            loop assigns i;
        */
        for (i=l; i<n; i++) {
            //@ assert a_1: 1<=i;
        }
    }

}

----------------------------------------
------------Invariant Info-----------
LOOP A:
LOOP B:
i_9: i >= l
LOOP C:
i_5: i >= l
------------------------------------
----------Code with Invariants----------
/*
 * "nested4.c" from InvGen benchmark suite
 */

/*@
    requires l > 0;
    requires n > l;
*/
void oopsla_03(int n, int l) {
    int i,k;

    // Loop A
    /*@
        loop assigns k;
        loop assigns i;
    */
    for (k=1; k<n; k++){
        
        // Loop B
        /*@
            loop invariant i_9: i >= l;


            loop assigns i;
        */
        for (i=l; i<n; i++) {
        }
        
        // Loop C
        /*@
            loop invariant i_5: i >= l;


            loop assigns k;
            loop assigns i;
        */
        for (i=l; i<n; i++) {
            //@ assert a_1: 1<=i;
        }
    }

}

----------------------------------------
---------Result---------
Success
Model: openPangu-Embedded-7B-V1.1
Running time: 301.8420453071594
Proposal number: 19
Verified code:
/*
 * "nested4.c" from InvGen benchmark suite
 */

/*@
    requires l > 0;
    requires n > l;
*/
void oopsla_03(int n, int l) {
    int i,k;

    // Loop A
    /*@
        loop assigns k;
        loop assigns i;
    */
    for (k=1; k<n; k++){
        
        // Loop B
        /*@
            loop invariant i_9: i >= l;


            loop assigns i;
        */
        for (i=l; i<n; i++) {
        }
        
        // Loop C
        /*@
            loop invariant i_5: i >= l;


            loop assigns k;
            loop assigns i;
        */
        for (i=l; i<n; i++) {
            //@ assert a_1: 1<=i;
        }
    }

}

------------------------
