-----------Model-----------
Model type:
PanguEmbeddedForCausalLM(
  (model): PanguEmbeddedModel(
    (embed_tokens): Embedding(153376, 4096, padding_idx=0)
    (layers): ModuleList(
      (0-33): 34 x PanguEmbeddedDecoderLayer(
        (self_attn): PanguEmbeddedAttention(
          (q_proj): Linear(in_features=4096, out_features=4096, bias=True)
          (k_proj): Linear(in_features=4096, out_features=1024, bias=True)
          (v_proj): Linear(in_features=4096, out_features=1024, bias=True)
          (o_proj): Linear(in_features=4096, out_features=4096, bias=True)
        )
        (mlp): PanguEmbeddedMLP(
          (gate_proj): Linear(in_features=4096, out_features=12800, bias=False)
          (up_proj): Linear(in_features=4096, out_features=12800, bias=False)
          (down_proj): Linear(in_features=12800, out_features=4096, bias=False)
          (act_fn): SiLU()
        )
        (input_layernorm): PanguEmbeddedRMSNorm((4096,), eps=1e-05)
        (post_attention_layernorm): PanguEmbeddedRMSNorm((4096,), eps=1e-05)
      )
    )
    (norm): PanguEmbeddedRMSNorm((4096,), eps=1e-05)
    (rotary_emb): PanguEmbeddedRotaryEmbedding()
  )
  (lm_head): Linear(in_features=4096, out_features=153376, bias=False)
)
Model device:
npu:1
---------------------------
File Path: ../Benchmark/OOPSLA/oopsla_09.c
----------Code----------
int unknown1();
int unknown2();
int unknown3();

/*
 * "fragtest_simple" from InvGen benchmark suite
 */


void oopsla_09(){
    int i, pvlen;
    int t;
    int k = 0;
    int n;
    i = 0;

    /*@
        loop assigns i;
    */
    while (unknown1())
        i = i + 1;
    
    if (i > pvlen) {
        pvlen = i;
    } 
    else {
    }
    i = 0;

    /*@
        loop assigns t, i, k;
    */
    while (unknown2()) {
        t = i;
        i = i + 1;
        k = k + 1;
    }

    /*@
        loop assigns \nothing;
    */
    while (unknown3());

    int j = 0;
    n = i;

    /*@
        loop assigns j, i, k;
    */
    while (1) {
        //@ assert a_1: k >= 0;
        k = k - 1;
        i = i - 1;
        j = j + 1;
        if (j < n) {
        } 
        else {
            break;
        }
    }
}

------------------------
----------Prompt----------

int unknown1();
int unknown2();
int unknown3();

/*
 * "fragtest_simple" from InvGen benchmark suite
 */


void oopsla_09(){
    int i, pvlen;
    int t;
    int k = 0;
    int n;
    i = 0;

    // Loop A
    /*@
        [Hint] Please infer the loop invariant for the following loop.

        loop assigns i;
    */
    while (unknown1())
        i = i + 1;
    
    if (i > pvlen) {
        pvlen = i;
    } 
    else {
    }
    i = 0;

    // Loop B
    /*@
        loop assigns t, i, k;
    */
    while (unknown2()) {
        t = i;
        i = i + 1;
        k = k + 1;
    }

    // Loop C
    /*@
        loop assigns \nothing;
    */
    while (unknown3());

    int j = 0;
    n = i;

    /*@
        loop assigns j, i, k;
    */
    while (1) {
        //@ assert a_1: k >= 0;
        k = k - 1;
        i = i - 1;
        j = j + 1;
        if (j < n) {
        } 
        else {
            break;
        }
    }
}

You are an expert in program verification, and please generate loop invariant as C annotation comments at the hint location (annotated by "[Hint] Please infer the loop invariant for the following loop.") using ACSL language.
ACSL is a specification language for C programs that conforms to the design by contract paradigm, utilizing Hoare style pre- and postconditions and invariants. Note that the `loop invariant` clause is a condition that is true at the beginning and end of every loop iteration.
Specifically, for the current verification task:
    - Pre-condition: the function's `requires` clauses
    - Post-condition: 
Please verify that the generated loop invariant is consistent with these constraints. If these specific pre- or post-conditions are not provided or empty, please infer the loop invariant strictly based on the program's execution logic and standard correctness.
In order to get a correct answer, You may want to consider both the situation of not entering the loop and the situation of jumping out of the loop. If some of the pre-conditions are also loop invariant, you need to add them to your answer as well.
Use '&&', '||', '==>', '\forall' or '\exists' if necessary. For instance:
```
loop invariant 1 <= x;
loop invariant x == y;
loop invariant 0 < x ==> y <= z;
loop invariant z % 2 == 1 || x == y;
loop invariant z % 2 == 1 && x <= y;
loop invariant \forall integer k;  0 <= k < i ==> max >=  a[k];
loop invariant \exists integer k;  0 <= k < i &&  max == a[k];
loop invariant \forall integer p; 0 <= p < \at(k, End_l) ==> res[p] == \at(res[p], End_l);
```
Your answer should follow the following format:
```
loop invariant ...;
loop invariant ...;
...
```
No explanation. No commentary. Just show me the loop invariant.
 /no_think
--------------------------
----------Response----------
[unused16][unused17]loop invariant i >= 0 && i <= n;
loop invariant k >= 0 && k <= i;
```
----------------------------
----------Prompt----------

int unknown1();
int unknown2();
int unknown3();

/*
 * "fragtest_simple" from InvGen benchmark suite
 */


void oopsla_09(){
    int i, pvlen;
    int t;
    int k = 0;
    int n;
    i = 0;

    // Loop A
    /*@
        loop invariant i_0: i >= 0 && i <= n;

        loop invariant i_1: k >= 0 && k <= i;


        loop assigns i;
    */
    while (unknown1())
        i = i + 1;
    
    if (i > pvlen) {
        pvlen = i;
    } 
    else {
    }
    i = 0;

    // Loop B
    /*@
        loop assigns t, i, k;
    */
    while (unknown2()) {
        t = i;
        i = i + 1;
        k = k + 1;
    }

    // Loop C
    /*@
        [Hint] Please infer the loop invariant for the following loop.

        loop assigns \nothing;
    */
    while (unknown3());

    int j = 0;
    n = i;

    /*@
        loop assigns j, i, k;
    */
    while (1) {
        //@ assert a_1: k >= 0;
        k = k - 1;
        i = i - 1;
        j = j + 1;
        if (j < n) {
        } 
        else {
            break;
        }
    }
}

You are an expert in program verification, and please generate loop invariant as C annotation comments at the hint location (annotated by "[Hint] Please infer the loop invariant for the following loop.") using ACSL language.
ACSL is a specification language for C programs that conforms to the design by contract paradigm, utilizing Hoare style pre- and postconditions and invariants. Note that the `loop invariant` clause is a condition that is true at the beginning and end of every loop iteration.
Specifically, for the current verification task:
    - Pre-condition: 
    - Post-condition: a_1:k >= 0; 
Please verify that the generated loop invariant is consistent with these constraints. If these specific pre- or post-conditions are not provided or empty, please infer the loop invariant strictly based on the program's execution logic and standard correctness.
In order to get a correct answer, You may want to consider both the situation of not entering the loop and the situation of jumping out of the loop. If some of the pre-conditions are also loop invariant, you need to add them to your answer as well.
Use '&&', '||', '==>', '\forall' or '\exists' if necessary. For instance:
```
loop invariant 1 <= x;
loop invariant x == y;
loop invariant 0 < x ==> y <= z;
loop invariant z % 2 == 1 || x == y;
loop invariant z % 2 == 1 && x <= y;
loop invariant \forall integer k;  0 <= k < i ==> max >=  a[k];
loop invariant \exists integer k;  0 <= k < i &&  max == a[k];
loop invariant \forall integer p; 0 <= p < \at(k, End_l) ==> res[p] == \at(res[p], End_l);
```
Your answer should follow the following format:
```
loop invariant ...;
loop invariant ...;
...
```
No explanation. No commentary. Just show me the loop invariant.
 /no_think
--------------------------
----------Response----------
[unused16][unused17]```
loop invariant k <= i && k >= 0;
```
----------------------------
----------Prompt----------

int unknown1();
int unknown2();
int unknown3();

/*
 * "fragtest_simple" from InvGen benchmark suite
 */


void oopsla_09(){
    int i, pvlen;
    int t;
    int k = 0;
    int n;
    i = 0;

    // Loop A
    /*@
        loop invariant i_0: i >= 0 && i <= n;

        loop invariant i_1: k >= 0 && k <= i;


        loop assigns i;
    */
    while (unknown1())
        i = i + 1;
    
    if (i > pvlen) {
        pvlen = i;
    } 
    else {
    }
    i = 0;

    // Loop B
    /*@
        [Hint] Please infer the loop invariant for the following loop.

        loop assigns t, i, k;
    */
    while (unknown2()) {
        t = i;
        i = i + 1;
        k = k + 1;
    }

    // Loop C
    /*@
        loop invariant i_2: k <= i && k >= 0;


        loop assigns \nothing;
    */
    while (unknown3());

    int j = 0;
    n = i;

    /*@
        loop assigns j, i, k;
    */
    while (1) {
        //@ assert a_1: k >= 0;
        k = k - 1;
        i = i - 1;
        j = j + 1;
        if (j < n) {
        } 
        else {
            break;
        }
    }
}

You are an expert in program verification, and please generate loop invariant as C annotation comments at the hint location (annotated by "[Hint] Please infer the loop invariant for the following loop.") using ACSL language.
ACSL is a specification language for C programs that conforms to the design by contract paradigm, utilizing Hoare style pre- and postconditions and invariants. Note that the `loop invariant` clause is a condition that is true at the beginning and end of every loop iteration.
Specifically, for the current verification task:
    - Pre-condition: i_0:i >= 0 && i <= n; i_1:k >= 0 && k <= i; 
    - Post-condition: i_2:k <= i && k >= 0; 
Please verify that the generated loop invariant is consistent with these constraints. If these specific pre- or post-conditions are not provided or empty, please infer the loop invariant strictly based on the program's execution logic and standard correctness.
In order to get a correct answer, You may want to consider both the situation of not entering the loop and the situation of jumping out of the loop. If some of the pre-conditions are also loop invariant, you need to add them to your answer as well.
Use '&&', '||', '==>', '\forall' or '\exists' if necessary. For instance:
```
loop invariant 1 <= x;
loop invariant x == y;
loop invariant 0 < x ==> y <= z;
loop invariant z % 2 == 1 || x == y;
loop invariant z % 2 == 1 && x <= y;
loop invariant \forall integer k;  0 <= k < i ==> max >=  a[k];
loop invariant \exists integer k;  0 <= k < i &&  max == a[k];
loop invariant \forall integer p; 0 <= p < \at(k, End_l) ==> res[p] == \at(res[p], End_l);
```
Your answer should follow the following format:
```
loop invariant ...;
loop invariant ...;
...
```
No explanation. No commentary. Just show me the loop invariant.
 /no_think
--------------------------
----------Response----------
[unused16][unused17][Loop <Loop A>]
loop invariant i >= 0 && i <= n && k >= 0 && k <= i;

[Loop <Loop B>]
loop invariant t == i && k >= 0 && k <= i;

[Loop <Loop C>]
loop invariant k >= 0 && k <= i;

[Loop <Loop D>]
loop invariant j >= 0 && j <= n && k >= 0 && k <= i;
----------------------------
------------Invariant Info-----------
LOOP A:
i_0: i >= 0 && i <= n
i_1: k >= 0 && k <= i
LOOP B:
i_3: i >= 0 && i <= n && k >= 0 && k <= i
i_4: t == i && k >= 0 && k <= i
i_5: k >= 0 && k <= i
i_6: j >= 0 && j <= n && k >= 0 && k <= i
LOOP C:
i_2: k <= i && k >= 0
------------------------------------
----------Code with Invariants----------
int unknown1();
int unknown2();
int unknown3();

/*
 * "fragtest_simple" from InvGen benchmark suite
 */


void oopsla_09(){
    int i, pvlen;
    int t;
    int k = 0;
    int n;
    i = 0;

    // Loop A
    /*@
        loop invariant i_0: i >= 0 && i <= n;

        loop invariant i_1: k >= 0 && k <= i;


        loop assigns i;
    */
    while (unknown1())
        i = i + 1;
    
    if (i > pvlen) {
        pvlen = i;
    } 
    else {
    }
    i = 0;

    // Loop B
    /*@
        loop invariant i_3: i >= 0 && i <= n && k >= 0 && k <= i;

        loop invariant i_4: t == i && k >= 0 && k <= i;

        loop invariant i_5: k >= 0 && k <= i;

        loop invariant i_6: j >= 0 && j <= n && k >= 0 && k <= i;


        loop assigns t, i, k;
    */
    while (unknown2()) {
        t = i;
        i = i + 1;
        k = k + 1;
    }

    // Loop C
    /*@
        loop invariant i_2: k <= i && k >= 0;


        loop assigns \nothing;
    */
    while (unknown3());

    int j = 0;
    n = i;

    /*@
        loop assigns j, i, k;
    */
    while (1) {
        //@ assert a_1: k >= 0;
        k = k - 1;
        i = i - 1;
        j = j + 1;
        if (j < n) {
        } 
        else {
            break;
        }
    }
}

----------------------------------------
------------Invariant Info-----------
LOOP A:
i_0: i >= 0 && i <= n
i_1: k >= 0 && k <= i
LOOP B:
i_3: i >= 0 && i <= n && k >= 0 && k <= i
i_4: t == i && k >= 0 && k <= i
i_5: k >= 0 && k <= i
i_6: j >= 0 && j <= n && k >= 0 && k <= i
LOOP C:
i_2: k <= i && k >= 0
------------------------------------
----------Code with Invariants----------
int unknown1();
int unknown2();
int unknown3();

/*
 * "fragtest_simple" from InvGen benchmark suite
 */


void oopsla_09(){
    int i, pvlen;
    int t;
    int k = 0;
    int n;
    i = 0;

    // Loop A
    /*@
        loop invariant i_0: i >= 0 && i <= n;

        loop invariant i_1: k >= 0 && k <= i;


        loop assigns i;
    */
    while (unknown1())
        i = i + 1;
    
    if (i > pvlen) {
        pvlen = i;
    } 
    else {
    }
    i = 0;

    // Loop B
    /*@
        loop invariant i_3: i >= 0 && i <= n && k >= 0 && k <= i;

        loop invariant i_4: t == i && k >= 0 && k <= i;

        loop invariant i_5: k >= 0 && k <= i;

        loop invariant i_6: j >= 0 && j <= n && k >= 0 && k <= i;


        loop assigns t, i, k;
    */
    while (unknown2()) {
        t = i;
        i = i + 1;
        k = k + 1;
    }

    // Loop C
    /*@
        loop invariant i_2: k <= i && k >= 0;


        loop assigns \nothing;
    */
    while (unknown3());

    int j = 0;
    n = i;

    /*@
        loop assigns j, i, k;
    */
    while (1) {
        //@ assert a_1: k >= 0;
        k = k - 1;
        i = i - 1;
        j = j + 1;
        if (j < n) {
        } 
        else {
            break;
        }
    }
}

----------------------------------------
------------Invariant Info-----------
LOOP A:
i_0: i >= 0 && i <= n
i_1: k >= 0 && k <= i
LOOP B:
i_3: i >= 0 && i <= n && k >= 0 && k <= i
i_4: t == i && k >= 0 && k <= i
i_5: k >= 0 && k <= i
i_6: j >= 0 && j <= n && k >= 0 && k <= i
LOOP C:
i_2: k <= i && k >= 0
------------------------------------
----------Code with Invariants----------
int unknown1();
int unknown2();
int unknown3();

/*
 * "fragtest_simple" from InvGen benchmark suite
 */


void oopsla_09(){
    int i, pvlen;
    int t;
    int k = 0;
    int n;
    i = 0;

    // Loop A
    /*@
        loop invariant i_0: i >= 0 && i <= n;

        loop invariant i_1: k >= 0 && k <= i;


        loop assigns i;
    */
    while (unknown1())
        i = i + 1;
    
    if (i > pvlen) {
        pvlen = i;
    } 
    else {
    }
    i = 0;

    // Loop B
    /*@
        loop invariant i_3: i >= 0 && i <= n && k >= 0 && k <= i;

        loop invariant i_4: t == i && k >= 0 && k <= i;

        loop invariant i_5: k >= 0 && k <= i;

        loop invariant i_6: j >= 0 && j <= n && k >= 0 && k <= i;


        loop assigns t, i, k;
    */
    while (unknown2()) {
        t = i;
        i = i + 1;
        k = k + 1;
    }

    // Loop C
    /*@
        loop invariant i_2: k <= i && k >= 0;


        loop assigns \nothing;
    */
    while (unknown3());

    int j = 0;
    n = i;

    /*@
        loop assigns j, i, k;
    */
    while (1) {
        //@ assert a_1: k >= 0;
        k = k - 1;
        i = i - 1;
        j = j + 1;
        if (j < n) {
        } 
        else {
            break;
        }
    }
}

----------------------------------------
------------Invariant Info-----------
LOOP A:
i_0: i >= 0 && i <= n
i_1: k >= 0 && k <= i
LOOP B:
i_3: i >= 0 && i <= n && k >= 0 && k <= i
i_4: t == i && k >= 0 && k <= i
i_5: k >= 0 && k <= i
i_6: j >= 0 && j <= n && k >= 0 && k <= i
LOOP C:
i_2: k <= i && k >= 0
------------------------------------
----------Code with Invariants----------
int unknown1();
int unknown2();
int unknown3();

/*
 * "fragtest_simple" from InvGen benchmark suite
 */


void oopsla_09(){
    int i, pvlen;
    int t;
    int k = 0;
    int n;
    i = 0;

    // Loop A
    /*@
        loop invariant i_0: i >= 0 && i <= n;

        loop invariant i_1: k >= 0 && k <= i;


        loop assigns i;
    */
    while (unknown1())
        i = i + 1;
    
    if (i > pvlen) {
        pvlen = i;
    } 
    else {
    }
    i = 0;

    // Loop B
    /*@
        loop invariant i_3: i >= 0 && i <= n && k >= 0 && k <= i;

        loop invariant i_4: t == i && k >= 0 && k <= i;

        loop invariant i_5: k >= 0 && k <= i;

        loop invariant i_6: j >= 0 && j <= n && k >= 0 && k <= i;


        loop assigns t, i, k;
    */
    while (unknown2()) {
        t = i;
        i = i + 1;
        k = k + 1;
    }

    // Loop C
    /*@
        loop invariant i_2: k <= i && k >= 0;


        loop assigns \nothing;
    */
    while (unknown3());

    int j = 0;
    n = i;

    /*@
        loop assigns j, i, k;
    */
    while (1) {
        //@ assert a_1: k >= 0;
        k = k - 1;
        i = i - 1;
        j = j + 1;
        if (j < n) {
        } 
        else {
            break;
        }
    }
}

----------------------------------------
------------Invariant Info-----------
LOOP A:
i_0: i >= 0 && i <= n
i_1: k >= 0 && k <= i
LOOP B:
i_3: i >= 0 && i <= n && k >= 0 && k <= i
i_4: t == i && k >= 0 && k <= i
i_5: k >= 0 && k <= i
i_6: j >= 0 && j <= n && k >= 0 && k <= i
LOOP C:
i_2: k <= i && k >= 0
------------------------------------
----------Code with Invariants----------
int unknown1();
int unknown2();
int unknown3();

/*
 * "fragtest_simple" from InvGen benchmark suite
 */


void oopsla_09(){
    int i, pvlen;
    int t;
    int k = 0;
    int n;
    i = 0;

    // Loop A
    /*@
        loop invariant i_0: i >= 0 && i <= n;

        loop invariant i_1: k >= 0 && k <= i;


        loop assigns i;
    */
    while (unknown1())
        i = i + 1;
    
    if (i > pvlen) {
        pvlen = i;
    } 
    else {
    }
    i = 0;

    // Loop B
    /*@
        loop invariant i_3: i >= 0 && i <= n && k >= 0 && k <= i;

        loop invariant i_4: t == i && k >= 0 && k <= i;

        loop invariant i_5: k >= 0 && k <= i;

        loop invariant i_6: j >= 0 && j <= n && k >= 0 && k <= i;


        loop assigns t, i, k;
    */
    while (unknown2()) {
        t = i;
        i = i + 1;
        k = k + 1;
    }

    // Loop C
    /*@
        loop invariant i_2: k <= i && k >= 0;


        loop assigns \nothing;
    */
    while (unknown3());

    int j = 0;
    n = i;

    /*@
        loop assigns j, i, k;
    */
    while (1) {
        //@ assert a_1: k >= 0;
        k = k - 1;
        i = i - 1;
        j = j + 1;
        if (j < n) {
        } 
        else {
            break;
        }
    }
}

----------------------------------------
------------Invariant Info-----------
LOOP A:
i_0: i >= 0 && i <= n
i_1: k >= 0 && k <= i
LOOP B:
i_3: i >= 0 && i <= n && k >= 0 && k <= i
i_4: t == i && k >= 0 && k <= i
i_5: k >= 0 && k <= i
i_6: j >= 0 && j <= n && k >= 0 && k <= i
LOOP C:
i_2: k <= i && k >= 0
------------------------------------
----------Code with Invariants----------
int unknown1();
int unknown2();
int unknown3();

/*
 * "fragtest_simple" from InvGen benchmark suite
 */


void oopsla_09(){
    int i, pvlen;
    int t;
    int k = 0;
    int n;
    i = 0;

    // Loop A
    /*@
        loop invariant i_0: i >= 0 && i <= n;

        loop invariant i_1: k >= 0 && k <= i;


        loop assigns i;
    */
    while (unknown1())
        i = i + 1;
    
    if (i > pvlen) {
        pvlen = i;
    } 
    else {
    }
    i = 0;

    // Loop B
    /*@
        loop invariant i_3: i >= 0 && i <= n && k >= 0 && k <= i;

        loop invariant i_4: t == i && k >= 0 && k <= i;

        loop invariant i_5: k >= 0 && k <= i;

        loop invariant i_6: j >= 0 && j <= n && k >= 0 && k <= i;


        loop assigns t, i, k;
    */
    while (unknown2()) {
        t = i;
        i = i + 1;
        k = k + 1;
    }

    // Loop C
    /*@
        loop invariant i_2: k <= i && k >= 0;


        loop assigns \nothing;
    */
    while (unknown3());

    int j = 0;
    n = i;

    /*@
        loop assigns j, i, k;
    */
    while (1) {
        //@ assert a_1: k >= 0;
        k = k - 1;
        i = i - 1;
        j = j + 1;
        if (j < n) {
        } 
        else {
            break;
        }
    }
}

----------------------------------------
------------Invariant Info-----------
LOOP A:
i_0: i >= 0 && i <= n
i_1: k >= 0 && k <= i
LOOP B:
i_3: i >= 0 && i <= n && k >= 0 && k <= i
i_4: t == i && k >= 0 && k <= i
i_5: k >= 0 && k <= i
i_6: j >= 0 && j <= n && k >= 0 && k <= i
LOOP C:
i_2: k <= i && k >= 0
------------------------------------
----------Code with Invariants----------
int unknown1();
int unknown2();
int unknown3();

/*
 * "fragtest_simple" from InvGen benchmark suite
 */


void oopsla_09(){
    int i, pvlen;
    int t;
    int k = 0;
    int n;
    i = 0;

    // Loop A
    /*@
        loop invariant i_0: i >= 0 && i <= n;

        loop invariant i_1: k >= 0 && k <= i;


        loop assigns i;
    */
    while (unknown1())
        i = i + 1;
    
    if (i > pvlen) {
        pvlen = i;
    } 
    else {
    }
    i = 0;

    // Loop B
    /*@
        loop invariant i_3: i >= 0 && i <= n && k >= 0 && k <= i;

        loop invariant i_4: t == i && k >= 0 && k <= i;

        loop invariant i_5: k >= 0 && k <= i;

        loop invariant i_6: j >= 0 && j <= n && k >= 0 && k <= i;


        loop assigns t, i, k;
    */
    while (unknown2()) {
        t = i;
        i = i + 1;
        k = k + 1;
    }

    // Loop C
    /*@
        loop invariant i_2: k <= i && k >= 0;


        loop assigns \nothing;
    */
    while (unknown3());

    int j = 0;
    n = i;

    /*@
        loop assigns j, i, k;
    */
    while (1) {
        //@ assert a_1: k >= 0;
        k = k - 1;
        i = i - 1;
        j = j + 1;
        if (j < n) {
        } 
        else {
            break;
        }
    }
}

----------------------------------------
------------Invariant Info-----------
LOOP A:
i_0: i >= 0 && i <= n
i_1: k >= 0 && k <= i
LOOP B:
i_3: i >= 0 && i <= n && k >= 0 && k <= i
i_4: t == i && k >= 0 && k <= i
i_5: k >= 0 && k <= i
i_6: j >= 0 && j <= n && k >= 0 && k <= i
LOOP C:
i_2: k <= i && k >= 0
------------------------------------
----------Code with Invariants----------
int unknown1();
int unknown2();
int unknown3();

/*
 * "fragtest_simple" from InvGen benchmark suite
 */


void oopsla_09(){
    int i, pvlen;
    int t;
    int k = 0;
    int n;
    i = 0;

    // Loop A
    /*@
        loop invariant i_0: i >= 0 && i <= n;

        loop invariant i_1: k >= 0 && k <= i;


        loop assigns i;
    */
    while (unknown1())
        i = i + 1;
    
    if (i > pvlen) {
        pvlen = i;
    } 
    else {
    }
    i = 0;

    // Loop B
    /*@
        loop invariant i_3: i >= 0 && i <= n && k >= 0 && k <= i;

        loop invariant i_4: t == i && k >= 0 && k <= i;

        loop invariant i_5: k >= 0 && k <= i;

        loop invariant i_6: j >= 0 && j <= n && k >= 0 && k <= i;


        loop assigns t, i, k;
    */
    while (unknown2()) {
        t = i;
        i = i + 1;
        k = k + 1;
    }

    // Loop C
    /*@
        loop invariant i_2: k <= i && k >= 0;


        loop assigns \nothing;
    */
    while (unknown3());

    int j = 0;
    n = i;

    /*@
        loop assigns j, i, k;
    */
    while (1) {
        //@ assert a_1: k >= 0;
        k = k - 1;
        i = i - 1;
        j = j + 1;
        if (j < n) {
        } 
        else {
            break;
        }
    }
}

----------------------------------------
------------Invariant Info-----------
LOOP A:
i_0: i >= 0 && i <= n
i_1: k >= 0 && k <= i
LOOP B:
i_3: i >= 0 && i <= n && k >= 0 && k <= i
i_4: t == i && k >= 0 && k <= i
i_5: k >= 0 && k <= i
i_6: j >= 0 && j <= n && k >= 0 && k <= i
LOOP C:
i_2: k <= i && k >= 0
------------------------------------
----------Code with Invariants----------
int unknown1();
int unknown2();
int unknown3();

/*
 * "fragtest_simple" from InvGen benchmark suite
 */


void oopsla_09(){
    int i, pvlen;
    int t;
    int k = 0;
    int n;
    i = 0;

    // Loop A
    /*@
        loop invariant i_0: i >= 0 && i <= n;

        loop invariant i_1: k >= 0 && k <= i;


        loop assigns i;
    */
    while (unknown1())
        i = i + 1;
    
    if (i > pvlen) {
        pvlen = i;
    } 
    else {
    }
    i = 0;

    // Loop B
    /*@
        loop invariant i_3: i >= 0 && i <= n && k >= 0 && k <= i;

        loop invariant i_4: t == i && k >= 0 && k <= i;

        loop invariant i_5: k >= 0 && k <= i;

        loop invariant i_6: j >= 0 && j <= n && k >= 0 && k <= i;


        loop assigns t, i, k;
    */
    while (unknown2()) {
        t = i;
        i = i + 1;
        k = k + 1;
    }

    // Loop C
    /*@
        loop invariant i_2: k <= i && k >= 0;


        loop assigns \nothing;
    */
    while (unknown3());

    int j = 0;
    n = i;

    /*@
        loop assigns j, i, k;
    */
    while (1) {
        //@ assert a_1: k >= 0;
        k = k - 1;
        i = i - 1;
        j = j + 1;
        if (j < n) {
        } 
        else {
            break;
        }
    }
}

----------------------------------------
------------Invariant Info-----------
LOOP A:
i_0: i >= 0 && i <= n
i_1: k >= 0 && k <= i
LOOP B:
i_3: i >= 0 && i <= n && k >= 0 && k <= i
i_4: t == i && k >= 0 && k <= i
i_5: k >= 0 && k <= i
i_6: j >= 0 && j <= n && k >= 0 && k <= i
LOOP C:
i_2: k <= i && k >= 0
------------------------------------
----------Code with Invariants----------
int unknown1();
int unknown2();
int unknown3();

/*
 * "fragtest_simple" from InvGen benchmark suite
 */


void oopsla_09(){
    int i, pvlen;
    int t;
    int k = 0;
    int n;
    i = 0;

    // Loop A
    /*@
        loop invariant i_0: i >= 0 && i <= n;

        loop invariant i_1: k >= 0 && k <= i;


        loop assigns i;
    */
    while (unknown1())
        i = i + 1;
    
    if (i > pvlen) {
        pvlen = i;
    } 
    else {
    }
    i = 0;

    // Loop B
    /*@
        loop invariant i_3: i >= 0 && i <= n && k >= 0 && k <= i;

        loop invariant i_4: t == i && k >= 0 && k <= i;

        loop invariant i_5: k >= 0 && k <= i;

        loop invariant i_6: j >= 0 && j <= n && k >= 0 && k <= i;


        loop assigns t, i, k;
    */
    while (unknown2()) {
        t = i;
        i = i + 1;
        k = k + 1;
    }

    // Loop C
    /*@
        loop invariant i_2: k <= i && k >= 0;


        loop assigns \nothing;
    */
    while (unknown3());

    int j = 0;
    n = i;

    /*@
        loop assigns j, i, k;
    */
    while (1) {
        //@ assert a_1: k >= 0;
        k = k - 1;
        i = i - 1;
        j = j + 1;
        if (j < n) {
        } 
        else {
            break;
        }
    }
}

----------------------------------------
------------Invariant Info-----------
LOOP A:
i_0: i >= 0 && i <= n
i_1: k >= 0 && k <= i
LOOP B:
i_3: i >= 0 && i <= n && k >= 0 && k <= i
i_4: t == i && k >= 0 && k <= i
i_5: k >= 0 && k <= i
i_6: j >= 0 && j <= n && k >= 0 && k <= i
LOOP C:
i_2: k <= i && k >= 0
------------------------------------
----------Code with Invariants----------
int unknown1();
int unknown2();
int unknown3();

/*
 * "fragtest_simple" from InvGen benchmark suite
 */


void oopsla_09(){
    int i, pvlen;
    int t;
    int k = 0;
    int n;
    i = 0;

    // Loop A
    /*@
        loop invariant i_0: i >= 0 && i <= n;

        loop invariant i_1: k >= 0 && k <= i;


        loop assigns i;
    */
    while (unknown1())
        i = i + 1;
    
    if (i > pvlen) {
        pvlen = i;
    } 
    else {
    }
    i = 0;

    // Loop B
    /*@
        loop invariant i_3: i >= 0 && i <= n && k >= 0 && k <= i;

        loop invariant i_4: t == i && k >= 0 && k <= i;

        loop invariant i_5: k >= 0 && k <= i;

        loop invariant i_6: j >= 0 && j <= n && k >= 0 && k <= i;


        loop assigns t, i, k;
    */
    while (unknown2()) {
        t = i;
        i = i + 1;
        k = k + 1;
    }

    // Loop C
    /*@
        loop invariant i_2: k <= i && k >= 0;


        loop assigns \nothing;
    */
    while (unknown3());

    int j = 0;
    n = i;

    /*@
        loop assigns j, i, k;
    */
    while (1) {
        //@ assert a_1: k >= 0;
        k = k - 1;
        i = i - 1;
        j = j + 1;
        if (j < n) {
        } 
        else {
            break;
        }
    }
}

----------------------------------------
---------Result---------
Fail
Model: openPangu-Embedded-7B-V1.1
Running time: 27.13094663619995
Proposal number: 11
Verified code:

------------------------
