-----------Model-----------
Model type:
PanguEmbeddedForCausalLM(
  (model): PanguEmbeddedModel(
    (embed_tokens): Embedding(153376, 4096, padding_idx=0)
    (layers): ModuleList(
      (0-33): 34 x PanguEmbeddedDecoderLayer(
        (self_attn): PanguEmbeddedAttention(
          (q_proj): Linear(in_features=4096, out_features=4096, bias=True)
          (k_proj): Linear(in_features=4096, out_features=1024, bias=True)
          (v_proj): Linear(in_features=4096, out_features=1024, bias=True)
          (o_proj): Linear(in_features=4096, out_features=4096, bias=True)
        )
        (mlp): PanguEmbeddedMLP(
          (gate_proj): Linear(in_features=4096, out_features=12800, bias=False)
          (up_proj): Linear(in_features=4096, out_features=12800, bias=False)
          (down_proj): Linear(in_features=12800, out_features=4096, bias=False)
          (act_fn): SiLU()
        )
        (input_layernorm): PanguEmbeddedRMSNorm((4096,), eps=1e-05)
        (post_attention_layernorm): PanguEmbeddedRMSNorm((4096,), eps=1e-05)
      )
    )
    (norm): PanguEmbeddedRMSNorm((4096,), eps=1e-05)
    (rotary_emb): PanguEmbeddedRotaryEmbedding()
  )
  (lm_head): Linear(in_features=4096, out_features=153376, bias=False)
)
Model device:
npu:1
---------------------------
File Path: ../Benchmark/SVCOMP/svcomp_17.c
----------Code----------
# define INT_MAX 2147483647
# define INT_MIN -2147483648
/*@
    requires INT_MIN < n && n < INT_MAX;
    requires INT_MIN < m && m < INT_MAX;
    requires INT_MIN < l && l < INT_MAX;
*/
int svcomp_17(int n, int m , int l) {
    int i, j, k;

    if(3 * n <= m + l); else goto END;
    
    /*@
        loop assigns k;
        loop assigns j;
        loop assigns i;
    */
    for (i=0;i<n;i++)
        /*@
            loop assigns k;
            loop assigns j;
            loop assigns i;
        */
        for (j = 2*i;j<3*i;j++)
            /*@
                loop assigns k;
            */
            for (k = i; k< j; k++) {
                //@ assert k-i <= 2*n ;
            }
END:
    return 0;
}
------------------------
========== Attempt 1 ==========
----------Prompt----------

# define INT_MAX 2147483647
# define INT_MIN -2147483648
/*@
    requires INT_MIN < n && n < INT_MAX;
    requires INT_MIN < m && m < INT_MAX;
    requires INT_MIN < l && l < INT_MAX;
*/
int svcomp_17(int n, int m , int l) {
    int i, j, k;

    if(3 * n <= m + l); else goto END;
    
    // Loop A
    /*@
        [Hint] Please infer the loop invariant for the following loop.

        loop assigns k;
        loop assigns j;
        loop assigns i;
    */
    for (i=0;i<n;i++)
        /*@
            loop assigns k;
            loop assigns j;
            loop assigns i;
        */
        for (j = 2*i;j<3*i;j++)
            /*@
                loop assigns k;
            */
            for (k = i; k< j; k++) {
                //@ assert k-i <= 2*n ;
            }
END:
    return 0;
}
You are an expert in program verification, and please generate loop invariant as C annotation comments at the hint location (annotated by "[Hint] Please infer the loop invariant for the following loop.") using ACSL language.
ACSL is a specification language for C programs that conforms to the design by contract paradigm, utilizing Hoare style pre- and postconditions and invariants. Note that the `loop invariant` clause is a condition that is true at the beginning and end of every loop iteration.
Specifically, for the current verification task:
    - Pre-condition: the function's `requires` clauses
    - Post-condition: 1:k-i <= 2*n; 
Please verify that the generated loop invariant is consistent with these constraints. If these specific pre- or post-conditions are not provided or empty, please infer the loop invariant strictly based on the program's execution logic and standard correctness.
In order to get a correct answer, You may want to consider both the situation of not entering the loop and the situation of jumping out of the loop. If some of the pre-conditions are also loop invariant, you need to add them to your answer as well.
Use '&&', '||', '==>', '\forall' or '\exists' if necessary. For instance:
```
loop invariant 1 <= x;
loop invariant x == y;
loop invariant 0 < x ==> y <= z;
loop invariant z % 2 == 1 || x == y;
loop invariant z % 2 == 1 && x <= y;
loop invariant \forall integer k;  0 <= k < i ==> max >=  a[k];
loop invariant \exists integer k;  0 <= k < i &&  max == a[k];
loop invariant \forall integer p; 0 <= p < \at(k, End_l) ==> res[p] == \at(res[p], End_l);
```
Your answer should follow the following format:
```
loop invariant ...;
loop invariant ...;
...
```
No explanation. No commentary. Just show me the loop invariant.
 /no_think
--------------------------
----------Response----------
[unused16][unused17]loop invariant 3 * n <= m + l && m >= 0;
loop invariant l >= 0 && l < INT_MAX;
loop invariant j >= i;
loop invariant k >= i && k < j;
loop invariant k - i <= 2 * i;
loop invariant i >= 0 && i < n;
```
----------------------------
------------Invariant Info-----------
LOOP A:
i_0: 3 * n <= m + l && m >= 0
i_1: l >= 0 && l < INT_MAX
i_2: j >= i
i_3: k >= i && k < j
i_4: k - i <= 2 * i
i_5: i >= 0 && i < n
------------------------------------
---------- Code with Invariants ----------
# define INT_MAX 2147483647
# define INT_MIN -2147483648
/*@
    requires INT_MIN < n && n < INT_MAX;
    requires INT_MIN < m && m < INT_MAX;
    requires INT_MIN < l && l < INT_MAX;
*/
int svcomp_17(int n, int m , int l) {
    int i, j, k;

    if(3 * n <= m + l); else goto END;
    
    // Loop A
    /*@
        loop invariant i_0: 3 * n <= m + l && m >= 0;

        loop invariant i_1: l >= 0 && l < INT_MAX;

        loop invariant i_2: j >= i;

        loop invariant i_3: k >= i && k < j;

        loop invariant i_4: k - i <= 2 * i;

        loop invariant i_5: i >= 0 && i < n;


        loop assigns k;
        loop assigns j;
        loop assigns i;
    */
    for (i=0;i<n;i++)
        /*@
            loop assigns k;
            loop assigns j;
            loop assigns i;
        */
        for (j = 2*i;j<3*i;j++)
            /*@
                loop assigns k;
            */
            for (k = i; k< j; k++) {
                //@ assert k-i <= 2*n ;
            }
END:
    return 0;
}
------------------------------------------
Verification failed (Fail_6_17), removing all invariants and retrying.
========== Attempt 2 ==========
----------Prompt----------

# define INT_MAX 2147483647
# define INT_MIN -2147483648
/*@
    requires INT_MIN < n && n < INT_MAX;
    requires INT_MIN < m && m < INT_MAX;
    requires INT_MIN < l && l < INT_MAX;
*/
int svcomp_17(int n, int m , int l) {
    int i, j, k;

    if(3 * n <= m + l); else goto END;
    
    // Loop A
    /*@
        [Hint] Please infer the loop invariant for the following loop.

        loop assigns k;
        loop assigns j;
        loop assigns i;
    */
    for (i=0;i<n;i++)
        /*@
            loop assigns k;
            loop assigns j;
            loop assigns i;
        */
        for (j = 2*i;j<3*i;j++)
            /*@
                loop assigns k;
            */
            for (k = i; k< j; k++) {
                //@ assert k-i <= 2*n ;
            }
END:
    return 0;
}
You are an expert in program verification, and please generate loop invariant as C annotation comments at the hint location (annotated by "[Hint] Please infer the loop invariant for the following loop.") using ACSL language.
ACSL is a specification language for C programs that conforms to the design by contract paradigm, utilizing Hoare style pre- and postconditions and invariants. Note that the `loop invariant` clause is a condition that is true at the beginning and end of every loop iteration.
Specifically, for the current verification task:
    - Pre-condition: the function's `requires` clauses
    - Post-condition: 1:k-i <= 2*n; 
Please verify that the generated loop invariant is consistent with these constraints. If these specific pre- or post-conditions are not provided or empty, please infer the loop invariant strictly based on the program's execution logic and standard correctness.
In order to get a correct answer, You may want to consider both the situation of not entering the loop and the situation of jumping out of the loop. If some of the pre-conditions are also loop invariant, you need to add them to your answer as well.
Use '&&', '||', '==>', '\forall' or '\exists' if necessary. For instance:
```
loop invariant 1 <= x;
loop invariant x == y;
loop invariant 0 < x ==> y <= z;
loop invariant z % 2 == 1 || x == y;
loop invariant z % 2 == 1 && x <= y;
loop invariant \forall integer k;  0 <= k < i ==> max >=  a[k];
loop invariant \exists integer k;  0 <= k < i &&  max == a[k];
loop invariant \forall integer p; 0 <= p < \at(k, End_l) ==> res[p] == \at(res[p], End_l);
```
Your answer should follow the following format:
```
loop invariant ...;
loop invariant ...;
...
```
No explanation. No commentary. Just show me the loop invariant.
 /no_think
--------------------------
----------Response----------
[unused16][unused17]```
loop invariant 1 <= k - i;
loop invariant j >= 2 * i;
loop invariant k < j;
loop invariant k - i <= 2 * n;
```
----------------------------
------------Invariant Info-----------
LOOP A:
i_6: 1 <= k - i
i_7: j >= 2 * i
i_8: k < j
i_9: k - i <= 2 * n
------------------------------------
---------- Code with Invariants ----------
# define INT_MAX 2147483647
# define INT_MIN -2147483648
/*@
    requires INT_MIN < n && n < INT_MAX;
    requires INT_MIN < m && m < INT_MAX;
    requires INT_MIN < l && l < INT_MAX;
*/
int svcomp_17(int n, int m , int l) {
    int i, j, k;

    if(3 * n <= m + l); else goto END;
    
    // Loop A
    /*@
        loop invariant i_6: 1 <= k - i;

        loop invariant i_7: j >= 2 * i;

        loop invariant i_8: k < j;

        loop invariant i_9: k - i <= 2 * n;


        loop assigns k;
        loop assigns j;
        loop assigns i;
    */
    for (i=0;i<n;i++)
        /*@
            loop assigns k;
            loop assigns j;
            loop assigns i;
        */
        for (j = 2*i;j<3*i;j++)
            /*@
                loop assigns k;
            */
            for (k = i; k< j; k++) {
                //@ assert k-i <= 2*n ;
            }
END:
    return 0;
}
------------------------------------------
Verification failed (Fail_4_13), removing all invariants and retrying.
========== Attempt 3 ==========
----------Prompt----------

# define INT_MAX 2147483647
# define INT_MIN -2147483648
/*@
    requires INT_MIN < n && n < INT_MAX;
    requires INT_MIN < m && m < INT_MAX;
    requires INT_MIN < l && l < INT_MAX;
*/
int svcomp_17(int n, int m , int l) {
    int i, j, k;

    if(3 * n <= m + l); else goto END;
    
    // Loop A
    /*@
        [Hint] Please infer the loop invariant for the following loop.

        loop assigns k;
        loop assigns j;
        loop assigns i;
    */
    for (i=0;i<n;i++)
        /*@
            loop assigns k;
            loop assigns j;
            loop assigns i;
        */
        for (j = 2*i;j<3*i;j++)
            /*@
                loop assigns k;
            */
            for (k = i; k< j; k++) {
                //@ assert k-i <= 2*n ;
            }
END:
    return 0;
}
You are an expert in program verification, and please generate loop invariant as C annotation comments at the hint location (annotated by "[Hint] Please infer the loop invariant for the following loop.") using ACSL language.
ACSL is a specification language for C programs that conforms to the design by contract paradigm, utilizing Hoare style pre- and postconditions and invariants. Note that the `loop invariant` clause is a condition that is true at the beginning and end of every loop iteration.
Specifically, for the current verification task:
    - Pre-condition: the function's `requires` clauses
    - Post-condition: 1:k-i <= 2*n; 
Please verify that the generated loop invariant is consistent with these constraints. If these specific pre- or post-conditions are not provided or empty, please infer the loop invariant strictly based on the program's execution logic and standard correctness.
In order to get a correct answer, You may want to consider both the situation of not entering the loop and the situation of jumping out of the loop. If some of the pre-conditions are also loop invariant, you need to add them to your answer as well.
Use '&&', '||', '==>', '\forall' or '\exists' if necessary. For instance:
```
loop invariant 1 <= x;
loop invariant x == y;
loop invariant 0 < x ==> y <= z;
loop invariant z % 2 == 1 || x == y;
loop invariant z % 2 == 1 && x <= y;
loop invariant \forall integer k;  0 <= k < i ==> max >=  a[k];
loop invariant \exists integer k;  0 <= k < i &&  max == a[k];
loop invariant \forall integer p; 0 <= p < \at(k, End_l) ==> res[p] == \at(res[p], End_l);
```
Your answer should follow the following format:
```
loop invariant ...;
loop invariant ...;
...
```
No explanation. No commentary. Just show me the loop invariant.
 /no_think
--------------------------
----------Response----------
[unused16][unused17]loop invariant 3 * n <= m + l;
loop invariant 1 <= k - i;
loop invariant k - i == 2 * n;
----------------------------
------------Invariant Info-----------
LOOP A:
i_10: 3 * n <= m + l
i_11: 1 <= k - i
i_12: k - i == 2 * n
------------------------------------
---------- Code with Invariants ----------
# define INT_MAX 2147483647
# define INT_MIN -2147483648
/*@
    requires INT_MIN < n && n < INT_MAX;
    requires INT_MIN < m && m < INT_MAX;
    requires INT_MIN < l && l < INT_MAX;
*/
int svcomp_17(int n, int m , int l) {
    int i, j, k;

    if(3 * n <= m + l); else goto END;
    
    // Loop A
    /*@
        loop invariant i_10: 3 * n <= m + l;

        loop invariant i_11: 1 <= k - i;

        loop invariant i_12: k - i == 2 * n;


        loop assigns k;
        loop assigns j;
        loop assigns i;
    */
    for (i=0;i<n;i++)
        /*@
            loop assigns k;
            loop assigns j;
            loop assigns i;
        */
        for (j = 2*i;j<3*i;j++)
            /*@
                loop assigns k;
            */
            for (k = i; k< j; k++) {
                //@ assert k-i <= 2*n ;
            }
END:
    return 0;
}
------------------------------------------
Verification failed (Fail_6_11), removing all invariants and retrying.
========== Attempt 4 ==========
----------Prompt----------

# define INT_MAX 2147483647
# define INT_MIN -2147483648
/*@
    requires INT_MIN < n && n < INT_MAX;
    requires INT_MIN < m && m < INT_MAX;
    requires INT_MIN < l && l < INT_MAX;
*/
int svcomp_17(int n, int m , int l) {
    int i, j, k;

    if(3 * n <= m + l); else goto END;
    
    // Loop A
    /*@
        [Hint] Please infer the loop invariant for the following loop.

        loop assigns k;
        loop assigns j;
        loop assigns i;
    */
    for (i=0;i<n;i++)
        /*@
            loop assigns k;
            loop assigns j;
            loop assigns i;
        */
        for (j = 2*i;j<3*i;j++)
            /*@
                loop assigns k;
            */
            for (k = i; k< j; k++) {
                //@ assert k-i <= 2*n ;
            }
END:
    return 0;
}
You are an expert in program verification, and please generate loop invariant as C annotation comments at the hint location (annotated by "[Hint] Please infer the loop invariant for the following loop.") using ACSL language.
ACSL is a specification language for C programs that conforms to the design by contract paradigm, utilizing Hoare style pre- and postconditions and invariants. Note that the `loop invariant` clause is a condition that is true at the beginning and end of every loop iteration.
Specifically, for the current verification task:
    - Pre-condition: the function's `requires` clauses
    - Post-condition: 1:k-i <= 2*n; 
Please verify that the generated loop invariant is consistent with these constraints. If these specific pre- or post-conditions are not provided or empty, please infer the loop invariant strictly based on the program's execution logic and standard correctness.
In order to get a correct answer, You may want to consider both the situation of not entering the loop and the situation of jumping out of the loop. If some of the pre-conditions are also loop invariant, you need to add them to your answer as well.
Use '&&', '||', '==>', '\forall' or '\exists' if necessary. For instance:
```
loop invariant 1 <= x;
loop invariant x == y;
loop invariant 0 < x ==> y <= z;
loop invariant z % 2 == 1 || x == y;
loop invariant z % 2 == 1 && x <= y;
loop invariant \forall integer k;  0 <= k < i ==> max >=  a[k];
loop invariant \exists integer k;  0 <= k < i &&  max == a[k];
loop invariant \forall integer p; 0 <= p < \at(k, End_l) ==> res[p] == \at(res[p], End_l);
```
Your answer should follow the following format:
```
loop invariant ...;
loop invariant ...;
...
```
No explanation. No commentary. Just show me the loop invariant.
 /no_think
--------------------------
----------Response----------
[unused16][unused17]loop invariant 3 * n <= m + l;
loop invariant 1 <= k - i;
loop invariant i >= 0 && i < n;
loop invariant j >= 2 * i && j < 3 * i;
loop invariant k >= i && k < j;
loop invariant k - i <= 2 * n;
----------------------------
------------Invariant Info-----------
LOOP A:
i_13: 3 * n <= m + l
i_14: 1 <= k - i
i_15: i >= 0 && i < n
i_16: j >= 2 * i && j < 3 * i
i_17: k >= i && k < j
i_18: k - i <= 2 * n
------------------------------------
---------- Code with Invariants ----------
# define INT_MAX 2147483647
# define INT_MIN -2147483648
/*@
    requires INT_MIN < n && n < INT_MAX;
    requires INT_MIN < m && m < INT_MAX;
    requires INT_MIN < l && l < INT_MAX;
*/
int svcomp_17(int n, int m , int l) {
    int i, j, k;

    if(3 * n <= m + l); else goto END;
    
    // Loop A
    /*@
        loop invariant i_13: 3 * n <= m + l;

        loop invariant i_14: 1 <= k - i;

        loop invariant i_15: i >= 0 && i < n;

        loop invariant i_16: j >= 2 * i && j < 3 * i;

        loop invariant i_17: k >= i && k < j;

        loop invariant i_18: k - i <= 2 * n;


        loop assigns k;
        loop assigns j;
        loop assigns i;
    */
    for (i=0;i<n;i++)
        /*@
            loop assigns k;
            loop assigns j;
            loop assigns i;
        */
        for (j = 2*i;j<3*i;j++)
            /*@
                loop assigns k;
            */
            for (k = i; k< j; k++) {
                //@ assert k-i <= 2*n ;
            }
END:
    return 0;
}
------------------------------------------
Verification failed (Fail_14_17), removing all invariants and retrying.
========== Attempt 5 ==========
----------Prompt----------

# define INT_MAX 2147483647
# define INT_MIN -2147483648
/*@
    requires INT_MIN < n && n < INT_MAX;
    requires INT_MIN < m && m < INT_MAX;
    requires INT_MIN < l && l < INT_MAX;
*/
int svcomp_17(int n, int m , int l) {
    int i, j, k;

    if(3 * n <= m + l); else goto END;
    
    // Loop A
    /*@
        [Hint] Please infer the loop invariant for the following loop.

        loop assigns k;
        loop assigns j;
        loop assigns i;
    */
    for (i=0;i<n;i++)
        /*@
            loop assigns k;
            loop assigns j;
            loop assigns i;
        */
        for (j = 2*i;j<3*i;j++)
            /*@
                loop assigns k;
            */
            for (k = i; k< j; k++) {
                //@ assert k-i <= 2*n ;
            }
END:
    return 0;
}
You are an expert in program verification, and please generate loop invariant as C annotation comments at the hint location (annotated by "[Hint] Please infer the loop invariant for the following loop.") using ACSL language.
ACSL is a specification language for C programs that conforms to the design by contract paradigm, utilizing Hoare style pre- and postconditions and invariants. Note that the `loop invariant` clause is a condition that is true at the beginning and end of every loop iteration.
Specifically, for the current verification task:
    - Pre-condition: the function's `requires` clauses
    - Post-condition: 1:k-i <= 2*n; 
Please verify that the generated loop invariant is consistent with these constraints. If these specific pre- or post-conditions are not provided or empty, please infer the loop invariant strictly based on the program's execution logic and standard correctness.
In order to get a correct answer, You may want to consider both the situation of not entering the loop and the situation of jumping out of the loop. If some of the pre-conditions are also loop invariant, you need to add them to your answer as well.
Use '&&', '||', '==>', '\forall' or '\exists' if necessary. For instance:
```
loop invariant 1 <= x;
loop invariant x == y;
loop invariant 0 < x ==> y <= z;
loop invariant z % 2 == 1 || x == y;
loop invariant z % 2 == 1 && x <= y;
loop invariant \forall integer k;  0 <= k < i ==> max >=  a[k];
loop invariant \exists integer k;  0 <= k < i &&  max == a[k];
loop invariant \forall integer p; 0 <= p < \at(k, End_l) ==> res[p] == \at(res[p], End_l);
```
Your answer should follow the following format:
```
loop invariant ...;
loop invariant ...;
...
```
No explanation. No commentary. Just show me the loop invariant.
 /no_think
--------------------------
----------Response----------
[unused16][unused17]loop invariant 1 <= k-i;
loop invariant k - i <= 2*n;
loop invariant j >= 2*i;
loop invariant k < j;
loop invariant i >= 0;
loop invariant n > 0;
----------------------------
------------Invariant Info-----------
LOOP A:
i_19: 1 <= k-i
i_20: k - i <= 2*n
i_21: j >= 2*i
i_22: k < j
i_23: i >= 0
i_24: n > 0
------------------------------------
---------- Code with Invariants ----------
# define INT_MAX 2147483647
# define INT_MIN -2147483648
/*@
    requires INT_MIN < n && n < INT_MAX;
    requires INT_MIN < m && m < INT_MAX;
    requires INT_MIN < l && l < INT_MAX;
*/
int svcomp_17(int n, int m , int l) {
    int i, j, k;

    if(3 * n <= m + l); else goto END;
    
    // Loop A
    /*@
        loop invariant i_19: 1 <= k-i;

        loop invariant i_20: k - i <= 2*n;

        loop invariant i_21: j >= 2*i;

        loop invariant i_22: k < j;

        loop invariant i_23: i >= 0;

        loop invariant i_24: n > 0;


        loop assigns k;
        loop assigns j;
        loop assigns i;
    */
    for (i=0;i<n;i++)
        /*@
            loop assigns k;
            loop assigns j;
            loop assigns i;
        */
        for (j = 2*i;j<3*i;j++)
            /*@
                loop assigns k;
            */
            for (k = i; k< j; k++) {
                //@ assert k-i <= 2*n ;
            }
END:
    return 0;
}
------------------------------------------
Verification failed (Fail_7_17), removing all invariants and retrying.
Verification failed: reached maximum attempts.
---------Result---------
Fail
Model: openPangu-Embedded-7B-V1.1
Running time: 96.1633243560791
Proposal number: 5
Verified code:

------------------------
