-----------Model-----------
Model type:
PanguEmbeddedForCausalLM(
  (model): PanguEmbeddedModel(
    (embed_tokens): Embedding(153376, 4096, padding_idx=0)
    (layers): ModuleList(
      (0-33): 34 x PanguEmbeddedDecoderLayer(
        (self_attn): PanguEmbeddedAttention(
          (q_proj): Linear(in_features=4096, out_features=4096, bias=True)
          (k_proj): Linear(in_features=4096, out_features=1024, bias=True)
          (v_proj): Linear(in_features=4096, out_features=1024, bias=True)
          (o_proj): Linear(in_features=4096, out_features=4096, bias=True)
        )
        (mlp): PanguEmbeddedMLP(
          (gate_proj): Linear(in_features=4096, out_features=12800, bias=False)
          (up_proj): Linear(in_features=4096, out_features=12800, bias=False)
          (down_proj): Linear(in_features=12800, out_features=4096, bias=False)
          (act_fn): SiLU()
        )
        (input_layernorm): PanguEmbeddedRMSNorm((4096,), eps=1e-05)
        (post_attention_layernorm): PanguEmbeddedRMSNorm((4096,), eps=1e-05)
      )
    )
    (norm): PanguEmbeddedRMSNorm((4096,), eps=1e-05)
    (rotary_emb): PanguEmbeddedRotaryEmbedding()
  )
  (lm_head): Linear(in_features=4096, out_features=153376, bias=False)
)
Model device:
npu:1
---------------------------
File Path: ../Benchmark/acsl-algorithms/_max_seq.c
----------Code----------
/*@ requires n >= 0;
    requires \valid(a + (0..n-1));

    assigns \nothing;

    behavior empty:
      assumes n == 0;
      ensures e_1: \result == 0;
    behavior not_empty:
      assumes 0 < n;
      ensures e_2: 0 <= \result < n;
      ensures e_3: \forall integer i; 0 <= i < n ==> a[i] <= a[\result];
    complete behaviors;
    disjoint behaviors;
*/
int _max_seq(int *a, int n) {
    if (n == 0) {
        return 0;
    }
    int max = 0;

    /*@
        loop assigns max, i;
    */
    for (int i = 1; i < n; i++) {
        if (a[max] < a[i]) {
            max = i;
        }
    }
    return max;
}
------------------------
========== Attempt 1 ==========
----------Prompt----------

/*@ requires n >= 0;
    requires \valid(a + (0..n-1));

    assigns \nothing;

    behavior empty:
      assumes n == 0;
      ensures e_1: \result == 0;
    behavior not_empty:
      assumes 0 < n;
      ensures e_2: 0 <= \result < n;
      ensures e_3: \forall integer i; 0 <= i < n ==> a[i] <= a[\result];
    complete behaviors;
    disjoint behaviors;
*/
int _max_seq(int *a, int n) {
    if (n == 0) {
        return 0;
    }
    int max = 0;

    // Loop A
    /*@
        [Hint] Please infer the loop invariant for the following loop.

        loop assigns max, i;
    */
    for (int i = 1; i < n; i++) {
        if (a[max] < a[i]) {
            max = i;
        }
    }
    return max;
}
You are an expert in program verification, and please generate loop invariant as C annotation comments at the hint location (annotated by "[Hint] Please infer the loop invariant for the following loop.") using ACSL language.
ACSL is a specification language for C programs that conforms to the design by contract paradigm, utilizing Hoare style pre- and postconditions and invariants. Note that the `loop invariant` clause is a condition that is true at the beginning and end of every loop iteration.
Specifically, for the current verification task:
    - Pre-condition: the function's `requires` clauses
    - Post-condition: e_1:\result == 0; e_2:0 <= \result < n; e_3:\forall integer i; 0 <= i < n ==> a[i] <= a[\result]; 
Please verify that the generated loop invariant is consistent with these constraints. If these specific pre- or post-conditions are not provided or empty, please infer the loop invariant strictly based on the program's execution logic and standard correctness.
In order to get a correct answer, You may want to consider both the situation of not entering the loop and the situation of jumping out of the loop. If some of the pre-conditions are also loop invariant, you need to add them to your answer as well.
Use '&&', '||', '==>', '\forall' or '\exists' if necessary. For instance:
```
loop invariant 1 <= x;
loop invariant x == y;
loop invariant 0 < x ==> y <= z;
loop invariant z % 2 == 1 || x == y;
loop invariant z % 2 == 1 && x <= y;
loop invariant \forall integer k;  0 <= k < i ==> max >=  a[k];
loop invariant \exists integer k;  0 <= k < i &&  max == a[k];
loop invariant \forall integer p; 0 <= p < \at(k, End_l) ==> res[p] == \at(res[p], End_l);
```
Your answer should follow the following format:
```
loop invariant ...;
loop invariant ...;
...
```
No explanation. No commentary. Just show me the loop invariant.
 /no_think
--------------------------
----------Response----------
[unused16][unused17]```
loop invariant n >= 1 || n == 0;
loop invariant \exists integer max; 0 <= max < n;
loop invariant \forall integer i; 0 <= i < n ==> a[i] <= a[max];
```
----------------------------
------------Invariant Info-----------
LOOP A:
i_0: n >= 1 || n == 0
i_1: \exists integer max; 0 <= max < n
i_2: \forall integer i; 0 <= i < n ==> a[i] <= a[max]
------------------------------------
---------- Code with Invariants ----------
/*@ requires n >= 0;
    requires \valid(a + (0..n-1));

    assigns \nothing;

    behavior empty:
      assumes n == 0;
      ensures e_1: \result == 0;
    behavior not_empty:
      assumes 0 < n;
      ensures e_2: 0 <= \result < n;
      ensures e_3: \forall integer i; 0 <= i < n ==> a[i] <= a[\result];
    complete behaviors;
    disjoint behaviors;
*/
int _max_seq(int *a, int n) {
    if (n == 0) {
        return 0;
    }
    int max = 0;

    // Loop A
    /*@
        loop invariant i_0: n >= 1 || n == 0;

        loop invariant i_1: \exists integer max; 0 <= max < n;

        loop invariant i_2: \forall integer i; 0 <= i < n ==> a[i] <= a[max];


        loop assigns max, i;
    */
    for (int i = 1; i < n; i++) {
        if (a[max] < a[i]) {
            max = i;
        }
    }
    return max;
}
------------------------------------------
Verification failed (Fail_14_16), removing all invariants and retrying.
========== Attempt 2 ==========
----------Prompt----------

/*@ requires n >= 0;
    requires \valid(a + (0..n-1));

    assigns \nothing;

    behavior empty:
      assumes n == 0;
      ensures e_1: \result == 0;
    behavior not_empty:
      assumes 0 < n;
      ensures e_2: 0 <= \result < n;
      ensures e_3: \forall integer i; 0 <= i < n ==> a[i] <= a[\result];
    complete behaviors;
    disjoint behaviors;
*/
int _max_seq(int *a, int n) {
    if (n == 0) {
        return 0;
    }
    int max = 0;

    // Loop A
    /*@
        [Hint] Please infer the loop invariant for the following loop.

        loop assigns max, i;
    */
    for (int i = 1; i < n; i++) {
        if (a[max] < a[i]) {
            max = i;
        }
    }
    return max;
}
You are an expert in program verification, and please generate loop invariant as C annotation comments at the hint location (annotated by "[Hint] Please infer the loop invariant for the following loop.") using ACSL language.
ACSL is a specification language for C programs that conforms to the design by contract paradigm, utilizing Hoare style pre- and postconditions and invariants. Note that the `loop invariant` clause is a condition that is true at the beginning and end of every loop iteration.
Specifically, for the current verification task:
    - Pre-condition: the function's `requires` clauses
    - Post-condition: e_1:\result == 0; e_2:0 <= \result < n; e_3:\forall integer i; 0 <= i < n ==> a[i] <= a[\result]; 
Please verify that the generated loop invariant is consistent with these constraints. If these specific pre- or post-conditions are not provided or empty, please infer the loop invariant strictly based on the program's execution logic and standard correctness.
In order to get a correct answer, You may want to consider both the situation of not entering the loop and the situation of jumping out of the loop. If some of the pre-conditions are also loop invariant, you need to add them to your answer as well.
Use '&&', '||', '==>', '\forall' or '\exists' if necessary. For instance:
```
loop invariant 1 <= x;
loop invariant x == y;
loop invariant 0 < x ==> y <= z;
loop invariant z % 2 == 1 || x == y;
loop invariant z % 2 == 1 && x <= y;
loop invariant \forall integer k;  0 <= k < i ==> max >=  a[k];
loop invariant \exists integer k;  0 <= k < i &&  max == a[k];
loop invariant \forall integer p; 0 <= p < \at(k, End_l) ==> res[p] == \at(res[p], End_l);
```
Your answer should follow the following format:
```
loop invariant ...;
loop invariant ...;
...
```
No explanation. No commentary. Just show me the loop invariant.
 /no_think
--------------------------
----------Response----------
[unused16][unused17]loop invariant 1 <= n && 0 <= max;
loop invariant 0 <= max < n;
loop invariant \forall integer i; 0 <= i < n ==> a[i] <= a[max];
loop invariant \exists integer k; 0 <= k < i && a[k] == max;
loop invariant \forall integer j; 0 <= j < i ==> a[j] <= a[max];
----------------------------
------------Invariant Info-----------
LOOP A:
i_3: 1 <= n && 0 <= max
i_4: 0 <= max < n
i_5: \forall integer i; 0 <= i < n ==> a[i] <= a[max]
i_6: \exists integer k; 0 <= k < i && a[k] == max
i_7: \forall integer j; 0 <= j < i ==> a[j] <= a[max]
------------------------------------
---------- Code with Invariants ----------
/*@ requires n >= 0;
    requires \valid(a + (0..n-1));

    assigns \nothing;

    behavior empty:
      assumes n == 0;
      ensures e_1: \result == 0;
    behavior not_empty:
      assumes 0 < n;
      ensures e_2: 0 <= \result < n;
      ensures e_3: \forall integer i; 0 <= i < n ==> a[i] <= a[\result];
    complete behaviors;
    disjoint behaviors;
*/
int _max_seq(int *a, int n) {
    if (n == 0) {
        return 0;
    }
    int max = 0;

    // Loop A
    /*@
        loop invariant i_3: 1 <= n && 0 <= max;

        loop invariant i_4: 0 <= max < n;

        loop invariant i_5: \forall integer i; 0 <= i < n ==> a[i] <= a[max];

        loop invariant i_6: \exists integer k; 0 <= k < i && a[k] == max;

        loop invariant i_7: \forall integer j; 0 <= j < i ==> a[j] <= a[max];


        loop assigns max, i;
    */
    for (int i = 1; i < n; i++) {
        if (a[max] < a[i]) {
            max = i;
        }
    }
    return max;
}
------------------------------------------
Verification failed (Fail_18_20), removing all invariants and retrying.
========== Attempt 3 ==========
----------Prompt----------

/*@ requires n >= 0;
    requires \valid(a + (0..n-1));

    assigns \nothing;

    behavior empty:
      assumes n == 0;
      ensures e_1: \result == 0;
    behavior not_empty:
      assumes 0 < n;
      ensures e_2: 0 <= \result < n;
      ensures e_3: \forall integer i; 0 <= i < n ==> a[i] <= a[\result];
    complete behaviors;
    disjoint behaviors;
*/
int _max_seq(int *a, int n) {
    if (n == 0) {
        return 0;
    }
    int max = 0;

    // Loop A
    /*@
        [Hint] Please infer the loop invariant for the following loop.

        loop assigns max, i;
    */
    for (int i = 1; i < n; i++) {
        if (a[max] < a[i]) {
            max = i;
        }
    }
    return max;
}
You are an expert in program verification, and please generate loop invariant as C annotation comments at the hint location (annotated by "[Hint] Please infer the loop invariant for the following loop.") using ACSL language.
ACSL is a specification language for C programs that conforms to the design by contract paradigm, utilizing Hoare style pre- and postconditions and invariants. Note that the `loop invariant` clause is a condition that is true at the beginning and end of every loop iteration.
Specifically, for the current verification task:
    - Pre-condition: the function's `requires` clauses
    - Post-condition: e_1:\result == 0; e_2:0 <= \result < n; e_3:\forall integer i; 0 <= i < n ==> a[i] <= a[\result]; 
Please verify that the generated loop invariant is consistent with these constraints. If these specific pre- or post-conditions are not provided or empty, please infer the loop invariant strictly based on the program's execution logic and standard correctness.
In order to get a correct answer, You may want to consider both the situation of not entering the loop and the situation of jumping out of the loop. If some of the pre-conditions are also loop invariant, you need to add them to your answer as well.
Use '&&', '||', '==>', '\forall' or '\exists' if necessary. For instance:
```
loop invariant 1 <= x;
loop invariant x == y;
loop invariant 0 < x ==> y <= z;
loop invariant z % 2 == 1 || x == y;
loop invariant z % 2 == 1 && x <= y;
loop invariant \forall integer k;  0 <= k < i ==> max >=  a[k];
loop invariant \exists integer k;  0 <= k < i &&  max == a[k];
loop invariant \forall integer p; 0 <= p < \at(k, End_l) ==> res[p] == \at(res[p], End_l);
```
Your answer should follow the following format:
```
loop invariant ...;
loop invariant ...;
...
```
No explanation. No commentary. Just show me the loop invariant.
 /no_think
--------------------------
----------Response----------
[unused16][unused17]```
loop invariant \exists integer max;  0 <= max < n;
```
----------------------------
------------Invariant Info-----------
LOOP A:
i_8: \exists integer max; 0 <= max < n
------------------------------------
---------- Code with Invariants ----------
/*@ requires n >= 0;
    requires \valid(a + (0..n-1));

    assigns \nothing;

    behavior empty:
      assumes n == 0;
      ensures e_1: \result == 0;
    behavior not_empty:
      assumes 0 < n;
      ensures e_2: 0 <= \result < n;
      ensures e_3: \forall integer i; 0 <= i < n ==> a[i] <= a[\result];
    complete behaviors;
    disjoint behaviors;
*/
int _max_seq(int *a, int n) {
    if (n == 0) {
        return 0;
    }
    int max = 0;

    // Loop A
    /*@
        loop invariant i_8: \exists integer max; 0 <= max < n;


        loop assigns max, i;
    */
    for (int i = 1; i < n; i++) {
        if (a[max] < a[i]) {
            max = i;
        }
    }
    return max;
}
------------------------------------------
Verification failed (Fail_10_12), removing all invariants and retrying.
========== Attempt 4 ==========
----------Prompt----------

/*@ requires n >= 0;
    requires \valid(a + (0..n-1));

    assigns \nothing;

    behavior empty:
      assumes n == 0;
      ensures e_1: \result == 0;
    behavior not_empty:
      assumes 0 < n;
      ensures e_2: 0 <= \result < n;
      ensures e_3: \forall integer i; 0 <= i < n ==> a[i] <= a[\result];
    complete behaviors;
    disjoint behaviors;
*/
int _max_seq(int *a, int n) {
    if (n == 0) {
        return 0;
    }
    int max = 0;

    // Loop A
    /*@
        [Hint] Please infer the loop invariant for the following loop.

        loop assigns max, i;
    */
    for (int i = 1; i < n; i++) {
        if (a[max] < a[i]) {
            max = i;
        }
    }
    return max;
}
You are an expert in program verification, and please generate loop invariant as C annotation comments at the hint location (annotated by "[Hint] Please infer the loop invariant for the following loop.") using ACSL language.
ACSL is a specification language for C programs that conforms to the design by contract paradigm, utilizing Hoare style pre- and postconditions and invariants. Note that the `loop invariant` clause is a condition that is true at the beginning and end of every loop iteration.
Specifically, for the current verification task:
    - Pre-condition: the function's `requires` clauses
    - Post-condition: e_1:\result == 0; e_2:0 <= \result < n; e_3:\forall integer i; 0 <= i < n ==> a[i] <= a[\result]; 
Please verify that the generated loop invariant is consistent with these constraints. If these specific pre- or post-conditions are not provided or empty, please infer the loop invariant strictly based on the program's execution logic and standard correctness.
In order to get a correct answer, You may want to consider both the situation of not entering the loop and the situation of jumping out of the loop. If some of the pre-conditions are also loop invariant, you need to add them to your answer as well.
Use '&&', '||', '==>', '\forall' or '\exists' if necessary. For instance:
```
loop invariant 1 <= x;
loop invariant x == y;
loop invariant 0 < x ==> y <= z;
loop invariant z % 2 == 1 || x == y;
loop invariant z % 2 == 1 && x <= y;
loop invariant \forall integer k;  0 <= k < i ==> max >=  a[k];
loop invariant \exists integer k;  0 <= k < i &&  max == a[k];
loop invariant \forall integer p; 0 <= p < \at(k, End_l) ==> res[p] == \at(res[p], End_l);
```
Your answer should follow the following format:
```
loop invariant ...;
loop invariant ...;
...
```
No explanation. No commentary. Just show me the loop invariant.
 /no_think
--------------------------
----------Response----------
[unused16][unused17]```
loop invariant \exists integer max; 0 <= max < n && a[max] <= a[\max];
```
----------------------------
------------Invariant Info-----------
LOOP A:
i_9: \exists integer max; 0 <= max < n && a[max] <= a[\max]
------------------------------------
---------- Code with Invariants ----------
/*@ requires n >= 0;
    requires \valid(a + (0..n-1));

    assigns \nothing;

    behavior empty:
      assumes n == 0;
      ensures e_1: \result == 0;
    behavior not_empty:
      assumes 0 < n;
      ensures e_2: 0 <= \result < n;
      ensures e_3: \forall integer i; 0 <= i < n ==> a[i] <= a[\result];
    complete behaviors;
    disjoint behaviors;
*/
int _max_seq(int *a, int n) {
    if (n == 0) {
        return 0;
    }
    int max = 0;

    // Loop A
    /*@
        loop invariant i_9: \exists integer max; 0 <= max < n && a[max] <= a[\max];


        loop assigns max, i;
    */
    for (int i = 1; i < n; i++) {
        if (a[max] < a[i]) {
            max = i;
        }
    }
    return max;
}
------------------------------------------
Verification failed (Invalid), removing all invariants and retrying.
========== Attempt 5 ==========
----------Prompt----------

/*@ requires n >= 0;
    requires \valid(a + (0..n-1));

    assigns \nothing;

    behavior empty:
      assumes n == 0;
      ensures e_1: \result == 0;
    behavior not_empty:
      assumes 0 < n;
      ensures e_2: 0 <= \result < n;
      ensures e_3: \forall integer i; 0 <= i < n ==> a[i] <= a[\result];
    complete behaviors;
    disjoint behaviors;
*/
int _max_seq(int *a, int n) {
    if (n == 0) {
        return 0;
    }
    int max = 0;

    // Loop A
    /*@
        [Hint] Please infer the loop invariant for the following loop.

        loop assigns max, i;
    */
    for (int i = 1; i < n; i++) {
        if (a[max] < a[i]) {
            max = i;
        }
    }
    return max;
}
You are an expert in program verification, and please generate loop invariant as C annotation comments at the hint location (annotated by "[Hint] Please infer the loop invariant for the following loop.") using ACSL language.
ACSL is a specification language for C programs that conforms to the design by contract paradigm, utilizing Hoare style pre- and postconditions and invariants. Note that the `loop invariant` clause is a condition that is true at the beginning and end of every loop iteration.
Specifically, for the current verification task:
    - Pre-condition: the function's `requires` clauses
    - Post-condition: e_1:\result == 0; e_2:0 <= \result < n; e_3:\forall integer i; 0 <= i < n ==> a[i] <= a[\result]; 
Please verify that the generated loop invariant is consistent with these constraints. If these specific pre- or post-conditions are not provided or empty, please infer the loop invariant strictly based on the program's execution logic and standard correctness.
In order to get a correct answer, You may want to consider both the situation of not entering the loop and the situation of jumping out of the loop. If some of the pre-conditions are also loop invariant, you need to add them to your answer as well.
Use '&&', '||', '==>', '\forall' or '\exists' if necessary. For instance:
```
loop invariant 1 <= x;
loop invariant x == y;
loop invariant 0 < x ==> y <= z;
loop invariant z % 2 == 1 || x == y;
loop invariant z % 2 == 1 && x <= y;
loop invariant \forall integer k;  0 <= k < i ==> max >=  a[k];
loop invariant \exists integer k;  0 <= k < i &&  max == a[k];
loop invariant \forall integer p; 0 <= p < \at(k, End_l) ==> res[p] == \at(res[p], End_l);
```
Your answer should follow the following format:
```
loop invariant ...;
loop invariant ...;
...
```
No explanation. No commentary. Just show me the loop invariant.
 /no_think
--------------------------
----------Response----------
[unused16][unused17]```
loop invariant \exists integer max; 0 <= max < n && a[max] == a[0];
loop invariant 0 <= max < n;
```
----------------------------
------------Invariant Info-----------
LOOP A:
i_10: \exists integer max; 0 <= max < n && a[max] == a[0]
i_11: 0 <= max < n
------------------------------------
---------- Code with Invariants ----------
/*@ requires n >= 0;
    requires \valid(a + (0..n-1));

    assigns \nothing;

    behavior empty:
      assumes n == 0;
      ensures e_1: \result == 0;
    behavior not_empty:
      assumes 0 < n;
      ensures e_2: 0 <= \result < n;
      ensures e_3: \forall integer i; 0 <= i < n ==> a[i] <= a[\result];
    complete behaviors;
    disjoint behaviors;
*/
int _max_seq(int *a, int n) {
    if (n == 0) {
        return 0;
    }
    int max = 0;

    // Loop A
    /*@
        loop invariant i_10: \exists integer max; 0 <= max < n && a[max] == a[0];

        loop invariant i_11: 0 <= max < n;


        loop assigns max, i;
    */
    for (int i = 1; i < n; i++) {
        if (a[max] < a[i]) {
            max = i;
        }
    }
    return max;
}
------------------------------------------
Verification failed (Fail_12_14), removing all invariants and retrying.
Verification failed: reached maximum attempts.
---------Result---------
Fail
Model: openPangu-Embedded-7B-V1.1
Running time: 79.53419303894043
Proposal number: 5
Verified code:

------------------------
