-----------Model-----------
Model type:
PanguEmbeddedForCausalLM(
  (model): PanguEmbeddedModel(
    (embed_tokens): Embedding(153376, 4096, padding_idx=0)
    (layers): ModuleList(
      (0-33): 34 x PanguEmbeddedDecoderLayer(
        (self_attn): PanguEmbeddedAttention(
          (q_proj): Linear(in_features=4096, out_features=4096, bias=True)
          (k_proj): Linear(in_features=4096, out_features=1024, bias=True)
          (v_proj): Linear(in_features=4096, out_features=1024, bias=True)
          (o_proj): Linear(in_features=4096, out_features=4096, bias=True)
        )
        (mlp): PanguEmbeddedMLP(
          (gate_proj): Linear(in_features=4096, out_features=12800, bias=False)
          (up_proj): Linear(in_features=4096, out_features=12800, bias=False)
          (down_proj): Linear(in_features=12800, out_features=4096, bias=False)
          (act_fn): SiLU()
        )
        (input_layernorm): PanguEmbeddedRMSNorm((4096,), eps=1e-05)
        (post_attention_layernorm): PanguEmbeddedRMSNorm((4096,), eps=1e-05)
      )
    )
    (norm): PanguEmbeddedRMSNorm((4096,), eps=1e-05)
    (rotary_emb): PanguEmbeddedRotaryEmbedding()
  )
  (lm_head): Linear(in_features=4096, out_features=153376, bias=False)
)
Model device:
npu:1
---------------------------
File Path: ../Benchmark/OOPSLA/oopsla_25.c
----------Code----------
#include <assert.h>
int unknown1();
int unknown2();
int unknown3();
int unknown4();

void oopsla_25(){
    int x = 0;
    int y = 0;
    int i = 0;
    int j = 0;

    /*@
        loop assigns y;
        loop assigns x;
        loop assigns j;
        loop assigns i;
    */
    while(unknown1()){

        /*@
            loop assigns j;
            loop assigns i;
        */
        while(unknown2()){
            if(x == y){
                i++;
            }
            else{
                j++;
            }
        }
        if(i >= j){
            x++;
            y++;
        }
        else{
            y++;
        }
    }

    //@ assert  a_1: i >= j;
}

------------------------
========== Attempt 1 ==========
----------Prompt----------

#include <assert.h>
int unknown1();
int unknown2();
int unknown3();
int unknown4();

void oopsla_25(){
    int x = 0;
    int y = 0;
    int i = 0;
    int j = 0;

    // Loop A
    /*@
        [Hint] Please infer the loop invariant for the following loop.

        loop assigns y;
        loop assigns x;
        loop assigns j;
        loop assigns i;
    */
    while(unknown1()){

        // Loop B
        /*@
            loop assigns j;
            loop assigns i;
        */
        while(unknown2()){
            if(x == y){
                i++;
            }
            else{
                j++;
            }
        }
        if(i >= j){
            x++;
            y++;
        }
        else{
            y++;
        }
    }

    //@ assert  a_1: i >= j;
}

You are an expert in program verification, and please generate loop invariant as C annotation comments at the hint location (annotated by "[Hint] Please infer the loop invariant for the following loop.") using ACSL language.
ACSL is a specification language for C programs that conforms to the design by contract paradigm, utilizing Hoare style pre- and postconditions and invariants. Note that the `loop invariant` clause is a condition that is true at the beginning and end of every loop iteration.
Specifically, for the current verification task:
    - Pre-condition: the function's `requires` clauses
    - Post-condition: 
Please verify that the generated loop invariant is consistent with these constraints. If these specific pre- or post-conditions are not provided or empty, please infer the loop invariant strictly based on the program's execution logic and standard correctness.
In order to get a correct answer, You may want to consider both the situation of not entering the loop and the situation of jumping out of the loop. If some of the pre-conditions are also loop invariant, you need to add them to your answer as well.
Use '&&', '||', '==>', '\forall' or '\exists' if necessary. For instance:
```
loop invariant 1 <= x;
loop invariant x == y;
loop invariant 0 < x ==> y <= z;
loop invariant z % 2 == 1 || x == y;
loop invariant z % 2 == 1 && x <= y;
loop invariant \forall integer k;  0 <= k < i ==> max >=  a[k];
loop invariant \exists integer k;  0 <= k < i &&  max == a[k];
loop invariant \forall integer p; 0 <= p < \at(k, End_l) ==> res[p] == \at(res[p], End_l);
```
Your answer should follow the following format:
```
loop invariant ...;
loop invariant ...;
...
```
No explanation. No commentary. Just show me the loop invariant.
 /no_think
--------------------------
----------Response----------
[unused16][unused17]loop invariant i >= j;
loop invariant i == j || x == y;
loop invariant i <= j && x >= y;
loop invariant x == y && i == j;
----------------------------
----------Prompt----------

#include <assert.h>
int unknown1();
int unknown2();
int unknown3();
int unknown4();

void oopsla_25(){
    int x = 0;
    int y = 0;
    int i = 0;
    int j = 0;

    // Loop A
    /*@
        loop invariant i_0: i >= j;

        loop invariant i_1: i == j || x == y;

        loop invariant i_2: i <= j && x >= y;

        loop invariant i_3: x == y && i == j;


        loop assigns y;
        loop assigns x;
        loop assigns j;
        loop assigns i;
    */
    while(unknown1()){

        // Loop B
        /*@
            [Hint] Please infer the loop invariant for the following loop.

            loop assigns j;
            loop assigns i;
        */
        while(unknown2()){
            if(x == y){
                i++;
            }
            else{
                j++;
            }
        }
        if(i >= j){
            x++;
            y++;
        }
        else{
            y++;
        }
    }

    //@ assert  a_1: i >= j;
}

You are an expert in program verification, and please generate loop invariant as C annotation comments at the hint location (annotated by "[Hint] Please infer the loop invariant for the following loop.") using ACSL language.
ACSL is a specification language for C programs that conforms to the design by contract paradigm, utilizing Hoare style pre- and postconditions and invariants. Note that the `loop invariant` clause is a condition that is true at the beginning and end of every loop iteration.
Specifically, for the current verification task:
    - Pre-condition: i_0:i >= j; i_1:i == j || x == y; i_2:i <= j && x >= y; i_3:x == y && i == j; 
    - Post-condition: i_0:i >= j; i_1:i == j || x == y; i_2:i <= j && x >= y; i_3:x == y && i == j; 
Please verify that the generated loop invariant is consistent with these constraints. If these specific pre- or post-conditions are not provided or empty, please infer the loop invariant strictly based on the program's execution logic and standard correctness.
In order to get a correct answer, You may want to consider both the situation of not entering the loop and the situation of jumping out of the loop. If some of the pre-conditions are also loop invariant, you need to add them to your answer as well.
Use '&&', '||', '==>', '\forall' or '\exists' if necessary. For instance:
```
loop invariant 1 <= x;
loop invariant x == y;
loop invariant 0 < x ==> y <= z;
loop invariant z % 2 == 1 || x == y;
loop invariant z % 2 == 1 && x <= y;
loop invariant \forall integer k;  0 <= k < i ==> max >=  a[k];
loop invariant \exists integer k;  0 <= k < i &&  max == a[k];
loop invariant \forall integer p; 0 <= p < \at(k, End_l) ==> res[p] == \at(res[p], End_l);
```
Your answer should follow the following format:
```
loop invariant ...;
loop invariant ...;
...
```
No explanation. No commentary. Just show me the loop invariant.
 /no_think
--------------------------
----------Response----------
[unused16][unused17][Loop <Loop B>]
loop invariant i >= j;

[Loop <Loop B>]
loop invariant i == j || x == y;
----------------------------
------------Invariant Info-----------
LOOP A:
i_0: i >= j
i_1: i == j || x == y
i_2: i <= j && x >= y
i_3: x == y && i == j
LOOP B:
i_4: i >= j
i_5: i == j || x == y
------------------------------------
---------- Code with Invariants ----------
#include <assert.h>
int unknown1();
int unknown2();
int unknown3();
int unknown4();

void oopsla_25(){
    int x = 0;
    int y = 0;
    int i = 0;
    int j = 0;

    // Loop A
    /*@
        loop invariant i_0: i >= j;

        loop invariant i_1: i == j || x == y;

        loop invariant i_2: i <= j && x >= y;

        loop invariant i_3: x == y && i == j;


        loop assigns y;
        loop assigns x;
        loop assigns j;
        loop assigns i;
    */
    while(unknown1()){

        // Loop B
        /*@
            loop invariant i_4: i >= j;

            loop invariant i_5: i == j || x == y;


            loop assigns j;
            loop assigns i;
        */
        while(unknown2()){
            if(x == y){
                i++;
            }
            else{
                j++;
            }
        }
        if(i >= j){
            x++;
            y++;
        }
        else{
            y++;
        }
    }

    //@ assert  a_1: i >= j;
}

------------------------------------------
Verification failed (Fail_18_19), removing all invariants and retrying.
========== Attempt 2 ==========
----------Prompt----------

#include <assert.h>
int unknown1();
int unknown2();
int unknown3();
int unknown4();

void oopsla_25(){
    int x = 0;
    int y = 0;
    int i = 0;
    int j = 0;

    // Loop A
    /*@
        [Hint] Please infer the loop invariant for the following loop.

        loop assigns y;
        loop assigns x;
        loop assigns j;
        loop assigns i;
    */
    while(unknown1()){

        // Loop B
        /*@
            loop assigns j;
            loop assigns i;
        */
        while(unknown2()){
            if(x == y){
                i++;
            }
            else{
                j++;
            }
        }
        if(i >= j){
            x++;
            y++;
        }
        else{
            y++;
        }
    }

    //@ assert  a_1: i >= j;
}

You are an expert in program verification, and please generate loop invariant as C annotation comments at the hint location (annotated by "[Hint] Please infer the loop invariant for the following loop.") using ACSL language.
ACSL is a specification language for C programs that conforms to the design by contract paradigm, utilizing Hoare style pre- and postconditions and invariants. Note that the `loop invariant` clause is a condition that is true at the beginning and end of every loop iteration.
Specifically, for the current verification task:
    - Pre-condition: the function's `requires` clauses
    - Post-condition: 
Please verify that the generated loop invariant is consistent with these constraints. If these specific pre- or post-conditions are not provided or empty, please infer the loop invariant strictly based on the program's execution logic and standard correctness.
In order to get a correct answer, You may want to consider both the situation of not entering the loop and the situation of jumping out of the loop. If some of the pre-conditions are also loop invariant, you need to add them to your answer as well.
Use '&&', '||', '==>', '\forall' or '\exists' if necessary. For instance:
```
loop invariant 1 <= x;
loop invariant x == y;
loop invariant 0 < x ==> y <= z;
loop invariant z % 2 == 1 || x == y;
loop invariant z % 2 == 1 && x <= y;
loop invariant \forall integer k;  0 <= k < i ==> max >=  a[k];
loop invariant \exists integer k;  0 <= k < i &&  max == a[k];
loop invariant \forall integer p; 0 <= p < \at(k, End_l) ==> res[p] == \at(res[p], End_l);
```
Your answer should follow the following format:
```
loop invariant ...;
loop invariant ...;
...
```
No explanation. No commentary. Just show me the loop invariant.
 /no_think
--------------------------
----------Response----------
[unused16][unused17][Loop <Loop A>]
loop invariant i >= 0 && j >= 0;
loop invariant x == y || i == j;

[Loop <Loop B>]
loop invariant x == y || i == j;
loop invariant i >= 0 && j >= 0;
----------------------------
----------Prompt----------

#include <assert.h>
int unknown1();
int unknown2();
int unknown3();
int unknown4();

void oopsla_25(){
    int x = 0;
    int y = 0;
    int i = 0;
    int j = 0;

    // Loop A
    /*@
        loop invariant i_6: i >= 0 && j >= 0;

        loop invariant i_7: x == y || i == j;


        loop assigns y;
        loop assigns x;
        loop assigns j;
        loop assigns i;
    */
    while(unknown1()){

        // Loop B
        /*@
            [Hint] Please infer the loop invariant for the following loop.

            loop assigns j;
            loop assigns i;
        */
        while(unknown2()){
            if(x == y){
                i++;
            }
            else{
                j++;
            }
        }
        if(i >= j){
            x++;
            y++;
        }
        else{
            y++;
        }
    }

    //@ assert  a_1: i >= j;
}

You are an expert in program verification, and please generate loop invariant as C annotation comments at the hint location (annotated by "[Hint] Please infer the loop invariant for the following loop.") using ACSL language.
ACSL is a specification language for C programs that conforms to the design by contract paradigm, utilizing Hoare style pre- and postconditions and invariants. Note that the `loop invariant` clause is a condition that is true at the beginning and end of every loop iteration.
Specifically, for the current verification task:
    - Pre-condition: i_6:i >= 0 && j >= 0; i_7:x == y || i == j; 
    - Post-condition: i_6:i >= 0 && j >= 0; i_7:x == y || i == j; 
Please verify that the generated loop invariant is consistent with these constraints. If these specific pre- or post-conditions are not provided or empty, please infer the loop invariant strictly based on the program's execution logic and standard correctness.
In order to get a correct answer, You may want to consider both the situation of not entering the loop and the situation of jumping out of the loop. If some of the pre-conditions are also loop invariant, you need to add them to your answer as well.
Use '&&', '||', '==>', '\forall' or '\exists' if necessary. For instance:
```
loop invariant 1 <= x;
loop invariant x == y;
loop invariant 0 < x ==> y <= z;
loop invariant z % 2 == 1 || x == y;
loop invariant z % 2 == 1 && x <= y;
loop invariant \forall integer k;  0 <= k < i ==> max >=  a[k];
loop invariant \exists integer k;  0 <= k < i &&  max == a[k];
loop invariant \forall integer p; 0 <= p < \at(k, End_l) ==> res[p] == \at(res[p], End_l);
```
Your answer should follow the following format:
```
loop invariant ...;
loop invariant ...;
...
```
No explanation. No commentary. Just show me the loop invariant.
 /no_think
--------------------------
----------Response----------
[unused16][unused17]loop invariant i >= 0 && j >= 0 && x == y || i == j;
loop invariant i >= 0 && j >= 0 && x == y || i == j;
----------------------------
------------Invariant Info-----------
LOOP A:
i_6: i >= 0 && j >= 0
i_7: x == y || i == j
LOOP B:
i_8: i >= 0 && j >= 0 && x == y || i == j
------------------------------------
---------- Code with Invariants ----------
#include <assert.h>
int unknown1();
int unknown2();
int unknown3();
int unknown4();

void oopsla_25(){
    int x = 0;
    int y = 0;
    int i = 0;
    int j = 0;

    // Loop A
    /*@
        loop invariant i_6: i >= 0 && j >= 0;

        loop invariant i_7: x == y || i == j;


        loop assigns y;
        loop assigns x;
        loop assigns j;
        loop assigns i;
    */
    while(unknown1()){

        // Loop B
        /*@
            loop invariant i_8: i >= 0 && j >= 0 && x == y || i == j;


            loop assigns j;
            loop assigns i;
        */
        while(unknown2()){
            if(x == y){
                i++;
            }
            else{
                j++;
            }
        }
        if(i >= j){
            x++;
            y++;
        }
        else{
            y++;
        }
    }

    //@ assert  a_1: i >= j;
}

------------------------------------------
Verification failed (Fail_9_13), removing all invariants and retrying.
========== Attempt 3 ==========
----------Prompt----------

#include <assert.h>
int unknown1();
int unknown2();
int unknown3();
int unknown4();

void oopsla_25(){
    int x = 0;
    int y = 0;
    int i = 0;
    int j = 0;

    // Loop A
    /*@
        [Hint] Please infer the loop invariant for the following loop.

        loop assigns y;
        loop assigns x;
        loop assigns j;
        loop assigns i;
    */
    while(unknown1()){

        // Loop B
        /*@
            loop assigns j;
            loop assigns i;
        */
        while(unknown2()){
            if(x == y){
                i++;
            }
            else{
                j++;
            }
        }
        if(i >= j){
            x++;
            y++;
        }
        else{
            y++;
        }
    }

    //@ assert  a_1: i >= j;
}

You are an expert in program verification, and please generate loop invariant as C annotation comments at the hint location (annotated by "[Hint] Please infer the loop invariant for the following loop.") using ACSL language.
ACSL is a specification language for C programs that conforms to the design by contract paradigm, utilizing Hoare style pre- and postconditions and invariants. Note that the `loop invariant` clause is a condition that is true at the beginning and end of every loop iteration.
Specifically, for the current verification task:
    - Pre-condition: the function's `requires` clauses
    - Post-condition: 
Please verify that the generated loop invariant is consistent with these constraints. If these specific pre- or post-conditions are not provided or empty, please infer the loop invariant strictly based on the program's execution logic and standard correctness.
In order to get a correct answer, You may want to consider both the situation of not entering the loop and the situation of jumping out of the loop. If some of the pre-conditions are also loop invariant, you need to add them to your answer as well.
Use '&&', '||', '==>', '\forall' or '\exists' if necessary. For instance:
```
loop invariant 1 <= x;
loop invariant x == y;
loop invariant 0 < x ==> y <= z;
loop invariant z % 2 == 1 || x == y;
loop invariant z % 2 == 1 && x <= y;
loop invariant \forall integer k;  0 <= k < i ==> max >=  a[k];
loop invariant \exists integer k;  0 <= k < i &&  max == a[k];
loop invariant \forall integer p; 0 <= p < \at(k, End_l) ==> res[p] == \at(res[p], End_l);
```
Your answer should follow the following format:
```
loop invariant ...;
loop invariant ...;
...
```
No explanation. No commentary. Just show me the loop invariant.
 /no_think
--------------------------
----------Response----------
[unused16][unused17]```
loop invariant i == 0 && j == 0;
loop invariant x == y;
loop invariant i <= j;
```
----------------------------
----------Prompt----------

#include <assert.h>
int unknown1();
int unknown2();
int unknown3();
int unknown4();

void oopsla_25(){
    int x = 0;
    int y = 0;
    int i = 0;
    int j = 0;

    // Loop A
    /*@
        loop invariant i_9: i == 0 && j == 0;

        loop invariant i_10: x == y;

        loop invariant i_11: i <= j;


        loop assigns y;
        loop assigns x;
        loop assigns j;
        loop assigns i;
    */
    while(unknown1()){

        // Loop B
        /*@
            [Hint] Please infer the loop invariant for the following loop.

            loop assigns j;
            loop assigns i;
        */
        while(unknown2()){
            if(x == y){
                i++;
            }
            else{
                j++;
            }
        }
        if(i >= j){
            x++;
            y++;
        }
        else{
            y++;
        }
    }

    //@ assert  a_1: i >= j;
}

You are an expert in program verification, and please generate loop invariant as C annotation comments at the hint location (annotated by "[Hint] Please infer the loop invariant for the following loop.") using ACSL language.
ACSL is a specification language for C programs that conforms to the design by contract paradigm, utilizing Hoare style pre- and postconditions and invariants. Note that the `loop invariant` clause is a condition that is true at the beginning and end of every loop iteration.
Specifically, for the current verification task:
    - Pre-condition: i_9:i == 0 && j == 0; i_10:x == y; i_11:i <= j; 
    - Post-condition: i_9:i == 0 && j == 0; i_10:x == y; i_11:i <= j; 
Please verify that the generated loop invariant is consistent with these constraints. If these specific pre- or post-conditions are not provided or empty, please infer the loop invariant strictly based on the program's execution logic and standard correctness.
In order to get a correct answer, You may want to consider both the situation of not entering the loop and the situation of jumping out of the loop. If some of the pre-conditions are also loop invariant, you need to add them to your answer as well.
Use '&&', '||', '==>', '\forall' or '\exists' if necessary. For instance:
```
loop invariant 1 <= x;
loop invariant x == y;
loop invariant 0 < x ==> y <= z;
loop invariant z % 2 == 1 || x == y;
loop invariant z % 2 == 1 && x <= y;
loop invariant \forall integer k;  0 <= k < i ==> max >=  a[k];
loop invariant \exists integer k;  0 <= k < i &&  max == a[k];
loop invariant \forall integer p; 0 <= p < \at(k, End_l) ==> res[p] == \at(res[p], End_l);
```
Your answer should follow the following format:
```
loop invariant ...;
loop invariant ...;
...
```
No explanation. No commentary. Just show me the loop invariant.
 /no_think
--------------------------
----------Response----------
[unused16][unused17]loop invariant i == 0 && j == 0;
loop invariant x == y;
loop invariant i <= j;
```
// Loop B
loop invariant i == 0 && j == 0;
loop invariant x == y;
loop invariant i <= j;
```


```
loop invariant i == 0 && j == 0;
loop invariant x == y;
loop invariant i <= j;
```
----------------------------
------------Invariant Info-----------
LOOP A:
i_9: i == 0 && j == 0
i_10: x == y
i_11: i <= j
LOOP B:
i_12: i == 0 && j == 0
i_13: x == y
i_14: i <= j
------------------------------------
---------- Code with Invariants ----------
#include <assert.h>
int unknown1();
int unknown2();
int unknown3();
int unknown4();

void oopsla_25(){
    int x = 0;
    int y = 0;
    int i = 0;
    int j = 0;

    // Loop A
    /*@
        loop invariant i_9: i == 0 && j == 0;

        loop invariant i_10: x == y;

        loop invariant i_11: i <= j;


        loop assigns y;
        loop assigns x;
        loop assigns j;
        loop assigns i;
    */
    while(unknown1()){

        // Loop B
        /*@
            loop invariant i_12: i == 0 && j == 0;

            loop invariant i_13: x == y;

            loop invariant i_14: i <= j;


            loop assigns j;
            loop assigns i;
        */
        while(unknown2()){
            if(x == y){
                i++;
            }
            else{
                j++;
            }
        }
        if(i >= j){
            x++;
            y++;
        }
        else{
            y++;
        }
    }

    //@ assert  a_1: i >= j;
}

------------------------------------------
Verification failed (Fail_18_19), removing all invariants and retrying.
========== Attempt 4 ==========
----------Prompt----------

#include <assert.h>
int unknown1();
int unknown2();
int unknown3();
int unknown4();

void oopsla_25(){
    int x = 0;
    int y = 0;
    int i = 0;
    int j = 0;

    // Loop A
    /*@
        [Hint] Please infer the loop invariant for the following loop.

        loop assigns y;
        loop assigns x;
        loop assigns j;
        loop assigns i;
    */
    while(unknown1()){

        // Loop B
        /*@
            loop assigns j;
            loop assigns i;
        */
        while(unknown2()){
            if(x == y){
                i++;
            }
            else{
                j++;
            }
        }
        if(i >= j){
            x++;
            y++;
        }
        else{
            y++;
        }
    }

    //@ assert  a_1: i >= j;
}

You are an expert in program verification, and please generate loop invariant as C annotation comments at the hint location (annotated by "[Hint] Please infer the loop invariant for the following loop.") using ACSL language.
ACSL is a specification language for C programs that conforms to the design by contract paradigm, utilizing Hoare style pre- and postconditions and invariants. Note that the `loop invariant` clause is a condition that is true at the beginning and end of every loop iteration.
Specifically, for the current verification task:
    - Pre-condition: the function's `requires` clauses
    - Post-condition: 
Please verify that the generated loop invariant is consistent with these constraints. If these specific pre- or post-conditions are not provided or empty, please infer the loop invariant strictly based on the program's execution logic and standard correctness.
In order to get a correct answer, You may want to consider both the situation of not entering the loop and the situation of jumping out of the loop. If some of the pre-conditions are also loop invariant, you need to add them to your answer as well.
Use '&&', '||', '==>', '\forall' or '\exists' if necessary. For instance:
```
loop invariant 1 <= x;
loop invariant x == y;
loop invariant 0 < x ==> y <= z;
loop invariant z % 2 == 1 || x == y;
loop invariant z % 2 == 1 && x <= y;
loop invariant \forall integer k;  0 <= k < i ==> max >=  a[k];
loop invariant \exists integer k;  0 <= k < i &&  max == a[k];
loop invariant \forall integer p; 0 <= p < \at(k, End_l) ==> res[p] == \at(res[p], End_l);
```
Your answer should follow the following format:
```
loop invariant ...;
loop invariant ...;
...
```
No explanation. No commentary. Just show me the loop invariant.
 /no_think
--------------------------
----------Response----------
[unused16][unused17][Loop <Loop A>]
loop invariant i == 0 && j == 0 && x == y;

[Loop <Loop B>]
loop invariant i <= j && x <= y;
----------------------------
----------Prompt----------

#include <assert.h>
int unknown1();
int unknown2();
int unknown3();
int unknown4();

void oopsla_25(){
    int x = 0;
    int y = 0;
    int i = 0;
    int j = 0;

    // Loop A
    /*@
        loop invariant i_15: i == 0 && j == 0 && x == y;

        loop invariant i_16: i <= j && x <= y;


        loop assigns y;
        loop assigns x;
        loop assigns j;
        loop assigns i;
    */
    while(unknown1()){

        // Loop B
        /*@
            [Hint] Please infer the loop invariant for the following loop.

            loop assigns j;
            loop assigns i;
        */
        while(unknown2()){
            if(x == y){
                i++;
            }
            else{
                j++;
            }
        }
        if(i >= j){
            x++;
            y++;
        }
        else{
            y++;
        }
    }

    //@ assert  a_1: i >= j;
}

You are an expert in program verification, and please generate loop invariant as C annotation comments at the hint location (annotated by "[Hint] Please infer the loop invariant for the following loop.") using ACSL language.
ACSL is a specification language for C programs that conforms to the design by contract paradigm, utilizing Hoare style pre- and postconditions and invariants. Note that the `loop invariant` clause is a condition that is true at the beginning and end of every loop iteration.
Specifically, for the current verification task:
    - Pre-condition: i_15:i == 0 && j == 0 && x == y; i_16:i <= j && x <= y; 
    - Post-condition: i_15:i == 0 && j == 0 && x == y; i_16:i <= j && x <= y; 
Please verify that the generated loop invariant is consistent with these constraints. If these specific pre- or post-conditions are not provided or empty, please infer the loop invariant strictly based on the program's execution logic and standard correctness.
In order to get a correct answer, You may want to consider both the situation of not entering the loop and the situation of jumping out of the loop. If some of the pre-conditions are also loop invariant, you need to add them to your answer as well.
Use '&&', '||', '==>', '\forall' or '\exists' if necessary. For instance:
```
loop invariant 1 <= x;
loop invariant x == y;
loop invariant 0 < x ==> y <= z;
loop invariant z % 2 == 1 || x == y;
loop invariant z % 2 == 1 && x <= y;
loop invariant \forall integer k;  0 <= k < i ==> max >=  a[k];
loop invariant \exists integer k;  0 <= k < i &&  max == a[k];
loop invariant \forall integer p; 0 <= p < \at(k, End_l) ==> res[p] == \at(res[p], End_l);
```
Your answer should follow the following format:
```
loop invariant ...;
loop invariant ...;
...
```
No explanation. No commentary. Just show me the loop invariant.
 /no_think
--------------------------
----------Response----------
[unused16][unused17][Loop <Loop A>]
loop invariant i == 0 && j == 0 && x == y;

[Loop <Loop B>]
loop invariant i <= j && x <= y;

[Loop <oopsla_25>] 
i == 0 && j == 0 && x == y && i <= j && x <= y;
----------------------------
------------Invariant Info-----------
LOOP A:
i_15: i == 0 && j == 0 && x == y
i_16: i <= j && x <= y
LOOP B:
i_17: i == 0 && j == 0 && x == y
i_18: i <= j && x <= y
------------------------------------
---------- Code with Invariants ----------
#include <assert.h>
int unknown1();
int unknown2();
int unknown3();
int unknown4();

void oopsla_25(){
    int x = 0;
    int y = 0;
    int i = 0;
    int j = 0;

    // Loop A
    /*@
        loop invariant i_15: i == 0 && j == 0 && x == y;

        loop invariant i_16: i <= j && x <= y;


        loop assigns y;
        loop assigns x;
        loop assigns j;
        loop assigns i;
    */
    while(unknown1()){

        // Loop B
        /*@
            loop invariant i_17: i == 0 && j == 0 && x == y;

            loop invariant i_18: i <= j && x <= y;


            loop assigns j;
            loop assigns i;
        */
        while(unknown2()){
            if(x == y){
                i++;
            }
            else{
                j++;
            }
        }
        if(i >= j){
            x++;
            y++;
        }
        else{
            y++;
        }
    }

    //@ assert  a_1: i >= j;
}

------------------------------------------
Verification failed (Fail_14_15), removing all invariants and retrying.
========== Attempt 5 ==========
----------Prompt----------

#include <assert.h>
int unknown1();
int unknown2();
int unknown3();
int unknown4();

void oopsla_25(){
    int x = 0;
    int y = 0;
    int i = 0;
    int j = 0;

    // Loop A
    /*@
        [Hint] Please infer the loop invariant for the following loop.

        loop assigns y;
        loop assigns x;
        loop assigns j;
        loop assigns i;
    */
    while(unknown1()){

        // Loop B
        /*@
            loop assigns j;
            loop assigns i;
        */
        while(unknown2()){
            if(x == y){
                i++;
            }
            else{
                j++;
            }
        }
        if(i >= j){
            x++;
            y++;
        }
        else{
            y++;
        }
    }

    //@ assert  a_1: i >= j;
}

You are an expert in program verification, and please generate loop invariant as C annotation comments at the hint location (annotated by "[Hint] Please infer the loop invariant for the following loop.") using ACSL language.
ACSL is a specification language for C programs that conforms to the design by contract paradigm, utilizing Hoare style pre- and postconditions and invariants. Note that the `loop invariant` clause is a condition that is true at the beginning and end of every loop iteration.
Specifically, for the current verification task:
    - Pre-condition: the function's `requires` clauses
    - Post-condition: 
Please verify that the generated loop invariant is consistent with these constraints. If these specific pre- or post-conditions are not provided or empty, please infer the loop invariant strictly based on the program's execution logic and standard correctness.
In order to get a correct answer, You may want to consider both the situation of not entering the loop and the situation of jumping out of the loop. If some of the pre-conditions are also loop invariant, you need to add them to your answer as well.
Use '&&', '||', '==>', '\forall' or '\exists' if necessary. For instance:
```
loop invariant 1 <= x;
loop invariant x == y;
loop invariant 0 < x ==> y <= z;
loop invariant z % 2 == 1 || x == y;
loop invariant z % 2 == 1 && x <= y;
loop invariant \forall integer k;  0 <= k < i ==> max >=  a[k];
loop invariant \exists integer k;  0 <= k < i &&  max == a[k];
loop invariant \forall integer p; 0 <= p < \at(k, End_l) ==> res[p] == \at(res[p], End_l);
```
Your answer should follow the following format:
```
loop invariant ...;
loop invariant ...;
...
```
No explanation. No commentary. Just show me the loop invariant.
 /no_think
--------------------------
----------Response----------
[unused16][unused17]loop invariant i == j;
loop invariant x == y && i == j;
loop invariant i >= j;
loop invariant i <= j;
loop invariant i >= j && x == y;
```
----------------------------
----------Prompt----------

#include <assert.h>
int unknown1();
int unknown2();
int unknown3();
int unknown4();

void oopsla_25(){
    int x = 0;
    int y = 0;
    int i = 0;
    int j = 0;

    // Loop A
    /*@
        loop invariant i_19: i == j;

        loop invariant i_20: x == y && i == j;

        loop invariant i_21: i >= j;

        loop invariant i_22: i <= j;

        loop invariant i_23: i >= j && x == y;


        loop assigns y;
        loop assigns x;
        loop assigns j;
        loop assigns i;
    */
    while(unknown1()){

        // Loop B
        /*@
            [Hint] Please infer the loop invariant for the following loop.

            loop assigns j;
            loop assigns i;
        */
        while(unknown2()){
            if(x == y){
                i++;
            }
            else{
                j++;
            }
        }
        if(i >= j){
            x++;
            y++;
        }
        else{
            y++;
        }
    }

    //@ assert  a_1: i >= j;
}

You are an expert in program verification, and please generate loop invariant as C annotation comments at the hint location (annotated by "[Hint] Please infer the loop invariant for the following loop.") using ACSL language.
ACSL is a specification language for C programs that conforms to the design by contract paradigm, utilizing Hoare style pre- and postconditions and invariants. Note that the `loop invariant` clause is a condition that is true at the beginning and end of every loop iteration.
Specifically, for the current verification task:
    - Pre-condition: i_19:i == j; i_20:x == y && i == j; i_21:i >= j; i_22:i <= j; i_23:i >= j && x == y; 
    - Post-condition: i_19:i == j; i_20:x == y && i == j; i_21:i >= j; i_22:i <= j; i_23:i >= j && x == y; 
Please verify that the generated loop invariant is consistent with these constraints. If these specific pre- or post-conditions are not provided or empty, please infer the loop invariant strictly based on the program's execution logic and standard correctness.
In order to get a correct answer, You may want to consider both the situation of not entering the loop and the situation of jumping out of the loop. If some of the pre-conditions are also loop invariant, you need to add them to your answer as well.
Use '&&', '||', '==>', '\forall' or '\exists' if necessary. For instance:
```
loop invariant 1 <= x;
loop invariant x == y;
loop invariant 0 < x ==> y <= z;
loop invariant z % 2 == 1 || x == y;
loop invariant z % 2 == 1 && x <= y;
loop invariant \forall integer k;  0 <= k < i ==> max >=  a[k];
loop invariant \exists integer k;  0 <= k < i &&  max == a[k];
loop invariant \forall integer p; 0 <= p < \at(k, End_l) ==> res[p] == \at(res[p], End_l);
```
Your answer should follow the following format:
```
loop invariant ...;
loop invariant ...;
...
```
No explanation. No commentary. Just show me the loop invariant.
 /no_think
--------------------------
----------Response----------
[unused16][unused17][Loop <Loop A>]
loop invariant i == j;

loop invariant x == y && i == j;

loop invariant i >= j;

loop invariant i <= j;

loop invariant i >= j && x == y;

[Loop <Loop B>]
loop invariant i == j;

[Loop <Loop B>]
loop invariant i == j;
----------------------------
------------Invariant Info-----------
LOOP A:
i_19: i == j
i_20: x == y && i == j
i_21: i >= j
i_22: i <= j
i_23: i >= j && x == y
LOOP B:
i_24: i == j
i_25: x == y && i == j
i_26: i >= j
i_27: i <= j
i_28: i >= j && x == y
------------------------------------
---------- Code with Invariants ----------
#include <assert.h>
int unknown1();
int unknown2();
int unknown3();
int unknown4();

void oopsla_25(){
    int x = 0;
    int y = 0;
    int i = 0;
    int j = 0;

    // Loop A
    /*@
        loop invariant i_19: i == j;

        loop invariant i_20: x == y && i == j;

        loop invariant i_21: i >= j;

        loop invariant i_22: i <= j;

        loop invariant i_23: i >= j && x == y;


        loop assigns y;
        loop assigns x;
        loop assigns j;
        loop assigns i;
    */
    while(unknown1()){

        // Loop B
        /*@
            loop invariant i_24: i == j;

            loop invariant i_25: x == y && i == j;

            loop invariant i_26: i >= j;

            loop invariant i_27: i <= j;

            loop invariant i_28: i >= j && x == y;


            loop assigns j;
            loop assigns i;
        */
        while(unknown2()){
            if(x == y){
                i++;
            }
            else{
                j++;
            }
        }
        if(i >= j){
            x++;
            y++;
        }
        else{
            y++;
        }
    }

    //@ assert  a_1: i >= j;
}

------------------------------------------
Verification failed (Fail_26_27), removing all invariants and retrying.
Verification failed: reached maximum attempts.
---------Result---------
Fail
Model: openPangu-Embedded-7B-V1.1
Running time: 130.414568901062
Proposal number: 5
Verified code:

------------------------
